[2026-03-09T00:00:01.209+0000] {processor.py:161} INFO - Started process (PID=245) to work on /home/airflow/.local/lib/python3.8/site-packages/airflow/example_dags/example_python_decorator.py
[2026-03-09T00:00:01.214+0000] {processor.py:830} INFO - Processing file /home/airflow/.local/lib/python3.8/site-packages/airflow/example_dags/example_python_decorator.py for tasks to queue
[2026-03-09T00:00:01.228+0000] {logging_mixin.py:188} INFO - [2026-03-09T00:00:01.226+0000] {dagbag.py:540} INFO - Filling up the DagBag from /home/airflow/.local/lib/python3.8/site-packages/airflow/example_dags/example_python_decorator.py
[2026-03-09T00:00:01.333+0000] {processor.py:840} INFO - DAG(s) 'example_python_decorator' retrieved from /home/airflow/.local/lib/python3.8/site-packages/airflow/example_dags/example_python_decorator.py
[2026-03-09T00:00:02.244+0000] {logging_mixin.py:188} INFO - [2026-03-09T00:00:02.243+0000] {dag.py:3047} INFO - Sync 1 DAGs
[2026-03-09T00:00:02.311+0000] {logging_mixin.py:188} INFO - [2026-03-09T00:00:02.309+0000] {dag.py:3834} INFO - Setting next_dagrun for example_python_decorator to None, run_after=None
[2026-03-09T00:00:02.442+0000] {processor.py:183} INFO - Processing /home/airflow/.local/lib/python3.8/site-packages/airflow/example_dags/example_python_decorator.py took 1.263 seconds
[2026-03-09T00:00:32.837+0000] {processor.py:161} INFO - Started process (PID=300) to work on /home/airflow/.local/lib/python3.8/site-packages/airflow/example_dags/example_python_decorator.py
[2026-03-09T00:00:32.841+0000] {processor.py:830} INFO - Processing file /home/airflow/.local/lib/python3.8/site-packages/airflow/example_dags/example_python_decorator.py for tasks to queue
[2026-03-09T00:00:32.853+0000] {logging_mixin.py:188} INFO - [2026-03-09T00:00:32.852+0000] {dagbag.py:540} INFO - Filling up the DagBag from /home/airflow/.local/lib/python3.8/site-packages/airflow/example_dags/example_python_decorator.py
[2026-03-09T00:00:32.915+0000] {processor.py:840} INFO - DAG(s) 'example_python_decorator' retrieved from /home/airflow/.local/lib/python3.8/site-packages/airflow/example_dags/example_python_decorator.py
[2026-03-09T00:00:33.018+0000] {logging_mixin.py:188} INFO - [2026-03-09T00:00:33.018+0000] {dag.py:3047} INFO - Sync 1 DAGs
[2026-03-09T00:00:33.054+0000] {logging_mixin.py:188} INFO - [2026-03-09T00:00:33.054+0000] {dag.py:3834} INFO - Setting next_dagrun for example_python_decorator to None, run_after=None
[2026-03-09T00:00:33.130+0000] {processor.py:183} INFO - Processing /home/airflow/.local/lib/python3.8/site-packages/airflow/example_dags/example_python_decorator.py took 0.310 seconds
[2026-03-09T00:01:07.345+0000] {processor.py:161} INFO - Started process (PID=355) to work on /home/airflow/.local/lib/python3.8/site-packages/airflow/example_dags/example_python_decorator.py
[2026-03-09T00:01:07.363+0000] {processor.py:830} INFO - Processing file /home/airflow/.local/lib/python3.8/site-packages/airflow/example_dags/example_python_decorator.py for tasks to queue
[2026-03-09T00:01:07.398+0000] {logging_mixin.py:188} INFO - [2026-03-09T00:01:07.391+0000] {dagbag.py:540} INFO - Filling up the DagBag from /home/airflow/.local/lib/python3.8/site-packages/airflow/example_dags/example_python_decorator.py
[2026-03-09T00:01:07.664+0000] {processor.py:840} INFO - DAG(s) 'example_python_decorator' retrieved from /home/airflow/.local/lib/python3.8/site-packages/airflow/example_dags/example_python_decorator.py
[2026-03-09T00:01:07.884+0000] {logging_mixin.py:188} INFO - [2026-03-09T00:01:07.884+0000] {dag.py:3047} INFO - Sync 1 DAGs
[2026-03-09T00:01:07.981+0000] {logging_mixin.py:188} INFO - [2026-03-09T00:01:07.980+0000] {dag.py:3834} INFO - Setting next_dagrun for example_python_decorator to None, run_after=None
[2026-03-09T00:01:08.222+0000] {processor.py:183} INFO - Processing /home/airflow/.local/lib/python3.8/site-packages/airflow/example_dags/example_python_decorator.py took 0.917 seconds
[2026-03-09T00:01:39.253+0000] {processor.py:161} INFO - Started process (PID=409) to work on /home/airflow/.local/lib/python3.8/site-packages/airflow/example_dags/example_python_decorator.py
[2026-03-09T00:01:39.259+0000] {processor.py:830} INFO - Processing file /home/airflow/.local/lib/python3.8/site-packages/airflow/example_dags/example_python_decorator.py for tasks to queue
[2026-03-09T00:01:39.274+0000] {logging_mixin.py:188} INFO - [2026-03-09T00:01:39.272+0000] {dagbag.py:540} INFO - Filling up the DagBag from /home/airflow/.local/lib/python3.8/site-packages/airflow/example_dags/example_python_decorator.py
[2026-03-09T00:01:39.358+0000] {processor.py:840} INFO - DAG(s) 'example_python_decorator' retrieved from /home/airflow/.local/lib/python3.8/site-packages/airflow/example_dags/example_python_decorator.py
[2026-03-09T00:01:39.435+0000] {logging_mixin.py:188} INFO - [2026-03-09T00:01:39.435+0000] {dag.py:3047} INFO - Sync 1 DAGs
[2026-03-09T00:01:39.477+0000] {logging_mixin.py:188} INFO - [2026-03-09T00:01:39.476+0000] {dag.py:3834} INFO - Setting next_dagrun for example_python_decorator to None, run_after=None
[2026-03-09T00:01:39.548+0000] {processor.py:183} INFO - Processing /home/airflow/.local/lib/python3.8/site-packages/airflow/example_dags/example_python_decorator.py took 0.353 seconds
[2026-03-09T00:02:09.897+0000] {processor.py:161} INFO - Started process (PID=464) to work on /home/airflow/.local/lib/python3.8/site-packages/airflow/example_dags/example_python_decorator.py
[2026-03-09T00:02:09.901+0000] {processor.py:830} INFO - Processing file /home/airflow/.local/lib/python3.8/site-packages/airflow/example_dags/example_python_decorator.py for tasks to queue
[2026-03-09T00:02:09.918+0000] {logging_mixin.py:188} INFO - [2026-03-09T00:02:09.917+0000] {dagbag.py:540} INFO - Filling up the DagBag from /home/airflow/.local/lib/python3.8/site-packages/airflow/example_dags/example_python_decorator.py
[2026-03-09T00:02:09.996+0000] {processor.py:840} INFO - DAG(s) 'example_python_decorator' retrieved from /home/airflow/.local/lib/python3.8/site-packages/airflow/example_dags/example_python_decorator.py
[2026-03-09T00:02:10.131+0000] {logging_mixin.py:188} INFO - [2026-03-09T00:02:10.130+0000] {dag.py:3047} INFO - Sync 1 DAGs
[2026-03-09T00:02:10.203+0000] {logging_mixin.py:188} INFO - [2026-03-09T00:02:10.202+0000] {dag.py:3834} INFO - Setting next_dagrun for example_python_decorator to None, run_after=None
[2026-03-09T00:02:10.267+0000] {processor.py:183} INFO - Processing /home/airflow/.local/lib/python3.8/site-packages/airflow/example_dags/example_python_decorator.py took 0.389 seconds
[2026-03-09T00:02:40.486+0000] {processor.py:161} INFO - Started process (PID=520) to work on /home/airflow/.local/lib/python3.8/site-packages/airflow/example_dags/example_python_decorator.py
[2026-03-09T00:02:40.490+0000] {processor.py:830} INFO - Processing file /home/airflow/.local/lib/python3.8/site-packages/airflow/example_dags/example_python_decorator.py for tasks to queue
[2026-03-09T00:02:40.498+0000] {logging_mixin.py:188} INFO - [2026-03-09T00:02:40.497+0000] {dagbag.py:540} INFO - Filling up the DagBag from /home/airflow/.local/lib/python3.8/site-packages/airflow/example_dags/example_python_decorator.py
[2026-03-09T00:02:40.543+0000] {processor.py:840} INFO - DAG(s) 'example_python_decorator' retrieved from /home/airflow/.local/lib/python3.8/site-packages/airflow/example_dags/example_python_decorator.py
[2026-03-09T00:02:40.638+0000] {logging_mixin.py:188} INFO - [2026-03-09T00:02:40.637+0000] {dag.py:3047} INFO - Sync 1 DAGs
[2026-03-09T00:02:40.701+0000] {logging_mixin.py:188} INFO - [2026-03-09T00:02:40.700+0000] {dag.py:3834} INFO - Setting next_dagrun for example_python_decorator to None, run_after=None
[2026-03-09T00:02:40.779+0000] {processor.py:183} INFO - Processing /home/airflow/.local/lib/python3.8/site-packages/airflow/example_dags/example_python_decorator.py took 0.305 seconds
[2026-03-09T00:03:11.541+0000] {processor.py:161} INFO - Started process (PID=575) to work on /home/airflow/.local/lib/python3.8/site-packages/airflow/example_dags/example_python_decorator.py
[2026-03-09T00:03:11.559+0000] {processor.py:830} INFO - Processing file /home/airflow/.local/lib/python3.8/site-packages/airflow/example_dags/example_python_decorator.py for tasks to queue
[2026-03-09T00:03:11.584+0000] {logging_mixin.py:188} INFO - [2026-03-09T00:03:11.581+0000] {dagbag.py:540} INFO - Filling up the DagBag from /home/airflow/.local/lib/python3.8/site-packages/airflow/example_dags/example_python_decorator.py
[2026-03-09T00:03:11.738+0000] {processor.py:840} INFO - DAG(s) 'example_python_decorator' retrieved from /home/airflow/.local/lib/python3.8/site-packages/airflow/example_dags/example_python_decorator.py
[2026-03-09T00:03:11.926+0000] {logging_mixin.py:188} INFO - [2026-03-09T00:03:11.925+0000] {dag.py:3047} INFO - Sync 1 DAGs
[2026-03-09T00:03:12.062+0000] {logging_mixin.py:188} INFO - [2026-03-09T00:03:12.055+0000] {dag.py:3834} INFO - Setting next_dagrun for example_python_decorator to None, run_after=None
[2026-03-09T00:03:12.273+0000] {processor.py:183} INFO - Processing /home/airflow/.local/lib/python3.8/site-packages/airflow/example_dags/example_python_decorator.py took 0.795 seconds
[2026-03-09T00:03:42.465+0000] {processor.py:161} INFO - Started process (PID=628) to work on /home/airflow/.local/lib/python3.8/site-packages/airflow/example_dags/example_python_decorator.py
[2026-03-09T00:03:42.468+0000] {processor.py:830} INFO - Processing file /home/airflow/.local/lib/python3.8/site-packages/airflow/example_dags/example_python_decorator.py for tasks to queue
[2026-03-09T00:03:42.474+0000] {logging_mixin.py:188} INFO - [2026-03-09T00:03:42.473+0000] {dagbag.py:540} INFO - Filling up the DagBag from /home/airflow/.local/lib/python3.8/site-packages/airflow/example_dags/example_python_decorator.py
[2026-03-09T00:03:42.508+0000] {processor.py:840} INFO - DAG(s) 'example_python_decorator' retrieved from /home/airflow/.local/lib/python3.8/site-packages/airflow/example_dags/example_python_decorator.py
[2026-03-09T00:03:42.575+0000] {logging_mixin.py:188} INFO - [2026-03-09T00:03:42.574+0000] {dag.py:3047} INFO - Sync 1 DAGs
[2026-03-09T00:03:42.616+0000] {logging_mixin.py:188} INFO - [2026-03-09T00:03:42.615+0000] {dag.py:3834} INFO - Setting next_dagrun for example_python_decorator to None, run_after=None
[2026-03-09T00:03:42.674+0000] {processor.py:183} INFO - Processing /home/airflow/.local/lib/python3.8/site-packages/airflow/example_dags/example_python_decorator.py took 0.220 seconds
[2026-03-09T00:04:13.374+0000] {processor.py:161} INFO - Started process (PID=683) to work on /home/airflow/.local/lib/python3.8/site-packages/airflow/example_dags/example_python_decorator.py
[2026-03-09T00:04:13.377+0000] {processor.py:830} INFO - Processing file /home/airflow/.local/lib/python3.8/site-packages/airflow/example_dags/example_python_decorator.py for tasks to queue
[2026-03-09T00:04:13.383+0000] {logging_mixin.py:188} INFO - [2026-03-09T00:04:13.382+0000] {dagbag.py:540} INFO - Filling up the DagBag from /home/airflow/.local/lib/python3.8/site-packages/airflow/example_dags/example_python_decorator.py
[2026-03-09T00:04:13.421+0000] {processor.py:840} INFO - DAG(s) 'example_python_decorator' retrieved from /home/airflow/.local/lib/python3.8/site-packages/airflow/example_dags/example_python_decorator.py
[2026-03-09T00:04:13.489+0000] {logging_mixin.py:188} INFO - [2026-03-09T00:04:13.488+0000] {dag.py:3047} INFO - Sync 1 DAGs
[2026-03-09T00:04:13.521+0000] {logging_mixin.py:188} INFO - [2026-03-09T00:04:13.520+0000] {dag.py:3834} INFO - Setting next_dagrun for example_python_decorator to None, run_after=None
[2026-03-09T00:04:13.568+0000] {processor.py:183} INFO - Processing /home/airflow/.local/lib/python3.8/site-packages/airflow/example_dags/example_python_decorator.py took 0.204 seconds
[2026-03-09T00:04:43.965+0000] {processor.py:161} INFO - Started process (PID=738) to work on /home/airflow/.local/lib/python3.8/site-packages/airflow/example_dags/example_python_decorator.py
[2026-03-09T00:04:43.968+0000] {processor.py:830} INFO - Processing file /home/airflow/.local/lib/python3.8/site-packages/airflow/example_dags/example_python_decorator.py for tasks to queue
[2026-03-09T00:04:43.973+0000] {logging_mixin.py:188} INFO - [2026-03-09T00:04:43.972+0000] {dagbag.py:540} INFO - Filling up the DagBag from /home/airflow/.local/lib/python3.8/site-packages/airflow/example_dags/example_python_decorator.py
[2026-03-09T00:04:43.998+0000] {processor.py:840} INFO - DAG(s) 'example_python_decorator' retrieved from /home/airflow/.local/lib/python3.8/site-packages/airflow/example_dags/example_python_decorator.py
[2026-03-09T00:04:44.065+0000] {logging_mixin.py:188} INFO - [2026-03-09T00:04:44.064+0000] {dag.py:3047} INFO - Sync 1 DAGs
[2026-03-09T00:04:44.113+0000] {logging_mixin.py:188} INFO - [2026-03-09T00:04:44.112+0000] {dag.py:3834} INFO - Setting next_dagrun for example_python_decorator to None, run_after=None
[2026-03-09T00:04:44.182+0000] {processor.py:183} INFO - Processing /home/airflow/.local/lib/python3.8/site-packages/airflow/example_dags/example_python_decorator.py took 0.236 seconds
[2026-03-09T00:05:15.069+0000] {processor.py:161} INFO - Started process (PID=793) to work on /home/airflow/.local/lib/python3.8/site-packages/airflow/example_dags/example_python_decorator.py
[2026-03-09T00:05:15.073+0000] {processor.py:830} INFO - Processing file /home/airflow/.local/lib/python3.8/site-packages/airflow/example_dags/example_python_decorator.py for tasks to queue
[2026-03-09T00:05:15.082+0000] {logging_mixin.py:188} INFO - [2026-03-09T00:05:15.081+0000] {dagbag.py:540} INFO - Filling up the DagBag from /home/airflow/.local/lib/python3.8/site-packages/airflow/example_dags/example_python_decorator.py
[2026-03-09T00:05:15.125+0000] {processor.py:840} INFO - DAG(s) 'example_python_decorator' retrieved from /home/airflow/.local/lib/python3.8/site-packages/airflow/example_dags/example_python_decorator.py
[2026-03-09T00:05:15.192+0000] {logging_mixin.py:188} INFO - [2026-03-09T00:05:15.192+0000] {dag.py:3047} INFO - Sync 1 DAGs
[2026-03-09T00:05:15.221+0000] {logging_mixin.py:188} INFO - [2026-03-09T00:05:15.220+0000] {dag.py:3834} INFO - Setting next_dagrun for example_python_decorator to None, run_after=None
[2026-03-09T00:05:15.263+0000] {processor.py:183} INFO - Processing /home/airflow/.local/lib/python3.8/site-packages/airflow/example_dags/example_python_decorator.py took 0.211 seconds
[2026-03-09T00:05:45.880+0000] {processor.py:161} INFO - Started process (PID=849) to work on /home/airflow/.local/lib/python3.8/site-packages/airflow/example_dags/example_python_decorator.py
[2026-03-09T00:05:45.885+0000] {processor.py:830} INFO - Processing file /home/airflow/.local/lib/python3.8/site-packages/airflow/example_dags/example_python_decorator.py for tasks to queue
[2026-03-09T00:05:45.893+0000] {logging_mixin.py:188} INFO - [2026-03-09T00:05:45.891+0000] {dagbag.py:540} INFO - Filling up the DagBag from /home/airflow/.local/lib/python3.8/site-packages/airflow/example_dags/example_python_decorator.py
[2026-03-09T00:05:45.947+0000] {processor.py:840} INFO - DAG(s) 'example_python_decorator' retrieved from /home/airflow/.local/lib/python3.8/site-packages/airflow/example_dags/example_python_decorator.py
[2026-03-09T00:05:46.026+0000] {logging_mixin.py:188} INFO - [2026-03-09T00:05:46.026+0000] {dag.py:3047} INFO - Sync 1 DAGs
[2026-03-09T00:05:46.062+0000] {logging_mixin.py:188} INFO - [2026-03-09T00:05:46.062+0000] {dag.py:3834} INFO - Setting next_dagrun for example_python_decorator to None, run_after=None
[2026-03-09T00:05:46.140+0000] {processor.py:183} INFO - Processing /home/airflow/.local/lib/python3.8/site-packages/airflow/example_dags/example_python_decorator.py took 0.275 seconds
[2026-03-09T00:06:16.743+0000] {processor.py:161} INFO - Started process (PID=903) to work on /home/airflow/.local/lib/python3.8/site-packages/airflow/example_dags/example_python_decorator.py
[2026-03-09T00:06:16.756+0000] {processor.py:830} INFO - Processing file /home/airflow/.local/lib/python3.8/site-packages/airflow/example_dags/example_python_decorator.py for tasks to queue
[2026-03-09T00:06:16.770+0000] {logging_mixin.py:188} INFO - [2026-03-09T00:06:16.768+0000] {dagbag.py:540} INFO - Filling up the DagBag from /home/airflow/.local/lib/python3.8/site-packages/airflow/example_dags/example_python_decorator.py
[2026-03-09T00:06:16.850+0000] {processor.py:840} INFO - DAG(s) 'example_python_decorator' retrieved from /home/airflow/.local/lib/python3.8/site-packages/airflow/example_dags/example_python_decorator.py
[2026-03-09T00:06:16.933+0000] {logging_mixin.py:188} INFO - [2026-03-09T00:06:16.933+0000] {dag.py:3047} INFO - Sync 1 DAGs
[2026-03-09T00:06:16.989+0000] {logging_mixin.py:188} INFO - [2026-03-09T00:06:16.988+0000] {dag.py:3834} INFO - Setting next_dagrun for example_python_decorator to None, run_after=None
[2026-03-09T00:06:17.096+0000] {processor.py:183} INFO - Processing /home/airflow/.local/lib/python3.8/site-packages/airflow/example_dags/example_python_decorator.py took 0.376 seconds
[2026-03-09T00:06:48.448+0000] {processor.py:161} INFO - Started process (PID=958) to work on /home/airflow/.local/lib/python3.8/site-packages/airflow/example_dags/example_python_decorator.py
[2026-03-09T00:06:48.459+0000] {processor.py:830} INFO - Processing file /home/airflow/.local/lib/python3.8/site-packages/airflow/example_dags/example_python_decorator.py for tasks to queue
[2026-03-09T00:06:48.491+0000] {logging_mixin.py:188} INFO - [2026-03-09T00:06:48.490+0000] {dagbag.py:540} INFO - Filling up the DagBag from /home/airflow/.local/lib/python3.8/site-packages/airflow/example_dags/example_python_decorator.py
[2026-03-09T00:06:48.611+0000] {processor.py:840} INFO - DAG(s) 'example_python_decorator' retrieved from /home/airflow/.local/lib/python3.8/site-packages/airflow/example_dags/example_python_decorator.py
[2026-03-09T00:06:48.794+0000] {logging_mixin.py:188} INFO - [2026-03-09T00:06:48.794+0000] {dag.py:3047} INFO - Sync 1 DAGs
[2026-03-09T00:06:48.886+0000] {logging_mixin.py:188} INFO - [2026-03-09T00:06:48.886+0000] {dag.py:3834} INFO - Setting next_dagrun for example_python_decorator to None, run_after=None
[2026-03-09T00:06:49.041+0000] {processor.py:183} INFO - Processing /home/airflow/.local/lib/python3.8/site-packages/airflow/example_dags/example_python_decorator.py took 0.623 seconds
[2026-03-09T00:07:19.743+0000] {processor.py:161} INFO - Started process (PID=1013) to work on /home/airflow/.local/lib/python3.8/site-packages/airflow/example_dags/example_python_decorator.py
[2026-03-09T00:07:19.747+0000] {processor.py:830} INFO - Processing file /home/airflow/.local/lib/python3.8/site-packages/airflow/example_dags/example_python_decorator.py for tasks to queue
[2026-03-09T00:07:19.752+0000] {logging_mixin.py:188} INFO - [2026-03-09T00:07:19.751+0000] {dagbag.py:540} INFO - Filling up the DagBag from /home/airflow/.local/lib/python3.8/site-packages/airflow/example_dags/example_python_decorator.py
[2026-03-09T00:07:19.789+0000] {processor.py:840} INFO - DAG(s) 'example_python_decorator' retrieved from /home/airflow/.local/lib/python3.8/site-packages/airflow/example_dags/example_python_decorator.py
[2026-03-09T00:07:19.848+0000] {logging_mixin.py:188} INFO - [2026-03-09T00:07:19.848+0000] {dag.py:3047} INFO - Sync 1 DAGs
[2026-03-09T00:07:19.880+0000] {logging_mixin.py:188} INFO - [2026-03-09T00:07:19.879+0000] {dag.py:3834} INFO - Setting next_dagrun for example_python_decorator to None, run_after=None
[2026-03-09T00:07:19.950+0000] {processor.py:183} INFO - Processing /home/airflow/.local/lib/python3.8/site-packages/airflow/example_dags/example_python_decorator.py took 0.216 seconds
[2026-03-09T00:07:50.362+0000] {processor.py:161} INFO - Started process (PID=1068) to work on /home/airflow/.local/lib/python3.8/site-packages/airflow/example_dags/example_python_decorator.py
[2026-03-09T00:07:50.366+0000] {processor.py:830} INFO - Processing file /home/airflow/.local/lib/python3.8/site-packages/airflow/example_dags/example_python_decorator.py for tasks to queue
[2026-03-09T00:07:50.373+0000] {logging_mixin.py:188} INFO - [2026-03-09T00:07:50.372+0000] {dagbag.py:540} INFO - Filling up the DagBag from /home/airflow/.local/lib/python3.8/site-packages/airflow/example_dags/example_python_decorator.py
[2026-03-09T00:07:50.428+0000] {processor.py:840} INFO - DAG(s) 'example_python_decorator' retrieved from /home/airflow/.local/lib/python3.8/site-packages/airflow/example_dags/example_python_decorator.py
[2026-03-09T00:07:50.515+0000] {logging_mixin.py:188} INFO - [2026-03-09T00:07:50.514+0000] {dag.py:3047} INFO - Sync 1 DAGs
[2026-03-09T00:07:50.564+0000] {logging_mixin.py:188} INFO - [2026-03-09T00:07:50.563+0000] {dag.py:3834} INFO - Setting next_dagrun for example_python_decorator to None, run_after=None
[2026-03-09T00:07:50.639+0000] {processor.py:183} INFO - Processing /home/airflow/.local/lib/python3.8/site-packages/airflow/example_dags/example_python_decorator.py took 0.293 seconds
[2026-03-09T00:08:21.157+0000] {processor.py:161} INFO - Started process (PID=1123) to work on /home/airflow/.local/lib/python3.8/site-packages/airflow/example_dags/example_python_decorator.py
[2026-03-09T00:08:21.168+0000] {processor.py:830} INFO - Processing file /home/airflow/.local/lib/python3.8/site-packages/airflow/example_dags/example_python_decorator.py for tasks to queue
[2026-03-09T00:08:21.176+0000] {logging_mixin.py:188} INFO - [2026-03-09T00:08:21.174+0000] {dagbag.py:540} INFO - Filling up the DagBag from /home/airflow/.local/lib/python3.8/site-packages/airflow/example_dags/example_python_decorator.py
[2026-03-09T00:08:21.264+0000] {processor.py:840} INFO - DAG(s) 'example_python_decorator' retrieved from /home/airflow/.local/lib/python3.8/site-packages/airflow/example_dags/example_python_decorator.py
[2026-03-09T00:08:21.322+0000] {logging_mixin.py:188} INFO - [2026-03-09T00:08:21.322+0000] {dag.py:3047} INFO - Sync 1 DAGs
[2026-03-09T00:08:21.368+0000] {logging_mixin.py:188} INFO - [2026-03-09T00:08:21.367+0000] {dag.py:3834} INFO - Setting next_dagrun for example_python_decorator to None, run_after=None
[2026-03-09T00:08:21.431+0000] {processor.py:183} INFO - Processing /home/airflow/.local/lib/python3.8/site-packages/airflow/example_dags/example_python_decorator.py took 0.290 seconds
[2026-03-09T00:08:51.763+0000] {processor.py:161} INFO - Started process (PID=1179) to work on /home/airflow/.local/lib/python3.8/site-packages/airflow/example_dags/example_python_decorator.py
[2026-03-09T00:08:51.770+0000] {processor.py:830} INFO - Processing file /home/airflow/.local/lib/python3.8/site-packages/airflow/example_dags/example_python_decorator.py for tasks to queue
[2026-03-09T00:08:51.780+0000] {logging_mixin.py:188} INFO - [2026-03-09T00:08:51.778+0000] {dagbag.py:540} INFO - Filling up the DagBag from /home/airflow/.local/lib/python3.8/site-packages/airflow/example_dags/example_python_decorator.py
[2026-03-09T00:08:51.844+0000] {processor.py:840} INFO - DAG(s) 'example_python_decorator' retrieved from /home/airflow/.local/lib/python3.8/site-packages/airflow/example_dags/example_python_decorator.py
[2026-03-09T00:08:51.959+0000] {logging_mixin.py:188} INFO - [2026-03-09T00:08:51.958+0000] {dag.py:3047} INFO - Sync 1 DAGs
[2026-03-09T00:08:52.028+0000] {logging_mixin.py:188} INFO - [2026-03-09T00:08:52.027+0000] {dag.py:3834} INFO - Setting next_dagrun for example_python_decorator to None, run_after=None
[2026-03-09T00:08:52.090+0000] {processor.py:183} INFO - Processing /home/airflow/.local/lib/python3.8/site-packages/airflow/example_dags/example_python_decorator.py took 0.347 seconds
[2026-03-09T00:09:22.441+0000] {processor.py:161} INFO - Started process (PID=1235) to work on /home/airflow/.local/lib/python3.8/site-packages/airflow/example_dags/example_python_decorator.py
[2026-03-09T00:09:22.445+0000] {processor.py:830} INFO - Processing file /home/airflow/.local/lib/python3.8/site-packages/airflow/example_dags/example_python_decorator.py for tasks to queue
[2026-03-09T00:09:22.452+0000] {logging_mixin.py:188} INFO - [2026-03-09T00:09:22.451+0000] {dagbag.py:540} INFO - Filling up the DagBag from /home/airflow/.local/lib/python3.8/site-packages/airflow/example_dags/example_python_decorator.py
[2026-03-09T00:09:22.499+0000] {processor.py:840} INFO - DAG(s) 'example_python_decorator' retrieved from /home/airflow/.local/lib/python3.8/site-packages/airflow/example_dags/example_python_decorator.py
[2026-03-09T00:09:22.569+0000] {logging_mixin.py:188} INFO - [2026-03-09T00:09:22.568+0000] {dag.py:3047} INFO - Sync 1 DAGs
[2026-03-09T00:09:22.596+0000] {logging_mixin.py:188} INFO - [2026-03-09T00:09:22.595+0000] {dag.py:3834} INFO - Setting next_dagrun for example_python_decorator to None, run_after=None
[2026-03-09T00:09:22.655+0000] {processor.py:183} INFO - Processing /home/airflow/.local/lib/python3.8/site-packages/airflow/example_dags/example_python_decorator.py took 0.226 seconds
[2026-03-09T00:09:53.451+0000] {processor.py:161} INFO - Started process (PID=1290) to work on /home/airflow/.local/lib/python3.8/site-packages/airflow/example_dags/example_python_decorator.py
[2026-03-09T00:09:53.454+0000] {processor.py:830} INFO - Processing file /home/airflow/.local/lib/python3.8/site-packages/airflow/example_dags/example_python_decorator.py for tasks to queue
[2026-03-09T00:09:53.477+0000] {logging_mixin.py:188} INFO - [2026-03-09T00:09:53.473+0000] {dagbag.py:540} INFO - Filling up the DagBag from /home/airflow/.local/lib/python3.8/site-packages/airflow/example_dags/example_python_decorator.py
[2026-03-09T00:09:53.593+0000] {processor.py:840} INFO - DAG(s) 'example_python_decorator' retrieved from /home/airflow/.local/lib/python3.8/site-packages/airflow/example_dags/example_python_decorator.py
[2026-03-09T00:09:53.761+0000] {logging_mixin.py:188} INFO - [2026-03-09T00:09:53.756+0000] {dag.py:3047} INFO - Sync 1 DAGs
[2026-03-09T00:09:53.829+0000] {logging_mixin.py:188} INFO - [2026-03-09T00:09:53.828+0000] {dag.py:3834} INFO - Setting next_dagrun for example_python_decorator to None, run_after=None
[2026-03-09T00:09:53.935+0000] {processor.py:183} INFO - Processing /home/airflow/.local/lib/python3.8/site-packages/airflow/example_dags/example_python_decorator.py took 0.503 seconds
[2026-03-09T00:10:24.462+0000] {processor.py:161} INFO - Started process (PID=1346) to work on /home/airflow/.local/lib/python3.8/site-packages/airflow/example_dags/example_python_decorator.py
[2026-03-09T00:10:24.467+0000] {processor.py:830} INFO - Processing file /home/airflow/.local/lib/python3.8/site-packages/airflow/example_dags/example_python_decorator.py for tasks to queue
[2026-03-09T00:10:24.474+0000] {logging_mixin.py:188} INFO - [2026-03-09T00:10:24.474+0000] {dagbag.py:540} INFO - Filling up the DagBag from /home/airflow/.local/lib/python3.8/site-packages/airflow/example_dags/example_python_decorator.py
[2026-03-09T00:10:24.537+0000] {processor.py:840} INFO - DAG(s) 'example_python_decorator' retrieved from /home/airflow/.local/lib/python3.8/site-packages/airflow/example_dags/example_python_decorator.py
[2026-03-09T00:10:24.647+0000] {logging_mixin.py:188} INFO - [2026-03-09T00:10:24.646+0000] {dag.py:3047} INFO - Sync 1 DAGs
[2026-03-09T00:10:24.746+0000] {logging_mixin.py:188} INFO - [2026-03-09T00:10:24.746+0000] {dag.py:3834} INFO - Setting next_dagrun for example_python_decorator to None, run_after=None
[2026-03-09T00:10:24.827+0000] {processor.py:183} INFO - Processing /home/airflow/.local/lib/python3.8/site-packages/airflow/example_dags/example_python_decorator.py took 0.382 seconds
[2026-03-09T00:10:54.967+0000] {processor.py:161} INFO - Started process (PID=1403) to work on /home/airflow/.local/lib/python3.8/site-packages/airflow/example_dags/example_python_decorator.py
[2026-03-09T00:10:54.972+0000] {processor.py:830} INFO - Processing file /home/airflow/.local/lib/python3.8/site-packages/airflow/example_dags/example_python_decorator.py for tasks to queue
[2026-03-09T00:10:54.978+0000] {logging_mixin.py:188} INFO - [2026-03-09T00:10:54.977+0000] {dagbag.py:540} INFO - Filling up the DagBag from /home/airflow/.local/lib/python3.8/site-packages/airflow/example_dags/example_python_decorator.py
[2026-03-09T00:10:55.016+0000] {processor.py:840} INFO - DAG(s) 'example_python_decorator' retrieved from /home/airflow/.local/lib/python3.8/site-packages/airflow/example_dags/example_python_decorator.py
[2026-03-09T00:10:55.070+0000] {logging_mixin.py:188} INFO - [2026-03-09T00:10:55.069+0000] {dag.py:3047} INFO - Sync 1 DAGs
[2026-03-09T00:10:55.099+0000] {logging_mixin.py:188} INFO - [2026-03-09T00:10:55.097+0000] {dag.py:3834} INFO - Setting next_dagrun for example_python_decorator to None, run_after=None
[2026-03-09T00:10:55.152+0000] {processor.py:183} INFO - Processing /home/airflow/.local/lib/python3.8/site-packages/airflow/example_dags/example_python_decorator.py took 0.197 seconds
[2026-03-09T00:11:26.579+0000] {processor.py:161} INFO - Started process (PID=1458) to work on /home/airflow/.local/lib/python3.8/site-packages/airflow/example_dags/example_python_decorator.py
[2026-03-09T00:11:26.583+0000] {processor.py:830} INFO - Processing file /home/airflow/.local/lib/python3.8/site-packages/airflow/example_dags/example_python_decorator.py for tasks to queue
[2026-03-09T00:11:26.590+0000] {logging_mixin.py:188} INFO - [2026-03-09T00:11:26.589+0000] {dagbag.py:540} INFO - Filling up the DagBag from /home/airflow/.local/lib/python3.8/site-packages/airflow/example_dags/example_python_decorator.py
[2026-03-09T00:11:26.626+0000] {processor.py:840} INFO - DAG(s) 'example_python_decorator' retrieved from /home/airflow/.local/lib/python3.8/site-packages/airflow/example_dags/example_python_decorator.py
[2026-03-09T00:11:26.699+0000] {logging_mixin.py:188} INFO - [2026-03-09T00:11:26.699+0000] {dag.py:3047} INFO - Sync 1 DAGs
[2026-03-09T00:11:26.735+0000] {logging_mixin.py:188} INFO - [2026-03-09T00:11:26.734+0000] {dag.py:3834} INFO - Setting next_dagrun for example_python_decorator to None, run_after=None
[2026-03-09T00:11:26.801+0000] {processor.py:183} INFO - Processing /home/airflow/.local/lib/python3.8/site-packages/airflow/example_dags/example_python_decorator.py took 0.233 seconds
[2026-03-09T00:11:57.593+0000] {processor.py:161} INFO - Started process (PID=1512) to work on /home/airflow/.local/lib/python3.8/site-packages/airflow/example_dags/example_python_decorator.py
[2026-03-09T00:11:57.596+0000] {processor.py:830} INFO - Processing file /home/airflow/.local/lib/python3.8/site-packages/airflow/example_dags/example_python_decorator.py for tasks to queue
[2026-03-09T00:11:57.610+0000] {logging_mixin.py:188} INFO - [2026-03-09T00:11:57.609+0000] {dagbag.py:540} INFO - Filling up the DagBag from /home/airflow/.local/lib/python3.8/site-packages/airflow/example_dags/example_python_decorator.py
[2026-03-09T00:11:57.685+0000] {processor.py:840} INFO - DAG(s) 'example_python_decorator' retrieved from /home/airflow/.local/lib/python3.8/site-packages/airflow/example_dags/example_python_decorator.py
[2026-03-09T00:11:57.787+0000] {logging_mixin.py:188} INFO - [2026-03-09T00:11:57.786+0000] {dag.py:3047} INFO - Sync 1 DAGs
[2026-03-09T00:11:57.842+0000] {logging_mixin.py:188} INFO - [2026-03-09T00:11:57.841+0000] {dag.py:3834} INFO - Setting next_dagrun for example_python_decorator to None, run_after=None
[2026-03-09T00:11:57.991+0000] {processor.py:183} INFO - Processing /home/airflow/.local/lib/python3.8/site-packages/airflow/example_dags/example_python_decorator.py took 0.424 seconds
[2026-03-09T00:12:28.244+0000] {processor.py:161} INFO - Started process (PID=1568) to work on /home/airflow/.local/lib/python3.8/site-packages/airflow/example_dags/example_python_decorator.py
[2026-03-09T00:12:28.247+0000] {processor.py:830} INFO - Processing file /home/airflow/.local/lib/python3.8/site-packages/airflow/example_dags/example_python_decorator.py for tasks to queue
[2026-03-09T00:12:28.260+0000] {logging_mixin.py:188} INFO - [2026-03-09T00:12:28.258+0000] {dagbag.py:540} INFO - Filling up the DagBag from /home/airflow/.local/lib/python3.8/site-packages/airflow/example_dags/example_python_decorator.py
[2026-03-09T00:12:28.302+0000] {processor.py:840} INFO - DAG(s) 'example_python_decorator' retrieved from /home/airflow/.local/lib/python3.8/site-packages/airflow/example_dags/example_python_decorator.py
[2026-03-09T00:12:28.360+0000] {logging_mixin.py:188} INFO - [2026-03-09T00:12:28.359+0000] {dag.py:3047} INFO - Sync 1 DAGs
[2026-03-09T00:12:28.387+0000] {logging_mixin.py:188} INFO - [2026-03-09T00:12:28.386+0000] {dag.py:3834} INFO - Setting next_dagrun for example_python_decorator to None, run_after=None
[2026-03-09T00:12:28.431+0000] {processor.py:183} INFO - Processing /home/airflow/.local/lib/python3.8/site-packages/airflow/example_dags/example_python_decorator.py took 0.196 seconds
[2026-03-09T00:12:58.624+0000] {processor.py:161} INFO - Started process (PID=1624) to work on /home/airflow/.local/lib/python3.8/site-packages/airflow/example_dags/example_python_decorator.py
[2026-03-09T00:12:58.628+0000] {processor.py:830} INFO - Processing file /home/airflow/.local/lib/python3.8/site-packages/airflow/example_dags/example_python_decorator.py for tasks to queue
[2026-03-09T00:12:58.635+0000] {logging_mixin.py:188} INFO - [2026-03-09T00:12:58.634+0000] {dagbag.py:540} INFO - Filling up the DagBag from /home/airflow/.local/lib/python3.8/site-packages/airflow/example_dags/example_python_decorator.py
[2026-03-09T00:12:58.680+0000] {processor.py:840} INFO - DAG(s) 'example_python_decorator' retrieved from /home/airflow/.local/lib/python3.8/site-packages/airflow/example_dags/example_python_decorator.py
[2026-03-09T00:12:58.749+0000] {logging_mixin.py:188} INFO - [2026-03-09T00:12:58.748+0000] {dag.py:3047} INFO - Sync 1 DAGs
[2026-03-09T00:12:58.796+0000] {logging_mixin.py:188} INFO - [2026-03-09T00:12:58.796+0000] {dag.py:3834} INFO - Setting next_dagrun for example_python_decorator to None, run_after=None
[2026-03-09T00:12:58.890+0000] {processor.py:183} INFO - Processing /home/airflow/.local/lib/python3.8/site-packages/airflow/example_dags/example_python_decorator.py took 0.280 seconds
[2026-03-09T00:13:29.490+0000] {processor.py:161} INFO - Started process (PID=1680) to work on /home/airflow/.local/lib/python3.8/site-packages/airflow/example_dags/example_python_decorator.py
[2026-03-09T00:13:29.493+0000] {processor.py:830} INFO - Processing file /home/airflow/.local/lib/python3.8/site-packages/airflow/example_dags/example_python_decorator.py for tasks to queue
[2026-03-09T00:13:29.499+0000] {logging_mixin.py:188} INFO - [2026-03-09T00:13:29.498+0000] {dagbag.py:540} INFO - Filling up the DagBag from /home/airflow/.local/lib/python3.8/site-packages/airflow/example_dags/example_python_decorator.py
[2026-03-09T00:13:29.532+0000] {processor.py:840} INFO - DAG(s) 'example_python_decorator' retrieved from /home/airflow/.local/lib/python3.8/site-packages/airflow/example_dags/example_python_decorator.py
[2026-03-09T00:13:29.590+0000] {logging_mixin.py:188} INFO - [2026-03-09T00:13:29.590+0000] {dag.py:3047} INFO - Sync 1 DAGs
[2026-03-09T00:13:29.617+0000] {logging_mixin.py:188} INFO - [2026-03-09T00:13:29.617+0000] {dag.py:3834} INFO - Setting next_dagrun for example_python_decorator to None, run_after=None
[2026-03-09T00:13:29.664+0000] {processor.py:183} INFO - Processing /home/airflow/.local/lib/python3.8/site-packages/airflow/example_dags/example_python_decorator.py took 0.185 seconds
[2026-03-09T00:14:03.256+0000] {processor.py:161} INFO - Started process (PID=1736) to work on /home/airflow/.local/lib/python3.8/site-packages/airflow/example_dags/example_python_decorator.py
[2026-03-09T00:14:03.268+0000] {processor.py:830} INFO - Processing file /home/airflow/.local/lib/python3.8/site-packages/airflow/example_dags/example_python_decorator.py for tasks to queue
[2026-03-09T00:14:03.290+0000] {logging_mixin.py:188} INFO - [2026-03-09T00:14:03.289+0000] {dagbag.py:540} INFO - Filling up the DagBag from /home/airflow/.local/lib/python3.8/site-packages/airflow/example_dags/example_python_decorator.py
[2026-03-09T00:14:03.396+0000] {processor.py:840} INFO - DAG(s) 'example_python_decorator' retrieved from /home/airflow/.local/lib/python3.8/site-packages/airflow/example_dags/example_python_decorator.py
[2026-03-09T00:14:03.545+0000] {logging_mixin.py:188} INFO - [2026-03-09T00:14:03.544+0000] {dag.py:3047} INFO - Sync 1 DAGs
[2026-03-09T00:14:03.629+0000] {logging_mixin.py:188} INFO - [2026-03-09T00:14:03.628+0000] {dag.py:3834} INFO - Setting next_dagrun for example_python_decorator to None, run_after=None
[2026-03-09T00:14:03.790+0000] {processor.py:183} INFO - Processing /home/airflow/.local/lib/python3.8/site-packages/airflow/example_dags/example_python_decorator.py took 0.552 seconds
[2026-03-09T00:14:34.382+0000] {processor.py:161} INFO - Started process (PID=1792) to work on /home/airflow/.local/lib/python3.8/site-packages/airflow/example_dags/example_python_decorator.py
[2026-03-09T00:14:34.385+0000] {processor.py:830} INFO - Processing file /home/airflow/.local/lib/python3.8/site-packages/airflow/example_dags/example_python_decorator.py for tasks to queue
[2026-03-09T00:14:34.391+0000] {logging_mixin.py:188} INFO - [2026-03-09T00:14:34.390+0000] {dagbag.py:540} INFO - Filling up the DagBag from /home/airflow/.local/lib/python3.8/site-packages/airflow/example_dags/example_python_decorator.py
[2026-03-09T00:14:34.429+0000] {processor.py:840} INFO - DAG(s) 'example_python_decorator' retrieved from /home/airflow/.local/lib/python3.8/site-packages/airflow/example_dags/example_python_decorator.py
[2026-03-09T00:14:34.495+0000] {logging_mixin.py:188} INFO - [2026-03-09T00:14:34.494+0000] {dag.py:3047} INFO - Sync 1 DAGs
[2026-03-09T00:14:34.531+0000] {logging_mixin.py:188} INFO - [2026-03-09T00:14:34.530+0000] {dag.py:3834} INFO - Setting next_dagrun for example_python_decorator to None, run_after=None
[2026-03-09T00:14:34.576+0000] {processor.py:183} INFO - Processing /home/airflow/.local/lib/python3.8/site-packages/airflow/example_dags/example_python_decorator.py took 0.206 seconds
[2026-03-09T00:15:04.757+0000] {processor.py:161} INFO - Started process (PID=1847) to work on /home/airflow/.local/lib/python3.8/site-packages/airflow/example_dags/example_python_decorator.py
[2026-03-09T00:15:04.759+0000] {processor.py:830} INFO - Processing file /home/airflow/.local/lib/python3.8/site-packages/airflow/example_dags/example_python_decorator.py for tasks to queue
[2026-03-09T00:15:04.764+0000] {logging_mixin.py:188} INFO - [2026-03-09T00:15:04.763+0000] {dagbag.py:540} INFO - Filling up the DagBag from /home/airflow/.local/lib/python3.8/site-packages/airflow/example_dags/example_python_decorator.py
[2026-03-09T00:15:04.792+0000] {processor.py:840} INFO - DAG(s) 'example_python_decorator' retrieved from /home/airflow/.local/lib/python3.8/site-packages/airflow/example_dags/example_python_decorator.py
[2026-03-09T00:15:04.849+0000] {logging_mixin.py:188} INFO - [2026-03-09T00:15:04.849+0000] {dag.py:3047} INFO - Sync 1 DAGs
[2026-03-09T00:15:04.874+0000] {logging_mixin.py:188} INFO - [2026-03-09T00:15:04.873+0000] {dag.py:3834} INFO - Setting next_dagrun for example_python_decorator to None, run_after=None
[2026-03-09T00:15:04.915+0000] {processor.py:183} INFO - Processing /home/airflow/.local/lib/python3.8/site-packages/airflow/example_dags/example_python_decorator.py took 0.165 seconds
[2026-03-09T00:15:35.055+0000] {processor.py:161} INFO - Started process (PID=1901) to work on /home/airflow/.local/lib/python3.8/site-packages/airflow/example_dags/example_python_decorator.py
[2026-03-09T00:15:35.058+0000] {processor.py:830} INFO - Processing file /home/airflow/.local/lib/python3.8/site-packages/airflow/example_dags/example_python_decorator.py for tasks to queue
[2026-03-09T00:15:35.066+0000] {logging_mixin.py:188} INFO - [2026-03-09T00:15:35.065+0000] {dagbag.py:540} INFO - Filling up the DagBag from /home/airflow/.local/lib/python3.8/site-packages/airflow/example_dags/example_python_decorator.py
[2026-03-09T00:15:35.114+0000] {processor.py:840} INFO - DAG(s) 'example_python_decorator' retrieved from /home/airflow/.local/lib/python3.8/site-packages/airflow/example_dags/example_python_decorator.py
[2026-03-09T00:15:35.235+0000] {logging_mixin.py:188} INFO - [2026-03-09T00:15:35.234+0000] {dag.py:3047} INFO - Sync 1 DAGs
[2026-03-09T00:15:35.282+0000] {logging_mixin.py:188} INFO - [2026-03-09T00:15:35.281+0000] {dag.py:3834} INFO - Setting next_dagrun for example_python_decorator to None, run_after=None
[2026-03-09T00:15:35.402+0000] {processor.py:183} INFO - Processing /home/airflow/.local/lib/python3.8/site-packages/airflow/example_dags/example_python_decorator.py took 0.359 seconds
[2026-03-09T00:16:05.750+0000] {processor.py:161} INFO - Started process (PID=1957) to work on /home/airflow/.local/lib/python3.8/site-packages/airflow/example_dags/example_python_decorator.py
[2026-03-09T00:16:05.753+0000] {processor.py:830} INFO - Processing file /home/airflow/.local/lib/python3.8/site-packages/airflow/example_dags/example_python_decorator.py for tasks to queue
[2026-03-09T00:16:05.758+0000] {logging_mixin.py:188} INFO - [2026-03-09T00:16:05.757+0000] {dagbag.py:540} INFO - Filling up the DagBag from /home/airflow/.local/lib/python3.8/site-packages/airflow/example_dags/example_python_decorator.py
[2026-03-09T00:16:05.796+0000] {processor.py:840} INFO - DAG(s) 'example_python_decorator' retrieved from /home/airflow/.local/lib/python3.8/site-packages/airflow/example_dags/example_python_decorator.py
[2026-03-09T00:16:05.845+0000] {logging_mixin.py:188} INFO - [2026-03-09T00:16:05.845+0000] {dag.py:3047} INFO - Sync 1 DAGs
[2026-03-09T00:16:05.868+0000] {logging_mixin.py:188} INFO - [2026-03-09T00:16:05.867+0000] {dag.py:3834} INFO - Setting next_dagrun for example_python_decorator to None, run_after=None
[2026-03-09T00:16:05.903+0000] {processor.py:183} INFO - Processing /home/airflow/.local/lib/python3.8/site-packages/airflow/example_dags/example_python_decorator.py took 0.161 seconds
[2026-03-09T00:16:36.300+0000] {processor.py:161} INFO - Started process (PID=2013) to work on /home/airflow/.local/lib/python3.8/site-packages/airflow/example_dags/example_python_decorator.py
[2026-03-09T00:16:36.303+0000] {processor.py:830} INFO - Processing file /home/airflow/.local/lib/python3.8/site-packages/airflow/example_dags/example_python_decorator.py for tasks to queue
[2026-03-09T00:16:36.308+0000] {logging_mixin.py:188} INFO - [2026-03-09T00:16:36.308+0000] {dagbag.py:540} INFO - Filling up the DagBag from /home/airflow/.local/lib/python3.8/site-packages/airflow/example_dags/example_python_decorator.py
[2026-03-09T00:16:36.345+0000] {processor.py:840} INFO - DAG(s) 'example_python_decorator' retrieved from /home/airflow/.local/lib/python3.8/site-packages/airflow/example_dags/example_python_decorator.py
[2026-03-09T00:16:36.395+0000] {logging_mixin.py:188} INFO - [2026-03-09T00:16:36.394+0000] {dag.py:3047} INFO - Sync 1 DAGs
[2026-03-09T00:16:36.426+0000] {logging_mixin.py:188} INFO - [2026-03-09T00:16:36.425+0000] {dag.py:3834} INFO - Setting next_dagrun for example_python_decorator to None, run_after=None
[2026-03-09T00:16:36.473+0000] {processor.py:183} INFO - Processing /home/airflow/.local/lib/python3.8/site-packages/airflow/example_dags/example_python_decorator.py took 0.181 seconds
[2026-03-09T00:17:07.441+0000] {processor.py:161} INFO - Started process (PID=2068) to work on /home/airflow/.local/lib/python3.8/site-packages/airflow/example_dags/example_python_decorator.py
[2026-03-09T00:17:07.444+0000] {processor.py:830} INFO - Processing file /home/airflow/.local/lib/python3.8/site-packages/airflow/example_dags/example_python_decorator.py for tasks to queue
[2026-03-09T00:17:07.449+0000] {logging_mixin.py:188} INFO - [2026-03-09T00:17:07.449+0000] {dagbag.py:540} INFO - Filling up the DagBag from /home/airflow/.local/lib/python3.8/site-packages/airflow/example_dags/example_python_decorator.py
[2026-03-09T00:17:07.485+0000] {processor.py:840} INFO - DAG(s) 'example_python_decorator' retrieved from /home/airflow/.local/lib/python3.8/site-packages/airflow/example_dags/example_python_decorator.py
[2026-03-09T00:17:07.552+0000] {logging_mixin.py:188} INFO - [2026-03-09T00:17:07.551+0000] {dag.py:3047} INFO - Sync 1 DAGs
[2026-03-09T00:17:07.581+0000] {logging_mixin.py:188} INFO - [2026-03-09T00:17:07.581+0000] {dag.py:3834} INFO - Setting next_dagrun for example_python_decorator to None, run_after=None
[2026-03-09T00:17:07.639+0000] {processor.py:183} INFO - Processing /home/airflow/.local/lib/python3.8/site-packages/airflow/example_dags/example_python_decorator.py took 0.210 seconds
[2026-03-09T00:17:37.859+0000] {processor.py:161} INFO - Started process (PID=2124) to work on /home/airflow/.local/lib/python3.8/site-packages/airflow/example_dags/example_python_decorator.py
[2026-03-09T00:17:37.863+0000] {processor.py:830} INFO - Processing file /home/airflow/.local/lib/python3.8/site-packages/airflow/example_dags/example_python_decorator.py for tasks to queue
[2026-03-09T00:17:37.869+0000] {logging_mixin.py:188} INFO - [2026-03-09T00:17:37.868+0000] {dagbag.py:540} INFO - Filling up the DagBag from /home/airflow/.local/lib/python3.8/site-packages/airflow/example_dags/example_python_decorator.py
[2026-03-09T00:17:37.913+0000] {processor.py:840} INFO - DAG(s) 'example_python_decorator' retrieved from /home/airflow/.local/lib/python3.8/site-packages/airflow/example_dags/example_python_decorator.py
[2026-03-09T00:17:37.972+0000] {logging_mixin.py:188} INFO - [2026-03-09T00:17:37.972+0000] {dag.py:3047} INFO - Sync 1 DAGs
[2026-03-09T00:17:38.007+0000] {logging_mixin.py:188} INFO - [2026-03-09T00:17:38.007+0000] {dag.py:3834} INFO - Setting next_dagrun for example_python_decorator to None, run_after=None
[2026-03-09T00:17:38.075+0000] {processor.py:183} INFO - Processing /home/airflow/.local/lib/python3.8/site-packages/airflow/example_dags/example_python_decorator.py took 0.227 seconds
[2026-03-09T00:18:08.958+0000] {processor.py:161} INFO - Started process (PID=2180) to work on /home/airflow/.local/lib/python3.8/site-packages/airflow/example_dags/example_python_decorator.py
[2026-03-09T00:18:08.961+0000] {processor.py:830} INFO - Processing file /home/airflow/.local/lib/python3.8/site-packages/airflow/example_dags/example_python_decorator.py for tasks to queue
[2026-03-09T00:18:08.966+0000] {logging_mixin.py:188} INFO - [2026-03-09T00:18:08.965+0000] {dagbag.py:540} INFO - Filling up the DagBag from /home/airflow/.local/lib/python3.8/site-packages/airflow/example_dags/example_python_decorator.py
[2026-03-09T00:18:09.004+0000] {processor.py:840} INFO - DAG(s) 'example_python_decorator' retrieved from /home/airflow/.local/lib/python3.8/site-packages/airflow/example_dags/example_python_decorator.py
[2026-03-09T00:18:09.075+0000] {logging_mixin.py:188} INFO - [2026-03-09T00:18:09.075+0000] {dag.py:3047} INFO - Sync 1 DAGs
[2026-03-09T00:18:09.116+0000] {logging_mixin.py:188} INFO - [2026-03-09T00:18:09.115+0000] {dag.py:3834} INFO - Setting next_dagrun for example_python_decorator to None, run_after=None
[2026-03-09T00:18:09.173+0000] {processor.py:183} INFO - Processing /home/airflow/.local/lib/python3.8/site-packages/airflow/example_dags/example_python_decorator.py took 0.225 seconds
[2026-03-09T00:18:39.518+0000] {processor.py:161} INFO - Started process (PID=2236) to work on /home/airflow/.local/lib/python3.8/site-packages/airflow/example_dags/example_python_decorator.py
[2026-03-09T00:18:39.521+0000] {processor.py:830} INFO - Processing file /home/airflow/.local/lib/python3.8/site-packages/airflow/example_dags/example_python_decorator.py for tasks to queue
[2026-03-09T00:18:39.529+0000] {logging_mixin.py:188} INFO - [2026-03-09T00:18:39.528+0000] {dagbag.py:540} INFO - Filling up the DagBag from /home/airflow/.local/lib/python3.8/site-packages/airflow/example_dags/example_python_decorator.py
[2026-03-09T00:18:39.584+0000] {processor.py:840} INFO - DAG(s) 'example_python_decorator' retrieved from /home/airflow/.local/lib/python3.8/site-packages/airflow/example_dags/example_python_decorator.py
[2026-03-09T00:18:39.674+0000] {logging_mixin.py:188} INFO - [2026-03-09T00:18:39.673+0000] {dag.py:3047} INFO - Sync 1 DAGs
[2026-03-09T00:18:39.729+0000] {logging_mixin.py:188} INFO - [2026-03-09T00:18:39.728+0000] {dag.py:3834} INFO - Setting next_dagrun for example_python_decorator to None, run_after=None
[2026-03-09T00:18:39.804+0000] {processor.py:183} INFO - Processing /home/airflow/.local/lib/python3.8/site-packages/airflow/example_dags/example_python_decorator.py took 0.300 seconds
[2026-03-09T00:19:11.494+0000] {processor.py:161} INFO - Started process (PID=2293) to work on /home/airflow/.local/lib/python3.8/site-packages/airflow/example_dags/example_python_decorator.py
[2026-03-09T00:19:11.501+0000] {processor.py:830} INFO - Processing file /home/airflow/.local/lib/python3.8/site-packages/airflow/example_dags/example_python_decorator.py for tasks to queue
[2026-03-09T00:19:11.510+0000] {logging_mixin.py:188} INFO - [2026-03-09T00:19:11.509+0000] {dagbag.py:540} INFO - Filling up the DagBag from /home/airflow/.local/lib/python3.8/site-packages/airflow/example_dags/example_python_decorator.py
[2026-03-09T00:19:11.566+0000] {processor.py:840} INFO - DAG(s) 'example_python_decorator' retrieved from /home/airflow/.local/lib/python3.8/site-packages/airflow/example_dags/example_python_decorator.py
[2026-03-09T00:19:11.679+0000] {logging_mixin.py:188} INFO - [2026-03-09T00:19:11.678+0000] {dag.py:3047} INFO - Sync 1 DAGs
[2026-03-09T00:19:11.787+0000] {logging_mixin.py:188} INFO - [2026-03-09T00:19:11.786+0000] {dag.py:3834} INFO - Setting next_dagrun for example_python_decorator to None, run_after=None
[2026-03-09T00:19:11.866+0000] {processor.py:183} INFO - Processing /home/airflow/.local/lib/python3.8/site-packages/airflow/example_dags/example_python_decorator.py took 0.387 seconds
[2026-03-09T00:19:42.521+0000] {processor.py:161} INFO - Started process (PID=2349) to work on /home/airflow/.local/lib/python3.8/site-packages/airflow/example_dags/example_python_decorator.py
[2026-03-09T00:19:42.525+0000] {processor.py:830} INFO - Processing file /home/airflow/.local/lib/python3.8/site-packages/airflow/example_dags/example_python_decorator.py for tasks to queue
[2026-03-09T00:19:42.533+0000] {logging_mixin.py:188} INFO - [2026-03-09T00:19:42.532+0000] {dagbag.py:540} INFO - Filling up the DagBag from /home/airflow/.local/lib/python3.8/site-packages/airflow/example_dags/example_python_decorator.py
[2026-03-09T00:19:42.582+0000] {processor.py:840} INFO - DAG(s) 'example_python_decorator' retrieved from /home/airflow/.local/lib/python3.8/site-packages/airflow/example_dags/example_python_decorator.py
[2026-03-09T00:19:42.759+0000] {logging_mixin.py:188} INFO - [2026-03-09T00:19:42.758+0000] {dag.py:3047} INFO - Sync 1 DAGs
[2026-03-09T00:19:42.903+0000] {logging_mixin.py:188} INFO - [2026-03-09T00:19:42.902+0000] {dag.py:3834} INFO - Setting next_dagrun for example_python_decorator to None, run_after=None
[2026-03-09T00:19:43.086+0000] {processor.py:183} INFO - Processing /home/airflow/.local/lib/python3.8/site-packages/airflow/example_dags/example_python_decorator.py took 0.578 seconds
[2026-03-09T00:20:13.336+0000] {processor.py:161} INFO - Started process (PID=2405) to work on /home/airflow/.local/lib/python3.8/site-packages/airflow/example_dags/example_python_decorator.py
[2026-03-09T00:20:13.339+0000] {processor.py:830} INFO - Processing file /home/airflow/.local/lib/python3.8/site-packages/airflow/example_dags/example_python_decorator.py for tasks to queue
[2026-03-09T00:20:13.350+0000] {logging_mixin.py:188} INFO - [2026-03-09T00:20:13.349+0000] {dagbag.py:540} INFO - Filling up the DagBag from /home/airflow/.local/lib/python3.8/site-packages/airflow/example_dags/example_python_decorator.py
[2026-03-09T00:20:13.409+0000] {processor.py:840} INFO - DAG(s) 'example_python_decorator' retrieved from /home/airflow/.local/lib/python3.8/site-packages/airflow/example_dags/example_python_decorator.py
[2026-03-09T00:20:13.496+0000] {logging_mixin.py:188} INFO - [2026-03-09T00:20:13.496+0000] {dag.py:3047} INFO - Sync 1 DAGs
[2026-03-09T00:20:13.537+0000] {logging_mixin.py:188} INFO - [2026-03-09T00:20:13.536+0000] {dag.py:3834} INFO - Setting next_dagrun for example_python_decorator to None, run_after=None
[2026-03-09T00:20:13.614+0000] {processor.py:183} INFO - Processing /home/airflow/.local/lib/python3.8/site-packages/airflow/example_dags/example_python_decorator.py took 0.290 seconds
[2026-03-09T00:20:44.083+0000] {processor.py:161} INFO - Started process (PID=2461) to work on /home/airflow/.local/lib/python3.8/site-packages/airflow/example_dags/example_python_decorator.py
[2026-03-09T00:20:44.086+0000] {processor.py:830} INFO - Processing file /home/airflow/.local/lib/python3.8/site-packages/airflow/example_dags/example_python_decorator.py for tasks to queue
[2026-03-09T00:20:44.090+0000] {logging_mixin.py:188} INFO - [2026-03-09T00:20:44.090+0000] {dagbag.py:540} INFO - Filling up the DagBag from /home/airflow/.local/lib/python3.8/site-packages/airflow/example_dags/example_python_decorator.py
[2026-03-09T00:20:44.136+0000] {processor.py:840} INFO - DAG(s) 'example_python_decorator' retrieved from /home/airflow/.local/lib/python3.8/site-packages/airflow/example_dags/example_python_decorator.py
[2026-03-09T00:20:44.200+0000] {logging_mixin.py:188} INFO - [2026-03-09T00:20:44.199+0000] {dag.py:3047} INFO - Sync 1 DAGs
[2026-03-09T00:20:44.227+0000] {logging_mixin.py:188} INFO - [2026-03-09T00:20:44.226+0000] {dag.py:3834} INFO - Setting next_dagrun for example_python_decorator to None, run_after=None
[2026-03-09T00:20:44.269+0000] {processor.py:183} INFO - Processing /home/airflow/.local/lib/python3.8/site-packages/airflow/example_dags/example_python_decorator.py took 0.195 seconds
[2026-03-09T00:21:14.730+0000] {processor.py:161} INFO - Started process (PID=2517) to work on /home/airflow/.local/lib/python3.8/site-packages/airflow/example_dags/example_python_decorator.py
[2026-03-09T00:21:14.737+0000] {processor.py:830} INFO - Processing file /home/airflow/.local/lib/python3.8/site-packages/airflow/example_dags/example_python_decorator.py for tasks to queue
[2026-03-09T00:21:14.749+0000] {logging_mixin.py:188} INFO - [2026-03-09T00:21:14.748+0000] {dagbag.py:540} INFO - Filling up the DagBag from /home/airflow/.local/lib/python3.8/site-packages/airflow/example_dags/example_python_decorator.py
[2026-03-09T00:21:14.822+0000] {processor.py:840} INFO - DAG(s) 'example_python_decorator' retrieved from /home/airflow/.local/lib/python3.8/site-packages/airflow/example_dags/example_python_decorator.py
[2026-03-09T00:21:14.880+0000] {logging_mixin.py:188} INFO - [2026-03-09T00:21:14.879+0000] {dag.py:3047} INFO - Sync 1 DAGs
[2026-03-09T00:21:14.910+0000] {logging_mixin.py:188} INFO - [2026-03-09T00:21:14.910+0000] {dag.py:3834} INFO - Setting next_dagrun for example_python_decorator to None, run_after=None
[2026-03-09T00:21:14.964+0000] {processor.py:183} INFO - Processing /home/airflow/.local/lib/python3.8/site-packages/airflow/example_dags/example_python_decorator.py took 0.258 seconds
[2026-03-09T00:21:46.522+0000] {processor.py:161} INFO - Started process (PID=2571) to work on /home/airflow/.local/lib/python3.8/site-packages/airflow/example_dags/example_python_decorator.py
[2026-03-09T00:21:46.528+0000] {processor.py:830} INFO - Processing file /home/airflow/.local/lib/python3.8/site-packages/airflow/example_dags/example_python_decorator.py for tasks to queue
[2026-03-09T00:21:46.538+0000] {logging_mixin.py:188} INFO - [2026-03-09T00:21:46.537+0000] {dagbag.py:540} INFO - Filling up the DagBag from /home/airflow/.local/lib/python3.8/site-packages/airflow/example_dags/example_python_decorator.py
[2026-03-09T00:21:46.605+0000] {processor.py:840} INFO - DAG(s) 'example_python_decorator' retrieved from /home/airflow/.local/lib/python3.8/site-packages/airflow/example_dags/example_python_decorator.py
[2026-03-09T00:21:46.681+0000] {logging_mixin.py:188} INFO - [2026-03-09T00:21:46.681+0000] {dag.py:3047} INFO - Sync 1 DAGs
[2026-03-09T00:21:46.721+0000] {logging_mixin.py:188} INFO - [2026-03-09T00:21:46.720+0000] {dag.py:3834} INFO - Setting next_dagrun for example_python_decorator to None, run_after=None
[2026-03-09T00:21:46.788+0000] {processor.py:183} INFO - Processing /home/airflow/.local/lib/python3.8/site-packages/airflow/example_dags/example_python_decorator.py took 0.287 seconds
[2026-03-09T00:22:17.238+0000] {processor.py:161} INFO - Started process (PID=2626) to work on /home/airflow/.local/lib/python3.8/site-packages/airflow/example_dags/example_python_decorator.py
[2026-03-09T00:22:17.243+0000] {processor.py:830} INFO - Processing file /home/airflow/.local/lib/python3.8/site-packages/airflow/example_dags/example_python_decorator.py for tasks to queue
[2026-03-09T00:22:17.257+0000] {logging_mixin.py:188} INFO - [2026-03-09T00:22:17.255+0000] {dagbag.py:540} INFO - Filling up the DagBag from /home/airflow/.local/lib/python3.8/site-packages/airflow/example_dags/example_python_decorator.py
[2026-03-09T00:22:17.341+0000] {processor.py:840} INFO - DAG(s) 'example_python_decorator' retrieved from /home/airflow/.local/lib/python3.8/site-packages/airflow/example_dags/example_python_decorator.py
[2026-03-09T00:22:17.511+0000] {logging_mixin.py:188} INFO - [2026-03-09T00:22:17.509+0000] {dag.py:3047} INFO - Sync 1 DAGs
[2026-03-09T00:22:17.705+0000] {logging_mixin.py:188} INFO - [2026-03-09T00:22:17.698+0000] {dag.py:3834} INFO - Setting next_dagrun for example_python_decorator to None, run_after=None
[2026-03-09T00:22:17.835+0000] {processor.py:183} INFO - Processing /home/airflow/.local/lib/python3.8/site-packages/airflow/example_dags/example_python_decorator.py took 0.620 seconds
[2026-03-09T00:22:48.218+0000] {processor.py:161} INFO - Started process (PID=2682) to work on /home/airflow/.local/lib/python3.8/site-packages/airflow/example_dags/example_python_decorator.py
[2026-03-09T00:22:48.222+0000] {processor.py:830} INFO - Processing file /home/airflow/.local/lib/python3.8/site-packages/airflow/example_dags/example_python_decorator.py for tasks to queue
[2026-03-09T00:22:48.232+0000] {logging_mixin.py:188} INFO - [2026-03-09T00:22:48.231+0000] {dagbag.py:540} INFO - Filling up the DagBag from /home/airflow/.local/lib/python3.8/site-packages/airflow/example_dags/example_python_decorator.py
[2026-03-09T00:22:48.288+0000] {processor.py:840} INFO - DAG(s) 'example_python_decorator' retrieved from /home/airflow/.local/lib/python3.8/site-packages/airflow/example_dags/example_python_decorator.py
[2026-03-09T00:22:48.360+0000] {logging_mixin.py:188} INFO - [2026-03-09T00:22:48.360+0000] {dag.py:3047} INFO - Sync 1 DAGs
[2026-03-09T00:22:48.399+0000] {logging_mixin.py:188} INFO - [2026-03-09T00:22:48.399+0000] {dag.py:3834} INFO - Setting next_dagrun for example_python_decorator to None, run_after=None
[2026-03-09T00:22:48.479+0000] {processor.py:183} INFO - Processing /home/airflow/.local/lib/python3.8/site-packages/airflow/example_dags/example_python_decorator.py took 0.288 seconds
[2026-03-09T00:23:18.718+0000] {processor.py:161} INFO - Started process (PID=2732) to work on /home/airflow/.local/lib/python3.8/site-packages/airflow/example_dags/example_python_decorator.py
[2026-03-09T00:23:18.722+0000] {processor.py:830} INFO - Processing file /home/airflow/.local/lib/python3.8/site-packages/airflow/example_dags/example_python_decorator.py for tasks to queue
[2026-03-09T00:23:18.726+0000] {logging_mixin.py:188} INFO - [2026-03-09T00:23:18.726+0000] {dagbag.py:540} INFO - Filling up the DagBag from /home/airflow/.local/lib/python3.8/site-packages/airflow/example_dags/example_python_decorator.py
[2026-03-09T00:23:18.757+0000] {processor.py:840} INFO - DAG(s) 'example_python_decorator' retrieved from /home/airflow/.local/lib/python3.8/site-packages/airflow/example_dags/example_python_decorator.py
[2026-03-09T00:23:18.810+0000] {logging_mixin.py:188} INFO - [2026-03-09T00:23:18.809+0000] {dag.py:3047} INFO - Sync 1 DAGs
[2026-03-09T00:23:18.837+0000] {logging_mixin.py:188} INFO - [2026-03-09T00:23:18.837+0000] {dag.py:3834} INFO - Setting next_dagrun for example_python_decorator to None, run_after=None
[2026-03-09T00:23:18.882+0000] {processor.py:183} INFO - Processing /home/airflow/.local/lib/python3.8/site-packages/airflow/example_dags/example_python_decorator.py took 0.172 seconds
[2026-03-09T00:23:49.564+0000] {processor.py:161} INFO - Started process (PID=2788) to work on /home/airflow/.local/lib/python3.8/site-packages/airflow/example_dags/example_python_decorator.py
[2026-03-09T00:23:49.576+0000] {processor.py:830} INFO - Processing file /home/airflow/.local/lib/python3.8/site-packages/airflow/example_dags/example_python_decorator.py for tasks to queue
[2026-03-09T00:23:49.590+0000] {logging_mixin.py:188} INFO - [2026-03-09T00:23:49.587+0000] {dagbag.py:540} INFO - Filling up the DagBag from /home/airflow/.local/lib/python3.8/site-packages/airflow/example_dags/example_python_decorator.py
[2026-03-09T00:23:49.708+0000] {processor.py:840} INFO - DAG(s) 'example_python_decorator' retrieved from /home/airflow/.local/lib/python3.8/site-packages/airflow/example_dags/example_python_decorator.py
[2026-03-09T00:23:49.825+0000] {logging_mixin.py:188} INFO - [2026-03-09T00:23:49.824+0000] {dag.py:3047} INFO - Sync 1 DAGs
[2026-03-09T00:23:49.870+0000] {logging_mixin.py:188} INFO - [2026-03-09T00:23:49.869+0000] {dag.py:3834} INFO - Setting next_dagrun for example_python_decorator to None, run_after=None
[2026-03-09T00:23:49.921+0000] {processor.py:183} INFO - Processing /home/airflow/.local/lib/python3.8/site-packages/airflow/example_dags/example_python_decorator.py took 0.388 seconds
[2026-03-09T00:24:20.786+0000] {processor.py:161} INFO - Started process (PID=2844) to work on /home/airflow/.local/lib/python3.8/site-packages/airflow/example_dags/example_python_decorator.py
[2026-03-09T00:24:20.793+0000] {processor.py:830} INFO - Processing file /home/airflow/.local/lib/python3.8/site-packages/airflow/example_dags/example_python_decorator.py for tasks to queue
[2026-03-09T00:24:20.810+0000] {logging_mixin.py:188} INFO - [2026-03-09T00:24:20.808+0000] {dagbag.py:540} INFO - Filling up the DagBag from /home/airflow/.local/lib/python3.8/site-packages/airflow/example_dags/example_python_decorator.py
[2026-03-09T00:24:20.909+0000] {processor.py:840} INFO - DAG(s) 'example_python_decorator' retrieved from /home/airflow/.local/lib/python3.8/site-packages/airflow/example_dags/example_python_decorator.py
[2026-03-09T00:24:21.114+0000] {logging_mixin.py:188} INFO - [2026-03-09T00:24:21.113+0000] {dag.py:3047} INFO - Sync 1 DAGs
[2026-03-09T00:24:21.162+0000] {logging_mixin.py:188} INFO - [2026-03-09T00:24:21.161+0000] {dag.py:3834} INFO - Setting next_dagrun for example_python_decorator to None, run_after=None
[2026-03-09T00:24:21.273+0000] {processor.py:183} INFO - Processing /home/airflow/.local/lib/python3.8/site-packages/airflow/example_dags/example_python_decorator.py took 0.520 seconds
[2026-03-09T00:24:51.591+0000] {processor.py:161} INFO - Started process (PID=2899) to work on /home/airflow/.local/lib/python3.8/site-packages/airflow/example_dags/example_python_decorator.py
[2026-03-09T00:24:51.595+0000] {processor.py:830} INFO - Processing file /home/airflow/.local/lib/python3.8/site-packages/airflow/example_dags/example_python_decorator.py for tasks to queue
[2026-03-09T00:24:51.602+0000] {logging_mixin.py:188} INFO - [2026-03-09T00:24:51.601+0000] {dagbag.py:540} INFO - Filling up the DagBag from /home/airflow/.local/lib/python3.8/site-packages/airflow/example_dags/example_python_decorator.py
[2026-03-09T00:24:51.645+0000] {processor.py:840} INFO - DAG(s) 'example_python_decorator' retrieved from /home/airflow/.local/lib/python3.8/site-packages/airflow/example_dags/example_python_decorator.py
[2026-03-09T00:24:51.727+0000] {logging_mixin.py:188} INFO - [2026-03-09T00:24:51.726+0000] {dag.py:3047} INFO - Sync 1 DAGs
[2026-03-09T00:24:51.776+0000] {logging_mixin.py:188} INFO - [2026-03-09T00:24:51.776+0000] {dag.py:3834} INFO - Setting next_dagrun for example_python_decorator to None, run_after=None
[2026-03-09T00:24:51.826+0000] {processor.py:183} INFO - Processing /home/airflow/.local/lib/python3.8/site-packages/airflow/example_dags/example_python_decorator.py took 0.248 seconds
[2026-03-09T00:25:28.739+0000] {processor.py:161} INFO - Started process (PID=2960) to work on /home/airflow/.local/lib/python3.8/site-packages/airflow/example_dags/example_python_decorator.py
[2026-03-09T00:25:28.745+0000] {processor.py:830} INFO - Processing file /home/airflow/.local/lib/python3.8/site-packages/airflow/example_dags/example_python_decorator.py for tasks to queue
[2026-03-09T00:25:28.763+0000] {logging_mixin.py:188} INFO - [2026-03-09T00:25:28.762+0000] {dagbag.py:540} INFO - Filling up the DagBag from /home/airflow/.local/lib/python3.8/site-packages/airflow/example_dags/example_python_decorator.py
[2026-03-09T00:25:28.860+0000] {processor.py:840} INFO - DAG(s) 'example_python_decorator' retrieved from /home/airflow/.local/lib/python3.8/site-packages/airflow/example_dags/example_python_decorator.py
[2026-03-09T00:25:28.983+0000] {logging_mixin.py:188} INFO - [2026-03-09T00:25:28.978+0000] {dag.py:3047} INFO - Sync 1 DAGs
[2026-03-09T00:25:29.035+0000] {logging_mixin.py:188} INFO - [2026-03-09T00:25:29.035+0000] {dag.py:3834} INFO - Setting next_dagrun for example_python_decorator to None, run_after=None
[2026-03-09T00:25:29.112+0000] {processor.py:183} INFO - Processing /home/airflow/.local/lib/python3.8/site-packages/airflow/example_dags/example_python_decorator.py took 0.410 seconds
[2026-03-09T00:26:00.812+0000] {processor.py:161} INFO - Started process (PID=3016) to work on /home/airflow/.local/lib/python3.8/site-packages/airflow/example_dags/example_python_decorator.py
[2026-03-09T00:26:00.825+0000] {processor.py:830} INFO - Processing file /home/airflow/.local/lib/python3.8/site-packages/airflow/example_dags/example_python_decorator.py for tasks to queue
[2026-03-09T00:26:00.844+0000] {logging_mixin.py:188} INFO - [2026-03-09T00:26:00.843+0000] {dagbag.py:540} INFO - Filling up the DagBag from /home/airflow/.local/lib/python3.8/site-packages/airflow/example_dags/example_python_decorator.py
[2026-03-09T00:26:00.965+0000] {processor.py:840} INFO - DAG(s) 'example_python_decorator' retrieved from /home/airflow/.local/lib/python3.8/site-packages/airflow/example_dags/example_python_decorator.py
[2026-03-09T00:26:01.137+0000] {logging_mixin.py:188} INFO - [2026-03-09T00:26:01.136+0000] {dag.py:3047} INFO - Sync 1 DAGs
[2026-03-09T00:26:01.258+0000] {logging_mixin.py:188} INFO - [2026-03-09T00:26:01.258+0000] {dag.py:3834} INFO - Setting next_dagrun for example_python_decorator to None, run_after=None
[2026-03-09T00:26:01.367+0000] {processor.py:183} INFO - Processing /home/airflow/.local/lib/python3.8/site-packages/airflow/example_dags/example_python_decorator.py took 0.600 seconds
[2026-03-09T00:26:32.200+0000] {processor.py:161} INFO - Started process (PID=3071) to work on /home/airflow/.local/lib/python3.8/site-packages/airflow/example_dags/example_python_decorator.py
[2026-03-09T00:26:32.204+0000] {processor.py:830} INFO - Processing file /home/airflow/.local/lib/python3.8/site-packages/airflow/example_dags/example_python_decorator.py for tasks to queue
[2026-03-09T00:26:32.212+0000] {logging_mixin.py:188} INFO - [2026-03-09T00:26:32.211+0000] {dagbag.py:540} INFO - Filling up the DagBag from /home/airflow/.local/lib/python3.8/site-packages/airflow/example_dags/example_python_decorator.py
[2026-03-09T00:26:32.260+0000] {processor.py:840} INFO - DAG(s) 'example_python_decorator' retrieved from /home/airflow/.local/lib/python3.8/site-packages/airflow/example_dags/example_python_decorator.py
[2026-03-09T00:26:32.338+0000] {logging_mixin.py:188} INFO - [2026-03-09T00:26:32.338+0000] {dag.py:3047} INFO - Sync 1 DAGs
[2026-03-09T00:26:32.391+0000] {logging_mixin.py:188} INFO - [2026-03-09T00:26:32.390+0000] {dag.py:3834} INFO - Setting next_dagrun for example_python_decorator to None, run_after=None
[2026-03-09T00:26:32.468+0000] {processor.py:183} INFO - Processing /home/airflow/.local/lib/python3.8/site-packages/airflow/example_dags/example_python_decorator.py took 0.280 seconds
[2026-03-09T00:27:02.932+0000] {processor.py:161} INFO - Started process (PID=3126) to work on /home/airflow/.local/lib/python3.8/site-packages/airflow/example_dags/example_python_decorator.py
[2026-03-09T00:27:02.936+0000] {processor.py:830} INFO - Processing file /home/airflow/.local/lib/python3.8/site-packages/airflow/example_dags/example_python_decorator.py for tasks to queue
[2026-03-09T00:27:02.942+0000] {logging_mixin.py:188} INFO - [2026-03-09T00:27:02.941+0000] {dagbag.py:540} INFO - Filling up the DagBag from /home/airflow/.local/lib/python3.8/site-packages/airflow/example_dags/example_python_decorator.py
[2026-03-09T00:27:02.981+0000] {processor.py:840} INFO - DAG(s) 'example_python_decorator' retrieved from /home/airflow/.local/lib/python3.8/site-packages/airflow/example_dags/example_python_decorator.py
[2026-03-09T00:27:03.050+0000] {logging_mixin.py:188} INFO - [2026-03-09T00:27:03.049+0000] {dag.py:3047} INFO - Sync 1 DAGs
[2026-03-09T00:27:03.089+0000] {logging_mixin.py:188} INFO - [2026-03-09T00:27:03.088+0000] {dag.py:3834} INFO - Setting next_dagrun for example_python_decorator to None, run_after=None
[2026-03-09T00:27:03.140+0000] {processor.py:183} INFO - Processing /home/airflow/.local/lib/python3.8/site-packages/airflow/example_dags/example_python_decorator.py took 0.227 seconds
[2026-03-09T00:27:33.616+0000] {processor.py:161} INFO - Started process (PID=3182) to work on /home/airflow/.local/lib/python3.8/site-packages/airflow/example_dags/example_python_decorator.py
[2026-03-09T00:27:33.620+0000] {processor.py:830} INFO - Processing file /home/airflow/.local/lib/python3.8/site-packages/airflow/example_dags/example_python_decorator.py for tasks to queue
[2026-03-09T00:27:33.626+0000] {logging_mixin.py:188} INFO - [2026-03-09T00:27:33.625+0000] {dagbag.py:540} INFO - Filling up the DagBag from /home/airflow/.local/lib/python3.8/site-packages/airflow/example_dags/example_python_decorator.py
[2026-03-09T00:27:33.668+0000] {processor.py:840} INFO - DAG(s) 'example_python_decorator' retrieved from /home/airflow/.local/lib/python3.8/site-packages/airflow/example_dags/example_python_decorator.py
[2026-03-09T00:27:33.734+0000] {logging_mixin.py:188} INFO - [2026-03-09T00:27:33.734+0000] {dag.py:3047} INFO - Sync 1 DAGs
[2026-03-09T00:27:33.766+0000] {logging_mixin.py:188} INFO - [2026-03-09T00:27:33.766+0000] {dag.py:3834} INFO - Setting next_dagrun for example_python_decorator to None, run_after=None
[2026-03-09T00:27:33.833+0000] {processor.py:183} INFO - Processing /home/airflow/.local/lib/python3.8/site-packages/airflow/example_dags/example_python_decorator.py took 0.230 seconds
[2026-03-09T00:28:04.499+0000] {processor.py:161} INFO - Started process (PID=3238) to work on /home/airflow/.local/lib/python3.8/site-packages/airflow/example_dags/example_python_decorator.py
[2026-03-09T00:28:04.504+0000] {processor.py:830} INFO - Processing file /home/airflow/.local/lib/python3.8/site-packages/airflow/example_dags/example_python_decorator.py for tasks to queue
[2026-03-09T00:28:04.514+0000] {logging_mixin.py:188} INFO - [2026-03-09T00:28:04.512+0000] {dagbag.py:540} INFO - Filling up the DagBag from /home/airflow/.local/lib/python3.8/site-packages/airflow/example_dags/example_python_decorator.py
[2026-03-09T00:28:04.591+0000] {processor.py:840} INFO - DAG(s) 'example_python_decorator' retrieved from /home/airflow/.local/lib/python3.8/site-packages/airflow/example_dags/example_python_decorator.py
[2026-03-09T00:28:04.684+0000] {logging_mixin.py:188} INFO - [2026-03-09T00:28:04.683+0000] {dag.py:3047} INFO - Sync 1 DAGs
[2026-03-09T00:28:04.744+0000] {logging_mixin.py:188} INFO - [2026-03-09T00:28:04.743+0000] {dag.py:3834} INFO - Setting next_dagrun for example_python_decorator to None, run_after=None
[2026-03-09T00:28:04.810+0000] {processor.py:183} INFO - Processing /home/airflow/.local/lib/python3.8/site-packages/airflow/example_dags/example_python_decorator.py took 0.328 seconds
[2026-03-09T00:28:36.491+0000] {processor.py:161} INFO - Started process (PID=3294) to work on /home/airflow/.local/lib/python3.8/site-packages/airflow/example_dags/example_python_decorator.py
[2026-03-09T00:28:36.494+0000] {processor.py:830} INFO - Processing file /home/airflow/.local/lib/python3.8/site-packages/airflow/example_dags/example_python_decorator.py for tasks to queue
[2026-03-09T00:28:36.499+0000] {logging_mixin.py:188} INFO - [2026-03-09T00:28:36.498+0000] {dagbag.py:540} INFO - Filling up the DagBag from /home/airflow/.local/lib/python3.8/site-packages/airflow/example_dags/example_python_decorator.py
[2026-03-09T00:28:36.546+0000] {processor.py:840} INFO - DAG(s) 'example_python_decorator' retrieved from /home/airflow/.local/lib/python3.8/site-packages/airflow/example_dags/example_python_decorator.py
[2026-03-09T00:28:36.620+0000] {logging_mixin.py:188} INFO - [2026-03-09T00:28:36.619+0000] {dag.py:3047} INFO - Sync 1 DAGs
[2026-03-09T00:28:36.661+0000] {logging_mixin.py:188} INFO - [2026-03-09T00:28:36.661+0000] {dag.py:3834} INFO - Setting next_dagrun for example_python_decorator to None, run_after=None
[2026-03-09T00:28:36.719+0000] {processor.py:183} INFO - Processing /home/airflow/.local/lib/python3.8/site-packages/airflow/example_dags/example_python_decorator.py took 0.239 seconds
[2026-03-09T00:29:07.098+0000] {processor.py:161} INFO - Started process (PID=3350) to work on /home/airflow/.local/lib/python3.8/site-packages/airflow/example_dags/example_python_decorator.py
[2026-03-09T00:29:07.104+0000] {processor.py:830} INFO - Processing file /home/airflow/.local/lib/python3.8/site-packages/airflow/example_dags/example_python_decorator.py for tasks to queue
[2026-03-09T00:29:07.114+0000] {logging_mixin.py:188} INFO - [2026-03-09T00:29:07.113+0000] {dagbag.py:540} INFO - Filling up the DagBag from /home/airflow/.local/lib/python3.8/site-packages/airflow/example_dags/example_python_decorator.py
[2026-03-09T00:29:07.197+0000] {processor.py:840} INFO - DAG(s) 'example_python_decorator' retrieved from /home/airflow/.local/lib/python3.8/site-packages/airflow/example_dags/example_python_decorator.py
[2026-03-09T00:29:07.311+0000] {logging_mixin.py:188} INFO - [2026-03-09T00:29:07.311+0000] {dag.py:3047} INFO - Sync 1 DAGs
[2026-03-09T00:29:07.352+0000] {logging_mixin.py:188} INFO - [2026-03-09T00:29:07.351+0000] {dag.py:3834} INFO - Setting next_dagrun for example_python_decorator to None, run_after=None
[2026-03-09T00:29:07.407+0000] {processor.py:183} INFO - Processing /home/airflow/.local/lib/python3.8/site-packages/airflow/example_dags/example_python_decorator.py took 0.327 seconds
[2026-03-09T00:29:37.624+0000] {processor.py:161} INFO - Started process (PID=3405) to work on /home/airflow/.local/lib/python3.8/site-packages/airflow/example_dags/example_python_decorator.py
[2026-03-09T00:29:37.630+0000] {processor.py:830} INFO - Processing file /home/airflow/.local/lib/python3.8/site-packages/airflow/example_dags/example_python_decorator.py for tasks to queue
[2026-03-09T00:29:37.636+0000] {logging_mixin.py:188} INFO - [2026-03-09T00:29:37.635+0000] {dagbag.py:540} INFO - Filling up the DagBag from /home/airflow/.local/lib/python3.8/site-packages/airflow/example_dags/example_python_decorator.py
[2026-03-09T00:29:37.691+0000] {processor.py:840} INFO - DAG(s) 'example_python_decorator' retrieved from /home/airflow/.local/lib/python3.8/site-packages/airflow/example_dags/example_python_decorator.py
[2026-03-09T00:29:37.769+0000] {logging_mixin.py:188} INFO - [2026-03-09T00:29:37.769+0000] {dag.py:3047} INFO - Sync 1 DAGs
[2026-03-09T00:29:37.803+0000] {logging_mixin.py:188} INFO - [2026-03-09T00:29:37.802+0000] {dag.py:3834} INFO - Setting next_dagrun for example_python_decorator to None, run_after=None
[2026-03-09T00:29:37.853+0000] {processor.py:183} INFO - Processing /home/airflow/.local/lib/python3.8/site-packages/airflow/example_dags/example_python_decorator.py took 0.243 seconds
[2026-03-09T00:30:07.985+0000] {processor.py:161} INFO - Started process (PID=3453) to work on /home/airflow/.local/lib/python3.8/site-packages/airflow/example_dags/example_python_decorator.py
[2026-03-09T00:30:07.988+0000] {processor.py:830} INFO - Processing file /home/airflow/.local/lib/python3.8/site-packages/airflow/example_dags/example_python_decorator.py for tasks to queue
[2026-03-09T00:30:07.996+0000] {logging_mixin.py:188} INFO - [2026-03-09T00:30:07.995+0000] {dagbag.py:540} INFO - Filling up the DagBag from /home/airflow/.local/lib/python3.8/site-packages/airflow/example_dags/example_python_decorator.py
[2026-03-09T00:30:08.036+0000] {processor.py:840} INFO - DAG(s) 'example_python_decorator' retrieved from /home/airflow/.local/lib/python3.8/site-packages/airflow/example_dags/example_python_decorator.py
[2026-03-09T00:30:08.111+0000] {logging_mixin.py:188} INFO - [2026-03-09T00:30:08.110+0000] {dag.py:3047} INFO - Sync 1 DAGs
[2026-03-09T00:30:08.164+0000] {logging_mixin.py:188} INFO - [2026-03-09T00:30:08.163+0000] {dag.py:3834} INFO - Setting next_dagrun for example_python_decorator to None, run_after=None
[2026-03-09T00:30:08.225+0000] {processor.py:183} INFO - Processing /home/airflow/.local/lib/python3.8/site-packages/airflow/example_dags/example_python_decorator.py took 0.255 seconds
[2026-03-09T00:30:38.719+0000] {processor.py:161} INFO - Started process (PID=3509) to work on /home/airflow/.local/lib/python3.8/site-packages/airflow/example_dags/example_python_decorator.py
[2026-03-09T00:30:38.737+0000] {processor.py:830} INFO - Processing file /home/airflow/.local/lib/python3.8/site-packages/airflow/example_dags/example_python_decorator.py for tasks to queue
[2026-03-09T00:30:38.756+0000] {logging_mixin.py:188} INFO - [2026-03-09T00:30:38.754+0000] {dagbag.py:540} INFO - Filling up the DagBag from /home/airflow/.local/lib/python3.8/site-packages/airflow/example_dags/example_python_decorator.py
[2026-03-09T00:30:38.888+0000] {processor.py:840} INFO - DAG(s) 'example_python_decorator' retrieved from /home/airflow/.local/lib/python3.8/site-packages/airflow/example_dags/example_python_decorator.py
[2026-03-09T00:30:39.142+0000] {logging_mixin.py:188} INFO - [2026-03-09T00:30:39.141+0000] {dag.py:3047} INFO - Sync 1 DAGs
[2026-03-09T00:30:39.227+0000] {logging_mixin.py:188} INFO - [2026-03-09T00:30:39.226+0000] {dag.py:3834} INFO - Setting next_dagrun for example_python_decorator to None, run_after=None
[2026-03-09T00:30:39.361+0000] {processor.py:183} INFO - Processing /home/airflow/.local/lib/python3.8/site-packages/airflow/example_dags/example_python_decorator.py took 0.664 seconds
[2026-03-09T00:31:10.148+0000] {processor.py:161} INFO - Started process (PID=3565) to work on /home/airflow/.local/lib/python3.8/site-packages/airflow/example_dags/example_python_decorator.py
[2026-03-09T00:31:10.153+0000] {processor.py:830} INFO - Processing file /home/airflow/.local/lib/python3.8/site-packages/airflow/example_dags/example_python_decorator.py for tasks to queue
[2026-03-09T00:31:10.161+0000] {logging_mixin.py:188} INFO - [2026-03-09T00:31:10.160+0000] {dagbag.py:540} INFO - Filling up the DagBag from /home/airflow/.local/lib/python3.8/site-packages/airflow/example_dags/example_python_decorator.py
[2026-03-09T00:31:10.197+0000] {processor.py:840} INFO - DAG(s) 'example_python_decorator' retrieved from /home/airflow/.local/lib/python3.8/site-packages/airflow/example_dags/example_python_decorator.py
[2026-03-09T00:31:10.243+0000] {logging_mixin.py:188} INFO - [2026-03-09T00:31:10.243+0000] {dag.py:3047} INFO - Sync 1 DAGs
[2026-03-09T00:31:10.264+0000] {logging_mixin.py:188} INFO - [2026-03-09T00:31:10.264+0000] {dag.py:3834} INFO - Setting next_dagrun for example_python_decorator to None, run_after=None
[2026-03-09T00:31:10.299+0000] {processor.py:183} INFO - Processing /home/airflow/.local/lib/python3.8/site-packages/airflow/example_dags/example_python_decorator.py took 0.181 seconds
[2026-03-09T00:31:40.879+0000] {processor.py:161} INFO - Started process (PID=3621) to work on /home/airflow/.local/lib/python3.8/site-packages/airflow/example_dags/example_python_decorator.py
[2026-03-09T00:31:40.885+0000] {processor.py:830} INFO - Processing file /home/airflow/.local/lib/python3.8/site-packages/airflow/example_dags/example_python_decorator.py for tasks to queue
[2026-03-09T00:31:40.896+0000] {logging_mixin.py:188} INFO - [2026-03-09T00:31:40.895+0000] {dagbag.py:540} INFO - Filling up the DagBag from /home/airflow/.local/lib/python3.8/site-packages/airflow/example_dags/example_python_decorator.py
[2026-03-09T00:31:40.968+0000] {processor.py:840} INFO - DAG(s) 'example_python_decorator' retrieved from /home/airflow/.local/lib/python3.8/site-packages/airflow/example_dags/example_python_decorator.py
[2026-03-09T00:31:41.022+0000] {logging_mixin.py:188} INFO - [2026-03-09T00:31:41.022+0000] {dag.py:3047} INFO - Sync 1 DAGs
[2026-03-09T00:31:41.058+0000] {logging_mixin.py:188} INFO - [2026-03-09T00:31:41.057+0000] {dag.py:3834} INFO - Setting next_dagrun for example_python_decorator to None, run_after=None
[2026-03-09T00:31:41.108+0000] {processor.py:183} INFO - Processing /home/airflow/.local/lib/python3.8/site-packages/airflow/example_dags/example_python_decorator.py took 0.249 seconds
[2026-03-09T00:32:12.015+0000] {processor.py:161} INFO - Started process (PID=3676) to work on /home/airflow/.local/lib/python3.8/site-packages/airflow/example_dags/example_python_decorator.py
[2026-03-09T00:32:12.019+0000] {processor.py:830} INFO - Processing file /home/airflow/.local/lib/python3.8/site-packages/airflow/example_dags/example_python_decorator.py for tasks to queue
[2026-03-09T00:32:12.026+0000] {logging_mixin.py:188} INFO - [2026-03-09T00:32:12.025+0000] {dagbag.py:540} INFO - Filling up the DagBag from /home/airflow/.local/lib/python3.8/site-packages/airflow/example_dags/example_python_decorator.py
[2026-03-09T00:32:12.087+0000] {processor.py:840} INFO - DAG(s) 'example_python_decorator' retrieved from /home/airflow/.local/lib/python3.8/site-packages/airflow/example_dags/example_python_decorator.py
[2026-03-09T00:32:12.147+0000] {logging_mixin.py:188} INFO - [2026-03-09T00:32:12.146+0000] {dag.py:3047} INFO - Sync 1 DAGs
[2026-03-09T00:32:12.175+0000] {logging_mixin.py:188} INFO - [2026-03-09T00:32:12.175+0000] {dag.py:3834} INFO - Setting next_dagrun for example_python_decorator to None, run_after=None
[2026-03-09T00:32:12.223+0000] {processor.py:183} INFO - Processing /home/airflow/.local/lib/python3.8/site-packages/airflow/example_dags/example_python_decorator.py took 0.221 seconds
[2026-03-09T00:32:43.005+0000] {processor.py:161} INFO - Started process (PID=3732) to work on /home/airflow/.local/lib/python3.8/site-packages/airflow/example_dags/example_python_decorator.py
[2026-03-09T00:32:43.010+0000] {processor.py:830} INFO - Processing file /home/airflow/.local/lib/python3.8/site-packages/airflow/example_dags/example_python_decorator.py for tasks to queue
[2026-03-09T00:32:43.016+0000] {logging_mixin.py:188} INFO - [2026-03-09T00:32:43.015+0000] {dagbag.py:540} INFO - Filling up the DagBag from /home/airflow/.local/lib/python3.8/site-packages/airflow/example_dags/example_python_decorator.py
[2026-03-09T00:32:43.060+0000] {processor.py:840} INFO - DAG(s) 'example_python_decorator' retrieved from /home/airflow/.local/lib/python3.8/site-packages/airflow/example_dags/example_python_decorator.py
[2026-03-09T00:32:43.114+0000] {logging_mixin.py:188} INFO - [2026-03-09T00:32:43.114+0000] {dag.py:3047} INFO - Sync 1 DAGs
[2026-03-09T00:32:43.150+0000] {logging_mixin.py:188} INFO - [2026-03-09T00:32:43.150+0000] {dag.py:3834} INFO - Setting next_dagrun for example_python_decorator to None, run_after=None
[2026-03-09T00:32:43.438+0000] {processor.py:183} INFO - Processing /home/airflow/.local/lib/python3.8/site-packages/airflow/example_dags/example_python_decorator.py took 0.453 seconds
[2026-03-09T00:33:14.105+0000] {processor.py:161} INFO - Started process (PID=3788) to work on /home/airflow/.local/lib/python3.8/site-packages/airflow/example_dags/example_python_decorator.py
[2026-03-09T00:33:14.110+0000] {processor.py:830} INFO - Processing file /home/airflow/.local/lib/python3.8/site-packages/airflow/example_dags/example_python_decorator.py for tasks to queue
[2026-03-09T00:33:14.117+0000] {logging_mixin.py:188} INFO - [2026-03-09T00:33:14.116+0000] {dagbag.py:540} INFO - Filling up the DagBag from /home/airflow/.local/lib/python3.8/site-packages/airflow/example_dags/example_python_decorator.py
[2026-03-09T00:33:14.147+0000] {processor.py:840} INFO - DAG(s) 'example_python_decorator' retrieved from /home/airflow/.local/lib/python3.8/site-packages/airflow/example_dags/example_python_decorator.py
[2026-03-09T00:33:14.193+0000] {logging_mixin.py:188} INFO - [2026-03-09T00:33:14.192+0000] {dag.py:3047} INFO - Sync 1 DAGs
[2026-03-09T00:33:14.216+0000] {logging_mixin.py:188} INFO - [2026-03-09T00:33:14.215+0000] {dag.py:3834} INFO - Setting next_dagrun for example_python_decorator to None, run_after=None
[2026-03-09T00:33:14.254+0000] {processor.py:183} INFO - Processing /home/airflow/.local/lib/python3.8/site-packages/airflow/example_dags/example_python_decorator.py took 0.162 seconds
[2026-03-09T00:33:44.465+0000] {processor.py:161} INFO - Started process (PID=3844) to work on /home/airflow/.local/lib/python3.8/site-packages/airflow/example_dags/example_python_decorator.py
[2026-03-09T00:33:44.472+0000] {processor.py:830} INFO - Processing file /home/airflow/.local/lib/python3.8/site-packages/airflow/example_dags/example_python_decorator.py for tasks to queue
[2026-03-09T00:33:44.481+0000] {logging_mixin.py:188} INFO - [2026-03-09T00:33:44.480+0000] {dagbag.py:540} INFO - Filling up the DagBag from /home/airflow/.local/lib/python3.8/site-packages/airflow/example_dags/example_python_decorator.py
[2026-03-09T00:33:44.548+0000] {processor.py:840} INFO - DAG(s) 'example_python_decorator' retrieved from /home/airflow/.local/lib/python3.8/site-packages/airflow/example_dags/example_python_decorator.py
[2026-03-09T00:33:44.637+0000] {logging_mixin.py:188} INFO - [2026-03-09T00:33:44.637+0000] {dag.py:3047} INFO - Sync 1 DAGs
[2026-03-09T00:33:44.690+0000] {logging_mixin.py:188} INFO - [2026-03-09T00:33:44.690+0000] {dag.py:3834} INFO - Setting next_dagrun for example_python_decorator to None, run_after=None
[2026-03-09T00:33:44.772+0000] {processor.py:183} INFO - Processing /home/airflow/.local/lib/python3.8/site-packages/airflow/example_dags/example_python_decorator.py took 0.324 seconds
[2026-03-09T00:34:19.852+0000] {processor.py:161} INFO - Started process (PID=3906) to work on /home/airflow/.local/lib/python3.8/site-packages/airflow/example_dags/example_python_decorator.py
[2026-03-09T00:34:19.856+0000] {processor.py:830} INFO - Processing file /home/airflow/.local/lib/python3.8/site-packages/airflow/example_dags/example_python_decorator.py for tasks to queue
[2026-03-09T00:34:19.865+0000] {logging_mixin.py:188} INFO - [2026-03-09T00:34:19.864+0000] {dagbag.py:540} INFO - Filling up the DagBag from /home/airflow/.local/lib/python3.8/site-packages/airflow/example_dags/example_python_decorator.py
[2026-03-09T00:34:19.917+0000] {processor.py:840} INFO - DAG(s) 'example_python_decorator' retrieved from /home/airflow/.local/lib/python3.8/site-packages/airflow/example_dags/example_python_decorator.py
[2026-03-09T00:34:20.010+0000] {logging_mixin.py:188} INFO - [2026-03-09T00:34:20.010+0000] {dag.py:3047} INFO - Sync 1 DAGs
[2026-03-09T00:34:20.061+0000] {logging_mixin.py:188} INFO - [2026-03-09T00:34:20.060+0000] {dag.py:3834} INFO - Setting next_dagrun for example_python_decorator to None, run_after=None
[2026-03-09T00:34:20.148+0000] {processor.py:183} INFO - Processing /home/airflow/.local/lib/python3.8/site-packages/airflow/example_dags/example_python_decorator.py took 0.314 seconds
[2026-03-09T00:34:52.061+0000] {processor.py:161} INFO - Started process (PID=3961) to work on /home/airflow/.local/lib/python3.8/site-packages/airflow/example_dags/example_python_decorator.py
[2026-03-09T00:34:52.066+0000] {processor.py:830} INFO - Processing file /home/airflow/.local/lib/python3.8/site-packages/airflow/example_dags/example_python_decorator.py for tasks to queue
[2026-03-09T00:34:52.083+0000] {logging_mixin.py:188} INFO - [2026-03-09T00:34:52.082+0000] {dagbag.py:540} INFO - Filling up the DagBag from /home/airflow/.local/lib/python3.8/site-packages/airflow/example_dags/example_python_decorator.py
[2026-03-09T00:34:52.184+0000] {processor.py:840} INFO - DAG(s) 'example_python_decorator' retrieved from /home/airflow/.local/lib/python3.8/site-packages/airflow/example_dags/example_python_decorator.py
[2026-03-09T00:34:53.110+0000] {logging_mixin.py:188} INFO - [2026-03-09T00:34:53.109+0000] {dag.py:3047} INFO - Sync 1 DAGs
[2026-03-09T00:34:53.193+0000] {logging_mixin.py:188} INFO - [2026-03-09T00:34:53.192+0000] {dag.py:3834} INFO - Setting next_dagrun for example_python_decorator to None, run_after=None
[2026-03-09T00:34:53.337+0000] {processor.py:183} INFO - Processing /home/airflow/.local/lib/python3.8/site-packages/airflow/example_dags/example_python_decorator.py took 1.292 seconds
[2026-03-09T00:35:23.823+0000] {processor.py:161} INFO - Started process (PID=4017) to work on /home/airflow/.local/lib/python3.8/site-packages/airflow/example_dags/example_python_decorator.py
[2026-03-09T00:35:23.830+0000] {processor.py:830} INFO - Processing file /home/airflow/.local/lib/python3.8/site-packages/airflow/example_dags/example_python_decorator.py for tasks to queue
[2026-03-09T00:35:23.838+0000] {logging_mixin.py:188} INFO - [2026-03-09T00:35:23.836+0000] {dagbag.py:540} INFO - Filling up the DagBag from /home/airflow/.local/lib/python3.8/site-packages/airflow/example_dags/example_python_decorator.py
[2026-03-09T00:35:23.905+0000] {processor.py:840} INFO - DAG(s) 'example_python_decorator' retrieved from /home/airflow/.local/lib/python3.8/site-packages/airflow/example_dags/example_python_decorator.py
[2026-03-09T00:35:23.961+0000] {logging_mixin.py:188} INFO - [2026-03-09T00:35:23.961+0000] {dag.py:3047} INFO - Sync 1 DAGs
[2026-03-09T00:35:23.994+0000] {logging_mixin.py:188} INFO - [2026-03-09T00:35:23.994+0000] {dag.py:3834} INFO - Setting next_dagrun for example_python_decorator to None, run_after=None
[2026-03-09T00:35:24.041+0000] {processor.py:183} INFO - Processing /home/airflow/.local/lib/python3.8/site-packages/airflow/example_dags/example_python_decorator.py took 0.241 seconds
[2026-03-09T00:35:54.391+0000] {processor.py:161} INFO - Started process (PID=4073) to work on /home/airflow/.local/lib/python3.8/site-packages/airflow/example_dags/example_python_decorator.py
[2026-03-09T00:35:54.404+0000] {processor.py:830} INFO - Processing file /home/airflow/.local/lib/python3.8/site-packages/airflow/example_dags/example_python_decorator.py for tasks to queue
[2026-03-09T00:35:54.423+0000] {logging_mixin.py:188} INFO - [2026-03-09T00:35:54.421+0000] {dagbag.py:540} INFO - Filling up the DagBag from /home/airflow/.local/lib/python3.8/site-packages/airflow/example_dags/example_python_decorator.py
[2026-03-09T00:35:54.534+0000] {processor.py:840} INFO - DAG(s) 'example_python_decorator' retrieved from /home/airflow/.local/lib/python3.8/site-packages/airflow/example_dags/example_python_decorator.py
[2026-03-09T00:35:54.734+0000] {logging_mixin.py:188} INFO - [2026-03-09T00:35:54.733+0000] {dag.py:3047} INFO - Sync 1 DAGs
[2026-03-09T00:35:54.881+0000] {logging_mixin.py:188} INFO - [2026-03-09T00:35:54.881+0000] {dag.py:3834} INFO - Setting next_dagrun for example_python_decorator to None, run_after=None
[2026-03-09T00:35:55.240+0000] {processor.py:183} INFO - Processing /home/airflow/.local/lib/python3.8/site-packages/airflow/example_dags/example_python_decorator.py took 0.885 seconds
[2026-03-09T00:36:25.933+0000] {processor.py:161} INFO - Started process (PID=4129) to work on /home/airflow/.local/lib/python3.8/site-packages/airflow/example_dags/example_python_decorator.py
[2026-03-09T00:36:25.936+0000] {processor.py:830} INFO - Processing file /home/airflow/.local/lib/python3.8/site-packages/airflow/example_dags/example_python_decorator.py for tasks to queue
[2026-03-09T00:36:25.942+0000] {logging_mixin.py:188} INFO - [2026-03-09T00:36:25.941+0000] {dagbag.py:540} INFO - Filling up the DagBag from /home/airflow/.local/lib/python3.8/site-packages/airflow/example_dags/example_python_decorator.py
[2026-03-09T00:36:25.980+0000] {processor.py:840} INFO - DAG(s) 'example_python_decorator' retrieved from /home/airflow/.local/lib/python3.8/site-packages/airflow/example_dags/example_python_decorator.py
[2026-03-09T00:36:26.031+0000] {logging_mixin.py:188} INFO - [2026-03-09T00:36:26.030+0000] {dag.py:3047} INFO - Sync 1 DAGs
[2026-03-09T00:36:26.060+0000] {logging_mixin.py:188} INFO - [2026-03-09T00:36:26.059+0000] {dag.py:3834} INFO - Setting next_dagrun for example_python_decorator to None, run_after=None
[2026-03-09T00:36:26.108+0000] {processor.py:183} INFO - Processing /home/airflow/.local/lib/python3.8/site-packages/airflow/example_dags/example_python_decorator.py took 0.184 seconds
[2026-03-09T00:36:56.329+0000] {processor.py:161} INFO - Started process (PID=4179) to work on /home/airflow/.local/lib/python3.8/site-packages/airflow/example_dags/example_python_decorator.py
[2026-03-09T00:36:56.350+0000] {processor.py:830} INFO - Processing file /home/airflow/.local/lib/python3.8/site-packages/airflow/example_dags/example_python_decorator.py for tasks to queue
[2026-03-09T00:36:56.362+0000] {logging_mixin.py:188} INFO - [2026-03-09T00:36:56.361+0000] {dagbag.py:540} INFO - Filling up the DagBag from /home/airflow/.local/lib/python3.8/site-packages/airflow/example_dags/example_python_decorator.py
[2026-03-09T00:36:56.429+0000] {processor.py:840} INFO - DAG(s) 'example_python_decorator' retrieved from /home/airflow/.local/lib/python3.8/site-packages/airflow/example_dags/example_python_decorator.py
[2026-03-09T00:36:56.606+0000] {logging_mixin.py:188} INFO - [2026-03-09T00:36:56.605+0000] {dag.py:3047} INFO - Sync 1 DAGs
[2026-03-09T00:36:56.677+0000] {logging_mixin.py:188} INFO - [2026-03-09T00:36:56.674+0000] {dag.py:3834} INFO - Setting next_dagrun for example_python_decorator to None, run_after=None
[2026-03-09T00:36:56.780+0000] {processor.py:183} INFO - Processing /home/airflow/.local/lib/python3.8/site-packages/airflow/example_dags/example_python_decorator.py took 0.478 seconds
[2026-03-09T00:37:27.631+0000] {processor.py:161} INFO - Started process (PID=4235) to work on /home/airflow/.local/lib/python3.8/site-packages/airflow/example_dags/example_python_decorator.py
[2026-03-09T00:37:27.637+0000] {processor.py:830} INFO - Processing file /home/airflow/.local/lib/python3.8/site-packages/airflow/example_dags/example_python_decorator.py for tasks to queue
[2026-03-09T00:37:27.644+0000] {logging_mixin.py:188} INFO - [2026-03-09T00:37:27.643+0000] {dagbag.py:540} INFO - Filling up the DagBag from /home/airflow/.local/lib/python3.8/site-packages/airflow/example_dags/example_python_decorator.py
[2026-03-09T00:37:27.679+0000] {processor.py:840} INFO - DAG(s) 'example_python_decorator' retrieved from /home/airflow/.local/lib/python3.8/site-packages/airflow/example_dags/example_python_decorator.py
[2026-03-09T00:37:27.736+0000] {logging_mixin.py:188} INFO - [2026-03-09T00:37:27.735+0000] {dag.py:3047} INFO - Sync 1 DAGs
[2026-03-09T00:37:27.773+0000] {logging_mixin.py:188} INFO - [2026-03-09T00:37:27.772+0000] {dag.py:3834} INFO - Setting next_dagrun for example_python_decorator to None, run_after=None
[2026-03-09T00:37:27.839+0000] {processor.py:183} INFO - Processing /home/airflow/.local/lib/python3.8/site-packages/airflow/example_dags/example_python_decorator.py took 0.223 seconds
[2026-03-09T00:37:58.553+0000] {processor.py:161} INFO - Started process (PID=4291) to work on /home/airflow/.local/lib/python3.8/site-packages/airflow/example_dags/example_python_decorator.py
[2026-03-09T00:37:58.558+0000] {processor.py:830} INFO - Processing file /home/airflow/.local/lib/python3.8/site-packages/airflow/example_dags/example_python_decorator.py for tasks to queue
[2026-03-09T00:37:58.567+0000] {logging_mixin.py:188} INFO - [2026-03-09T00:37:58.566+0000] {dagbag.py:540} INFO - Filling up the DagBag from /home/airflow/.local/lib/python3.8/site-packages/airflow/example_dags/example_python_decorator.py
[2026-03-09T00:37:58.615+0000] {processor.py:840} INFO - DAG(s) 'example_python_decorator' retrieved from /home/airflow/.local/lib/python3.8/site-packages/airflow/example_dags/example_python_decorator.py
[2026-03-09T00:37:58.702+0000] {logging_mixin.py:188} INFO - [2026-03-09T00:37:58.701+0000] {dag.py:3047} INFO - Sync 1 DAGs
[2026-03-09T00:37:58.773+0000] {logging_mixin.py:188} INFO - [2026-03-09T00:37:58.773+0000] {dag.py:3834} INFO - Setting next_dagrun for example_python_decorator to None, run_after=None
[2026-03-09T00:37:58.817+0000] {processor.py:183} INFO - Processing /home/airflow/.local/lib/python3.8/site-packages/airflow/example_dags/example_python_decorator.py took 0.280 seconds
[2026-03-09T00:38:29.271+0000] {processor.py:161} INFO - Started process (PID=4348) to work on /home/airflow/.local/lib/python3.8/site-packages/airflow/example_dags/example_python_decorator.py
[2026-03-09T00:38:29.275+0000] {processor.py:830} INFO - Processing file /home/airflow/.local/lib/python3.8/site-packages/airflow/example_dags/example_python_decorator.py for tasks to queue
[2026-03-09T00:38:29.286+0000] {logging_mixin.py:188} INFO - [2026-03-09T00:38:29.283+0000] {dagbag.py:540} INFO - Filling up the DagBag from /home/airflow/.local/lib/python3.8/site-packages/airflow/example_dags/example_python_decorator.py
[2026-03-09T00:38:29.371+0000] {processor.py:840} INFO - DAG(s) 'example_python_decorator' retrieved from /home/airflow/.local/lib/python3.8/site-packages/airflow/example_dags/example_python_decorator.py
[2026-03-09T00:38:29.547+0000] {logging_mixin.py:188} INFO - [2026-03-09T00:38:29.542+0000] {dag.py:3047} INFO - Sync 1 DAGs
[2026-03-09T00:38:29.610+0000] {logging_mixin.py:188} INFO - [2026-03-09T00:38:29.609+0000] {dag.py:3834} INFO - Setting next_dagrun for example_python_decorator to None, run_after=None
[2026-03-09T00:38:29.702+0000] {processor.py:183} INFO - Processing /home/airflow/.local/lib/python3.8/site-packages/airflow/example_dags/example_python_decorator.py took 0.460 seconds
