[2026-03-09T00:00:25.240+0000] {processor.py:161} INFO - Started process (PID=280) to work on /home/airflow/.local/lib/python3.8/site-packages/airflow/example_dags/example_params_ui_tutorial.py
[2026-03-09T00:00:25.247+0000] {processor.py:830} INFO - Processing file /home/airflow/.local/lib/python3.8/site-packages/airflow/example_dags/example_params_ui_tutorial.py for tasks to queue
[2026-03-09T00:00:25.278+0000] {logging_mixin.py:188} INFO - [2026-03-09T00:00:25.277+0000] {dagbag.py:540} INFO - Filling up the DagBag from /home/airflow/.local/lib/python3.8/site-packages/airflow/example_dags/example_params_ui_tutorial.py
[2026-03-09T00:00:25.405+0000] {processor.py:840} INFO - DAG(s) 'example_params_ui_tutorial' retrieved from /home/airflow/.local/lib/python3.8/site-packages/airflow/example_dags/example_params_ui_tutorial.py
[2026-03-09T00:00:26.408+0000] {logging_mixin.py:188} INFO - [2026-03-09T00:00:26.406+0000] {dag.py:3047} INFO - Sync 1 DAGs
[2026-03-09T00:00:26.509+0000] {logging_mixin.py:188} INFO - [2026-03-09T00:00:26.508+0000] {dag.py:3834} INFO - Setting next_dagrun for example_params_ui_tutorial to None, run_after=None
[2026-03-09T00:00:26.632+0000] {processor.py:183} INFO - Processing /home/airflow/.local/lib/python3.8/site-packages/airflow/example_dags/example_params_ui_tutorial.py took 1.425 seconds
[2026-03-09T00:00:57.600+0000] {processor.py:161} INFO - Started process (PID=335) to work on /home/airflow/.local/lib/python3.8/site-packages/airflow/example_dags/example_params_ui_tutorial.py
[2026-03-09T00:00:57.621+0000] {processor.py:830} INFO - Processing file /home/airflow/.local/lib/python3.8/site-packages/airflow/example_dags/example_params_ui_tutorial.py for tasks to queue
[2026-03-09T00:00:57.639+0000] {logging_mixin.py:188} INFO - [2026-03-09T00:00:57.637+0000] {dagbag.py:540} INFO - Filling up the DagBag from /home/airflow/.local/lib/python3.8/site-packages/airflow/example_dags/example_params_ui_tutorial.py
[2026-03-09T00:00:57.887+0000] {processor.py:840} INFO - DAG(s) 'example_params_ui_tutorial' retrieved from /home/airflow/.local/lib/python3.8/site-packages/airflow/example_dags/example_params_ui_tutorial.py
[2026-03-09T00:00:58.470+0000] {logging_mixin.py:188} INFO - [2026-03-09T00:00:58.469+0000] {dag.py:3047} INFO - Sync 1 DAGs
[2026-03-09T00:00:58.544+0000] {logging_mixin.py:188} INFO - [2026-03-09T00:00:58.543+0000] {dag.py:3834} INFO - Setting next_dagrun for example_params_ui_tutorial to None, run_after=None
[2026-03-09T00:00:58.644+0000] {processor.py:183} INFO - Processing /home/airflow/.local/lib/python3.8/site-packages/airflow/example_dags/example_params_ui_tutorial.py took 1.100 seconds
[2026-03-09T00:01:29.073+0000] {processor.py:161} INFO - Started process (PID=389) to work on /home/airflow/.local/lib/python3.8/site-packages/airflow/example_dags/example_params_ui_tutorial.py
[2026-03-09T00:01:29.083+0000] {processor.py:830} INFO - Processing file /home/airflow/.local/lib/python3.8/site-packages/airflow/example_dags/example_params_ui_tutorial.py for tasks to queue
[2026-03-09T00:01:29.102+0000] {logging_mixin.py:188} INFO - [2026-03-09T00:01:29.100+0000] {dagbag.py:540} INFO - Filling up the DagBag from /home/airflow/.local/lib/python3.8/site-packages/airflow/example_dags/example_params_ui_tutorial.py
[2026-03-09T00:01:29.148+0000] {processor.py:840} INFO - DAG(s) 'example_params_ui_tutorial' retrieved from /home/airflow/.local/lib/python3.8/site-packages/airflow/example_dags/example_params_ui_tutorial.py
[2026-03-09T00:01:29.350+0000] {logging_mixin.py:188} INFO - [2026-03-09T00:01:29.349+0000] {dag.py:3047} INFO - Sync 1 DAGs
[2026-03-09T00:01:29.396+0000] {logging_mixin.py:188} INFO - [2026-03-09T00:01:29.395+0000] {dag.py:3834} INFO - Setting next_dagrun for example_params_ui_tutorial to None, run_after=None
[2026-03-09T00:01:29.467+0000] {processor.py:183} INFO - Processing /home/airflow/.local/lib/python3.8/site-packages/airflow/example_dags/example_params_ui_tutorial.py took 0.412 seconds
[2026-03-09T00:01:59.796+0000] {processor.py:161} INFO - Started process (PID=444) to work on /home/airflow/.local/lib/python3.8/site-packages/airflow/example_dags/example_params_ui_tutorial.py
[2026-03-09T00:01:59.801+0000] {processor.py:830} INFO - Processing file /home/airflow/.local/lib/python3.8/site-packages/airflow/example_dags/example_params_ui_tutorial.py for tasks to queue
[2026-03-09T00:01:59.809+0000] {logging_mixin.py:188} INFO - [2026-03-09T00:01:59.808+0000] {dagbag.py:540} INFO - Filling up the DagBag from /home/airflow/.local/lib/python3.8/site-packages/airflow/example_dags/example_params_ui_tutorial.py
[2026-03-09T00:01:59.856+0000] {processor.py:840} INFO - DAG(s) 'example_params_ui_tutorial' retrieved from /home/airflow/.local/lib/python3.8/site-packages/airflow/example_dags/example_params_ui_tutorial.py
[2026-03-09T00:02:00.109+0000] {logging_mixin.py:188} INFO - [2026-03-09T00:02:00.108+0000] {dag.py:3047} INFO - Sync 1 DAGs
[2026-03-09T00:02:00.155+0000] {logging_mixin.py:188} INFO - [2026-03-09T00:02:00.154+0000] {dag.py:3834} INFO - Setting next_dagrun for example_params_ui_tutorial to None, run_after=None
[2026-03-09T00:02:00.205+0000] {processor.py:183} INFO - Processing /home/airflow/.local/lib/python3.8/site-packages/airflow/example_dags/example_params_ui_tutorial.py took 0.424 seconds
[2026-03-09T00:02:30.537+0000] {processor.py:161} INFO - Started process (PID=500) to work on /home/airflow/.local/lib/python3.8/site-packages/airflow/example_dags/example_params_ui_tutorial.py
[2026-03-09T00:02:30.540+0000] {processor.py:830} INFO - Processing file /home/airflow/.local/lib/python3.8/site-packages/airflow/example_dags/example_params_ui_tutorial.py for tasks to queue
[2026-03-09T00:02:30.546+0000] {logging_mixin.py:188} INFO - [2026-03-09T00:02:30.545+0000] {dagbag.py:540} INFO - Filling up the DagBag from /home/airflow/.local/lib/python3.8/site-packages/airflow/example_dags/example_params_ui_tutorial.py
[2026-03-09T00:02:30.602+0000] {processor.py:840} INFO - DAG(s) 'example_params_ui_tutorial' retrieved from /home/airflow/.local/lib/python3.8/site-packages/airflow/example_dags/example_params_ui_tutorial.py
[2026-03-09T00:02:30.906+0000] {logging_mixin.py:188} INFO - [2026-03-09T00:02:30.905+0000] {dag.py:3047} INFO - Sync 1 DAGs
[2026-03-09T00:02:30.971+0000] {logging_mixin.py:188} INFO - [2026-03-09T00:02:30.970+0000] {dag.py:3834} INFO - Setting next_dagrun for example_params_ui_tutorial to None, run_after=None
[2026-03-09T00:02:31.038+0000] {processor.py:183} INFO - Processing /home/airflow/.local/lib/python3.8/site-packages/airflow/example_dags/example_params_ui_tutorial.py took 0.512 seconds
[2026-03-09T00:03:02.171+0000] {processor.py:161} INFO - Started process (PID=555) to work on /home/airflow/.local/lib/python3.8/site-packages/airflow/example_dags/example_params_ui_tutorial.py
[2026-03-09T00:03:02.197+0000] {processor.py:830} INFO - Processing file /home/airflow/.local/lib/python3.8/site-packages/airflow/example_dags/example_params_ui_tutorial.py for tasks to queue
[2026-03-09T00:03:02.264+0000] {logging_mixin.py:188} INFO - [2026-03-09T00:03:02.258+0000] {dagbag.py:540} INFO - Filling up the DagBag from /home/airflow/.local/lib/python3.8/site-packages/airflow/example_dags/example_params_ui_tutorial.py
[2026-03-09T00:03:02.403+0000] {processor.py:840} INFO - DAG(s) 'example_params_ui_tutorial' retrieved from /home/airflow/.local/lib/python3.8/site-packages/airflow/example_dags/example_params_ui_tutorial.py
[2026-03-09T00:03:03.143+0000] {logging_mixin.py:188} INFO - [2026-03-09T00:03:03.141+0000] {dag.py:3047} INFO - Sync 1 DAGs
[2026-03-09T00:03:03.438+0000] {logging_mixin.py:188} INFO - [2026-03-09T00:03:03.437+0000] {dag.py:3834} INFO - Setting next_dagrun for example_params_ui_tutorial to None, run_after=None
[2026-03-09T00:03:03.552+0000] {processor.py:183} INFO - Processing /home/airflow/.local/lib/python3.8/site-packages/airflow/example_dags/example_params_ui_tutorial.py took 1.400 seconds
[2026-03-09T00:03:34.348+0000] {processor.py:161} INFO - Started process (PID=610) to work on /home/airflow/.local/lib/python3.8/site-packages/airflow/example_dags/example_params_ui_tutorial.py
[2026-03-09T00:03:34.353+0000] {processor.py:830} INFO - Processing file /home/airflow/.local/lib/python3.8/site-packages/airflow/example_dags/example_params_ui_tutorial.py for tasks to queue
[2026-03-09T00:03:34.363+0000] {logging_mixin.py:188} INFO - [2026-03-09T00:03:34.362+0000] {dagbag.py:540} INFO - Filling up the DagBag from /home/airflow/.local/lib/python3.8/site-packages/airflow/example_dags/example_params_ui_tutorial.py
[2026-03-09T00:03:34.430+0000] {processor.py:840} INFO - DAG(s) 'example_params_ui_tutorial' retrieved from /home/airflow/.local/lib/python3.8/site-packages/airflow/example_dags/example_params_ui_tutorial.py
[2026-03-09T00:03:34.653+0000] {logging_mixin.py:188} INFO - [2026-03-09T00:03:34.652+0000] {dag.py:3047} INFO - Sync 1 DAGs
[2026-03-09T00:03:34.716+0000] {logging_mixin.py:188} INFO - [2026-03-09T00:03:34.715+0000] {dag.py:3834} INFO - Setting next_dagrun for example_params_ui_tutorial to None, run_after=None
[2026-03-09T00:03:34.791+0000] {processor.py:183} INFO - Processing /home/airflow/.local/lib/python3.8/site-packages/airflow/example_dags/example_params_ui_tutorial.py took 0.454 seconds
[2026-03-09T00:04:05.354+0000] {processor.py:161} INFO - Started process (PID=665) to work on /home/airflow/.local/lib/python3.8/site-packages/airflow/example_dags/example_params_ui_tutorial.py
[2026-03-09T00:04:05.357+0000] {processor.py:830} INFO - Processing file /home/airflow/.local/lib/python3.8/site-packages/airflow/example_dags/example_params_ui_tutorial.py for tasks to queue
[2026-03-09T00:04:05.361+0000] {logging_mixin.py:188} INFO - [2026-03-09T00:04:05.361+0000] {dagbag.py:540} INFO - Filling up the DagBag from /home/airflow/.local/lib/python3.8/site-packages/airflow/example_dags/example_params_ui_tutorial.py
[2026-03-09T00:04:05.392+0000] {processor.py:840} INFO - DAG(s) 'example_params_ui_tutorial' retrieved from /home/airflow/.local/lib/python3.8/site-packages/airflow/example_dags/example_params_ui_tutorial.py
[2026-03-09T00:04:05.520+0000] {logging_mixin.py:188} INFO - [2026-03-09T00:04:05.519+0000] {dag.py:3047} INFO - Sync 1 DAGs
[2026-03-09T00:04:05.551+0000] {logging_mixin.py:188} INFO - [2026-03-09T00:04:05.550+0000] {dag.py:3834} INFO - Setting next_dagrun for example_params_ui_tutorial to None, run_after=None
[2026-03-09T00:04:05.622+0000] {processor.py:183} INFO - Processing /home/airflow/.local/lib/python3.8/site-packages/airflow/example_dags/example_params_ui_tutorial.py took 0.279 seconds
[2026-03-09T00:04:36.136+0000] {processor.py:161} INFO - Started process (PID=720) to work on /home/airflow/.local/lib/python3.8/site-packages/airflow/example_dags/example_params_ui_tutorial.py
[2026-03-09T00:04:36.139+0000] {processor.py:830} INFO - Processing file /home/airflow/.local/lib/python3.8/site-packages/airflow/example_dags/example_params_ui_tutorial.py for tasks to queue
[2026-03-09T00:04:36.146+0000] {logging_mixin.py:188} INFO - [2026-03-09T00:04:36.144+0000] {dagbag.py:540} INFO - Filling up the DagBag from /home/airflow/.local/lib/python3.8/site-packages/airflow/example_dags/example_params_ui_tutorial.py
[2026-03-09T00:04:36.179+0000] {processor.py:840} INFO - DAG(s) 'example_params_ui_tutorial' retrieved from /home/airflow/.local/lib/python3.8/site-packages/airflow/example_dags/example_params_ui_tutorial.py
[2026-03-09T00:04:36.397+0000] {logging_mixin.py:188} INFO - [2026-03-09T00:04:36.397+0000] {dag.py:3047} INFO - Sync 1 DAGs
[2026-03-09T00:04:36.427+0000] {logging_mixin.py:188} INFO - [2026-03-09T00:04:36.426+0000] {dag.py:3834} INFO - Setting next_dagrun for example_params_ui_tutorial to None, run_after=None
[2026-03-09T00:04:36.478+0000] {processor.py:183} INFO - Processing /home/airflow/.local/lib/python3.8/site-packages/airflow/example_dags/example_params_ui_tutorial.py took 0.351 seconds
[2026-03-09T00:05:06.886+0000] {processor.py:161} INFO - Started process (PID=776) to work on /home/airflow/.local/lib/python3.8/site-packages/airflow/example_dags/example_params_ui_tutorial.py
[2026-03-09T00:05:06.890+0000] {processor.py:830} INFO - Processing file /home/airflow/.local/lib/python3.8/site-packages/airflow/example_dags/example_params_ui_tutorial.py for tasks to queue
[2026-03-09T00:05:06.899+0000] {logging_mixin.py:188} INFO - [2026-03-09T00:05:06.897+0000] {dagbag.py:540} INFO - Filling up the DagBag from /home/airflow/.local/lib/python3.8/site-packages/airflow/example_dags/example_params_ui_tutorial.py
[2026-03-09T00:05:06.948+0000] {processor.py:840} INFO - DAG(s) 'example_params_ui_tutorial' retrieved from /home/airflow/.local/lib/python3.8/site-packages/airflow/example_dags/example_params_ui_tutorial.py
[2026-03-09T00:05:07.159+0000] {logging_mixin.py:188} INFO - [2026-03-09T00:05:07.158+0000] {dag.py:3047} INFO - Sync 1 DAGs
[2026-03-09T00:05:07.187+0000] {logging_mixin.py:188} INFO - [2026-03-09T00:05:07.187+0000] {dag.py:3834} INFO - Setting next_dagrun for example_params_ui_tutorial to None, run_after=None
[2026-03-09T00:05:07.243+0000] {processor.py:183} INFO - Processing /home/airflow/.local/lib/python3.8/site-packages/airflow/example_dags/example_params_ui_tutorial.py took 0.372 seconds
[2026-03-09T00:05:38.318+0000] {processor.py:161} INFO - Started process (PID=832) to work on /home/airflow/.local/lib/python3.8/site-packages/airflow/example_dags/example_params_ui_tutorial.py
[2026-03-09T00:05:38.321+0000] {processor.py:830} INFO - Processing file /home/airflow/.local/lib/python3.8/site-packages/airflow/example_dags/example_params_ui_tutorial.py for tasks to queue
[2026-03-09T00:05:38.327+0000] {logging_mixin.py:188} INFO - [2026-03-09T00:05:38.326+0000] {dagbag.py:540} INFO - Filling up the DagBag from /home/airflow/.local/lib/python3.8/site-packages/airflow/example_dags/example_params_ui_tutorial.py
[2026-03-09T00:05:38.353+0000] {processor.py:840} INFO - DAG(s) 'example_params_ui_tutorial' retrieved from /home/airflow/.local/lib/python3.8/site-packages/airflow/example_dags/example_params_ui_tutorial.py
[2026-03-09T00:05:38.525+0000] {logging_mixin.py:188} INFO - [2026-03-09T00:05:38.525+0000] {dag.py:3047} INFO - Sync 1 DAGs
[2026-03-09T00:05:38.555+0000] {logging_mixin.py:188} INFO - [2026-03-09T00:05:38.555+0000] {dag.py:3834} INFO - Setting next_dagrun for example_params_ui_tutorial to None, run_after=None
[2026-03-09T00:05:38.609+0000] {processor.py:183} INFO - Processing /home/airflow/.local/lib/python3.8/site-packages/airflow/example_dags/example_params_ui_tutorial.py took 0.302 seconds
[2026-03-09T00:06:08.753+0000] {processor.py:161} INFO - Started process (PID=887) to work on /home/airflow/.local/lib/python3.8/site-packages/airflow/example_dags/example_params_ui_tutorial.py
[2026-03-09T00:06:08.758+0000] {processor.py:830} INFO - Processing file /home/airflow/.local/lib/python3.8/site-packages/airflow/example_dags/example_params_ui_tutorial.py for tasks to queue
[2026-03-09T00:06:08.765+0000] {logging_mixin.py:188} INFO - [2026-03-09T00:06:08.764+0000] {dagbag.py:540} INFO - Filling up the DagBag from /home/airflow/.local/lib/python3.8/site-packages/airflow/example_dags/example_params_ui_tutorial.py
[2026-03-09T00:06:08.823+0000] {processor.py:840} INFO - DAG(s) 'example_params_ui_tutorial' retrieved from /home/airflow/.local/lib/python3.8/site-packages/airflow/example_dags/example_params_ui_tutorial.py
[2026-03-09T00:06:09.146+0000] {logging_mixin.py:188} INFO - [2026-03-09T00:06:09.145+0000] {dag.py:3047} INFO - Sync 1 DAGs
[2026-03-09T00:06:09.217+0000] {logging_mixin.py:188} INFO - [2026-03-09T00:06:09.216+0000] {dag.py:3834} INFO - Setting next_dagrun for example_params_ui_tutorial to None, run_after=None
[2026-03-09T00:06:09.283+0000] {processor.py:183} INFO - Processing /home/airflow/.local/lib/python3.8/site-packages/airflow/example_dags/example_params_ui_tutorial.py took 0.543 seconds
[2026-03-09T00:06:40.177+0000] {processor.py:161} INFO - Started process (PID=943) to work on /home/airflow/.local/lib/python3.8/site-packages/airflow/example_dags/example_params_ui_tutorial.py
[2026-03-09T00:06:40.180+0000] {processor.py:830} INFO - Processing file /home/airflow/.local/lib/python3.8/site-packages/airflow/example_dags/example_params_ui_tutorial.py for tasks to queue
[2026-03-09T00:06:40.188+0000] {logging_mixin.py:188} INFO - [2026-03-09T00:06:40.186+0000] {dagbag.py:540} INFO - Filling up the DagBag from /home/airflow/.local/lib/python3.8/site-packages/airflow/example_dags/example_params_ui_tutorial.py
[2026-03-09T00:06:40.233+0000] {processor.py:840} INFO - DAG(s) 'example_params_ui_tutorial' retrieved from /home/airflow/.local/lib/python3.8/site-packages/airflow/example_dags/example_params_ui_tutorial.py
[2026-03-09T00:06:40.685+0000] {logging_mixin.py:188} INFO - [2026-03-09T00:06:40.684+0000] {dag.py:3047} INFO - Sync 1 DAGs
[2026-03-09T00:06:40.805+0000] {logging_mixin.py:188} INFO - [2026-03-09T00:06:40.804+0000] {dag.py:3834} INFO - Setting next_dagrun for example_params_ui_tutorial to None, run_after=None
[2026-03-09T00:06:40.927+0000] {processor.py:183} INFO - Processing /home/airflow/.local/lib/python3.8/site-packages/airflow/example_dags/example_params_ui_tutorial.py took 0.762 seconds
[2026-03-09T00:07:11.863+0000] {processor.py:161} INFO - Started process (PID=998) to work on /home/airflow/.local/lib/python3.8/site-packages/airflow/example_dags/example_params_ui_tutorial.py
[2026-03-09T00:07:11.866+0000] {processor.py:830} INFO - Processing file /home/airflow/.local/lib/python3.8/site-packages/airflow/example_dags/example_params_ui_tutorial.py for tasks to queue
[2026-03-09T00:07:11.873+0000] {logging_mixin.py:188} INFO - [2026-03-09T00:07:11.872+0000] {dagbag.py:540} INFO - Filling up the DagBag from /home/airflow/.local/lib/python3.8/site-packages/airflow/example_dags/example_params_ui_tutorial.py
[2026-03-09T00:07:11.910+0000] {processor.py:840} INFO - DAG(s) 'example_params_ui_tutorial' retrieved from /home/airflow/.local/lib/python3.8/site-packages/airflow/example_dags/example_params_ui_tutorial.py
[2026-03-09T00:07:12.104+0000] {logging_mixin.py:188} INFO - [2026-03-09T00:07:12.103+0000] {dag.py:3047} INFO - Sync 1 DAGs
[2026-03-09T00:07:12.146+0000] {logging_mixin.py:188} INFO - [2026-03-09T00:07:12.145+0000] {dag.py:3834} INFO - Setting next_dagrun for example_params_ui_tutorial to None, run_after=None
[2026-03-09T00:07:12.205+0000] {processor.py:183} INFO - Processing /home/airflow/.local/lib/python3.8/site-packages/airflow/example_dags/example_params_ui_tutorial.py took 0.360 seconds
[2026-03-09T00:07:42.362+0000] {processor.py:161} INFO - Started process (PID=1053) to work on /home/airflow/.local/lib/python3.8/site-packages/airflow/example_dags/example_params_ui_tutorial.py
[2026-03-09T00:07:42.368+0000] {processor.py:830} INFO - Processing file /home/airflow/.local/lib/python3.8/site-packages/airflow/example_dags/example_params_ui_tutorial.py for tasks to queue
[2026-03-09T00:07:42.376+0000] {logging_mixin.py:188} INFO - [2026-03-09T00:07:42.375+0000] {dagbag.py:540} INFO - Filling up the DagBag from /home/airflow/.local/lib/python3.8/site-packages/airflow/example_dags/example_params_ui_tutorial.py
[2026-03-09T00:07:42.426+0000] {processor.py:840} INFO - DAG(s) 'example_params_ui_tutorial' retrieved from /home/airflow/.local/lib/python3.8/site-packages/airflow/example_dags/example_params_ui_tutorial.py
[2026-03-09T00:07:42.589+0000] {logging_mixin.py:188} INFO - [2026-03-09T00:07:42.589+0000] {dag.py:3047} INFO - Sync 1 DAGs
[2026-03-09T00:07:42.625+0000] {logging_mixin.py:188} INFO - [2026-03-09T00:07:42.624+0000] {dag.py:3834} INFO - Setting next_dagrun for example_params_ui_tutorial to None, run_after=None
[2026-03-09T00:07:42.684+0000] {processor.py:183} INFO - Processing /home/airflow/.local/lib/python3.8/site-packages/airflow/example_dags/example_params_ui_tutorial.py took 0.335 seconds
[2026-03-09T00:08:13.056+0000] {processor.py:161} INFO - Started process (PID=1108) to work on /home/airflow/.local/lib/python3.8/site-packages/airflow/example_dags/example_params_ui_tutorial.py
[2026-03-09T00:08:13.067+0000] {processor.py:830} INFO - Processing file /home/airflow/.local/lib/python3.8/site-packages/airflow/example_dags/example_params_ui_tutorial.py for tasks to queue
[2026-03-09T00:08:13.087+0000] {logging_mixin.py:188} INFO - [2026-03-09T00:08:13.086+0000] {dagbag.py:540} INFO - Filling up the DagBag from /home/airflow/.local/lib/python3.8/site-packages/airflow/example_dags/example_params_ui_tutorial.py
[2026-03-09T00:08:13.206+0000] {processor.py:840} INFO - DAG(s) 'example_params_ui_tutorial' retrieved from /home/airflow/.local/lib/python3.8/site-packages/airflow/example_dags/example_params_ui_tutorial.py
[2026-03-09T00:08:13.584+0000] {logging_mixin.py:188} INFO - [2026-03-09T00:08:13.583+0000] {dag.py:3047} INFO - Sync 1 DAGs
[2026-03-09T00:08:13.650+0000] {logging_mixin.py:188} INFO - [2026-03-09T00:08:13.649+0000] {dag.py:3834} INFO - Setting next_dagrun for example_params_ui_tutorial to None, run_after=None
[2026-03-09T00:08:13.744+0000] {processor.py:183} INFO - Processing /home/airflow/.local/lib/python3.8/site-packages/airflow/example_dags/example_params_ui_tutorial.py took 0.704 seconds
[2026-03-09T00:08:44.029+0000] {processor.py:161} INFO - Started process (PID=1165) to work on /home/airflow/.local/lib/python3.8/site-packages/airflow/example_dags/example_params_ui_tutorial.py
[2026-03-09T00:08:44.033+0000] {processor.py:830} INFO - Processing file /home/airflow/.local/lib/python3.8/site-packages/airflow/example_dags/example_params_ui_tutorial.py for tasks to queue
[2026-03-09T00:08:44.040+0000] {logging_mixin.py:188} INFO - [2026-03-09T00:08:44.039+0000] {dagbag.py:540} INFO - Filling up the DagBag from /home/airflow/.local/lib/python3.8/site-packages/airflow/example_dags/example_params_ui_tutorial.py
[2026-03-09T00:08:44.086+0000] {processor.py:840} INFO - DAG(s) 'example_params_ui_tutorial' retrieved from /home/airflow/.local/lib/python3.8/site-packages/airflow/example_dags/example_params_ui_tutorial.py
[2026-03-09T00:08:44.327+0000] {logging_mixin.py:188} INFO - [2026-03-09T00:08:44.327+0000] {dag.py:3047} INFO - Sync 1 DAGs
[2026-03-09T00:08:44.365+0000] {logging_mixin.py:188} INFO - [2026-03-09T00:08:44.364+0000] {dag.py:3834} INFO - Setting next_dagrun for example_params_ui_tutorial to None, run_after=None
[2026-03-09T00:08:44.412+0000] {processor.py:183} INFO - Processing /home/airflow/.local/lib/python3.8/site-packages/airflow/example_dags/example_params_ui_tutorial.py took 0.397 seconds
[2026-03-09T00:09:16.120+0000] {processor.py:161} INFO - Started process (PID=1219) to work on /home/airflow/.local/lib/python3.8/site-packages/airflow/example_dags/example_params_ui_tutorial.py
[2026-03-09T00:09:16.133+0000] {processor.py:830} INFO - Processing file /home/airflow/.local/lib/python3.8/site-packages/airflow/example_dags/example_params_ui_tutorial.py for tasks to queue
[2026-03-09T00:09:16.147+0000] {logging_mixin.py:188} INFO - [2026-03-09T00:09:16.146+0000] {dagbag.py:540} INFO - Filling up the DagBag from /home/airflow/.local/lib/python3.8/site-packages/airflow/example_dags/example_params_ui_tutorial.py
[2026-03-09T00:09:16.207+0000] {processor.py:840} INFO - DAG(s) 'example_params_ui_tutorial' retrieved from /home/airflow/.local/lib/python3.8/site-packages/airflow/example_dags/example_params_ui_tutorial.py
[2026-03-09T00:09:16.597+0000] {logging_mixin.py:188} INFO - [2026-03-09T00:09:16.594+0000] {dag.py:3047} INFO - Sync 1 DAGs
[2026-03-09T00:09:16.670+0000] {logging_mixin.py:188} INFO - [2026-03-09T00:09:16.669+0000] {dag.py:3834} INFO - Setting next_dagrun for example_params_ui_tutorial to None, run_after=None
[2026-03-09T00:09:16.874+0000] {processor.py:183} INFO - Processing /home/airflow/.local/lib/python3.8/site-packages/airflow/example_dags/example_params_ui_tutorial.py took 0.778 seconds
[2026-03-09T00:09:47.125+0000] {processor.py:161} INFO - Started process (PID=1276) to work on /home/airflow/.local/lib/python3.8/site-packages/airflow/example_dags/example_params_ui_tutorial.py
[2026-03-09T00:09:47.131+0000] {processor.py:830} INFO - Processing file /home/airflow/.local/lib/python3.8/site-packages/airflow/example_dags/example_params_ui_tutorial.py for tasks to queue
[2026-03-09T00:09:47.143+0000] {logging_mixin.py:188} INFO - [2026-03-09T00:09:47.140+0000] {dagbag.py:540} INFO - Filling up the DagBag from /home/airflow/.local/lib/python3.8/site-packages/airflow/example_dags/example_params_ui_tutorial.py
[2026-03-09T00:09:47.208+0000] {processor.py:840} INFO - DAG(s) 'example_params_ui_tutorial' retrieved from /home/airflow/.local/lib/python3.8/site-packages/airflow/example_dags/example_params_ui_tutorial.py
[2026-03-09T00:09:47.548+0000] {logging_mixin.py:188} INFO - [2026-03-09T00:09:47.548+0000] {dag.py:3047} INFO - Sync 1 DAGs
[2026-03-09T00:09:47.615+0000] {logging_mixin.py:188} INFO - [2026-03-09T00:09:47.613+0000] {dag.py:3834} INFO - Setting next_dagrun for example_params_ui_tutorial to None, run_after=None
[2026-03-09T00:09:47.709+0000] {processor.py:183} INFO - Processing /home/airflow/.local/lib/python3.8/site-packages/airflow/example_dags/example_params_ui_tutorial.py took 0.603 seconds
[2026-03-09T00:10:17.990+0000] {processor.py:161} INFO - Started process (PID=1333) to work on /home/airflow/.local/lib/python3.8/site-packages/airflow/example_dags/example_params_ui_tutorial.py
[2026-03-09T00:10:17.994+0000] {processor.py:830} INFO - Processing file /home/airflow/.local/lib/python3.8/site-packages/airflow/example_dags/example_params_ui_tutorial.py for tasks to queue
[2026-03-09T00:10:18.000+0000] {logging_mixin.py:188} INFO - [2026-03-09T00:10:17.999+0000] {dagbag.py:540} INFO - Filling up the DagBag from /home/airflow/.local/lib/python3.8/site-packages/airflow/example_dags/example_params_ui_tutorial.py
[2026-03-09T00:10:18.035+0000] {processor.py:840} INFO - DAG(s) 'example_params_ui_tutorial' retrieved from /home/airflow/.local/lib/python3.8/site-packages/airflow/example_dags/example_params_ui_tutorial.py
[2026-03-09T00:10:18.294+0000] {logging_mixin.py:188} INFO - [2026-03-09T00:10:18.292+0000] {dag.py:3047} INFO - Sync 1 DAGs
[2026-03-09T00:10:18.390+0000] {logging_mixin.py:188} INFO - [2026-03-09T00:10:18.389+0000] {dag.py:3834} INFO - Setting next_dagrun for example_params_ui_tutorial to None, run_after=None
[2026-03-09T00:10:18.522+0000] {processor.py:183} INFO - Processing /home/airflow/.local/lib/python3.8/site-packages/airflow/example_dags/example_params_ui_tutorial.py took 0.542 seconds
[2026-03-09T00:10:49.571+0000] {processor.py:161} INFO - Started process (PID=1391) to work on /home/airflow/.local/lib/python3.8/site-packages/airflow/example_dags/example_params_ui_tutorial.py
[2026-03-09T00:10:49.577+0000] {processor.py:830} INFO - Processing file /home/airflow/.local/lib/python3.8/site-packages/airflow/example_dags/example_params_ui_tutorial.py for tasks to queue
[2026-03-09T00:10:49.589+0000] {logging_mixin.py:188} INFO - [2026-03-09T00:10:49.587+0000] {dagbag.py:540} INFO - Filling up the DagBag from /home/airflow/.local/lib/python3.8/site-packages/airflow/example_dags/example_params_ui_tutorial.py
[2026-03-09T00:10:49.655+0000] {processor.py:840} INFO - DAG(s) 'example_params_ui_tutorial' retrieved from /home/airflow/.local/lib/python3.8/site-packages/airflow/example_dags/example_params_ui_tutorial.py
[2026-03-09T00:10:49.954+0000] {logging_mixin.py:188} INFO - [2026-03-09T00:10:49.953+0000] {dag.py:3047} INFO - Sync 1 DAGs
[2026-03-09T00:10:50.010+0000] {logging_mixin.py:188} INFO - [2026-03-09T00:10:50.009+0000] {dag.py:3834} INFO - Setting next_dagrun for example_params_ui_tutorial to None, run_after=None
[2026-03-09T00:10:50.091+0000] {processor.py:183} INFO - Processing /home/airflow/.local/lib/python3.8/site-packages/airflow/example_dags/example_params_ui_tutorial.py took 0.554 seconds
[2026-03-09T00:11:22.683+0000] {processor.py:161} INFO - Started process (PID=1446) to work on /home/airflow/.local/lib/python3.8/site-packages/airflow/example_dags/example_params_ui_tutorial.py
[2026-03-09T00:11:22.687+0000] {processor.py:830} INFO - Processing file /home/airflow/.local/lib/python3.8/site-packages/airflow/example_dags/example_params_ui_tutorial.py for tasks to queue
[2026-03-09T00:11:22.696+0000] {logging_mixin.py:188} INFO - [2026-03-09T00:11:22.696+0000] {dagbag.py:540} INFO - Filling up the DagBag from /home/airflow/.local/lib/python3.8/site-packages/airflow/example_dags/example_params_ui_tutorial.py
[2026-03-09T00:11:22.751+0000] {processor.py:840} INFO - DAG(s) 'example_params_ui_tutorial' retrieved from /home/airflow/.local/lib/python3.8/site-packages/airflow/example_dags/example_params_ui_tutorial.py
[2026-03-09T00:11:23.295+0000] {logging_mixin.py:188} INFO - [2026-03-09T00:11:23.293+0000] {dag.py:3047} INFO - Sync 1 DAGs
[2026-03-09T00:11:23.389+0000] {logging_mixin.py:188} INFO - [2026-03-09T00:11:23.388+0000] {dag.py:3834} INFO - Setting next_dagrun for example_params_ui_tutorial to None, run_after=None
[2026-03-09T00:11:23.607+0000] {processor.py:183} INFO - Processing /home/airflow/.local/lib/python3.8/site-packages/airflow/example_dags/example_params_ui_tutorial.py took 0.936 seconds
[2026-03-09T00:11:54.324+0000] {processor.py:161} INFO - Started process (PID=1501) to work on /home/airflow/.local/lib/python3.8/site-packages/airflow/example_dags/example_params_ui_tutorial.py
[2026-03-09T00:11:54.328+0000] {processor.py:830} INFO - Processing file /home/airflow/.local/lib/python3.8/site-packages/airflow/example_dags/example_params_ui_tutorial.py for tasks to queue
[2026-03-09T00:11:54.337+0000] {logging_mixin.py:188} INFO - [2026-03-09T00:11:54.336+0000] {dagbag.py:540} INFO - Filling up the DagBag from /home/airflow/.local/lib/python3.8/site-packages/airflow/example_dags/example_params_ui_tutorial.py
[2026-03-09T00:11:54.390+0000] {processor.py:840} INFO - DAG(s) 'example_params_ui_tutorial' retrieved from /home/airflow/.local/lib/python3.8/site-packages/airflow/example_dags/example_params_ui_tutorial.py
[2026-03-09T00:11:54.671+0000] {logging_mixin.py:188} INFO - [2026-03-09T00:11:54.670+0000] {dag.py:3047} INFO - Sync 1 DAGs
[2026-03-09T00:11:54.717+0000] {logging_mixin.py:188} INFO - [2026-03-09T00:11:54.716+0000] {dag.py:3834} INFO - Setting next_dagrun for example_params_ui_tutorial to None, run_after=None
[2026-03-09T00:11:54.798+0000] {processor.py:183} INFO - Processing /home/airflow/.local/lib/python3.8/site-packages/airflow/example_dags/example_params_ui_tutorial.py took 0.488 seconds
[2026-03-09T00:12:24.944+0000] {processor.py:161} INFO - Started process (PID=1557) to work on /home/airflow/.local/lib/python3.8/site-packages/airflow/example_dags/example_params_ui_tutorial.py
[2026-03-09T00:12:24.950+0000] {processor.py:830} INFO - Processing file /home/airflow/.local/lib/python3.8/site-packages/airflow/example_dags/example_params_ui_tutorial.py for tasks to queue
[2026-03-09T00:12:24.961+0000] {logging_mixin.py:188} INFO - [2026-03-09T00:12:24.959+0000] {dagbag.py:540} INFO - Filling up the DagBag from /home/airflow/.local/lib/python3.8/site-packages/airflow/example_dags/example_params_ui_tutorial.py
[2026-03-09T00:12:25.018+0000] {processor.py:840} INFO - DAG(s) 'example_params_ui_tutorial' retrieved from /home/airflow/.local/lib/python3.8/site-packages/airflow/example_dags/example_params_ui_tutorial.py
[2026-03-09T00:12:25.142+0000] {logging_mixin.py:188} INFO - [2026-03-09T00:12:25.142+0000] {dag.py:3047} INFO - Sync 1 DAGs
[2026-03-09T00:12:25.164+0000] {logging_mixin.py:188} INFO - [2026-03-09T00:12:25.164+0000] {dag.py:3834} INFO - Setting next_dagrun for example_params_ui_tutorial to None, run_after=None
[2026-03-09T00:12:25.197+0000] {processor.py:183} INFO - Processing /home/airflow/.local/lib/python3.8/site-packages/airflow/example_dags/example_params_ui_tutorial.py took 0.270 seconds
[2026-03-09T00:12:56.096+0000] {processor.py:161} INFO - Started process (PID=1613) to work on /home/airflow/.local/lib/python3.8/site-packages/airflow/example_dags/example_params_ui_tutorial.py
[2026-03-09T00:12:56.129+0000] {processor.py:830} INFO - Processing file /home/airflow/.local/lib/python3.8/site-packages/airflow/example_dags/example_params_ui_tutorial.py for tasks to queue
[2026-03-09T00:12:56.147+0000] {logging_mixin.py:188} INFO - [2026-03-09T00:12:56.146+0000] {dagbag.py:540} INFO - Filling up the DagBag from /home/airflow/.local/lib/python3.8/site-packages/airflow/example_dags/example_params_ui_tutorial.py
[2026-03-09T00:12:56.260+0000] {processor.py:840} INFO - DAG(s) 'example_params_ui_tutorial' retrieved from /home/airflow/.local/lib/python3.8/site-packages/airflow/example_dags/example_params_ui_tutorial.py
[2026-03-09T00:12:56.618+0000] {logging_mixin.py:188} INFO - [2026-03-09T00:12:56.617+0000] {dag.py:3047} INFO - Sync 1 DAGs
[2026-03-09T00:12:56.651+0000] {logging_mixin.py:188} INFO - [2026-03-09T00:12:56.650+0000] {dag.py:3834} INFO - Setting next_dagrun for example_params_ui_tutorial to None, run_after=None
[2026-03-09T00:12:56.708+0000] {processor.py:183} INFO - Processing /home/airflow/.local/lib/python3.8/site-packages/airflow/example_dags/example_params_ui_tutorial.py took 0.634 seconds
[2026-03-09T00:13:27.198+0000] {processor.py:161} INFO - Started process (PID=1667) to work on /home/airflow/.local/lib/python3.8/site-packages/airflow/example_dags/example_params_ui_tutorial.py
[2026-03-09T00:13:27.202+0000] {processor.py:830} INFO - Processing file /home/airflow/.local/lib/python3.8/site-packages/airflow/example_dags/example_params_ui_tutorial.py for tasks to queue
[2026-03-09T00:13:27.207+0000] {logging_mixin.py:188} INFO - [2026-03-09T00:13:27.206+0000] {dagbag.py:540} INFO - Filling up the DagBag from /home/airflow/.local/lib/python3.8/site-packages/airflow/example_dags/example_params_ui_tutorial.py
[2026-03-09T00:13:27.241+0000] {processor.py:840} INFO - DAG(s) 'example_params_ui_tutorial' retrieved from /home/airflow/.local/lib/python3.8/site-packages/airflow/example_dags/example_params_ui_tutorial.py
[2026-03-09T00:13:27.412+0000] {logging_mixin.py:188} INFO - [2026-03-09T00:13:27.411+0000] {dag.py:3047} INFO - Sync 1 DAGs
[2026-03-09T00:13:27.437+0000] {logging_mixin.py:188} INFO - [2026-03-09T00:13:27.437+0000] {dag.py:3834} INFO - Setting next_dagrun for example_params_ui_tutorial to None, run_after=None
[2026-03-09T00:13:27.479+0000] {processor.py:183} INFO - Processing /home/airflow/.local/lib/python3.8/site-packages/airflow/example_dags/example_params_ui_tutorial.py took 0.293 seconds
[2026-03-09T00:13:58.124+0000] {processor.py:161} INFO - Started process (PID=1723) to work on /home/airflow/.local/lib/python3.8/site-packages/airflow/example_dags/example_params_ui_tutorial.py
[2026-03-09T00:13:58.129+0000] {processor.py:830} INFO - Processing file /home/airflow/.local/lib/python3.8/site-packages/airflow/example_dags/example_params_ui_tutorial.py for tasks to queue
[2026-03-09T00:13:58.135+0000] {logging_mixin.py:188} INFO - [2026-03-09T00:13:58.134+0000] {dagbag.py:540} INFO - Filling up the DagBag from /home/airflow/.local/lib/python3.8/site-packages/airflow/example_dags/example_params_ui_tutorial.py
[2026-03-09T00:13:58.179+0000] {processor.py:840} INFO - DAG(s) 'example_params_ui_tutorial' retrieved from /home/airflow/.local/lib/python3.8/site-packages/airflow/example_dags/example_params_ui_tutorial.py
[2026-03-09T00:13:58.445+0000] {logging_mixin.py:188} INFO - [2026-03-09T00:13:58.444+0000] {dag.py:3047} INFO - Sync 1 DAGs
[2026-03-09T00:13:58.524+0000] {logging_mixin.py:188} INFO - [2026-03-09T00:13:58.523+0000] {dag.py:3834} INFO - Setting next_dagrun for example_params_ui_tutorial to None, run_after=None
[2026-03-09T00:13:58.628+0000] {processor.py:183} INFO - Processing /home/airflow/.local/lib/python3.8/site-packages/airflow/example_dags/example_params_ui_tutorial.py took 0.517 seconds
[2026-03-09T00:14:29.892+0000] {processor.py:161} INFO - Started process (PID=1780) to work on /home/airflow/.local/lib/python3.8/site-packages/airflow/example_dags/example_params_ui_tutorial.py
[2026-03-09T00:14:29.897+0000] {processor.py:830} INFO - Processing file /home/airflow/.local/lib/python3.8/site-packages/airflow/example_dags/example_params_ui_tutorial.py for tasks to queue
[2026-03-09T00:14:29.904+0000] {logging_mixin.py:188} INFO - [2026-03-09T00:14:29.903+0000] {dagbag.py:540} INFO - Filling up the DagBag from /home/airflow/.local/lib/python3.8/site-packages/airflow/example_dags/example_params_ui_tutorial.py
[2026-03-09T00:14:29.959+0000] {processor.py:840} INFO - DAG(s) 'example_params_ui_tutorial' retrieved from /home/airflow/.local/lib/python3.8/site-packages/airflow/example_dags/example_params_ui_tutorial.py
[2026-03-09T00:14:30.162+0000] {logging_mixin.py:188} INFO - [2026-03-09T00:14:30.162+0000] {dag.py:3047} INFO - Sync 1 DAGs
[2026-03-09T00:14:30.189+0000] {logging_mixin.py:188} INFO - [2026-03-09T00:14:30.188+0000] {dag.py:3834} INFO - Setting next_dagrun for example_params_ui_tutorial to None, run_after=None
[2026-03-09T00:14:30.236+0000] {processor.py:183} INFO - Processing /home/airflow/.local/lib/python3.8/site-packages/airflow/example_dags/example_params_ui_tutorial.py took 0.358 seconds
[2026-03-09T00:15:01.848+0000] {processor.py:161} INFO - Started process (PID=1837) to work on /home/airflow/.local/lib/python3.8/site-packages/airflow/example_dags/example_params_ui_tutorial.py
[2026-03-09T00:15:01.850+0000] {processor.py:830} INFO - Processing file /home/airflow/.local/lib/python3.8/site-packages/airflow/example_dags/example_params_ui_tutorial.py for tasks to queue
[2026-03-09T00:15:01.855+0000] {logging_mixin.py:188} INFO - [2026-03-09T00:15:01.854+0000] {dagbag.py:540} INFO - Filling up the DagBag from /home/airflow/.local/lib/python3.8/site-packages/airflow/example_dags/example_params_ui_tutorial.py
[2026-03-09T00:15:01.893+0000] {processor.py:840} INFO - DAG(s) 'example_params_ui_tutorial' retrieved from /home/airflow/.local/lib/python3.8/site-packages/airflow/example_dags/example_params_ui_tutorial.py
[2026-03-09T00:15:02.016+0000] {logging_mixin.py:188} INFO - [2026-03-09T00:15:02.016+0000] {dag.py:3047} INFO - Sync 1 DAGs
[2026-03-09T00:15:02.051+0000] {logging_mixin.py:188} INFO - [2026-03-09T00:15:02.051+0000] {dag.py:3834} INFO - Setting next_dagrun for example_params_ui_tutorial to None, run_after=None
[2026-03-09T00:15:02.146+0000] {processor.py:183} INFO - Processing /home/airflow/.local/lib/python3.8/site-packages/airflow/example_dags/example_params_ui_tutorial.py took 0.308 seconds
[2026-03-09T00:15:32.816+0000] {processor.py:161} INFO - Started process (PID=1893) to work on /home/airflow/.local/lib/python3.8/site-packages/airflow/example_dags/example_params_ui_tutorial.py
[2026-03-09T00:15:32.821+0000] {processor.py:830} INFO - Processing file /home/airflow/.local/lib/python3.8/site-packages/airflow/example_dags/example_params_ui_tutorial.py for tasks to queue
[2026-03-09T00:15:32.829+0000] {logging_mixin.py:188} INFO - [2026-03-09T00:15:32.828+0000] {dagbag.py:540} INFO - Filling up the DagBag from /home/airflow/.local/lib/python3.8/site-packages/airflow/example_dags/example_params_ui_tutorial.py
[2026-03-09T00:15:32.903+0000] {processor.py:840} INFO - DAG(s) 'example_params_ui_tutorial' retrieved from /home/airflow/.local/lib/python3.8/site-packages/airflow/example_dags/example_params_ui_tutorial.py
[2026-03-09T00:15:33.234+0000] {logging_mixin.py:188} INFO - [2026-03-09T00:15:33.233+0000] {dag.py:3047} INFO - Sync 1 DAGs
[2026-03-09T00:15:33.287+0000] {logging_mixin.py:188} INFO - [2026-03-09T00:15:33.286+0000] {dag.py:3834} INFO - Setting next_dagrun for example_params_ui_tutorial to None, run_after=None
[2026-03-09T00:15:33.359+0000] {processor.py:183} INFO - Processing /home/airflow/.local/lib/python3.8/site-packages/airflow/example_dags/example_params_ui_tutorial.py took 0.560 seconds
[2026-03-09T00:16:03.557+0000] {processor.py:161} INFO - Started process (PID=1949) to work on /home/airflow/.local/lib/python3.8/site-packages/airflow/example_dags/example_params_ui_tutorial.py
[2026-03-09T00:16:03.561+0000] {processor.py:830} INFO - Processing file /home/airflow/.local/lib/python3.8/site-packages/airflow/example_dags/example_params_ui_tutorial.py for tasks to queue
[2026-03-09T00:16:03.568+0000] {logging_mixin.py:188} INFO - [2026-03-09T00:16:03.567+0000] {dagbag.py:540} INFO - Filling up the DagBag from /home/airflow/.local/lib/python3.8/site-packages/airflow/example_dags/example_params_ui_tutorial.py
[2026-03-09T00:16:03.618+0000] {processor.py:840} INFO - DAG(s) 'example_params_ui_tutorial' retrieved from /home/airflow/.local/lib/python3.8/site-packages/airflow/example_dags/example_params_ui_tutorial.py
[2026-03-09T00:16:03.814+0000] {logging_mixin.py:188} INFO - [2026-03-09T00:16:03.814+0000] {dag.py:3047} INFO - Sync 1 DAGs
[2026-03-09T00:16:03.855+0000] {logging_mixin.py:188} INFO - [2026-03-09T00:16:03.855+0000] {dag.py:3834} INFO - Setting next_dagrun for example_params_ui_tutorial to None, run_after=None
[2026-03-09T00:16:03.905+0000] {processor.py:183} INFO - Processing /home/airflow/.local/lib/python3.8/site-packages/airflow/example_dags/example_params_ui_tutorial.py took 0.362 seconds
[2026-03-09T00:16:34.435+0000] {processor.py:161} INFO - Started process (PID=2007) to work on /home/airflow/.local/lib/python3.8/site-packages/airflow/example_dags/example_params_ui_tutorial.py
[2026-03-09T00:16:34.440+0000] {processor.py:830} INFO - Processing file /home/airflow/.local/lib/python3.8/site-packages/airflow/example_dags/example_params_ui_tutorial.py for tasks to queue
[2026-03-09T00:16:34.447+0000] {logging_mixin.py:188} INFO - [2026-03-09T00:16:34.445+0000] {dagbag.py:540} INFO - Filling up the DagBag from /home/airflow/.local/lib/python3.8/site-packages/airflow/example_dags/example_params_ui_tutorial.py
[2026-03-09T00:16:34.484+0000] {processor.py:840} INFO - DAG(s) 'example_params_ui_tutorial' retrieved from /home/airflow/.local/lib/python3.8/site-packages/airflow/example_dags/example_params_ui_tutorial.py
[2026-03-09T00:16:34.635+0000] {logging_mixin.py:188} INFO - [2026-03-09T00:16:34.634+0000] {dag.py:3047} INFO - Sync 1 DAGs
[2026-03-09T00:16:34.673+0000] {logging_mixin.py:188} INFO - [2026-03-09T00:16:34.672+0000] {dag.py:3834} INFO - Setting next_dagrun for example_params_ui_tutorial to None, run_after=None
[2026-03-09T00:16:34.730+0000] {processor.py:183} INFO - Processing /home/airflow/.local/lib/python3.8/site-packages/airflow/example_dags/example_params_ui_tutorial.py took 0.311 seconds
[2026-03-09T00:17:05.223+0000] {processor.py:161} INFO - Started process (PID=2063) to work on /home/airflow/.local/lib/python3.8/site-packages/airflow/example_dags/example_params_ui_tutorial.py
[2026-03-09T00:17:05.227+0000] {processor.py:830} INFO - Processing file /home/airflow/.local/lib/python3.8/site-packages/airflow/example_dags/example_params_ui_tutorial.py for tasks to queue
[2026-03-09T00:17:05.233+0000] {logging_mixin.py:188} INFO - [2026-03-09T00:17:05.232+0000] {dagbag.py:540} INFO - Filling up the DagBag from /home/airflow/.local/lib/python3.8/site-packages/airflow/example_dags/example_params_ui_tutorial.py
[2026-03-09T00:17:05.275+0000] {processor.py:840} INFO - DAG(s) 'example_params_ui_tutorial' retrieved from /home/airflow/.local/lib/python3.8/site-packages/airflow/example_dags/example_params_ui_tutorial.py
[2026-03-09T00:17:05.428+0000] {logging_mixin.py:188} INFO - [2026-03-09T00:17:05.427+0000] {dag.py:3047} INFO - Sync 1 DAGs
[2026-03-09T00:17:05.460+0000] {logging_mixin.py:188} INFO - [2026-03-09T00:17:05.460+0000] {dag.py:3834} INFO - Setting next_dagrun for example_params_ui_tutorial to None, run_after=None
[2026-03-09T00:17:05.507+0000] {processor.py:183} INFO - Processing /home/airflow/.local/lib/python3.8/site-packages/airflow/example_dags/example_params_ui_tutorial.py took 0.294 seconds
[2026-03-09T00:17:36.381+0000] {processor.py:161} INFO - Started process (PID=2119) to work on /home/airflow/.local/lib/python3.8/site-packages/airflow/example_dags/example_params_ui_tutorial.py
[2026-03-09T00:17:36.389+0000] {processor.py:830} INFO - Processing file /home/airflow/.local/lib/python3.8/site-packages/airflow/example_dags/example_params_ui_tutorial.py for tasks to queue
[2026-03-09T00:17:36.397+0000] {logging_mixin.py:188} INFO - [2026-03-09T00:17:36.395+0000] {dagbag.py:540} INFO - Filling up the DagBag from /home/airflow/.local/lib/python3.8/site-packages/airflow/example_dags/example_params_ui_tutorial.py
[2026-03-09T00:17:36.475+0000] {processor.py:840} INFO - DAG(s) 'example_params_ui_tutorial' retrieved from /home/airflow/.local/lib/python3.8/site-packages/airflow/example_dags/example_params_ui_tutorial.py
[2026-03-09T00:17:36.850+0000] {logging_mixin.py:188} INFO - [2026-03-09T00:17:36.850+0000] {dag.py:3047} INFO - Sync 1 DAGs
[2026-03-09T00:17:36.902+0000] {logging_mixin.py:188} INFO - [2026-03-09T00:17:36.901+0000] {dag.py:3834} INFO - Setting next_dagrun for example_params_ui_tutorial to None, run_after=None
[2026-03-09T00:17:36.982+0000] {processor.py:183} INFO - Processing /home/airflow/.local/lib/python3.8/site-packages/airflow/example_dags/example_params_ui_tutorial.py took 0.627 seconds
[2026-03-09T00:18:07.522+0000] {processor.py:161} INFO - Started process (PID=2175) to work on /home/airflow/.local/lib/python3.8/site-packages/airflow/example_dags/example_params_ui_tutorial.py
[2026-03-09T00:18:07.531+0000] {processor.py:830} INFO - Processing file /home/airflow/.local/lib/python3.8/site-packages/airflow/example_dags/example_params_ui_tutorial.py for tasks to queue
[2026-03-09T00:18:07.539+0000] {logging_mixin.py:188} INFO - [2026-03-09T00:18:07.538+0000] {dagbag.py:540} INFO - Filling up the DagBag from /home/airflow/.local/lib/python3.8/site-packages/airflow/example_dags/example_params_ui_tutorial.py
[2026-03-09T00:18:07.577+0000] {processor.py:840} INFO - DAG(s) 'example_params_ui_tutorial' retrieved from /home/airflow/.local/lib/python3.8/site-packages/airflow/example_dags/example_params_ui_tutorial.py
[2026-03-09T00:18:07.705+0000] {logging_mixin.py:188} INFO - [2026-03-09T00:18:07.705+0000] {dag.py:3047} INFO - Sync 1 DAGs
[2026-03-09T00:18:07.728+0000] {logging_mixin.py:188} INFO - [2026-03-09T00:18:07.728+0000] {dag.py:3834} INFO - Setting next_dagrun for example_params_ui_tutorial to None, run_after=None
[2026-03-09T00:18:07.772+0000] {processor.py:183} INFO - Processing /home/airflow/.local/lib/python3.8/site-packages/airflow/example_dags/example_params_ui_tutorial.py took 0.279 seconds
[2026-03-09T00:18:38.654+0000] {processor.py:161} INFO - Started process (PID=2231) to work on /home/airflow/.local/lib/python3.8/site-packages/airflow/example_dags/example_params_ui_tutorial.py
[2026-03-09T00:18:38.660+0000] {processor.py:830} INFO - Processing file /home/airflow/.local/lib/python3.8/site-packages/airflow/example_dags/example_params_ui_tutorial.py for tasks to queue
[2026-03-09T00:18:38.675+0000] {logging_mixin.py:188} INFO - [2026-03-09T00:18:38.674+0000] {dagbag.py:540} INFO - Filling up the DagBag from /home/airflow/.local/lib/python3.8/site-packages/airflow/example_dags/example_params_ui_tutorial.py
[2026-03-09T00:18:38.743+0000] {processor.py:840} INFO - DAG(s) 'example_params_ui_tutorial' retrieved from /home/airflow/.local/lib/python3.8/site-packages/airflow/example_dags/example_params_ui_tutorial.py
[2026-03-09T00:18:38.935+0000] {logging_mixin.py:188} INFO - [2026-03-09T00:18:38.934+0000] {dag.py:3047} INFO - Sync 1 DAGs
[2026-03-09T00:18:38.972+0000] {logging_mixin.py:188} INFO - [2026-03-09T00:18:38.971+0000] {dag.py:3834} INFO - Setting next_dagrun for example_params_ui_tutorial to None, run_after=None
[2026-03-09T00:18:39.021+0000] {processor.py:183} INFO - Processing /home/airflow/.local/lib/python3.8/site-packages/airflow/example_dags/example_params_ui_tutorial.py took 0.387 seconds
[2026-03-09T00:19:09.333+0000] {processor.py:161} INFO - Started process (PID=2287) to work on /home/airflow/.local/lib/python3.8/site-packages/airflow/example_dags/example_params_ui_tutorial.py
[2026-03-09T00:19:09.337+0000] {processor.py:830} INFO - Processing file /home/airflow/.local/lib/python3.8/site-packages/airflow/example_dags/example_params_ui_tutorial.py for tasks to queue
[2026-03-09T00:19:09.345+0000] {logging_mixin.py:188} INFO - [2026-03-09T00:19:09.344+0000] {dagbag.py:540} INFO - Filling up the DagBag from /home/airflow/.local/lib/python3.8/site-packages/airflow/example_dags/example_params_ui_tutorial.py
[2026-03-09T00:19:09.388+0000] {processor.py:840} INFO - DAG(s) 'example_params_ui_tutorial' retrieved from /home/airflow/.local/lib/python3.8/site-packages/airflow/example_dags/example_params_ui_tutorial.py
[2026-03-09T00:19:09.834+0000] {logging_mixin.py:188} INFO - [2026-03-09T00:19:09.833+0000] {dag.py:3047} INFO - Sync 1 DAGs
[2026-03-09T00:19:09.891+0000] {logging_mixin.py:188} INFO - [2026-03-09T00:19:09.885+0000] {dag.py:3834} INFO - Setting next_dagrun for example_params_ui_tutorial to None, run_after=None
[2026-03-09T00:19:09.989+0000] {processor.py:183} INFO - Processing /home/airflow/.local/lib/python3.8/site-packages/airflow/example_dags/example_params_ui_tutorial.py took 0.671 seconds
[2026-03-09T00:19:40.324+0000] {processor.py:161} INFO - Started process (PID=2343) to work on /home/airflow/.local/lib/python3.8/site-packages/airflow/example_dags/example_params_ui_tutorial.py
[2026-03-09T00:19:40.328+0000] {processor.py:830} INFO - Processing file /home/airflow/.local/lib/python3.8/site-packages/airflow/example_dags/example_params_ui_tutorial.py for tasks to queue
[2026-03-09T00:19:40.334+0000] {logging_mixin.py:188} INFO - [2026-03-09T00:19:40.333+0000] {dagbag.py:540} INFO - Filling up the DagBag from /home/airflow/.local/lib/python3.8/site-packages/airflow/example_dags/example_params_ui_tutorial.py
[2026-03-09T00:19:40.380+0000] {processor.py:840} INFO - DAG(s) 'example_params_ui_tutorial' retrieved from /home/airflow/.local/lib/python3.8/site-packages/airflow/example_dags/example_params_ui_tutorial.py
[2026-03-09T00:19:40.693+0000] {logging_mixin.py:188} INFO - [2026-03-09T00:19:40.692+0000] {dag.py:3047} INFO - Sync 1 DAGs
[2026-03-09T00:19:40.749+0000] {logging_mixin.py:188} INFO - [2026-03-09T00:19:40.748+0000] {dag.py:3834} INFO - Setting next_dagrun for example_params_ui_tutorial to None, run_after=None
[2026-03-09T00:19:40.832+0000] {processor.py:183} INFO - Processing /home/airflow/.local/lib/python3.8/site-packages/airflow/example_dags/example_params_ui_tutorial.py took 0.519 seconds
[2026-03-09T00:20:11.646+0000] {processor.py:161} INFO - Started process (PID=2400) to work on /home/airflow/.local/lib/python3.8/site-packages/airflow/example_dags/example_params_ui_tutorial.py
[2026-03-09T00:20:11.649+0000] {processor.py:830} INFO - Processing file /home/airflow/.local/lib/python3.8/site-packages/airflow/example_dags/example_params_ui_tutorial.py for tasks to queue
[2026-03-09T00:20:11.655+0000] {logging_mixin.py:188} INFO - [2026-03-09T00:20:11.654+0000] {dagbag.py:540} INFO - Filling up the DagBag from /home/airflow/.local/lib/python3.8/site-packages/airflow/example_dags/example_params_ui_tutorial.py
[2026-03-09T00:20:11.696+0000] {processor.py:840} INFO - DAG(s) 'example_params_ui_tutorial' retrieved from /home/airflow/.local/lib/python3.8/site-packages/airflow/example_dags/example_params_ui_tutorial.py
[2026-03-09T00:20:11.969+0000] {logging_mixin.py:188} INFO - [2026-03-09T00:20:11.968+0000] {dag.py:3047} INFO - Sync 1 DAGs
[2026-03-09T00:20:12.024+0000] {logging_mixin.py:188} INFO - [2026-03-09T00:20:12.023+0000] {dag.py:3834} INFO - Setting next_dagrun for example_params_ui_tutorial to None, run_after=None
[2026-03-09T00:20:12.098+0000] {processor.py:183} INFO - Processing /home/airflow/.local/lib/python3.8/site-packages/airflow/example_dags/example_params_ui_tutorial.py took 0.464 seconds
[2026-03-09T00:20:42.281+0000] {processor.py:161} INFO - Started process (PID=2450) to work on /home/airflow/.local/lib/python3.8/site-packages/airflow/example_dags/example_params_ui_tutorial.py
[2026-03-09T00:20:42.285+0000] {processor.py:830} INFO - Processing file /home/airflow/.local/lib/python3.8/site-packages/airflow/example_dags/example_params_ui_tutorial.py for tasks to queue
[2026-03-09T00:20:42.292+0000] {logging_mixin.py:188} INFO - [2026-03-09T00:20:42.291+0000] {dagbag.py:540} INFO - Filling up the DagBag from /home/airflow/.local/lib/python3.8/site-packages/airflow/example_dags/example_params_ui_tutorial.py
[2026-03-09T00:20:42.320+0000] {processor.py:840} INFO - DAG(s) 'example_params_ui_tutorial' retrieved from /home/airflow/.local/lib/python3.8/site-packages/airflow/example_dags/example_params_ui_tutorial.py
[2026-03-09T00:20:42.453+0000] {logging_mixin.py:188} INFO - [2026-03-09T00:20:42.453+0000] {dag.py:3047} INFO - Sync 1 DAGs
[2026-03-09T00:20:42.479+0000] {logging_mixin.py:188} INFO - [2026-03-09T00:20:42.478+0000] {dag.py:3834} INFO - Setting next_dagrun for example_params_ui_tutorial to None, run_after=None
[2026-03-09T00:20:42.541+0000] {processor.py:183} INFO - Processing /home/airflow/.local/lib/python3.8/site-packages/airflow/example_dags/example_params_ui_tutorial.py took 0.270 seconds
[2026-03-09T00:21:13.342+0000] {processor.py:161} INFO - Started process (PID=2506) to work on /home/airflow/.local/lib/python3.8/site-packages/airflow/example_dags/example_params_ui_tutorial.py
[2026-03-09T00:21:13.346+0000] {processor.py:830} INFO - Processing file /home/airflow/.local/lib/python3.8/site-packages/airflow/example_dags/example_params_ui_tutorial.py for tasks to queue
[2026-03-09T00:21:13.351+0000] {logging_mixin.py:188} INFO - [2026-03-09T00:21:13.350+0000] {dagbag.py:540} INFO - Filling up the DagBag from /home/airflow/.local/lib/python3.8/site-packages/airflow/example_dags/example_params_ui_tutorial.py
[2026-03-09T00:21:13.380+0000] {processor.py:840} INFO - DAG(s) 'example_params_ui_tutorial' retrieved from /home/airflow/.local/lib/python3.8/site-packages/airflow/example_dags/example_params_ui_tutorial.py
[2026-03-09T00:21:13.539+0000] {logging_mixin.py:188} INFO - [2026-03-09T00:21:13.539+0000] {dag.py:3047} INFO - Sync 1 DAGs
[2026-03-09T00:21:13.566+0000] {logging_mixin.py:188} INFO - [2026-03-09T00:21:13.566+0000] {dag.py:3834} INFO - Setting next_dagrun for example_params_ui_tutorial to None, run_after=None
[2026-03-09T00:21:13.644+0000] {processor.py:183} INFO - Processing /home/airflow/.local/lib/python3.8/site-packages/airflow/example_dags/example_params_ui_tutorial.py took 0.315 seconds
[2026-03-09T00:21:46.896+0000] {processor.py:161} INFO - Started process (PID=2572) to work on /home/airflow/.local/lib/python3.8/site-packages/airflow/example_dags/example_params_ui_tutorial.py
[2026-03-09T00:21:46.902+0000] {processor.py:830} INFO - Processing file /home/airflow/.local/lib/python3.8/site-packages/airflow/example_dags/example_params_ui_tutorial.py for tasks to queue
[2026-03-09T00:21:46.910+0000] {logging_mixin.py:188} INFO - [2026-03-09T00:21:46.909+0000] {dagbag.py:540} INFO - Filling up the DagBag from /home/airflow/.local/lib/python3.8/site-packages/airflow/example_dags/example_params_ui_tutorial.py
[2026-03-09T00:21:46.945+0000] {processor.py:840} INFO - DAG(s) 'example_params_ui_tutorial' retrieved from /home/airflow/.local/lib/python3.8/site-packages/airflow/example_dags/example_params_ui_tutorial.py
[2026-03-09T00:21:47.089+0000] {logging_mixin.py:188} INFO - [2026-03-09T00:21:47.088+0000] {dag.py:3047} INFO - Sync 1 DAGs
[2026-03-09T00:21:47.118+0000] {logging_mixin.py:188} INFO - [2026-03-09T00:21:47.117+0000] {dag.py:3834} INFO - Setting next_dagrun for example_params_ui_tutorial to None, run_after=None
[2026-03-09T00:21:47.184+0000] {processor.py:183} INFO - Processing /home/airflow/.local/lib/python3.8/site-packages/airflow/example_dags/example_params_ui_tutorial.py took 0.299 seconds
[2026-03-09T00:22:18.111+0000] {processor.py:161} INFO - Started process (PID=2628) to work on /home/airflow/.local/lib/python3.8/site-packages/airflow/example_dags/example_params_ui_tutorial.py
[2026-03-09T00:22:18.125+0000] {processor.py:830} INFO - Processing file /home/airflow/.local/lib/python3.8/site-packages/airflow/example_dags/example_params_ui_tutorial.py for tasks to queue
[2026-03-09T00:22:18.156+0000] {logging_mixin.py:188} INFO - [2026-03-09T00:22:18.154+0000] {dagbag.py:540} INFO - Filling up the DagBag from /home/airflow/.local/lib/python3.8/site-packages/airflow/example_dags/example_params_ui_tutorial.py
[2026-03-09T00:22:18.274+0000] {processor.py:840} INFO - DAG(s) 'example_params_ui_tutorial' retrieved from /home/airflow/.local/lib/python3.8/site-packages/airflow/example_dags/example_params_ui_tutorial.py
[2026-03-09T00:22:18.819+0000] {logging_mixin.py:188} INFO - [2026-03-09T00:22:18.818+0000] {dag.py:3047} INFO - Sync 1 DAGs
[2026-03-09T00:22:19.001+0000] {logging_mixin.py:188} INFO - [2026-03-09T00:22:19.000+0000] {dag.py:3834} INFO - Setting next_dagrun for example_params_ui_tutorial to None, run_after=None
[2026-03-09T00:22:19.162+0000] {processor.py:183} INFO - Processing /home/airflow/.local/lib/python3.8/site-packages/airflow/example_dags/example_params_ui_tutorial.py took 1.092 seconds
[2026-03-09T00:22:49.361+0000] {processor.py:161} INFO - Started process (PID=2683) to work on /home/airflow/.local/lib/python3.8/site-packages/airflow/example_dags/example_params_ui_tutorial.py
[2026-03-09T00:22:49.364+0000] {processor.py:830} INFO - Processing file /home/airflow/.local/lib/python3.8/site-packages/airflow/example_dags/example_params_ui_tutorial.py for tasks to queue
[2026-03-09T00:22:49.369+0000] {logging_mixin.py:188} INFO - [2026-03-09T00:22:49.368+0000] {dagbag.py:540} INFO - Filling up the DagBag from /home/airflow/.local/lib/python3.8/site-packages/airflow/example_dags/example_params_ui_tutorial.py
[2026-03-09T00:22:49.402+0000] {processor.py:840} INFO - DAG(s) 'example_params_ui_tutorial' retrieved from /home/airflow/.local/lib/python3.8/site-packages/airflow/example_dags/example_params_ui_tutorial.py
[2026-03-09T00:22:49.748+0000] {logging_mixin.py:188} INFO - [2026-03-09T00:22:49.747+0000] {dag.py:3047} INFO - Sync 1 DAGs
[2026-03-09T00:22:49.817+0000] {logging_mixin.py:188} INFO - [2026-03-09T00:22:49.816+0000] {dag.py:3834} INFO - Setting next_dagrun for example_params_ui_tutorial to None, run_after=None
[2026-03-09T00:22:49.900+0000] {processor.py:183} INFO - Processing /home/airflow/.local/lib/python3.8/site-packages/airflow/example_dags/example_params_ui_tutorial.py took 0.553 seconds
[2026-03-09T00:23:20.411+0000] {processor.py:161} INFO - Started process (PID=2739) to work on /home/airflow/.local/lib/python3.8/site-packages/airflow/example_dags/example_params_ui_tutorial.py
[2026-03-09T00:23:20.426+0000] {processor.py:830} INFO - Processing file /home/airflow/.local/lib/python3.8/site-packages/airflow/example_dags/example_params_ui_tutorial.py for tasks to queue
[2026-03-09T00:23:20.436+0000] {logging_mixin.py:188} INFO - [2026-03-09T00:23:20.435+0000] {dagbag.py:540} INFO - Filling up the DagBag from /home/airflow/.local/lib/python3.8/site-packages/airflow/example_dags/example_params_ui_tutorial.py
[2026-03-09T00:23:20.499+0000] {processor.py:840} INFO - DAG(s) 'example_params_ui_tutorial' retrieved from /home/airflow/.local/lib/python3.8/site-packages/airflow/example_dags/example_params_ui_tutorial.py
[2026-03-09T00:23:20.723+0000] {logging_mixin.py:188} INFO - [2026-03-09T00:23:20.722+0000] {dag.py:3047} INFO - Sync 1 DAGs
[2026-03-09T00:23:20.760+0000] {logging_mixin.py:188} INFO - [2026-03-09T00:23:20.759+0000] {dag.py:3834} INFO - Setting next_dagrun for example_params_ui_tutorial to None, run_after=None
[2026-03-09T00:23:20.828+0000] {processor.py:183} INFO - Processing /home/airflow/.local/lib/python3.8/site-packages/airflow/example_dags/example_params_ui_tutorial.py took 0.433 seconds
[2026-03-09T00:23:51.064+0000] {processor.py:161} INFO - Started process (PID=2795) to work on /home/airflow/.local/lib/python3.8/site-packages/airflow/example_dags/example_params_ui_tutorial.py
[2026-03-09T00:23:51.067+0000] {processor.py:830} INFO - Processing file /home/airflow/.local/lib/python3.8/site-packages/airflow/example_dags/example_params_ui_tutorial.py for tasks to queue
[2026-03-09T00:23:51.080+0000] {logging_mixin.py:188} INFO - [2026-03-09T00:23:51.077+0000] {dagbag.py:540} INFO - Filling up the DagBag from /home/airflow/.local/lib/python3.8/site-packages/airflow/example_dags/example_params_ui_tutorial.py
[2026-03-09T00:23:51.125+0000] {processor.py:840} INFO - DAG(s) 'example_params_ui_tutorial' retrieved from /home/airflow/.local/lib/python3.8/site-packages/airflow/example_dags/example_params_ui_tutorial.py
[2026-03-09T00:23:51.312+0000] {logging_mixin.py:188} INFO - [2026-03-09T00:23:51.312+0000] {dag.py:3047} INFO - Sync 1 DAGs
[2026-03-09T00:23:51.355+0000] {logging_mixin.py:188} INFO - [2026-03-09T00:23:51.355+0000] {dag.py:3834} INFO - Setting next_dagrun for example_params_ui_tutorial to None, run_after=None
[2026-03-09T00:23:51.407+0000] {processor.py:183} INFO - Processing /home/airflow/.local/lib/python3.8/site-packages/airflow/example_dags/example_params_ui_tutorial.py took 0.361 seconds
[2026-03-09T00:24:21.818+0000] {processor.py:161} INFO - Started process (PID=2845) to work on /home/airflow/.local/lib/python3.8/site-packages/airflow/example_dags/example_params_ui_tutorial.py
[2026-03-09T00:24:21.825+0000] {processor.py:830} INFO - Processing file /home/airflow/.local/lib/python3.8/site-packages/airflow/example_dags/example_params_ui_tutorial.py for tasks to queue
[2026-03-09T00:24:21.833+0000] {logging_mixin.py:188} INFO - [2026-03-09T00:24:21.832+0000] {dagbag.py:540} INFO - Filling up the DagBag from /home/airflow/.local/lib/python3.8/site-packages/airflow/example_dags/example_params_ui_tutorial.py
[2026-03-09T00:24:21.900+0000] {processor.py:840} INFO - DAG(s) 'example_params_ui_tutorial' retrieved from /home/airflow/.local/lib/python3.8/site-packages/airflow/example_dags/example_params_ui_tutorial.py
[2026-03-09T00:24:22.253+0000] {logging_mixin.py:188} INFO - [2026-03-09T00:24:22.252+0000] {dag.py:3047} INFO - Sync 1 DAGs
[2026-03-09T00:24:22.313+0000] {logging_mixin.py:188} INFO - [2026-03-09T00:24:22.312+0000] {dag.py:3834} INFO - Setting next_dagrun for example_params_ui_tutorial to None, run_after=None
[2026-03-09T00:24:22.375+0000] {processor.py:183} INFO - Processing /home/airflow/.local/lib/python3.8/site-packages/airflow/example_dags/example_params_ui_tutorial.py took 0.582 seconds
[2026-03-09T00:24:52.665+0000] {processor.py:161} INFO - Started process (PID=2900) to work on /home/airflow/.local/lib/python3.8/site-packages/airflow/example_dags/example_params_ui_tutorial.py
[2026-03-09T00:24:52.670+0000] {processor.py:830} INFO - Processing file /home/airflow/.local/lib/python3.8/site-packages/airflow/example_dags/example_params_ui_tutorial.py for tasks to queue
[2026-03-09T00:24:52.683+0000] {logging_mixin.py:188} INFO - [2026-03-09T00:24:52.682+0000] {dagbag.py:540} INFO - Filling up the DagBag from /home/airflow/.local/lib/python3.8/site-packages/airflow/example_dags/example_params_ui_tutorial.py
[2026-03-09T00:24:52.751+0000] {processor.py:840} INFO - DAG(s) 'example_params_ui_tutorial' retrieved from /home/airflow/.local/lib/python3.8/site-packages/airflow/example_dags/example_params_ui_tutorial.py
[2026-03-09T00:24:53.091+0000] {logging_mixin.py:188} INFO - [2026-03-09T00:24:53.090+0000] {dag.py:3047} INFO - Sync 1 DAGs
[2026-03-09T00:24:53.159+0000] {logging_mixin.py:188} INFO - [2026-03-09T00:24:53.156+0000] {dag.py:3834} INFO - Setting next_dagrun for example_params_ui_tutorial to None, run_after=None
[2026-03-09T00:24:53.277+0000] {processor.py:183} INFO - Processing /home/airflow/.local/lib/python3.8/site-packages/airflow/example_dags/example_params_ui_tutorial.py took 0.632 seconds
[2026-03-09T00:25:29.349+0000] {processor.py:161} INFO - Started process (PID=2962) to work on /home/airflow/.local/lib/python3.8/site-packages/airflow/example_dags/example_params_ui_tutorial.py
[2026-03-09T00:25:29.356+0000] {processor.py:830} INFO - Processing file /home/airflow/.local/lib/python3.8/site-packages/airflow/example_dags/example_params_ui_tutorial.py for tasks to queue
[2026-03-09T00:25:29.369+0000] {logging_mixin.py:188} INFO - [2026-03-09T00:25:29.368+0000] {dagbag.py:540} INFO - Filling up the DagBag from /home/airflow/.local/lib/python3.8/site-packages/airflow/example_dags/example_params_ui_tutorial.py
[2026-03-09T00:25:29.459+0000] {processor.py:840} INFO - DAG(s) 'example_params_ui_tutorial' retrieved from /home/airflow/.local/lib/python3.8/site-packages/airflow/example_dags/example_params_ui_tutorial.py
[2026-03-09T00:25:29.966+0000] {logging_mixin.py:188} INFO - [2026-03-09T00:25:29.965+0000] {dag.py:3047} INFO - Sync 1 DAGs
[2026-03-09T00:25:30.033+0000] {logging_mixin.py:188} INFO - [2026-03-09T00:25:30.032+0000] {dag.py:3834} INFO - Setting next_dagrun for example_params_ui_tutorial to None, run_after=None
[2026-03-09T00:25:30.147+0000] {processor.py:183} INFO - Processing /home/airflow/.local/lib/python3.8/site-packages/airflow/example_dags/example_params_ui_tutorial.py took 0.822 seconds
[2026-03-09T00:26:01.762+0000] {processor.py:161} INFO - Started process (PID=3018) to work on /home/airflow/.local/lib/python3.8/site-packages/airflow/example_dags/example_params_ui_tutorial.py
[2026-03-09T00:26:01.824+0000] {processor.py:830} INFO - Processing file /home/airflow/.local/lib/python3.8/site-packages/airflow/example_dags/example_params_ui_tutorial.py for tasks to queue
[2026-03-09T00:26:01.915+0000] {logging_mixin.py:188} INFO - [2026-03-09T00:26:01.885+0000] {dagbag.py:540} INFO - Filling up the DagBag from /home/airflow/.local/lib/python3.8/site-packages/airflow/example_dags/example_params_ui_tutorial.py
[2026-03-09T00:26:02.120+0000] {processor.py:840} INFO - DAG(s) 'example_params_ui_tutorial' retrieved from /home/airflow/.local/lib/python3.8/site-packages/airflow/example_dags/example_params_ui_tutorial.py
[2026-03-09T00:26:02.720+0000] {logging_mixin.py:188} INFO - [2026-03-09T00:26:02.719+0000] {dag.py:3047} INFO - Sync 1 DAGs
[2026-03-09T00:26:02.826+0000] {logging_mixin.py:188} INFO - [2026-03-09T00:26:02.825+0000] {dag.py:3834} INFO - Setting next_dagrun for example_params_ui_tutorial to None, run_after=None
[2026-03-09T00:26:03.041+0000] {processor.py:183} INFO - Processing /home/airflow/.local/lib/python3.8/site-packages/airflow/example_dags/example_params_ui_tutorial.py took 1.369 seconds
[2026-03-09T00:26:33.600+0000] {processor.py:161} INFO - Started process (PID=3073) to work on /home/airflow/.local/lib/python3.8/site-packages/airflow/example_dags/example_params_ui_tutorial.py
[2026-03-09T00:26:33.603+0000] {processor.py:830} INFO - Processing file /home/airflow/.local/lib/python3.8/site-packages/airflow/example_dags/example_params_ui_tutorial.py for tasks to queue
[2026-03-09T00:26:33.614+0000] {logging_mixin.py:188} INFO - [2026-03-09T00:26:33.610+0000] {dagbag.py:540} INFO - Filling up the DagBag from /home/airflow/.local/lib/python3.8/site-packages/airflow/example_dags/example_params_ui_tutorial.py
[2026-03-09T00:26:33.703+0000] {processor.py:840} INFO - DAG(s) 'example_params_ui_tutorial' retrieved from /home/airflow/.local/lib/python3.8/site-packages/airflow/example_dags/example_params_ui_tutorial.py
[2026-03-09T00:26:33.878+0000] {logging_mixin.py:188} INFO - [2026-03-09T00:26:33.877+0000] {dag.py:3047} INFO - Sync 1 DAGs
[2026-03-09T00:26:33.918+0000] {logging_mixin.py:188} INFO - [2026-03-09T00:26:33.917+0000] {dag.py:3834} INFO - Setting next_dagrun for example_params_ui_tutorial to None, run_after=None
[2026-03-09T00:26:33.974+0000] {processor.py:183} INFO - Processing /home/airflow/.local/lib/python3.8/site-packages/airflow/example_dags/example_params_ui_tutorial.py took 0.390 seconds
[2026-03-09T00:27:04.264+0000] {processor.py:161} INFO - Started process (PID=3128) to work on /home/airflow/.local/lib/python3.8/site-packages/airflow/example_dags/example_params_ui_tutorial.py
[2026-03-09T00:27:04.268+0000] {processor.py:830} INFO - Processing file /home/airflow/.local/lib/python3.8/site-packages/airflow/example_dags/example_params_ui_tutorial.py for tasks to queue
[2026-03-09T00:27:04.273+0000] {logging_mixin.py:188} INFO - [2026-03-09T00:27:04.272+0000] {dagbag.py:540} INFO - Filling up the DagBag from /home/airflow/.local/lib/python3.8/site-packages/airflow/example_dags/example_params_ui_tutorial.py
[2026-03-09T00:27:04.302+0000] {processor.py:840} INFO - DAG(s) 'example_params_ui_tutorial' retrieved from /home/airflow/.local/lib/python3.8/site-packages/airflow/example_dags/example_params_ui_tutorial.py
[2026-03-09T00:27:04.418+0000] {logging_mixin.py:188} INFO - [2026-03-09T00:27:04.417+0000] {dag.py:3047} INFO - Sync 1 DAGs
[2026-03-09T00:27:04.436+0000] {logging_mixin.py:188} INFO - [2026-03-09T00:27:04.436+0000] {dag.py:3834} INFO - Setting next_dagrun for example_params_ui_tutorial to None, run_after=None
[2026-03-09T00:27:04.470+0000] {processor.py:183} INFO - Processing /home/airflow/.local/lib/python3.8/site-packages/airflow/example_dags/example_params_ui_tutorial.py took 0.214 seconds
[2026-03-09T00:27:34.690+0000] {processor.py:161} INFO - Started process (PID=3184) to work on /home/airflow/.local/lib/python3.8/site-packages/airflow/example_dags/example_params_ui_tutorial.py
[2026-03-09T00:27:34.696+0000] {processor.py:830} INFO - Processing file /home/airflow/.local/lib/python3.8/site-packages/airflow/example_dags/example_params_ui_tutorial.py for tasks to queue
[2026-03-09T00:27:34.708+0000] {logging_mixin.py:188} INFO - [2026-03-09T00:27:34.706+0000] {dagbag.py:540} INFO - Filling up the DagBag from /home/airflow/.local/lib/python3.8/site-packages/airflow/example_dags/example_params_ui_tutorial.py
[2026-03-09T00:27:34.767+0000] {processor.py:840} INFO - DAG(s) 'example_params_ui_tutorial' retrieved from /home/airflow/.local/lib/python3.8/site-packages/airflow/example_dags/example_params_ui_tutorial.py
[2026-03-09T00:27:35.048+0000] {logging_mixin.py:188} INFO - [2026-03-09T00:27:35.048+0000] {dag.py:3047} INFO - Sync 1 DAGs
[2026-03-09T00:27:35.072+0000] {logging_mixin.py:188} INFO - [2026-03-09T00:27:35.071+0000] {dag.py:3834} INFO - Setting next_dagrun for example_params_ui_tutorial to None, run_after=None
[2026-03-09T00:27:35.108+0000] {processor.py:183} INFO - Processing /home/airflow/.local/lib/python3.8/site-packages/airflow/example_dags/example_params_ui_tutorial.py took 0.440 seconds
[2026-03-09T00:28:05.667+0000] {processor.py:161} INFO - Started process (PID=3240) to work on /home/airflow/.local/lib/python3.8/site-packages/airflow/example_dags/example_params_ui_tutorial.py
[2026-03-09T00:28:05.670+0000] {processor.py:830} INFO - Processing file /home/airflow/.local/lib/python3.8/site-packages/airflow/example_dags/example_params_ui_tutorial.py for tasks to queue
[2026-03-09T00:28:05.677+0000] {logging_mixin.py:188} INFO - [2026-03-09T00:28:05.676+0000] {dagbag.py:540} INFO - Filling up the DagBag from /home/airflow/.local/lib/python3.8/site-packages/airflow/example_dags/example_params_ui_tutorial.py
[2026-03-09T00:28:05.717+0000] {processor.py:840} INFO - DAG(s) 'example_params_ui_tutorial' retrieved from /home/airflow/.local/lib/python3.8/site-packages/airflow/example_dags/example_params_ui_tutorial.py
[2026-03-09T00:28:05.993+0000] {logging_mixin.py:188} INFO - [2026-03-09T00:28:05.992+0000] {dag.py:3047} INFO - Sync 1 DAGs
[2026-03-09T00:28:06.075+0000] {logging_mixin.py:188} INFO - [2026-03-09T00:28:06.072+0000] {dag.py:3834} INFO - Setting next_dagrun for example_params_ui_tutorial to None, run_after=None
[2026-03-09T00:28:06.199+0000] {processor.py:183} INFO - Processing /home/airflow/.local/lib/python3.8/site-packages/airflow/example_dags/example_params_ui_tutorial.py took 0.544 seconds
[2026-03-09T00:28:36.835+0000] {processor.py:161} INFO - Started process (PID=3296) to work on /home/airflow/.local/lib/python3.8/site-packages/airflow/example_dags/example_params_ui_tutorial.py
[2026-03-09T00:28:36.840+0000] {processor.py:830} INFO - Processing file /home/airflow/.local/lib/python3.8/site-packages/airflow/example_dags/example_params_ui_tutorial.py for tasks to queue
[2026-03-09T00:28:36.848+0000] {logging_mixin.py:188} INFO - [2026-03-09T00:28:36.847+0000] {dagbag.py:540} INFO - Filling up the DagBag from /home/airflow/.local/lib/python3.8/site-packages/airflow/example_dags/example_params_ui_tutorial.py
[2026-03-09T00:28:36.911+0000] {processor.py:840} INFO - DAG(s) 'example_params_ui_tutorial' retrieved from /home/airflow/.local/lib/python3.8/site-packages/airflow/example_dags/example_params_ui_tutorial.py
[2026-03-09T00:28:37.198+0000] {logging_mixin.py:188} INFO - [2026-03-09T00:28:37.197+0000] {dag.py:3047} INFO - Sync 1 DAGs
[2026-03-09T00:28:37.246+0000] {logging_mixin.py:188} INFO - [2026-03-09T00:28:37.246+0000] {dag.py:3834} INFO - Setting next_dagrun for example_params_ui_tutorial to None, run_after=None
[2026-03-09T00:28:37.358+0000] {processor.py:183} INFO - Processing /home/airflow/.local/lib/python3.8/site-packages/airflow/example_dags/example_params_ui_tutorial.py took 0.539 seconds
[2026-03-09T00:29:07.516+0000] {processor.py:161} INFO - Started process (PID=3352) to work on /home/airflow/.local/lib/python3.8/site-packages/airflow/example_dags/example_params_ui_tutorial.py
[2026-03-09T00:29:07.522+0000] {processor.py:830} INFO - Processing file /home/airflow/.local/lib/python3.8/site-packages/airflow/example_dags/example_params_ui_tutorial.py for tasks to queue
[2026-03-09T00:29:07.533+0000] {logging_mixin.py:188} INFO - [2026-03-09T00:29:07.532+0000] {dagbag.py:540} INFO - Filling up the DagBag from /home/airflow/.local/lib/python3.8/site-packages/airflow/example_dags/example_params_ui_tutorial.py
[2026-03-09T00:29:07.579+0000] {processor.py:840} INFO - DAG(s) 'example_params_ui_tutorial' retrieved from /home/airflow/.local/lib/python3.8/site-packages/airflow/example_dags/example_params_ui_tutorial.py
[2026-03-09T00:29:07.773+0000] {logging_mixin.py:188} INFO - [2026-03-09T00:29:07.772+0000] {dag.py:3047} INFO - Sync 1 DAGs
[2026-03-09T00:29:07.822+0000] {logging_mixin.py:188} INFO - [2026-03-09T00:29:07.821+0000] {dag.py:3834} INFO - Setting next_dagrun for example_params_ui_tutorial to None, run_after=None
[2026-03-09T00:29:07.911+0000] {processor.py:183} INFO - Processing /home/airflow/.local/lib/python3.8/site-packages/airflow/example_dags/example_params_ui_tutorial.py took 0.411 seconds
[2026-03-09T00:29:38.387+0000] {processor.py:161} INFO - Started process (PID=3408) to work on /home/airflow/.local/lib/python3.8/site-packages/airflow/example_dags/example_params_ui_tutorial.py
[2026-03-09T00:29:38.391+0000] {processor.py:830} INFO - Processing file /home/airflow/.local/lib/python3.8/site-packages/airflow/example_dags/example_params_ui_tutorial.py for tasks to queue
[2026-03-09T00:29:38.397+0000] {logging_mixin.py:188} INFO - [2026-03-09T00:29:38.396+0000] {dagbag.py:540} INFO - Filling up the DagBag from /home/airflow/.local/lib/python3.8/site-packages/airflow/example_dags/example_params_ui_tutorial.py
[2026-03-09T00:29:38.447+0000] {processor.py:840} INFO - DAG(s) 'example_params_ui_tutorial' retrieved from /home/airflow/.local/lib/python3.8/site-packages/airflow/example_dags/example_params_ui_tutorial.py
[2026-03-09T00:29:38.652+0000] {logging_mixin.py:188} INFO - [2026-03-09T00:29:38.651+0000] {dag.py:3047} INFO - Sync 1 DAGs
[2026-03-09T00:29:38.671+0000] {logging_mixin.py:188} INFO - [2026-03-09T00:29:38.671+0000] {dag.py:3834} INFO - Setting next_dagrun for example_params_ui_tutorial to None, run_after=None
[2026-03-09T00:29:38.706+0000] {processor.py:183} INFO - Processing /home/airflow/.local/lib/python3.8/site-packages/airflow/example_dags/example_params_ui_tutorial.py took 0.330 seconds
[2026-03-09T00:30:09.240+0000] {processor.py:161} INFO - Started process (PID=3463) to work on /home/airflow/.local/lib/python3.8/site-packages/airflow/example_dags/example_params_ui_tutorial.py
[2026-03-09T00:30:09.243+0000] {processor.py:830} INFO - Processing file /home/airflow/.local/lib/python3.8/site-packages/airflow/example_dags/example_params_ui_tutorial.py for tasks to queue
[2026-03-09T00:30:09.264+0000] {logging_mixin.py:188} INFO - [2026-03-09T00:30:09.262+0000] {dagbag.py:540} INFO - Filling up the DagBag from /home/airflow/.local/lib/python3.8/site-packages/airflow/example_dags/example_params_ui_tutorial.py
[2026-03-09T00:30:09.313+0000] {processor.py:840} INFO - DAG(s) 'example_params_ui_tutorial' retrieved from /home/airflow/.local/lib/python3.8/site-packages/airflow/example_dags/example_params_ui_tutorial.py
[2026-03-09T00:30:09.510+0000] {logging_mixin.py:188} INFO - [2026-03-09T00:30:09.509+0000] {dag.py:3047} INFO - Sync 1 DAGs
[2026-03-09T00:30:09.549+0000] {logging_mixin.py:188} INFO - [2026-03-09T00:30:09.548+0000] {dag.py:3834} INFO - Setting next_dagrun for example_params_ui_tutorial to None, run_after=None
[2026-03-09T00:30:09.620+0000] {processor.py:183} INFO - Processing /home/airflow/.local/lib/python3.8/site-packages/airflow/example_dags/example_params_ui_tutorial.py took 0.390 seconds
[2026-03-09T00:30:41.357+0000] {processor.py:161} INFO - Started process (PID=3520) to work on /home/airflow/.local/lib/python3.8/site-packages/airflow/example_dags/example_params_ui_tutorial.py
[2026-03-09T00:30:41.361+0000] {processor.py:830} INFO - Processing file /home/airflow/.local/lib/python3.8/site-packages/airflow/example_dags/example_params_ui_tutorial.py for tasks to queue
[2026-03-09T00:30:41.381+0000] {logging_mixin.py:188} INFO - [2026-03-09T00:30:41.379+0000] {dagbag.py:540} INFO - Filling up the DagBag from /home/airflow/.local/lib/python3.8/site-packages/airflow/example_dags/example_params_ui_tutorial.py
[2026-03-09T00:30:41.476+0000] {processor.py:840} INFO - DAG(s) 'example_params_ui_tutorial' retrieved from /home/airflow/.local/lib/python3.8/site-packages/airflow/example_dags/example_params_ui_tutorial.py
[2026-03-09T00:30:41.977+0000] {logging_mixin.py:188} INFO - [2026-03-09T00:30:41.976+0000] {dag.py:3047} INFO - Sync 1 DAGs
[2026-03-09T00:30:42.095+0000] {logging_mixin.py:188} INFO - [2026-03-09T00:30:42.084+0000] {dag.py:3834} INFO - Setting next_dagrun for example_params_ui_tutorial to None, run_after=None
[2026-03-09T00:30:42.188+0000] {processor.py:183} INFO - Processing /home/airflow/.local/lib/python3.8/site-packages/airflow/example_dags/example_params_ui_tutorial.py took 0.867 seconds
[2026-03-09T00:31:12.758+0000] {processor.py:161} INFO - Started process (PID=3576) to work on /home/airflow/.local/lib/python3.8/site-packages/airflow/example_dags/example_params_ui_tutorial.py
[2026-03-09T00:31:12.762+0000] {processor.py:830} INFO - Processing file /home/airflow/.local/lib/python3.8/site-packages/airflow/example_dags/example_params_ui_tutorial.py for tasks to queue
[2026-03-09T00:31:12.767+0000] {logging_mixin.py:188} INFO - [2026-03-09T00:31:12.767+0000] {dagbag.py:540} INFO - Filling up the DagBag from /home/airflow/.local/lib/python3.8/site-packages/airflow/example_dags/example_params_ui_tutorial.py
[2026-03-09T00:31:12.795+0000] {processor.py:840} INFO - DAG(s) 'example_params_ui_tutorial' retrieved from /home/airflow/.local/lib/python3.8/site-packages/airflow/example_dags/example_params_ui_tutorial.py
[2026-03-09T00:31:12.940+0000] {logging_mixin.py:188} INFO - [2026-03-09T00:31:12.939+0000] {dag.py:3047} INFO - Sync 1 DAGs
[2026-03-09T00:31:12.971+0000] {logging_mixin.py:188} INFO - [2026-03-09T00:31:12.970+0000] {dag.py:3834} INFO - Setting next_dagrun for example_params_ui_tutorial to None, run_after=None
[2026-03-09T00:31:13.026+0000] {processor.py:183} INFO - Processing /home/airflow/.local/lib/python3.8/site-packages/airflow/example_dags/example_params_ui_tutorial.py took 0.277 seconds
[2026-03-09T00:31:43.142+0000] {processor.py:161} INFO - Started process (PID=3631) to work on /home/airflow/.local/lib/python3.8/site-packages/airflow/example_dags/example_params_ui_tutorial.py
[2026-03-09T00:31:43.145+0000] {processor.py:830} INFO - Processing file /home/airflow/.local/lib/python3.8/site-packages/airflow/example_dags/example_params_ui_tutorial.py for tasks to queue
[2026-03-09T00:31:43.150+0000] {logging_mixin.py:188} INFO - [2026-03-09T00:31:43.149+0000] {dagbag.py:540} INFO - Filling up the DagBag from /home/airflow/.local/lib/python3.8/site-packages/airflow/example_dags/example_params_ui_tutorial.py
[2026-03-09T00:31:43.179+0000] {processor.py:840} INFO - DAG(s) 'example_params_ui_tutorial' retrieved from /home/airflow/.local/lib/python3.8/site-packages/airflow/example_dags/example_params_ui_tutorial.py
[2026-03-09T00:31:43.324+0000] {logging_mixin.py:188} INFO - [2026-03-09T00:31:43.323+0000] {dag.py:3047} INFO - Sync 1 DAGs
[2026-03-09T00:31:43.352+0000] {logging_mixin.py:188} INFO - [2026-03-09T00:31:43.352+0000] {dag.py:3834} INFO - Setting next_dagrun for example_params_ui_tutorial to None, run_after=None
[2026-03-09T00:31:43.417+0000] {processor.py:183} INFO - Processing /home/airflow/.local/lib/python3.8/site-packages/airflow/example_dags/example_params_ui_tutorial.py took 0.286 seconds
[2026-03-09T00:32:14.627+0000] {processor.py:161} INFO - Started process (PID=3687) to work on /home/airflow/.local/lib/python3.8/site-packages/airflow/example_dags/example_params_ui_tutorial.py
[2026-03-09T00:32:14.631+0000] {processor.py:830} INFO - Processing file /home/airflow/.local/lib/python3.8/site-packages/airflow/example_dags/example_params_ui_tutorial.py for tasks to queue
[2026-03-09T00:32:14.637+0000] {logging_mixin.py:188} INFO - [2026-03-09T00:32:14.636+0000] {dagbag.py:540} INFO - Filling up the DagBag from /home/airflow/.local/lib/python3.8/site-packages/airflow/example_dags/example_params_ui_tutorial.py
[2026-03-09T00:32:14.666+0000] {processor.py:840} INFO - DAG(s) 'example_params_ui_tutorial' retrieved from /home/airflow/.local/lib/python3.8/site-packages/airflow/example_dags/example_params_ui_tutorial.py
[2026-03-09T00:32:14.774+0000] {logging_mixin.py:188} INFO - [2026-03-09T00:32:14.774+0000] {dag.py:3047} INFO - Sync 1 DAGs
[2026-03-09T00:32:14.796+0000] {logging_mixin.py:188} INFO - [2026-03-09T00:32:14.795+0000] {dag.py:3834} INFO - Setting next_dagrun for example_params_ui_tutorial to None, run_after=None
[2026-03-09T00:32:14.834+0000] {processor.py:183} INFO - Processing /home/airflow/.local/lib/python3.8/site-packages/airflow/example_dags/example_params_ui_tutorial.py took 0.219 seconds
[2026-03-09T00:32:47.202+0000] {processor.py:161} INFO - Started process (PID=3744) to work on /home/airflow/.local/lib/python3.8/site-packages/airflow/example_dags/example_params_ui_tutorial.py
[2026-03-09T00:32:47.210+0000] {processor.py:830} INFO - Processing file /home/airflow/.local/lib/python3.8/site-packages/airflow/example_dags/example_params_ui_tutorial.py for tasks to queue
[2026-03-09T00:32:47.222+0000] {logging_mixin.py:188} INFO - [2026-03-09T00:32:47.220+0000] {dagbag.py:540} INFO - Filling up the DagBag from /home/airflow/.local/lib/python3.8/site-packages/airflow/example_dags/example_params_ui_tutorial.py
[2026-03-09T00:32:47.305+0000] {processor.py:840} INFO - DAG(s) 'example_params_ui_tutorial' retrieved from /home/airflow/.local/lib/python3.8/site-packages/airflow/example_dags/example_params_ui_tutorial.py
[2026-03-09T00:32:47.613+0000] {logging_mixin.py:188} INFO - [2026-03-09T00:32:47.612+0000] {dag.py:3047} INFO - Sync 1 DAGs
[2026-03-09T00:32:48.131+0000] {logging_mixin.py:188} INFO - [2026-03-09T00:32:48.130+0000] {dag.py:3834} INFO - Setting next_dagrun for example_params_ui_tutorial to None, run_after=None
[2026-03-09T00:32:48.234+0000] {processor.py:183} INFO - Processing /home/airflow/.local/lib/python3.8/site-packages/airflow/example_dags/example_params_ui_tutorial.py took 1.054 seconds
[2026-03-09T00:33:19.103+0000] {processor.py:161} INFO - Started process (PID=3801) to work on /home/airflow/.local/lib/python3.8/site-packages/airflow/example_dags/example_params_ui_tutorial.py
[2026-03-09T00:33:19.111+0000] {processor.py:830} INFO - Processing file /home/airflow/.local/lib/python3.8/site-packages/airflow/example_dags/example_params_ui_tutorial.py for tasks to queue
[2026-03-09T00:33:19.125+0000] {logging_mixin.py:188} INFO - [2026-03-09T00:33:19.123+0000] {dagbag.py:540} INFO - Filling up the DagBag from /home/airflow/.local/lib/python3.8/site-packages/airflow/example_dags/example_params_ui_tutorial.py
[2026-03-09T00:33:19.178+0000] {processor.py:840} INFO - DAG(s) 'example_params_ui_tutorial' retrieved from /home/airflow/.local/lib/python3.8/site-packages/airflow/example_dags/example_params_ui_tutorial.py
[2026-03-09T00:33:19.429+0000] {logging_mixin.py:188} INFO - [2026-03-09T00:33:19.428+0000] {dag.py:3047} INFO - Sync 1 DAGs
[2026-03-09T00:33:19.482+0000] {logging_mixin.py:188} INFO - [2026-03-09T00:33:19.482+0000] {dag.py:3834} INFO - Setting next_dagrun for example_params_ui_tutorial to None, run_after=None
[2026-03-09T00:33:19.546+0000] {processor.py:183} INFO - Processing /home/airflow/.local/lib/python3.8/site-packages/airflow/example_dags/example_params_ui_tutorial.py took 0.463 seconds
[2026-03-09T00:33:49.921+0000] {processor.py:161} INFO - Started process (PID=3857) to work on /home/airflow/.local/lib/python3.8/site-packages/airflow/example_dags/example_params_ui_tutorial.py
[2026-03-09T00:33:49.924+0000] {processor.py:830} INFO - Processing file /home/airflow/.local/lib/python3.8/site-packages/airflow/example_dags/example_params_ui_tutorial.py for tasks to queue
[2026-03-09T00:33:49.929+0000] {logging_mixin.py:188} INFO - [2026-03-09T00:33:49.928+0000] {dagbag.py:540} INFO - Filling up the DagBag from /home/airflow/.local/lib/python3.8/site-packages/airflow/example_dags/example_params_ui_tutorial.py
[2026-03-09T00:33:49.970+0000] {processor.py:840} INFO - DAG(s) 'example_params_ui_tutorial' retrieved from /home/airflow/.local/lib/python3.8/site-packages/airflow/example_dags/example_params_ui_tutorial.py
[2026-03-09T00:33:50.164+0000] {logging_mixin.py:188} INFO - [2026-03-09T00:33:50.163+0000] {dag.py:3047} INFO - Sync 1 DAGs
[2026-03-09T00:33:50.203+0000] {logging_mixin.py:188} INFO - [2026-03-09T00:33:50.202+0000] {dag.py:3834} INFO - Setting next_dagrun for example_params_ui_tutorial to None, run_after=None
[2026-03-09T00:33:50.261+0000] {processor.py:183} INFO - Processing /home/airflow/.local/lib/python3.8/site-packages/airflow/example_dags/example_params_ui_tutorial.py took 0.350 seconds
[2026-03-09T00:34:22.063+0000] {processor.py:161} INFO - Started process (PID=3912) to work on /home/airflow/.local/lib/python3.8/site-packages/airflow/example_dags/example_params_ui_tutorial.py
[2026-03-09T00:34:22.081+0000] {processor.py:830} INFO - Processing file /home/airflow/.local/lib/python3.8/site-packages/airflow/example_dags/example_params_ui_tutorial.py for tasks to queue
[2026-03-09T00:34:22.114+0000] {logging_mixin.py:188} INFO - [2026-03-09T00:34:22.112+0000] {dagbag.py:540} INFO - Filling up the DagBag from /home/airflow/.local/lib/python3.8/site-packages/airflow/example_dags/example_params_ui_tutorial.py
[2026-03-09T00:34:22.200+0000] {processor.py:840} INFO - DAG(s) 'example_params_ui_tutorial' retrieved from /home/airflow/.local/lib/python3.8/site-packages/airflow/example_dags/example_params_ui_tutorial.py
[2026-03-09T00:34:22.571+0000] {logging_mixin.py:188} INFO - [2026-03-09T00:34:22.569+0000] {dag.py:3047} INFO - Sync 1 DAGs
[2026-03-09T00:34:22.628+0000] {logging_mixin.py:188} INFO - [2026-03-09T00:34:22.627+0000] {dag.py:3834} INFO - Setting next_dagrun for example_params_ui_tutorial to None, run_after=None
[2026-03-09T00:34:22.711+0000] {processor.py:183} INFO - Processing /home/airflow/.local/lib/python3.8/site-packages/airflow/example_dags/example_params_ui_tutorial.py took 0.674 seconds
[2026-03-09T00:34:56.339+0000] {processor.py:161} INFO - Started process (PID=3967) to work on /home/airflow/.local/lib/python3.8/site-packages/airflow/example_dags/example_params_ui_tutorial.py
[2026-03-09T00:34:56.345+0000] {processor.py:830} INFO - Processing file /home/airflow/.local/lib/python3.8/site-packages/airflow/example_dags/example_params_ui_tutorial.py for tasks to queue
[2026-03-09T00:34:56.360+0000] {logging_mixin.py:188} INFO - [2026-03-09T00:34:56.359+0000] {dagbag.py:540} INFO - Filling up the DagBag from /home/airflow/.local/lib/python3.8/site-packages/airflow/example_dags/example_params_ui_tutorial.py
[2026-03-09T00:34:56.437+0000] {processor.py:840} INFO - DAG(s) 'example_params_ui_tutorial' retrieved from /home/airflow/.local/lib/python3.8/site-packages/airflow/example_dags/example_params_ui_tutorial.py
[2026-03-09T00:34:57.648+0000] {logging_mixin.py:188} INFO - [2026-03-09T00:34:57.647+0000] {dag.py:3047} INFO - Sync 1 DAGs
[2026-03-09T00:34:57.697+0000] {logging_mixin.py:188} INFO - [2026-03-09T00:34:57.696+0000] {dag.py:3834} INFO - Setting next_dagrun for example_params_ui_tutorial to None, run_after=None
[2026-03-09T00:34:57.798+0000] {processor.py:183} INFO - Processing /home/airflow/.local/lib/python3.8/site-packages/airflow/example_dags/example_params_ui_tutorial.py took 1.094 seconds
[2026-03-09T00:35:28.591+0000] {processor.py:161} INFO - Started process (PID=4023) to work on /home/airflow/.local/lib/python3.8/site-packages/airflow/example_dags/example_params_ui_tutorial.py
[2026-03-09T00:35:28.595+0000] {processor.py:830} INFO - Processing file /home/airflow/.local/lib/python3.8/site-packages/airflow/example_dags/example_params_ui_tutorial.py for tasks to queue
[2026-03-09T00:35:28.602+0000] {logging_mixin.py:188} INFO - [2026-03-09T00:35:28.601+0000] {dagbag.py:540} INFO - Filling up the DagBag from /home/airflow/.local/lib/python3.8/site-packages/airflow/example_dags/example_params_ui_tutorial.py
[2026-03-09T00:35:28.634+0000] {processor.py:840} INFO - DAG(s) 'example_params_ui_tutorial' retrieved from /home/airflow/.local/lib/python3.8/site-packages/airflow/example_dags/example_params_ui_tutorial.py
[2026-03-09T00:35:29.477+0000] {logging_mixin.py:188} INFO - [2026-03-09T00:35:29.477+0000] {dag.py:3047} INFO - Sync 1 DAGs
[2026-03-09T00:35:29.510+0000] {logging_mixin.py:188} INFO - [2026-03-09T00:35:29.510+0000] {dag.py:3834} INFO - Setting next_dagrun for example_params_ui_tutorial to None, run_after=None
[2026-03-09T00:35:29.585+0000] {processor.py:183} INFO - Processing /home/airflow/.local/lib/python3.8/site-packages/airflow/example_dags/example_params_ui_tutorial.py took 0.327 seconds
[2026-03-09T00:36:00.527+0000] {processor.py:161} INFO - Started process (PID=4079) to work on /home/airflow/.local/lib/python3.8/site-packages/airflow/example_dags/example_params_ui_tutorial.py
[2026-03-09T00:36:00.534+0000] {processor.py:830} INFO - Processing file /home/airflow/.local/lib/python3.8/site-packages/airflow/example_dags/example_params_ui_tutorial.py for tasks to queue
[2026-03-09T00:36:00.546+0000] {logging_mixin.py:188} INFO - [2026-03-09T00:36:00.545+0000] {dagbag.py:540} INFO - Filling up the DagBag from /home/airflow/.local/lib/python3.8/site-packages/airflow/example_dags/example_params_ui_tutorial.py
[2026-03-09T00:36:00.609+0000] {processor.py:840} INFO - DAG(s) 'example_params_ui_tutorial' retrieved from /home/airflow/.local/lib/python3.8/site-packages/airflow/example_dags/example_params_ui_tutorial.py
[2026-03-09T00:36:01.009+0000] {logging_mixin.py:188} INFO - [2026-03-09T00:36:01.007+0000] {dag.py:3047} INFO - Sync 1 DAGs
[2026-03-09T00:36:01.087+0000] {logging_mixin.py:188} INFO - [2026-03-09T00:36:01.086+0000] {dag.py:3834} INFO - Setting next_dagrun for example_params_ui_tutorial to None, run_after=None
[2026-03-09T00:36:01.155+0000] {processor.py:183} INFO - Processing /home/airflow/.local/lib/python3.8/site-packages/airflow/example_dags/example_params_ui_tutorial.py took 0.657 seconds
[2026-03-09T00:36:32.033+0000] {processor.py:161} INFO - Started process (PID=4136) to work on /home/airflow/.local/lib/python3.8/site-packages/airflow/example_dags/example_params_ui_tutorial.py
[2026-03-09T00:36:32.036+0000] {processor.py:830} INFO - Processing file /home/airflow/.local/lib/python3.8/site-packages/airflow/example_dags/example_params_ui_tutorial.py for tasks to queue
[2026-03-09T00:36:32.041+0000] {logging_mixin.py:188} INFO - [2026-03-09T00:36:32.041+0000] {dagbag.py:540} INFO - Filling up the DagBag from /home/airflow/.local/lib/python3.8/site-packages/airflow/example_dags/example_params_ui_tutorial.py
[2026-03-09T00:36:32.077+0000] {processor.py:840} INFO - DAG(s) 'example_params_ui_tutorial' retrieved from /home/airflow/.local/lib/python3.8/site-packages/airflow/example_dags/example_params_ui_tutorial.py
[2026-03-09T00:36:32.246+0000] {logging_mixin.py:188} INFO - [2026-03-09T00:36:32.244+0000] {dag.py:3047} INFO - Sync 1 DAGs
[2026-03-09T00:36:32.280+0000] {logging_mixin.py:188} INFO - [2026-03-09T00:36:32.279+0000] {dag.py:3834} INFO - Setting next_dagrun for example_params_ui_tutorial to None, run_after=None
[2026-03-09T00:36:32.343+0000] {processor.py:183} INFO - Processing /home/airflow/.local/lib/python3.8/site-packages/airflow/example_dags/example_params_ui_tutorial.py took 0.320 seconds
[2026-03-09T00:37:03.465+0000] {processor.py:161} INFO - Started process (PID=4192) to work on /home/airflow/.local/lib/python3.8/site-packages/airflow/example_dags/example_params_ui_tutorial.py
[2026-03-09T00:37:03.481+0000] {processor.py:830} INFO - Processing file /home/airflow/.local/lib/python3.8/site-packages/airflow/example_dags/example_params_ui_tutorial.py for tasks to queue
[2026-03-09T00:37:03.508+0000] {logging_mixin.py:188} INFO - [2026-03-09T00:37:03.506+0000] {dagbag.py:540} INFO - Filling up the DagBag from /home/airflow/.local/lib/python3.8/site-packages/airflow/example_dags/example_params_ui_tutorial.py
[2026-03-09T00:37:03.622+0000] {processor.py:840} INFO - DAG(s) 'example_params_ui_tutorial' retrieved from /home/airflow/.local/lib/python3.8/site-packages/airflow/example_dags/example_params_ui_tutorial.py
[2026-03-09T00:37:04.037+0000] {logging_mixin.py:188} INFO - [2026-03-09T00:37:04.037+0000] {dag.py:3047} INFO - Sync 1 DAGs
[2026-03-09T00:37:04.127+0000] {logging_mixin.py:188} INFO - [2026-03-09T00:37:04.126+0000] {dag.py:3834} INFO - Setting next_dagrun for example_params_ui_tutorial to None, run_after=None
[2026-03-09T00:37:04.240+0000] {processor.py:183} INFO - Processing /home/airflow/.local/lib/python3.8/site-packages/airflow/example_dags/example_params_ui_tutorial.py took 0.818 seconds
[2026-03-09T00:37:34.902+0000] {processor.py:161} INFO - Started process (PID=4248) to work on /home/airflow/.local/lib/python3.8/site-packages/airflow/example_dags/example_params_ui_tutorial.py
[2026-03-09T00:37:34.906+0000] {processor.py:830} INFO - Processing file /home/airflow/.local/lib/python3.8/site-packages/airflow/example_dags/example_params_ui_tutorial.py for tasks to queue
[2026-03-09T00:37:34.913+0000] {logging_mixin.py:188} INFO - [2026-03-09T00:37:34.912+0000] {dagbag.py:540} INFO - Filling up the DagBag from /home/airflow/.local/lib/python3.8/site-packages/airflow/example_dags/example_params_ui_tutorial.py
[2026-03-09T00:37:34.954+0000] {processor.py:840} INFO - DAG(s) 'example_params_ui_tutorial' retrieved from /home/airflow/.local/lib/python3.8/site-packages/airflow/example_dags/example_params_ui_tutorial.py
[2026-03-09T00:37:35.112+0000] {logging_mixin.py:188} INFO - [2026-03-09T00:37:35.112+0000] {dag.py:3047} INFO - Sync 1 DAGs
[2026-03-09T00:37:35.143+0000] {logging_mixin.py:188} INFO - [2026-03-09T00:37:35.143+0000] {dag.py:3834} INFO - Setting next_dagrun for example_params_ui_tutorial to None, run_after=None
[2026-03-09T00:37:35.180+0000] {processor.py:183} INFO - Processing /home/airflow/.local/lib/python3.8/site-packages/airflow/example_dags/example_params_ui_tutorial.py took 0.289 seconds
[2026-03-09T00:38:05.714+0000] {processor.py:161} INFO - Started process (PID=4305) to work on /home/airflow/.local/lib/python3.8/site-packages/airflow/example_dags/example_params_ui_tutorial.py
[2026-03-09T00:38:05.720+0000] {processor.py:830} INFO - Processing file /home/airflow/.local/lib/python3.8/site-packages/airflow/example_dags/example_params_ui_tutorial.py for tasks to queue
[2026-03-09T00:38:05.732+0000] {logging_mixin.py:188} INFO - [2026-03-09T00:38:05.730+0000] {dagbag.py:540} INFO - Filling up the DagBag from /home/airflow/.local/lib/python3.8/site-packages/airflow/example_dags/example_params_ui_tutorial.py
[2026-03-09T00:38:05.819+0000] {processor.py:840} INFO - DAG(s) 'example_params_ui_tutorial' retrieved from /home/airflow/.local/lib/python3.8/site-packages/airflow/example_dags/example_params_ui_tutorial.py
[2026-03-09T00:38:05.973+0000] {logging_mixin.py:188} INFO - [2026-03-09T00:38:05.973+0000] {dag.py:3047} INFO - Sync 1 DAGs
[2026-03-09T00:38:06.024+0000] {logging_mixin.py:188} INFO - [2026-03-09T00:38:06.023+0000] {dag.py:3834} INFO - Setting next_dagrun for example_params_ui_tutorial to None, run_after=None
[2026-03-09T00:38:06.083+0000] {processor.py:183} INFO - Processing /home/airflow/.local/lib/python3.8/site-packages/airflow/example_dags/example_params_ui_tutorial.py took 0.389 seconds
[2026-03-09T00:38:36.557+0000] {processor.py:161} INFO - Started process (PID=4361) to work on /home/airflow/.local/lib/python3.8/site-packages/airflow/example_dags/example_params_ui_tutorial.py
[2026-03-09T00:38:36.572+0000] {processor.py:830} INFO - Processing file /home/airflow/.local/lib/python3.8/site-packages/airflow/example_dags/example_params_ui_tutorial.py for tasks to queue
[2026-03-09T00:38:36.593+0000] {logging_mixin.py:188} INFO - [2026-03-09T00:38:36.591+0000] {dagbag.py:540} INFO - Filling up the DagBag from /home/airflow/.local/lib/python3.8/site-packages/airflow/example_dags/example_params_ui_tutorial.py
[2026-03-09T00:38:36.696+0000] {processor.py:840} INFO - DAG(s) 'example_params_ui_tutorial' retrieved from /home/airflow/.local/lib/python3.8/site-packages/airflow/example_dags/example_params_ui_tutorial.py
[2026-03-09T00:38:37.117+0000] {logging_mixin.py:188} INFO - [2026-03-09T00:38:37.116+0000] {dag.py:3047} INFO - Sync 1 DAGs
[2026-03-09T00:38:37.268+0000] {logging_mixin.py:188} INFO - [2026-03-09T00:38:37.267+0000] {dag.py:3834} INFO - Setting next_dagrun for example_params_ui_tutorial to None, run_after=None
[2026-03-09T00:38:37.403+0000] {processor.py:183} INFO - Processing /home/airflow/.local/lib/python3.8/site-packages/airflow/example_dags/example_params_ui_tutorial.py took 0.890 seconds
