[2026-03-09T00:00:18.580+0000] {processor.py:161} INFO - Started process (PID=264) to work on /home/airflow/.local/lib/python3.8/site-packages/airflow/example_dags/example_complex.py
[2026-03-09T00:00:18.584+0000] {processor.py:830} INFO - Processing file /home/airflow/.local/lib/python3.8/site-packages/airflow/example_dags/example_complex.py for tasks to queue
[2026-03-09T00:00:18.591+0000] {logging_mixin.py:188} INFO - [2026-03-09T00:00:18.590+0000] {dagbag.py:540} INFO - Filling up the DagBag from /home/airflow/.local/lib/python3.8/site-packages/airflow/example_dags/example_complex.py
[2026-03-09T00:00:18.711+0000] {processor.py:840} INFO - DAG(s) 'example_complex' retrieved from /home/airflow/.local/lib/python3.8/site-packages/airflow/example_dags/example_complex.py
[2026-03-09T00:00:19.366+0000] {logging_mixin.py:188} INFO - [2026-03-09T00:00:19.365+0000] {dag.py:3047} INFO - Sync 1 DAGs
[2026-03-09T00:00:19.414+0000] {logging_mixin.py:188} INFO - [2026-03-09T00:00:19.413+0000] {dag.py:3834} INFO - Setting next_dagrun for example_complex to None, run_after=None
[2026-03-09T00:00:19.488+0000] {processor.py:183} INFO - Processing /home/airflow/.local/lib/python3.8/site-packages/airflow/example_dags/example_complex.py took 0.920 seconds
[2026-03-09T00:00:50.230+0000] {processor.py:161} INFO - Started process (PID=319) to work on /home/airflow/.local/lib/python3.8/site-packages/airflow/example_dags/example_complex.py
[2026-03-09T00:00:50.234+0000] {processor.py:830} INFO - Processing file /home/airflow/.local/lib/python3.8/site-packages/airflow/example_dags/example_complex.py for tasks to queue
[2026-03-09T00:00:50.244+0000] {logging_mixin.py:188} INFO - [2026-03-09T00:00:50.242+0000] {dagbag.py:540} INFO - Filling up the DagBag from /home/airflow/.local/lib/python3.8/site-packages/airflow/example_dags/example_complex.py
[2026-03-09T00:00:50.294+0000] {processor.py:840} INFO - DAG(s) 'example_complex' retrieved from /home/airflow/.local/lib/python3.8/site-packages/airflow/example_dags/example_complex.py
[2026-03-09T00:00:50.428+0000] {logging_mixin.py:188} INFO - [2026-03-09T00:00:50.427+0000] {dag.py:3047} INFO - Sync 1 DAGs
[2026-03-09T00:00:50.487+0000] {logging_mixin.py:188} INFO - [2026-03-09T00:00:50.487+0000] {dag.py:3834} INFO - Setting next_dagrun for example_complex to None, run_after=None
[2026-03-09T00:00:50.595+0000] {processor.py:183} INFO - Processing /home/airflow/.local/lib/python3.8/site-packages/airflow/example_dags/example_complex.py took 0.384 seconds
[2026-03-09T00:01:21.053+0000] {processor.py:161} INFO - Started process (PID=374) to work on /home/airflow/.local/lib/python3.8/site-packages/airflow/example_dags/example_complex.py
[2026-03-09T00:01:21.057+0000] {processor.py:830} INFO - Processing file /home/airflow/.local/lib/python3.8/site-packages/airflow/example_dags/example_complex.py for tasks to queue
[2026-03-09T00:01:21.067+0000] {logging_mixin.py:188} INFO - [2026-03-09T00:01:21.066+0000] {dagbag.py:540} INFO - Filling up the DagBag from /home/airflow/.local/lib/python3.8/site-packages/airflow/example_dags/example_complex.py
[2026-03-09T00:01:21.179+0000] {processor.py:840} INFO - DAG(s) 'example_complex' retrieved from /home/airflow/.local/lib/python3.8/site-packages/airflow/example_dags/example_complex.py
[2026-03-09T00:01:21.452+0000] {logging_mixin.py:188} INFO - [2026-03-09T00:01:21.451+0000] {dag.py:3047} INFO - Sync 1 DAGs
[2026-03-09T00:01:21.560+0000] {logging_mixin.py:188} INFO - [2026-03-09T00:01:21.560+0000] {dag.py:3834} INFO - Setting next_dagrun for example_complex to None, run_after=None
[2026-03-09T00:01:21.705+0000] {processor.py:183} INFO - Processing /home/airflow/.local/lib/python3.8/site-packages/airflow/example_dags/example_complex.py took 0.673 seconds
[2026-03-09T00:01:52.208+0000] {processor.py:161} INFO - Started process (PID=428) to work on /home/airflow/.local/lib/python3.8/site-packages/airflow/example_dags/example_complex.py
[2026-03-09T00:01:52.212+0000] {processor.py:830} INFO - Processing file /home/airflow/.local/lib/python3.8/site-packages/airflow/example_dags/example_complex.py for tasks to queue
[2026-03-09T00:01:52.220+0000] {logging_mixin.py:188} INFO - [2026-03-09T00:01:52.218+0000] {dagbag.py:540} INFO - Filling up the DagBag from /home/airflow/.local/lib/python3.8/site-packages/airflow/example_dags/example_complex.py
[2026-03-09T00:01:52.265+0000] {processor.py:840} INFO - DAG(s) 'example_complex' retrieved from /home/airflow/.local/lib/python3.8/site-packages/airflow/example_dags/example_complex.py
[2026-03-09T00:01:52.372+0000] {logging_mixin.py:188} INFO - [2026-03-09T00:01:52.371+0000] {dag.py:3047} INFO - Sync 1 DAGs
[2026-03-09T00:01:52.418+0000] {logging_mixin.py:188} INFO - [2026-03-09T00:01:52.417+0000] {dag.py:3834} INFO - Setting next_dagrun for example_complex to None, run_after=None
[2026-03-09T00:01:52.514+0000] {processor.py:183} INFO - Processing /home/airflow/.local/lib/python3.8/site-packages/airflow/example_dags/example_complex.py took 0.321 seconds
[2026-03-09T00:02:23.111+0000] {processor.py:161} INFO - Started process (PID=483) to work on /home/airflow/.local/lib/python3.8/site-packages/airflow/example_dags/example_complex.py
[2026-03-09T00:02:23.119+0000] {processor.py:830} INFO - Processing file /home/airflow/.local/lib/python3.8/site-packages/airflow/example_dags/example_complex.py for tasks to queue
[2026-03-09T00:02:23.131+0000] {logging_mixin.py:188} INFO - [2026-03-09T00:02:23.129+0000] {dagbag.py:540} INFO - Filling up the DagBag from /home/airflow/.local/lib/python3.8/site-packages/airflow/example_dags/example_complex.py
[2026-03-09T00:02:23.209+0000] {processor.py:840} INFO - DAG(s) 'example_complex' retrieved from /home/airflow/.local/lib/python3.8/site-packages/airflow/example_dags/example_complex.py
[2026-03-09T00:02:23.354+0000] {logging_mixin.py:188} INFO - [2026-03-09T00:02:23.353+0000] {dag.py:3047} INFO - Sync 1 DAGs
[2026-03-09T00:02:23.411+0000] {logging_mixin.py:188} INFO - [2026-03-09T00:02:23.410+0000] {dag.py:3834} INFO - Setting next_dagrun for example_complex to None, run_after=None
[2026-03-09T00:02:23.528+0000] {processor.py:183} INFO - Processing /home/airflow/.local/lib/python3.8/site-packages/airflow/example_dags/example_complex.py took 0.482 seconds
[2026-03-09T00:02:54.034+0000] {processor.py:161} INFO - Started process (PID=539) to work on /home/airflow/.local/lib/python3.8/site-packages/airflow/example_dags/example_complex.py
[2026-03-09T00:02:54.040+0000] {processor.py:830} INFO - Processing file /home/airflow/.local/lib/python3.8/site-packages/airflow/example_dags/example_complex.py for tasks to queue
[2026-03-09T00:02:54.053+0000] {logging_mixin.py:188} INFO - [2026-03-09T00:02:54.051+0000] {dagbag.py:540} INFO - Filling up the DagBag from /home/airflow/.local/lib/python3.8/site-packages/airflow/example_dags/example_complex.py
[2026-03-09T00:02:54.104+0000] {processor.py:840} INFO - DAG(s) 'example_complex' retrieved from /home/airflow/.local/lib/python3.8/site-packages/airflow/example_dags/example_complex.py
[2026-03-09T00:02:54.232+0000] {logging_mixin.py:188} INFO - [2026-03-09T00:02:54.230+0000] {dag.py:3047} INFO - Sync 1 DAGs
[2026-03-09T00:02:54.295+0000] {logging_mixin.py:188} INFO - [2026-03-09T00:02:54.294+0000] {dag.py:3834} INFO - Setting next_dagrun for example_complex to None, run_after=None
[2026-03-09T00:02:54.391+0000] {processor.py:183} INFO - Processing /home/airflow/.local/lib/python3.8/site-packages/airflow/example_dags/example_complex.py took 0.380 seconds
[2026-03-09T00:03:25.123+0000] {processor.py:161} INFO - Started process (PID=594) to work on /home/airflow/.local/lib/python3.8/site-packages/airflow/example_dags/example_complex.py
[2026-03-09T00:03:25.126+0000] {processor.py:830} INFO - Processing file /home/airflow/.local/lib/python3.8/site-packages/airflow/example_dags/example_complex.py for tasks to queue
[2026-03-09T00:03:25.134+0000] {logging_mixin.py:188} INFO - [2026-03-09T00:03:25.133+0000] {dagbag.py:540} INFO - Filling up the DagBag from /home/airflow/.local/lib/python3.8/site-packages/airflow/example_dags/example_complex.py
[2026-03-09T00:03:25.216+0000] {processor.py:840} INFO - DAG(s) 'example_complex' retrieved from /home/airflow/.local/lib/python3.8/site-packages/airflow/example_dags/example_complex.py
[2026-03-09T00:03:25.370+0000] {logging_mixin.py:188} INFO - [2026-03-09T00:03:25.369+0000] {dag.py:3047} INFO - Sync 1 DAGs
[2026-03-09T00:03:25.452+0000] {logging_mixin.py:188} INFO - [2026-03-09T00:03:25.447+0000] {dag.py:3834} INFO - Setting next_dagrun for example_complex to None, run_after=None
[2026-03-09T00:03:25.560+0000] {processor.py:183} INFO - Processing /home/airflow/.local/lib/python3.8/site-packages/airflow/example_dags/example_complex.py took 0.455 seconds
[2026-03-09T00:03:55.918+0000] {processor.py:161} INFO - Started process (PID=649) to work on /home/airflow/.local/lib/python3.8/site-packages/airflow/example_dags/example_complex.py
[2026-03-09T00:03:55.931+0000] {processor.py:830} INFO - Processing file /home/airflow/.local/lib/python3.8/site-packages/airflow/example_dags/example_complex.py for tasks to queue
[2026-03-09T00:03:55.938+0000] {logging_mixin.py:188} INFO - [2026-03-09T00:03:55.937+0000] {dagbag.py:540} INFO - Filling up the DagBag from /home/airflow/.local/lib/python3.8/site-packages/airflow/example_dags/example_complex.py
[2026-03-09T00:03:56.004+0000] {processor.py:840} INFO - DAG(s) 'example_complex' retrieved from /home/airflow/.local/lib/python3.8/site-packages/airflow/example_dags/example_complex.py
[2026-03-09T00:03:56.151+0000] {logging_mixin.py:188} INFO - [2026-03-09T00:03:56.150+0000] {dag.py:3047} INFO - Sync 1 DAGs
[2026-03-09T00:03:56.207+0000] {logging_mixin.py:188} INFO - [2026-03-09T00:03:56.206+0000] {dag.py:3834} INFO - Setting next_dagrun for example_complex to None, run_after=None
[2026-03-09T00:03:56.326+0000] {processor.py:183} INFO - Processing /home/airflow/.local/lib/python3.8/site-packages/airflow/example_dags/example_complex.py took 0.423 seconds
[2026-03-09T00:04:26.838+0000] {processor.py:161} INFO - Started process (PID=704) to work on /home/airflow/.local/lib/python3.8/site-packages/airflow/example_dags/example_complex.py
[2026-03-09T00:04:26.843+0000] {processor.py:830} INFO - Processing file /home/airflow/.local/lib/python3.8/site-packages/airflow/example_dags/example_complex.py for tasks to queue
[2026-03-09T00:04:26.859+0000] {logging_mixin.py:188} INFO - [2026-03-09T00:04:26.849+0000] {dagbag.py:540} INFO - Filling up the DagBag from /home/airflow/.local/lib/python3.8/site-packages/airflow/example_dags/example_complex.py
[2026-03-09T00:04:26.954+0000] {processor.py:840} INFO - DAG(s) 'example_complex' retrieved from /home/airflow/.local/lib/python3.8/site-packages/airflow/example_dags/example_complex.py
[2026-03-09T00:04:27.132+0000] {logging_mixin.py:188} INFO - [2026-03-09T00:04:27.131+0000] {dag.py:3047} INFO - Sync 1 DAGs
[2026-03-09T00:04:27.208+0000] {logging_mixin.py:188} INFO - [2026-03-09T00:04:27.208+0000] {dag.py:3834} INFO - Setting next_dagrun for example_complex to None, run_after=None
[2026-03-09T00:04:27.308+0000] {processor.py:183} INFO - Processing /home/airflow/.local/lib/python3.8/site-packages/airflow/example_dags/example_complex.py took 0.492 seconds
[2026-03-09T00:04:59.218+0000] {processor.py:161} INFO - Started process (PID=759) to work on /home/airflow/.local/lib/python3.8/site-packages/airflow/example_dags/example_complex.py
[2026-03-09T00:04:59.225+0000] {processor.py:830} INFO - Processing file /home/airflow/.local/lib/python3.8/site-packages/airflow/example_dags/example_complex.py for tasks to queue
[2026-03-09T00:04:59.235+0000] {logging_mixin.py:188} INFO - [2026-03-09T00:04:59.234+0000] {dagbag.py:540} INFO - Filling up the DagBag from /home/airflow/.local/lib/python3.8/site-packages/airflow/example_dags/example_complex.py
[2026-03-09T00:04:59.293+0000] {processor.py:840} INFO - DAG(s) 'example_complex' retrieved from /home/airflow/.local/lib/python3.8/site-packages/airflow/example_dags/example_complex.py
[2026-03-09T00:04:59.416+0000] {logging_mixin.py:188} INFO - [2026-03-09T00:04:59.415+0000] {dag.py:3047} INFO - Sync 1 DAGs
[2026-03-09T00:04:59.453+0000] {logging_mixin.py:188} INFO - [2026-03-09T00:04:59.452+0000] {dag.py:3834} INFO - Setting next_dagrun for example_complex to None, run_after=None
[2026-03-09T00:04:59.510+0000] {processor.py:183} INFO - Processing /home/airflow/.local/lib/python3.8/site-packages/airflow/example_dags/example_complex.py took 0.310 seconds
[2026-03-09T00:05:29.880+0000] {processor.py:161} INFO - Started process (PID=814) to work on /home/airflow/.local/lib/python3.8/site-packages/airflow/example_dags/example_complex.py
[2026-03-09T00:05:29.884+0000] {processor.py:830} INFO - Processing file /home/airflow/.local/lib/python3.8/site-packages/airflow/example_dags/example_complex.py for tasks to queue
[2026-03-09T00:05:29.890+0000] {logging_mixin.py:188} INFO - [2026-03-09T00:05:29.889+0000] {dagbag.py:540} INFO - Filling up the DagBag from /home/airflow/.local/lib/python3.8/site-packages/airflow/example_dags/example_complex.py
[2026-03-09T00:05:29.917+0000] {processor.py:840} INFO - DAG(s) 'example_complex' retrieved from /home/airflow/.local/lib/python3.8/site-packages/airflow/example_dags/example_complex.py
[2026-03-09T00:05:29.975+0000] {logging_mixin.py:188} INFO - [2026-03-09T00:05:29.974+0000] {dag.py:3047} INFO - Sync 1 DAGs
[2026-03-09T00:05:30.001+0000] {logging_mixin.py:188} INFO - [2026-03-09T00:05:30.001+0000] {dag.py:3834} INFO - Setting next_dagrun for example_complex to None, run_after=None
[2026-03-09T00:05:30.044+0000] {processor.py:183} INFO - Processing /home/airflow/.local/lib/python3.8/site-packages/airflow/example_dags/example_complex.py took 0.174 seconds
[2026-03-09T00:06:00.941+0000] {processor.py:161} INFO - Started process (PID=870) to work on /home/airflow/.local/lib/python3.8/site-packages/airflow/example_dags/example_complex.py
[2026-03-09T00:06:00.946+0000] {processor.py:830} INFO - Processing file /home/airflow/.local/lib/python3.8/site-packages/airflow/example_dags/example_complex.py for tasks to queue
[2026-03-09T00:06:00.957+0000] {logging_mixin.py:188} INFO - [2026-03-09T00:06:00.956+0000] {dagbag.py:540} INFO - Filling up the DagBag from /home/airflow/.local/lib/python3.8/site-packages/airflow/example_dags/example_complex.py
[2026-03-09T00:06:00.999+0000] {processor.py:840} INFO - DAG(s) 'example_complex' retrieved from /home/airflow/.local/lib/python3.8/site-packages/airflow/example_dags/example_complex.py
[2026-03-09T00:06:01.113+0000] {logging_mixin.py:188} INFO - [2026-03-09T00:06:01.112+0000] {dag.py:3047} INFO - Sync 1 DAGs
[2026-03-09T00:06:01.169+0000] {logging_mixin.py:188} INFO - [2026-03-09T00:06:01.168+0000] {dag.py:3834} INFO - Setting next_dagrun for example_complex to None, run_after=None
[2026-03-09T00:06:01.251+0000] {processor.py:183} INFO - Processing /home/airflow/.local/lib/python3.8/site-packages/airflow/example_dags/example_complex.py took 0.324 seconds
[2026-03-09T00:06:35.984+0000] {processor.py:161} INFO - Started process (PID=925) to work on /home/airflow/.local/lib/python3.8/site-packages/airflow/example_dags/example_complex.py
[2026-03-09T00:06:36.004+0000] {processor.py:830} INFO - Processing file /home/airflow/.local/lib/python3.8/site-packages/airflow/example_dags/example_complex.py for tasks to queue
[2026-03-09T00:06:36.025+0000] {logging_mixin.py:188} INFO - [2026-03-09T00:06:36.021+0000] {dagbag.py:540} INFO - Filling up the DagBag from /home/airflow/.local/lib/python3.8/site-packages/airflow/example_dags/example_complex.py
[2026-03-09T00:06:36.105+0000] {processor.py:840} INFO - DAG(s) 'example_complex' retrieved from /home/airflow/.local/lib/python3.8/site-packages/airflow/example_dags/example_complex.py
[2026-03-09T00:06:36.281+0000] {logging_mixin.py:188} INFO - [2026-03-09T00:06:36.280+0000] {dag.py:3047} INFO - Sync 1 DAGs
[2026-03-09T00:06:36.348+0000] {logging_mixin.py:188} INFO - [2026-03-09T00:06:36.347+0000] {dag.py:3834} INFO - Setting next_dagrun for example_complex to None, run_after=None
[2026-03-09T00:06:36.455+0000] {processor.py:183} INFO - Processing /home/airflow/.local/lib/python3.8/site-packages/airflow/example_dags/example_complex.py took 0.503 seconds
[2026-03-09T00:07:06.663+0000] {processor.py:161} INFO - Started process (PID=981) to work on /home/airflow/.local/lib/python3.8/site-packages/airflow/example_dags/example_complex.py
[2026-03-09T00:07:06.671+0000] {processor.py:830} INFO - Processing file /home/airflow/.local/lib/python3.8/site-packages/airflow/example_dags/example_complex.py for tasks to queue
[2026-03-09T00:07:06.682+0000] {logging_mixin.py:188} INFO - [2026-03-09T00:07:06.681+0000] {dagbag.py:540} INFO - Filling up the DagBag from /home/airflow/.local/lib/python3.8/site-packages/airflow/example_dags/example_complex.py
[2026-03-09T00:07:06.736+0000] {processor.py:840} INFO - DAG(s) 'example_complex' retrieved from /home/airflow/.local/lib/python3.8/site-packages/airflow/example_dags/example_complex.py
[2026-03-09T00:07:06.848+0000] {logging_mixin.py:188} INFO - [2026-03-09T00:07:06.846+0000] {dag.py:3047} INFO - Sync 1 DAGs
[2026-03-09T00:07:06.903+0000] {logging_mixin.py:188} INFO - [2026-03-09T00:07:06.902+0000] {dag.py:3834} INFO - Setting next_dagrun for example_complex to None, run_after=None
[2026-03-09T00:07:06.966+0000] {processor.py:183} INFO - Processing /home/airflow/.local/lib/python3.8/site-packages/airflow/example_dags/example_complex.py took 0.320 seconds
[2026-03-09T00:07:37.556+0000] {processor.py:161} INFO - Started process (PID=1036) to work on /home/airflow/.local/lib/python3.8/site-packages/airflow/example_dags/example_complex.py
[2026-03-09T00:07:37.562+0000] {processor.py:830} INFO - Processing file /home/airflow/.local/lib/python3.8/site-packages/airflow/example_dags/example_complex.py for tasks to queue
[2026-03-09T00:07:37.570+0000] {logging_mixin.py:188} INFO - [2026-03-09T00:07:37.569+0000] {dagbag.py:540} INFO - Filling up the DagBag from /home/airflow/.local/lib/python3.8/site-packages/airflow/example_dags/example_complex.py
[2026-03-09T00:07:37.626+0000] {processor.py:840} INFO - DAG(s) 'example_complex' retrieved from /home/airflow/.local/lib/python3.8/site-packages/airflow/example_dags/example_complex.py
[2026-03-09T00:07:37.756+0000] {logging_mixin.py:188} INFO - [2026-03-09T00:07:37.756+0000] {dag.py:3047} INFO - Sync 1 DAGs
[2026-03-09T00:07:37.799+0000] {logging_mixin.py:188} INFO - [2026-03-09T00:07:37.798+0000] {dag.py:3834} INFO - Setting next_dagrun for example_complex to None, run_after=None
[2026-03-09T00:07:37.840+0000] {processor.py:183} INFO - Processing /home/airflow/.local/lib/python3.8/site-packages/airflow/example_dags/example_complex.py took 0.306 seconds
[2026-03-09T00:08:08.113+0000] {processor.py:161} INFO - Started process (PID=1091) to work on /home/airflow/.local/lib/python3.8/site-packages/airflow/example_dags/example_complex.py
[2026-03-09T00:08:08.125+0000] {processor.py:830} INFO - Processing file /home/airflow/.local/lib/python3.8/site-packages/airflow/example_dags/example_complex.py for tasks to queue
[2026-03-09T00:08:08.134+0000] {logging_mixin.py:188} INFO - [2026-03-09T00:08:08.132+0000] {dagbag.py:540} INFO - Filling up the DagBag from /home/airflow/.local/lib/python3.8/site-packages/airflow/example_dags/example_complex.py
[2026-03-09T00:08:08.173+0000] {processor.py:840} INFO - DAG(s) 'example_complex' retrieved from /home/airflow/.local/lib/python3.8/site-packages/airflow/example_dags/example_complex.py
[2026-03-09T00:08:08.329+0000] {logging_mixin.py:188} INFO - [2026-03-09T00:08:08.328+0000] {dag.py:3047} INFO - Sync 1 DAGs
[2026-03-09T00:08:08.382+0000] {logging_mixin.py:188} INFO - [2026-03-09T00:08:08.381+0000] {dag.py:3834} INFO - Setting next_dagrun for example_complex to None, run_after=None
[2026-03-09T00:08:08.507+0000] {processor.py:183} INFO - Processing /home/airflow/.local/lib/python3.8/site-packages/airflow/example_dags/example_complex.py took 0.416 seconds
[2026-03-09T00:08:39.149+0000] {processor.py:161} INFO - Started process (PID=1147) to work on /home/airflow/.local/lib/python3.8/site-packages/airflow/example_dags/example_complex.py
[2026-03-09T00:08:39.152+0000] {processor.py:830} INFO - Processing file /home/airflow/.local/lib/python3.8/site-packages/airflow/example_dags/example_complex.py for tasks to queue
[2026-03-09T00:08:39.160+0000] {logging_mixin.py:188} INFO - [2026-03-09T00:08:39.159+0000] {dagbag.py:540} INFO - Filling up the DagBag from /home/airflow/.local/lib/python3.8/site-packages/airflow/example_dags/example_complex.py
[2026-03-09T00:08:39.196+0000] {processor.py:840} INFO - DAG(s) 'example_complex' retrieved from /home/airflow/.local/lib/python3.8/site-packages/airflow/example_dags/example_complex.py
[2026-03-09T00:08:39.251+0000] {logging_mixin.py:188} INFO - [2026-03-09T00:08:39.251+0000] {dag.py:3047} INFO - Sync 1 DAGs
[2026-03-09T00:08:39.272+0000] {logging_mixin.py:188} INFO - [2026-03-09T00:08:39.272+0000] {dag.py:3834} INFO - Setting next_dagrun for example_complex to None, run_after=None
[2026-03-09T00:08:39.317+0000] {processor.py:183} INFO - Processing /home/airflow/.local/lib/python3.8/site-packages/airflow/example_dags/example_complex.py took 0.184 seconds
[2026-03-09T00:09:12.094+0000] {processor.py:161} INFO - Started process (PID=1203) to work on /home/airflow/.local/lib/python3.8/site-packages/airflow/example_dags/example_complex.py
[2026-03-09T00:09:12.099+0000] {processor.py:830} INFO - Processing file /home/airflow/.local/lib/python3.8/site-packages/airflow/example_dags/example_complex.py for tasks to queue
[2026-03-09T00:09:12.113+0000] {logging_mixin.py:188} INFO - [2026-03-09T00:09:12.112+0000] {dagbag.py:540} INFO - Filling up the DagBag from /home/airflow/.local/lib/python3.8/site-packages/airflow/example_dags/example_complex.py
[2026-03-09T00:09:12.199+0000] {processor.py:840} INFO - DAG(s) 'example_complex' retrieved from /home/airflow/.local/lib/python3.8/site-packages/airflow/example_dags/example_complex.py
[2026-03-09T00:09:12.423+0000] {logging_mixin.py:188} INFO - [2026-03-09T00:09:12.422+0000] {dag.py:3047} INFO - Sync 1 DAGs
[2026-03-09T00:09:12.505+0000] {logging_mixin.py:188} INFO - [2026-03-09T00:09:12.504+0000] {dag.py:3834} INFO - Setting next_dagrun for example_complex to None, run_after=None
[2026-03-09T00:09:12.605+0000] {processor.py:183} INFO - Processing /home/airflow/.local/lib/python3.8/site-packages/airflow/example_dags/example_complex.py took 0.526 seconds
[2026-03-09T00:09:42.860+0000] {processor.py:161} INFO - Started process (PID=1259) to work on /home/airflow/.local/lib/python3.8/site-packages/airflow/example_dags/example_complex.py
[2026-03-09T00:09:42.864+0000] {processor.py:830} INFO - Processing file /home/airflow/.local/lib/python3.8/site-packages/airflow/example_dags/example_complex.py for tasks to queue
[2026-03-09T00:09:42.869+0000] {logging_mixin.py:188} INFO - [2026-03-09T00:09:42.868+0000] {dagbag.py:540} INFO - Filling up the DagBag from /home/airflow/.local/lib/python3.8/site-packages/airflow/example_dags/example_complex.py
[2026-03-09T00:09:42.914+0000] {processor.py:840} INFO - DAG(s) 'example_complex' retrieved from /home/airflow/.local/lib/python3.8/site-packages/airflow/example_dags/example_complex.py
[2026-03-09T00:09:42.995+0000] {logging_mixin.py:188} INFO - [2026-03-09T00:09:42.994+0000] {dag.py:3047} INFO - Sync 1 DAGs
[2026-03-09T00:09:43.033+0000] {logging_mixin.py:188} INFO - [2026-03-09T00:09:43.032+0000] {dag.py:3834} INFO - Setting next_dagrun for example_complex to None, run_after=None
[2026-03-09T00:09:43.104+0000] {processor.py:183} INFO - Processing /home/airflow/.local/lib/python3.8/site-packages/airflow/example_dags/example_complex.py took 0.255 seconds
[2026-03-09T00:10:13.866+0000] {processor.py:161} INFO - Started process (PID=1316) to work on /home/airflow/.local/lib/python3.8/site-packages/airflow/example_dags/example_complex.py
[2026-03-09T00:10:13.884+0000] {processor.py:830} INFO - Processing file /home/airflow/.local/lib/python3.8/site-packages/airflow/example_dags/example_complex.py for tasks to queue
[2026-03-09T00:10:13.901+0000] {logging_mixin.py:188} INFO - [2026-03-09T00:10:13.900+0000] {dagbag.py:540} INFO - Filling up the DagBag from /home/airflow/.local/lib/python3.8/site-packages/airflow/example_dags/example_complex.py
[2026-03-09T00:10:14.003+0000] {processor.py:840} INFO - DAG(s) 'example_complex' retrieved from /home/airflow/.local/lib/python3.8/site-packages/airflow/example_dags/example_complex.py
[2026-03-09T00:10:14.112+0000] {logging_mixin.py:188} INFO - [2026-03-09T00:10:14.112+0000] {dag.py:3047} INFO - Sync 1 DAGs
[2026-03-09T00:10:14.151+0000] {logging_mixin.py:188} INFO - [2026-03-09T00:10:14.151+0000] {dag.py:3834} INFO - Setting next_dagrun for example_complex to None, run_after=None
[2026-03-09T00:10:14.209+0000] {processor.py:183} INFO - Processing /home/airflow/.local/lib/python3.8/site-packages/airflow/example_dags/example_complex.py took 0.362 seconds
[2026-03-09T00:10:44.832+0000] {processor.py:161} INFO - Started process (PID=1370) to work on /home/airflow/.local/lib/python3.8/site-packages/airflow/example_dags/example_complex.py
[2026-03-09T00:10:44.837+0000] {processor.py:830} INFO - Processing file /home/airflow/.local/lib/python3.8/site-packages/airflow/example_dags/example_complex.py for tasks to queue
[2026-03-09T00:10:44.846+0000] {logging_mixin.py:188} INFO - [2026-03-09T00:10:44.845+0000] {dagbag.py:540} INFO - Filling up the DagBag from /home/airflow/.local/lib/python3.8/site-packages/airflow/example_dags/example_complex.py
[2026-03-09T00:10:44.897+0000] {processor.py:840} INFO - DAG(s) 'example_complex' retrieved from /home/airflow/.local/lib/python3.8/site-packages/airflow/example_dags/example_complex.py
[2026-03-09T00:10:45.028+0000] {logging_mixin.py:188} INFO - [2026-03-09T00:10:45.027+0000] {dag.py:3047} INFO - Sync 1 DAGs
[2026-03-09T00:10:45.080+0000] {logging_mixin.py:188} INFO - [2026-03-09T00:10:45.079+0000] {dag.py:3834} INFO - Setting next_dagrun for example_complex to None, run_after=None
[2026-03-09T00:10:45.142+0000] {processor.py:183} INFO - Processing /home/airflow/.local/lib/python3.8/site-packages/airflow/example_dags/example_complex.py took 0.328 seconds
[2026-03-09T00:11:16.230+0000] {processor.py:161} INFO - Started process (PID=1427) to work on /home/airflow/.local/lib/python3.8/site-packages/airflow/example_dags/example_complex.py
[2026-03-09T00:11:16.234+0000] {processor.py:830} INFO - Processing file /home/airflow/.local/lib/python3.8/site-packages/airflow/example_dags/example_complex.py for tasks to queue
[2026-03-09T00:11:16.242+0000] {logging_mixin.py:188} INFO - [2026-03-09T00:11:16.241+0000] {dagbag.py:540} INFO - Filling up the DagBag from /home/airflow/.local/lib/python3.8/site-packages/airflow/example_dags/example_complex.py
[2026-03-09T00:11:16.313+0000] {processor.py:840} INFO - DAG(s) 'example_complex' retrieved from /home/airflow/.local/lib/python3.8/site-packages/airflow/example_dags/example_complex.py
[2026-03-09T00:11:16.445+0000] {logging_mixin.py:188} INFO - [2026-03-09T00:11:16.444+0000] {dag.py:3047} INFO - Sync 1 DAGs
[2026-03-09T00:11:16.490+0000] {logging_mixin.py:188} INFO - [2026-03-09T00:11:16.489+0000] {dag.py:3834} INFO - Setting next_dagrun for example_complex to None, run_after=None
[2026-03-09T00:11:16.566+0000] {processor.py:183} INFO - Processing /home/airflow/.local/lib/python3.8/site-packages/airflow/example_dags/example_complex.py took 0.353 seconds
[2026-03-09T00:11:47.062+0000] {processor.py:161} INFO - Started process (PID=1482) to work on /home/airflow/.local/lib/python3.8/site-packages/airflow/example_dags/example_complex.py
[2026-03-09T00:11:47.065+0000] {processor.py:830} INFO - Processing file /home/airflow/.local/lib/python3.8/site-packages/airflow/example_dags/example_complex.py for tasks to queue
[2026-03-09T00:11:47.071+0000] {logging_mixin.py:188} INFO - [2026-03-09T00:11:47.070+0000] {dagbag.py:540} INFO - Filling up the DagBag from /home/airflow/.local/lib/python3.8/site-packages/airflow/example_dags/example_complex.py
[2026-03-09T00:11:47.106+0000] {processor.py:840} INFO - DAG(s) 'example_complex' retrieved from /home/airflow/.local/lib/python3.8/site-packages/airflow/example_dags/example_complex.py
[2026-03-09T00:11:47.219+0000] {logging_mixin.py:188} INFO - [2026-03-09T00:11:47.218+0000] {dag.py:3047} INFO - Sync 1 DAGs
[2026-03-09T00:11:47.249+0000] {logging_mixin.py:188} INFO - [2026-03-09T00:11:47.249+0000] {dag.py:3834} INFO - Setting next_dagrun for example_complex to None, run_after=None
[2026-03-09T00:11:47.304+0000] {processor.py:183} INFO - Processing /home/airflow/.local/lib/python3.8/site-packages/airflow/example_dags/example_complex.py took 0.252 seconds
[2026-03-09T00:12:17.899+0000] {processor.py:161} INFO - Started process (PID=1537) to work on /home/airflow/.local/lib/python3.8/site-packages/airflow/example_dags/example_complex.py
[2026-03-09T00:12:17.903+0000] {processor.py:830} INFO - Processing file /home/airflow/.local/lib/python3.8/site-packages/airflow/example_dags/example_complex.py for tasks to queue
[2026-03-09T00:12:17.912+0000] {logging_mixin.py:188} INFO - [2026-03-09T00:12:17.910+0000] {dagbag.py:540} INFO - Filling up the DagBag from /home/airflow/.local/lib/python3.8/site-packages/airflow/example_dags/example_complex.py
[2026-03-09T00:12:17.962+0000] {processor.py:840} INFO - DAG(s) 'example_complex' retrieved from /home/airflow/.local/lib/python3.8/site-packages/airflow/example_dags/example_complex.py
[2026-03-09T00:12:18.076+0000] {logging_mixin.py:188} INFO - [2026-03-09T00:12:18.075+0000] {dag.py:3047} INFO - Sync 1 DAGs
[2026-03-09T00:12:18.122+0000] {logging_mixin.py:188} INFO - [2026-03-09T00:12:18.121+0000] {dag.py:3834} INFO - Setting next_dagrun for example_complex to None, run_after=None
[2026-03-09T00:12:18.245+0000] {processor.py:183} INFO - Processing /home/airflow/.local/lib/python3.8/site-packages/airflow/example_dags/example_complex.py took 0.359 seconds
[2026-03-09T00:12:48.974+0000] {processor.py:161} INFO - Started process (PID=1593) to work on /home/airflow/.local/lib/python3.8/site-packages/airflow/example_dags/example_complex.py
[2026-03-09T00:12:48.977+0000] {processor.py:830} INFO - Processing file /home/airflow/.local/lib/python3.8/site-packages/airflow/example_dags/example_complex.py for tasks to queue
[2026-03-09T00:12:48.990+0000] {logging_mixin.py:188} INFO - [2026-03-09T00:12:48.989+0000] {dagbag.py:540} INFO - Filling up the DagBag from /home/airflow/.local/lib/python3.8/site-packages/airflow/example_dags/example_complex.py
[2026-03-09T00:12:49.035+0000] {processor.py:840} INFO - DAG(s) 'example_complex' retrieved from /home/airflow/.local/lib/python3.8/site-packages/airflow/example_dags/example_complex.py
[2026-03-09T00:12:49.112+0000] {logging_mixin.py:188} INFO - [2026-03-09T00:12:49.111+0000] {dag.py:3047} INFO - Sync 1 DAGs
[2026-03-09T00:12:49.149+0000] {logging_mixin.py:188} INFO - [2026-03-09T00:12:49.148+0000] {dag.py:3834} INFO - Setting next_dagrun for example_complex to None, run_after=None
[2026-03-09T00:12:49.204+0000] {processor.py:183} INFO - Processing /home/airflow/.local/lib/python3.8/site-packages/airflow/example_dags/example_complex.py took 0.245 seconds
[2026-03-09T00:13:19.393+0000] {processor.py:161} INFO - Started process (PID=1648) to work on /home/airflow/.local/lib/python3.8/site-packages/airflow/example_dags/example_complex.py
[2026-03-09T00:13:19.400+0000] {processor.py:830} INFO - Processing file /home/airflow/.local/lib/python3.8/site-packages/airflow/example_dags/example_complex.py for tasks to queue
[2026-03-09T00:13:19.409+0000] {logging_mixin.py:188} INFO - [2026-03-09T00:13:19.408+0000] {dagbag.py:540} INFO - Filling up the DagBag from /home/airflow/.local/lib/python3.8/site-packages/airflow/example_dags/example_complex.py
[2026-03-09T00:13:19.468+0000] {processor.py:840} INFO - DAG(s) 'example_complex' retrieved from /home/airflow/.local/lib/python3.8/site-packages/airflow/example_dags/example_complex.py
[2026-03-09T00:13:19.579+0000] {logging_mixin.py:188} INFO - [2026-03-09T00:13:19.578+0000] {dag.py:3047} INFO - Sync 1 DAGs
[2026-03-09T00:13:19.613+0000] {logging_mixin.py:188} INFO - [2026-03-09T00:13:19.613+0000] {dag.py:3834} INFO - Setting next_dagrun for example_complex to None, run_after=None
[2026-03-09T00:13:19.675+0000] {processor.py:183} INFO - Processing /home/airflow/.local/lib/python3.8/site-packages/airflow/example_dags/example_complex.py took 0.296 seconds
[2026-03-09T00:13:49.989+0000] {processor.py:161} INFO - Started process (PID=1704) to work on /home/airflow/.local/lib/python3.8/site-packages/airflow/example_dags/example_complex.py
[2026-03-09T00:13:49.995+0000] {processor.py:830} INFO - Processing file /home/airflow/.local/lib/python3.8/site-packages/airflow/example_dags/example_complex.py for tasks to queue
[2026-03-09T00:13:50.007+0000] {logging_mixin.py:188} INFO - [2026-03-09T00:13:50.006+0000] {dagbag.py:540} INFO - Filling up the DagBag from /home/airflow/.local/lib/python3.8/site-packages/airflow/example_dags/example_complex.py
[2026-03-09T00:13:50.091+0000] {processor.py:840} INFO - DAG(s) 'example_complex' retrieved from /home/airflow/.local/lib/python3.8/site-packages/airflow/example_dags/example_complex.py
[2026-03-09T00:13:50.344+0000] {logging_mixin.py:188} INFO - [2026-03-09T00:13:50.342+0000] {dag.py:3047} INFO - Sync 1 DAGs
[2026-03-09T00:13:50.404+0000] {logging_mixin.py:188} INFO - [2026-03-09T00:13:50.403+0000] {dag.py:3834} INFO - Setting next_dagrun for example_complex to None, run_after=None
[2026-03-09T00:13:50.547+0000] {processor.py:183} INFO - Processing /home/airflow/.local/lib/python3.8/site-packages/airflow/example_dags/example_complex.py took 0.581 seconds
[2026-03-09T00:14:21.331+0000] {processor.py:161} INFO - Started process (PID=1760) to work on /home/airflow/.local/lib/python3.8/site-packages/airflow/example_dags/example_complex.py
[2026-03-09T00:14:21.338+0000] {processor.py:830} INFO - Processing file /home/airflow/.local/lib/python3.8/site-packages/airflow/example_dags/example_complex.py for tasks to queue
[2026-03-09T00:14:21.351+0000] {logging_mixin.py:188} INFO - [2026-03-09T00:14:21.349+0000] {dagbag.py:540} INFO - Filling up the DagBag from /home/airflow/.local/lib/python3.8/site-packages/airflow/example_dags/example_complex.py
[2026-03-09T00:14:21.460+0000] {processor.py:840} INFO - DAG(s) 'example_complex' retrieved from /home/airflow/.local/lib/python3.8/site-packages/airflow/example_dags/example_complex.py
[2026-03-09T00:14:21.572+0000] {logging_mixin.py:188} INFO - [2026-03-09T00:14:21.571+0000] {dag.py:3047} INFO - Sync 1 DAGs
[2026-03-09T00:14:21.613+0000] {logging_mixin.py:188} INFO - [2026-03-09T00:14:21.612+0000] {dag.py:3834} INFO - Setting next_dagrun for example_complex to None, run_after=None
[2026-03-09T00:14:21.676+0000] {processor.py:183} INFO - Processing /home/airflow/.local/lib/python3.8/site-packages/airflow/example_dags/example_complex.py took 0.368 seconds
[2026-03-09T00:14:52.216+0000] {processor.py:161} INFO - Started process (PID=1816) to work on /home/airflow/.local/lib/python3.8/site-packages/airflow/example_dags/example_complex.py
[2026-03-09T00:14:52.221+0000] {processor.py:830} INFO - Processing file /home/airflow/.local/lib/python3.8/site-packages/airflow/example_dags/example_complex.py for tasks to queue
[2026-03-09T00:14:52.230+0000] {logging_mixin.py:188} INFO - [2026-03-09T00:14:52.228+0000] {dagbag.py:540} INFO - Filling up the DagBag from /home/airflow/.local/lib/python3.8/site-packages/airflow/example_dags/example_complex.py
[2026-03-09T00:14:52.269+0000] {processor.py:840} INFO - DAG(s) 'example_complex' retrieved from /home/airflow/.local/lib/python3.8/site-packages/airflow/example_dags/example_complex.py
[2026-03-09T00:14:52.395+0000] {logging_mixin.py:188} INFO - [2026-03-09T00:14:52.395+0000] {dag.py:3047} INFO - Sync 1 DAGs
[2026-03-09T00:14:52.470+0000] {logging_mixin.py:188} INFO - [2026-03-09T00:14:52.469+0000] {dag.py:3834} INFO - Setting next_dagrun for example_complex to None, run_after=None
[2026-03-09T00:14:52.574+0000] {processor.py:183} INFO - Processing /home/airflow/.local/lib/python3.8/site-packages/airflow/example_dags/example_complex.py took 0.374 seconds
[2026-03-09T00:15:23.374+0000] {processor.py:161} INFO - Started process (PID=1872) to work on /home/airflow/.local/lib/python3.8/site-packages/airflow/example_dags/example_complex.py
[2026-03-09T00:15:23.380+0000] {processor.py:830} INFO - Processing file /home/airflow/.local/lib/python3.8/site-packages/airflow/example_dags/example_complex.py for tasks to queue
[2026-03-09T00:15:23.390+0000] {logging_mixin.py:188} INFO - [2026-03-09T00:15:23.388+0000] {dagbag.py:540} INFO - Filling up the DagBag from /home/airflow/.local/lib/python3.8/site-packages/airflow/example_dags/example_complex.py
[2026-03-09T00:15:23.476+0000] {processor.py:840} INFO - DAG(s) 'example_complex' retrieved from /home/airflow/.local/lib/python3.8/site-packages/airflow/example_dags/example_complex.py
[2026-03-09T00:15:23.764+0000] {logging_mixin.py:188} INFO - [2026-03-09T00:15:23.762+0000] {dag.py:3047} INFO - Sync 1 DAGs
[2026-03-09T00:15:23.914+0000] {logging_mixin.py:188} INFO - [2026-03-09T00:15:23.903+0000] {dag.py:3834} INFO - Setting next_dagrun for example_complex to None, run_after=None
[2026-03-09T00:15:24.007+0000] {processor.py:183} INFO - Processing /home/airflow/.local/lib/python3.8/site-packages/airflow/example_dags/example_complex.py took 0.673 seconds
[2026-03-09T00:15:54.538+0000] {processor.py:161} INFO - Started process (PID=1928) to work on /home/airflow/.local/lib/python3.8/site-packages/airflow/example_dags/example_complex.py
[2026-03-09T00:15:54.543+0000] {processor.py:830} INFO - Processing file /home/airflow/.local/lib/python3.8/site-packages/airflow/example_dags/example_complex.py for tasks to queue
[2026-03-09T00:15:54.551+0000] {logging_mixin.py:188} INFO - [2026-03-09T00:15:54.550+0000] {dagbag.py:540} INFO - Filling up the DagBag from /home/airflow/.local/lib/python3.8/site-packages/airflow/example_dags/example_complex.py
[2026-03-09T00:15:54.602+0000] {processor.py:840} INFO - DAG(s) 'example_complex' retrieved from /home/airflow/.local/lib/python3.8/site-packages/airflow/example_dags/example_complex.py
[2026-03-09T00:15:54.837+0000] {logging_mixin.py:188} INFO - [2026-03-09T00:15:54.836+0000] {dag.py:3047} INFO - Sync 1 DAGs
[2026-03-09T00:15:54.914+0000] {logging_mixin.py:188} INFO - [2026-03-09T00:15:54.914+0000] {dag.py:3834} INFO - Setting next_dagrun for example_complex to None, run_after=None
[2026-03-09T00:15:55.032+0000] {processor.py:183} INFO - Processing /home/airflow/.local/lib/python3.8/site-packages/airflow/example_dags/example_complex.py took 0.507 seconds
[2026-03-09T00:16:25.261+0000] {processor.py:161} INFO - Started process (PID=1984) to work on /home/airflow/.local/lib/python3.8/site-packages/airflow/example_dags/example_complex.py
[2026-03-09T00:16:25.268+0000] {processor.py:830} INFO - Processing file /home/airflow/.local/lib/python3.8/site-packages/airflow/example_dags/example_complex.py for tasks to queue
[2026-03-09T00:16:25.280+0000] {logging_mixin.py:188} INFO - [2026-03-09T00:16:25.279+0000] {dagbag.py:540} INFO - Filling up the DagBag from /home/airflow/.local/lib/python3.8/site-packages/airflow/example_dags/example_complex.py
[2026-03-09T00:16:25.353+0000] {processor.py:840} INFO - DAG(s) 'example_complex' retrieved from /home/airflow/.local/lib/python3.8/site-packages/airflow/example_dags/example_complex.py
[2026-03-09T00:16:25.518+0000] {logging_mixin.py:188} INFO - [2026-03-09T00:16:25.517+0000] {dag.py:3047} INFO - Sync 1 DAGs
[2026-03-09T00:16:25.557+0000] {logging_mixin.py:188} INFO - [2026-03-09T00:16:25.556+0000] {dag.py:3834} INFO - Setting next_dagrun for example_complex to None, run_after=None
[2026-03-09T00:16:25.680+0000] {processor.py:183} INFO - Processing /home/airflow/.local/lib/python3.8/site-packages/airflow/example_dags/example_complex.py took 0.437 seconds
[2026-03-09T00:16:56.101+0000] {processor.py:161} INFO - Started process (PID=2040) to work on /home/airflow/.local/lib/python3.8/site-packages/airflow/example_dags/example_complex.py
[2026-03-09T00:16:56.107+0000] {processor.py:830} INFO - Processing file /home/airflow/.local/lib/python3.8/site-packages/airflow/example_dags/example_complex.py for tasks to queue
[2026-03-09T00:16:56.115+0000] {logging_mixin.py:188} INFO - [2026-03-09T00:16:56.114+0000] {dagbag.py:540} INFO - Filling up the DagBag from /home/airflow/.local/lib/python3.8/site-packages/airflow/example_dags/example_complex.py
[2026-03-09T00:16:56.154+0000] {processor.py:840} INFO - DAG(s) 'example_complex' retrieved from /home/airflow/.local/lib/python3.8/site-packages/airflow/example_dags/example_complex.py
[2026-03-09T00:16:56.232+0000] {logging_mixin.py:188} INFO - [2026-03-09T00:16:56.231+0000] {dag.py:3047} INFO - Sync 1 DAGs
[2026-03-09T00:16:56.268+0000] {logging_mixin.py:188} INFO - [2026-03-09T00:16:56.268+0000] {dag.py:3834} INFO - Setting next_dagrun for example_complex to None, run_after=None
[2026-03-09T00:16:56.318+0000] {processor.py:183} INFO - Processing /home/airflow/.local/lib/python3.8/site-packages/airflow/example_dags/example_complex.py took 0.234 seconds
[2026-03-09T00:17:26.582+0000] {processor.py:161} INFO - Started process (PID=2096) to work on /home/airflow/.local/lib/python3.8/site-packages/airflow/example_dags/example_complex.py
[2026-03-09T00:17:26.586+0000] {processor.py:830} INFO - Processing file /home/airflow/.local/lib/python3.8/site-packages/airflow/example_dags/example_complex.py for tasks to queue
[2026-03-09T00:17:26.594+0000] {logging_mixin.py:188} INFO - [2026-03-09T00:17:26.593+0000] {dagbag.py:540} INFO - Filling up the DagBag from /home/airflow/.local/lib/python3.8/site-packages/airflow/example_dags/example_complex.py
[2026-03-09T00:17:26.650+0000] {processor.py:840} INFO - DAG(s) 'example_complex' retrieved from /home/airflow/.local/lib/python3.8/site-packages/airflow/example_dags/example_complex.py
[2026-03-09T00:17:26.784+0000] {logging_mixin.py:188} INFO - [2026-03-09T00:17:26.784+0000] {dag.py:3047} INFO - Sync 1 DAGs
[2026-03-09T00:17:26.841+0000] {logging_mixin.py:188} INFO - [2026-03-09T00:17:26.840+0000] {dag.py:3834} INFO - Setting next_dagrun for example_complex to None, run_after=None
[2026-03-09T00:17:26.916+0000] {processor.py:183} INFO - Processing /home/airflow/.local/lib/python3.8/site-packages/airflow/example_dags/example_complex.py took 0.352 seconds
[2026-03-09T00:17:57.183+0000] {processor.py:161} INFO - Started process (PID=2152) to work on /home/airflow/.local/lib/python3.8/site-packages/airflow/example_dags/example_complex.py
[2026-03-09T00:17:57.188+0000] {processor.py:830} INFO - Processing file /home/airflow/.local/lib/python3.8/site-packages/airflow/example_dags/example_complex.py for tasks to queue
[2026-03-09T00:17:57.195+0000] {logging_mixin.py:188} INFO - [2026-03-09T00:17:57.194+0000] {dagbag.py:540} INFO - Filling up the DagBag from /home/airflow/.local/lib/python3.8/site-packages/airflow/example_dags/example_complex.py
[2026-03-09T00:17:57.241+0000] {processor.py:840} INFO - DAG(s) 'example_complex' retrieved from /home/airflow/.local/lib/python3.8/site-packages/airflow/example_dags/example_complex.py
[2026-03-09T00:17:57.307+0000] {logging_mixin.py:188} INFO - [2026-03-09T00:17:57.306+0000] {dag.py:3047} INFO - Sync 1 DAGs
[2026-03-09T00:17:57.334+0000] {logging_mixin.py:188} INFO - [2026-03-09T00:17:57.333+0000] {dag.py:3834} INFO - Setting next_dagrun for example_complex to None, run_after=None
[2026-03-09T00:17:57.378+0000] {processor.py:183} INFO - Processing /home/airflow/.local/lib/python3.8/site-packages/airflow/example_dags/example_complex.py took 0.208 seconds
[2026-03-09T00:18:28.124+0000] {processor.py:161} INFO - Started process (PID=2208) to work on /home/airflow/.local/lib/python3.8/site-packages/airflow/example_dags/example_complex.py
[2026-03-09T00:18:28.127+0000] {processor.py:830} INFO - Processing file /home/airflow/.local/lib/python3.8/site-packages/airflow/example_dags/example_complex.py for tasks to queue
[2026-03-09T00:18:28.134+0000] {logging_mixin.py:188} INFO - [2026-03-09T00:18:28.133+0000] {dagbag.py:540} INFO - Filling up the DagBag from /home/airflow/.local/lib/python3.8/site-packages/airflow/example_dags/example_complex.py
[2026-03-09T00:18:28.164+0000] {processor.py:840} INFO - DAG(s) 'example_complex' retrieved from /home/airflow/.local/lib/python3.8/site-packages/airflow/example_dags/example_complex.py
[2026-03-09T00:18:28.256+0000] {logging_mixin.py:188} INFO - [2026-03-09T00:18:28.255+0000] {dag.py:3047} INFO - Sync 1 DAGs
[2026-03-09T00:18:28.291+0000] {logging_mixin.py:188} INFO - [2026-03-09T00:18:28.291+0000] {dag.py:3834} INFO - Setting next_dagrun for example_complex to None, run_after=None
[2026-03-09T00:18:28.339+0000] {processor.py:183} INFO - Processing /home/airflow/.local/lib/python3.8/site-packages/airflow/example_dags/example_complex.py took 0.225 seconds
[2026-03-09T00:18:58.936+0000] {processor.py:161} INFO - Started process (PID=2264) to work on /home/airflow/.local/lib/python3.8/site-packages/airflow/example_dags/example_complex.py
[2026-03-09T00:18:58.939+0000] {processor.py:830} INFO - Processing file /home/airflow/.local/lib/python3.8/site-packages/airflow/example_dags/example_complex.py for tasks to queue
[2026-03-09T00:18:58.946+0000] {logging_mixin.py:188} INFO - [2026-03-09T00:18:58.945+0000] {dagbag.py:540} INFO - Filling up the DagBag from /home/airflow/.local/lib/python3.8/site-packages/airflow/example_dags/example_complex.py
[2026-03-09T00:18:58.980+0000] {processor.py:840} INFO - DAG(s) 'example_complex' retrieved from /home/airflow/.local/lib/python3.8/site-packages/airflow/example_dags/example_complex.py
[2026-03-09T00:18:59.075+0000] {logging_mixin.py:188} INFO - [2026-03-09T00:18:59.074+0000] {dag.py:3047} INFO - Sync 1 DAGs
[2026-03-09T00:18:59.117+0000] {logging_mixin.py:188} INFO - [2026-03-09T00:18:59.117+0000] {dag.py:3834} INFO - Setting next_dagrun for example_complex to None, run_after=None
[2026-03-09T00:18:59.173+0000] {processor.py:183} INFO - Processing /home/airflow/.local/lib/python3.8/site-packages/airflow/example_dags/example_complex.py took 0.251 seconds
[2026-03-09T00:19:29.674+0000] {processor.py:161} INFO - Started process (PID=2321) to work on /home/airflow/.local/lib/python3.8/site-packages/airflow/example_dags/example_complex.py
[2026-03-09T00:19:29.678+0000] {processor.py:830} INFO - Processing file /home/airflow/.local/lib/python3.8/site-packages/airflow/example_dags/example_complex.py for tasks to queue
[2026-03-09T00:19:29.682+0000] {logging_mixin.py:188} INFO - [2026-03-09T00:19:29.682+0000] {dagbag.py:540} INFO - Filling up the DagBag from /home/airflow/.local/lib/python3.8/site-packages/airflow/example_dags/example_complex.py
[2026-03-09T00:19:29.711+0000] {processor.py:840} INFO - DAG(s) 'example_complex' retrieved from /home/airflow/.local/lib/python3.8/site-packages/airflow/example_dags/example_complex.py
[2026-03-09T00:19:29.780+0000] {logging_mixin.py:188} INFO - [2026-03-09T00:19:29.780+0000] {dag.py:3047} INFO - Sync 1 DAGs
[2026-03-09T00:19:29.811+0000] {logging_mixin.py:188} INFO - [2026-03-09T00:19:29.811+0000] {dag.py:3834} INFO - Setting next_dagrun for example_complex to None, run_after=None
[2026-03-09T00:19:29.894+0000] {processor.py:183} INFO - Processing /home/airflow/.local/lib/python3.8/site-packages/airflow/example_dags/example_complex.py took 0.231 seconds
[2026-03-09T00:20:00.399+0000] {processor.py:161} INFO - Started process (PID=2377) to work on /home/airflow/.local/lib/python3.8/site-packages/airflow/example_dags/example_complex.py
[2026-03-09T00:20:00.404+0000] {processor.py:830} INFO - Processing file /home/airflow/.local/lib/python3.8/site-packages/airflow/example_dags/example_complex.py for tasks to queue
[2026-03-09T00:20:00.412+0000] {logging_mixin.py:188} INFO - [2026-03-09T00:20:00.411+0000] {dagbag.py:540} INFO - Filling up the DagBag from /home/airflow/.local/lib/python3.8/site-packages/airflow/example_dags/example_complex.py
[2026-03-09T00:20:00.475+0000] {processor.py:840} INFO - DAG(s) 'example_complex' retrieved from /home/airflow/.local/lib/python3.8/site-packages/airflow/example_dags/example_complex.py
[2026-03-09T00:20:00.593+0000] {logging_mixin.py:188} INFO - [2026-03-09T00:20:00.593+0000] {dag.py:3047} INFO - Sync 1 DAGs
[2026-03-09T00:20:00.633+0000] {logging_mixin.py:188} INFO - [2026-03-09T00:20:00.633+0000] {dag.py:3834} INFO - Setting next_dagrun for example_complex to None, run_after=None
[2026-03-09T00:20:00.683+0000] {processor.py:183} INFO - Processing /home/airflow/.local/lib/python3.8/site-packages/airflow/example_dags/example_complex.py took 0.304 seconds
[2026-03-09T00:20:31.135+0000] {processor.py:161} INFO - Started process (PID=2433) to work on /home/airflow/.local/lib/python3.8/site-packages/airflow/example_dags/example_complex.py
[2026-03-09T00:20:31.140+0000] {processor.py:830} INFO - Processing file /home/airflow/.local/lib/python3.8/site-packages/airflow/example_dags/example_complex.py for tasks to queue
[2026-03-09T00:20:31.148+0000] {logging_mixin.py:188} INFO - [2026-03-09T00:20:31.147+0000] {dagbag.py:540} INFO - Filling up the DagBag from /home/airflow/.local/lib/python3.8/site-packages/airflow/example_dags/example_complex.py
[2026-03-09T00:20:31.190+0000] {processor.py:840} INFO - DAG(s) 'example_complex' retrieved from /home/airflow/.local/lib/python3.8/site-packages/airflow/example_dags/example_complex.py
[2026-03-09T00:20:31.309+0000] {logging_mixin.py:188} INFO - [2026-03-09T00:20:31.308+0000] {dag.py:3047} INFO - Sync 1 DAGs
[2026-03-09T00:20:31.364+0000] {logging_mixin.py:188} INFO - [2026-03-09T00:20:31.364+0000] {dag.py:3834} INFO - Setting next_dagrun for example_complex to None, run_after=None
[2026-03-09T00:20:31.443+0000] {processor.py:183} INFO - Processing /home/airflow/.local/lib/python3.8/site-packages/airflow/example_dags/example_complex.py took 0.322 seconds
[2026-03-09T00:21:01.828+0000] {processor.py:161} INFO - Started process (PID=2489) to work on /home/airflow/.local/lib/python3.8/site-packages/airflow/example_dags/example_complex.py
[2026-03-09T00:21:01.831+0000] {processor.py:830} INFO - Processing file /home/airflow/.local/lib/python3.8/site-packages/airflow/example_dags/example_complex.py for tasks to queue
[2026-03-09T00:21:01.838+0000] {logging_mixin.py:188} INFO - [2026-03-09T00:21:01.837+0000] {dagbag.py:540} INFO - Filling up the DagBag from /home/airflow/.local/lib/python3.8/site-packages/airflow/example_dags/example_complex.py
[2026-03-09T00:21:01.878+0000] {processor.py:840} INFO - DAG(s) 'example_complex' retrieved from /home/airflow/.local/lib/python3.8/site-packages/airflow/example_dags/example_complex.py
[2026-03-09T00:21:01.980+0000] {logging_mixin.py:188} INFO - [2026-03-09T00:21:01.978+0000] {dag.py:3047} INFO - Sync 1 DAGs
[2026-03-09T00:21:02.032+0000] {logging_mixin.py:188} INFO - [2026-03-09T00:21:02.031+0000] {dag.py:3834} INFO - Setting next_dagrun for example_complex to None, run_after=None
[2026-03-09T00:21:02.146+0000] {processor.py:183} INFO - Processing /home/airflow/.local/lib/python3.8/site-packages/airflow/example_dags/example_complex.py took 0.331 seconds
[2026-03-09T00:21:32.576+0000] {processor.py:161} INFO - Started process (PID=2545) to work on /home/airflow/.local/lib/python3.8/site-packages/airflow/example_dags/example_complex.py
[2026-03-09T00:21:32.580+0000] {processor.py:830} INFO - Processing file /home/airflow/.local/lib/python3.8/site-packages/airflow/example_dags/example_complex.py for tasks to queue
[2026-03-09T00:21:32.586+0000] {logging_mixin.py:188} INFO - [2026-03-09T00:21:32.585+0000] {dagbag.py:540} INFO - Filling up the DagBag from /home/airflow/.local/lib/python3.8/site-packages/airflow/example_dags/example_complex.py
[2026-03-09T00:21:32.624+0000] {processor.py:840} INFO - DAG(s) 'example_complex' retrieved from /home/airflow/.local/lib/python3.8/site-packages/airflow/example_dags/example_complex.py
[2026-03-09T00:21:32.698+0000] {logging_mixin.py:188} INFO - [2026-03-09T00:21:32.697+0000] {dag.py:3047} INFO - Sync 1 DAGs
[2026-03-09T00:21:32.724+0000] {logging_mixin.py:188} INFO - [2026-03-09T00:21:32.723+0000] {dag.py:3834} INFO - Setting next_dagrun for example_complex to None, run_after=None
[2026-03-09T00:21:32.781+0000] {processor.py:183} INFO - Processing /home/airflow/.local/lib/python3.8/site-packages/airflow/example_dags/example_complex.py took 0.218 seconds
[2026-03-09T00:22:03.154+0000] {processor.py:161} INFO - Started process (PID=2602) to work on /home/airflow/.local/lib/python3.8/site-packages/airflow/example_dags/example_complex.py
[2026-03-09T00:22:03.157+0000] {processor.py:830} INFO - Processing file /home/airflow/.local/lib/python3.8/site-packages/airflow/example_dags/example_complex.py for tasks to queue
[2026-03-09T00:22:03.163+0000] {logging_mixin.py:188} INFO - [2026-03-09T00:22:03.162+0000] {dagbag.py:540} INFO - Filling up the DagBag from /home/airflow/.local/lib/python3.8/site-packages/airflow/example_dags/example_complex.py
[2026-03-09T00:22:03.194+0000] {processor.py:840} INFO - DAG(s) 'example_complex' retrieved from /home/airflow/.local/lib/python3.8/site-packages/airflow/example_dags/example_complex.py
[2026-03-09T00:22:03.277+0000] {logging_mixin.py:188} INFO - [2026-03-09T00:22:03.276+0000] {dag.py:3047} INFO - Sync 1 DAGs
[2026-03-09T00:22:03.310+0000] {logging_mixin.py:188} INFO - [2026-03-09T00:22:03.310+0000] {dag.py:3834} INFO - Setting next_dagrun for example_complex to None, run_after=None
[2026-03-09T00:22:03.355+0000] {processor.py:183} INFO - Processing /home/airflow/.local/lib/python3.8/site-packages/airflow/example_dags/example_complex.py took 0.208 seconds
[2026-03-09T00:22:37.932+0000] {processor.py:161} INFO - Started process (PID=2659) to work on /home/airflow/.local/lib/python3.8/site-packages/airflow/example_dags/example_complex.py
[2026-03-09T00:22:37.936+0000] {processor.py:830} INFO - Processing file /home/airflow/.local/lib/python3.8/site-packages/airflow/example_dags/example_complex.py for tasks to queue
[2026-03-09T00:22:37.948+0000] {logging_mixin.py:188} INFO - [2026-03-09T00:22:37.946+0000] {dagbag.py:540} INFO - Filling up the DagBag from /home/airflow/.local/lib/python3.8/site-packages/airflow/example_dags/example_complex.py
[2026-03-09T00:22:38.014+0000] {processor.py:840} INFO - DAG(s) 'example_complex' retrieved from /home/airflow/.local/lib/python3.8/site-packages/airflow/example_dags/example_complex.py
[2026-03-09T00:22:38.147+0000] {logging_mixin.py:188} INFO - [2026-03-09T00:22:38.146+0000] {dag.py:3047} INFO - Sync 1 DAGs
[2026-03-09T00:22:38.185+0000] {logging_mixin.py:188} INFO - [2026-03-09T00:22:38.185+0000] {dag.py:3834} INFO - Setting next_dagrun for example_complex to None, run_after=None
[2026-03-09T00:22:38.244+0000] {processor.py:183} INFO - Processing /home/airflow/.local/lib/python3.8/site-packages/airflow/example_dags/example_complex.py took 0.333 seconds
[2026-03-09T00:23:08.619+0000] {processor.py:161} INFO - Started process (PID=2715) to work on /home/airflow/.local/lib/python3.8/site-packages/airflow/example_dags/example_complex.py
[2026-03-09T00:23:08.624+0000] {processor.py:830} INFO - Processing file /home/airflow/.local/lib/python3.8/site-packages/airflow/example_dags/example_complex.py for tasks to queue
[2026-03-09T00:23:08.635+0000] {logging_mixin.py:188} INFO - [2026-03-09T00:23:08.633+0000] {dagbag.py:540} INFO - Filling up the DagBag from /home/airflow/.local/lib/python3.8/site-packages/airflow/example_dags/example_complex.py
[2026-03-09T00:23:08.697+0000] {processor.py:840} INFO - DAG(s) 'example_complex' retrieved from /home/airflow/.local/lib/python3.8/site-packages/airflow/example_dags/example_complex.py
[2026-03-09T00:23:08.829+0000] {logging_mixin.py:188} INFO - [2026-03-09T00:23:08.828+0000] {dag.py:3047} INFO - Sync 1 DAGs
[2026-03-09T00:23:08.877+0000] {logging_mixin.py:188} INFO - [2026-03-09T00:23:08.876+0000] {dag.py:3834} INFO - Setting next_dagrun for example_complex to None, run_after=None
[2026-03-09T00:23:08.944+0000] {processor.py:183} INFO - Processing /home/airflow/.local/lib/python3.8/site-packages/airflow/example_dags/example_complex.py took 0.343 seconds
[2026-03-09T00:23:39.562+0000] {processor.py:161} INFO - Started process (PID=2771) to work on /home/airflow/.local/lib/python3.8/site-packages/airflow/example_dags/example_complex.py
[2026-03-09T00:23:39.566+0000] {processor.py:830} INFO - Processing file /home/airflow/.local/lib/python3.8/site-packages/airflow/example_dags/example_complex.py for tasks to queue
[2026-03-09T00:23:39.572+0000] {logging_mixin.py:188} INFO - [2026-03-09T00:23:39.571+0000] {dagbag.py:540} INFO - Filling up the DagBag from /home/airflow/.local/lib/python3.8/site-packages/airflow/example_dags/example_complex.py
[2026-03-09T00:23:39.603+0000] {processor.py:840} INFO - DAG(s) 'example_complex' retrieved from /home/airflow/.local/lib/python3.8/site-packages/airflow/example_dags/example_complex.py
[2026-03-09T00:23:39.745+0000] {logging_mixin.py:188} INFO - [2026-03-09T00:23:39.744+0000] {dag.py:3047} INFO - Sync 1 DAGs
[2026-03-09T00:23:39.788+0000] {logging_mixin.py:188} INFO - [2026-03-09T00:23:39.788+0000] {dag.py:3834} INFO - Setting next_dagrun for example_complex to None, run_after=None
[2026-03-09T00:23:39.848+0000] {processor.py:183} INFO - Processing /home/airflow/.local/lib/python3.8/site-packages/airflow/example_dags/example_complex.py took 0.298 seconds
[2026-03-09T00:24:10.386+0000] {processor.py:161} INFO - Started process (PID=2827) to work on /home/airflow/.local/lib/python3.8/site-packages/airflow/example_dags/example_complex.py
[2026-03-09T00:24:10.390+0000] {processor.py:830} INFO - Processing file /home/airflow/.local/lib/python3.8/site-packages/airflow/example_dags/example_complex.py for tasks to queue
[2026-03-09T00:24:10.399+0000] {logging_mixin.py:188} INFO - [2026-03-09T00:24:10.397+0000] {dagbag.py:540} INFO - Filling up the DagBag from /home/airflow/.local/lib/python3.8/site-packages/airflow/example_dags/example_complex.py
[2026-03-09T00:24:10.451+0000] {processor.py:840} INFO - DAG(s) 'example_complex' retrieved from /home/airflow/.local/lib/python3.8/site-packages/airflow/example_dags/example_complex.py
[2026-03-09T00:24:10.555+0000] {logging_mixin.py:188} INFO - [2026-03-09T00:24:10.554+0000] {dag.py:3047} INFO - Sync 1 DAGs
[2026-03-09T00:24:10.605+0000] {logging_mixin.py:188} INFO - [2026-03-09T00:24:10.604+0000] {dag.py:3834} INFO - Setting next_dagrun for example_complex to None, run_after=None
[2026-03-09T00:24:10.689+0000] {processor.py:183} INFO - Processing /home/airflow/.local/lib/python3.8/site-packages/airflow/example_dags/example_complex.py took 0.318 seconds
[2026-03-09T00:24:41.577+0000] {processor.py:161} INFO - Started process (PID=2882) to work on /home/airflow/.local/lib/python3.8/site-packages/airflow/example_dags/example_complex.py
[2026-03-09T00:24:41.579+0000] {processor.py:830} INFO - Processing file /home/airflow/.local/lib/python3.8/site-packages/airflow/example_dags/example_complex.py for tasks to queue
[2026-03-09T00:24:41.585+0000] {logging_mixin.py:188} INFO - [2026-03-09T00:24:41.584+0000] {dagbag.py:540} INFO - Filling up the DagBag from /home/airflow/.local/lib/python3.8/site-packages/airflow/example_dags/example_complex.py
[2026-03-09T00:24:41.619+0000] {processor.py:840} INFO - DAG(s) 'example_complex' retrieved from /home/airflow/.local/lib/python3.8/site-packages/airflow/example_dags/example_complex.py
[2026-03-09T00:24:41.710+0000] {logging_mixin.py:188} INFO - [2026-03-09T00:24:41.709+0000] {dag.py:3047} INFO - Sync 1 DAGs
[2026-03-09T00:24:41.753+0000] {logging_mixin.py:188} INFO - [2026-03-09T00:24:41.753+0000] {dag.py:3834} INFO - Setting next_dagrun for example_complex to None, run_after=None
[2026-03-09T00:24:41.852+0000] {processor.py:183} INFO - Processing /home/airflow/.local/lib/python3.8/site-packages/airflow/example_dags/example_complex.py took 0.284 seconds
[2026-03-09T00:25:15.129+0000] {processor.py:161} INFO - Started process (PID=2936) to work on /home/airflow/.local/lib/python3.8/site-packages/airflow/example_dags/example_complex.py
[2026-03-09T00:25:15.172+0000] {processor.py:830} INFO - Processing file /home/airflow/.local/lib/python3.8/site-packages/airflow/example_dags/example_complex.py for tasks to queue
[2026-03-09T00:25:15.251+0000] {logging_mixin.py:188} INFO - [2026-03-09T00:25:15.249+0000] {dagbag.py:540} INFO - Filling up the DagBag from /home/airflow/.local/lib/python3.8/site-packages/airflow/example_dags/example_complex.py
[2026-03-09T00:25:15.469+0000] {processor.py:840} INFO - DAG(s) 'example_complex' retrieved from /home/airflow/.local/lib/python3.8/site-packages/airflow/example_dags/example_complex.py
[2026-03-09T00:25:15.802+0000] {logging_mixin.py:188} INFO - [2026-03-09T00:25:15.801+0000] {dag.py:3047} INFO - Sync 1 DAGs
[2026-03-09T00:25:15.896+0000] {logging_mixin.py:188} INFO - [2026-03-09T00:25:15.895+0000] {dag.py:3834} INFO - Setting next_dagrun for example_complex to None, run_after=None
[2026-03-09T00:25:16.116+0000] {processor.py:183} INFO - Processing /home/airflow/.local/lib/python3.8/site-packages/airflow/example_dags/example_complex.py took 1.092 seconds
[2026-03-09T00:25:46.819+0000] {processor.py:161} INFO - Started process (PID=2992) to work on /home/airflow/.local/lib/python3.8/site-packages/airflow/example_dags/example_complex.py
[2026-03-09T00:25:46.827+0000] {processor.py:830} INFO - Processing file /home/airflow/.local/lib/python3.8/site-packages/airflow/example_dags/example_complex.py for tasks to queue
[2026-03-09T00:25:46.842+0000] {logging_mixin.py:188} INFO - [2026-03-09T00:25:46.840+0000] {dagbag.py:540} INFO - Filling up the DagBag from /home/airflow/.local/lib/python3.8/site-packages/airflow/example_dags/example_complex.py
[2026-03-09T00:25:47.090+0000] {processor.py:840} INFO - DAG(s) 'example_complex' retrieved from /home/airflow/.local/lib/python3.8/site-packages/airflow/example_dags/example_complex.py
[2026-03-09T00:25:47.455+0000] {logging_mixin.py:188} INFO - [2026-03-09T00:25:47.454+0000] {dag.py:3047} INFO - Sync 1 DAGs
[2026-03-09T00:25:47.561+0000] {logging_mixin.py:188} INFO - [2026-03-09T00:25:47.560+0000] {dag.py:3834} INFO - Setting next_dagrun for example_complex to None, run_after=None
[2026-03-09T00:25:47.675+0000] {processor.py:183} INFO - Processing /home/airflow/.local/lib/python3.8/site-packages/airflow/example_dags/example_complex.py took 0.894 seconds
[2026-03-09T00:26:17.892+0000] {processor.py:161} INFO - Started process (PID=3048) to work on /home/airflow/.local/lib/python3.8/site-packages/airflow/example_dags/example_complex.py
[2026-03-09T00:26:17.895+0000] {processor.py:830} INFO - Processing file /home/airflow/.local/lib/python3.8/site-packages/airflow/example_dags/example_complex.py for tasks to queue
[2026-03-09T00:26:17.900+0000] {logging_mixin.py:188} INFO - [2026-03-09T00:26:17.899+0000] {dagbag.py:540} INFO - Filling up the DagBag from /home/airflow/.local/lib/python3.8/site-packages/airflow/example_dags/example_complex.py
[2026-03-09T00:26:17.941+0000] {processor.py:840} INFO - DAG(s) 'example_complex' retrieved from /home/airflow/.local/lib/python3.8/site-packages/airflow/example_dags/example_complex.py
[2026-03-09T00:26:18.029+0000] {logging_mixin.py:188} INFO - [2026-03-09T00:26:18.028+0000] {dag.py:3047} INFO - Sync 1 DAGs
[2026-03-09T00:26:18.063+0000] {logging_mixin.py:188} INFO - [2026-03-09T00:26:18.063+0000] {dag.py:3834} INFO - Setting next_dagrun for example_complex to None, run_after=None
[2026-03-09T00:26:18.161+0000] {processor.py:183} INFO - Processing /home/airflow/.local/lib/python3.8/site-packages/airflow/example_dags/example_complex.py took 0.277 seconds
[2026-03-09T00:26:48.941+0000] {processor.py:161} INFO - Started process (PID=3103) to work on /home/airflow/.local/lib/python3.8/site-packages/airflow/example_dags/example_complex.py
[2026-03-09T00:26:48.944+0000] {processor.py:830} INFO - Processing file /home/airflow/.local/lib/python3.8/site-packages/airflow/example_dags/example_complex.py for tasks to queue
[2026-03-09T00:26:48.950+0000] {logging_mixin.py:188} INFO - [2026-03-09T00:26:48.949+0000] {dagbag.py:540} INFO - Filling up the DagBag from /home/airflow/.local/lib/python3.8/site-packages/airflow/example_dags/example_complex.py
[2026-03-09T00:26:48.978+0000] {processor.py:840} INFO - DAG(s) 'example_complex' retrieved from /home/airflow/.local/lib/python3.8/site-packages/airflow/example_dags/example_complex.py
[2026-03-09T00:26:49.052+0000] {logging_mixin.py:188} INFO - [2026-03-09T00:26:49.052+0000] {dag.py:3047} INFO - Sync 1 DAGs
[2026-03-09T00:26:49.083+0000] {logging_mixin.py:188} INFO - [2026-03-09T00:26:49.083+0000] {dag.py:3834} INFO - Setting next_dagrun for example_complex to None, run_after=None
[2026-03-09T00:26:49.137+0000] {processor.py:183} INFO - Processing /home/airflow/.local/lib/python3.8/site-packages/airflow/example_dags/example_complex.py took 0.207 seconds
[2026-03-09T00:27:19.639+0000] {processor.py:161} INFO - Started process (PID=3158) to work on /home/airflow/.local/lib/python3.8/site-packages/airflow/example_dags/example_complex.py
[2026-03-09T00:27:19.649+0000] {processor.py:830} INFO - Processing file /home/airflow/.local/lib/python3.8/site-packages/airflow/example_dags/example_complex.py for tasks to queue
[2026-03-09T00:27:19.662+0000] {logging_mixin.py:188} INFO - [2026-03-09T00:27:19.661+0000] {dagbag.py:540} INFO - Filling up the DagBag from /home/airflow/.local/lib/python3.8/site-packages/airflow/example_dags/example_complex.py
[2026-03-09T00:27:19.740+0000] {processor.py:840} INFO - DAG(s) 'example_complex' retrieved from /home/airflow/.local/lib/python3.8/site-packages/airflow/example_dags/example_complex.py
[2026-03-09T00:27:19.931+0000] {logging_mixin.py:188} INFO - [2026-03-09T00:27:19.930+0000] {dag.py:3047} INFO - Sync 1 DAGs
[2026-03-09T00:27:19.979+0000] {logging_mixin.py:188} INFO - [2026-03-09T00:27:19.978+0000] {dag.py:3834} INFO - Setting next_dagrun for example_complex to None, run_after=None
[2026-03-09T00:27:20.084+0000] {processor.py:183} INFO - Processing /home/airflow/.local/lib/python3.8/site-packages/airflow/example_dags/example_complex.py took 0.470 seconds
[2026-03-09T00:27:50.649+0000] {processor.py:161} INFO - Started process (PID=3214) to work on /home/airflow/.local/lib/python3.8/site-packages/airflow/example_dags/example_complex.py
[2026-03-09T00:27:50.654+0000] {processor.py:830} INFO - Processing file /home/airflow/.local/lib/python3.8/site-packages/airflow/example_dags/example_complex.py for tasks to queue
[2026-03-09T00:27:50.663+0000] {logging_mixin.py:188} INFO - [2026-03-09T00:27:50.660+0000] {dagbag.py:540} INFO - Filling up the DagBag from /home/airflow/.local/lib/python3.8/site-packages/airflow/example_dags/example_complex.py
[2026-03-09T00:27:50.716+0000] {processor.py:840} INFO - DAG(s) 'example_complex' retrieved from /home/airflow/.local/lib/python3.8/site-packages/airflow/example_dags/example_complex.py
[2026-03-09T00:27:50.847+0000] {logging_mixin.py:188} INFO - [2026-03-09T00:27:50.846+0000] {dag.py:3047} INFO - Sync 1 DAGs
[2026-03-09T00:27:50.899+0000] {logging_mixin.py:188} INFO - [2026-03-09T00:27:50.899+0000] {dag.py:3834} INFO - Setting next_dagrun for example_complex to None, run_after=None
[2026-03-09T00:27:50.966+0000] {processor.py:183} INFO - Processing /home/airflow/.local/lib/python3.8/site-packages/airflow/example_dags/example_complex.py took 0.333 seconds
[2026-03-09T00:28:21.499+0000] {processor.py:161} INFO - Started process (PID=3270) to work on /home/airflow/.local/lib/python3.8/site-packages/airflow/example_dags/example_complex.py
[2026-03-09T00:28:21.504+0000] {processor.py:830} INFO - Processing file /home/airflow/.local/lib/python3.8/site-packages/airflow/example_dags/example_complex.py for tasks to queue
[2026-03-09T00:28:21.515+0000] {logging_mixin.py:188} INFO - [2026-03-09T00:28:21.513+0000] {dagbag.py:540} INFO - Filling up the DagBag from /home/airflow/.local/lib/python3.8/site-packages/airflow/example_dags/example_complex.py
[2026-03-09T00:28:21.575+0000] {processor.py:840} INFO - DAG(s) 'example_complex' retrieved from /home/airflow/.local/lib/python3.8/site-packages/airflow/example_dags/example_complex.py
[2026-03-09T00:28:21.685+0000] {logging_mixin.py:188} INFO - [2026-03-09T00:28:21.685+0000] {dag.py:3047} INFO - Sync 1 DAGs
[2026-03-09T00:28:21.726+0000] {logging_mixin.py:188} INFO - [2026-03-09T00:28:21.725+0000] {dag.py:3834} INFO - Setting next_dagrun for example_complex to None, run_after=None
[2026-03-09T00:28:21.794+0000] {processor.py:183} INFO - Processing /home/airflow/.local/lib/python3.8/site-packages/airflow/example_dags/example_complex.py took 0.322 seconds
[2026-03-09T00:28:52.026+0000] {processor.py:161} INFO - Started process (PID=3326) to work on /home/airflow/.local/lib/python3.8/site-packages/airflow/example_dags/example_complex.py
[2026-03-09T00:28:52.030+0000] {processor.py:830} INFO - Processing file /home/airflow/.local/lib/python3.8/site-packages/airflow/example_dags/example_complex.py for tasks to queue
[2026-03-09T00:28:52.036+0000] {logging_mixin.py:188} INFO - [2026-03-09T00:28:52.035+0000] {dagbag.py:540} INFO - Filling up the DagBag from /home/airflow/.local/lib/python3.8/site-packages/airflow/example_dags/example_complex.py
[2026-03-09T00:28:52.071+0000] {processor.py:840} INFO - DAG(s) 'example_complex' retrieved from /home/airflow/.local/lib/python3.8/site-packages/airflow/example_dags/example_complex.py
[2026-03-09T00:28:52.171+0000] {logging_mixin.py:188} INFO - [2026-03-09T00:28:52.171+0000] {dag.py:3047} INFO - Sync 1 DAGs
[2026-03-09T00:28:52.203+0000] {logging_mixin.py:188} INFO - [2026-03-09T00:28:52.202+0000] {dag.py:3834} INFO - Setting next_dagrun for example_complex to None, run_after=None
[2026-03-09T00:28:52.251+0000] {processor.py:183} INFO - Processing /home/airflow/.local/lib/python3.8/site-packages/airflow/example_dags/example_complex.py took 0.240 seconds
[2026-03-09T00:29:23.058+0000] {processor.py:161} INFO - Started process (PID=3382) to work on /home/airflow/.local/lib/python3.8/site-packages/airflow/example_dags/example_complex.py
[2026-03-09T00:29:23.065+0000] {processor.py:830} INFO - Processing file /home/airflow/.local/lib/python3.8/site-packages/airflow/example_dags/example_complex.py for tasks to queue
[2026-03-09T00:29:23.071+0000] {logging_mixin.py:188} INFO - [2026-03-09T00:29:23.071+0000] {dagbag.py:540} INFO - Filling up the DagBag from /home/airflow/.local/lib/python3.8/site-packages/airflow/example_dags/example_complex.py
[2026-03-09T00:29:23.114+0000] {processor.py:840} INFO - DAG(s) 'example_complex' retrieved from /home/airflow/.local/lib/python3.8/site-packages/airflow/example_dags/example_complex.py
[2026-03-09T00:29:23.218+0000] {logging_mixin.py:188} INFO - [2026-03-09T00:29:23.217+0000] {dag.py:3047} INFO - Sync 1 DAGs
[2026-03-09T00:29:23.271+0000] {logging_mixin.py:188} INFO - [2026-03-09T00:29:23.270+0000] {dag.py:3834} INFO - Setting next_dagrun for example_complex to None, run_after=None
[2026-03-09T00:29:23.357+0000] {processor.py:183} INFO - Processing /home/airflow/.local/lib/python3.8/site-packages/airflow/example_dags/example_complex.py took 0.311 seconds
[2026-03-09T00:29:56.159+0000] {processor.py:161} INFO - Started process (PID=3439) to work on /home/airflow/.local/lib/python3.8/site-packages/airflow/example_dags/example_complex.py
[2026-03-09T00:29:56.167+0000] {processor.py:830} INFO - Processing file /home/airflow/.local/lib/python3.8/site-packages/airflow/example_dags/example_complex.py for tasks to queue
[2026-03-09T00:29:56.183+0000] {logging_mixin.py:188} INFO - [2026-03-09T00:29:56.181+0000] {dagbag.py:540} INFO - Filling up the DagBag from /home/airflow/.local/lib/python3.8/site-packages/airflow/example_dags/example_complex.py
[2026-03-09T00:29:56.239+0000] {processor.py:840} INFO - DAG(s) 'example_complex' retrieved from /home/airflow/.local/lib/python3.8/site-packages/airflow/example_dags/example_complex.py
[2026-03-09T00:29:56.418+0000] {logging_mixin.py:188} INFO - [2026-03-09T00:29:56.417+0000] {dag.py:3047} INFO - Sync 1 DAGs
[2026-03-09T00:29:56.491+0000] {logging_mixin.py:188} INFO - [2026-03-09T00:29:56.489+0000] {dag.py:3834} INFO - Setting next_dagrun for example_complex to None, run_after=None
[2026-03-09T00:29:56.568+0000] {processor.py:183} INFO - Processing /home/airflow/.local/lib/python3.8/site-packages/airflow/example_dags/example_complex.py took 0.441 seconds
[2026-03-09T00:30:27.447+0000] {processor.py:161} INFO - Started process (PID=3495) to work on /home/airflow/.local/lib/python3.8/site-packages/airflow/example_dags/example_complex.py
[2026-03-09T00:30:27.459+0000] {processor.py:830} INFO - Processing file /home/airflow/.local/lib/python3.8/site-packages/airflow/example_dags/example_complex.py for tasks to queue
[2026-03-09T00:30:27.467+0000] {logging_mixin.py:188} INFO - [2026-03-09T00:30:27.465+0000] {dagbag.py:540} INFO - Filling up the DagBag from /home/airflow/.local/lib/python3.8/site-packages/airflow/example_dags/example_complex.py
[2026-03-09T00:30:27.559+0000] {processor.py:840} INFO - DAG(s) 'example_complex' retrieved from /home/airflow/.local/lib/python3.8/site-packages/airflow/example_dags/example_complex.py
[2026-03-09T00:30:27.776+0000] {logging_mixin.py:188} INFO - [2026-03-09T00:30:27.775+0000] {dag.py:3047} INFO - Sync 1 DAGs
[2026-03-09T00:30:27.853+0000] {logging_mixin.py:188} INFO - [2026-03-09T00:30:27.852+0000] {dag.py:3834} INFO - Setting next_dagrun for example_complex to None, run_after=None
[2026-03-09T00:30:27.954+0000] {processor.py:183} INFO - Processing /home/airflow/.local/lib/python3.8/site-packages/airflow/example_dags/example_complex.py took 0.528 seconds
[2026-03-09T00:30:58.408+0000] {processor.py:161} INFO - Started process (PID=3551) to work on /home/airflow/.local/lib/python3.8/site-packages/airflow/example_dags/example_complex.py
[2026-03-09T00:30:58.411+0000] {processor.py:830} INFO - Processing file /home/airflow/.local/lib/python3.8/site-packages/airflow/example_dags/example_complex.py for tasks to queue
[2026-03-09T00:30:58.418+0000] {logging_mixin.py:188} INFO - [2026-03-09T00:30:58.417+0000] {dagbag.py:540} INFO - Filling up the DagBag from /home/airflow/.local/lib/python3.8/site-packages/airflow/example_dags/example_complex.py
[2026-03-09T00:30:58.451+0000] {processor.py:840} INFO - DAG(s) 'example_complex' retrieved from /home/airflow/.local/lib/python3.8/site-packages/airflow/example_dags/example_complex.py
[2026-03-09T00:30:58.512+0000] {logging_mixin.py:188} INFO - [2026-03-09T00:30:58.511+0000] {dag.py:3047} INFO - Sync 1 DAGs
[2026-03-09T00:30:58.534+0000] {logging_mixin.py:188} INFO - [2026-03-09T00:30:58.533+0000] {dag.py:3834} INFO - Setting next_dagrun for example_complex to None, run_after=None
[2026-03-09T00:30:58.573+0000] {processor.py:183} INFO - Processing /home/airflow/.local/lib/python3.8/site-packages/airflow/example_dags/example_complex.py took 0.174 seconds
[2026-03-09T00:31:29.085+0000] {processor.py:161} INFO - Started process (PID=3607) to work on /home/airflow/.local/lib/python3.8/site-packages/airflow/example_dags/example_complex.py
[2026-03-09T00:31:29.090+0000] {processor.py:830} INFO - Processing file /home/airflow/.local/lib/python3.8/site-packages/airflow/example_dags/example_complex.py for tasks to queue
[2026-03-09T00:31:29.097+0000] {logging_mixin.py:188} INFO - [2026-03-09T00:31:29.096+0000] {dagbag.py:540} INFO - Filling up the DagBag from /home/airflow/.local/lib/python3.8/site-packages/airflow/example_dags/example_complex.py
[2026-03-09T00:31:29.138+0000] {processor.py:840} INFO - DAG(s) 'example_complex' retrieved from /home/airflow/.local/lib/python3.8/site-packages/airflow/example_dags/example_complex.py
[2026-03-09T00:31:29.278+0000] {logging_mixin.py:188} INFO - [2026-03-09T00:31:29.277+0000] {dag.py:3047} INFO - Sync 1 DAGs
[2026-03-09T00:31:29.325+0000] {logging_mixin.py:188} INFO - [2026-03-09T00:31:29.324+0000] {dag.py:3834} INFO - Setting next_dagrun for example_complex to None, run_after=None
[2026-03-09T00:31:29.397+0000] {processor.py:183} INFO - Processing /home/airflow/.local/lib/python3.8/site-packages/airflow/example_dags/example_complex.py took 0.328 seconds
[2026-03-09T00:32:00.319+0000] {processor.py:161} INFO - Started process (PID=3662) to work on /home/airflow/.local/lib/python3.8/site-packages/airflow/example_dags/example_complex.py
[2026-03-09T00:32:00.349+0000] {processor.py:830} INFO - Processing file /home/airflow/.local/lib/python3.8/site-packages/airflow/example_dags/example_complex.py for tasks to queue
[2026-03-09T00:32:00.381+0000] {logging_mixin.py:188} INFO - [2026-03-09T00:32:00.379+0000] {dagbag.py:540} INFO - Filling up the DagBag from /home/airflow/.local/lib/python3.8/site-packages/airflow/example_dags/example_complex.py
[2026-03-09T00:32:00.456+0000] {processor.py:840} INFO - DAG(s) 'example_complex' retrieved from /home/airflow/.local/lib/python3.8/site-packages/airflow/example_dags/example_complex.py
[2026-03-09T00:32:00.668+0000] {logging_mixin.py:188} INFO - [2026-03-09T00:32:00.668+0000] {dag.py:3047} INFO - Sync 1 DAGs
[2026-03-09T00:32:01.152+0000] {logging_mixin.py:188} INFO - [2026-03-09T00:32:01.151+0000] {dag.py:3834} INFO - Setting next_dagrun for example_complex to None, run_after=None
[2026-03-09T00:32:01.247+0000] {processor.py:183} INFO - Processing /home/airflow/.local/lib/python3.8/site-packages/airflow/example_dags/example_complex.py took 0.954 seconds
[2026-03-09T00:32:31.480+0000] {processor.py:161} INFO - Started process (PID=3717) to work on /home/airflow/.local/lib/python3.8/site-packages/airflow/example_dags/example_complex.py
[2026-03-09T00:32:31.485+0000] {processor.py:830} INFO - Processing file /home/airflow/.local/lib/python3.8/site-packages/airflow/example_dags/example_complex.py for tasks to queue
[2026-03-09T00:32:31.494+0000] {logging_mixin.py:188} INFO - [2026-03-09T00:32:31.492+0000] {dagbag.py:540} INFO - Filling up the DagBag from /home/airflow/.local/lib/python3.8/site-packages/airflow/example_dags/example_complex.py
[2026-03-09T00:32:31.539+0000] {processor.py:840} INFO - DAG(s) 'example_complex' retrieved from /home/airflow/.local/lib/python3.8/site-packages/airflow/example_dags/example_complex.py
[2026-03-09T00:32:31.666+0000] {logging_mixin.py:188} INFO - [2026-03-09T00:32:31.666+0000] {dag.py:3047} INFO - Sync 1 DAGs
[2026-03-09T00:32:31.703+0000] {logging_mixin.py:188} INFO - [2026-03-09T00:32:31.702+0000] {dag.py:3834} INFO - Setting next_dagrun for example_complex to None, run_after=None
[2026-03-09T00:32:31.773+0000] {processor.py:183} INFO - Processing /home/airflow/.local/lib/python3.8/site-packages/airflow/example_dags/example_complex.py took 0.310 seconds
[2026-03-09T00:33:02.608+0000] {processor.py:161} INFO - Started process (PID=3773) to work on /home/airflow/.local/lib/python3.8/site-packages/airflow/example_dags/example_complex.py
[2026-03-09T00:33:02.616+0000] {processor.py:830} INFO - Processing file /home/airflow/.local/lib/python3.8/site-packages/airflow/example_dags/example_complex.py for tasks to queue
[2026-03-09T00:33:02.627+0000] {logging_mixin.py:188} INFO - [2026-03-09T00:33:02.626+0000] {dagbag.py:540} INFO - Filling up the DagBag from /home/airflow/.local/lib/python3.8/site-packages/airflow/example_dags/example_complex.py
[2026-03-09T00:33:02.691+0000] {processor.py:840} INFO - DAG(s) 'example_complex' retrieved from /home/airflow/.local/lib/python3.8/site-packages/airflow/example_dags/example_complex.py
[2026-03-09T00:33:02.840+0000] {logging_mixin.py:188} INFO - [2026-03-09T00:33:02.839+0000] {dag.py:3047} INFO - Sync 1 DAGs
[2026-03-09T00:33:02.894+0000] {logging_mixin.py:188} INFO - [2026-03-09T00:33:02.893+0000] {dag.py:3834} INFO - Setting next_dagrun for example_complex to None, run_after=None
[2026-03-09T00:33:02.983+0000] {processor.py:183} INFO - Processing /home/airflow/.local/lib/python3.8/site-packages/airflow/example_dags/example_complex.py took 0.393 seconds
[2026-03-09T00:33:34.760+0000] {processor.py:161} INFO - Started process (PID=3830) to work on /home/airflow/.local/lib/python3.8/site-packages/airflow/example_dags/example_complex.py
[2026-03-09T00:33:34.762+0000] {processor.py:830} INFO - Processing file /home/airflow/.local/lib/python3.8/site-packages/airflow/example_dags/example_complex.py for tasks to queue
[2026-03-09T00:33:34.767+0000] {logging_mixin.py:188} INFO - [2026-03-09T00:33:34.766+0000] {dagbag.py:540} INFO - Filling up the DagBag from /home/airflow/.local/lib/python3.8/site-packages/airflow/example_dags/example_complex.py
[2026-03-09T00:33:34.790+0000] {processor.py:840} INFO - DAG(s) 'example_complex' retrieved from /home/airflow/.local/lib/python3.8/site-packages/airflow/example_dags/example_complex.py
[2026-03-09T00:33:34.874+0000] {logging_mixin.py:188} INFO - [2026-03-09T00:33:34.874+0000] {dag.py:3047} INFO - Sync 1 DAGs
[2026-03-09T00:33:34.904+0000] {logging_mixin.py:188} INFO - [2026-03-09T00:33:34.903+0000] {dag.py:3834} INFO - Setting next_dagrun for example_complex to None, run_after=None
[2026-03-09T00:33:34.962+0000] {processor.py:183} INFO - Processing /home/airflow/.local/lib/python3.8/site-packages/airflow/example_dags/example_complex.py took 0.208 seconds
[2026-03-09T00:34:08.938+0000] {processor.py:161} INFO - Started process (PID=3886) to work on /home/airflow/.local/lib/python3.8/site-packages/airflow/example_dags/example_complex.py
[2026-03-09T00:34:08.942+0000] {processor.py:830} INFO - Processing file /home/airflow/.local/lib/python3.8/site-packages/airflow/example_dags/example_complex.py for tasks to queue
[2026-03-09T00:34:08.950+0000] {logging_mixin.py:188} INFO - [2026-03-09T00:34:08.948+0000] {dagbag.py:540} INFO - Filling up the DagBag from /home/airflow/.local/lib/python3.8/site-packages/airflow/example_dags/example_complex.py
[2026-03-09T00:34:08.996+0000] {processor.py:840} INFO - DAG(s) 'example_complex' retrieved from /home/airflow/.local/lib/python3.8/site-packages/airflow/example_dags/example_complex.py
[2026-03-09T00:34:09.587+0000] {logging_mixin.py:188} INFO - [2026-03-09T00:34:09.586+0000] {dag.py:3047} INFO - Sync 1 DAGs
[2026-03-09T00:34:09.656+0000] {logging_mixin.py:188} INFO - [2026-03-09T00:34:09.655+0000] {dag.py:3834} INFO - Setting next_dagrun for example_complex to None, run_after=None
[2026-03-09T00:34:09.823+0000] {processor.py:183} INFO - Processing /home/airflow/.local/lib/python3.8/site-packages/airflow/example_dags/example_complex.py took 0.901 seconds
[2026-03-09T00:34:40.512+0000] {processor.py:161} INFO - Started process (PID=3941) to work on /home/airflow/.local/lib/python3.8/site-packages/airflow/example_dags/example_complex.py
[2026-03-09T00:34:40.526+0000] {processor.py:830} INFO - Processing file /home/airflow/.local/lib/python3.8/site-packages/airflow/example_dags/example_complex.py for tasks to queue
[2026-03-09T00:34:40.535+0000] {logging_mixin.py:188} INFO - [2026-03-09T00:34:40.534+0000] {dagbag.py:540} INFO - Filling up the DagBag from /home/airflow/.local/lib/python3.8/site-packages/airflow/example_dags/example_complex.py
[2026-03-09T00:34:40.589+0000] {processor.py:840} INFO - DAG(s) 'example_complex' retrieved from /home/airflow/.local/lib/python3.8/site-packages/airflow/example_dags/example_complex.py
[2026-03-09T00:34:40.726+0000] {logging_mixin.py:188} INFO - [2026-03-09T00:34:40.724+0000] {dag.py:3047} INFO - Sync 1 DAGs
[2026-03-09T00:34:41.295+0000] {logging_mixin.py:188} INFO - [2026-03-09T00:34:41.294+0000] {dag.py:3834} INFO - Setting next_dagrun for example_complex to None, run_after=None
[2026-03-09T00:34:41.369+0000] {processor.py:183} INFO - Processing /home/airflow/.local/lib/python3.8/site-packages/airflow/example_dags/example_complex.py took 0.874 seconds
[2026-03-09T00:35:11.721+0000] {processor.py:161} INFO - Started process (PID=3996) to work on /home/airflow/.local/lib/python3.8/site-packages/airflow/example_dags/example_complex.py
[2026-03-09T00:35:11.727+0000] {processor.py:830} INFO - Processing file /home/airflow/.local/lib/python3.8/site-packages/airflow/example_dags/example_complex.py for tasks to queue
[2026-03-09T00:35:11.738+0000] {logging_mixin.py:188} INFO - [2026-03-09T00:35:11.737+0000] {dagbag.py:540} INFO - Filling up the DagBag from /home/airflow/.local/lib/python3.8/site-packages/airflow/example_dags/example_complex.py
[2026-03-09T00:35:11.800+0000] {processor.py:840} INFO - DAG(s) 'example_complex' retrieved from /home/airflow/.local/lib/python3.8/site-packages/airflow/example_dags/example_complex.py
[2026-03-09T00:35:11.978+0000] {logging_mixin.py:188} INFO - [2026-03-09T00:35:11.977+0000] {dag.py:3047} INFO - Sync 1 DAGs
[2026-03-09T00:35:12.150+0000] {logging_mixin.py:188} INFO - [2026-03-09T00:35:12.150+0000] {dag.py:3834} INFO - Setting next_dagrun for example_complex to None, run_after=None
[2026-03-09T00:35:12.284+0000] {processor.py:183} INFO - Processing /home/airflow/.local/lib/python3.8/site-packages/airflow/example_dags/example_complex.py took 0.581 seconds
[2026-03-09T00:35:42.633+0000] {processor.py:161} INFO - Started process (PID=4052) to work on /home/airflow/.local/lib/python3.8/site-packages/airflow/example_dags/example_complex.py
[2026-03-09T00:35:42.636+0000] {processor.py:830} INFO - Processing file /home/airflow/.local/lib/python3.8/site-packages/airflow/example_dags/example_complex.py for tasks to queue
[2026-03-09T00:35:42.642+0000] {logging_mixin.py:188} INFO - [2026-03-09T00:35:42.642+0000] {dagbag.py:540} INFO - Filling up the DagBag from /home/airflow/.local/lib/python3.8/site-packages/airflow/example_dags/example_complex.py
[2026-03-09T00:35:42.681+0000] {processor.py:840} INFO - DAG(s) 'example_complex' retrieved from /home/airflow/.local/lib/python3.8/site-packages/airflow/example_dags/example_complex.py
[2026-03-09T00:35:42.801+0000] {logging_mixin.py:188} INFO - [2026-03-09T00:35:42.800+0000] {dag.py:3047} INFO - Sync 1 DAGs
[2026-03-09T00:35:42.848+0000] {logging_mixin.py:188} INFO - [2026-03-09T00:35:42.848+0000] {dag.py:3834} INFO - Setting next_dagrun for example_complex to None, run_after=None
[2026-03-09T00:35:42.912+0000] {processor.py:183} INFO - Processing /home/airflow/.local/lib/python3.8/site-packages/airflow/example_dags/example_complex.py took 0.291 seconds
[2026-03-09T00:36:13.024+0000] {processor.py:161} INFO - Started process (PID=4108) to work on /home/airflow/.local/lib/python3.8/site-packages/airflow/example_dags/example_complex.py
[2026-03-09T00:36:13.027+0000] {processor.py:830} INFO - Processing file /home/airflow/.local/lib/python3.8/site-packages/airflow/example_dags/example_complex.py for tasks to queue
[2026-03-09T00:36:13.032+0000] {logging_mixin.py:188} INFO - [2026-03-09T00:36:13.031+0000] {dagbag.py:540} INFO - Filling up the DagBag from /home/airflow/.local/lib/python3.8/site-packages/airflow/example_dags/example_complex.py
[2026-03-09T00:36:13.052+0000] {processor.py:840} INFO - DAG(s) 'example_complex' retrieved from /home/airflow/.local/lib/python3.8/site-packages/airflow/example_dags/example_complex.py
[2026-03-09T00:36:13.130+0000] {logging_mixin.py:188} INFO - [2026-03-09T00:36:13.130+0000] {dag.py:3047} INFO - Sync 1 DAGs
[2026-03-09T00:36:13.161+0000] {logging_mixin.py:188} INFO - [2026-03-09T00:36:13.160+0000] {dag.py:3834} INFO - Setting next_dagrun for example_complex to None, run_after=None
[2026-03-09T00:36:13.208+0000] {processor.py:183} INFO - Processing /home/airflow/.local/lib/python3.8/site-packages/airflow/example_dags/example_complex.py took 0.191 seconds
[2026-03-09T00:36:43.604+0000] {processor.py:161} INFO - Started process (PID=4164) to work on /home/airflow/.local/lib/python3.8/site-packages/airflow/example_dags/example_complex.py
[2026-03-09T00:36:43.607+0000] {processor.py:830} INFO - Processing file /home/airflow/.local/lib/python3.8/site-packages/airflow/example_dags/example_complex.py for tasks to queue
[2026-03-09T00:36:43.613+0000] {logging_mixin.py:188} INFO - [2026-03-09T00:36:43.612+0000] {dagbag.py:540} INFO - Filling up the DagBag from /home/airflow/.local/lib/python3.8/site-packages/airflow/example_dags/example_complex.py
[2026-03-09T00:36:43.654+0000] {processor.py:840} INFO - DAG(s) 'example_complex' retrieved from /home/airflow/.local/lib/python3.8/site-packages/airflow/example_dags/example_complex.py
[2026-03-09T00:36:43.782+0000] {logging_mixin.py:188} INFO - [2026-03-09T00:36:43.782+0000] {dag.py:3047} INFO - Sync 1 DAGs
[2026-03-09T00:36:43.833+0000] {logging_mixin.py:188} INFO - [2026-03-09T00:36:43.833+0000] {dag.py:3834} INFO - Setting next_dagrun for example_complex to None, run_after=None
[2026-03-09T00:36:43.897+0000] {processor.py:183} INFO - Processing /home/airflow/.local/lib/python3.8/site-packages/airflow/example_dags/example_complex.py took 0.303 seconds
[2026-03-09T00:37:14.381+0000] {processor.py:161} INFO - Started process (PID=4220) to work on /home/airflow/.local/lib/python3.8/site-packages/airflow/example_dags/example_complex.py
[2026-03-09T00:37:14.385+0000] {processor.py:830} INFO - Processing file /home/airflow/.local/lib/python3.8/site-packages/airflow/example_dags/example_complex.py for tasks to queue
[2026-03-09T00:37:14.394+0000] {logging_mixin.py:188} INFO - [2026-03-09T00:37:14.392+0000] {dagbag.py:540} INFO - Filling up the DagBag from /home/airflow/.local/lib/python3.8/site-packages/airflow/example_dags/example_complex.py
[2026-03-09T00:37:14.489+0000] {processor.py:840} INFO - DAG(s) 'example_complex' retrieved from /home/airflow/.local/lib/python3.8/site-packages/airflow/example_dags/example_complex.py
[2026-03-09T00:37:14.783+0000] {logging_mixin.py:188} INFO - [2026-03-09T00:37:14.783+0000] {dag.py:3047} INFO - Sync 1 DAGs
[2026-03-09T00:37:14.848+0000] {logging_mixin.py:188} INFO - [2026-03-09T00:37:14.847+0000] {dag.py:3834} INFO - Setting next_dagrun for example_complex to None, run_after=None
[2026-03-09T00:37:14.911+0000] {processor.py:183} INFO - Processing /home/airflow/.local/lib/python3.8/site-packages/airflow/example_dags/example_complex.py took 0.549 seconds
[2026-03-09T00:37:45.312+0000] {processor.py:161} INFO - Started process (PID=4276) to work on /home/airflow/.local/lib/python3.8/site-packages/airflow/example_dags/example_complex.py
[2026-03-09T00:37:45.316+0000] {processor.py:830} INFO - Processing file /home/airflow/.local/lib/python3.8/site-packages/airflow/example_dags/example_complex.py for tasks to queue
[2026-03-09T00:37:45.323+0000] {logging_mixin.py:188} INFO - [2026-03-09T00:37:45.321+0000] {dagbag.py:540} INFO - Filling up the DagBag from /home/airflow/.local/lib/python3.8/site-packages/airflow/example_dags/example_complex.py
[2026-03-09T00:37:45.387+0000] {processor.py:840} INFO - DAG(s) 'example_complex' retrieved from /home/airflow/.local/lib/python3.8/site-packages/airflow/example_dags/example_complex.py
[2026-03-09T00:37:45.612+0000] {logging_mixin.py:188} INFO - [2026-03-09T00:37:45.612+0000] {dag.py:3047} INFO - Sync 1 DAGs
[2026-03-09T00:37:45.663+0000] {logging_mixin.py:188} INFO - [2026-03-09T00:37:45.662+0000] {dag.py:3834} INFO - Setting next_dagrun for example_complex to None, run_after=None
[2026-03-09T00:37:45.749+0000] {processor.py:183} INFO - Processing /home/airflow/.local/lib/python3.8/site-packages/airflow/example_dags/example_complex.py took 0.453 seconds
[2026-03-09T00:38:16.786+0000] {processor.py:161} INFO - Started process (PID=4333) to work on /home/airflow/.local/lib/python3.8/site-packages/airflow/example_dags/example_complex.py
[2026-03-09T00:38:16.790+0000] {processor.py:830} INFO - Processing file /home/airflow/.local/lib/python3.8/site-packages/airflow/example_dags/example_complex.py for tasks to queue
[2026-03-09T00:38:16.804+0000] {logging_mixin.py:188} INFO - [2026-03-09T00:38:16.803+0000] {dagbag.py:540} INFO - Filling up the DagBag from /home/airflow/.local/lib/python3.8/site-packages/airflow/example_dags/example_complex.py
[2026-03-09T00:38:16.881+0000] {processor.py:840} INFO - DAG(s) 'example_complex' retrieved from /home/airflow/.local/lib/python3.8/site-packages/airflow/example_dags/example_complex.py
[2026-03-09T00:38:17.197+0000] {logging_mixin.py:188} INFO - [2026-03-09T00:38:17.197+0000] {dag.py:3047} INFO - Sync 1 DAGs
[2026-03-09T00:38:17.265+0000] {logging_mixin.py:188} INFO - [2026-03-09T00:38:17.264+0000] {dag.py:3834} INFO - Setting next_dagrun for example_complex to None, run_after=None
[2026-03-09T00:38:17.360+0000] {processor.py:183} INFO - Processing /home/airflow/.local/lib/python3.8/site-packages/airflow/example_dags/example_complex.py took 0.604 seconds
[2026-03-09T00:38:48.409+0000] {processor.py:161} INFO - Started process (PID=4389) to work on /home/airflow/.local/lib/python3.8/site-packages/airflow/example_dags/example_complex.py
[2026-03-09T00:38:48.413+0000] {processor.py:830} INFO - Processing file /home/airflow/.local/lib/python3.8/site-packages/airflow/example_dags/example_complex.py for tasks to queue
[2026-03-09T00:38:48.422+0000] {logging_mixin.py:188} INFO - [2026-03-09T00:38:48.421+0000] {dagbag.py:540} INFO - Filling up the DagBag from /home/airflow/.local/lib/python3.8/site-packages/airflow/example_dags/example_complex.py
[2026-03-09T00:38:48.489+0000] {processor.py:840} INFO - DAG(s) 'example_complex' retrieved from /home/airflow/.local/lib/python3.8/site-packages/airflow/example_dags/example_complex.py
[2026-03-09T00:38:48.642+0000] {logging_mixin.py:188} INFO - [2026-03-09T00:38:48.641+0000] {dag.py:3047} INFO - Sync 1 DAGs
[2026-03-09T00:38:48.687+0000] {logging_mixin.py:188} INFO - [2026-03-09T00:38:48.687+0000] {dag.py:3834} INFO - Setting next_dagrun for example_complex to None, run_after=None
[2026-03-09T00:38:48.762+0000] {processor.py:183} INFO - Processing /home/airflow/.local/lib/python3.8/site-packages/airflow/example_dags/example_complex.py took 0.370 seconds
