[2026-03-09T00:00:22.833+0000] {processor.py:161} INFO - Started process (PID=277) to work on /home/airflow/.local/lib/python3.8/site-packages/airflow/example_dags/example_params_trigger_ui.py
[2026-03-09T00:00:22.837+0000] {processor.py:830} INFO - Processing file /home/airflow/.local/lib/python3.8/site-packages/airflow/example_dags/example_params_trigger_ui.py for tasks to queue
[2026-03-09T00:00:22.847+0000] {logging_mixin.py:188} INFO - [2026-03-09T00:00:22.846+0000] {dagbag.py:540} INFO - Filling up the DagBag from /home/airflow/.local/lib/python3.8/site-packages/airflow/example_dags/example_params_trigger_ui.py
[2026-03-09T00:00:22.934+0000] {processor.py:840} INFO - DAG(s) 'example_params_trigger_ui' retrieved from /home/airflow/.local/lib/python3.8/site-packages/airflow/example_dags/example_params_trigger_ui.py
[2026-03-09T00:00:23.561+0000] {logging_mixin.py:188} INFO - [2026-03-09T00:00:23.560+0000] {dag.py:3047} INFO - Sync 1 DAGs
[2026-03-09T00:00:23.622+0000] {logging_mixin.py:188} INFO - [2026-03-09T00:00:23.622+0000] {dag.py:3834} INFO - Setting next_dagrun for example_params_trigger_ui to None, run_after=None
[2026-03-09T00:00:23.739+0000] {processor.py:183} INFO - Processing /home/airflow/.local/lib/python3.8/site-packages/airflow/example_dags/example_params_trigger_ui.py took 0.918 seconds
[2026-03-09T00:00:54.323+0000] {processor.py:161} INFO - Started process (PID=332) to work on /home/airflow/.local/lib/python3.8/site-packages/airflow/example_dags/example_params_trigger_ui.py
[2026-03-09T00:00:54.326+0000] {processor.py:830} INFO - Processing file /home/airflow/.local/lib/python3.8/site-packages/airflow/example_dags/example_params_trigger_ui.py for tasks to queue
[2026-03-09T00:00:54.333+0000] {logging_mixin.py:188} INFO - [2026-03-09T00:00:54.332+0000] {dagbag.py:540} INFO - Filling up the DagBag from /home/airflow/.local/lib/python3.8/site-packages/airflow/example_dags/example_params_trigger_ui.py
[2026-03-09T00:00:54.372+0000] {processor.py:840} INFO - DAG(s) 'example_params_trigger_ui' retrieved from /home/airflow/.local/lib/python3.8/site-packages/airflow/example_dags/example_params_trigger_ui.py
[2026-03-09T00:00:54.581+0000] {logging_mixin.py:188} INFO - [2026-03-09T00:00:54.580+0000] {dag.py:3047} INFO - Sync 1 DAGs
[2026-03-09T00:00:54.626+0000] {logging_mixin.py:188} INFO - [2026-03-09T00:00:54.626+0000] {dag.py:3834} INFO - Setting next_dagrun for example_params_trigger_ui to None, run_after=None
[2026-03-09T00:00:54.744+0000] {processor.py:183} INFO - Processing /home/airflow/.local/lib/python3.8/site-packages/airflow/example_dags/example_params_trigger_ui.py took 0.429 seconds
[2026-03-09T00:01:26.622+0000] {processor.py:161} INFO - Started process (PID=386) to work on /home/airflow/.local/lib/python3.8/site-packages/airflow/example_dags/example_params_trigger_ui.py
[2026-03-09T00:01:26.643+0000] {processor.py:830} INFO - Processing file /home/airflow/.local/lib/python3.8/site-packages/airflow/example_dags/example_params_trigger_ui.py for tasks to queue
[2026-03-09T00:01:26.698+0000] {logging_mixin.py:188} INFO - [2026-03-09T00:01:26.695+0000] {dagbag.py:540} INFO - Filling up the DagBag from /home/airflow/.local/lib/python3.8/site-packages/airflow/example_dags/example_params_trigger_ui.py
[2026-03-09T00:01:26.971+0000] {processor.py:840} INFO - DAG(s) 'example_params_trigger_ui' retrieved from /home/airflow/.local/lib/python3.8/site-packages/airflow/example_dags/example_params_trigger_ui.py
[2026-03-09T00:01:27.580+0000] {logging_mixin.py:188} INFO - [2026-03-09T00:01:27.579+0000] {dag.py:3047} INFO - Sync 1 DAGs
[2026-03-09T00:01:27.711+0000] {logging_mixin.py:188} INFO - [2026-03-09T00:01:27.708+0000] {dag.py:3834} INFO - Setting next_dagrun for example_params_trigger_ui to None, run_after=None
[2026-03-09T00:01:28.072+0000] {processor.py:183} INFO - Processing /home/airflow/.local/lib/python3.8/site-packages/airflow/example_dags/example_params_trigger_ui.py took 1.538 seconds
[2026-03-09T00:01:58.272+0000] {processor.py:161} INFO - Started process (PID=441) to work on /home/airflow/.local/lib/python3.8/site-packages/airflow/example_dags/example_params_trigger_ui.py
[2026-03-09T00:01:58.275+0000] {processor.py:830} INFO - Processing file /home/airflow/.local/lib/python3.8/site-packages/airflow/example_dags/example_params_trigger_ui.py for tasks to queue
[2026-03-09T00:01:58.281+0000] {logging_mixin.py:188} INFO - [2026-03-09T00:01:58.280+0000] {dagbag.py:540} INFO - Filling up the DagBag from /home/airflow/.local/lib/python3.8/site-packages/airflow/example_dags/example_params_trigger_ui.py
[2026-03-09T00:01:58.319+0000] {processor.py:840} INFO - DAG(s) 'example_params_trigger_ui' retrieved from /home/airflow/.local/lib/python3.8/site-packages/airflow/example_dags/example_params_trigger_ui.py
[2026-03-09T00:01:58.474+0000] {logging_mixin.py:188} INFO - [2026-03-09T00:01:58.473+0000] {dag.py:3047} INFO - Sync 1 DAGs
[2026-03-09T00:01:58.526+0000] {logging_mixin.py:188} INFO - [2026-03-09T00:01:58.525+0000] {dag.py:3834} INFO - Setting next_dagrun for example_params_trigger_ui to None, run_after=None
[2026-03-09T00:01:58.613+0000] {processor.py:183} INFO - Processing /home/airflow/.local/lib/python3.8/site-packages/airflow/example_dags/example_params_trigger_ui.py took 0.351 seconds
[2026-03-09T00:02:29.026+0000] {processor.py:161} INFO - Started process (PID=497) to work on /home/airflow/.local/lib/python3.8/site-packages/airflow/example_dags/example_params_trigger_ui.py
[2026-03-09T00:02:29.032+0000] {processor.py:830} INFO - Processing file /home/airflow/.local/lib/python3.8/site-packages/airflow/example_dags/example_params_trigger_ui.py for tasks to queue
[2026-03-09T00:02:29.042+0000] {logging_mixin.py:188} INFO - [2026-03-09T00:02:29.040+0000] {dagbag.py:540} INFO - Filling up the DagBag from /home/airflow/.local/lib/python3.8/site-packages/airflow/example_dags/example_params_trigger_ui.py
[2026-03-09T00:02:29.117+0000] {processor.py:840} INFO - DAG(s) 'example_params_trigger_ui' retrieved from /home/airflow/.local/lib/python3.8/site-packages/airflow/example_dags/example_params_trigger_ui.py
[2026-03-09T00:02:29.336+0000] {logging_mixin.py:188} INFO - [2026-03-09T00:02:29.335+0000] {dag.py:3047} INFO - Sync 1 DAGs
[2026-03-09T00:02:29.377+0000] {logging_mixin.py:188} INFO - [2026-03-09T00:02:29.376+0000] {dag.py:3834} INFO - Setting next_dagrun for example_params_trigger_ui to None, run_after=None
[2026-03-09T00:02:29.427+0000] {processor.py:183} INFO - Processing /home/airflow/.local/lib/python3.8/site-packages/airflow/example_dags/example_params_trigger_ui.py took 0.420 seconds
[2026-03-09T00:02:59.973+0000] {processor.py:161} INFO - Started process (PID=552) to work on /home/airflow/.local/lib/python3.8/site-packages/airflow/example_dags/example_params_trigger_ui.py
[2026-03-09T00:02:59.981+0000] {processor.py:830} INFO - Processing file /home/airflow/.local/lib/python3.8/site-packages/airflow/example_dags/example_params_trigger_ui.py for tasks to queue
[2026-03-09T00:02:59.998+0000] {logging_mixin.py:188} INFO - [2026-03-09T00:02:59.989+0000] {dagbag.py:540} INFO - Filling up the DagBag from /home/airflow/.local/lib/python3.8/site-packages/airflow/example_dags/example_params_trigger_ui.py
[2026-03-09T00:03:00.101+0000] {processor.py:840} INFO - DAG(s) 'example_params_trigger_ui' retrieved from /home/airflow/.local/lib/python3.8/site-packages/airflow/example_dags/example_params_trigger_ui.py
[2026-03-09T00:03:00.500+0000] {logging_mixin.py:188} INFO - [2026-03-09T00:03:00.499+0000] {dag.py:3047} INFO - Sync 1 DAGs
[2026-03-09T00:03:00.600+0000] {logging_mixin.py:188} INFO - [2026-03-09T00:03:00.599+0000] {dag.py:3834} INFO - Setting next_dagrun for example_params_trigger_ui to None, run_after=None
[2026-03-09T00:03:00.743+0000] {processor.py:183} INFO - Processing /home/airflow/.local/lib/python3.8/site-packages/airflow/example_dags/example_params_trigger_ui.py took 0.793 seconds
[2026-03-09T00:03:30.907+0000] {processor.py:161} INFO - Started process (PID=607) to work on /home/airflow/.local/lib/python3.8/site-packages/airflow/example_dags/example_params_trigger_ui.py
[2026-03-09T00:03:30.911+0000] {processor.py:830} INFO - Processing file /home/airflow/.local/lib/python3.8/site-packages/airflow/example_dags/example_params_trigger_ui.py for tasks to queue
[2026-03-09T00:03:30.926+0000] {logging_mixin.py:188} INFO - [2026-03-09T00:03:30.925+0000] {dagbag.py:540} INFO - Filling up the DagBag from /home/airflow/.local/lib/python3.8/site-packages/airflow/example_dags/example_params_trigger_ui.py
[2026-03-09T00:03:31.021+0000] {processor.py:840} INFO - DAG(s) 'example_params_trigger_ui' retrieved from /home/airflow/.local/lib/python3.8/site-packages/airflow/example_dags/example_params_trigger_ui.py
[2026-03-09T00:03:31.171+0000] {logging_mixin.py:188} INFO - [2026-03-09T00:03:31.170+0000] {dag.py:3047} INFO - Sync 1 DAGs
[2026-03-09T00:03:31.210+0000] {logging_mixin.py:188} INFO - [2026-03-09T00:03:31.210+0000] {dag.py:3834} INFO - Setting next_dagrun for example_params_trigger_ui to None, run_after=None
[2026-03-09T00:03:31.253+0000] {processor.py:183} INFO - Processing /home/airflow/.local/lib/python3.8/site-packages/airflow/example_dags/example_params_trigger_ui.py took 0.358 seconds
[2026-03-09T00:04:01.971+0000] {processor.py:161} INFO - Started process (PID=662) to work on /home/airflow/.local/lib/python3.8/site-packages/airflow/example_dags/example_params_trigger_ui.py
[2026-03-09T00:04:01.976+0000] {processor.py:830} INFO - Processing file /home/airflow/.local/lib/python3.8/site-packages/airflow/example_dags/example_params_trigger_ui.py for tasks to queue
[2026-03-09T00:04:01.985+0000] {logging_mixin.py:188} INFO - [2026-03-09T00:04:01.984+0000] {dagbag.py:540} INFO - Filling up the DagBag from /home/airflow/.local/lib/python3.8/site-packages/airflow/example_dags/example_params_trigger_ui.py
[2026-03-09T00:04:02.079+0000] {processor.py:840} INFO - DAG(s) 'example_params_trigger_ui' retrieved from /home/airflow/.local/lib/python3.8/site-packages/airflow/example_dags/example_params_trigger_ui.py
[2026-03-09T00:04:02.375+0000] {logging_mixin.py:188} INFO - [2026-03-09T00:04:02.375+0000] {dag.py:3047} INFO - Sync 1 DAGs
[2026-03-09T00:04:02.439+0000] {logging_mixin.py:188} INFO - [2026-03-09T00:04:02.438+0000] {dag.py:3834} INFO - Setting next_dagrun for example_params_trigger_ui to None, run_after=None
[2026-03-09T00:04:02.532+0000] {processor.py:183} INFO - Processing /home/airflow/.local/lib/python3.8/site-packages/airflow/example_dags/example_params_trigger_ui.py took 0.583 seconds
[2026-03-09T00:04:33.130+0000] {processor.py:161} INFO - Started process (PID=717) to work on /home/airflow/.local/lib/python3.8/site-packages/airflow/example_dags/example_params_trigger_ui.py
[2026-03-09T00:04:33.134+0000] {processor.py:830} INFO - Processing file /home/airflow/.local/lib/python3.8/site-packages/airflow/example_dags/example_params_trigger_ui.py for tasks to queue
[2026-03-09T00:04:33.142+0000] {logging_mixin.py:188} INFO - [2026-03-09T00:04:33.140+0000] {dagbag.py:540} INFO - Filling up the DagBag from /home/airflow/.local/lib/python3.8/site-packages/airflow/example_dags/example_params_trigger_ui.py
[2026-03-09T00:04:33.188+0000] {processor.py:840} INFO - DAG(s) 'example_params_trigger_ui' retrieved from /home/airflow/.local/lib/python3.8/site-packages/airflow/example_dags/example_params_trigger_ui.py
[2026-03-09T00:04:33.305+0000] {logging_mixin.py:188} INFO - [2026-03-09T00:04:33.305+0000] {dag.py:3047} INFO - Sync 1 DAGs
[2026-03-09T00:04:33.334+0000] {logging_mixin.py:188} INFO - [2026-03-09T00:04:33.334+0000] {dag.py:3834} INFO - Setting next_dagrun for example_params_trigger_ui to None, run_after=None
[2026-03-09T00:04:33.389+0000] {processor.py:183} INFO - Processing /home/airflow/.local/lib/python3.8/site-packages/airflow/example_dags/example_params_trigger_ui.py took 0.272 seconds
[2026-03-09T00:05:03.971+0000] {processor.py:161} INFO - Started process (PID=772) to work on /home/airflow/.local/lib/python3.8/site-packages/airflow/example_dags/example_params_trigger_ui.py
[2026-03-09T00:05:03.975+0000] {processor.py:830} INFO - Processing file /home/airflow/.local/lib/python3.8/site-packages/airflow/example_dags/example_params_trigger_ui.py for tasks to queue
[2026-03-09T00:05:03.982+0000] {logging_mixin.py:188} INFO - [2026-03-09T00:05:03.980+0000] {dagbag.py:540} INFO - Filling up the DagBag from /home/airflow/.local/lib/python3.8/site-packages/airflow/example_dags/example_params_trigger_ui.py
[2026-03-09T00:05:04.023+0000] {processor.py:840} INFO - DAG(s) 'example_params_trigger_ui' retrieved from /home/airflow/.local/lib/python3.8/site-packages/airflow/example_dags/example_params_trigger_ui.py
[2026-03-09T00:05:04.230+0000] {logging_mixin.py:188} INFO - [2026-03-09T00:05:04.229+0000] {dag.py:3047} INFO - Sync 1 DAGs
[2026-03-09T00:05:04.271+0000] {logging_mixin.py:188} INFO - [2026-03-09T00:05:04.270+0000] {dag.py:3834} INFO - Setting next_dagrun for example_params_trigger_ui to None, run_after=None
[2026-03-09T00:05:04.342+0000] {processor.py:183} INFO - Processing /home/airflow/.local/lib/python3.8/site-packages/airflow/example_dags/example_params_trigger_ui.py took 0.383 seconds
[2026-03-09T00:05:34.613+0000] {processor.py:161} INFO - Started process (PID=821) to work on /home/airflow/.local/lib/python3.8/site-packages/airflow/example_dags/example_params_trigger_ui.py
[2026-03-09T00:05:34.617+0000] {processor.py:830} INFO - Processing file /home/airflow/.local/lib/python3.8/site-packages/airflow/example_dags/example_params_trigger_ui.py for tasks to queue
[2026-03-09T00:05:34.621+0000] {logging_mixin.py:188} INFO - [2026-03-09T00:05:34.620+0000] {dagbag.py:540} INFO - Filling up the DagBag from /home/airflow/.local/lib/python3.8/site-packages/airflow/example_dags/example_params_trigger_ui.py
[2026-03-09T00:05:34.655+0000] {processor.py:840} INFO - DAG(s) 'example_params_trigger_ui' retrieved from /home/airflow/.local/lib/python3.8/site-packages/airflow/example_dags/example_params_trigger_ui.py
[2026-03-09T00:05:34.792+0000] {logging_mixin.py:188} INFO - [2026-03-09T00:05:34.791+0000] {dag.py:3047} INFO - Sync 1 DAGs
[2026-03-09T00:05:34.825+0000] {logging_mixin.py:188} INFO - [2026-03-09T00:05:34.824+0000] {dag.py:3834} INFO - Setting next_dagrun for example_params_trigger_ui to None, run_after=None
[2026-03-09T00:05:34.888+0000] {processor.py:183} INFO - Processing /home/airflow/.local/lib/python3.8/site-packages/airflow/example_dags/example_params_trigger_ui.py took 0.284 seconds
[2026-03-09T00:06:05.647+0000] {processor.py:161} INFO - Started process (PID=877) to work on /home/airflow/.local/lib/python3.8/site-packages/airflow/example_dags/example_params_trigger_ui.py
[2026-03-09T00:06:05.652+0000] {processor.py:830} INFO - Processing file /home/airflow/.local/lib/python3.8/site-packages/airflow/example_dags/example_params_trigger_ui.py for tasks to queue
[2026-03-09T00:06:05.660+0000] {logging_mixin.py:188} INFO - [2026-03-09T00:06:05.659+0000] {dagbag.py:540} INFO - Filling up the DagBag from /home/airflow/.local/lib/python3.8/site-packages/airflow/example_dags/example_params_trigger_ui.py
[2026-03-09T00:06:05.735+0000] {processor.py:840} INFO - DAG(s) 'example_params_trigger_ui' retrieved from /home/airflow/.local/lib/python3.8/site-packages/airflow/example_dags/example_params_trigger_ui.py
[2026-03-09T00:06:05.876+0000] {logging_mixin.py:188} INFO - [2026-03-09T00:06:05.876+0000] {dag.py:3047} INFO - Sync 1 DAGs
[2026-03-09T00:06:05.918+0000] {logging_mixin.py:188} INFO - [2026-03-09T00:06:05.917+0000] {dag.py:3834} INFO - Setting next_dagrun for example_params_trigger_ui to None, run_after=None
[2026-03-09T00:06:05.976+0000] {processor.py:183} INFO - Processing /home/airflow/.local/lib/python3.8/site-packages/airflow/example_dags/example_params_trigger_ui.py took 0.341 seconds
[2026-03-09T00:06:38.789+0000] {processor.py:161} INFO - Started process (PID=939) to work on /home/airflow/.local/lib/python3.8/site-packages/airflow/example_dags/example_params_trigger_ui.py
[2026-03-09T00:06:38.793+0000] {processor.py:830} INFO - Processing file /home/airflow/.local/lib/python3.8/site-packages/airflow/example_dags/example_params_trigger_ui.py for tasks to queue
[2026-03-09T00:06:38.805+0000] {logging_mixin.py:188} INFO - [2026-03-09T00:06:38.803+0000] {dagbag.py:540} INFO - Filling up the DagBag from /home/airflow/.local/lib/python3.8/site-packages/airflow/example_dags/example_params_trigger_ui.py
[2026-03-09T00:06:38.890+0000] {processor.py:840} INFO - DAG(s) 'example_params_trigger_ui' retrieved from /home/airflow/.local/lib/python3.8/site-packages/airflow/example_dags/example_params_trigger_ui.py
[2026-03-09T00:06:39.222+0000] {logging_mixin.py:188} INFO - [2026-03-09T00:06:39.221+0000] {dag.py:3047} INFO - Sync 1 DAGs
[2026-03-09T00:06:39.273+0000] {logging_mixin.py:188} INFO - [2026-03-09T00:06:39.272+0000] {dag.py:3834} INFO - Setting next_dagrun for example_params_trigger_ui to None, run_after=None
[2026-03-09T00:06:39.382+0000] {processor.py:183} INFO - Processing /home/airflow/.local/lib/python3.8/site-packages/airflow/example_dags/example_params_trigger_ui.py took 0.629 seconds
[2026-03-09T00:07:09.838+0000] {processor.py:161} INFO - Started process (PID=994) to work on /home/airflow/.local/lib/python3.8/site-packages/airflow/example_dags/example_params_trigger_ui.py
[2026-03-09T00:07:09.843+0000] {processor.py:830} INFO - Processing file /home/airflow/.local/lib/python3.8/site-packages/airflow/example_dags/example_params_trigger_ui.py for tasks to queue
[2026-03-09T00:07:09.849+0000] {logging_mixin.py:188} INFO - [2026-03-09T00:07:09.848+0000] {dagbag.py:540} INFO - Filling up the DagBag from /home/airflow/.local/lib/python3.8/site-packages/airflow/example_dags/example_params_trigger_ui.py
[2026-03-09T00:07:09.903+0000] {processor.py:840} INFO - DAG(s) 'example_params_trigger_ui' retrieved from /home/airflow/.local/lib/python3.8/site-packages/airflow/example_dags/example_params_trigger_ui.py
[2026-03-09T00:07:10.235+0000] {logging_mixin.py:188} INFO - [2026-03-09T00:07:10.235+0000] {dag.py:3047} INFO - Sync 1 DAGs
[2026-03-09T00:07:10.299+0000] {logging_mixin.py:188} INFO - [2026-03-09T00:07:10.298+0000] {dag.py:3834} INFO - Setting next_dagrun for example_params_trigger_ui to None, run_after=None
[2026-03-09T00:07:10.380+0000] {processor.py:183} INFO - Processing /home/airflow/.local/lib/python3.8/site-packages/airflow/example_dags/example_params_trigger_ui.py took 0.556 seconds
[2026-03-09T00:07:40.629+0000] {processor.py:161} INFO - Started process (PID=1050) to work on /home/airflow/.local/lib/python3.8/site-packages/airflow/example_dags/example_params_trigger_ui.py
[2026-03-09T00:07:40.633+0000] {processor.py:830} INFO - Processing file /home/airflow/.local/lib/python3.8/site-packages/airflow/example_dags/example_params_trigger_ui.py for tasks to queue
[2026-03-09T00:07:40.641+0000] {logging_mixin.py:188} INFO - [2026-03-09T00:07:40.640+0000] {dagbag.py:540} INFO - Filling up the DagBag from /home/airflow/.local/lib/python3.8/site-packages/airflow/example_dags/example_params_trigger_ui.py
[2026-03-09T00:07:40.730+0000] {processor.py:840} INFO - DAG(s) 'example_params_trigger_ui' retrieved from /home/airflow/.local/lib/python3.8/site-packages/airflow/example_dags/example_params_trigger_ui.py
[2026-03-09T00:07:40.895+0000] {logging_mixin.py:188} INFO - [2026-03-09T00:07:40.895+0000] {dag.py:3047} INFO - Sync 1 DAGs
[2026-03-09T00:07:40.927+0000] {logging_mixin.py:188} INFO - [2026-03-09T00:07:40.927+0000] {dag.py:3834} INFO - Setting next_dagrun for example_params_trigger_ui to None, run_after=None
[2026-03-09T00:07:40.981+0000] {processor.py:183} INFO - Processing /home/airflow/.local/lib/python3.8/site-packages/airflow/example_dags/example_params_trigger_ui.py took 0.366 seconds
[2026-03-09T00:08:11.603+0000] {processor.py:161} INFO - Started process (PID=1105) to work on /home/airflow/.local/lib/python3.8/site-packages/airflow/example_dags/example_params_trigger_ui.py
[2026-03-09T00:08:11.609+0000] {processor.py:830} INFO - Processing file /home/airflow/.local/lib/python3.8/site-packages/airflow/example_dags/example_params_trigger_ui.py for tasks to queue
[2026-03-09T00:08:11.620+0000] {logging_mixin.py:188} INFO - [2026-03-09T00:08:11.619+0000] {dagbag.py:540} INFO - Filling up the DagBag from /home/airflow/.local/lib/python3.8/site-packages/airflow/example_dags/example_params_trigger_ui.py
[2026-03-09T00:08:11.688+0000] {processor.py:840} INFO - DAG(s) 'example_params_trigger_ui' retrieved from /home/airflow/.local/lib/python3.8/site-packages/airflow/example_dags/example_params_trigger_ui.py
[2026-03-09T00:08:12.063+0000] {logging_mixin.py:188} INFO - [2026-03-09T00:08:12.062+0000] {dag.py:3047} INFO - Sync 1 DAGs
[2026-03-09T00:08:12.171+0000] {logging_mixin.py:188} INFO - [2026-03-09T00:08:12.170+0000] {dag.py:3834} INFO - Setting next_dagrun for example_params_trigger_ui to None, run_after=None
[2026-03-09T00:08:12.341+0000] {processor.py:183} INFO - Processing /home/airflow/.local/lib/python3.8/site-packages/airflow/example_dags/example_params_trigger_ui.py took 0.757 seconds
[2026-03-09T00:08:42.848+0000] {processor.py:161} INFO - Started process (PID=1160) to work on /home/airflow/.local/lib/python3.8/site-packages/airflow/example_dags/example_params_trigger_ui.py
[2026-03-09T00:08:42.850+0000] {processor.py:830} INFO - Processing file /home/airflow/.local/lib/python3.8/site-packages/airflow/example_dags/example_params_trigger_ui.py for tasks to queue
[2026-03-09T00:08:42.854+0000] {logging_mixin.py:188} INFO - [2026-03-09T00:08:42.854+0000] {dagbag.py:540} INFO - Filling up the DagBag from /home/airflow/.local/lib/python3.8/site-packages/airflow/example_dags/example_params_trigger_ui.py
[2026-03-09T00:08:42.909+0000] {processor.py:840} INFO - DAG(s) 'example_params_trigger_ui' retrieved from /home/airflow/.local/lib/python3.8/site-packages/airflow/example_dags/example_params_trigger_ui.py
[2026-03-09T00:08:43.106+0000] {logging_mixin.py:188} INFO - [2026-03-09T00:08:43.105+0000] {dag.py:3047} INFO - Sync 1 DAGs
[2026-03-09T00:08:43.153+0000] {logging_mixin.py:188} INFO - [2026-03-09T00:08:43.152+0000] {dag.py:3834} INFO - Setting next_dagrun for example_params_trigger_ui to None, run_after=None
[2026-03-09T00:08:43.217+0000] {processor.py:183} INFO - Processing /home/airflow/.local/lib/python3.8/site-packages/airflow/example_dags/example_params_trigger_ui.py took 0.377 seconds
[2026-03-09T00:09:15.471+0000] {processor.py:161} INFO - Started process (PID=1217) to work on /home/airflow/.local/lib/python3.8/site-packages/airflow/example_dags/example_params_trigger_ui.py
[2026-03-09T00:09:15.478+0000] {processor.py:830} INFO - Processing file /home/airflow/.local/lib/python3.8/site-packages/airflow/example_dags/example_params_trigger_ui.py for tasks to queue
[2026-03-09T00:09:15.492+0000] {logging_mixin.py:188} INFO - [2026-03-09T00:09:15.491+0000] {dagbag.py:540} INFO - Filling up the DagBag from /home/airflow/.local/lib/python3.8/site-packages/airflow/example_dags/example_params_trigger_ui.py
[2026-03-09T00:09:15.689+0000] {processor.py:840} INFO - DAG(s) 'example_params_trigger_ui' retrieved from /home/airflow/.local/lib/python3.8/site-packages/airflow/example_dags/example_params_trigger_ui.py
[2026-03-09T00:09:15.926+0000] {logging_mixin.py:188} INFO - [2026-03-09T00:09:15.925+0000] {dag.py:3047} INFO - Sync 1 DAGs
[2026-03-09T00:09:15.987+0000] {logging_mixin.py:188} INFO - [2026-03-09T00:09:15.986+0000] {dag.py:3834} INFO - Setting next_dagrun for example_params_trigger_ui to None, run_after=None
[2026-03-09T00:09:16.102+0000] {processor.py:183} INFO - Processing /home/airflow/.local/lib/python3.8/site-packages/airflow/example_dags/example_params_trigger_ui.py took 0.654 seconds
[2026-03-09T00:09:46.539+0000] {processor.py:161} INFO - Started process (PID=1273) to work on /home/airflow/.local/lib/python3.8/site-packages/airflow/example_dags/example_params_trigger_ui.py
[2026-03-09T00:09:46.542+0000] {processor.py:830} INFO - Processing file /home/airflow/.local/lib/python3.8/site-packages/airflow/example_dags/example_params_trigger_ui.py for tasks to queue
[2026-03-09T00:09:46.548+0000] {logging_mixin.py:188} INFO - [2026-03-09T00:09:46.547+0000] {dagbag.py:540} INFO - Filling up the DagBag from /home/airflow/.local/lib/python3.8/site-packages/airflow/example_dags/example_params_trigger_ui.py
[2026-03-09T00:09:46.583+0000] {processor.py:840} INFO - DAG(s) 'example_params_trigger_ui' retrieved from /home/airflow/.local/lib/python3.8/site-packages/airflow/example_dags/example_params_trigger_ui.py
[2026-03-09T00:09:46.726+0000] {logging_mixin.py:188} INFO - [2026-03-09T00:09:46.725+0000] {dag.py:3047} INFO - Sync 1 DAGs
[2026-03-09T00:09:46.757+0000] {logging_mixin.py:188} INFO - [2026-03-09T00:09:46.756+0000] {dag.py:3834} INFO - Setting next_dagrun for example_params_trigger_ui to None, run_after=None
[2026-03-09T00:09:46.807+0000] {processor.py:183} INFO - Processing /home/airflow/.local/lib/python3.8/site-packages/airflow/example_dags/example_params_trigger_ui.py took 0.279 seconds
[2026-03-09T00:10:17.270+0000] {processor.py:161} INFO - Started process (PID=1330) to work on /home/airflow/.local/lib/python3.8/site-packages/airflow/example_dags/example_params_trigger_ui.py
[2026-03-09T00:10:17.275+0000] {processor.py:830} INFO - Processing file /home/airflow/.local/lib/python3.8/site-packages/airflow/example_dags/example_params_trigger_ui.py for tasks to queue
[2026-03-09T00:10:17.287+0000] {logging_mixin.py:188} INFO - [2026-03-09T00:10:17.283+0000] {dagbag.py:540} INFO - Filling up the DagBag from /home/airflow/.local/lib/python3.8/site-packages/airflow/example_dags/example_params_trigger_ui.py
[2026-03-09T00:10:17.385+0000] {processor.py:840} INFO - DAG(s) 'example_params_trigger_ui' retrieved from /home/airflow/.local/lib/python3.8/site-packages/airflow/example_dags/example_params_trigger_ui.py
[2026-03-09T00:10:17.635+0000] {logging_mixin.py:188} INFO - [2026-03-09T00:10:17.632+0000] {dag.py:3047} INFO - Sync 1 DAGs
[2026-03-09T00:10:17.715+0000] {logging_mixin.py:188} INFO - [2026-03-09T00:10:17.714+0000] {dag.py:3834} INFO - Setting next_dagrun for example_params_trigger_ui to None, run_after=None
[2026-03-09T00:10:17.831+0000] {processor.py:183} INFO - Processing /home/airflow/.local/lib/python3.8/site-packages/airflow/example_dags/example_params_trigger_ui.py took 0.588 seconds
[2026-03-09T00:10:47.993+0000] {processor.py:161} INFO - Started process (PID=1388) to work on /home/airflow/.local/lib/python3.8/site-packages/airflow/example_dags/example_params_trigger_ui.py
[2026-03-09T00:10:47.998+0000] {processor.py:830} INFO - Processing file /home/airflow/.local/lib/python3.8/site-packages/airflow/example_dags/example_params_trigger_ui.py for tasks to queue
[2026-03-09T00:10:48.007+0000] {logging_mixin.py:188} INFO - [2026-03-09T00:10:48.005+0000] {dagbag.py:540} INFO - Filling up the DagBag from /home/airflow/.local/lib/python3.8/site-packages/airflow/example_dags/example_params_trigger_ui.py
[2026-03-09T00:10:48.055+0000] {processor.py:840} INFO - DAG(s) 'example_params_trigger_ui' retrieved from /home/airflow/.local/lib/python3.8/site-packages/airflow/example_dags/example_params_trigger_ui.py
[2026-03-09T00:10:48.280+0000] {logging_mixin.py:188} INFO - [2026-03-09T00:10:48.279+0000] {dag.py:3047} INFO - Sync 1 DAGs
[2026-03-09T00:10:48.314+0000] {logging_mixin.py:188} INFO - [2026-03-09T00:10:48.313+0000] {dag.py:3834} INFO - Setting next_dagrun for example_params_trigger_ui to None, run_after=None
[2026-03-09T00:10:48.366+0000] {processor.py:183} INFO - Processing /home/airflow/.local/lib/python3.8/site-packages/airflow/example_dags/example_params_trigger_ui.py took 0.388 seconds
[2026-03-09T00:11:22.349+0000] {processor.py:161} INFO - Started process (PID=1445) to work on /home/airflow/.local/lib/python3.8/site-packages/airflow/example_dags/example_params_trigger_ui.py
[2026-03-09T00:11:22.356+0000] {processor.py:830} INFO - Processing file /home/airflow/.local/lib/python3.8/site-packages/airflow/example_dags/example_params_trigger_ui.py for tasks to queue
[2026-03-09T00:11:22.371+0000] {logging_mixin.py:188} INFO - [2026-03-09T00:11:22.370+0000] {dagbag.py:540} INFO - Filling up the DagBag from /home/airflow/.local/lib/python3.8/site-packages/airflow/example_dags/example_params_trigger_ui.py
[2026-03-09T00:11:22.466+0000] {processor.py:840} INFO - DAG(s) 'example_params_trigger_ui' retrieved from /home/airflow/.local/lib/python3.8/site-packages/airflow/example_dags/example_params_trigger_ui.py
[2026-03-09T00:11:22.736+0000] {logging_mixin.py:188} INFO - [2026-03-09T00:11:22.734+0000] {dag.py:3047} INFO - Sync 1 DAGs
[2026-03-09T00:11:22.808+0000] {logging_mixin.py:188} INFO - [2026-03-09T00:11:22.807+0000] {dag.py:3834} INFO - Setting next_dagrun for example_params_trigger_ui to None, run_after=None
[2026-03-09T00:11:22.924+0000] {processor.py:183} INFO - Processing /home/airflow/.local/lib/python3.8/site-packages/airflow/example_dags/example_params_trigger_ui.py took 0.627 seconds
[2026-03-09T00:11:53.558+0000] {processor.py:161} INFO - Started process (PID=1500) to work on /home/airflow/.local/lib/python3.8/site-packages/airflow/example_dags/example_params_trigger_ui.py
[2026-03-09T00:11:53.569+0000] {processor.py:830} INFO - Processing file /home/airflow/.local/lib/python3.8/site-packages/airflow/example_dags/example_params_trigger_ui.py for tasks to queue
[2026-03-09T00:11:53.584+0000] {logging_mixin.py:188} INFO - [2026-03-09T00:11:53.581+0000] {dagbag.py:540} INFO - Filling up the DagBag from /home/airflow/.local/lib/python3.8/site-packages/airflow/example_dags/example_params_trigger_ui.py
[2026-03-09T00:11:53.653+0000] {processor.py:840} INFO - DAG(s) 'example_params_trigger_ui' retrieved from /home/airflow/.local/lib/python3.8/site-packages/airflow/example_dags/example_params_trigger_ui.py
[2026-03-09T00:11:53.939+0000] {logging_mixin.py:188} INFO - [2026-03-09T00:11:53.938+0000] {dag.py:3047} INFO - Sync 1 DAGs
[2026-03-09T00:11:54.007+0000] {logging_mixin.py:188} INFO - [2026-03-09T00:11:54.006+0000] {dag.py:3834} INFO - Setting next_dagrun for example_params_trigger_ui to None, run_after=None
[2026-03-09T00:11:54.173+0000] {processor.py:183} INFO - Processing /home/airflow/.local/lib/python3.8/site-packages/airflow/example_dags/example_params_trigger_ui.py took 0.628 seconds
[2026-03-09T00:12:24.597+0000] {processor.py:161} INFO - Started process (PID=1556) to work on /home/airflow/.local/lib/python3.8/site-packages/airflow/example_dags/example_params_trigger_ui.py
[2026-03-09T00:12:24.601+0000] {processor.py:830} INFO - Processing file /home/airflow/.local/lib/python3.8/site-packages/airflow/example_dags/example_params_trigger_ui.py for tasks to queue
[2026-03-09T00:12:24.607+0000] {logging_mixin.py:188} INFO - [2026-03-09T00:12:24.606+0000] {dagbag.py:540} INFO - Filling up the DagBag from /home/airflow/.local/lib/python3.8/site-packages/airflow/example_dags/example_params_trigger_ui.py
[2026-03-09T00:12:24.644+0000] {processor.py:840} INFO - DAG(s) 'example_params_trigger_ui' retrieved from /home/airflow/.local/lib/python3.8/site-packages/airflow/example_dags/example_params_trigger_ui.py
[2026-03-09T00:12:24.799+0000] {logging_mixin.py:188} INFO - [2026-03-09T00:12:24.798+0000] {dag.py:3047} INFO - Sync 1 DAGs
[2026-03-09T00:12:24.852+0000] {logging_mixin.py:188} INFO - [2026-03-09T00:12:24.851+0000] {dag.py:3834} INFO - Setting next_dagrun for example_params_trigger_ui to None, run_after=None
[2026-03-09T00:12:24.939+0000] {processor.py:183} INFO - Processing /home/airflow/.local/lib/python3.8/site-packages/airflow/example_dags/example_params_trigger_ui.py took 0.352 seconds
[2026-03-09T00:12:55.478+0000] {processor.py:161} INFO - Started process (PID=1612) to work on /home/airflow/.local/lib/python3.8/site-packages/airflow/example_dags/example_params_trigger_ui.py
[2026-03-09T00:12:55.484+0000] {processor.py:830} INFO - Processing file /home/airflow/.local/lib/python3.8/site-packages/airflow/example_dags/example_params_trigger_ui.py for tasks to queue
[2026-03-09T00:12:55.491+0000] {logging_mixin.py:188} INFO - [2026-03-09T00:12:55.489+0000] {dagbag.py:540} INFO - Filling up the DagBag from /home/airflow/.local/lib/python3.8/site-packages/airflow/example_dags/example_params_trigger_ui.py
[2026-03-09T00:12:55.535+0000] {processor.py:840} INFO - DAG(s) 'example_params_trigger_ui' retrieved from /home/airflow/.local/lib/python3.8/site-packages/airflow/example_dags/example_params_trigger_ui.py
[2026-03-09T00:12:55.767+0000] {logging_mixin.py:188} INFO - [2026-03-09T00:12:55.766+0000] {dag.py:3047} INFO - Sync 1 DAGs
[2026-03-09T00:12:55.816+0000] {logging_mixin.py:188} INFO - [2026-03-09T00:12:55.815+0000] {dag.py:3834} INFO - Setting next_dagrun for example_params_trigger_ui to None, run_after=None
[2026-03-09T00:12:55.908+0000] {processor.py:183} INFO - Processing /home/airflow/.local/lib/python3.8/site-packages/airflow/example_dags/example_params_trigger_ui.py took 0.444 seconds
[2026-03-09T00:13:26.143+0000] {processor.py:161} INFO - Started process (PID=1666) to work on /home/airflow/.local/lib/python3.8/site-packages/airflow/example_dags/example_params_trigger_ui.py
[2026-03-09T00:13:26.145+0000] {processor.py:830} INFO - Processing file /home/airflow/.local/lib/python3.8/site-packages/airflow/example_dags/example_params_trigger_ui.py for tasks to queue
[2026-03-09T00:13:26.150+0000] {logging_mixin.py:188} INFO - [2026-03-09T00:13:26.149+0000] {dagbag.py:540} INFO - Filling up the DagBag from /home/airflow/.local/lib/python3.8/site-packages/airflow/example_dags/example_params_trigger_ui.py
[2026-03-09T00:13:26.178+0000] {processor.py:840} INFO - DAG(s) 'example_params_trigger_ui' retrieved from /home/airflow/.local/lib/python3.8/site-packages/airflow/example_dags/example_params_trigger_ui.py
[2026-03-09T00:13:26.288+0000] {logging_mixin.py:188} INFO - [2026-03-09T00:13:26.287+0000] {dag.py:3047} INFO - Sync 1 DAGs
[2026-03-09T00:13:26.318+0000] {logging_mixin.py:188} INFO - [2026-03-09T00:13:26.318+0000] {dag.py:3834} INFO - Setting next_dagrun for example_params_trigger_ui to None, run_after=None
[2026-03-09T00:13:26.355+0000] {processor.py:183} INFO - Processing /home/airflow/.local/lib/python3.8/site-packages/airflow/example_dags/example_params_trigger_ui.py took 0.220 seconds
[2026-03-09T00:13:56.561+0000] {processor.py:161} INFO - Started process (PID=1722) to work on /home/airflow/.local/lib/python3.8/site-packages/airflow/example_dags/example_params_trigger_ui.py
[2026-03-09T00:13:56.565+0000] {processor.py:830} INFO - Processing file /home/airflow/.local/lib/python3.8/site-packages/airflow/example_dags/example_params_trigger_ui.py for tasks to queue
[2026-03-09T00:13:56.573+0000] {logging_mixin.py:188} INFO - [2026-03-09T00:13:56.572+0000] {dagbag.py:540} INFO - Filling up the DagBag from /home/airflow/.local/lib/python3.8/site-packages/airflow/example_dags/example_params_trigger_ui.py
[2026-03-09T00:13:56.627+0000] {processor.py:840} INFO - DAG(s) 'example_params_trigger_ui' retrieved from /home/airflow/.local/lib/python3.8/site-packages/airflow/example_dags/example_params_trigger_ui.py
[2026-03-09T00:13:56.920+0000] {logging_mixin.py:188} INFO - [2026-03-09T00:13:56.919+0000] {dag.py:3047} INFO - Sync 1 DAGs
[2026-03-09T00:13:56.986+0000] {logging_mixin.py:188} INFO - [2026-03-09T00:13:56.985+0000] {dag.py:3834} INFO - Setting next_dagrun for example_params_trigger_ui to None, run_after=None
[2026-03-09T00:13:57.096+0000] {processor.py:183} INFO - Processing /home/airflow/.local/lib/python3.8/site-packages/airflow/example_dags/example_params_trigger_ui.py took 0.552 seconds
[2026-03-09T00:14:27.325+0000] {processor.py:161} INFO - Started process (PID=1778) to work on /home/airflow/.local/lib/python3.8/site-packages/airflow/example_dags/example_params_trigger_ui.py
[2026-03-09T00:14:27.335+0000] {processor.py:830} INFO - Processing file /home/airflow/.local/lib/python3.8/site-packages/airflow/example_dags/example_params_trigger_ui.py for tasks to queue
[2026-03-09T00:14:27.351+0000] {logging_mixin.py:188} INFO - [2026-03-09T00:14:27.349+0000] {dagbag.py:540} INFO - Filling up the DagBag from /home/airflow/.local/lib/python3.8/site-packages/airflow/example_dags/example_params_trigger_ui.py
[2026-03-09T00:14:27.406+0000] {processor.py:840} INFO - DAG(s) 'example_params_trigger_ui' retrieved from /home/airflow/.local/lib/python3.8/site-packages/airflow/example_dags/example_params_trigger_ui.py
[2026-03-09T00:14:27.580+0000] {logging_mixin.py:188} INFO - [2026-03-09T00:14:27.579+0000] {dag.py:3047} INFO - Sync 1 DAGs
[2026-03-09T00:14:27.610+0000] {logging_mixin.py:188} INFO - [2026-03-09T00:14:27.609+0000] {dag.py:3834} INFO - Setting next_dagrun for example_params_trigger_ui to None, run_after=None
[2026-03-09T00:14:27.661+0000] {processor.py:183} INFO - Processing /home/airflow/.local/lib/python3.8/site-packages/airflow/example_dags/example_params_trigger_ui.py took 0.359 seconds
[2026-03-09T00:14:57.906+0000] {processor.py:161} INFO - Started process (PID=1834) to work on /home/airflow/.local/lib/python3.8/site-packages/airflow/example_dags/example_params_trigger_ui.py
[2026-03-09T00:14:57.910+0000] {processor.py:830} INFO - Processing file /home/airflow/.local/lib/python3.8/site-packages/airflow/example_dags/example_params_trigger_ui.py for tasks to queue
[2026-03-09T00:14:57.920+0000] {logging_mixin.py:188} INFO - [2026-03-09T00:14:57.917+0000] {dagbag.py:540} INFO - Filling up the DagBag from /home/airflow/.local/lib/python3.8/site-packages/airflow/example_dags/example_params_trigger_ui.py
[2026-03-09T00:14:57.991+0000] {processor.py:840} INFO - DAG(s) 'example_params_trigger_ui' retrieved from /home/airflow/.local/lib/python3.8/site-packages/airflow/example_dags/example_params_trigger_ui.py
[2026-03-09T00:14:58.181+0000] {logging_mixin.py:188} INFO - [2026-03-09T00:14:58.180+0000] {dag.py:3047} INFO - Sync 1 DAGs
[2026-03-09T00:14:58.226+0000] {logging_mixin.py:188} INFO - [2026-03-09T00:14:58.225+0000] {dag.py:3834} INFO - Setting next_dagrun for example_params_trigger_ui to None, run_after=None
[2026-03-09T00:14:58.303+0000] {processor.py:183} INFO - Processing /home/airflow/.local/lib/python3.8/site-packages/airflow/example_dags/example_params_trigger_ui.py took 0.416 seconds
[2026-03-09T00:15:28.769+0000] {processor.py:161} INFO - Started process (PID=1884) to work on /home/airflow/.local/lib/python3.8/site-packages/airflow/example_dags/example_params_trigger_ui.py
[2026-03-09T00:15:28.773+0000] {processor.py:830} INFO - Processing file /home/airflow/.local/lib/python3.8/site-packages/airflow/example_dags/example_params_trigger_ui.py for tasks to queue
[2026-03-09T00:15:28.781+0000] {logging_mixin.py:188} INFO - [2026-03-09T00:15:28.780+0000] {dagbag.py:540} INFO - Filling up the DagBag from /home/airflow/.local/lib/python3.8/site-packages/airflow/example_dags/example_params_trigger_ui.py
[2026-03-09T00:15:28.877+0000] {processor.py:840} INFO - DAG(s) 'example_params_trigger_ui' retrieved from /home/airflow/.local/lib/python3.8/site-packages/airflow/example_dags/example_params_trigger_ui.py
[2026-03-09T00:15:29.119+0000] {logging_mixin.py:188} INFO - [2026-03-09T00:15:29.118+0000] {dag.py:3047} INFO - Sync 1 DAGs
[2026-03-09T00:15:29.158+0000] {logging_mixin.py:188} INFO - [2026-03-09T00:15:29.157+0000] {dag.py:3834} INFO - Setting next_dagrun for example_params_trigger_ui to None, run_after=None
[2026-03-09T00:15:29.229+0000] {processor.py:183} INFO - Processing /home/airflow/.local/lib/python3.8/site-packages/airflow/example_dags/example_params_trigger_ui.py took 0.474 seconds
[2026-03-09T00:15:59.749+0000] {processor.py:161} INFO - Started process (PID=1940) to work on /home/airflow/.local/lib/python3.8/site-packages/airflow/example_dags/example_params_trigger_ui.py
[2026-03-09T00:15:59.753+0000] {processor.py:830} INFO - Processing file /home/airflow/.local/lib/python3.8/site-packages/airflow/example_dags/example_params_trigger_ui.py for tasks to queue
[2026-03-09T00:15:59.759+0000] {logging_mixin.py:188} INFO - [2026-03-09T00:15:59.758+0000] {dagbag.py:540} INFO - Filling up the DagBag from /home/airflow/.local/lib/python3.8/site-packages/airflow/example_dags/example_params_trigger_ui.py
[2026-03-09T00:15:59.804+0000] {processor.py:840} INFO - DAG(s) 'example_params_trigger_ui' retrieved from /home/airflow/.local/lib/python3.8/site-packages/airflow/example_dags/example_params_trigger_ui.py
[2026-03-09T00:15:59.980+0000] {logging_mixin.py:188} INFO - [2026-03-09T00:15:59.979+0000] {dag.py:3047} INFO - Sync 1 DAGs
[2026-03-09T00:16:00.018+0000] {logging_mixin.py:188} INFO - [2026-03-09T00:16:00.017+0000] {dag.py:3834} INFO - Setting next_dagrun for example_params_trigger_ui to None, run_after=None
[2026-03-09T00:16:00.076+0000] {processor.py:183} INFO - Processing /home/airflow/.local/lib/python3.8/site-packages/airflow/example_dags/example_params_trigger_ui.py took 0.340 seconds
[2026-03-09T00:16:30.243+0000] {processor.py:161} INFO - Started process (PID=1996) to work on /home/airflow/.local/lib/python3.8/site-packages/airflow/example_dags/example_params_trigger_ui.py
[2026-03-09T00:16:30.247+0000] {processor.py:830} INFO - Processing file /home/airflow/.local/lib/python3.8/site-packages/airflow/example_dags/example_params_trigger_ui.py for tasks to queue
[2026-03-09T00:16:30.252+0000] {logging_mixin.py:188} INFO - [2026-03-09T00:16:30.251+0000] {dagbag.py:540} INFO - Filling up the DagBag from /home/airflow/.local/lib/python3.8/site-packages/airflow/example_dags/example_params_trigger_ui.py
[2026-03-09T00:16:30.281+0000] {processor.py:840} INFO - DAG(s) 'example_params_trigger_ui' retrieved from /home/airflow/.local/lib/python3.8/site-packages/airflow/example_dags/example_params_trigger_ui.py
[2026-03-09T00:16:30.383+0000] {logging_mixin.py:188} INFO - [2026-03-09T00:16:30.383+0000] {dag.py:3047} INFO - Sync 1 DAGs
[2026-03-09T00:16:30.424+0000] {logging_mixin.py:188} INFO - [2026-03-09T00:16:30.423+0000] {dag.py:3834} INFO - Setting next_dagrun for example_params_trigger_ui to None, run_after=None
[2026-03-09T00:16:30.514+0000] {processor.py:183} INFO - Processing /home/airflow/.local/lib/python3.8/site-packages/airflow/example_dags/example_params_trigger_ui.py took 0.281 seconds
[2026-03-09T00:17:00.993+0000] {processor.py:161} INFO - Started process (PID=2052) to work on /home/airflow/.local/lib/python3.8/site-packages/airflow/example_dags/example_params_trigger_ui.py
[2026-03-09T00:17:00.998+0000] {processor.py:830} INFO - Processing file /home/airflow/.local/lib/python3.8/site-packages/airflow/example_dags/example_params_trigger_ui.py for tasks to queue
[2026-03-09T00:17:01.005+0000] {logging_mixin.py:188} INFO - [2026-03-09T00:17:01.004+0000] {dagbag.py:540} INFO - Filling up the DagBag from /home/airflow/.local/lib/python3.8/site-packages/airflow/example_dags/example_params_trigger_ui.py
[2026-03-09T00:17:01.051+0000] {processor.py:840} INFO - DAG(s) 'example_params_trigger_ui' retrieved from /home/airflow/.local/lib/python3.8/site-packages/airflow/example_dags/example_params_trigger_ui.py
[2026-03-09T00:17:01.270+0000] {logging_mixin.py:188} INFO - [2026-03-09T00:17:01.269+0000] {dag.py:3047} INFO - Sync 1 DAGs
[2026-03-09T00:17:01.317+0000] {logging_mixin.py:188} INFO - [2026-03-09T00:17:01.317+0000] {dag.py:3834} INFO - Setting next_dagrun for example_params_trigger_ui to None, run_after=None
[2026-03-09T00:17:01.365+0000] {processor.py:183} INFO - Processing /home/airflow/.local/lib/python3.8/site-packages/airflow/example_dags/example_params_trigger_ui.py took 0.394 seconds
[2026-03-09T00:17:33.218+0000] {processor.py:161} INFO - Started process (PID=2108) to work on /home/airflow/.local/lib/python3.8/site-packages/airflow/example_dags/example_params_trigger_ui.py
[2026-03-09T00:17:33.221+0000] {processor.py:830} INFO - Processing file /home/airflow/.local/lib/python3.8/site-packages/airflow/example_dags/example_params_trigger_ui.py for tasks to queue
[2026-03-09T00:17:33.234+0000] {logging_mixin.py:188} INFO - [2026-03-09T00:17:33.231+0000] {dagbag.py:540} INFO - Filling up the DagBag from /home/airflow/.local/lib/python3.8/site-packages/airflow/example_dags/example_params_trigger_ui.py
[2026-03-09T00:17:33.299+0000] {processor.py:840} INFO - DAG(s) 'example_params_trigger_ui' retrieved from /home/airflow/.local/lib/python3.8/site-packages/airflow/example_dags/example_params_trigger_ui.py
[2026-03-09T00:17:33.564+0000] {logging_mixin.py:188} INFO - [2026-03-09T00:17:33.563+0000] {dag.py:3047} INFO - Sync 1 DAGs
[2026-03-09T00:17:33.617+0000] {logging_mixin.py:188} INFO - [2026-03-09T00:17:33.616+0000] {dag.py:3834} INFO - Setting next_dagrun for example_params_trigger_ui to None, run_after=None
[2026-03-09T00:17:33.704+0000] {processor.py:183} INFO - Processing /home/airflow/.local/lib/python3.8/site-packages/airflow/example_dags/example_params_trigger_ui.py took 0.507 seconds
[2026-03-09T00:18:03.967+0000] {processor.py:161} INFO - Started process (PID=2164) to work on /home/airflow/.local/lib/python3.8/site-packages/airflow/example_dags/example_params_trigger_ui.py
[2026-03-09T00:18:03.971+0000] {processor.py:830} INFO - Processing file /home/airflow/.local/lib/python3.8/site-packages/airflow/example_dags/example_params_trigger_ui.py for tasks to queue
[2026-03-09T00:18:03.975+0000] {logging_mixin.py:188} INFO - [2026-03-09T00:18:03.974+0000] {dagbag.py:540} INFO - Filling up the DagBag from /home/airflow/.local/lib/python3.8/site-packages/airflow/example_dags/example_params_trigger_ui.py
[2026-03-09T00:18:04.009+0000] {processor.py:840} INFO - DAG(s) 'example_params_trigger_ui' retrieved from /home/airflow/.local/lib/python3.8/site-packages/airflow/example_dags/example_params_trigger_ui.py
[2026-03-09T00:18:04.160+0000] {logging_mixin.py:188} INFO - [2026-03-09T00:18:04.159+0000] {dag.py:3047} INFO - Sync 1 DAGs
[2026-03-09T00:18:04.189+0000] {logging_mixin.py:188} INFO - [2026-03-09T00:18:04.188+0000] {dag.py:3834} INFO - Setting next_dagrun for example_params_trigger_ui to None, run_after=None
[2026-03-09T00:18:04.243+0000] {processor.py:183} INFO - Processing /home/airflow/.local/lib/python3.8/site-packages/airflow/example_dags/example_params_trigger_ui.py took 0.285 seconds
[2026-03-09T00:18:34.748+0000] {processor.py:161} INFO - Started process (PID=2220) to work on /home/airflow/.local/lib/python3.8/site-packages/airflow/example_dags/example_params_trigger_ui.py
[2026-03-09T00:18:34.752+0000] {processor.py:830} INFO - Processing file /home/airflow/.local/lib/python3.8/site-packages/airflow/example_dags/example_params_trigger_ui.py for tasks to queue
[2026-03-09T00:18:34.759+0000] {logging_mixin.py:188} INFO - [2026-03-09T00:18:34.758+0000] {dagbag.py:540} INFO - Filling up the DagBag from /home/airflow/.local/lib/python3.8/site-packages/airflow/example_dags/example_params_trigger_ui.py
[2026-03-09T00:18:34.803+0000] {processor.py:840} INFO - DAG(s) 'example_params_trigger_ui' retrieved from /home/airflow/.local/lib/python3.8/site-packages/airflow/example_dags/example_params_trigger_ui.py
[2026-03-09T00:18:34.934+0000] {logging_mixin.py:188} INFO - [2026-03-09T00:18:34.933+0000] {dag.py:3047} INFO - Sync 1 DAGs
[2026-03-09T00:18:34.957+0000] {logging_mixin.py:188} INFO - [2026-03-09T00:18:34.957+0000] {dag.py:3834} INFO - Setting next_dagrun for example_params_trigger_ui to None, run_after=None
[2026-03-09T00:18:35.028+0000] {processor.py:183} INFO - Processing /home/airflow/.local/lib/python3.8/site-packages/airflow/example_dags/example_params_trigger_ui.py took 0.294 seconds
[2026-03-09T00:19:07.710+0000] {processor.py:161} INFO - Started process (PID=2276) to work on /home/airflow/.local/lib/python3.8/site-packages/airflow/example_dags/example_params_trigger_ui.py
[2026-03-09T00:19:07.723+0000] {processor.py:830} INFO - Processing file /home/airflow/.local/lib/python3.8/site-packages/airflow/example_dags/example_params_trigger_ui.py for tasks to queue
[2026-03-09T00:19:07.755+0000] {logging_mixin.py:188} INFO - [2026-03-09T00:19:07.754+0000] {dagbag.py:540} INFO - Filling up the DagBag from /home/airflow/.local/lib/python3.8/site-packages/airflow/example_dags/example_params_trigger_ui.py
[2026-03-09T00:19:07.910+0000] {processor.py:840} INFO - DAG(s) 'example_params_trigger_ui' retrieved from /home/airflow/.local/lib/python3.8/site-packages/airflow/example_dags/example_params_trigger_ui.py
[2026-03-09T00:19:08.365+0000] {logging_mixin.py:188} INFO - [2026-03-09T00:19:08.363+0000] {dag.py:3047} INFO - Sync 1 DAGs
[2026-03-09T00:19:08.439+0000] {logging_mixin.py:188} INFO - [2026-03-09T00:19:08.437+0000] {dag.py:3834} INFO - Setting next_dagrun for example_params_trigger_ui to None, run_after=None
[2026-03-09T00:19:08.551+0000] {processor.py:183} INFO - Processing /home/airflow/.local/lib/python3.8/site-packages/airflow/example_dags/example_params_trigger_ui.py took 0.876 seconds
[2026-03-09T00:19:38.740+0000] {processor.py:161} INFO - Started process (PID=2333) to work on /home/airflow/.local/lib/python3.8/site-packages/airflow/example_dags/example_params_trigger_ui.py
[2026-03-09T00:19:38.744+0000] {processor.py:830} INFO - Processing file /home/airflow/.local/lib/python3.8/site-packages/airflow/example_dags/example_params_trigger_ui.py for tasks to queue
[2026-03-09T00:19:38.754+0000] {logging_mixin.py:188} INFO - [2026-03-09T00:19:38.752+0000] {dagbag.py:540} INFO - Filling up the DagBag from /home/airflow/.local/lib/python3.8/site-packages/airflow/example_dags/example_params_trigger_ui.py
[2026-03-09T00:19:38.815+0000] {processor.py:840} INFO - DAG(s) 'example_params_trigger_ui' retrieved from /home/airflow/.local/lib/python3.8/site-packages/airflow/example_dags/example_params_trigger_ui.py
[2026-03-09T00:19:38.954+0000] {logging_mixin.py:188} INFO - [2026-03-09T00:19:38.954+0000] {dag.py:3047} INFO - Sync 1 DAGs
[2026-03-09T00:19:38.981+0000] {logging_mixin.py:188} INFO - [2026-03-09T00:19:38.981+0000] {dag.py:3834} INFO - Setting next_dagrun for example_params_trigger_ui to None, run_after=None
[2026-03-09T00:19:39.032+0000] {processor.py:183} INFO - Processing /home/airflow/.local/lib/python3.8/site-packages/airflow/example_dags/example_params_trigger_ui.py took 0.306 seconds
[2026-03-09T00:20:09.312+0000] {processor.py:161} INFO - Started process (PID=2388) to work on /home/airflow/.local/lib/python3.8/site-packages/airflow/example_dags/example_params_trigger_ui.py
[2026-03-09T00:20:09.315+0000] {processor.py:830} INFO - Processing file /home/airflow/.local/lib/python3.8/site-packages/airflow/example_dags/example_params_trigger_ui.py for tasks to queue
[2026-03-09T00:20:09.318+0000] {logging_mixin.py:188} INFO - [2026-03-09T00:20:09.318+0000] {dagbag.py:540} INFO - Filling up the DagBag from /home/airflow/.local/lib/python3.8/site-packages/airflow/example_dags/example_params_trigger_ui.py
[2026-03-09T00:20:09.348+0000] {processor.py:840} INFO - DAG(s) 'example_params_trigger_ui' retrieved from /home/airflow/.local/lib/python3.8/site-packages/airflow/example_dags/example_params_trigger_ui.py
[2026-03-09T00:20:09.472+0000] {logging_mixin.py:188} INFO - [2026-03-09T00:20:09.472+0000] {dag.py:3047} INFO - Sync 1 DAGs
[2026-03-09T00:20:09.501+0000] {logging_mixin.py:188} INFO - [2026-03-09T00:20:09.500+0000] {dag.py:3834} INFO - Setting next_dagrun for example_params_trigger_ui to None, run_after=None
[2026-03-09T00:20:09.547+0000] {processor.py:183} INFO - Processing /home/airflow/.local/lib/python3.8/site-packages/airflow/example_dags/example_params_trigger_ui.py took 0.240 seconds
[2026-03-09T00:20:40.061+0000] {processor.py:161} INFO - Started process (PID=2444) to work on /home/airflow/.local/lib/python3.8/site-packages/airflow/example_dags/example_params_trigger_ui.py
[2026-03-09T00:20:40.067+0000] {processor.py:830} INFO - Processing file /home/airflow/.local/lib/python3.8/site-packages/airflow/example_dags/example_params_trigger_ui.py for tasks to queue
[2026-03-09T00:20:40.077+0000] {logging_mixin.py:188} INFO - [2026-03-09T00:20:40.076+0000] {dagbag.py:540} INFO - Filling up the DagBag from /home/airflow/.local/lib/python3.8/site-packages/airflow/example_dags/example_params_trigger_ui.py
[2026-03-09T00:20:40.141+0000] {processor.py:840} INFO - DAG(s) 'example_params_trigger_ui' retrieved from /home/airflow/.local/lib/python3.8/site-packages/airflow/example_dags/example_params_trigger_ui.py
[2026-03-09T00:20:40.321+0000] {logging_mixin.py:188} INFO - [2026-03-09T00:20:40.321+0000] {dag.py:3047} INFO - Sync 1 DAGs
[2026-03-09T00:20:40.357+0000] {logging_mixin.py:188} INFO - [2026-03-09T00:20:40.357+0000] {dag.py:3834} INFO - Setting next_dagrun for example_params_trigger_ui to None, run_after=None
[2026-03-09T00:20:40.426+0000] {processor.py:183} INFO - Processing /home/airflow/.local/lib/python3.8/site-packages/airflow/example_dags/example_params_trigger_ui.py took 0.381 seconds
[2026-03-09T00:21:11.485+0000] {processor.py:161} INFO - Started process (PID=2501) to work on /home/airflow/.local/lib/python3.8/site-packages/airflow/example_dags/example_params_trigger_ui.py
[2026-03-09T00:21:11.491+0000] {processor.py:830} INFO - Processing file /home/airflow/.local/lib/python3.8/site-packages/airflow/example_dags/example_params_trigger_ui.py for tasks to queue
[2026-03-09T00:21:11.507+0000] {logging_mixin.py:188} INFO - [2026-03-09T00:21:11.504+0000] {dagbag.py:540} INFO - Filling up the DagBag from /home/airflow/.local/lib/python3.8/site-packages/airflow/example_dags/example_params_trigger_ui.py
[2026-03-09T00:21:11.591+0000] {processor.py:840} INFO - DAG(s) 'example_params_trigger_ui' retrieved from /home/airflow/.local/lib/python3.8/site-packages/airflow/example_dags/example_params_trigger_ui.py
[2026-03-09T00:21:11.680+0000] {logging_mixin.py:188} INFO - [2026-03-09T00:21:11.680+0000] {dag.py:3047} INFO - Sync 1 DAGs
[2026-03-09T00:21:11.703+0000] {logging_mixin.py:188} INFO - [2026-03-09T00:21:11.702+0000] {dag.py:3834} INFO - Setting next_dagrun for example_params_trigger_ui to None, run_after=None
[2026-03-09T00:21:11.766+0000] {processor.py:183} INFO - Processing /home/airflow/.local/lib/python3.8/site-packages/airflow/example_dags/example_params_trigger_ui.py took 0.301 seconds
[2026-03-09T00:21:41.984+0000] {processor.py:161} INFO - Started process (PID=2557) to work on /home/airflow/.local/lib/python3.8/site-packages/airflow/example_dags/example_params_trigger_ui.py
[2026-03-09T00:21:41.987+0000] {processor.py:830} INFO - Processing file /home/airflow/.local/lib/python3.8/site-packages/airflow/example_dags/example_params_trigger_ui.py for tasks to queue
[2026-03-09T00:21:41.992+0000] {logging_mixin.py:188} INFO - [2026-03-09T00:21:41.991+0000] {dagbag.py:540} INFO - Filling up the DagBag from /home/airflow/.local/lib/python3.8/site-packages/airflow/example_dags/example_params_trigger_ui.py
[2026-03-09T00:21:42.028+0000] {processor.py:840} INFO - DAG(s) 'example_params_trigger_ui' retrieved from /home/airflow/.local/lib/python3.8/site-packages/airflow/example_dags/example_params_trigger_ui.py
[2026-03-09T00:21:42.219+0000] {logging_mixin.py:188} INFO - [2026-03-09T00:21:42.218+0000] {dag.py:3047} INFO - Sync 1 DAGs
[2026-03-09T00:21:42.280+0000] {logging_mixin.py:188} INFO - [2026-03-09T00:21:42.279+0000] {dag.py:3834} INFO - Setting next_dagrun for example_params_trigger_ui to None, run_after=None
[2026-03-09T00:21:42.366+0000] {processor.py:183} INFO - Processing /home/airflow/.local/lib/python3.8/site-packages/airflow/example_dags/example_params_trigger_ui.py took 0.392 seconds
[2026-03-09T00:22:12.532+0000] {processor.py:161} INFO - Started process (PID=2614) to work on /home/airflow/.local/lib/python3.8/site-packages/airflow/example_dags/example_params_trigger_ui.py
[2026-03-09T00:22:12.536+0000] {processor.py:830} INFO - Processing file /home/airflow/.local/lib/python3.8/site-packages/airflow/example_dags/example_params_trigger_ui.py for tasks to queue
[2026-03-09T00:22:12.543+0000] {logging_mixin.py:188} INFO - [2026-03-09T00:22:12.542+0000] {dagbag.py:540} INFO - Filling up the DagBag from /home/airflow/.local/lib/python3.8/site-packages/airflow/example_dags/example_params_trigger_ui.py
[2026-03-09T00:22:12.590+0000] {processor.py:840} INFO - DAG(s) 'example_params_trigger_ui' retrieved from /home/airflow/.local/lib/python3.8/site-packages/airflow/example_dags/example_params_trigger_ui.py
[2026-03-09T00:22:12.754+0000] {logging_mixin.py:188} INFO - [2026-03-09T00:22:12.753+0000] {dag.py:3047} INFO - Sync 1 DAGs
[2026-03-09T00:22:12.815+0000] {logging_mixin.py:188} INFO - [2026-03-09T00:22:12.815+0000] {dag.py:3834} INFO - Setting next_dagrun for example_params_trigger_ui to None, run_after=None
[2026-03-09T00:22:12.901+0000] {processor.py:183} INFO - Processing /home/airflow/.local/lib/python3.8/site-packages/airflow/example_dags/example_params_trigger_ui.py took 0.384 seconds
[2026-03-09T00:22:43.215+0000] {processor.py:161} INFO - Started process (PID=2670) to work on /home/airflow/.local/lib/python3.8/site-packages/airflow/example_dags/example_params_trigger_ui.py
[2026-03-09T00:22:43.235+0000] {processor.py:830} INFO - Processing file /home/airflow/.local/lib/python3.8/site-packages/airflow/example_dags/example_params_trigger_ui.py for tasks to queue
[2026-03-09T00:22:43.254+0000] {logging_mixin.py:188} INFO - [2026-03-09T00:22:43.253+0000] {dagbag.py:540} INFO - Filling up the DagBag from /home/airflow/.local/lib/python3.8/site-packages/airflow/example_dags/example_params_trigger_ui.py
[2026-03-09T00:22:43.447+0000] {processor.py:840} INFO - DAG(s) 'example_params_trigger_ui' retrieved from /home/airflow/.local/lib/python3.8/site-packages/airflow/example_dags/example_params_trigger_ui.py
[2026-03-09T00:22:43.995+0000] {logging_mixin.py:188} INFO - [2026-03-09T00:22:43.994+0000] {dag.py:3047} INFO - Sync 1 DAGs
[2026-03-09T00:22:44.065+0000] {logging_mixin.py:188} INFO - [2026-03-09T00:22:44.064+0000] {dag.py:3834} INFO - Setting next_dagrun for example_params_trigger_ui to None, run_after=None
[2026-03-09T00:22:44.169+0000] {processor.py:183} INFO - Processing /home/airflow/.local/lib/python3.8/site-packages/airflow/example_dags/example_params_trigger_ui.py took 0.985 seconds
[2026-03-09T00:23:14.535+0000] {processor.py:161} INFO - Started process (PID=2726) to work on /home/airflow/.local/lib/python3.8/site-packages/airflow/example_dags/example_params_trigger_ui.py
[2026-03-09T00:23:14.543+0000] {processor.py:830} INFO - Processing file /home/airflow/.local/lib/python3.8/site-packages/airflow/example_dags/example_params_trigger_ui.py for tasks to queue
[2026-03-09T00:23:14.550+0000] {logging_mixin.py:188} INFO - [2026-03-09T00:23:14.549+0000] {dagbag.py:540} INFO - Filling up the DagBag from /home/airflow/.local/lib/python3.8/site-packages/airflow/example_dags/example_params_trigger_ui.py
[2026-03-09T00:23:14.603+0000] {processor.py:840} INFO - DAG(s) 'example_params_trigger_ui' retrieved from /home/airflow/.local/lib/python3.8/site-packages/airflow/example_dags/example_params_trigger_ui.py
[2026-03-09T00:23:14.737+0000] {logging_mixin.py:188} INFO - [2026-03-09T00:23:14.737+0000] {dag.py:3047} INFO - Sync 1 DAGs
[2026-03-09T00:23:14.775+0000] {logging_mixin.py:188} INFO - [2026-03-09T00:23:14.775+0000] {dag.py:3834} INFO - Setting next_dagrun for example_params_trigger_ui to None, run_after=None
[2026-03-09T00:23:14.836+0000] {processor.py:183} INFO - Processing /home/airflow/.local/lib/python3.8/site-packages/airflow/example_dags/example_params_trigger_ui.py took 0.316 seconds
[2026-03-09T00:23:45.700+0000] {processor.py:161} INFO - Started process (PID=2782) to work on /home/airflow/.local/lib/python3.8/site-packages/airflow/example_dags/example_params_trigger_ui.py
[2026-03-09T00:23:45.707+0000] {processor.py:830} INFO - Processing file /home/airflow/.local/lib/python3.8/site-packages/airflow/example_dags/example_params_trigger_ui.py for tasks to queue
[2026-03-09T00:23:45.722+0000] {logging_mixin.py:188} INFO - [2026-03-09T00:23:45.720+0000] {dagbag.py:540} INFO - Filling up the DagBag from /home/airflow/.local/lib/python3.8/site-packages/airflow/example_dags/example_params_trigger_ui.py
[2026-03-09T00:23:45.845+0000] {processor.py:840} INFO - DAG(s) 'example_params_trigger_ui' retrieved from /home/airflow/.local/lib/python3.8/site-packages/airflow/example_dags/example_params_trigger_ui.py
[2026-03-09T00:23:46.008+0000] {logging_mixin.py:188} INFO - [2026-03-09T00:23:46.007+0000] {dag.py:3047} INFO - Sync 1 DAGs
[2026-03-09T00:23:46.044+0000] {logging_mixin.py:188} INFO - [2026-03-09T00:23:46.043+0000] {dag.py:3834} INFO - Setting next_dagrun for example_params_trigger_ui to None, run_after=None
[2026-03-09T00:23:46.114+0000] {processor.py:183} INFO - Processing /home/airflow/.local/lib/python3.8/site-packages/airflow/example_dags/example_params_trigger_ui.py took 0.439 seconds
[2026-03-09T00:24:16.654+0000] {processor.py:161} INFO - Started process (PID=2838) to work on /home/airflow/.local/lib/python3.8/site-packages/airflow/example_dags/example_params_trigger_ui.py
[2026-03-09T00:24:16.665+0000] {processor.py:830} INFO - Processing file /home/airflow/.local/lib/python3.8/site-packages/airflow/example_dags/example_params_trigger_ui.py for tasks to queue
[2026-03-09T00:24:16.677+0000] {logging_mixin.py:188} INFO - [2026-03-09T00:24:16.676+0000] {dagbag.py:540} INFO - Filling up the DagBag from /home/airflow/.local/lib/python3.8/site-packages/airflow/example_dags/example_params_trigger_ui.py
[2026-03-09T00:24:16.766+0000] {processor.py:840} INFO - DAG(s) 'example_params_trigger_ui' retrieved from /home/airflow/.local/lib/python3.8/site-packages/airflow/example_dags/example_params_trigger_ui.py
[2026-03-09T00:24:17.223+0000] {logging_mixin.py:188} INFO - [2026-03-09T00:24:17.222+0000] {dag.py:3047} INFO - Sync 1 DAGs
[2026-03-09T00:24:17.284+0000] {logging_mixin.py:188} INFO - [2026-03-09T00:24:17.283+0000] {dag.py:3834} INFO - Setting next_dagrun for example_params_trigger_ui to None, run_after=None
[2026-03-09T00:24:17.390+0000] {processor.py:183} INFO - Processing /home/airflow/.local/lib/python3.8/site-packages/airflow/example_dags/example_params_trigger_ui.py took 0.804 seconds
[2026-03-09T00:24:47.897+0000] {processor.py:161} INFO - Started process (PID=2893) to work on /home/airflow/.local/lib/python3.8/site-packages/airflow/example_dags/example_params_trigger_ui.py
[2026-03-09T00:24:47.908+0000] {processor.py:830} INFO - Processing file /home/airflow/.local/lib/python3.8/site-packages/airflow/example_dags/example_params_trigger_ui.py for tasks to queue
[2026-03-09T00:24:47.915+0000] {logging_mixin.py:188} INFO - [2026-03-09T00:24:47.914+0000] {dagbag.py:540} INFO - Filling up the DagBag from /home/airflow/.local/lib/python3.8/site-packages/airflow/example_dags/example_params_trigger_ui.py
[2026-03-09T00:24:47.994+0000] {processor.py:840} INFO - DAG(s) 'example_params_trigger_ui' retrieved from /home/airflow/.local/lib/python3.8/site-packages/airflow/example_dags/example_params_trigger_ui.py
[2026-03-09T00:24:48.166+0000] {logging_mixin.py:188} INFO - [2026-03-09T00:24:48.165+0000] {dag.py:3047} INFO - Sync 1 DAGs
[2026-03-09T00:24:48.212+0000] {logging_mixin.py:188} INFO - [2026-03-09T00:24:48.211+0000] {dag.py:3834} INFO - Setting next_dagrun for example_params_trigger_ui to None, run_after=None
[2026-03-09T00:24:48.277+0000] {processor.py:183} INFO - Processing /home/airflow/.local/lib/python3.8/site-packages/airflow/example_dags/example_params_trigger_ui.py took 0.396 seconds
[2026-03-09T00:25:29.195+0000] {processor.py:161} INFO - Started process (PID=2961) to work on /home/airflow/.local/lib/python3.8/site-packages/airflow/example_dags/example_params_trigger_ui.py
[2026-03-09T00:25:29.200+0000] {processor.py:830} INFO - Processing file /home/airflow/.local/lib/python3.8/site-packages/airflow/example_dags/example_params_trigger_ui.py for tasks to queue
[2026-03-09T00:25:29.214+0000] {logging_mixin.py:188} INFO - [2026-03-09T00:25:29.208+0000] {dagbag.py:540} INFO - Filling up the DagBag from /home/airflow/.local/lib/python3.8/site-packages/airflow/example_dags/example_params_trigger_ui.py
[2026-03-09T00:25:29.340+0000] {processor.py:840} INFO - DAG(s) 'example_params_trigger_ui' retrieved from /home/airflow/.local/lib/python3.8/site-packages/airflow/example_dags/example_params_trigger_ui.py
[2026-03-09T00:25:29.816+0000] {logging_mixin.py:188} INFO - [2026-03-09T00:25:29.815+0000] {dag.py:3047} INFO - Sync 1 DAGs
[2026-03-09T00:25:29.899+0000] {logging_mixin.py:188} INFO - [2026-03-09T00:25:29.898+0000] {dag.py:3834} INFO - Setting next_dagrun for example_params_trigger_ui to None, run_after=None
[2026-03-09T00:25:30.003+0000] {processor.py:183} INFO - Processing /home/airflow/.local/lib/python3.8/site-packages/airflow/example_dags/example_params_trigger_ui.py took 0.839 seconds
[2026-03-09T00:26:01.257+0000] {processor.py:161} INFO - Started process (PID=3017) to work on /home/airflow/.local/lib/python3.8/site-packages/airflow/example_dags/example_params_trigger_ui.py
[2026-03-09T00:26:01.262+0000] {processor.py:830} INFO - Processing file /home/airflow/.local/lib/python3.8/site-packages/airflow/example_dags/example_params_trigger_ui.py for tasks to queue
[2026-03-09T00:26:01.272+0000] {logging_mixin.py:188} INFO - [2026-03-09T00:26:01.269+0000] {dagbag.py:540} INFO - Filling up the DagBag from /home/airflow/.local/lib/python3.8/site-packages/airflow/example_dags/example_params_trigger_ui.py
[2026-03-09T00:26:01.599+0000] {processor.py:840} INFO - DAG(s) 'example_params_trigger_ui' retrieved from /home/airflow/.local/lib/python3.8/site-packages/airflow/example_dags/example_params_trigger_ui.py
[2026-03-09T00:26:02.364+0000] {logging_mixin.py:188} INFO - [2026-03-09T00:26:02.363+0000] {dag.py:3047} INFO - Sync 1 DAGs
[2026-03-09T00:26:02.501+0000] {logging_mixin.py:188} INFO - [2026-03-09T00:26:02.501+0000] {dag.py:3834} INFO - Setting next_dagrun for example_params_trigger_ui to None, run_after=None
[2026-03-09T00:26:02.706+0000] {processor.py:183} INFO - Processing /home/airflow/.local/lib/python3.8/site-packages/airflow/example_dags/example_params_trigger_ui.py took 1.495 seconds
[2026-03-09T00:26:33.583+0000] {processor.py:161} INFO - Started process (PID=3072) to work on /home/airflow/.local/lib/python3.8/site-packages/airflow/example_dags/example_params_trigger_ui.py
[2026-03-09T00:26:33.591+0000] {processor.py:830} INFO - Processing file /home/airflow/.local/lib/python3.8/site-packages/airflow/example_dags/example_params_trigger_ui.py for tasks to queue
[2026-03-09T00:26:33.597+0000] {logging_mixin.py:188} INFO - [2026-03-09T00:26:33.596+0000] {dagbag.py:540} INFO - Filling up the DagBag from /home/airflow/.local/lib/python3.8/site-packages/airflow/example_dags/example_params_trigger_ui.py
[2026-03-09T00:26:33.694+0000] {processor.py:840} INFO - DAG(s) 'example_params_trigger_ui' retrieved from /home/airflow/.local/lib/python3.8/site-packages/airflow/example_dags/example_params_trigger_ui.py
[2026-03-09T00:26:33.843+0000] {logging_mixin.py:188} INFO - [2026-03-09T00:26:33.843+0000] {dag.py:3047} INFO - Sync 1 DAGs
[2026-03-09T00:26:33.882+0000] {logging_mixin.py:188} INFO - [2026-03-09T00:26:33.881+0000] {dag.py:3834} INFO - Setting next_dagrun for example_params_trigger_ui to None, run_after=None
[2026-03-09T00:26:33.947+0000] {processor.py:183} INFO - Processing /home/airflow/.local/lib/python3.8/site-packages/airflow/example_dags/example_params_trigger_ui.py took 0.378 seconds
[2026-03-09T00:27:04.265+0000] {processor.py:161} INFO - Started process (PID=3127) to work on /home/airflow/.local/lib/python3.8/site-packages/airflow/example_dags/example_params_trigger_ui.py
[2026-03-09T00:27:04.268+0000] {processor.py:830} INFO - Processing file /home/airflow/.local/lib/python3.8/site-packages/airflow/example_dags/example_params_trigger_ui.py for tasks to queue
[2026-03-09T00:27:04.273+0000] {logging_mixin.py:188} INFO - [2026-03-09T00:27:04.272+0000] {dagbag.py:540} INFO - Filling up the DagBag from /home/airflow/.local/lib/python3.8/site-packages/airflow/example_dags/example_params_trigger_ui.py
[2026-03-09T00:27:04.310+0000] {processor.py:840} INFO - DAG(s) 'example_params_trigger_ui' retrieved from /home/airflow/.local/lib/python3.8/site-packages/airflow/example_dags/example_params_trigger_ui.py
[2026-03-09T00:27:04.416+0000] {logging_mixin.py:188} INFO - [2026-03-09T00:27:04.416+0000] {dag.py:3047} INFO - Sync 1 DAGs
[2026-03-09T00:27:04.435+0000] {logging_mixin.py:188} INFO - [2026-03-09T00:27:04.435+0000] {dag.py:3834} INFO - Setting next_dagrun for example_params_trigger_ui to None, run_after=None
[2026-03-09T00:27:04.470+0000] {processor.py:183} INFO - Processing /home/airflow/.local/lib/python3.8/site-packages/airflow/example_dags/example_params_trigger_ui.py took 0.214 seconds
[2026-03-09T00:27:34.685+0000] {processor.py:161} INFO - Started process (PID=3183) to work on /home/airflow/.local/lib/python3.8/site-packages/airflow/example_dags/example_params_trigger_ui.py
[2026-03-09T00:27:34.691+0000] {processor.py:830} INFO - Processing file /home/airflow/.local/lib/python3.8/site-packages/airflow/example_dags/example_params_trigger_ui.py for tasks to queue
[2026-03-09T00:27:34.703+0000] {logging_mixin.py:188} INFO - [2026-03-09T00:27:34.701+0000] {dagbag.py:540} INFO - Filling up the DagBag from /home/airflow/.local/lib/python3.8/site-packages/airflow/example_dags/example_params_trigger_ui.py
[2026-03-09T00:27:34.768+0000] {processor.py:840} INFO - DAG(s) 'example_params_trigger_ui' retrieved from /home/airflow/.local/lib/python3.8/site-packages/airflow/example_dags/example_params_trigger_ui.py
[2026-03-09T00:27:35.024+0000] {logging_mixin.py:188} INFO - [2026-03-09T00:27:35.023+0000] {dag.py:3047} INFO - Sync 1 DAGs
[2026-03-09T00:27:35.049+0000] {logging_mixin.py:188} INFO - [2026-03-09T00:27:35.048+0000] {dag.py:3834} INFO - Setting next_dagrun for example_params_trigger_ui to None, run_after=None
[2026-03-09T00:27:35.092+0000] {processor.py:183} INFO - Processing /home/airflow/.local/lib/python3.8/site-packages/airflow/example_dags/example_params_trigger_ui.py took 0.426 seconds
[2026-03-09T00:28:05.662+0000] {processor.py:161} INFO - Started process (PID=3239) to work on /home/airflow/.local/lib/python3.8/site-packages/airflow/example_dags/example_params_trigger_ui.py
[2026-03-09T00:28:05.665+0000] {processor.py:830} INFO - Processing file /home/airflow/.local/lib/python3.8/site-packages/airflow/example_dags/example_params_trigger_ui.py for tasks to queue
[2026-03-09T00:28:05.671+0000] {logging_mixin.py:188} INFO - [2026-03-09T00:28:05.670+0000] {dagbag.py:540} INFO - Filling up the DagBag from /home/airflow/.local/lib/python3.8/site-packages/airflow/example_dags/example_params_trigger_ui.py
[2026-03-09T00:28:05.706+0000] {processor.py:840} INFO - DAG(s) 'example_params_trigger_ui' retrieved from /home/airflow/.local/lib/python3.8/site-packages/airflow/example_dags/example_params_trigger_ui.py
[2026-03-09T00:28:05.912+0000] {logging_mixin.py:188} INFO - [2026-03-09T00:28:05.911+0000] {dag.py:3047} INFO - Sync 1 DAGs
[2026-03-09T00:28:06.000+0000] {logging_mixin.py:188} INFO - [2026-03-09T00:28:05.999+0000] {dag.py:3834} INFO - Setting next_dagrun for example_params_trigger_ui to None, run_after=None
[2026-03-09T00:28:06.120+0000] {processor.py:183} INFO - Processing /home/airflow/.local/lib/python3.8/site-packages/airflow/example_dags/example_params_trigger_ui.py took 0.469 seconds
[2026-03-09T00:28:36.497+0000] {processor.py:161} INFO - Started process (PID=3295) to work on /home/airflow/.local/lib/python3.8/site-packages/airflow/example_dags/example_params_trigger_ui.py
[2026-03-09T00:28:36.501+0000] {processor.py:830} INFO - Processing file /home/airflow/.local/lib/python3.8/site-packages/airflow/example_dags/example_params_trigger_ui.py for tasks to queue
[2026-03-09T00:28:36.507+0000] {logging_mixin.py:188} INFO - [2026-03-09T00:28:36.506+0000] {dagbag.py:540} INFO - Filling up the DagBag from /home/airflow/.local/lib/python3.8/site-packages/airflow/example_dags/example_params_trigger_ui.py
[2026-03-09T00:28:36.557+0000] {processor.py:840} INFO - DAG(s) 'example_params_trigger_ui' retrieved from /home/airflow/.local/lib/python3.8/site-packages/airflow/example_dags/example_params_trigger_ui.py
[2026-03-09T00:28:36.743+0000] {logging_mixin.py:188} INFO - [2026-03-09T00:28:36.743+0000] {dag.py:3047} INFO - Sync 1 DAGs
[2026-03-09T00:28:36.792+0000] {logging_mixin.py:188} INFO - [2026-03-09T00:28:36.791+0000] {dag.py:3834} INFO - Setting next_dagrun for example_params_trigger_ui to None, run_after=None
[2026-03-09T00:28:36.866+0000] {processor.py:183} INFO - Processing /home/airflow/.local/lib/python3.8/site-packages/airflow/example_dags/example_params_trigger_ui.py took 0.380 seconds
[2026-03-09T00:29:07.456+0000] {processor.py:161} INFO - Started process (PID=3351) to work on /home/airflow/.local/lib/python3.8/site-packages/airflow/example_dags/example_params_trigger_ui.py
[2026-03-09T00:29:07.459+0000] {processor.py:830} INFO - Processing file /home/airflow/.local/lib/python3.8/site-packages/airflow/example_dags/example_params_trigger_ui.py for tasks to queue
[2026-03-09T00:29:07.464+0000] {logging_mixin.py:188} INFO - [2026-03-09T00:29:07.463+0000] {dagbag.py:540} INFO - Filling up the DagBag from /home/airflow/.local/lib/python3.8/site-packages/airflow/example_dags/example_params_trigger_ui.py
[2026-03-09T00:29:07.509+0000] {processor.py:840} INFO - DAG(s) 'example_params_trigger_ui' retrieved from /home/airflow/.local/lib/python3.8/site-packages/airflow/example_dags/example_params_trigger_ui.py
[2026-03-09T00:29:07.673+0000] {logging_mixin.py:188} INFO - [2026-03-09T00:29:07.672+0000] {dag.py:3047} INFO - Sync 1 DAGs
[2026-03-09T00:29:07.711+0000] {logging_mixin.py:188} INFO - [2026-03-09T00:29:07.710+0000] {dag.py:3834} INFO - Setting next_dagrun for example_params_trigger_ui to None, run_after=None
[2026-03-09T00:29:07.781+0000] {processor.py:183} INFO - Processing /home/airflow/.local/lib/python3.8/site-packages/airflow/example_dags/example_params_trigger_ui.py took 0.334 seconds
[2026-03-09T00:29:38.180+0000] {processor.py:161} INFO - Started process (PID=3407) to work on /home/airflow/.local/lib/python3.8/site-packages/airflow/example_dags/example_params_trigger_ui.py
[2026-03-09T00:29:38.183+0000] {processor.py:830} INFO - Processing file /home/airflow/.local/lib/python3.8/site-packages/airflow/example_dags/example_params_trigger_ui.py for tasks to queue
[2026-03-09T00:29:38.187+0000] {logging_mixin.py:188} INFO - [2026-03-09T00:29:38.186+0000] {dagbag.py:540} INFO - Filling up the DagBag from /home/airflow/.local/lib/python3.8/site-packages/airflow/example_dags/example_params_trigger_ui.py
[2026-03-09T00:29:38.213+0000] {processor.py:840} INFO - DAG(s) 'example_params_trigger_ui' retrieved from /home/airflow/.local/lib/python3.8/site-packages/airflow/example_dags/example_params_trigger_ui.py
[2026-03-09T00:29:38.322+0000] {logging_mixin.py:188} INFO - [2026-03-09T00:29:38.322+0000] {dag.py:3047} INFO - Sync 1 DAGs
[2026-03-09T00:29:38.352+0000] {logging_mixin.py:188} INFO - [2026-03-09T00:29:38.351+0000] {dag.py:3834} INFO - Setting next_dagrun for example_params_trigger_ui to None, run_after=None
[2026-03-09T00:29:38.410+0000] {processor.py:183} INFO - Processing /home/airflow/.local/lib/python3.8/site-packages/airflow/example_dags/example_params_trigger_ui.py took 0.240 seconds
[2026-03-09T00:30:08.901+0000] {processor.py:161} INFO - Started process (PID=3462) to work on /home/airflow/.local/lib/python3.8/site-packages/airflow/example_dags/example_params_trigger_ui.py
[2026-03-09T00:30:08.905+0000] {processor.py:830} INFO - Processing file /home/airflow/.local/lib/python3.8/site-packages/airflow/example_dags/example_params_trigger_ui.py for tasks to queue
[2026-03-09T00:30:08.909+0000] {logging_mixin.py:188} INFO - [2026-03-09T00:30:08.909+0000] {dagbag.py:540} INFO - Filling up the DagBag from /home/airflow/.local/lib/python3.8/site-packages/airflow/example_dags/example_params_trigger_ui.py
[2026-03-09T00:30:08.938+0000] {processor.py:840} INFO - DAG(s) 'example_params_trigger_ui' retrieved from /home/airflow/.local/lib/python3.8/site-packages/airflow/example_dags/example_params_trigger_ui.py
[2026-03-09T00:30:09.031+0000] {logging_mixin.py:188} INFO - [2026-03-09T00:30:09.031+0000] {dag.py:3047} INFO - Sync 1 DAGs
[2026-03-09T00:30:09.054+0000] {logging_mixin.py:188} INFO - [2026-03-09T00:30:09.054+0000] {dag.py:3834} INFO - Setting next_dagrun for example_params_trigger_ui to None, run_after=None
[2026-03-09T00:30:09.131+0000] {processor.py:183} INFO - Processing /home/airflow/.local/lib/python3.8/site-packages/airflow/example_dags/example_params_trigger_ui.py took 0.242 seconds
[2026-03-09T00:30:39.561+0000] {processor.py:161} INFO - Started process (PID=3511) to work on /home/airflow/.local/lib/python3.8/site-packages/airflow/example_dags/example_params_trigger_ui.py
[2026-03-09T00:30:39.569+0000] {processor.py:830} INFO - Processing file /home/airflow/.local/lib/python3.8/site-packages/airflow/example_dags/example_params_trigger_ui.py for tasks to queue
[2026-03-09T00:30:39.605+0000] {logging_mixin.py:188} INFO - [2026-03-09T00:30:39.592+0000] {dagbag.py:540} INFO - Filling up the DagBag from /home/airflow/.local/lib/python3.8/site-packages/airflow/example_dags/example_params_trigger_ui.py
[2026-03-09T00:30:39.725+0000] {processor.py:840} INFO - DAG(s) 'example_params_trigger_ui' retrieved from /home/airflow/.local/lib/python3.8/site-packages/airflow/example_dags/example_params_trigger_ui.py
[2026-03-09T00:30:40.085+0000] {logging_mixin.py:188} INFO - [2026-03-09T00:30:40.084+0000] {dag.py:3047} INFO - Sync 1 DAGs
[2026-03-09T00:30:40.162+0000] {logging_mixin.py:188} INFO - [2026-03-09T00:30:40.161+0000] {dag.py:3834} INFO - Setting next_dagrun for example_params_trigger_ui to None, run_after=None
[2026-03-09T00:30:40.279+0000] {processor.py:183} INFO - Processing /home/airflow/.local/lib/python3.8/site-packages/airflow/example_dags/example_params_trigger_ui.py took 0.735 seconds
[2026-03-09T00:31:11.189+0000] {processor.py:161} INFO - Started process (PID=3573) to work on /home/airflow/.local/lib/python3.8/site-packages/airflow/example_dags/example_params_trigger_ui.py
[2026-03-09T00:31:11.193+0000] {processor.py:830} INFO - Processing file /home/airflow/.local/lib/python3.8/site-packages/airflow/example_dags/example_params_trigger_ui.py for tasks to queue
[2026-03-09T00:31:11.201+0000] {logging_mixin.py:188} INFO - [2026-03-09T00:31:11.200+0000] {dagbag.py:540} INFO - Filling up the DagBag from /home/airflow/.local/lib/python3.8/site-packages/airflow/example_dags/example_params_trigger_ui.py
[2026-03-09T00:31:11.247+0000] {processor.py:840} INFO - DAG(s) 'example_params_trigger_ui' retrieved from /home/airflow/.local/lib/python3.8/site-packages/airflow/example_dags/example_params_trigger_ui.py
[2026-03-09T00:31:11.369+0000] {logging_mixin.py:188} INFO - [2026-03-09T00:31:11.368+0000] {dag.py:3047} INFO - Sync 1 DAGs
[2026-03-09T00:31:11.408+0000] {logging_mixin.py:188} INFO - [2026-03-09T00:31:11.407+0000] {dag.py:3834} INFO - Setting next_dagrun for example_params_trigger_ui to None, run_after=None
[2026-03-09T00:31:11.457+0000] {processor.py:183} INFO - Processing /home/airflow/.local/lib/python3.8/site-packages/airflow/example_dags/example_params_trigger_ui.py took 0.279 seconds
[2026-03-09T00:31:42.587+0000] {processor.py:161} INFO - Started process (PID=3629) to work on /home/airflow/.local/lib/python3.8/site-packages/airflow/example_dags/example_params_trigger_ui.py
[2026-03-09T00:31:42.592+0000] {processor.py:830} INFO - Processing file /home/airflow/.local/lib/python3.8/site-packages/airflow/example_dags/example_params_trigger_ui.py for tasks to queue
[2026-03-09T00:31:42.604+0000] {logging_mixin.py:188} INFO - [2026-03-09T00:31:42.602+0000] {dagbag.py:540} INFO - Filling up the DagBag from /home/airflow/.local/lib/python3.8/site-packages/airflow/example_dags/example_params_trigger_ui.py
[2026-03-09T00:31:42.677+0000] {processor.py:840} INFO - DAG(s) 'example_params_trigger_ui' retrieved from /home/airflow/.local/lib/python3.8/site-packages/airflow/example_dags/example_params_trigger_ui.py
[2026-03-09T00:31:42.915+0000] {logging_mixin.py:188} INFO - [2026-03-09T00:31:42.915+0000] {dag.py:3047} INFO - Sync 1 DAGs
[2026-03-09T00:31:42.972+0000] {logging_mixin.py:188} INFO - [2026-03-09T00:31:42.971+0000] {dag.py:3834} INFO - Setting next_dagrun for example_params_trigger_ui to None, run_after=None
[2026-03-09T00:31:43.030+0000] {processor.py:183} INFO - Processing /home/airflow/.local/lib/python3.8/site-packages/airflow/example_dags/example_params_trigger_ui.py took 0.454 seconds
[2026-03-09T00:32:13.658+0000] {processor.py:161} INFO - Started process (PID=3679) to work on /home/airflow/.local/lib/python3.8/site-packages/airflow/example_dags/example_params_trigger_ui.py
[2026-03-09T00:32:13.662+0000] {processor.py:830} INFO - Processing file /home/airflow/.local/lib/python3.8/site-packages/airflow/example_dags/example_params_trigger_ui.py for tasks to queue
[2026-03-09T00:32:13.668+0000] {logging_mixin.py:188} INFO - [2026-03-09T00:32:13.667+0000] {dagbag.py:540} INFO - Filling up the DagBag from /home/airflow/.local/lib/python3.8/site-packages/airflow/example_dags/example_params_trigger_ui.py
[2026-03-09T00:32:13.710+0000] {processor.py:840} INFO - DAG(s) 'example_params_trigger_ui' retrieved from /home/airflow/.local/lib/python3.8/site-packages/airflow/example_dags/example_params_trigger_ui.py
[2026-03-09T00:32:13.897+0000] {logging_mixin.py:188} INFO - [2026-03-09T00:32:13.896+0000] {dag.py:3047} INFO - Sync 1 DAGs
[2026-03-09T00:32:13.939+0000] {logging_mixin.py:188} INFO - [2026-03-09T00:32:13.938+0000] {dag.py:3834} INFO - Setting next_dagrun for example_params_trigger_ui to None, run_after=None
[2026-03-09T00:32:14.040+0000] {processor.py:183} INFO - Processing /home/airflow/.local/lib/python3.8/site-packages/airflow/example_dags/example_params_trigger_ui.py took 0.395 seconds
[2026-03-09T00:32:44.958+0000] {processor.py:161} INFO - Started process (PID=3735) to work on /home/airflow/.local/lib/python3.8/site-packages/airflow/example_dags/example_params_trigger_ui.py
[2026-03-09T00:32:44.961+0000] {processor.py:830} INFO - Processing file /home/airflow/.local/lib/python3.8/site-packages/airflow/example_dags/example_params_trigger_ui.py for tasks to queue
[2026-03-09T00:32:44.965+0000] {logging_mixin.py:188} INFO - [2026-03-09T00:32:44.964+0000] {dagbag.py:540} INFO - Filling up the DagBag from /home/airflow/.local/lib/python3.8/site-packages/airflow/example_dags/example_params_trigger_ui.py
[2026-03-09T00:32:44.996+0000] {processor.py:840} INFO - DAG(s) 'example_params_trigger_ui' retrieved from /home/airflow/.local/lib/python3.8/site-packages/airflow/example_dags/example_params_trigger_ui.py
[2026-03-09T00:32:45.143+0000] {logging_mixin.py:188} INFO - [2026-03-09T00:32:45.142+0000] {dag.py:3047} INFO - Sync 1 DAGs
[2026-03-09T00:32:45.720+0000] {logging_mixin.py:188} INFO - [2026-03-09T00:32:45.719+0000] {dag.py:3834} INFO - Setting next_dagrun for example_params_trigger_ui to None, run_after=None
[2026-03-09T00:32:45.878+0000] {processor.py:183} INFO - Processing /home/airflow/.local/lib/python3.8/site-packages/airflow/example_dags/example_params_trigger_ui.py took 0.929 seconds
[2026-03-09T00:33:16.389+0000] {processor.py:161} INFO - Started process (PID=3791) to work on /home/airflow/.local/lib/python3.8/site-packages/airflow/example_dags/example_params_trigger_ui.py
[2026-03-09T00:33:16.396+0000] {processor.py:830} INFO - Processing file /home/airflow/.local/lib/python3.8/site-packages/airflow/example_dags/example_params_trigger_ui.py for tasks to queue
[2026-03-09T00:33:16.405+0000] {logging_mixin.py:188} INFO - [2026-03-09T00:33:16.402+0000] {dagbag.py:540} INFO - Filling up the DagBag from /home/airflow/.local/lib/python3.8/site-packages/airflow/example_dags/example_params_trigger_ui.py
[2026-03-09T00:33:16.437+0000] {processor.py:840} INFO - DAG(s) 'example_params_trigger_ui' retrieved from /home/airflow/.local/lib/python3.8/site-packages/airflow/example_dags/example_params_trigger_ui.py
[2026-03-09T00:33:16.560+0000] {logging_mixin.py:188} INFO - [2026-03-09T00:33:16.559+0000] {dag.py:3047} INFO - Sync 1 DAGs
[2026-03-09T00:33:16.593+0000] {logging_mixin.py:188} INFO - [2026-03-09T00:33:16.592+0000] {dag.py:3834} INFO - Setting next_dagrun for example_params_trigger_ui to None, run_after=None
[2026-03-09T00:33:16.640+0000] {processor.py:183} INFO - Processing /home/airflow/.local/lib/python3.8/site-packages/airflow/example_dags/example_params_trigger_ui.py took 0.265 seconds
[2026-03-09T00:33:47.113+0000] {processor.py:161} INFO - Started process (PID=3847) to work on /home/airflow/.local/lib/python3.8/site-packages/airflow/example_dags/example_params_trigger_ui.py
[2026-03-09T00:33:47.118+0000] {processor.py:830} INFO - Processing file /home/airflow/.local/lib/python3.8/site-packages/airflow/example_dags/example_params_trigger_ui.py for tasks to queue
[2026-03-09T00:33:47.126+0000] {logging_mixin.py:188} INFO - [2026-03-09T00:33:47.125+0000] {dagbag.py:540} INFO - Filling up the DagBag from /home/airflow/.local/lib/python3.8/site-packages/airflow/example_dags/example_params_trigger_ui.py
[2026-03-09T00:33:47.204+0000] {processor.py:840} INFO - DAG(s) 'example_params_trigger_ui' retrieved from /home/airflow/.local/lib/python3.8/site-packages/airflow/example_dags/example_params_trigger_ui.py
[2026-03-09T00:33:47.428+0000] {logging_mixin.py:188} INFO - [2026-03-09T00:33:47.427+0000] {dag.py:3047} INFO - Sync 1 DAGs
[2026-03-09T00:33:47.505+0000] {logging_mixin.py:188} INFO - [2026-03-09T00:33:47.504+0000] {dag.py:3834} INFO - Setting next_dagrun for example_params_trigger_ui to None, run_after=None
[2026-03-09T00:33:47.605+0000] {processor.py:183} INFO - Processing /home/airflow/.local/lib/python3.8/site-packages/airflow/example_dags/example_params_trigger_ui.py took 0.510 seconds
[2026-03-09T00:34:20.291+0000] {processor.py:161} INFO - Started process (PID=3908) to work on /home/airflow/.local/lib/python3.8/site-packages/airflow/example_dags/example_params_trigger_ui.py
[2026-03-09T00:34:20.295+0000] {processor.py:830} INFO - Processing file /home/airflow/.local/lib/python3.8/site-packages/airflow/example_dags/example_params_trigger_ui.py for tasks to queue
[2026-03-09T00:34:20.302+0000] {logging_mixin.py:188} INFO - [2026-03-09T00:34:20.301+0000] {dagbag.py:540} INFO - Filling up the DagBag from /home/airflow/.local/lib/python3.8/site-packages/airflow/example_dags/example_params_trigger_ui.py
[2026-03-09T00:34:20.353+0000] {processor.py:840} INFO - DAG(s) 'example_params_trigger_ui' retrieved from /home/airflow/.local/lib/python3.8/site-packages/airflow/example_dags/example_params_trigger_ui.py
[2026-03-09T00:34:20.598+0000] {logging_mixin.py:188} INFO - [2026-03-09T00:34:20.598+0000] {dag.py:3047} INFO - Sync 1 DAGs
[2026-03-09T00:34:20.650+0000] {logging_mixin.py:188} INFO - [2026-03-09T00:34:20.648+0000] {dag.py:3834} INFO - Setting next_dagrun for example_params_trigger_ui to None, run_after=None
[2026-03-09T00:34:20.769+0000] {processor.py:183} INFO - Processing /home/airflow/.local/lib/python3.8/site-packages/airflow/example_dags/example_params_trigger_ui.py took 0.490 seconds
[2026-03-09T00:34:53.676+0000] {processor.py:161} INFO - Started process (PID=3963) to work on /home/airflow/.local/lib/python3.8/site-packages/airflow/example_dags/example_params_trigger_ui.py
[2026-03-09T00:34:53.684+0000] {processor.py:830} INFO - Processing file /home/airflow/.local/lib/python3.8/site-packages/airflow/example_dags/example_params_trigger_ui.py for tasks to queue
[2026-03-09T00:34:53.695+0000] {logging_mixin.py:188} INFO - [2026-03-09T00:34:53.693+0000] {dagbag.py:540} INFO - Filling up the DagBag from /home/airflow/.local/lib/python3.8/site-packages/airflow/example_dags/example_params_trigger_ui.py
[2026-03-09T00:34:53.783+0000] {processor.py:840} INFO - DAG(s) 'example_params_trigger_ui' retrieved from /home/airflow/.local/lib/python3.8/site-packages/airflow/example_dags/example_params_trigger_ui.py
[2026-03-09T00:34:54.635+0000] {logging_mixin.py:188} INFO - [2026-03-09T00:34:54.631+0000] {dag.py:3047} INFO - Sync 1 DAGs
[2026-03-09T00:34:54.702+0000] {logging_mixin.py:188} INFO - [2026-03-09T00:34:54.701+0000] {dag.py:3834} INFO - Setting next_dagrun for example_params_trigger_ui to None, run_after=None
[2026-03-09T00:34:54.813+0000] {processor.py:183} INFO - Processing /home/airflow/.local/lib/python3.8/site-packages/airflow/example_dags/example_params_trigger_ui.py took 1.160 seconds
[2026-03-09T00:35:25.185+0000] {processor.py:161} INFO - Started process (PID=4020) to work on /home/airflow/.local/lib/python3.8/site-packages/airflow/example_dags/example_params_trigger_ui.py
[2026-03-09T00:35:25.189+0000] {processor.py:830} INFO - Processing file /home/airflow/.local/lib/python3.8/site-packages/airflow/example_dags/example_params_trigger_ui.py for tasks to queue
[2026-03-09T00:35:25.198+0000] {logging_mixin.py:188} INFO - [2026-03-09T00:35:25.197+0000] {dagbag.py:540} INFO - Filling up the DagBag from /home/airflow/.local/lib/python3.8/site-packages/airflow/example_dags/example_params_trigger_ui.py
[2026-03-09T00:35:25.277+0000] {processor.py:840} INFO - DAG(s) 'example_params_trigger_ui' retrieved from /home/airflow/.local/lib/python3.8/site-packages/airflow/example_dags/example_params_trigger_ui.py
[2026-03-09T00:35:25.474+0000] {logging_mixin.py:188} INFO - [2026-03-09T00:35:25.474+0000] {dag.py:3047} INFO - Sync 1 DAGs
[2026-03-09T00:35:25.533+0000] {logging_mixin.py:188} INFO - [2026-03-09T00:35:25.532+0000] {dag.py:3834} INFO - Setting next_dagrun for example_params_trigger_ui to None, run_after=None
[2026-03-09T00:35:25.596+0000] {processor.py:183} INFO - Processing /home/airflow/.local/lib/python3.8/site-packages/airflow/example_dags/example_params_trigger_ui.py took 0.424 seconds
[2026-03-09T00:35:55.845+0000] {processor.py:161} INFO - Started process (PID=4076) to work on /home/airflow/.local/lib/python3.8/site-packages/airflow/example_dags/example_params_trigger_ui.py
[2026-03-09T00:35:55.853+0000] {processor.py:830} INFO - Processing file /home/airflow/.local/lib/python3.8/site-packages/airflow/example_dags/example_params_trigger_ui.py for tasks to queue
[2026-03-09T00:35:55.877+0000] {logging_mixin.py:188} INFO - [2026-03-09T00:35:55.876+0000] {dagbag.py:540} INFO - Filling up the DagBag from /home/airflow/.local/lib/python3.8/site-packages/airflow/example_dags/example_params_trigger_ui.py
[2026-03-09T00:35:56.063+0000] {processor.py:840} INFO - DAG(s) 'example_params_trigger_ui' retrieved from /home/airflow/.local/lib/python3.8/site-packages/airflow/example_dags/example_params_trigger_ui.py
[2026-03-09T00:35:56.877+0000] {logging_mixin.py:188} INFO - [2026-03-09T00:35:56.876+0000] {dag.py:3047} INFO - Sync 1 DAGs
[2026-03-09T00:35:56.964+0000] {logging_mixin.py:188} INFO - [2026-03-09T00:35:56.963+0000] {dag.py:3834} INFO - Setting next_dagrun for example_params_trigger_ui to None, run_after=None
[2026-03-09T00:35:57.132+0000] {processor.py:183} INFO - Processing /home/airflow/.local/lib/python3.8/site-packages/airflow/example_dags/example_params_trigger_ui.py took 1.332 seconds
[2026-03-09T00:36:27.563+0000] {processor.py:161} INFO - Started process (PID=4132) to work on /home/airflow/.local/lib/python3.8/site-packages/airflow/example_dags/example_params_trigger_ui.py
[2026-03-09T00:36:27.566+0000] {processor.py:830} INFO - Processing file /home/airflow/.local/lib/python3.8/site-packages/airflow/example_dags/example_params_trigger_ui.py for tasks to queue
[2026-03-09T00:36:27.572+0000] {logging_mixin.py:188} INFO - [2026-03-09T00:36:27.571+0000] {dagbag.py:540} INFO - Filling up the DagBag from /home/airflow/.local/lib/python3.8/site-packages/airflow/example_dags/example_params_trigger_ui.py
[2026-03-09T00:36:27.611+0000] {processor.py:840} INFO - DAG(s) 'example_params_trigger_ui' retrieved from /home/airflow/.local/lib/python3.8/site-packages/airflow/example_dags/example_params_trigger_ui.py
[2026-03-09T00:36:27.755+0000] {logging_mixin.py:188} INFO - [2026-03-09T00:36:27.755+0000] {dag.py:3047} INFO - Sync 1 DAGs
[2026-03-09T00:36:27.784+0000] {logging_mixin.py:188} INFO - [2026-03-09T00:36:27.784+0000] {dag.py:3834} INFO - Setting next_dagrun for example_params_trigger_ui to None, run_after=None
[2026-03-09T00:36:27.838+0000] {processor.py:183} INFO - Processing /home/airflow/.local/lib/python3.8/site-packages/airflow/example_dags/example_params_trigger_ui.py took 0.287 seconds
[2026-03-09T00:36:58.249+0000] {processor.py:161} INFO - Started process (PID=4188) to work on /home/airflow/.local/lib/python3.8/site-packages/airflow/example_dags/example_params_trigger_ui.py
[2026-03-09T00:36:58.251+0000] {processor.py:830} INFO - Processing file /home/airflow/.local/lib/python3.8/site-packages/airflow/example_dags/example_params_trigger_ui.py for tasks to queue
[2026-03-09T00:36:58.256+0000] {logging_mixin.py:188} INFO - [2026-03-09T00:36:58.255+0000] {dagbag.py:540} INFO - Filling up the DagBag from /home/airflow/.local/lib/python3.8/site-packages/airflow/example_dags/example_params_trigger_ui.py
[2026-03-09T00:36:58.289+0000] {processor.py:840} INFO - DAG(s) 'example_params_trigger_ui' retrieved from /home/airflow/.local/lib/python3.8/site-packages/airflow/example_dags/example_params_trigger_ui.py
[2026-03-09T00:36:58.406+0000] {logging_mixin.py:188} INFO - [2026-03-09T00:36:58.405+0000] {dag.py:3047} INFO - Sync 1 DAGs
[2026-03-09T00:36:58.430+0000] {logging_mixin.py:188} INFO - [2026-03-09T00:36:58.430+0000] {dag.py:3834} INFO - Setting next_dagrun for example_params_trigger_ui to None, run_after=None
[2026-03-09T00:36:58.464+0000] {processor.py:183} INFO - Processing /home/airflow/.local/lib/python3.8/site-packages/airflow/example_dags/example_params_trigger_ui.py took 0.223 seconds
[2026-03-09T00:37:29.205+0000] {processor.py:161} INFO - Started process (PID=4245) to work on /home/airflow/.local/lib/python3.8/site-packages/airflow/example_dags/example_params_trigger_ui.py
[2026-03-09T00:37:29.211+0000] {processor.py:830} INFO - Processing file /home/airflow/.local/lib/python3.8/site-packages/airflow/example_dags/example_params_trigger_ui.py for tasks to queue
[2026-03-09T00:37:29.217+0000] {logging_mixin.py:188} INFO - [2026-03-09T00:37:29.216+0000] {dagbag.py:540} INFO - Filling up the DagBag from /home/airflow/.local/lib/python3.8/site-packages/airflow/example_dags/example_params_trigger_ui.py
[2026-03-09T00:37:29.259+0000] {processor.py:840} INFO - DAG(s) 'example_params_trigger_ui' retrieved from /home/airflow/.local/lib/python3.8/site-packages/airflow/example_dags/example_params_trigger_ui.py
[2026-03-09T00:37:29.421+0000] {logging_mixin.py:188} INFO - [2026-03-09T00:37:29.420+0000] {dag.py:3047} INFO - Sync 1 DAGs
[2026-03-09T00:37:29.456+0000] {logging_mixin.py:188} INFO - [2026-03-09T00:37:29.455+0000] {dag.py:3834} INFO - Setting next_dagrun for example_params_trigger_ui to None, run_after=None
[2026-03-09T00:37:29.501+0000] {processor.py:183} INFO - Processing /home/airflow/.local/lib/python3.8/site-packages/airflow/example_dags/example_params_trigger_ui.py took 0.310 seconds
[2026-03-09T00:38:00.339+0000] {processor.py:161} INFO - Started process (PID=4302) to work on /home/airflow/.local/lib/python3.8/site-packages/airflow/example_dags/example_params_trigger_ui.py
[2026-03-09T00:38:00.342+0000] {processor.py:830} INFO - Processing file /home/airflow/.local/lib/python3.8/site-packages/airflow/example_dags/example_params_trigger_ui.py for tasks to queue
[2026-03-09T00:38:00.348+0000] {logging_mixin.py:188} INFO - [2026-03-09T00:38:00.347+0000] {dagbag.py:540} INFO - Filling up the DagBag from /home/airflow/.local/lib/python3.8/site-packages/airflow/example_dags/example_params_trigger_ui.py
[2026-03-09T00:38:00.379+0000] {processor.py:840} INFO - DAG(s) 'example_params_trigger_ui' retrieved from /home/airflow/.local/lib/python3.8/site-packages/airflow/example_dags/example_params_trigger_ui.py
[2026-03-09T00:38:00.482+0000] {logging_mixin.py:188} INFO - [2026-03-09T00:38:00.482+0000] {dag.py:3047} INFO - Sync 1 DAGs
[2026-03-09T00:38:00.506+0000] {logging_mixin.py:188} INFO - [2026-03-09T00:38:00.506+0000] {dag.py:3834} INFO - Setting next_dagrun for example_params_trigger_ui to None, run_after=None
[2026-03-09T00:38:00.548+0000] {processor.py:183} INFO - Processing /home/airflow/.local/lib/python3.8/site-packages/airflow/example_dags/example_params_trigger_ui.py took 0.218 seconds
[2026-03-09T00:38:31.497+0000] {processor.py:161} INFO - Started process (PID=4358) to work on /home/airflow/.local/lib/python3.8/site-packages/airflow/example_dags/example_params_trigger_ui.py
[2026-03-09T00:38:31.500+0000] {processor.py:830} INFO - Processing file /home/airflow/.local/lib/python3.8/site-packages/airflow/example_dags/example_params_trigger_ui.py for tasks to queue
[2026-03-09T00:38:31.506+0000] {logging_mixin.py:188} INFO - [2026-03-09T00:38:31.505+0000] {dagbag.py:540} INFO - Filling up the DagBag from /home/airflow/.local/lib/python3.8/site-packages/airflow/example_dags/example_params_trigger_ui.py
[2026-03-09T00:38:31.555+0000] {processor.py:840} INFO - DAG(s) 'example_params_trigger_ui' retrieved from /home/airflow/.local/lib/python3.8/site-packages/airflow/example_dags/example_params_trigger_ui.py
[2026-03-09T00:38:31.731+0000] {logging_mixin.py:188} INFO - [2026-03-09T00:38:31.730+0000] {dag.py:3047} INFO - Sync 1 DAGs
[2026-03-09T00:38:31.771+0000] {logging_mixin.py:188} INFO - [2026-03-09T00:38:31.770+0000] {dag.py:3834} INFO - Setting next_dagrun for example_params_trigger_ui to None, run_after=None
[2026-03-09T00:38:31.829+0000] {processor.py:183} INFO - Processing /home/airflow/.local/lib/python3.8/site-packages/airflow/example_dags/example_params_trigger_ui.py took 0.346 seconds
