[2026-03-09T00:00:02.625+0000] {processor.py:161} INFO - Started process (PID=246) to work on /home/airflow/.local/lib/python3.8/site-packages/airflow/example_dags/example_sla_dag.py
[2026-03-09T00:00:02.659+0000] {processor.py:830} INFO - Processing file /home/airflow/.local/lib/python3.8/site-packages/airflow/example_dags/example_sla_dag.py for tasks to queue
[2026-03-09T00:00:02.711+0000] {logging_mixin.py:188} INFO - [2026-03-09T00:00:02.710+0000] {dagbag.py:540} INFO - Filling up the DagBag from /home/airflow/.local/lib/python3.8/site-packages/airflow/example_dags/example_sla_dag.py
[2026-03-09T00:00:02.826+0000] {processor.py:840} INFO - DAG(s) 'example_sla_dag' retrieved from /home/airflow/.local/lib/python3.8/site-packages/airflow/example_dags/example_sla_dag.py
[2026-03-09T00:00:03.439+0000] {logging_mixin.py:188} INFO - [2026-03-09T00:00:03.438+0000] {dag.py:3047} INFO - Sync 1 DAGs
[2026-03-09T00:00:03.577+0000] {logging_mixin.py:188} INFO - [2026-03-09T00:00:03.576+0000] {dag.py:3834} INFO - Setting next_dagrun for example_sla_dag to 2026-03-08 23:58:00+00:00, run_after=2026-03-09 00:00:00+00:00
[2026-03-09T00:00:03.651+0000] {processor.py:183} INFO - Processing /home/airflow/.local/lib/python3.8/site-packages/airflow/example_dags/example_sla_dag.py took 1.053 seconds
[2026-03-09T00:00:33.887+0000] {processor.py:161} INFO - Started process (PID=301) to work on /home/airflow/.local/lib/python3.8/site-packages/airflow/example_dags/example_sla_dag.py
[2026-03-09T00:00:33.891+0000] {processor.py:830} INFO - Processing file /home/airflow/.local/lib/python3.8/site-packages/airflow/example_dags/example_sla_dag.py for tasks to queue
[2026-03-09T00:00:33.898+0000] {logging_mixin.py:188} INFO - [2026-03-09T00:00:33.897+0000] {dagbag.py:540} INFO - Filling up the DagBag from /home/airflow/.local/lib/python3.8/site-packages/airflow/example_dags/example_sla_dag.py
[2026-03-09T00:00:33.937+0000] {processor.py:840} INFO - DAG(s) 'example_sla_dag' retrieved from /home/airflow/.local/lib/python3.8/site-packages/airflow/example_dags/example_sla_dag.py
[2026-03-09T00:00:34.057+0000] {logging_mixin.py:188} INFO - [2026-03-09T00:00:34.056+0000] {dag.py:3047} INFO - Sync 1 DAGs
[2026-03-09T00:00:34.192+0000] {logging_mixin.py:188} INFO - [2026-03-09T00:00:34.192+0000] {dag.py:3834} INFO - Setting next_dagrun for example_sla_dag to 2026-03-08 23:58:00+00:00, run_after=2026-03-09 00:00:00+00:00
[2026-03-09T00:00:34.283+0000] {processor.py:183} INFO - Processing /home/airflow/.local/lib/python3.8/site-packages/airflow/example_dags/example_sla_dag.py took 0.410 seconds
[2026-03-09T00:01:07.411+0000] {processor.py:161} INFO - Started process (PID=356) to work on /home/airflow/.local/lib/python3.8/site-packages/airflow/example_dags/example_sla_dag.py
[2026-03-09T00:01:07.424+0000] {processor.py:830} INFO - Processing file /home/airflow/.local/lib/python3.8/site-packages/airflow/example_dags/example_sla_dag.py for tasks to queue
[2026-03-09T00:01:07.439+0000] {logging_mixin.py:188} INFO - [2026-03-09T00:01:07.433+0000] {dagbag.py:540} INFO - Filling up the DagBag from /home/airflow/.local/lib/python3.8/site-packages/airflow/example_dags/example_sla_dag.py
[2026-03-09T00:01:07.595+0000] {processor.py:840} INFO - DAG(s) 'example_sla_dag' retrieved from /home/airflow/.local/lib/python3.8/site-packages/airflow/example_dags/example_sla_dag.py
[2026-03-09T00:01:07.865+0000] {logging_mixin.py:188} INFO - [2026-03-09T00:01:07.862+0000] {dag.py:3047} INFO - Sync 1 DAGs
[2026-03-09T00:01:08.128+0000] {logging_mixin.py:188} INFO - [2026-03-09T00:01:08.127+0000] {dag.py:3834} INFO - Setting next_dagrun for example_sla_dag to 2026-03-08 23:58:00+00:00, run_after=2026-03-09 00:00:00+00:00
[2026-03-09T00:01:08.287+0000] {processor.py:183} INFO - Processing /home/airflow/.local/lib/python3.8/site-packages/airflow/example_dags/example_sla_dag.py took 0.898 seconds
[2026-03-09T00:01:39.283+0000] {processor.py:161} INFO - Started process (PID=410) to work on /home/airflow/.local/lib/python3.8/site-packages/airflow/example_dags/example_sla_dag.py
[2026-03-09T00:01:39.288+0000] {processor.py:830} INFO - Processing file /home/airflow/.local/lib/python3.8/site-packages/airflow/example_dags/example_sla_dag.py for tasks to queue
[2026-03-09T00:01:39.296+0000] {logging_mixin.py:188} INFO - [2026-03-09T00:01:39.295+0000] {dagbag.py:540} INFO - Filling up the DagBag from /home/airflow/.local/lib/python3.8/site-packages/airflow/example_dags/example_sla_dag.py
[2026-03-09T00:01:39.360+0000] {processor.py:840} INFO - DAG(s) 'example_sla_dag' retrieved from /home/airflow/.local/lib/python3.8/site-packages/airflow/example_dags/example_sla_dag.py
[2026-03-09T00:01:39.428+0000] {logging_mixin.py:188} INFO - [2026-03-09T00:01:39.428+0000] {dag.py:3047} INFO - Sync 1 DAGs
[2026-03-09T00:01:39.511+0000] {logging_mixin.py:188} INFO - [2026-03-09T00:01:39.510+0000] {dag.py:3834} INFO - Setting next_dagrun for example_sla_dag to 2026-03-08 23:58:00+00:00, run_after=2026-03-09 00:00:00+00:00
[2026-03-09T00:01:39.618+0000] {processor.py:183} INFO - Processing /home/airflow/.local/lib/python3.8/site-packages/airflow/example_dags/example_sla_dag.py took 0.357 seconds
[2026-03-09T00:02:09.894+0000] {processor.py:161} INFO - Started process (PID=465) to work on /home/airflow/.local/lib/python3.8/site-packages/airflow/example_dags/example_sla_dag.py
[2026-03-09T00:02:09.909+0000] {processor.py:830} INFO - Processing file /home/airflow/.local/lib/python3.8/site-packages/airflow/example_dags/example_sla_dag.py for tasks to queue
[2026-03-09T00:02:09.929+0000] {logging_mixin.py:188} INFO - [2026-03-09T00:02:09.928+0000] {dagbag.py:540} INFO - Filling up the DagBag from /home/airflow/.local/lib/python3.8/site-packages/airflow/example_dags/example_sla_dag.py
[2026-03-09T00:02:09.988+0000] {processor.py:840} INFO - DAG(s) 'example_sla_dag' retrieved from /home/airflow/.local/lib/python3.8/site-packages/airflow/example_dags/example_sla_dag.py
[2026-03-09T00:02:10.136+0000] {logging_mixin.py:188} INFO - [2026-03-09T00:02:10.135+0000] {dag.py:3047} INFO - Sync 1 DAGs
[2026-03-09T00:02:10.257+0000] {logging_mixin.py:188} INFO - [2026-03-09T00:02:10.256+0000] {dag.py:3834} INFO - Setting next_dagrun for example_sla_dag to 2026-03-09 00:00:00+00:00, run_after=2026-03-09 00:02:00+00:00
[2026-03-09T00:02:10.313+0000] {processor.py:183} INFO - Processing /home/airflow/.local/lib/python3.8/site-packages/airflow/example_dags/example_sla_dag.py took 0.438 seconds
[2026-03-09T00:02:40.548+0000] {processor.py:161} INFO - Started process (PID=521) to work on /home/airflow/.local/lib/python3.8/site-packages/airflow/example_dags/example_sla_dag.py
[2026-03-09T00:02:40.554+0000] {processor.py:830} INFO - Processing file /home/airflow/.local/lib/python3.8/site-packages/airflow/example_dags/example_sla_dag.py for tasks to queue
[2026-03-09T00:02:40.561+0000] {logging_mixin.py:188} INFO - [2026-03-09T00:02:40.560+0000] {dagbag.py:540} INFO - Filling up the DagBag from /home/airflow/.local/lib/python3.8/site-packages/airflow/example_dags/example_sla_dag.py
[2026-03-09T00:02:40.588+0000] {processor.py:840} INFO - DAG(s) 'example_sla_dag' retrieved from /home/airflow/.local/lib/python3.8/site-packages/airflow/example_dags/example_sla_dag.py
[2026-03-09T00:02:40.692+0000] {logging_mixin.py:188} INFO - [2026-03-09T00:02:40.692+0000] {dag.py:3047} INFO - Sync 1 DAGs
[2026-03-09T00:02:40.806+0000] {logging_mixin.py:188} INFO - [2026-03-09T00:02:40.805+0000] {dag.py:3834} INFO - Setting next_dagrun for example_sla_dag to 2026-03-09 00:00:00+00:00, run_after=2026-03-09 00:02:00+00:00
[2026-03-09T00:02:40.881+0000] {processor.py:183} INFO - Processing /home/airflow/.local/lib/python3.8/site-packages/airflow/example_dags/example_sla_dag.py took 0.343 seconds
[2026-03-09T00:03:12.484+0000] {processor.py:161} INFO - Started process (PID=576) to work on /home/airflow/.local/lib/python3.8/site-packages/airflow/example_dags/example_sla_dag.py
[2026-03-09T00:03:12.494+0000] {processor.py:830} INFO - Processing file /home/airflow/.local/lib/python3.8/site-packages/airflow/example_dags/example_sla_dag.py for tasks to queue
[2026-03-09T00:03:12.512+0000] {logging_mixin.py:188} INFO - [2026-03-09T00:03:12.510+0000] {dagbag.py:540} INFO - Filling up the DagBag from /home/airflow/.local/lib/python3.8/site-packages/airflow/example_dags/example_sla_dag.py
[2026-03-09T00:03:12.636+0000] {processor.py:840} INFO - DAG(s) 'example_sla_dag' retrieved from /home/airflow/.local/lib/python3.8/site-packages/airflow/example_dags/example_sla_dag.py
[2026-03-09T00:03:12.780+0000] {logging_mixin.py:188} INFO - [2026-03-09T00:03:12.779+0000] {dag.py:3047} INFO - Sync 1 DAGs
[2026-03-09T00:03:12.936+0000] {logging_mixin.py:188} INFO - [2026-03-09T00:03:12.935+0000] {dag.py:3834} INFO - Setting next_dagrun for example_sla_dag to 2026-03-09 00:00:00+00:00, run_after=2026-03-09 00:02:00+00:00
[2026-03-09T00:03:13.039+0000] {processor.py:183} INFO - Processing /home/airflow/.local/lib/python3.8/site-packages/airflow/example_dags/example_sla_dag.py took 0.599 seconds
[2026-03-09T00:03:43.516+0000] {processor.py:161} INFO - Started process (PID=629) to work on /home/airflow/.local/lib/python3.8/site-packages/airflow/example_dags/example_sla_dag.py
[2026-03-09T00:03:43.520+0000] {processor.py:830} INFO - Processing file /home/airflow/.local/lib/python3.8/site-packages/airflow/example_dags/example_sla_dag.py for tasks to queue
[2026-03-09T00:03:43.530+0000] {logging_mixin.py:188} INFO - [2026-03-09T00:03:43.528+0000] {dagbag.py:540} INFO - Filling up the DagBag from /home/airflow/.local/lib/python3.8/site-packages/airflow/example_dags/example_sla_dag.py
[2026-03-09T00:03:43.568+0000] {processor.py:840} INFO - DAG(s) 'example_sla_dag' retrieved from /home/airflow/.local/lib/python3.8/site-packages/airflow/example_dags/example_sla_dag.py
[2026-03-09T00:03:43.667+0000] {logging_mixin.py:188} INFO - [2026-03-09T00:03:43.666+0000] {dag.py:3047} INFO - Sync 1 DAGs
[2026-03-09T00:03:43.777+0000] {logging_mixin.py:188} INFO - [2026-03-09T00:03:43.776+0000] {dag.py:3834} INFO - Setting next_dagrun for example_sla_dag to 2026-03-09 00:00:00+00:00, run_after=2026-03-09 00:02:00+00:00
[2026-03-09T00:03:43.842+0000] {processor.py:183} INFO - Processing /home/airflow/.local/lib/python3.8/site-packages/airflow/example_dags/example_sla_dag.py took 0.342 seconds
[2026-03-09T00:04:14.548+0000] {processor.py:161} INFO - Started process (PID=684) to work on /home/airflow/.local/lib/python3.8/site-packages/airflow/example_dags/example_sla_dag.py
[2026-03-09T00:04:14.552+0000] {processor.py:830} INFO - Processing file /home/airflow/.local/lib/python3.8/site-packages/airflow/example_dags/example_sla_dag.py for tasks to queue
[2026-03-09T00:04:14.560+0000] {logging_mixin.py:188} INFO - [2026-03-09T00:04:14.559+0000] {dagbag.py:540} INFO - Filling up the DagBag from /home/airflow/.local/lib/python3.8/site-packages/airflow/example_dags/example_sla_dag.py
[2026-03-09T00:04:14.597+0000] {processor.py:840} INFO - DAG(s) 'example_sla_dag' retrieved from /home/airflow/.local/lib/python3.8/site-packages/airflow/example_dags/example_sla_dag.py
[2026-03-09T00:04:14.694+0000] {logging_mixin.py:188} INFO - [2026-03-09T00:04:14.693+0000] {dag.py:3047} INFO - Sync 1 DAGs
[2026-03-09T00:04:14.818+0000] {logging_mixin.py:188} INFO - [2026-03-09T00:04:14.817+0000] {dag.py:3834} INFO - Setting next_dagrun for example_sla_dag to 2026-03-09 00:02:00+00:00, run_after=2026-03-09 00:04:00+00:00
[2026-03-09T00:04:14.916+0000] {processor.py:183} INFO - Processing /home/airflow/.local/lib/python3.8/site-packages/airflow/example_dags/example_sla_dag.py took 0.380 seconds
[2026-03-09T00:04:45.208+0000] {processor.py:161} INFO - Started process (PID=739) to work on /home/airflow/.local/lib/python3.8/site-packages/airflow/example_dags/example_sla_dag.py
[2026-03-09T00:04:45.213+0000] {processor.py:830} INFO - Processing file /home/airflow/.local/lib/python3.8/site-packages/airflow/example_dags/example_sla_dag.py for tasks to queue
[2026-03-09T00:04:45.222+0000] {logging_mixin.py:188} INFO - [2026-03-09T00:04:45.220+0000] {dagbag.py:540} INFO - Filling up the DagBag from /home/airflow/.local/lib/python3.8/site-packages/airflow/example_dags/example_sla_dag.py
[2026-03-09T00:04:45.258+0000] {processor.py:840} INFO - DAG(s) 'example_sla_dag' retrieved from /home/airflow/.local/lib/python3.8/site-packages/airflow/example_dags/example_sla_dag.py
[2026-03-09T00:04:45.309+0000] {logging_mixin.py:188} INFO - [2026-03-09T00:04:45.308+0000] {dag.py:3047} INFO - Sync 1 DAGs
[2026-03-09T00:04:45.355+0000] {logging_mixin.py:188} INFO - [2026-03-09T00:04:45.355+0000] {dag.py:3834} INFO - Setting next_dagrun for example_sla_dag to 2026-03-09 00:02:00+00:00, run_after=2026-03-09 00:04:00+00:00
[2026-03-09T00:04:45.396+0000] {processor.py:183} INFO - Processing /home/airflow/.local/lib/python3.8/site-packages/airflow/example_dags/example_sla_dag.py took 0.200 seconds
[2026-03-09T00:05:16.241+0000] {processor.py:161} INFO - Started process (PID=794) to work on /home/airflow/.local/lib/python3.8/site-packages/airflow/example_dags/example_sla_dag.py
[2026-03-09T00:05:16.245+0000] {processor.py:830} INFO - Processing file /home/airflow/.local/lib/python3.8/site-packages/airflow/example_dags/example_sla_dag.py for tasks to queue
[2026-03-09T00:05:16.254+0000] {logging_mixin.py:188} INFO - [2026-03-09T00:05:16.253+0000] {dagbag.py:540} INFO - Filling up the DagBag from /home/airflow/.local/lib/python3.8/site-packages/airflow/example_dags/example_sla_dag.py
[2026-03-09T00:05:16.283+0000] {processor.py:840} INFO - DAG(s) 'example_sla_dag' retrieved from /home/airflow/.local/lib/python3.8/site-packages/airflow/example_dags/example_sla_dag.py
[2026-03-09T00:05:16.327+0000] {logging_mixin.py:188} INFO - [2026-03-09T00:05:16.326+0000] {dag.py:3047} INFO - Sync 1 DAGs
[2026-03-09T00:05:16.388+0000] {logging_mixin.py:188} INFO - [2026-03-09T00:05:16.387+0000] {dag.py:3834} INFO - Setting next_dagrun for example_sla_dag to 2026-03-09 00:02:00+00:00, run_after=2026-03-09 00:04:00+00:00
[2026-03-09T00:05:16.439+0000] {processor.py:183} INFO - Processing /home/airflow/.local/lib/python3.8/site-packages/airflow/example_dags/example_sla_dag.py took 0.206 seconds
[2026-03-09T00:05:46.994+0000] {processor.py:161} INFO - Started process (PID=850) to work on /home/airflow/.local/lib/python3.8/site-packages/airflow/example_dags/example_sla_dag.py
[2026-03-09T00:05:47.004+0000] {processor.py:830} INFO - Processing file /home/airflow/.local/lib/python3.8/site-packages/airflow/example_dags/example_sla_dag.py for tasks to queue
[2026-03-09T00:05:47.010+0000] {logging_mixin.py:188} INFO - [2026-03-09T00:05:47.009+0000] {dagbag.py:540} INFO - Filling up the DagBag from /home/airflow/.local/lib/python3.8/site-packages/airflow/example_dags/example_sla_dag.py
[2026-03-09T00:05:47.098+0000] {processor.py:840} INFO - DAG(s) 'example_sla_dag' retrieved from /home/airflow/.local/lib/python3.8/site-packages/airflow/example_dags/example_sla_dag.py
[2026-03-09T00:05:47.226+0000] {logging_mixin.py:188} INFO - [2026-03-09T00:05:47.223+0000] {dag.py:3047} INFO - Sync 1 DAGs
[2026-03-09T00:05:47.397+0000] {logging_mixin.py:188} INFO - [2026-03-09T00:05:47.396+0000] {dag.py:3834} INFO - Setting next_dagrun for example_sla_dag to 2026-03-09 00:02:00+00:00, run_after=2026-03-09 00:04:00+00:00
[2026-03-09T00:05:47.463+0000] {processor.py:183} INFO - Processing /home/airflow/.local/lib/python3.8/site-packages/airflow/example_dags/example_sla_dag.py took 0.499 seconds
[2026-03-09T00:06:18.210+0000] {processor.py:161} INFO - Started process (PID=905) to work on /home/airflow/.local/lib/python3.8/site-packages/airflow/example_dags/example_sla_dag.py
[2026-03-09T00:06:18.215+0000] {processor.py:830} INFO - Processing file /home/airflow/.local/lib/python3.8/site-packages/airflow/example_dags/example_sla_dag.py for tasks to queue
[2026-03-09T00:06:18.231+0000] {logging_mixin.py:188} INFO - [2026-03-09T00:06:18.227+0000] {dagbag.py:540} INFO - Filling up the DagBag from /home/airflow/.local/lib/python3.8/site-packages/airflow/example_dags/example_sla_dag.py
[2026-03-09T00:06:18.286+0000] {processor.py:840} INFO - DAG(s) 'example_sla_dag' retrieved from /home/airflow/.local/lib/python3.8/site-packages/airflow/example_dags/example_sla_dag.py
[2026-03-09T00:06:18.415+0000] {logging_mixin.py:188} INFO - [2026-03-09T00:06:18.414+0000] {dag.py:3047} INFO - Sync 1 DAGs
[2026-03-09T00:06:18.547+0000] {logging_mixin.py:188} INFO - [2026-03-09T00:06:18.545+0000] {dag.py:3834} INFO - Setting next_dagrun for example_sla_dag to 2026-03-09 00:04:00+00:00, run_after=2026-03-09 00:06:00+00:00
[2026-03-09T00:06:18.693+0000] {processor.py:183} INFO - Processing /home/airflow/.local/lib/python3.8/site-packages/airflow/example_dags/example_sla_dag.py took 0.500 seconds
[2026-03-09T00:06:49.502+0000] {processor.py:161} INFO - Started process (PID=961) to work on /home/airflow/.local/lib/python3.8/site-packages/airflow/example_dags/example_sla_dag.py
[2026-03-09T00:06:49.517+0000] {processor.py:830} INFO - Processing file /home/airflow/.local/lib/python3.8/site-packages/airflow/example_dags/example_sla_dag.py for tasks to queue
[2026-03-09T00:06:49.525+0000] {logging_mixin.py:188} INFO - [2026-03-09T00:06:49.524+0000] {dagbag.py:540} INFO - Filling up the DagBag from /home/airflow/.local/lib/python3.8/site-packages/airflow/example_dags/example_sla_dag.py
[2026-03-09T00:06:49.583+0000] {processor.py:840} INFO - DAG(s) 'example_sla_dag' retrieved from /home/airflow/.local/lib/python3.8/site-packages/airflow/example_dags/example_sla_dag.py
[2026-03-09T00:06:49.728+0000] {logging_mixin.py:188} INFO - [2026-03-09T00:06:49.727+0000] {dag.py:3047} INFO - Sync 1 DAGs
[2026-03-09T00:06:49.980+0000] {logging_mixin.py:188} INFO - [2026-03-09T00:06:49.979+0000] {dag.py:3834} INFO - Setting next_dagrun for example_sla_dag to 2026-03-09 00:04:00+00:00, run_after=2026-03-09 00:06:00+00:00
[2026-03-09T00:06:50.131+0000] {processor.py:183} INFO - Processing /home/airflow/.local/lib/python3.8/site-packages/airflow/example_dags/example_sla_dag.py took 0.664 seconds
[2026-03-09T00:07:21.117+0000] {processor.py:161} INFO - Started process (PID=1016) to work on /home/airflow/.local/lib/python3.8/site-packages/airflow/example_dags/example_sla_dag.py
[2026-03-09T00:07:21.122+0000] {processor.py:830} INFO - Processing file /home/airflow/.local/lib/python3.8/site-packages/airflow/example_dags/example_sla_dag.py for tasks to queue
[2026-03-09T00:07:21.128+0000] {logging_mixin.py:188} INFO - [2026-03-09T00:07:21.128+0000] {dagbag.py:540} INFO - Filling up the DagBag from /home/airflow/.local/lib/python3.8/site-packages/airflow/example_dags/example_sla_dag.py
[2026-03-09T00:07:21.161+0000] {processor.py:840} INFO - DAG(s) 'example_sla_dag' retrieved from /home/airflow/.local/lib/python3.8/site-packages/airflow/example_dags/example_sla_dag.py
[2026-03-09T00:07:21.221+0000] {logging_mixin.py:188} INFO - [2026-03-09T00:07:21.220+0000] {dag.py:3047} INFO - Sync 1 DAGs
[2026-03-09T00:07:21.290+0000] {logging_mixin.py:188} INFO - [2026-03-09T00:07:21.289+0000] {dag.py:3834} INFO - Setting next_dagrun for example_sla_dag to 2026-03-09 00:04:00+00:00, run_after=2026-03-09 00:06:00+00:00
[2026-03-09T00:07:21.349+0000] {processor.py:183} INFO - Processing /home/airflow/.local/lib/python3.8/site-packages/airflow/example_dags/example_sla_dag.py took 0.244 seconds
[2026-03-09T00:07:51.825+0000] {processor.py:161} INFO - Started process (PID=1071) to work on /home/airflow/.local/lib/python3.8/site-packages/airflow/example_dags/example_sla_dag.py
[2026-03-09T00:07:51.831+0000] {processor.py:830} INFO - Processing file /home/airflow/.local/lib/python3.8/site-packages/airflow/example_dags/example_sla_dag.py for tasks to queue
[2026-03-09T00:07:51.843+0000] {logging_mixin.py:188} INFO - [2026-03-09T00:07:51.841+0000] {dagbag.py:540} INFO - Filling up the DagBag from /home/airflow/.local/lib/python3.8/site-packages/airflow/example_dags/example_sla_dag.py
[2026-03-09T00:07:51.902+0000] {processor.py:840} INFO - DAG(s) 'example_sla_dag' retrieved from /home/airflow/.local/lib/python3.8/site-packages/airflow/example_dags/example_sla_dag.py
[2026-03-09T00:07:52.032+0000] {logging_mixin.py:188} INFO - [2026-03-09T00:07:52.031+0000] {dag.py:3047} INFO - Sync 1 DAGs
[2026-03-09T00:07:52.163+0000] {logging_mixin.py:188} INFO - [2026-03-09T00:07:52.162+0000] {dag.py:3834} INFO - Setting next_dagrun for example_sla_dag to 2026-03-09 00:04:00+00:00, run_after=2026-03-09 00:06:00+00:00
[2026-03-09T00:07:52.279+0000] {processor.py:183} INFO - Processing /home/airflow/.local/lib/python3.8/site-packages/airflow/example_dags/example_sla_dag.py took 0.480 seconds
[2026-03-09T00:08:22.698+0000] {processor.py:161} INFO - Started process (PID=1127) to work on /home/airflow/.local/lib/python3.8/site-packages/airflow/example_dags/example_sla_dag.py
[2026-03-09T00:08:22.702+0000] {processor.py:830} INFO - Processing file /home/airflow/.local/lib/python3.8/site-packages/airflow/example_dags/example_sla_dag.py for tasks to queue
[2026-03-09T00:08:22.710+0000] {logging_mixin.py:188} INFO - [2026-03-09T00:08:22.709+0000] {dagbag.py:540} INFO - Filling up the DagBag from /home/airflow/.local/lib/python3.8/site-packages/airflow/example_dags/example_sla_dag.py
[2026-03-09T00:08:22.741+0000] {processor.py:840} INFO - DAG(s) 'example_sla_dag' retrieved from /home/airflow/.local/lib/python3.8/site-packages/airflow/example_dags/example_sla_dag.py
[2026-03-09T00:08:22.839+0000] {logging_mixin.py:188} INFO - [2026-03-09T00:08:22.839+0000] {dag.py:3047} INFO - Sync 1 DAGs
[2026-03-09T00:08:22.942+0000] {logging_mixin.py:188} INFO - [2026-03-09T00:08:22.941+0000] {dag.py:3834} INFO - Setting next_dagrun for example_sla_dag to 2026-03-09 00:06:00+00:00, run_after=2026-03-09 00:08:00+00:00
[2026-03-09T00:08:23.041+0000] {processor.py:183} INFO - Processing /home/airflow/.local/lib/python3.8/site-packages/airflow/example_dags/example_sla_dag.py took 0.352 seconds
[2026-03-09T00:08:53.466+0000] {processor.py:161} INFO - Started process (PID=1183) to work on /home/airflow/.local/lib/python3.8/site-packages/airflow/example_dags/example_sla_dag.py
[2026-03-09T00:08:53.472+0000] {processor.py:830} INFO - Processing file /home/airflow/.local/lib/python3.8/site-packages/airflow/example_dags/example_sla_dag.py for tasks to queue
[2026-03-09T00:08:53.481+0000] {logging_mixin.py:188} INFO - [2026-03-09T00:08:53.480+0000] {dagbag.py:540} INFO - Filling up the DagBag from /home/airflow/.local/lib/python3.8/site-packages/airflow/example_dags/example_sla_dag.py
[2026-03-09T00:08:53.531+0000] {processor.py:840} INFO - DAG(s) 'example_sla_dag' retrieved from /home/airflow/.local/lib/python3.8/site-packages/airflow/example_dags/example_sla_dag.py
[2026-03-09T00:08:53.637+0000] {logging_mixin.py:188} INFO - [2026-03-09T00:08:53.636+0000] {dag.py:3047} INFO - Sync 1 DAGs
[2026-03-09T00:08:53.752+0000] {logging_mixin.py:188} INFO - [2026-03-09T00:08:53.752+0000] {dag.py:3834} INFO - Setting next_dagrun for example_sla_dag to 2026-03-09 00:06:00+00:00, run_after=2026-03-09 00:08:00+00:00
[2026-03-09T00:08:53.856+0000] {processor.py:183} INFO - Processing /home/airflow/.local/lib/python3.8/site-packages/airflow/example_dags/example_sla_dag.py took 0.408 seconds
[2026-03-09T00:09:24.017+0000] {processor.py:161} INFO - Started process (PID=1239) to work on /home/airflow/.local/lib/python3.8/site-packages/airflow/example_dags/example_sla_dag.py
[2026-03-09T00:09:24.021+0000] {processor.py:830} INFO - Processing file /home/airflow/.local/lib/python3.8/site-packages/airflow/example_dags/example_sla_dag.py for tasks to queue
[2026-03-09T00:09:24.030+0000] {logging_mixin.py:188} INFO - [2026-03-09T00:09:24.028+0000] {dagbag.py:540} INFO - Filling up the DagBag from /home/airflow/.local/lib/python3.8/site-packages/airflow/example_dags/example_sla_dag.py
[2026-03-09T00:09:24.057+0000] {processor.py:840} INFO - DAG(s) 'example_sla_dag' retrieved from /home/airflow/.local/lib/python3.8/site-packages/airflow/example_dags/example_sla_dag.py
[2026-03-09T00:09:24.116+0000] {logging_mixin.py:188} INFO - [2026-03-09T00:09:24.115+0000] {dag.py:3047} INFO - Sync 1 DAGs
[2026-03-09T00:09:24.190+0000] {logging_mixin.py:188} INFO - [2026-03-09T00:09:24.190+0000] {dag.py:3834} INFO - Setting next_dagrun for example_sla_dag to 2026-03-09 00:06:00+00:00, run_after=2026-03-09 00:08:00+00:00
[2026-03-09T00:09:24.252+0000] {processor.py:183} INFO - Processing /home/airflow/.local/lib/python3.8/site-packages/airflow/example_dags/example_sla_dag.py took 0.250 seconds
[2026-03-09T00:09:55.135+0000] {processor.py:161} INFO - Started process (PID=1294) to work on /home/airflow/.local/lib/python3.8/site-packages/airflow/example_dags/example_sla_dag.py
[2026-03-09T00:09:55.154+0000] {processor.py:830} INFO - Processing file /home/airflow/.local/lib/python3.8/site-packages/airflow/example_dags/example_sla_dag.py for tasks to queue
[2026-03-09T00:09:55.196+0000] {logging_mixin.py:188} INFO - [2026-03-09T00:09:55.195+0000] {dagbag.py:540} INFO - Filling up the DagBag from /home/airflow/.local/lib/python3.8/site-packages/airflow/example_dags/example_sla_dag.py
[2026-03-09T00:09:55.341+0000] {processor.py:840} INFO - DAG(s) 'example_sla_dag' retrieved from /home/airflow/.local/lib/python3.8/site-packages/airflow/example_dags/example_sla_dag.py
[2026-03-09T00:09:55.608+0000] {logging_mixin.py:188} INFO - [2026-03-09T00:09:55.607+0000] {dag.py:3047} INFO - Sync 1 DAGs
[2026-03-09T00:09:56.069+0000] {logging_mixin.py:188} INFO - [2026-03-09T00:09:56.068+0000] {dag.py:3834} INFO - Setting next_dagrun for example_sla_dag to 2026-03-09 00:06:00+00:00, run_after=2026-03-09 00:08:00+00:00
[2026-03-09T00:09:56.470+0000] {processor.py:183} INFO - Processing /home/airflow/.local/lib/python3.8/site-packages/airflow/example_dags/example_sla_dag.py took 1.386 seconds
[2026-03-09T00:10:27.375+0000] {processor.py:161} INFO - Started process (PID=1350) to work on /home/airflow/.local/lib/python3.8/site-packages/airflow/example_dags/example_sla_dag.py
[2026-03-09T00:10:27.381+0000] {processor.py:830} INFO - Processing file /home/airflow/.local/lib/python3.8/site-packages/airflow/example_dags/example_sla_dag.py for tasks to queue
[2026-03-09T00:10:27.389+0000] {logging_mixin.py:188} INFO - [2026-03-09T00:10:27.388+0000] {dagbag.py:540} INFO - Filling up the DagBag from /home/airflow/.local/lib/python3.8/site-packages/airflow/example_dags/example_sla_dag.py
[2026-03-09T00:10:27.432+0000] {processor.py:840} INFO - DAG(s) 'example_sla_dag' retrieved from /home/airflow/.local/lib/python3.8/site-packages/airflow/example_dags/example_sla_dag.py
[2026-03-09T00:10:27.510+0000] {logging_mixin.py:188} INFO - [2026-03-09T00:10:27.509+0000] {dag.py:3047} INFO - Sync 1 DAGs
[2026-03-09T00:10:27.632+0000] {logging_mixin.py:188} INFO - [2026-03-09T00:10:27.632+0000] {dag.py:3834} INFO - Setting next_dagrun for example_sla_dag to 2026-03-09 00:08:00+00:00, run_after=2026-03-09 00:10:00+00:00
[2026-03-09T00:10:27.709+0000] {processor.py:183} INFO - Processing /home/airflow/.local/lib/python3.8/site-packages/airflow/example_dags/example_sla_dag.py took 0.353 seconds
[2026-03-09T00:10:58.054+0000] {processor.py:161} INFO - Started process (PID=1407) to work on /home/airflow/.local/lib/python3.8/site-packages/airflow/example_dags/example_sla_dag.py
[2026-03-09T00:10:58.058+0000] {processor.py:830} INFO - Processing file /home/airflow/.local/lib/python3.8/site-packages/airflow/example_dags/example_sla_dag.py for tasks to queue
[2026-03-09T00:10:58.064+0000] {logging_mixin.py:188} INFO - [2026-03-09T00:10:58.063+0000] {dagbag.py:540} INFO - Filling up the DagBag from /home/airflow/.local/lib/python3.8/site-packages/airflow/example_dags/example_sla_dag.py
[2026-03-09T00:10:58.102+0000] {processor.py:840} INFO - DAG(s) 'example_sla_dag' retrieved from /home/airflow/.local/lib/python3.8/site-packages/airflow/example_dags/example_sla_dag.py
[2026-03-09T00:10:58.160+0000] {logging_mixin.py:188} INFO - [2026-03-09T00:10:58.160+0000] {dag.py:3047} INFO - Sync 1 DAGs
[2026-03-09T00:10:58.254+0000] {logging_mixin.py:188} INFO - [2026-03-09T00:10:58.253+0000] {dag.py:3834} INFO - Setting next_dagrun for example_sla_dag to 2026-03-09 00:08:00+00:00, run_after=2026-03-09 00:10:00+00:00
[2026-03-09T00:10:58.343+0000] {processor.py:183} INFO - Processing /home/airflow/.local/lib/python3.8/site-packages/airflow/example_dags/example_sla_dag.py took 0.312 seconds
[2026-03-09T00:11:29.231+0000] {processor.py:161} INFO - Started process (PID=1462) to work on /home/airflow/.local/lib/python3.8/site-packages/airflow/example_dags/example_sla_dag.py
[2026-03-09T00:11:29.234+0000] {processor.py:830} INFO - Processing file /home/airflow/.local/lib/python3.8/site-packages/airflow/example_dags/example_sla_dag.py for tasks to queue
[2026-03-09T00:11:29.241+0000] {logging_mixin.py:188} INFO - [2026-03-09T00:11:29.240+0000] {dagbag.py:540} INFO - Filling up the DagBag from /home/airflow/.local/lib/python3.8/site-packages/airflow/example_dags/example_sla_dag.py
[2026-03-09T00:11:29.267+0000] {processor.py:840} INFO - DAG(s) 'example_sla_dag' retrieved from /home/airflow/.local/lib/python3.8/site-packages/airflow/example_dags/example_sla_dag.py
[2026-03-09T00:11:29.333+0000] {logging_mixin.py:188} INFO - [2026-03-09T00:11:29.333+0000] {dag.py:3047} INFO - Sync 1 DAGs
[2026-03-09T00:11:29.405+0000] {logging_mixin.py:188} INFO - [2026-03-09T00:11:29.404+0000] {dag.py:3834} INFO - Setting next_dagrun for example_sla_dag to 2026-03-09 00:08:00+00:00, run_after=2026-03-09 00:10:00+00:00
[2026-03-09T00:11:29.468+0000] {processor.py:183} INFO - Processing /home/airflow/.local/lib/python3.8/site-packages/airflow/example_dags/example_sla_dag.py took 0.251 seconds
[2026-03-09T00:12:00.610+0000] {processor.py:161} INFO - Started process (PID=1517) to work on /home/airflow/.local/lib/python3.8/site-packages/airflow/example_dags/example_sla_dag.py
[2026-03-09T00:12:00.628+0000] {processor.py:830} INFO - Processing file /home/airflow/.local/lib/python3.8/site-packages/airflow/example_dags/example_sla_dag.py for tasks to queue
[2026-03-09T00:12:00.657+0000] {logging_mixin.py:188} INFO - [2026-03-09T00:12:00.655+0000] {dagbag.py:540} INFO - Filling up the DagBag from /home/airflow/.local/lib/python3.8/site-packages/airflow/example_dags/example_sla_dag.py
[2026-03-09T00:12:00.781+0000] {processor.py:840} INFO - DAG(s) 'example_sla_dag' retrieved from /home/airflow/.local/lib/python3.8/site-packages/airflow/example_dags/example_sla_dag.py
[2026-03-09T00:12:00.980+0000] {logging_mixin.py:188} INFO - [2026-03-09T00:12:00.977+0000] {dag.py:3047} INFO - Sync 1 DAGs
[2026-03-09T00:12:01.136+0000] {logging_mixin.py:188} INFO - [2026-03-09T00:12:01.135+0000] {dag.py:3834} INFO - Setting next_dagrun for example_sla_dag to 2026-03-09 00:10:00+00:00, run_after=2026-03-09 00:12:00+00:00
[2026-03-09T00:12:01.306+0000] {processor.py:183} INFO - Processing /home/airflow/.local/lib/python3.8/site-packages/airflow/example_dags/example_sla_dag.py took 0.790 seconds
[2026-03-09T00:12:31.849+0000] {processor.py:161} INFO - Started process (PID=1573) to work on /home/airflow/.local/lib/python3.8/site-packages/airflow/example_dags/example_sla_dag.py
[2026-03-09T00:12:31.852+0000] {processor.py:830} INFO - Processing file /home/airflow/.local/lib/python3.8/site-packages/airflow/example_dags/example_sla_dag.py for tasks to queue
[2026-03-09T00:12:31.856+0000] {logging_mixin.py:188} INFO - [2026-03-09T00:12:31.855+0000] {dagbag.py:540} INFO - Filling up the DagBag from /home/airflow/.local/lib/python3.8/site-packages/airflow/example_dags/example_sla_dag.py
[2026-03-09T00:12:31.874+0000] {processor.py:840} INFO - DAG(s) 'example_sla_dag' retrieved from /home/airflow/.local/lib/python3.8/site-packages/airflow/example_dags/example_sla_dag.py
[2026-03-09T00:12:31.911+0000] {logging_mixin.py:188} INFO - [2026-03-09T00:12:31.910+0000] {dag.py:3047} INFO - Sync 1 DAGs
[2026-03-09T00:12:31.964+0000] {logging_mixin.py:188} INFO - [2026-03-09T00:12:31.964+0000] {dag.py:3834} INFO - Setting next_dagrun for example_sla_dag to 2026-03-09 00:10:00+00:00, run_after=2026-03-09 00:12:00+00:00
[2026-03-09T00:12:32.008+0000] {processor.py:183} INFO - Processing /home/airflow/.local/lib/python3.8/site-packages/airflow/example_dags/example_sla_dag.py took 0.165 seconds
[2026-03-09T00:13:02.862+0000] {processor.py:161} INFO - Started process (PID=1629) to work on /home/airflow/.local/lib/python3.8/site-packages/airflow/example_dags/example_sla_dag.py
[2026-03-09T00:13:02.865+0000] {processor.py:830} INFO - Processing file /home/airflow/.local/lib/python3.8/site-packages/airflow/example_dags/example_sla_dag.py for tasks to queue
[2026-03-09T00:13:02.870+0000] {logging_mixin.py:188} INFO - [2026-03-09T00:13:02.869+0000] {dagbag.py:540} INFO - Filling up the DagBag from /home/airflow/.local/lib/python3.8/site-packages/airflow/example_dags/example_sla_dag.py
[2026-03-09T00:13:02.893+0000] {processor.py:840} INFO - DAG(s) 'example_sla_dag' retrieved from /home/airflow/.local/lib/python3.8/site-packages/airflow/example_dags/example_sla_dag.py
[2026-03-09T00:13:02.937+0000] {logging_mixin.py:188} INFO - [2026-03-09T00:13:02.936+0000] {dag.py:3047} INFO - Sync 1 DAGs
[2026-03-09T00:13:02.993+0000] {logging_mixin.py:188} INFO - [2026-03-09T00:13:02.993+0000] {dag.py:3834} INFO - Setting next_dagrun for example_sla_dag to 2026-03-09 00:10:00+00:00, run_after=2026-03-09 00:12:00+00:00
[2026-03-09T00:13:03.037+0000] {processor.py:183} INFO - Processing /home/airflow/.local/lib/python3.8/site-packages/airflow/example_dags/example_sla_dag.py took 0.184 seconds
[2026-03-09T00:13:33.498+0000] {processor.py:161} INFO - Started process (PID=1685) to work on /home/airflow/.local/lib/python3.8/site-packages/airflow/example_dags/example_sla_dag.py
[2026-03-09T00:13:33.504+0000] {processor.py:830} INFO - Processing file /home/airflow/.local/lib/python3.8/site-packages/airflow/example_dags/example_sla_dag.py for tasks to queue
[2026-03-09T00:13:33.512+0000] {logging_mixin.py:188} INFO - [2026-03-09T00:13:33.511+0000] {dagbag.py:540} INFO - Filling up the DagBag from /home/airflow/.local/lib/python3.8/site-packages/airflow/example_dags/example_sla_dag.py
[2026-03-09T00:13:33.555+0000] {processor.py:840} INFO - DAG(s) 'example_sla_dag' retrieved from /home/airflow/.local/lib/python3.8/site-packages/airflow/example_dags/example_sla_dag.py
[2026-03-09T00:13:33.677+0000] {logging_mixin.py:188} INFO - [2026-03-09T00:13:33.675+0000] {dag.py:3047} INFO - Sync 1 DAGs
[2026-03-09T00:13:33.778+0000] {logging_mixin.py:188} INFO - [2026-03-09T00:13:33.777+0000] {dag.py:3834} INFO - Setting next_dagrun for example_sla_dag to 2026-03-09 00:10:00+00:00, run_after=2026-03-09 00:12:00+00:00
[2026-03-09T00:13:33.845+0000] {processor.py:183} INFO - Processing /home/airflow/.local/lib/python3.8/site-packages/airflow/example_dags/example_sla_dag.py took 0.360 seconds
[2026-03-09T00:14:05.249+0000] {processor.py:161} INFO - Started process (PID=1741) to work on /home/airflow/.local/lib/python3.8/site-packages/airflow/example_dags/example_sla_dag.py
[2026-03-09T00:14:05.269+0000] {processor.py:830} INFO - Processing file /home/airflow/.local/lib/python3.8/site-packages/airflow/example_dags/example_sla_dag.py for tasks to queue
[2026-03-09T00:14:05.279+0000] {logging_mixin.py:188} INFO - [2026-03-09T00:14:05.278+0000] {dagbag.py:540} INFO - Filling up the DagBag from /home/airflow/.local/lib/python3.8/site-packages/airflow/example_dags/example_sla_dag.py
[2026-03-09T00:14:05.398+0000] {processor.py:840} INFO - DAG(s) 'example_sla_dag' retrieved from /home/airflow/.local/lib/python3.8/site-packages/airflow/example_dags/example_sla_dag.py
[2026-03-09T00:14:05.581+0000] {logging_mixin.py:188} INFO - [2026-03-09T00:14:05.581+0000] {dag.py:3047} INFO - Sync 1 DAGs
[2026-03-09T00:14:05.721+0000] {logging_mixin.py:188} INFO - [2026-03-09T00:14:05.720+0000] {dag.py:3834} INFO - Setting next_dagrun for example_sla_dag to 2026-03-09 00:12:00+00:00, run_after=2026-03-09 00:14:00+00:00
[2026-03-09T00:14:05.822+0000] {processor.py:183} INFO - Processing /home/airflow/.local/lib/python3.8/site-packages/airflow/example_dags/example_sla_dag.py took 0.605 seconds
[2026-03-09T00:14:36.475+0000] {processor.py:161} INFO - Started process (PID=1797) to work on /home/airflow/.local/lib/python3.8/site-packages/airflow/example_dags/example_sla_dag.py
[2026-03-09T00:14:36.478+0000] {processor.py:830} INFO - Processing file /home/airflow/.local/lib/python3.8/site-packages/airflow/example_dags/example_sla_dag.py for tasks to queue
[2026-03-09T00:14:36.482+0000] {logging_mixin.py:188} INFO - [2026-03-09T00:14:36.481+0000] {dagbag.py:540} INFO - Filling up the DagBag from /home/airflow/.local/lib/python3.8/site-packages/airflow/example_dags/example_sla_dag.py
[2026-03-09T00:14:36.503+0000] {processor.py:840} INFO - DAG(s) 'example_sla_dag' retrieved from /home/airflow/.local/lib/python3.8/site-packages/airflow/example_dags/example_sla_dag.py
[2026-03-09T00:14:36.554+0000] {logging_mixin.py:188} INFO - [2026-03-09T00:14:36.554+0000] {dag.py:3047} INFO - Sync 1 DAGs
[2026-03-09T00:14:36.618+0000] {logging_mixin.py:188} INFO - [2026-03-09T00:14:36.618+0000] {dag.py:3834} INFO - Setting next_dagrun for example_sla_dag to 2026-03-09 00:12:00+00:00, run_after=2026-03-09 00:14:00+00:00
[2026-03-09T00:14:36.662+0000] {processor.py:183} INFO - Processing /home/airflow/.local/lib/python3.8/site-packages/airflow/example_dags/example_sla_dag.py took 0.196 seconds
[2026-03-09T00:15:07.280+0000] {processor.py:161} INFO - Started process (PID=1853) to work on /home/airflow/.local/lib/python3.8/site-packages/airflow/example_dags/example_sla_dag.py
[2026-03-09T00:15:07.284+0000] {processor.py:830} INFO - Processing file /home/airflow/.local/lib/python3.8/site-packages/airflow/example_dags/example_sla_dag.py for tasks to queue
[2026-03-09T00:15:07.291+0000] {logging_mixin.py:188} INFO - [2026-03-09T00:15:07.290+0000] {dagbag.py:540} INFO - Filling up the DagBag from /home/airflow/.local/lib/python3.8/site-packages/airflow/example_dags/example_sla_dag.py
[2026-03-09T00:15:07.312+0000] {processor.py:840} INFO - DAG(s) 'example_sla_dag' retrieved from /home/airflow/.local/lib/python3.8/site-packages/airflow/example_dags/example_sla_dag.py
[2026-03-09T00:15:07.356+0000] {logging_mixin.py:188} INFO - [2026-03-09T00:15:07.356+0000] {dag.py:3047} INFO - Sync 1 DAGs
[2026-03-09T00:15:07.418+0000] {logging_mixin.py:188} INFO - [2026-03-09T00:15:07.417+0000] {dag.py:3834} INFO - Setting next_dagrun for example_sla_dag to 2026-03-09 00:12:00+00:00, run_after=2026-03-09 00:14:00+00:00
[2026-03-09T00:15:07.455+0000] {processor.py:183} INFO - Processing /home/airflow/.local/lib/python3.8/site-packages/airflow/example_dags/example_sla_dag.py took 0.199 seconds
[2026-03-09T00:15:37.656+0000] {processor.py:161} INFO - Started process (PID=1909) to work on /home/airflow/.local/lib/python3.8/site-packages/airflow/example_dags/example_sla_dag.py
[2026-03-09T00:15:37.660+0000] {processor.py:830} INFO - Processing file /home/airflow/.local/lib/python3.8/site-packages/airflow/example_dags/example_sla_dag.py for tasks to queue
[2026-03-09T00:15:37.667+0000] {logging_mixin.py:188} INFO - [2026-03-09T00:15:37.666+0000] {dagbag.py:540} INFO - Filling up the DagBag from /home/airflow/.local/lib/python3.8/site-packages/airflow/example_dags/example_sla_dag.py
[2026-03-09T00:15:37.696+0000] {processor.py:840} INFO - DAG(s) 'example_sla_dag' retrieved from /home/airflow/.local/lib/python3.8/site-packages/airflow/example_dags/example_sla_dag.py
[2026-03-09T00:15:37.767+0000] {logging_mixin.py:188} INFO - [2026-03-09T00:15:37.767+0000] {dag.py:3047} INFO - Sync 1 DAGs
[2026-03-09T00:15:37.844+0000] {logging_mixin.py:188} INFO - [2026-03-09T00:15:37.843+0000] {dag.py:3834} INFO - Setting next_dagrun for example_sla_dag to 2026-03-09 00:12:00+00:00, run_after=2026-03-09 00:14:00+00:00
[2026-03-09T00:15:37.912+0000] {processor.py:183} INFO - Processing /home/airflow/.local/lib/python3.8/site-packages/airflow/example_dags/example_sla_dag.py took 0.271 seconds
[2026-03-09T00:16:08.948+0000] {processor.py:161} INFO - Started process (PID=1965) to work on /home/airflow/.local/lib/python3.8/site-packages/airflow/example_dags/example_sla_dag.py
[2026-03-09T00:16:08.961+0000] {processor.py:830} INFO - Processing file /home/airflow/.local/lib/python3.8/site-packages/airflow/example_dags/example_sla_dag.py for tasks to queue
[2026-03-09T00:16:08.975+0000] {logging_mixin.py:188} INFO - [2026-03-09T00:16:08.974+0000] {dagbag.py:540} INFO - Filling up the DagBag from /home/airflow/.local/lib/python3.8/site-packages/airflow/example_dags/example_sla_dag.py
[2026-03-09T00:16:09.009+0000] {processor.py:840} INFO - DAG(s) 'example_sla_dag' retrieved from /home/airflow/.local/lib/python3.8/site-packages/airflow/example_dags/example_sla_dag.py
[2026-03-09T00:16:09.096+0000] {logging_mixin.py:188} INFO - [2026-03-09T00:16:09.095+0000] {dag.py:3047} INFO - Sync 1 DAGs
[2026-03-09T00:16:09.178+0000] {logging_mixin.py:188} INFO - [2026-03-09T00:16:09.177+0000] {dag.py:3834} INFO - Setting next_dagrun for example_sla_dag to 2026-03-09 00:14:00+00:00, run_after=2026-03-09 00:16:00+00:00
[2026-03-09T00:16:09.243+0000] {processor.py:183} INFO - Processing /home/airflow/.local/lib/python3.8/site-packages/airflow/example_dags/example_sla_dag.py took 0.315 seconds
[2026-03-09T00:16:39.993+0000] {processor.py:161} INFO - Started process (PID=2019) to work on /home/airflow/.local/lib/python3.8/site-packages/airflow/example_dags/example_sla_dag.py
[2026-03-09T00:16:39.996+0000] {processor.py:830} INFO - Processing file /home/airflow/.local/lib/python3.8/site-packages/airflow/example_dags/example_sla_dag.py for tasks to queue
[2026-03-09T00:16:40.003+0000] {logging_mixin.py:188} INFO - [2026-03-09T00:16:40.002+0000] {dagbag.py:540} INFO - Filling up the DagBag from /home/airflow/.local/lib/python3.8/site-packages/airflow/example_dags/example_sla_dag.py
[2026-03-09T00:16:40.030+0000] {processor.py:840} INFO - DAG(s) 'example_sla_dag' retrieved from /home/airflow/.local/lib/python3.8/site-packages/airflow/example_dags/example_sla_dag.py
[2026-03-09T00:16:40.068+0000] {logging_mixin.py:188} INFO - [2026-03-09T00:16:40.068+0000] {dag.py:3047} INFO - Sync 1 DAGs
[2026-03-09T00:16:40.128+0000] {logging_mixin.py:188} INFO - [2026-03-09T00:16:40.128+0000] {dag.py:3834} INFO - Setting next_dagrun for example_sla_dag to 2026-03-09 00:14:00+00:00, run_after=2026-03-09 00:16:00+00:00
[2026-03-09T00:16:40.180+0000] {processor.py:183} INFO - Processing /home/airflow/.local/lib/python3.8/site-packages/airflow/example_dags/example_sla_dag.py took 0.196 seconds
[2026-03-09T00:17:10.956+0000] {processor.py:161} INFO - Started process (PID=2075) to work on /home/airflow/.local/lib/python3.8/site-packages/airflow/example_dags/example_sla_dag.py
[2026-03-09T00:17:10.961+0000] {processor.py:830} INFO - Processing file /home/airflow/.local/lib/python3.8/site-packages/airflow/example_dags/example_sla_dag.py for tasks to queue
[2026-03-09T00:17:10.974+0000] {logging_mixin.py:188} INFO - [2026-03-09T00:17:10.973+0000] {dagbag.py:540} INFO - Filling up the DagBag from /home/airflow/.local/lib/python3.8/site-packages/airflow/example_dags/example_sla_dag.py
[2026-03-09T00:17:11.001+0000] {processor.py:840} INFO - DAG(s) 'example_sla_dag' retrieved from /home/airflow/.local/lib/python3.8/site-packages/airflow/example_dags/example_sla_dag.py
[2026-03-09T00:17:11.079+0000] {logging_mixin.py:188} INFO - [2026-03-09T00:17:11.079+0000] {dag.py:3047} INFO - Sync 1 DAGs
[2026-03-09T00:17:11.151+0000] {logging_mixin.py:188} INFO - [2026-03-09T00:17:11.151+0000] {dag.py:3834} INFO - Setting next_dagrun for example_sla_dag to 2026-03-09 00:14:00+00:00, run_after=2026-03-09 00:16:00+00:00
[2026-03-09T00:17:11.207+0000] {processor.py:183} INFO - Processing /home/airflow/.local/lib/python3.8/site-packages/airflow/example_dags/example_sla_dag.py took 0.265 seconds
[2026-03-09T00:17:41.616+0000] {processor.py:161} INFO - Started process (PID=2131) to work on /home/airflow/.local/lib/python3.8/site-packages/airflow/example_dags/example_sla_dag.py
[2026-03-09T00:17:41.620+0000] {processor.py:830} INFO - Processing file /home/airflow/.local/lib/python3.8/site-packages/airflow/example_dags/example_sla_dag.py for tasks to queue
[2026-03-09T00:17:41.628+0000] {logging_mixin.py:188} INFO - [2026-03-09T00:17:41.626+0000] {dagbag.py:540} INFO - Filling up the DagBag from /home/airflow/.local/lib/python3.8/site-packages/airflow/example_dags/example_sla_dag.py
[2026-03-09T00:17:41.667+0000] {processor.py:840} INFO - DAG(s) 'example_sla_dag' retrieved from /home/airflow/.local/lib/python3.8/site-packages/airflow/example_dags/example_sla_dag.py
[2026-03-09T00:17:41.748+0000] {logging_mixin.py:188} INFO - [2026-03-09T00:17:41.747+0000] {dag.py:3047} INFO - Sync 1 DAGs
[2026-03-09T00:17:41.876+0000] {logging_mixin.py:188} INFO - [2026-03-09T00:17:41.871+0000] {dag.py:3834} INFO - Setting next_dagrun for example_sla_dag to 2026-03-09 00:14:00+00:00, run_after=2026-03-09 00:16:00+00:00
[2026-03-09T00:17:42.004+0000] {processor.py:183} INFO - Processing /home/airflow/.local/lib/python3.8/site-packages/airflow/example_dags/example_sla_dag.py took 0.400 seconds
[2026-03-09T00:18:12.238+0000] {processor.py:161} INFO - Started process (PID=2187) to work on /home/airflow/.local/lib/python3.8/site-packages/airflow/example_dags/example_sla_dag.py
[2026-03-09T00:18:12.241+0000] {processor.py:830} INFO - Processing file /home/airflow/.local/lib/python3.8/site-packages/airflow/example_dags/example_sla_dag.py for tasks to queue
[2026-03-09T00:18:12.246+0000] {logging_mixin.py:188} INFO - [2026-03-09T00:18:12.246+0000] {dagbag.py:540} INFO - Filling up the DagBag from /home/airflow/.local/lib/python3.8/site-packages/airflow/example_dags/example_sla_dag.py
[2026-03-09T00:18:12.271+0000] {processor.py:840} INFO - DAG(s) 'example_sla_dag' retrieved from /home/airflow/.local/lib/python3.8/site-packages/airflow/example_dags/example_sla_dag.py
[2026-03-09T00:18:12.330+0000] {logging_mixin.py:188} INFO - [2026-03-09T00:18:12.329+0000] {dag.py:3047} INFO - Sync 1 DAGs
[2026-03-09T00:18:12.413+0000] {logging_mixin.py:188} INFO - [2026-03-09T00:18:12.412+0000] {dag.py:3834} INFO - Setting next_dagrun for example_sla_dag to 2026-03-09 00:16:00+00:00, run_after=2026-03-09 00:18:00+00:00
[2026-03-09T00:18:12.484+0000] {processor.py:183} INFO - Processing /home/airflow/.local/lib/python3.8/site-packages/airflow/example_dags/example_sla_dag.py took 0.256 seconds
[2026-03-09T00:18:43.030+0000] {processor.py:161} INFO - Started process (PID=2243) to work on /home/airflow/.local/lib/python3.8/site-packages/airflow/example_dags/example_sla_dag.py
[2026-03-09T00:18:43.037+0000] {processor.py:830} INFO - Processing file /home/airflow/.local/lib/python3.8/site-packages/airflow/example_dags/example_sla_dag.py for tasks to queue
[2026-03-09T00:18:43.048+0000] {logging_mixin.py:188} INFO - [2026-03-09T00:18:43.047+0000] {dagbag.py:540} INFO - Filling up the DagBag from /home/airflow/.local/lib/python3.8/site-packages/airflow/example_dags/example_sla_dag.py
[2026-03-09T00:18:43.090+0000] {processor.py:840} INFO - DAG(s) 'example_sla_dag' retrieved from /home/airflow/.local/lib/python3.8/site-packages/airflow/example_dags/example_sla_dag.py
[2026-03-09T00:18:43.155+0000] {logging_mixin.py:188} INFO - [2026-03-09T00:18:43.154+0000] {dag.py:3047} INFO - Sync 1 DAGs
[2026-03-09T00:18:43.235+0000] {logging_mixin.py:188} INFO - [2026-03-09T00:18:43.234+0000] {dag.py:3834} INFO - Setting next_dagrun for example_sla_dag to 2026-03-09 00:16:00+00:00, run_after=2026-03-09 00:18:00+00:00
[2026-03-09T00:18:43.295+0000] {processor.py:183} INFO - Processing /home/airflow/.local/lib/python3.8/site-packages/airflow/example_dags/example_sla_dag.py took 0.277 seconds
[2026-03-09T00:19:14.109+0000] {processor.py:161} INFO - Started process (PID=2300) to work on /home/airflow/.local/lib/python3.8/site-packages/airflow/example_dags/example_sla_dag.py
[2026-03-09T00:19:14.116+0000] {processor.py:830} INFO - Processing file /home/airflow/.local/lib/python3.8/site-packages/airflow/example_dags/example_sla_dag.py for tasks to queue
[2026-03-09T00:19:14.128+0000] {logging_mixin.py:188} INFO - [2026-03-09T00:19:14.125+0000] {dagbag.py:540} INFO - Filling up the DagBag from /home/airflow/.local/lib/python3.8/site-packages/airflow/example_dags/example_sla_dag.py
[2026-03-09T00:19:14.173+0000] {processor.py:840} INFO - DAG(s) 'example_sla_dag' retrieved from /home/airflow/.local/lib/python3.8/site-packages/airflow/example_dags/example_sla_dag.py
[2026-03-09T00:19:14.271+0000] {logging_mixin.py:188} INFO - [2026-03-09T00:19:14.270+0000] {dag.py:3047} INFO - Sync 1 DAGs
[2026-03-09T00:19:14.396+0000] {logging_mixin.py:188} INFO - [2026-03-09T00:19:14.395+0000] {dag.py:3834} INFO - Setting next_dagrun for example_sla_dag to 2026-03-09 00:16:00+00:00, run_after=2026-03-09 00:18:00+00:00
[2026-03-09T00:19:14.474+0000] {processor.py:183} INFO - Processing /home/airflow/.local/lib/python3.8/site-packages/airflow/example_dags/example_sla_dag.py took 0.393 seconds
[2026-03-09T00:19:45.400+0000] {processor.py:161} INFO - Started process (PID=2356) to work on /home/airflow/.local/lib/python3.8/site-packages/airflow/example_dags/example_sla_dag.py
[2026-03-09T00:19:45.407+0000] {processor.py:830} INFO - Processing file /home/airflow/.local/lib/python3.8/site-packages/airflow/example_dags/example_sla_dag.py for tasks to queue
[2026-03-09T00:19:45.421+0000] {logging_mixin.py:188} INFO - [2026-03-09T00:19:45.420+0000] {dagbag.py:540} INFO - Filling up the DagBag from /home/airflow/.local/lib/python3.8/site-packages/airflow/example_dags/example_sla_dag.py
[2026-03-09T00:19:45.473+0000] {processor.py:840} INFO - DAG(s) 'example_sla_dag' retrieved from /home/airflow/.local/lib/python3.8/site-packages/airflow/example_dags/example_sla_dag.py
[2026-03-09T00:19:45.549+0000] {logging_mixin.py:188} INFO - [2026-03-09T00:19:45.548+0000] {dag.py:3047} INFO - Sync 1 DAGs
[2026-03-09T00:19:45.648+0000] {logging_mixin.py:188} INFO - [2026-03-09T00:19:45.648+0000] {dag.py:3834} INFO - Setting next_dagrun for example_sla_dag to 2026-03-09 00:16:00+00:00, run_after=2026-03-09 00:18:00+00:00
[2026-03-09T00:19:45.710+0000] {processor.py:183} INFO - Processing /home/airflow/.local/lib/python3.8/site-packages/airflow/example_dags/example_sla_dag.py took 0.333 seconds
[2026-03-09T00:20:16.330+0000] {processor.py:161} INFO - Started process (PID=2412) to work on /home/airflow/.local/lib/python3.8/site-packages/airflow/example_dags/example_sla_dag.py
[2026-03-09T00:20:16.336+0000] {processor.py:830} INFO - Processing file /home/airflow/.local/lib/python3.8/site-packages/airflow/example_dags/example_sla_dag.py for tasks to queue
[2026-03-09T00:20:16.344+0000] {logging_mixin.py:188} INFO - [2026-03-09T00:20:16.342+0000] {dagbag.py:540} INFO - Filling up the DagBag from /home/airflow/.local/lib/python3.8/site-packages/airflow/example_dags/example_sla_dag.py
[2026-03-09T00:20:16.389+0000] {processor.py:840} INFO - DAG(s) 'example_sla_dag' retrieved from /home/airflow/.local/lib/python3.8/site-packages/airflow/example_dags/example_sla_dag.py
[2026-03-09T00:20:16.615+0000] {logging_mixin.py:188} INFO - [2026-03-09T00:20:16.615+0000] {dag.py:3047} INFO - Sync 1 DAGs
[2026-03-09T00:20:16.831+0000] {logging_mixin.py:188} INFO - [2026-03-09T00:20:16.830+0000] {dag.py:3834} INFO - Setting next_dagrun for example_sla_dag to 2026-03-09 00:18:00+00:00, run_after=2026-03-09 00:20:00+00:00
[2026-03-09T00:20:16.948+0000] {processor.py:183} INFO - Processing /home/airflow/.local/lib/python3.8/site-packages/airflow/example_dags/example_sla_dag.py took 0.634 seconds
[2026-03-09T00:20:47.329+0000] {processor.py:161} INFO - Started process (PID=2468) to work on /home/airflow/.local/lib/python3.8/site-packages/airflow/example_dags/example_sla_dag.py
[2026-03-09T00:20:47.334+0000] {processor.py:830} INFO - Processing file /home/airflow/.local/lib/python3.8/site-packages/airflow/example_dags/example_sla_dag.py for tasks to queue
[2026-03-09T00:20:47.341+0000] {logging_mixin.py:188} INFO - [2026-03-09T00:20:47.339+0000] {dagbag.py:540} INFO - Filling up the DagBag from /home/airflow/.local/lib/python3.8/site-packages/airflow/example_dags/example_sla_dag.py
[2026-03-09T00:20:47.369+0000] {processor.py:840} INFO - DAG(s) 'example_sla_dag' retrieved from /home/airflow/.local/lib/python3.8/site-packages/airflow/example_dags/example_sla_dag.py
[2026-03-09T00:20:47.452+0000] {logging_mixin.py:188} INFO - [2026-03-09T00:20:47.451+0000] {dag.py:3047} INFO - Sync 1 DAGs
[2026-03-09T00:20:47.597+0000] {logging_mixin.py:188} INFO - [2026-03-09T00:20:47.596+0000] {dag.py:3834} INFO - Setting next_dagrun for example_sla_dag to 2026-03-09 00:18:00+00:00, run_after=2026-03-09 00:20:00+00:00
[2026-03-09T00:20:47.655+0000] {processor.py:183} INFO - Processing /home/airflow/.local/lib/python3.8/site-packages/airflow/example_dags/example_sla_dag.py took 0.339 seconds
[2026-03-09T00:21:18.117+0000] {processor.py:161} INFO - Started process (PID=2524) to work on /home/airflow/.local/lib/python3.8/site-packages/airflow/example_dags/example_sla_dag.py
[2026-03-09T00:21:18.120+0000] {processor.py:830} INFO - Processing file /home/airflow/.local/lib/python3.8/site-packages/airflow/example_dags/example_sla_dag.py for tasks to queue
[2026-03-09T00:21:18.124+0000] {logging_mixin.py:188} INFO - [2026-03-09T00:21:18.124+0000] {dagbag.py:540} INFO - Filling up the DagBag from /home/airflow/.local/lib/python3.8/site-packages/airflow/example_dags/example_sla_dag.py
[2026-03-09T00:21:18.148+0000] {processor.py:840} INFO - DAG(s) 'example_sla_dag' retrieved from /home/airflow/.local/lib/python3.8/site-packages/airflow/example_dags/example_sla_dag.py
[2026-03-09T00:21:18.305+0000] {logging_mixin.py:188} INFO - [2026-03-09T00:21:18.296+0000] {dag.py:3047} INFO - Sync 1 DAGs
[2026-03-09T00:21:18.581+0000] {logging_mixin.py:188} INFO - [2026-03-09T00:21:18.580+0000] {dag.py:3834} INFO - Setting next_dagrun for example_sla_dag to 2026-03-09 00:18:00+00:00, run_after=2026-03-09 00:20:00+00:00
[2026-03-09T00:21:18.782+0000] {processor.py:183} INFO - Processing /home/airflow/.local/lib/python3.8/site-packages/airflow/example_dags/example_sla_dag.py took 0.673 seconds
[2026-03-09T00:21:49.318+0000] {processor.py:161} INFO - Started process (PID=2581) to work on /home/airflow/.local/lib/python3.8/site-packages/airflow/example_dags/example_sla_dag.py
[2026-03-09T00:21:49.321+0000] {processor.py:830} INFO - Processing file /home/airflow/.local/lib/python3.8/site-packages/airflow/example_dags/example_sla_dag.py for tasks to queue
[2026-03-09T00:21:49.328+0000] {logging_mixin.py:188} INFO - [2026-03-09T00:21:49.327+0000] {dagbag.py:540} INFO - Filling up the DagBag from /home/airflow/.local/lib/python3.8/site-packages/airflow/example_dags/example_sla_dag.py
[2026-03-09T00:21:49.355+0000] {processor.py:840} INFO - DAG(s) 'example_sla_dag' retrieved from /home/airflow/.local/lib/python3.8/site-packages/airflow/example_dags/example_sla_dag.py
[2026-03-09T00:21:49.407+0000] {logging_mixin.py:188} INFO - [2026-03-09T00:21:49.406+0000] {dag.py:3047} INFO - Sync 1 DAGs
[2026-03-09T00:21:49.465+0000] {logging_mixin.py:188} INFO - [2026-03-09T00:21:49.465+0000] {dag.py:3834} INFO - Setting next_dagrun for example_sla_dag to 2026-03-09 00:18:00+00:00, run_after=2026-03-09 00:20:00+00:00
[2026-03-09T00:21:49.514+0000] {processor.py:183} INFO - Processing /home/airflow/.local/lib/python3.8/site-packages/airflow/example_dags/example_sla_dag.py took 0.209 seconds
[2026-03-09T00:22:23.568+0000] {processor.py:161} INFO - Started process (PID=2638) to work on /home/airflow/.local/lib/python3.8/site-packages/airflow/example_dags/example_sla_dag.py
[2026-03-09T00:22:23.571+0000] {processor.py:830} INFO - Processing file /home/airflow/.local/lib/python3.8/site-packages/airflow/example_dags/example_sla_dag.py for tasks to queue
[2026-03-09T00:22:23.584+0000] {logging_mixin.py:188} INFO - [2026-03-09T00:22:23.581+0000] {dagbag.py:540} INFO - Filling up the DagBag from /home/airflow/.local/lib/python3.8/site-packages/airflow/example_dags/example_sla_dag.py
[2026-03-09T00:22:23.625+0000] {processor.py:840} INFO - DAG(s) 'example_sla_dag' retrieved from /home/airflow/.local/lib/python3.8/site-packages/airflow/example_dags/example_sla_dag.py
[2026-03-09T00:22:23.740+0000] {logging_mixin.py:188} INFO - [2026-03-09T00:22:23.740+0000] {dag.py:3047} INFO - Sync 1 DAGs
[2026-03-09T00:22:23.874+0000] {logging_mixin.py:188} INFO - [2026-03-09T00:22:23.874+0000] {dag.py:3834} INFO - Setting next_dagrun for example_sla_dag to 2026-03-09 00:20:00+00:00, run_after=2026-03-09 00:22:00+00:00
[2026-03-09T00:22:24.022+0000] {processor.py:183} INFO - Processing /home/airflow/.local/lib/python3.8/site-packages/airflow/example_dags/example_sla_dag.py took 0.482 seconds
[2026-03-09T00:22:54.353+0000] {processor.py:161} INFO - Started process (PID=2694) to work on /home/airflow/.local/lib/python3.8/site-packages/airflow/example_dags/example_sla_dag.py
[2026-03-09T00:22:54.357+0000] {processor.py:830} INFO - Processing file /home/airflow/.local/lib/python3.8/site-packages/airflow/example_dags/example_sla_dag.py for tasks to queue
[2026-03-09T00:22:54.366+0000] {logging_mixin.py:188} INFO - [2026-03-09T00:22:54.365+0000] {dagbag.py:540} INFO - Filling up the DagBag from /home/airflow/.local/lib/python3.8/site-packages/airflow/example_dags/example_sla_dag.py
[2026-03-09T00:22:54.407+0000] {processor.py:840} INFO - DAG(s) 'example_sla_dag' retrieved from /home/airflow/.local/lib/python3.8/site-packages/airflow/example_dags/example_sla_dag.py
[2026-03-09T00:22:54.473+0000] {logging_mixin.py:188} INFO - [2026-03-09T00:22:54.473+0000] {dag.py:3047} INFO - Sync 1 DAGs
[2026-03-09T00:22:54.555+0000] {logging_mixin.py:188} INFO - [2026-03-09T00:22:54.555+0000] {dag.py:3834} INFO - Setting next_dagrun for example_sla_dag to 2026-03-09 00:20:00+00:00, run_after=2026-03-09 00:22:00+00:00
[2026-03-09T00:22:54.614+0000] {processor.py:183} INFO - Processing /home/airflow/.local/lib/python3.8/site-packages/airflow/example_dags/example_sla_dag.py took 0.270 seconds
[2026-03-09T00:23:25.149+0000] {processor.py:161} INFO - Started process (PID=2750) to work on /home/airflow/.local/lib/python3.8/site-packages/airflow/example_dags/example_sla_dag.py
[2026-03-09T00:23:25.154+0000] {processor.py:830} INFO - Processing file /home/airflow/.local/lib/python3.8/site-packages/airflow/example_dags/example_sla_dag.py for tasks to queue
[2026-03-09T00:23:25.167+0000] {logging_mixin.py:188} INFO - [2026-03-09T00:23:25.166+0000] {dagbag.py:540} INFO - Filling up the DagBag from /home/airflow/.local/lib/python3.8/site-packages/airflow/example_dags/example_sla_dag.py
[2026-03-09T00:23:25.207+0000] {processor.py:840} INFO - DAG(s) 'example_sla_dag' retrieved from /home/airflow/.local/lib/python3.8/site-packages/airflow/example_dags/example_sla_dag.py
[2026-03-09T00:23:25.287+0000] {logging_mixin.py:188} INFO - [2026-03-09T00:23:25.287+0000] {dag.py:3047} INFO - Sync 1 DAGs
[2026-03-09T00:23:25.355+0000] {logging_mixin.py:188} INFO - [2026-03-09T00:23:25.354+0000] {dag.py:3834} INFO - Setting next_dagrun for example_sla_dag to 2026-03-09 00:20:00+00:00, run_after=2026-03-09 00:22:00+00:00
[2026-03-09T00:23:25.410+0000] {processor.py:183} INFO - Processing /home/airflow/.local/lib/python3.8/site-packages/airflow/example_dags/example_sla_dag.py took 0.286 seconds
[2026-03-09T00:23:56.408+0000] {processor.py:161} INFO - Started process (PID=2806) to work on /home/airflow/.local/lib/python3.8/site-packages/airflow/example_dags/example_sla_dag.py
[2026-03-09T00:23:56.412+0000] {processor.py:830} INFO - Processing file /home/airflow/.local/lib/python3.8/site-packages/airflow/example_dags/example_sla_dag.py for tasks to queue
[2026-03-09T00:23:56.419+0000] {logging_mixin.py:188} INFO - [2026-03-09T00:23:56.418+0000] {dagbag.py:540} INFO - Filling up the DagBag from /home/airflow/.local/lib/python3.8/site-packages/airflow/example_dags/example_sla_dag.py
[2026-03-09T00:23:56.450+0000] {processor.py:840} INFO - DAG(s) 'example_sla_dag' retrieved from /home/airflow/.local/lib/python3.8/site-packages/airflow/example_dags/example_sla_dag.py
[2026-03-09T00:23:56.517+0000] {logging_mixin.py:188} INFO - [2026-03-09T00:23:56.517+0000] {dag.py:3047} INFO - Sync 1 DAGs
[2026-03-09T00:23:56.589+0000] {logging_mixin.py:188} INFO - [2026-03-09T00:23:56.588+0000] {dag.py:3834} INFO - Setting next_dagrun for example_sla_dag to 2026-03-09 00:20:00+00:00, run_after=2026-03-09 00:22:00+00:00
[2026-03-09T00:23:56.642+0000] {processor.py:183} INFO - Processing /home/airflow/.local/lib/python3.8/site-packages/airflow/example_dags/example_sla_dag.py took 0.248 seconds
[2026-03-09T00:24:27.313+0000] {processor.py:161} INFO - Started process (PID=2861) to work on /home/airflow/.local/lib/python3.8/site-packages/airflow/example_dags/example_sla_dag.py
[2026-03-09T00:24:27.318+0000] {processor.py:830} INFO - Processing file /home/airflow/.local/lib/python3.8/site-packages/airflow/example_dags/example_sla_dag.py for tasks to queue
[2026-03-09T00:24:27.330+0000] {logging_mixin.py:188} INFO - [2026-03-09T00:24:27.328+0000] {dagbag.py:540} INFO - Filling up the DagBag from /home/airflow/.local/lib/python3.8/site-packages/airflow/example_dags/example_sla_dag.py
[2026-03-09T00:24:27.366+0000] {processor.py:840} INFO - DAG(s) 'example_sla_dag' retrieved from /home/airflow/.local/lib/python3.8/site-packages/airflow/example_dags/example_sla_dag.py
[2026-03-09T00:24:27.454+0000] {logging_mixin.py:188} INFO - [2026-03-09T00:24:27.454+0000] {dag.py:3047} INFO - Sync 1 DAGs
[2026-03-09T00:24:27.562+0000] {logging_mixin.py:188} INFO - [2026-03-09T00:24:27.561+0000] {dag.py:3834} INFO - Setting next_dagrun for example_sla_dag to 2026-03-09 00:22:00+00:00, run_after=2026-03-09 00:24:00+00:00
[2026-03-09T00:24:27.634+0000] {processor.py:183} INFO - Processing /home/airflow/.local/lib/python3.8/site-packages/airflow/example_dags/example_sla_dag.py took 0.337 seconds
[2026-03-09T00:24:58.129+0000] {processor.py:161} INFO - Started process (PID=2917) to work on /home/airflow/.local/lib/python3.8/site-packages/airflow/example_dags/example_sla_dag.py
[2026-03-09T00:24:58.137+0000] {processor.py:830} INFO - Processing file /home/airflow/.local/lib/python3.8/site-packages/airflow/example_dags/example_sla_dag.py for tasks to queue
[2026-03-09T00:24:58.158+0000] {logging_mixin.py:188} INFO - [2026-03-09T00:24:58.156+0000] {dagbag.py:540} INFO - Filling up the DagBag from /home/airflow/.local/lib/python3.8/site-packages/airflow/example_dags/example_sla_dag.py
[2026-03-09T00:24:58.204+0000] {processor.py:840} INFO - DAG(s) 'example_sla_dag' retrieved from /home/airflow/.local/lib/python3.8/site-packages/airflow/example_dags/example_sla_dag.py
[2026-03-09T00:24:58.282+0000] {logging_mixin.py:188} INFO - [2026-03-09T00:24:58.281+0000] {dag.py:3047} INFO - Sync 1 DAGs
[2026-03-09T00:24:58.415+0000] {logging_mixin.py:188} INFO - [2026-03-09T00:24:58.414+0000] {dag.py:3834} INFO - Setting next_dagrun for example_sla_dag to 2026-03-09 00:22:00+00:00, run_after=2026-03-09 00:24:00+00:00
[2026-03-09T00:24:58.508+0000] {processor.py:183} INFO - Processing /home/airflow/.local/lib/python3.8/site-packages/airflow/example_dags/example_sla_dag.py took 0.412 seconds
[2026-03-09T00:25:30.856+0000] {processor.py:161} INFO - Started process (PID=2965) to work on /home/airflow/.local/lib/python3.8/site-packages/airflow/example_dags/example_sla_dag.py
[2026-03-09T00:25:30.883+0000] {processor.py:830} INFO - Processing file /home/airflow/.local/lib/python3.8/site-packages/airflow/example_dags/example_sla_dag.py for tasks to queue
[2026-03-09T00:25:30.903+0000] {logging_mixin.py:188} INFO - [2026-03-09T00:25:30.901+0000] {dagbag.py:540} INFO - Filling up the DagBag from /home/airflow/.local/lib/python3.8/site-packages/airflow/example_dags/example_sla_dag.py
[2026-03-09T00:25:30.983+0000] {processor.py:840} INFO - DAG(s) 'example_sla_dag' retrieved from /home/airflow/.local/lib/python3.8/site-packages/airflow/example_dags/example_sla_dag.py
[2026-03-09T00:25:31.113+0000] {logging_mixin.py:188} INFO - [2026-03-09T00:25:31.112+0000] {dag.py:3047} INFO - Sync 1 DAGs
[2026-03-09T00:25:31.244+0000] {logging_mixin.py:188} INFO - [2026-03-09T00:25:31.243+0000] {dag.py:3834} INFO - Setting next_dagrun for example_sla_dag to 2026-03-09 00:22:00+00:00, run_after=2026-03-09 00:24:00+00:00
[2026-03-09T00:25:31.327+0000] {processor.py:183} INFO - Processing /home/airflow/.local/lib/python3.8/site-packages/airflow/example_dags/example_sla_dag.py took 0.490 seconds
[2026-03-09T00:26:03.560+0000] {processor.py:161} INFO - Started process (PID=3020) to work on /home/airflow/.local/lib/python3.8/site-packages/airflow/example_dags/example_sla_dag.py
[2026-03-09T00:26:03.575+0000] {processor.py:830} INFO - Processing file /home/airflow/.local/lib/python3.8/site-packages/airflow/example_dags/example_sla_dag.py for tasks to queue
[2026-03-09T00:26:03.595+0000] {logging_mixin.py:188} INFO - [2026-03-09T00:26:03.593+0000] {dagbag.py:540} INFO - Filling up the DagBag from /home/airflow/.local/lib/python3.8/site-packages/airflow/example_dags/example_sla_dag.py
[2026-03-09T00:26:03.711+0000] {processor.py:840} INFO - DAG(s) 'example_sla_dag' retrieved from /home/airflow/.local/lib/python3.8/site-packages/airflow/example_dags/example_sla_dag.py
[2026-03-09T00:26:03.887+0000] {logging_mixin.py:188} INFO - [2026-03-09T00:26:03.886+0000] {dag.py:3047} INFO - Sync 1 DAGs
[2026-03-09T00:26:04.105+0000] {logging_mixin.py:188} INFO - [2026-03-09T00:26:04.104+0000] {dag.py:3834} INFO - Setting next_dagrun for example_sla_dag to 2026-03-09 00:24:00+00:00, run_after=2026-03-09 00:26:00+00:00
[2026-03-09T00:26:04.217+0000] {processor.py:183} INFO - Processing /home/airflow/.local/lib/python3.8/site-packages/airflow/example_dags/example_sla_dag.py took 0.695 seconds
[2026-03-09T00:26:34.510+0000] {processor.py:161} INFO - Started process (PID=3075) to work on /home/airflow/.local/lib/python3.8/site-packages/airflow/example_dags/example_sla_dag.py
[2026-03-09T00:26:34.514+0000] {processor.py:830} INFO - Processing file /home/airflow/.local/lib/python3.8/site-packages/airflow/example_dags/example_sla_dag.py for tasks to queue
[2026-03-09T00:26:34.522+0000] {logging_mixin.py:188} INFO - [2026-03-09T00:26:34.521+0000] {dagbag.py:540} INFO - Filling up the DagBag from /home/airflow/.local/lib/python3.8/site-packages/airflow/example_dags/example_sla_dag.py
[2026-03-09T00:26:34.552+0000] {processor.py:840} INFO - DAG(s) 'example_sla_dag' retrieved from /home/airflow/.local/lib/python3.8/site-packages/airflow/example_dags/example_sla_dag.py
[2026-03-09T00:26:34.608+0000] {logging_mixin.py:188} INFO - [2026-03-09T00:26:34.607+0000] {dag.py:3047} INFO - Sync 1 DAGs
[2026-03-09T00:26:34.702+0000] {logging_mixin.py:188} INFO - [2026-03-09T00:26:34.701+0000] {dag.py:3834} INFO - Setting next_dagrun for example_sla_dag to 2026-03-09 00:24:00+00:00, run_after=2026-03-09 00:26:00+00:00
[2026-03-09T00:26:34.769+0000] {processor.py:183} INFO - Processing /home/airflow/.local/lib/python3.8/site-packages/airflow/example_dags/example_sla_dag.py took 0.272 seconds
[2026-03-09T00:27:04.886+0000] {processor.py:161} INFO - Started process (PID=3130) to work on /home/airflow/.local/lib/python3.8/site-packages/airflow/example_dags/example_sla_dag.py
[2026-03-09T00:27:04.889+0000] {processor.py:830} INFO - Processing file /home/airflow/.local/lib/python3.8/site-packages/airflow/example_dags/example_sla_dag.py for tasks to queue
[2026-03-09T00:27:04.894+0000] {logging_mixin.py:188} INFO - [2026-03-09T00:27:04.893+0000] {dagbag.py:540} INFO - Filling up the DagBag from /home/airflow/.local/lib/python3.8/site-packages/airflow/example_dags/example_sla_dag.py
[2026-03-09T00:27:04.918+0000] {processor.py:840} INFO - DAG(s) 'example_sla_dag' retrieved from /home/airflow/.local/lib/python3.8/site-packages/airflow/example_dags/example_sla_dag.py
[2026-03-09T00:27:04.964+0000] {logging_mixin.py:188} INFO - [2026-03-09T00:27:04.964+0000] {dag.py:3047} INFO - Sync 1 DAGs
[2026-03-09T00:27:05.027+0000] {logging_mixin.py:188} INFO - [2026-03-09T00:27:05.027+0000] {dag.py:3834} INFO - Setting next_dagrun for example_sla_dag to 2026-03-09 00:24:00+00:00, run_after=2026-03-09 00:26:00+00:00
[2026-03-09T00:27:05.082+0000] {processor.py:183} INFO - Processing /home/airflow/.local/lib/python3.8/site-packages/airflow/example_dags/example_sla_dag.py took 0.206 seconds
[2026-03-09T00:27:35.701+0000] {processor.py:161} INFO - Started process (PID=3186) to work on /home/airflow/.local/lib/python3.8/site-packages/airflow/example_dags/example_sla_dag.py
[2026-03-09T00:27:35.704+0000] {processor.py:830} INFO - Processing file /home/airflow/.local/lib/python3.8/site-packages/airflow/example_dags/example_sla_dag.py for tasks to queue
[2026-03-09T00:27:35.711+0000] {logging_mixin.py:188} INFO - [2026-03-09T00:27:35.709+0000] {dagbag.py:540} INFO - Filling up the DagBag from /home/airflow/.local/lib/python3.8/site-packages/airflow/example_dags/example_sla_dag.py
[2026-03-09T00:27:35.748+0000] {processor.py:840} INFO - DAG(s) 'example_sla_dag' retrieved from /home/airflow/.local/lib/python3.8/site-packages/airflow/example_dags/example_sla_dag.py
[2026-03-09T00:27:35.821+0000] {logging_mixin.py:188} INFO - [2026-03-09T00:27:35.821+0000] {dag.py:3047} INFO - Sync 1 DAGs
[2026-03-09T00:27:35.909+0000] {logging_mixin.py:188} INFO - [2026-03-09T00:27:35.907+0000] {dag.py:3834} INFO - Setting next_dagrun for example_sla_dag to 2026-03-09 00:24:00+00:00, run_after=2026-03-09 00:26:00+00:00
[2026-03-09T00:27:35.967+0000] {processor.py:183} INFO - Processing /home/airflow/.local/lib/python3.8/site-packages/airflow/example_dags/example_sla_dag.py took 0.278 seconds
[2026-03-09T00:28:06.878+0000] {processor.py:161} INFO - Started process (PID=3242) to work on /home/airflow/.local/lib/python3.8/site-packages/airflow/example_dags/example_sla_dag.py
[2026-03-09T00:28:06.882+0000] {processor.py:830} INFO - Processing file /home/airflow/.local/lib/python3.8/site-packages/airflow/example_dags/example_sla_dag.py for tasks to queue
[2026-03-09T00:28:06.890+0000] {logging_mixin.py:188} INFO - [2026-03-09T00:28:06.889+0000] {dagbag.py:540} INFO - Filling up the DagBag from /home/airflow/.local/lib/python3.8/site-packages/airflow/example_dags/example_sla_dag.py
[2026-03-09T00:28:06.935+0000] {processor.py:840} INFO - DAG(s) 'example_sla_dag' retrieved from /home/airflow/.local/lib/python3.8/site-packages/airflow/example_dags/example_sla_dag.py
[2026-03-09T00:28:07.012+0000] {logging_mixin.py:188} INFO - [2026-03-09T00:28:07.011+0000] {dag.py:3047} INFO - Sync 1 DAGs
[2026-03-09T00:28:07.091+0000] {logging_mixin.py:188} INFO - [2026-03-09T00:28:07.090+0000] {dag.py:3834} INFO - Setting next_dagrun for example_sla_dag to 2026-03-09 00:26:00+00:00, run_after=2026-03-09 00:28:00+00:00
[2026-03-09T00:28:07.197+0000] {processor.py:183} INFO - Processing /home/airflow/.local/lib/python3.8/site-packages/airflow/example_dags/example_sla_dag.py took 0.334 seconds
[2026-03-09T00:28:37.610+0000] {processor.py:161} INFO - Started process (PID=3298) to work on /home/airflow/.local/lib/python3.8/site-packages/airflow/example_dags/example_sla_dag.py
[2026-03-09T00:28:37.615+0000] {processor.py:830} INFO - Processing file /home/airflow/.local/lib/python3.8/site-packages/airflow/example_dags/example_sla_dag.py for tasks to queue
[2026-03-09T00:28:37.629+0000] {logging_mixin.py:188} INFO - [2026-03-09T00:28:37.628+0000] {dagbag.py:540} INFO - Filling up the DagBag from /home/airflow/.local/lib/python3.8/site-packages/airflow/example_dags/example_sla_dag.py
[2026-03-09T00:28:37.673+0000] {processor.py:840} INFO - DAG(s) 'example_sla_dag' retrieved from /home/airflow/.local/lib/python3.8/site-packages/airflow/example_dags/example_sla_dag.py
[2026-03-09T00:28:37.753+0000] {logging_mixin.py:188} INFO - [2026-03-09T00:28:37.752+0000] {dag.py:3047} INFO - Sync 1 DAGs
[2026-03-09T00:28:37.835+0000] {logging_mixin.py:188} INFO - [2026-03-09T00:28:37.834+0000] {dag.py:3834} INFO - Setting next_dagrun for example_sla_dag to 2026-03-09 00:26:00+00:00, run_after=2026-03-09 00:28:00+00:00
[2026-03-09T00:28:37.882+0000] {processor.py:183} INFO - Processing /home/airflow/.local/lib/python3.8/site-packages/airflow/example_dags/example_sla_dag.py took 0.292 seconds
[2026-03-09T00:29:08.076+0000] {processor.py:161} INFO - Started process (PID=3354) to work on /home/airflow/.local/lib/python3.8/site-packages/airflow/example_dags/example_sla_dag.py
[2026-03-09T00:29:08.083+0000] {processor.py:830} INFO - Processing file /home/airflow/.local/lib/python3.8/site-packages/airflow/example_dags/example_sla_dag.py for tasks to queue
[2026-03-09T00:29:08.093+0000] {logging_mixin.py:188} INFO - [2026-03-09T00:29:08.092+0000] {dagbag.py:540} INFO - Filling up the DagBag from /home/airflow/.local/lib/python3.8/site-packages/airflow/example_dags/example_sla_dag.py
[2026-03-09T00:29:08.135+0000] {processor.py:840} INFO - DAG(s) 'example_sla_dag' retrieved from /home/airflow/.local/lib/python3.8/site-packages/airflow/example_dags/example_sla_dag.py
[2026-03-09T00:29:08.281+0000] {logging_mixin.py:188} INFO - [2026-03-09T00:29:08.278+0000] {dag.py:3047} INFO - Sync 1 DAGs
[2026-03-09T00:29:08.443+0000] {logging_mixin.py:188} INFO - [2026-03-09T00:29:08.439+0000] {dag.py:3834} INFO - Setting next_dagrun for example_sla_dag to 2026-03-09 00:26:00+00:00, run_after=2026-03-09 00:28:00+00:00
[2026-03-09T00:29:08.556+0000] {processor.py:183} INFO - Processing /home/airflow/.local/lib/python3.8/site-packages/airflow/example_dags/example_sla_dag.py took 0.498 seconds
[2026-03-09T00:29:38.803+0000] {processor.py:161} INFO - Started process (PID=3410) to work on /home/airflow/.local/lib/python3.8/site-packages/airflow/example_dags/example_sla_dag.py
[2026-03-09T00:29:38.805+0000] {processor.py:830} INFO - Processing file /home/airflow/.local/lib/python3.8/site-packages/airflow/example_dags/example_sla_dag.py for tasks to queue
[2026-03-09T00:29:38.810+0000] {logging_mixin.py:188} INFO - [2026-03-09T00:29:38.809+0000] {dagbag.py:540} INFO - Filling up the DagBag from /home/airflow/.local/lib/python3.8/site-packages/airflow/example_dags/example_sla_dag.py
[2026-03-09T00:29:38.835+0000] {processor.py:840} INFO - DAG(s) 'example_sla_dag' retrieved from /home/airflow/.local/lib/python3.8/site-packages/airflow/example_dags/example_sla_dag.py
[2026-03-09T00:29:38.879+0000] {logging_mixin.py:188} INFO - [2026-03-09T00:29:38.878+0000] {dag.py:3047} INFO - Sync 1 DAGs
[2026-03-09T00:29:38.928+0000] {logging_mixin.py:188} INFO - [2026-03-09T00:29:38.928+0000] {dag.py:3834} INFO - Setting next_dagrun for example_sla_dag to 2026-03-09 00:26:00+00:00, run_after=2026-03-09 00:28:00+00:00
[2026-03-09T00:29:38.967+0000] {processor.py:183} INFO - Processing /home/airflow/.local/lib/python3.8/site-packages/airflow/example_dags/example_sla_dag.py took 0.173 seconds
[2026-03-09T00:30:09.717+0000] {processor.py:161} INFO - Started process (PID=3466) to work on /home/airflow/.local/lib/python3.8/site-packages/airflow/example_dags/example_sla_dag.py
[2026-03-09T00:30:09.720+0000] {processor.py:830} INFO - Processing file /home/airflow/.local/lib/python3.8/site-packages/airflow/example_dags/example_sla_dag.py for tasks to queue
[2026-03-09T00:30:09.726+0000] {logging_mixin.py:188} INFO - [2026-03-09T00:30:09.725+0000] {dagbag.py:540} INFO - Filling up the DagBag from /home/airflow/.local/lib/python3.8/site-packages/airflow/example_dags/example_sla_dag.py
[2026-03-09T00:30:09.748+0000] {processor.py:840} INFO - DAG(s) 'example_sla_dag' retrieved from /home/airflow/.local/lib/python3.8/site-packages/airflow/example_dags/example_sla_dag.py
[2026-03-09T00:30:09.815+0000] {logging_mixin.py:188} INFO - [2026-03-09T00:30:09.814+0000] {dag.py:3047} INFO - Sync 1 DAGs
[2026-03-09T00:30:09.885+0000] {logging_mixin.py:188} INFO - [2026-03-09T00:30:09.884+0000] {dag.py:3834} INFO - Setting next_dagrun for example_sla_dag to 2026-03-09 00:28:00+00:00, run_after=2026-03-09 00:30:00+00:00
[2026-03-09T00:30:09.936+0000] {processor.py:183} INFO - Processing /home/airflow/.local/lib/python3.8/site-packages/airflow/example_dags/example_sla_dag.py took 0.228 seconds
[2026-03-09T00:30:40.811+0000] {processor.py:161} INFO - Started process (PID=3519) to work on /home/airflow/.local/lib/python3.8/site-packages/airflow/example_dags/example_sla_dag.py
[2026-03-09T00:30:40.816+0000] {processor.py:830} INFO - Processing file /home/airflow/.local/lib/python3.8/site-packages/airflow/example_dags/example_sla_dag.py for tasks to queue
[2026-03-09T00:30:40.829+0000] {logging_mixin.py:188} INFO - [2026-03-09T00:30:40.828+0000] {dagbag.py:540} INFO - Filling up the DagBag from /home/airflow/.local/lib/python3.8/site-packages/airflow/example_dags/example_sla_dag.py
[2026-03-09T00:30:40.882+0000] {processor.py:840} INFO - DAG(s) 'example_sla_dag' retrieved from /home/airflow/.local/lib/python3.8/site-packages/airflow/example_dags/example_sla_dag.py
[2026-03-09T00:30:41.062+0000] {logging_mixin.py:188} INFO - [2026-03-09T00:30:41.061+0000] {dag.py:3047} INFO - Sync 1 DAGs
[2026-03-09T00:30:41.201+0000] {logging_mixin.py:188} INFO - [2026-03-09T00:30:41.200+0000] {dag.py:3834} INFO - Setting next_dagrun for example_sla_dag to 2026-03-09 00:28:00+00:00, run_after=2026-03-09 00:30:00+00:00
[2026-03-09T00:30:41.373+0000] {processor.py:183} INFO - Processing /home/airflow/.local/lib/python3.8/site-packages/airflow/example_dags/example_sla_dag.py took 0.581 seconds
[2026-03-09T00:31:11.543+0000] {processor.py:161} INFO - Started process (PID=3575) to work on /home/airflow/.local/lib/python3.8/site-packages/airflow/example_dags/example_sla_dag.py
[2026-03-09T00:31:11.545+0000] {processor.py:830} INFO - Processing file /home/airflow/.local/lib/python3.8/site-packages/airflow/example_dags/example_sla_dag.py for tasks to queue
[2026-03-09T00:31:11.549+0000] {logging_mixin.py:188} INFO - [2026-03-09T00:31:11.549+0000] {dagbag.py:540} INFO - Filling up the DagBag from /home/airflow/.local/lib/python3.8/site-packages/airflow/example_dags/example_sla_dag.py
[2026-03-09T00:31:11.565+0000] {processor.py:840} INFO - DAG(s) 'example_sla_dag' retrieved from /home/airflow/.local/lib/python3.8/site-packages/airflow/example_dags/example_sla_dag.py
[2026-03-09T00:31:11.605+0000] {logging_mixin.py:188} INFO - [2026-03-09T00:31:11.605+0000] {dag.py:3047} INFO - Sync 1 DAGs
[2026-03-09T00:31:11.665+0000] {logging_mixin.py:188} INFO - [2026-03-09T00:31:11.664+0000] {dag.py:3834} INFO - Setting next_dagrun for example_sla_dag to 2026-03-09 00:28:00+00:00, run_after=2026-03-09 00:30:00+00:00
[2026-03-09T00:31:11.701+0000] {processor.py:183} INFO - Processing /home/airflow/.local/lib/python3.8/site-packages/airflow/example_dags/example_sla_dag.py took 0.168 seconds
[2026-03-09T00:31:42.175+0000] {processor.py:161} INFO - Started process (PID=3623) to work on /home/airflow/.local/lib/python3.8/site-packages/airflow/example_dags/example_sla_dag.py
[2026-03-09T00:31:42.178+0000] {processor.py:830} INFO - Processing file /home/airflow/.local/lib/python3.8/site-packages/airflow/example_dags/example_sla_dag.py for tasks to queue
[2026-03-09T00:31:42.186+0000] {logging_mixin.py:188} INFO - [2026-03-09T00:31:42.184+0000] {dagbag.py:540} INFO - Filling up the DagBag from /home/airflow/.local/lib/python3.8/site-packages/airflow/example_dags/example_sla_dag.py
[2026-03-09T00:31:42.220+0000] {processor.py:840} INFO - DAG(s) 'example_sla_dag' retrieved from /home/airflow/.local/lib/python3.8/site-packages/airflow/example_dags/example_sla_dag.py
[2026-03-09T00:31:42.296+0000] {logging_mixin.py:188} INFO - [2026-03-09T00:31:42.296+0000] {dag.py:3047} INFO - Sync 1 DAGs
[2026-03-09T00:31:42.420+0000] {logging_mixin.py:188} INFO - [2026-03-09T00:31:42.419+0000] {dag.py:3834} INFO - Setting next_dagrun for example_sla_dag to 2026-03-09 00:28:00+00:00, run_after=2026-03-09 00:30:00+00:00
[2026-03-09T00:31:42.500+0000] {processor.py:183} INFO - Processing /home/airflow/.local/lib/python3.8/site-packages/airflow/example_dags/example_sla_dag.py took 0.332 seconds
[2026-03-09T00:32:13.198+0000] {processor.py:161} INFO - Started process (PID=3678) to work on /home/airflow/.local/lib/python3.8/site-packages/airflow/example_dags/example_sla_dag.py
[2026-03-09T00:32:13.206+0000] {processor.py:830} INFO - Processing file /home/airflow/.local/lib/python3.8/site-packages/airflow/example_dags/example_sla_dag.py for tasks to queue
[2026-03-09T00:32:13.216+0000] {logging_mixin.py:188} INFO - [2026-03-09T00:32:13.214+0000] {dagbag.py:540} INFO - Filling up the DagBag from /home/airflow/.local/lib/python3.8/site-packages/airflow/example_dags/example_sla_dag.py
[2026-03-09T00:32:13.253+0000] {processor.py:840} INFO - DAG(s) 'example_sla_dag' retrieved from /home/airflow/.local/lib/python3.8/site-packages/airflow/example_dags/example_sla_dag.py
[2026-03-09T00:32:13.314+0000] {logging_mixin.py:188} INFO - [2026-03-09T00:32:13.314+0000] {dag.py:3047} INFO - Sync 1 DAGs
[2026-03-09T00:32:13.461+0000] {logging_mixin.py:188} INFO - [2026-03-09T00:32:13.459+0000] {dag.py:3834} INFO - Setting next_dagrun for example_sla_dag to 2026-03-09 00:30:00+00:00, run_after=2026-03-09 00:32:00+00:00
[2026-03-09T00:32:13.548+0000] {processor.py:183} INFO - Processing /home/airflow/.local/lib/python3.8/site-packages/airflow/example_dags/example_sla_dag.py took 0.362 seconds
[2026-03-09T00:32:44.303+0000] {processor.py:161} INFO - Started process (PID=3734) to work on /home/airflow/.local/lib/python3.8/site-packages/airflow/example_dags/example_sla_dag.py
[2026-03-09T00:32:44.307+0000] {processor.py:830} INFO - Processing file /home/airflow/.local/lib/python3.8/site-packages/airflow/example_dags/example_sla_dag.py for tasks to queue
[2026-03-09T00:32:44.313+0000] {logging_mixin.py:188} INFO - [2026-03-09T00:32:44.313+0000] {dagbag.py:540} INFO - Filling up the DagBag from /home/airflow/.local/lib/python3.8/site-packages/airflow/example_dags/example_sla_dag.py
[2026-03-09T00:32:44.346+0000] {processor.py:840} INFO - DAG(s) 'example_sla_dag' retrieved from /home/airflow/.local/lib/python3.8/site-packages/airflow/example_dags/example_sla_dag.py
[2026-03-09T00:32:44.404+0000] {logging_mixin.py:188} INFO - [2026-03-09T00:32:44.404+0000] {dag.py:3047} INFO - Sync 1 DAGs
[2026-03-09T00:32:44.474+0000] {logging_mixin.py:188} INFO - [2026-03-09T00:32:44.474+0000] {dag.py:3834} INFO - Setting next_dagrun for example_sla_dag to 2026-03-09 00:30:00+00:00, run_after=2026-03-09 00:32:00+00:00
[2026-03-09T00:32:44.849+0000] {processor.py:183} INFO - Processing /home/airflow/.local/lib/python3.8/site-packages/airflow/example_dags/example_sla_dag.py took 0.554 seconds
[2026-03-09T00:33:15.154+0000] {processor.py:161} INFO - Started process (PID=3790) to work on /home/airflow/.local/lib/python3.8/site-packages/airflow/example_dags/example_sla_dag.py
[2026-03-09T00:33:15.157+0000] {processor.py:830} INFO - Processing file /home/airflow/.local/lib/python3.8/site-packages/airflow/example_dags/example_sla_dag.py for tasks to queue
[2026-03-09T00:33:15.162+0000] {logging_mixin.py:188} INFO - [2026-03-09T00:33:15.161+0000] {dagbag.py:540} INFO - Filling up the DagBag from /home/airflow/.local/lib/python3.8/site-packages/airflow/example_dags/example_sla_dag.py
[2026-03-09T00:33:15.185+0000] {processor.py:840} INFO - DAG(s) 'example_sla_dag' retrieved from /home/airflow/.local/lib/python3.8/site-packages/airflow/example_dags/example_sla_dag.py
[2026-03-09T00:33:15.232+0000] {logging_mixin.py:188} INFO - [2026-03-09T00:33:15.232+0000] {dag.py:3047} INFO - Sync 1 DAGs
[2026-03-09T00:33:15.279+0000] {logging_mixin.py:188} INFO - [2026-03-09T00:33:15.278+0000] {dag.py:3834} INFO - Setting next_dagrun for example_sla_dag to 2026-03-09 00:30:00+00:00, run_after=2026-03-09 00:32:00+00:00
[2026-03-09T00:33:15.319+0000] {processor.py:183} INFO - Processing /home/airflow/.local/lib/python3.8/site-packages/airflow/example_dags/example_sla_dag.py took 0.173 seconds
[2026-03-09T00:33:45.542+0000] {processor.py:161} INFO - Started process (PID=3846) to work on /home/airflow/.local/lib/python3.8/site-packages/airflow/example_dags/example_sla_dag.py
[2026-03-09T00:33:45.546+0000] {processor.py:830} INFO - Processing file /home/airflow/.local/lib/python3.8/site-packages/airflow/example_dags/example_sla_dag.py for tasks to queue
[2026-03-09T00:33:45.561+0000] {logging_mixin.py:188} INFO - [2026-03-09T00:33:45.557+0000] {dagbag.py:540} INFO - Filling up the DagBag from /home/airflow/.local/lib/python3.8/site-packages/airflow/example_dags/example_sla_dag.py
[2026-03-09T00:33:45.615+0000] {processor.py:840} INFO - DAG(s) 'example_sla_dag' retrieved from /home/airflow/.local/lib/python3.8/site-packages/airflow/example_dags/example_sla_dag.py
[2026-03-09T00:33:45.724+0000] {logging_mixin.py:188} INFO - [2026-03-09T00:33:45.723+0000] {dag.py:3047} INFO - Sync 1 DAGs
[2026-03-09T00:33:45.841+0000] {logging_mixin.py:188} INFO - [2026-03-09T00:33:45.840+0000] {dag.py:3834} INFO - Setting next_dagrun for example_sla_dag to 2026-03-09 00:30:00+00:00, run_after=2026-03-09 00:32:00+00:00
[2026-03-09T00:33:45.942+0000] {processor.py:183} INFO - Processing /home/airflow/.local/lib/python3.8/site-packages/airflow/example_dags/example_sla_dag.py took 0.412 seconds
[2026-03-09T00:34:19.861+0000] {processor.py:161} INFO - Started process (PID=3907) to work on /home/airflow/.local/lib/python3.8/site-packages/airflow/example_dags/example_sla_dag.py
[2026-03-09T00:34:19.868+0000] {processor.py:830} INFO - Processing file /home/airflow/.local/lib/python3.8/site-packages/airflow/example_dags/example_sla_dag.py for tasks to queue
[2026-03-09T00:34:19.876+0000] {logging_mixin.py:188} INFO - [2026-03-09T00:34:19.875+0000] {dagbag.py:540} INFO - Filling up the DagBag from /home/airflow/.local/lib/python3.8/site-packages/airflow/example_dags/example_sla_dag.py
[2026-03-09T00:34:19.913+0000] {processor.py:840} INFO - DAG(s) 'example_sla_dag' retrieved from /home/airflow/.local/lib/python3.8/site-packages/airflow/example_dags/example_sla_dag.py
[2026-03-09T00:34:19.994+0000] {logging_mixin.py:188} INFO - [2026-03-09T00:34:19.993+0000] {dag.py:3047} INFO - Sync 1 DAGs
[2026-03-09T00:34:20.101+0000] {logging_mixin.py:188} INFO - [2026-03-09T00:34:20.100+0000] {dag.py:3834} INFO - Setting next_dagrun for example_sla_dag to 2026-03-09 00:32:00+00:00, run_after=2026-03-09 00:34:00+00:00
[2026-03-09T00:34:20.193+0000] {processor.py:183} INFO - Processing /home/airflow/.local/lib/python3.8/site-packages/airflow/example_dags/example_sla_dag.py took 0.348 seconds
[2026-03-09T00:34:52.670+0000] {processor.py:161} INFO - Started process (PID=3962) to work on /home/airflow/.local/lib/python3.8/site-packages/airflow/example_dags/example_sla_dag.py
[2026-03-09T00:34:52.694+0000] {processor.py:830} INFO - Processing file /home/airflow/.local/lib/python3.8/site-packages/airflow/example_dags/example_sla_dag.py for tasks to queue
[2026-03-09T00:34:52.723+0000] {logging_mixin.py:188} INFO - [2026-03-09T00:34:52.722+0000] {dagbag.py:540} INFO - Filling up the DagBag from /home/airflow/.local/lib/python3.8/site-packages/airflow/example_dags/example_sla_dag.py
[2026-03-09T00:34:52.831+0000] {processor.py:840} INFO - DAG(s) 'example_sla_dag' retrieved from /home/airflow/.local/lib/python3.8/site-packages/airflow/example_dags/example_sla_dag.py
[2026-03-09T00:34:52.992+0000] {logging_mixin.py:188} INFO - [2026-03-09T00:34:52.991+0000] {dag.py:3047} INFO - Sync 1 DAGs
[2026-03-09T00:34:53.847+0000] {logging_mixin.py:188} INFO - [2026-03-09T00:34:53.846+0000] {dag.py:3834} INFO - Setting next_dagrun for example_sla_dag to 2026-03-09 00:32:00+00:00, run_after=2026-03-09 00:34:00+00:00
[2026-03-09T00:34:53.966+0000] {processor.py:183} INFO - Processing /home/airflow/.local/lib/python3.8/site-packages/airflow/example_dags/example_sla_dag.py took 1.321 seconds
[2026-03-09T00:35:24.127+0000] {processor.py:161} INFO - Started process (PID=4018) to work on /home/airflow/.local/lib/python3.8/site-packages/airflow/example_dags/example_sla_dag.py
[2026-03-09T00:35:24.130+0000] {processor.py:830} INFO - Processing file /home/airflow/.local/lib/python3.8/site-packages/airflow/example_dags/example_sla_dag.py for tasks to queue
[2026-03-09T00:35:24.135+0000] {logging_mixin.py:188} INFO - [2026-03-09T00:35:24.134+0000] {dagbag.py:540} INFO - Filling up the DagBag from /home/airflow/.local/lib/python3.8/site-packages/airflow/example_dags/example_sla_dag.py
[2026-03-09T00:35:24.163+0000] {processor.py:840} INFO - DAG(s) 'example_sla_dag' retrieved from /home/airflow/.local/lib/python3.8/site-packages/airflow/example_dags/example_sla_dag.py
[2026-03-09T00:35:24.223+0000] {logging_mixin.py:188} INFO - [2026-03-09T00:35:24.222+0000] {dag.py:3047} INFO - Sync 1 DAGs
[2026-03-09T00:35:24.293+0000] {logging_mixin.py:188} INFO - [2026-03-09T00:35:24.292+0000] {dag.py:3834} INFO - Setting next_dagrun for example_sla_dag to 2026-03-09 00:32:00+00:00, run_after=2026-03-09 00:34:00+00:00
[2026-03-09T00:35:24.352+0000] {processor.py:183} INFO - Processing /home/airflow/.local/lib/python3.8/site-packages/airflow/example_dags/example_sla_dag.py took 0.231 seconds
[2026-03-09T00:35:54.681+0000] {processor.py:161} INFO - Started process (PID=4074) to work on /home/airflow/.local/lib/python3.8/site-packages/airflow/example_dags/example_sla_dag.py
[2026-03-09T00:35:54.712+0000] {processor.py:830} INFO - Processing file /home/airflow/.local/lib/python3.8/site-packages/airflow/example_dags/example_sla_dag.py for tasks to queue
[2026-03-09T00:35:54.721+0000] {logging_mixin.py:188} INFO - [2026-03-09T00:35:54.720+0000] {dagbag.py:540} INFO - Filling up the DagBag from /home/airflow/.local/lib/python3.8/site-packages/airflow/example_dags/example_sla_dag.py
[2026-03-09T00:35:54.904+0000] {processor.py:840} INFO - DAG(s) 'example_sla_dag' retrieved from /home/airflow/.local/lib/python3.8/site-packages/airflow/example_dags/example_sla_dag.py
[2026-03-09T00:35:55.168+0000] {logging_mixin.py:188} INFO - [2026-03-09T00:35:55.167+0000] {dag.py:3047} INFO - Sync 1 DAGs
[2026-03-09T00:35:55.402+0000] {logging_mixin.py:188} INFO - [2026-03-09T00:35:55.402+0000] {dag.py:3834} INFO - Setting next_dagrun for example_sla_dag to 2026-03-09 00:32:00+00:00, run_after=2026-03-09 00:34:00+00:00
[2026-03-09T00:35:55.545+0000] {processor.py:183} INFO - Processing /home/airflow/.local/lib/python3.8/site-packages/airflow/example_dags/example_sla_dag.py took 0.899 seconds
[2026-03-09T00:36:25.934+0000] {processor.py:161} INFO - Started process (PID=4130) to work on /home/airflow/.local/lib/python3.8/site-packages/airflow/example_dags/example_sla_dag.py
[2026-03-09T00:36:25.936+0000] {processor.py:830} INFO - Processing file /home/airflow/.local/lib/python3.8/site-packages/airflow/example_dags/example_sla_dag.py for tasks to queue
[2026-03-09T00:36:25.942+0000] {logging_mixin.py:188} INFO - [2026-03-09T00:36:25.941+0000] {dagbag.py:540} INFO - Filling up the DagBag from /home/airflow/.local/lib/python3.8/site-packages/airflow/example_dags/example_sla_dag.py
[2026-03-09T00:36:25.968+0000] {processor.py:840} INFO - DAG(s) 'example_sla_dag' retrieved from /home/airflow/.local/lib/python3.8/site-packages/airflow/example_dags/example_sla_dag.py
[2026-03-09T00:36:26.016+0000] {logging_mixin.py:188} INFO - [2026-03-09T00:36:26.015+0000] {dag.py:3047} INFO - Sync 1 DAGs
[2026-03-09T00:36:26.084+0000] {logging_mixin.py:188} INFO - [2026-03-09T00:36:26.083+0000] {dag.py:3834} INFO - Setting next_dagrun for example_sla_dag to 2026-03-09 00:34:00+00:00, run_after=2026-03-09 00:36:00+00:00
[2026-03-09T00:36:26.123+0000] {processor.py:183} INFO - Processing /home/airflow/.local/lib/python3.8/site-packages/airflow/example_dags/example_sla_dag.py took 0.198 seconds
[2026-03-09T00:36:56.356+0000] {processor.py:161} INFO - Started process (PID=4180) to work on /home/airflow/.local/lib/python3.8/site-packages/airflow/example_dags/example_sla_dag.py
[2026-03-09T00:36:56.361+0000] {processor.py:830} INFO - Processing file /home/airflow/.local/lib/python3.8/site-packages/airflow/example_dags/example_sla_dag.py for tasks to queue
[2026-03-09T00:36:56.369+0000] {logging_mixin.py:188} INFO - [2026-03-09T00:36:56.368+0000] {dagbag.py:540} INFO - Filling up the DagBag from /home/airflow/.local/lib/python3.8/site-packages/airflow/example_dags/example_sla_dag.py
[2026-03-09T00:36:56.444+0000] {processor.py:840} INFO - DAG(s) 'example_sla_dag' retrieved from /home/airflow/.local/lib/python3.8/site-packages/airflow/example_dags/example_sla_dag.py
[2026-03-09T00:36:56.545+0000] {logging_mixin.py:188} INFO - [2026-03-09T00:36:56.544+0000] {dag.py:3047} INFO - Sync 1 DAGs
[2026-03-09T00:36:56.714+0000] {logging_mixin.py:188} INFO - [2026-03-09T00:36:56.713+0000] {dag.py:3834} INFO - Setting next_dagrun for example_sla_dag to 2026-03-09 00:34:00+00:00, run_after=2026-03-09 00:36:00+00:00
[2026-03-09T00:36:56.795+0000] {processor.py:183} INFO - Processing /home/airflow/.local/lib/python3.8/site-packages/airflow/example_dags/example_sla_dag.py took 0.487 seconds
[2026-03-09T00:37:27.628+0000] {processor.py:161} INFO - Started process (PID=4236) to work on /home/airflow/.local/lib/python3.8/site-packages/airflow/example_dags/example_sla_dag.py
[2026-03-09T00:37:27.632+0000] {processor.py:830} INFO - Processing file /home/airflow/.local/lib/python3.8/site-packages/airflow/example_dags/example_sla_dag.py for tasks to queue
[2026-03-09T00:37:27.641+0000] {logging_mixin.py:188} INFO - [2026-03-09T00:37:27.640+0000] {dagbag.py:540} INFO - Filling up the DagBag from /home/airflow/.local/lib/python3.8/site-packages/airflow/example_dags/example_sla_dag.py
[2026-03-09T00:37:27.665+0000] {processor.py:840} INFO - DAG(s) 'example_sla_dag' retrieved from /home/airflow/.local/lib/python3.8/site-packages/airflow/example_dags/example_sla_dag.py
[2026-03-09T00:37:27.711+0000] {logging_mixin.py:188} INFO - [2026-03-09T00:37:27.711+0000] {dag.py:3047} INFO - Sync 1 DAGs
[2026-03-09T00:37:27.783+0000] {logging_mixin.py:188} INFO - [2026-03-09T00:37:27.782+0000] {dag.py:3834} INFO - Setting next_dagrun for example_sla_dag to 2026-03-09 00:34:00+00:00, run_after=2026-03-09 00:36:00+00:00
[2026-03-09T00:37:27.849+0000] {processor.py:183} INFO - Processing /home/airflow/.local/lib/python3.8/site-packages/airflow/example_dags/example_sla_dag.py took 0.233 seconds
[2026-03-09T00:37:58.556+0000] {processor.py:161} INFO - Started process (PID=4292) to work on /home/airflow/.local/lib/python3.8/site-packages/airflow/example_dags/example_sla_dag.py
[2026-03-09T00:37:58.561+0000] {processor.py:830} INFO - Processing file /home/airflow/.local/lib/python3.8/site-packages/airflow/example_dags/example_sla_dag.py for tasks to queue
[2026-03-09T00:37:58.569+0000] {logging_mixin.py:188} INFO - [2026-03-09T00:37:58.568+0000] {dagbag.py:540} INFO - Filling up the DagBag from /home/airflow/.local/lib/python3.8/site-packages/airflow/example_dags/example_sla_dag.py
[2026-03-09T00:37:58.602+0000] {processor.py:840} INFO - DAG(s) 'example_sla_dag' retrieved from /home/airflow/.local/lib/python3.8/site-packages/airflow/example_dags/example_sla_dag.py
[2026-03-09T00:37:58.671+0000] {logging_mixin.py:188} INFO - [2026-03-09T00:37:58.670+0000] {dag.py:3047} INFO - Sync 1 DAGs
[2026-03-09T00:37:58.794+0000] {logging_mixin.py:188} INFO - [2026-03-09T00:37:58.794+0000] {dag.py:3834} INFO - Setting next_dagrun for example_sla_dag to 2026-03-09 00:34:00+00:00, run_after=2026-03-09 00:36:00+00:00
[2026-03-09T00:37:58.842+0000] {processor.py:183} INFO - Processing /home/airflow/.local/lib/python3.8/site-packages/airflow/example_dags/example_sla_dag.py took 0.302 seconds
[2026-03-09T00:38:29.292+0000] {processor.py:161} INFO - Started process (PID=4349) to work on /home/airflow/.local/lib/python3.8/site-packages/airflow/example_dags/example_sla_dag.py
[2026-03-09T00:38:29.300+0000] {processor.py:830} INFO - Processing file /home/airflow/.local/lib/python3.8/site-packages/airflow/example_dags/example_sla_dag.py for tasks to queue
[2026-03-09T00:38:29.315+0000] {logging_mixin.py:188} INFO - [2026-03-09T00:38:29.313+0000] {dagbag.py:540} INFO - Filling up the DagBag from /home/airflow/.local/lib/python3.8/site-packages/airflow/example_dags/example_sla_dag.py
[2026-03-09T00:38:29.404+0000] {processor.py:840} INFO - DAG(s) 'example_sla_dag' retrieved from /home/airflow/.local/lib/python3.8/site-packages/airflow/example_dags/example_sla_dag.py
[2026-03-09T00:38:29.510+0000] {logging_mixin.py:188} INFO - [2026-03-09T00:38:29.506+0000] {dag.py:3047} INFO - Sync 1 DAGs
[2026-03-09T00:38:29.669+0000] {logging_mixin.py:188} INFO - [2026-03-09T00:38:29.668+0000] {dag.py:3834} INFO - Setting next_dagrun for example_sla_dag to 2026-03-09 00:36:00+00:00, run_after=2026-03-09 00:38:00+00:00
[2026-03-09T00:38:29.729+0000] {processor.py:183} INFO - Processing /home/airflow/.local/lib/python3.8/site-packages/airflow/example_dags/example_sla_dag.py took 0.464 seconds
[2026-03-09T00:39:00.358+0000] {processor.py:161} INFO - Started process (PID=4405) to work on /home/airflow/.local/lib/python3.8/site-packages/airflow/example_dags/example_sla_dag.py
