[2026-03-09T00:00:27.675+0000] {processor.py:161} INFO - Started process (PID=284) to work on /home/airflow/.local/lib/python3.8/site-packages/airflow/example_dags/example_skip_dag.py
[2026-03-09T00:00:27.693+0000] {processor.py:830} INFO - Processing file /home/airflow/.local/lib/python3.8/site-packages/airflow/example_dags/example_skip_dag.py for tasks to queue
[2026-03-09T00:00:27.712+0000] {logging_mixin.py:188} INFO - [2026-03-09T00:00:27.712+0000] {dagbag.py:540} INFO - Filling up the DagBag from /home/airflow/.local/lib/python3.8/site-packages/airflow/example_dags/example_skip_dag.py
[2026-03-09T00:00:27.757+0000] {processor.py:840} INFO - DAG(s) 'example_skip_dag' retrieved from /home/airflow/.local/lib/python3.8/site-packages/airflow/example_dags/example_skip_dag.py
[2026-03-09T00:00:28.546+0000] {logging_mixin.py:188} INFO - [2026-03-09T00:00:28.545+0000] {dag.py:3047} INFO - Sync 1 DAGs
[2026-03-09T00:00:28.666+0000] {logging_mixin.py:188} INFO - [2026-03-09T00:00:28.666+0000] {dag.py:3834} INFO - Setting next_dagrun for example_skip_dag to 2026-03-08 00:00:00+00:00, run_after=2026-03-09 00:00:00+00:00
[2026-03-09T00:00:28.841+0000] {processor.py:183} INFO - Processing /home/airflow/.local/lib/python3.8/site-packages/airflow/example_dags/example_skip_dag.py took 1.205 seconds
[2026-03-09T00:00:59.255+0000] {processor.py:161} INFO - Started process (PID=339) to work on /home/airflow/.local/lib/python3.8/site-packages/airflow/example_dags/example_skip_dag.py
[2026-03-09T00:00:59.264+0000] {processor.py:830} INFO - Processing file /home/airflow/.local/lib/python3.8/site-packages/airflow/example_dags/example_skip_dag.py for tasks to queue
[2026-03-09T00:00:59.279+0000] {logging_mixin.py:188} INFO - [2026-03-09T00:00:59.276+0000] {dagbag.py:540} INFO - Filling up the DagBag from /home/airflow/.local/lib/python3.8/site-packages/airflow/example_dags/example_skip_dag.py
[2026-03-09T00:00:59.342+0000] {processor.py:840} INFO - DAG(s) 'example_skip_dag' retrieved from /home/airflow/.local/lib/python3.8/site-packages/airflow/example_dags/example_skip_dag.py
[2026-03-09T00:00:59.499+0000] {logging_mixin.py:188} INFO - [2026-03-09T00:00:59.498+0000] {dag.py:3047} INFO - Sync 1 DAGs
[2026-03-09T00:00:59.689+0000] {logging_mixin.py:188} INFO - [2026-03-09T00:00:59.688+0000] {dag.py:3834} INFO - Setting next_dagrun for example_skip_dag to 2026-03-08 00:00:00+00:00, run_after=2026-03-09 00:00:00+00:00
[2026-03-09T00:00:59.763+0000] {processor.py:183} INFO - Processing /home/airflow/.local/lib/python3.8/site-packages/airflow/example_dags/example_skip_dag.py took 0.534 seconds
[2026-03-09T00:01:29.969+0000] {processor.py:161} INFO - Started process (PID=393) to work on /home/airflow/.local/lib/python3.8/site-packages/airflow/example_dags/example_skip_dag.py
[2026-03-09T00:01:29.975+0000] {processor.py:830} INFO - Processing file /home/airflow/.local/lib/python3.8/site-packages/airflow/example_dags/example_skip_dag.py for tasks to queue
[2026-03-09T00:01:29.985+0000] {logging_mixin.py:188} INFO - [2026-03-09T00:01:29.983+0000] {dagbag.py:540} INFO - Filling up the DagBag from /home/airflow/.local/lib/python3.8/site-packages/airflow/example_dags/example_skip_dag.py
[2026-03-09T00:01:30.012+0000] {processor.py:840} INFO - DAG(s) 'example_skip_dag' retrieved from /home/airflow/.local/lib/python3.8/site-packages/airflow/example_dags/example_skip_dag.py
[2026-03-09T00:01:30.092+0000] {logging_mixin.py:188} INFO - [2026-03-09T00:01:30.091+0000] {dag.py:3047} INFO - Sync 1 DAGs
[2026-03-09T00:01:30.187+0000] {logging_mixin.py:188} INFO - [2026-03-09T00:01:30.186+0000] {dag.py:3834} INFO - Setting next_dagrun for example_skip_dag to 2026-03-08 00:00:00+00:00, run_after=2026-03-09 00:00:00+00:00
[2026-03-09T00:01:30.254+0000] {processor.py:183} INFO - Processing /home/airflow/.local/lib/python3.8/site-packages/airflow/example_dags/example_skip_dag.py took 0.303 seconds
[2026-03-09T00:02:00.703+0000] {processor.py:161} INFO - Started process (PID=448) to work on /home/airflow/.local/lib/python3.8/site-packages/airflow/example_dags/example_skip_dag.py
[2026-03-09T00:02:00.708+0000] {processor.py:830} INFO - Processing file /home/airflow/.local/lib/python3.8/site-packages/airflow/example_dags/example_skip_dag.py for tasks to queue
[2026-03-09T00:02:00.723+0000] {logging_mixin.py:188} INFO - [2026-03-09T00:02:00.721+0000] {dagbag.py:540} INFO - Filling up the DagBag from /home/airflow/.local/lib/python3.8/site-packages/airflow/example_dags/example_skip_dag.py
[2026-03-09T00:02:00.768+0000] {processor.py:840} INFO - DAG(s) 'example_skip_dag' retrieved from /home/airflow/.local/lib/python3.8/site-packages/airflow/example_dags/example_skip_dag.py
[2026-03-09T00:02:00.862+0000] {logging_mixin.py:188} INFO - [2026-03-09T00:02:00.861+0000] {dag.py:3047} INFO - Sync 1 DAGs
[2026-03-09T00:02:00.930+0000] {logging_mixin.py:188} INFO - [2026-03-09T00:02:00.930+0000] {dag.py:3834} INFO - Setting next_dagrun for example_skip_dag to 2026-03-08 00:00:00+00:00, run_after=2026-03-09 00:00:00+00:00
[2026-03-09T00:02:01.006+0000] {processor.py:183} INFO - Processing /home/airflow/.local/lib/python3.8/site-packages/airflow/example_dags/example_skip_dag.py took 0.322 seconds
[2026-03-09T00:02:31.606+0000] {processor.py:161} INFO - Started process (PID=504) to work on /home/airflow/.local/lib/python3.8/site-packages/airflow/example_dags/example_skip_dag.py
[2026-03-09T00:02:31.609+0000] {processor.py:830} INFO - Processing file /home/airflow/.local/lib/python3.8/site-packages/airflow/example_dags/example_skip_dag.py for tasks to queue
[2026-03-09T00:02:31.615+0000] {logging_mixin.py:188} INFO - [2026-03-09T00:02:31.614+0000] {dagbag.py:540} INFO - Filling up the DagBag from /home/airflow/.local/lib/python3.8/site-packages/airflow/example_dags/example_skip_dag.py
[2026-03-09T00:02:31.642+0000] {processor.py:840} INFO - DAG(s) 'example_skip_dag' retrieved from /home/airflow/.local/lib/python3.8/site-packages/airflow/example_dags/example_skip_dag.py
[2026-03-09T00:02:31.695+0000] {logging_mixin.py:188} INFO - [2026-03-09T00:02:31.694+0000] {dag.py:3047} INFO - Sync 1 DAGs
[2026-03-09T00:02:31.752+0000] {logging_mixin.py:188} INFO - [2026-03-09T00:02:31.751+0000] {dag.py:3834} INFO - Setting next_dagrun for example_skip_dag to 2026-03-08 00:00:00+00:00, run_after=2026-03-09 00:00:00+00:00
[2026-03-09T00:02:31.799+0000] {processor.py:183} INFO - Processing /home/airflow/.local/lib/python3.8/site-packages/airflow/example_dags/example_skip_dag.py took 0.204 seconds
[2026-03-09T00:03:04.883+0000] {processor.py:161} INFO - Started process (PID=559) to work on /home/airflow/.local/lib/python3.8/site-packages/airflow/example_dags/example_skip_dag.py
[2026-03-09T00:03:04.895+0000] {processor.py:830} INFO - Processing file /home/airflow/.local/lib/python3.8/site-packages/airflow/example_dags/example_skip_dag.py for tasks to queue
[2026-03-09T00:03:04.917+0000] {logging_mixin.py:188} INFO - [2026-03-09T00:03:04.915+0000] {dagbag.py:540} INFO - Filling up the DagBag from /home/airflow/.local/lib/python3.8/site-packages/airflow/example_dags/example_skip_dag.py
[2026-03-09T00:03:05.154+0000] {processor.py:840} INFO - DAG(s) 'example_skip_dag' retrieved from /home/airflow/.local/lib/python3.8/site-packages/airflow/example_dags/example_skip_dag.py
[2026-03-09T00:03:05.398+0000] {logging_mixin.py:188} INFO - [2026-03-09T00:03:05.392+0000] {dag.py:3047} INFO - Sync 1 DAGs
[2026-03-09T00:03:05.656+0000] {logging_mixin.py:188} INFO - [2026-03-09T00:03:05.655+0000] {dag.py:3834} INFO - Setting next_dagrun for example_skip_dag to 2026-03-08 00:00:00+00:00, run_after=2026-03-09 00:00:00+00:00
[2026-03-09T00:03:05.922+0000] {processor.py:183} INFO - Processing /home/airflow/.local/lib/python3.8/site-packages/airflow/example_dags/example_skip_dag.py took 1.066 seconds
[2026-03-09T00:03:36.135+0000] {processor.py:161} INFO - Started process (PID=614) to work on /home/airflow/.local/lib/python3.8/site-packages/airflow/example_dags/example_skip_dag.py
[2026-03-09T00:03:36.138+0000] {processor.py:830} INFO - Processing file /home/airflow/.local/lib/python3.8/site-packages/airflow/example_dags/example_skip_dag.py for tasks to queue
[2026-03-09T00:03:36.145+0000] {logging_mixin.py:188} INFO - [2026-03-09T00:03:36.144+0000] {dagbag.py:540} INFO - Filling up the DagBag from /home/airflow/.local/lib/python3.8/site-packages/airflow/example_dags/example_skip_dag.py
[2026-03-09T00:03:36.171+0000] {processor.py:840} INFO - DAG(s) 'example_skip_dag' retrieved from /home/airflow/.local/lib/python3.8/site-packages/airflow/example_dags/example_skip_dag.py
[2026-03-09T00:03:36.247+0000] {logging_mixin.py:188} INFO - [2026-03-09T00:03:36.246+0000] {dag.py:3047} INFO - Sync 1 DAGs
[2026-03-09T00:03:36.328+0000] {logging_mixin.py:188} INFO - [2026-03-09T00:03:36.328+0000] {dag.py:3834} INFO - Setting next_dagrun for example_skip_dag to 2026-03-08 00:00:00+00:00, run_after=2026-03-09 00:00:00+00:00
[2026-03-09T00:03:36.393+0000] {processor.py:183} INFO - Processing /home/airflow/.local/lib/python3.8/site-packages/airflow/example_dags/example_skip_dag.py took 0.270 seconds
[2026-03-09T00:04:06.794+0000] {processor.py:161} INFO - Started process (PID=669) to work on /home/airflow/.local/lib/python3.8/site-packages/airflow/example_dags/example_skip_dag.py
[2026-03-09T00:04:06.804+0000] {processor.py:830} INFO - Processing file /home/airflow/.local/lib/python3.8/site-packages/airflow/example_dags/example_skip_dag.py for tasks to queue
[2026-03-09T00:04:06.811+0000] {logging_mixin.py:188} INFO - [2026-03-09T00:04:06.810+0000] {dagbag.py:540} INFO - Filling up the DagBag from /home/airflow/.local/lib/python3.8/site-packages/airflow/example_dags/example_skip_dag.py
[2026-03-09T00:04:06.835+0000] {processor.py:840} INFO - DAG(s) 'example_skip_dag' retrieved from /home/airflow/.local/lib/python3.8/site-packages/airflow/example_dags/example_skip_dag.py
[2026-03-09T00:04:06.903+0000] {logging_mixin.py:188} INFO - [2026-03-09T00:04:06.902+0000] {dag.py:3047} INFO - Sync 1 DAGs
[2026-03-09T00:04:06.979+0000] {logging_mixin.py:188} INFO - [2026-03-09T00:04:06.978+0000] {dag.py:3834} INFO - Setting next_dagrun for example_skip_dag to 2026-03-08 00:00:00+00:00, run_after=2026-03-09 00:00:00+00:00
[2026-03-09T00:04:07.018+0000] {processor.py:183} INFO - Processing /home/airflow/.local/lib/python3.8/site-packages/airflow/example_dags/example_skip_dag.py took 0.233 seconds
[2026-03-09T00:04:37.584+0000] {processor.py:161} INFO - Started process (PID=724) to work on /home/airflow/.local/lib/python3.8/site-packages/airflow/example_dags/example_skip_dag.py
[2026-03-09T00:04:37.587+0000] {processor.py:830} INFO - Processing file /home/airflow/.local/lib/python3.8/site-packages/airflow/example_dags/example_skip_dag.py for tasks to queue
[2026-03-09T00:04:37.592+0000] {logging_mixin.py:188} INFO - [2026-03-09T00:04:37.592+0000] {dagbag.py:540} INFO - Filling up the DagBag from /home/airflow/.local/lib/python3.8/site-packages/airflow/example_dags/example_skip_dag.py
[2026-03-09T00:04:37.612+0000] {processor.py:840} INFO - DAG(s) 'example_skip_dag' retrieved from /home/airflow/.local/lib/python3.8/site-packages/airflow/example_dags/example_skip_dag.py
[2026-03-09T00:04:37.665+0000] {logging_mixin.py:188} INFO - [2026-03-09T00:04:37.664+0000] {dag.py:3047} INFO - Sync 1 DAGs
[2026-03-09T00:04:37.720+0000] {logging_mixin.py:188} INFO - [2026-03-09T00:04:37.720+0000] {dag.py:3834} INFO - Setting next_dagrun for example_skip_dag to 2026-03-08 00:00:00+00:00, run_after=2026-03-09 00:00:00+00:00
[2026-03-09T00:04:37.766+0000] {processor.py:183} INFO - Processing /home/airflow/.local/lib/python3.8/site-packages/airflow/example_dags/example_skip_dag.py took 0.191 seconds
[2026-03-09T00:05:08.479+0000] {processor.py:161} INFO - Started process (PID=779) to work on /home/airflow/.local/lib/python3.8/site-packages/airflow/example_dags/example_skip_dag.py
[2026-03-09T00:05:08.485+0000] {processor.py:830} INFO - Processing file /home/airflow/.local/lib/python3.8/site-packages/airflow/example_dags/example_skip_dag.py for tasks to queue
[2026-03-09T00:05:08.496+0000] {logging_mixin.py:188} INFO - [2026-03-09T00:05:08.494+0000] {dagbag.py:540} INFO - Filling up the DagBag from /home/airflow/.local/lib/python3.8/site-packages/airflow/example_dags/example_skip_dag.py
[2026-03-09T00:05:08.526+0000] {processor.py:840} INFO - DAG(s) 'example_skip_dag' retrieved from /home/airflow/.local/lib/python3.8/site-packages/airflow/example_dags/example_skip_dag.py
[2026-03-09T00:05:08.622+0000] {logging_mixin.py:188} INFO - [2026-03-09T00:05:08.621+0000] {dag.py:3047} INFO - Sync 1 DAGs
[2026-03-09T00:05:08.700+0000] {logging_mixin.py:188} INFO - [2026-03-09T00:05:08.699+0000] {dag.py:3834} INFO - Setting next_dagrun for example_skip_dag to 2026-03-08 00:00:00+00:00, run_after=2026-03-09 00:00:00+00:00
[2026-03-09T00:05:08.765+0000] {processor.py:183} INFO - Processing /home/airflow/.local/lib/python3.8/site-packages/airflow/example_dags/example_skip_dag.py took 0.304 seconds
[2026-03-09T00:05:39.674+0000] {processor.py:161} INFO - Started process (PID=835) to work on /home/airflow/.local/lib/python3.8/site-packages/airflow/example_dags/example_skip_dag.py
[2026-03-09T00:05:39.678+0000] {processor.py:830} INFO - Processing file /home/airflow/.local/lib/python3.8/site-packages/airflow/example_dags/example_skip_dag.py for tasks to queue
[2026-03-09T00:05:39.683+0000] {logging_mixin.py:188} INFO - [2026-03-09T00:05:39.683+0000] {dagbag.py:540} INFO - Filling up the DagBag from /home/airflow/.local/lib/python3.8/site-packages/airflow/example_dags/example_skip_dag.py
[2026-03-09T00:05:39.705+0000] {processor.py:840} INFO - DAG(s) 'example_skip_dag' retrieved from /home/airflow/.local/lib/python3.8/site-packages/airflow/example_dags/example_skip_dag.py
[2026-03-09T00:05:39.760+0000] {logging_mixin.py:188} INFO - [2026-03-09T00:05:39.759+0000] {dag.py:3047} INFO - Sync 1 DAGs
[2026-03-09T00:05:39.832+0000] {logging_mixin.py:188} INFO - [2026-03-09T00:05:39.831+0000] {dag.py:3834} INFO - Setting next_dagrun for example_skip_dag to 2026-03-08 00:00:00+00:00, run_after=2026-03-09 00:00:00+00:00
[2026-03-09T00:05:39.898+0000] {processor.py:183} INFO - Processing /home/airflow/.local/lib/python3.8/site-packages/airflow/example_dags/example_skip_dag.py took 0.232 seconds
[2026-03-09T00:06:10.333+0000] {processor.py:161} INFO - Started process (PID=890) to work on /home/airflow/.local/lib/python3.8/site-packages/airflow/example_dags/example_skip_dag.py
[2026-03-09T00:06:10.336+0000] {processor.py:830} INFO - Processing file /home/airflow/.local/lib/python3.8/site-packages/airflow/example_dags/example_skip_dag.py for tasks to queue
[2026-03-09T00:06:10.345+0000] {logging_mixin.py:188} INFO - [2026-03-09T00:06:10.344+0000] {dagbag.py:540} INFO - Filling up the DagBag from /home/airflow/.local/lib/python3.8/site-packages/airflow/example_dags/example_skip_dag.py
[2026-03-09T00:06:10.382+0000] {processor.py:840} INFO - DAG(s) 'example_skip_dag' retrieved from /home/airflow/.local/lib/python3.8/site-packages/airflow/example_dags/example_skip_dag.py
[2026-03-09T00:06:10.439+0000] {logging_mixin.py:188} INFO - [2026-03-09T00:06:10.438+0000] {dag.py:3047} INFO - Sync 1 DAGs
[2026-03-09T00:06:10.494+0000] {logging_mixin.py:188} INFO - [2026-03-09T00:06:10.494+0000] {dag.py:3834} INFO - Setting next_dagrun for example_skip_dag to 2026-03-08 00:00:00+00:00, run_after=2026-03-09 00:00:00+00:00
[2026-03-09T00:06:10.550+0000] {processor.py:183} INFO - Processing /home/airflow/.local/lib/python3.8/site-packages/airflow/example_dags/example_skip_dag.py took 0.233 seconds
[2026-03-09T00:06:41.569+0000] {processor.py:161} INFO - Started process (PID=946) to work on /home/airflow/.local/lib/python3.8/site-packages/airflow/example_dags/example_skip_dag.py
[2026-03-09T00:06:41.573+0000] {processor.py:830} INFO - Processing file /home/airflow/.local/lib/python3.8/site-packages/airflow/example_dags/example_skip_dag.py for tasks to queue
[2026-03-09T00:06:41.579+0000] {logging_mixin.py:188} INFO - [2026-03-09T00:06:41.578+0000] {dagbag.py:540} INFO - Filling up the DagBag from /home/airflow/.local/lib/python3.8/site-packages/airflow/example_dags/example_skip_dag.py
[2026-03-09T00:06:41.607+0000] {processor.py:840} INFO - DAG(s) 'example_skip_dag' retrieved from /home/airflow/.local/lib/python3.8/site-packages/airflow/example_dags/example_skip_dag.py
[2026-03-09T00:06:41.688+0000] {logging_mixin.py:188} INFO - [2026-03-09T00:06:41.687+0000] {dag.py:3047} INFO - Sync 1 DAGs
[2026-03-09T00:06:41.757+0000] {logging_mixin.py:188} INFO - [2026-03-09T00:06:41.756+0000] {dag.py:3834} INFO - Setting next_dagrun for example_skip_dag to 2026-03-08 00:00:00+00:00, run_after=2026-03-09 00:00:00+00:00
[2026-03-09T00:06:41.806+0000] {processor.py:183} INFO - Processing /home/airflow/.local/lib/python3.8/site-packages/airflow/example_dags/example_skip_dag.py took 0.249 seconds
[2026-03-09T00:07:12.336+0000] {processor.py:161} INFO - Started process (PID=1001) to work on /home/airflow/.local/lib/python3.8/site-packages/airflow/example_dags/example_skip_dag.py
[2026-03-09T00:07:12.340+0000] {processor.py:830} INFO - Processing file /home/airflow/.local/lib/python3.8/site-packages/airflow/example_dags/example_skip_dag.py for tasks to queue
[2026-03-09T00:07:12.351+0000] {logging_mixin.py:188} INFO - [2026-03-09T00:07:12.346+0000] {dagbag.py:540} INFO - Filling up the DagBag from /home/airflow/.local/lib/python3.8/site-packages/airflow/example_dags/example_skip_dag.py
[2026-03-09T00:07:12.383+0000] {processor.py:840} INFO - DAG(s) 'example_skip_dag' retrieved from /home/airflow/.local/lib/python3.8/site-packages/airflow/example_dags/example_skip_dag.py
[2026-03-09T00:07:12.453+0000] {logging_mixin.py:188} INFO - [2026-03-09T00:07:12.453+0000] {dag.py:3047} INFO - Sync 1 DAGs
[2026-03-09T00:07:12.533+0000] {logging_mixin.py:188} INFO - [2026-03-09T00:07:12.533+0000] {dag.py:3834} INFO - Setting next_dagrun for example_skip_dag to 2026-03-08 00:00:00+00:00, run_after=2026-03-09 00:00:00+00:00
[2026-03-09T00:07:12.595+0000] {processor.py:183} INFO - Processing /home/airflow/.local/lib/python3.8/site-packages/airflow/example_dags/example_skip_dag.py took 0.279 seconds
[2026-03-09T00:07:42.798+0000] {processor.py:161} INFO - Started process (PID=1056) to work on /home/airflow/.local/lib/python3.8/site-packages/airflow/example_dags/example_skip_dag.py
[2026-03-09T00:07:42.803+0000] {processor.py:830} INFO - Processing file /home/airflow/.local/lib/python3.8/site-packages/airflow/example_dags/example_skip_dag.py for tasks to queue
[2026-03-09T00:07:42.814+0000] {logging_mixin.py:188} INFO - [2026-03-09T00:07:42.811+0000] {dagbag.py:540} INFO - Filling up the DagBag from /home/airflow/.local/lib/python3.8/site-packages/airflow/example_dags/example_skip_dag.py
[2026-03-09T00:07:42.846+0000] {processor.py:840} INFO - DAG(s) 'example_skip_dag' retrieved from /home/airflow/.local/lib/python3.8/site-packages/airflow/example_dags/example_skip_dag.py
[2026-03-09T00:07:42.930+0000] {logging_mixin.py:188} INFO - [2026-03-09T00:07:42.929+0000] {dag.py:3047} INFO - Sync 1 DAGs
[2026-03-09T00:07:43.111+0000] {logging_mixin.py:188} INFO - [2026-03-09T00:07:43.110+0000] {dag.py:3834} INFO - Setting next_dagrun for example_skip_dag to 2026-03-08 00:00:00+00:00, run_after=2026-03-09 00:00:00+00:00
[2026-03-09T00:07:43.192+0000] {processor.py:183} INFO - Processing /home/airflow/.local/lib/python3.8/site-packages/airflow/example_dags/example_skip_dag.py took 0.408 seconds
[2026-03-09T00:08:13.981+0000] {processor.py:161} INFO - Started process (PID=1111) to work on /home/airflow/.local/lib/python3.8/site-packages/airflow/example_dags/example_skip_dag.py
[2026-03-09T00:08:13.986+0000] {processor.py:830} INFO - Processing file /home/airflow/.local/lib/python3.8/site-packages/airflow/example_dags/example_skip_dag.py for tasks to queue
[2026-03-09T00:08:13.996+0000] {logging_mixin.py:188} INFO - [2026-03-09T00:08:13.995+0000] {dagbag.py:540} INFO - Filling up the DagBag from /home/airflow/.local/lib/python3.8/site-packages/airflow/example_dags/example_skip_dag.py
[2026-03-09T00:08:14.030+0000] {processor.py:840} INFO - DAG(s) 'example_skip_dag' retrieved from /home/airflow/.local/lib/python3.8/site-packages/airflow/example_dags/example_skip_dag.py
[2026-03-09T00:08:14.169+0000] {logging_mixin.py:188} INFO - [2026-03-09T00:08:14.168+0000] {dag.py:3047} INFO - Sync 1 DAGs
[2026-03-09T00:08:14.289+0000] {logging_mixin.py:188} INFO - [2026-03-09T00:08:14.288+0000] {dag.py:3834} INFO - Setting next_dagrun for example_skip_dag to 2026-03-08 00:00:00+00:00, run_after=2026-03-09 00:00:00+00:00
[2026-03-09T00:08:14.351+0000] {processor.py:183} INFO - Processing /home/airflow/.local/lib/python3.8/site-packages/airflow/example_dags/example_skip_dag.py took 0.396 seconds
[2026-03-09T00:08:44.509+0000] {processor.py:161} INFO - Started process (PID=1167) to work on /home/airflow/.local/lib/python3.8/site-packages/airflow/example_dags/example_skip_dag.py
[2026-03-09T00:08:44.512+0000] {processor.py:830} INFO - Processing file /home/airflow/.local/lib/python3.8/site-packages/airflow/example_dags/example_skip_dag.py for tasks to queue
[2026-03-09T00:08:44.519+0000] {logging_mixin.py:188} INFO - [2026-03-09T00:08:44.518+0000] {dagbag.py:540} INFO - Filling up the DagBag from /home/airflow/.local/lib/python3.8/site-packages/airflow/example_dags/example_skip_dag.py
[2026-03-09T00:08:44.538+0000] {processor.py:840} INFO - DAG(s) 'example_skip_dag' retrieved from /home/airflow/.local/lib/python3.8/site-packages/airflow/example_dags/example_skip_dag.py
[2026-03-09T00:08:44.588+0000] {logging_mixin.py:188} INFO - [2026-03-09T00:08:44.587+0000] {dag.py:3047} INFO - Sync 1 DAGs
[2026-03-09T00:08:44.645+0000] {logging_mixin.py:188} INFO - [2026-03-09T00:08:44.645+0000] {dag.py:3834} INFO - Setting next_dagrun for example_skip_dag to 2026-03-08 00:00:00+00:00, run_after=2026-03-09 00:00:00+00:00
[2026-03-09T00:08:44.707+0000] {processor.py:183} INFO - Processing /home/airflow/.local/lib/python3.8/site-packages/airflow/example_dags/example_skip_dag.py took 0.209 seconds
[2026-03-09T00:09:17.308+0000] {processor.py:161} INFO - Started process (PID=1223) to work on /home/airflow/.local/lib/python3.8/site-packages/airflow/example_dags/example_skip_dag.py
[2026-03-09T00:09:17.312+0000] {processor.py:830} INFO - Processing file /home/airflow/.local/lib/python3.8/site-packages/airflow/example_dags/example_skip_dag.py for tasks to queue
[2026-03-09T00:09:17.319+0000] {logging_mixin.py:188} INFO - [2026-03-09T00:09:17.318+0000] {dagbag.py:540} INFO - Filling up the DagBag from /home/airflow/.local/lib/python3.8/site-packages/airflow/example_dags/example_skip_dag.py
[2026-03-09T00:09:17.339+0000] {processor.py:840} INFO - DAG(s) 'example_skip_dag' retrieved from /home/airflow/.local/lib/python3.8/site-packages/airflow/example_dags/example_skip_dag.py
[2026-03-09T00:09:17.401+0000] {logging_mixin.py:188} INFO - [2026-03-09T00:09:17.400+0000] {dag.py:3047} INFO - Sync 1 DAGs
[2026-03-09T00:09:17.475+0000] {logging_mixin.py:188} INFO - [2026-03-09T00:09:17.474+0000] {dag.py:3834} INFO - Setting next_dagrun for example_skip_dag to 2026-03-08 00:00:00+00:00, run_after=2026-03-09 00:00:00+00:00
[2026-03-09T00:09:17.526+0000] {processor.py:183} INFO - Processing /home/airflow/.local/lib/python3.8/site-packages/airflow/example_dags/example_skip_dag.py took 0.231 seconds
[2026-03-09T00:09:48.584+0000] {processor.py:161} INFO - Started process (PID=1280) to work on /home/airflow/.local/lib/python3.8/site-packages/airflow/example_dags/example_skip_dag.py
[2026-03-09T00:09:48.590+0000] {processor.py:830} INFO - Processing file /home/airflow/.local/lib/python3.8/site-packages/airflow/example_dags/example_skip_dag.py for tasks to queue
[2026-03-09T00:09:48.596+0000] {logging_mixin.py:188} INFO - [2026-03-09T00:09:48.595+0000] {dagbag.py:540} INFO - Filling up the DagBag from /home/airflow/.local/lib/python3.8/site-packages/airflow/example_dags/example_skip_dag.py
[2026-03-09T00:09:48.628+0000] {processor.py:840} INFO - DAG(s) 'example_skip_dag' retrieved from /home/airflow/.local/lib/python3.8/site-packages/airflow/example_dags/example_skip_dag.py
[2026-03-09T00:09:48.722+0000] {logging_mixin.py:188} INFO - [2026-03-09T00:09:48.721+0000] {dag.py:3047} INFO - Sync 1 DAGs
[2026-03-09T00:09:48.809+0000] {logging_mixin.py:188} INFO - [2026-03-09T00:09:48.809+0000] {dag.py:3834} INFO - Setting next_dagrun for example_skip_dag to 2026-03-08 00:00:00+00:00, run_after=2026-03-09 00:00:00+00:00
[2026-03-09T00:09:48.876+0000] {processor.py:183} INFO - Processing /home/airflow/.local/lib/python3.8/site-packages/airflow/example_dags/example_skip_dag.py took 0.307 seconds
[2026-03-09T00:10:19.278+0000] {processor.py:161} INFO - Started process (PID=1337) to work on /home/airflow/.local/lib/python3.8/site-packages/airflow/example_dags/example_skip_dag.py
[2026-03-09T00:10:19.280+0000] {processor.py:830} INFO - Processing file /home/airflow/.local/lib/python3.8/site-packages/airflow/example_dags/example_skip_dag.py for tasks to queue
[2026-03-09T00:10:19.285+0000] {logging_mixin.py:188} INFO - [2026-03-09T00:10:19.284+0000] {dagbag.py:540} INFO - Filling up the DagBag from /home/airflow/.local/lib/python3.8/site-packages/airflow/example_dags/example_skip_dag.py
[2026-03-09T00:10:19.303+0000] {processor.py:840} INFO - DAG(s) 'example_skip_dag' retrieved from /home/airflow/.local/lib/python3.8/site-packages/airflow/example_dags/example_skip_dag.py
[2026-03-09T00:10:19.352+0000] {logging_mixin.py:188} INFO - [2026-03-09T00:10:19.351+0000] {dag.py:3047} INFO - Sync 1 DAGs
[2026-03-09T00:10:19.401+0000] {logging_mixin.py:188} INFO - [2026-03-09T00:10:19.401+0000] {dag.py:3834} INFO - Setting next_dagrun for example_skip_dag to 2026-03-08 00:00:00+00:00, run_after=2026-03-09 00:00:00+00:00
[2026-03-09T00:10:19.449+0000] {processor.py:183} INFO - Processing /home/airflow/.local/lib/python3.8/site-packages/airflow/example_dags/example_skip_dag.py took 0.183 seconds
[2026-03-09T00:10:50.785+0000] {processor.py:161} INFO - Started process (PID=1395) to work on /home/airflow/.local/lib/python3.8/site-packages/airflow/example_dags/example_skip_dag.py
[2026-03-09T00:10:50.791+0000] {processor.py:830} INFO - Processing file /home/airflow/.local/lib/python3.8/site-packages/airflow/example_dags/example_skip_dag.py for tasks to queue
[2026-03-09T00:10:50.801+0000] {logging_mixin.py:188} INFO - [2026-03-09T00:10:50.800+0000] {dagbag.py:540} INFO - Filling up the DagBag from /home/airflow/.local/lib/python3.8/site-packages/airflow/example_dags/example_skip_dag.py
[2026-03-09T00:10:50.832+0000] {processor.py:840} INFO - DAG(s) 'example_skip_dag' retrieved from /home/airflow/.local/lib/python3.8/site-packages/airflow/example_dags/example_skip_dag.py
[2026-03-09T00:10:50.913+0000] {logging_mixin.py:188} INFO - [2026-03-09T00:10:50.912+0000] {dag.py:3047} INFO - Sync 1 DAGs
[2026-03-09T00:10:50.991+0000] {logging_mixin.py:188} INFO - [2026-03-09T00:10:50.991+0000] {dag.py:3834} INFO - Setting next_dagrun for example_skip_dag to 2026-03-08 00:00:00+00:00, run_after=2026-03-09 00:00:00+00:00
[2026-03-09T00:10:51.053+0000] {processor.py:183} INFO - Processing /home/airflow/.local/lib/python3.8/site-packages/airflow/example_dags/example_skip_dag.py took 0.283 seconds
[2026-03-09T00:11:24.642+0000] {processor.py:161} INFO - Started process (PID=1450) to work on /home/airflow/.local/lib/python3.8/site-packages/airflow/example_dags/example_skip_dag.py
[2026-03-09T00:11:24.658+0000] {processor.py:830} INFO - Processing file /home/airflow/.local/lib/python3.8/site-packages/airflow/example_dags/example_skip_dag.py for tasks to queue
[2026-03-09T00:11:24.673+0000] {logging_mixin.py:188} INFO - [2026-03-09T00:11:24.672+0000] {dagbag.py:540} INFO - Filling up the DagBag from /home/airflow/.local/lib/python3.8/site-packages/airflow/example_dags/example_skip_dag.py
[2026-03-09T00:11:24.715+0000] {processor.py:840} INFO - DAG(s) 'example_skip_dag' retrieved from /home/airflow/.local/lib/python3.8/site-packages/airflow/example_dags/example_skip_dag.py
[2026-03-09T00:11:24.824+0000] {logging_mixin.py:188} INFO - [2026-03-09T00:11:24.824+0000] {dag.py:3047} INFO - Sync 1 DAGs
[2026-03-09T00:11:24.980+0000] {logging_mixin.py:188} INFO - [2026-03-09T00:11:24.979+0000] {dag.py:3834} INFO - Setting next_dagrun for example_skip_dag to 2026-03-08 00:00:00+00:00, run_after=2026-03-09 00:00:00+00:00
[2026-03-09T00:11:25.064+0000] {processor.py:183} INFO - Processing /home/airflow/.local/lib/python3.8/site-packages/airflow/example_dags/example_skip_dag.py took 0.444 seconds
[2026-03-09T00:11:55.526+0000] {processor.py:161} INFO - Started process (PID=1505) to work on /home/airflow/.local/lib/python3.8/site-packages/airflow/example_dags/example_skip_dag.py
[2026-03-09T00:11:55.538+0000] {processor.py:830} INFO - Processing file /home/airflow/.local/lib/python3.8/site-packages/airflow/example_dags/example_skip_dag.py for tasks to queue
[2026-03-09T00:11:55.560+0000] {logging_mixin.py:188} INFO - [2026-03-09T00:11:55.558+0000] {dagbag.py:540} INFO - Filling up the DagBag from /home/airflow/.local/lib/python3.8/site-packages/airflow/example_dags/example_skip_dag.py
[2026-03-09T00:11:55.638+0000] {processor.py:840} INFO - DAG(s) 'example_skip_dag' retrieved from /home/airflow/.local/lib/python3.8/site-packages/airflow/example_dags/example_skip_dag.py
[2026-03-09T00:11:55.823+0000] {logging_mixin.py:188} INFO - [2026-03-09T00:11:55.822+0000] {dag.py:3047} INFO - Sync 1 DAGs
[2026-03-09T00:11:55.963+0000] {logging_mixin.py:188} INFO - [2026-03-09T00:11:55.962+0000] {dag.py:3834} INFO - Setting next_dagrun for example_skip_dag to 2026-03-08 00:00:00+00:00, run_after=2026-03-09 00:00:00+00:00
[2026-03-09T00:11:56.038+0000] {processor.py:183} INFO - Processing /home/airflow/.local/lib/python3.8/site-packages/airflow/example_dags/example_skip_dag.py took 0.547 seconds
[2026-03-09T00:12:27.343+0000] {processor.py:161} INFO - Started process (PID=1563) to work on /home/airflow/.local/lib/python3.8/site-packages/airflow/example_dags/example_skip_dag.py
[2026-03-09T00:12:27.347+0000] {processor.py:830} INFO - Processing file /home/airflow/.local/lib/python3.8/site-packages/airflow/example_dags/example_skip_dag.py for tasks to queue
[2026-03-09T00:12:27.355+0000] {logging_mixin.py:188} INFO - [2026-03-09T00:12:27.353+0000] {dagbag.py:540} INFO - Filling up the DagBag from /home/airflow/.local/lib/python3.8/site-packages/airflow/example_dags/example_skip_dag.py
[2026-03-09T00:12:27.377+0000] {processor.py:840} INFO - DAG(s) 'example_skip_dag' retrieved from /home/airflow/.local/lib/python3.8/site-packages/airflow/example_dags/example_skip_dag.py
[2026-03-09T00:12:27.428+0000] {logging_mixin.py:188} INFO - [2026-03-09T00:12:27.427+0000] {dag.py:3047} INFO - Sync 1 DAGs
[2026-03-09T00:12:27.475+0000] {logging_mixin.py:188} INFO - [2026-03-09T00:12:27.474+0000] {dag.py:3834} INFO - Setting next_dagrun for example_skip_dag to 2026-03-08 00:00:00+00:00, run_after=2026-03-09 00:00:00+00:00
[2026-03-09T00:12:27.518+0000] {processor.py:183} INFO - Processing /home/airflow/.local/lib/python3.8/site-packages/airflow/example_dags/example_skip_dag.py took 0.187 seconds
[2026-03-09T00:12:57.797+0000] {processor.py:161} INFO - Started process (PID=1620) to work on /home/airflow/.local/lib/python3.8/site-packages/airflow/example_dags/example_skip_dag.py
[2026-03-09T00:12:57.800+0000] {processor.py:830} INFO - Processing file /home/airflow/.local/lib/python3.8/site-packages/airflow/example_dags/example_skip_dag.py for tasks to queue
[2026-03-09T00:12:57.806+0000] {logging_mixin.py:188} INFO - [2026-03-09T00:12:57.805+0000] {dagbag.py:540} INFO - Filling up the DagBag from /home/airflow/.local/lib/python3.8/site-packages/airflow/example_dags/example_skip_dag.py
[2026-03-09T00:12:57.822+0000] {processor.py:840} INFO - DAG(s) 'example_skip_dag' retrieved from /home/airflow/.local/lib/python3.8/site-packages/airflow/example_dags/example_skip_dag.py
[2026-03-09T00:12:57.873+0000] {logging_mixin.py:188} INFO - [2026-03-09T00:12:57.872+0000] {dag.py:3047} INFO - Sync 1 DAGs
[2026-03-09T00:12:57.917+0000] {logging_mixin.py:188} INFO - [2026-03-09T00:12:57.917+0000] {dag.py:3834} INFO - Setting next_dagrun for example_skip_dag to 2026-03-08 00:00:00+00:00, run_after=2026-03-09 00:00:00+00:00
[2026-03-09T00:12:57.952+0000] {processor.py:183} INFO - Processing /home/airflow/.local/lib/python3.8/site-packages/airflow/example_dags/example_skip_dag.py took 0.163 seconds
[2026-03-09T00:13:28.821+0000] {processor.py:161} INFO - Started process (PID=1676) to work on /home/airflow/.local/lib/python3.8/site-packages/airflow/example_dags/example_skip_dag.py
[2026-03-09T00:13:28.824+0000] {processor.py:830} INFO - Processing file /home/airflow/.local/lib/python3.8/site-packages/airflow/example_dags/example_skip_dag.py for tasks to queue
[2026-03-09T00:13:28.828+0000] {logging_mixin.py:188} INFO - [2026-03-09T00:13:28.827+0000] {dagbag.py:540} INFO - Filling up the DagBag from /home/airflow/.local/lib/python3.8/site-packages/airflow/example_dags/example_skip_dag.py
[2026-03-09T00:13:28.846+0000] {processor.py:840} INFO - DAG(s) 'example_skip_dag' retrieved from /home/airflow/.local/lib/python3.8/site-packages/airflow/example_dags/example_skip_dag.py
[2026-03-09T00:13:28.904+0000] {logging_mixin.py:188} INFO - [2026-03-09T00:13:28.903+0000] {dag.py:3047} INFO - Sync 1 DAGs
[2026-03-09T00:13:29.026+0000] {logging_mixin.py:188} INFO - [2026-03-09T00:13:29.025+0000] {dag.py:3834} INFO - Setting next_dagrun for example_skip_dag to 2026-03-08 00:00:00+00:00, run_after=2026-03-09 00:00:00+00:00
[2026-03-09T00:13:29.095+0000] {processor.py:183} INFO - Processing /home/airflow/.local/lib/python3.8/site-packages/airflow/example_dags/example_skip_dag.py took 0.281 seconds
[2026-03-09T00:14:03.180+0000] {processor.py:161} INFO - Started process (PID=1735) to work on /home/airflow/.local/lib/python3.8/site-packages/airflow/example_dags/example_skip_dag.py
[2026-03-09T00:14:03.184+0000] {processor.py:830} INFO - Processing file /home/airflow/.local/lib/python3.8/site-packages/airflow/example_dags/example_skip_dag.py for tasks to queue
[2026-03-09T00:14:03.194+0000] {logging_mixin.py:188} INFO - [2026-03-09T00:14:03.192+0000] {dagbag.py:540} INFO - Filling up the DagBag from /home/airflow/.local/lib/python3.8/site-packages/airflow/example_dags/example_skip_dag.py
[2026-03-09T00:14:03.224+0000] {processor.py:840} INFO - DAG(s) 'example_skip_dag' retrieved from /home/airflow/.local/lib/python3.8/site-packages/airflow/example_dags/example_skip_dag.py
[2026-03-09T00:14:03.364+0000] {logging_mixin.py:188} INFO - [2026-03-09T00:14:03.363+0000] {dag.py:3047} INFO - Sync 1 DAGs
[2026-03-09T00:14:03.496+0000] {logging_mixin.py:188} INFO - [2026-03-09T00:14:03.494+0000] {dag.py:3834} INFO - Setting next_dagrun for example_skip_dag to 2026-03-08 00:00:00+00:00, run_after=2026-03-09 00:00:00+00:00
[2026-03-09T00:14:03.583+0000] {processor.py:183} INFO - Processing /home/airflow/.local/lib/python3.8/site-packages/airflow/example_dags/example_skip_dag.py took 0.418 seconds
[2026-03-09T00:14:33.965+0000] {processor.py:161} INFO - Started process (PID=1791) to work on /home/airflow/.local/lib/python3.8/site-packages/airflow/example_dags/example_skip_dag.py
[2026-03-09T00:14:33.969+0000] {processor.py:830} INFO - Processing file /home/airflow/.local/lib/python3.8/site-packages/airflow/example_dags/example_skip_dag.py for tasks to queue
[2026-03-09T00:14:33.974+0000] {logging_mixin.py:188} INFO - [2026-03-09T00:14:33.974+0000] {dagbag.py:540} INFO - Filling up the DagBag from /home/airflow/.local/lib/python3.8/site-packages/airflow/example_dags/example_skip_dag.py
[2026-03-09T00:14:33.994+0000] {processor.py:840} INFO - DAG(s) 'example_skip_dag' retrieved from /home/airflow/.local/lib/python3.8/site-packages/airflow/example_dags/example_skip_dag.py
[2026-03-09T00:14:34.134+0000] {logging_mixin.py:188} INFO - [2026-03-09T00:14:34.134+0000] {dag.py:3047} INFO - Sync 1 DAGs
[2026-03-09T00:14:34.209+0000] {logging_mixin.py:188} INFO - [2026-03-09T00:14:34.208+0000] {dag.py:3834} INFO - Setting next_dagrun for example_skip_dag to 2026-03-08 00:00:00+00:00, run_after=2026-03-09 00:00:00+00:00
[2026-03-09T00:14:34.273+0000] {processor.py:183} INFO - Processing /home/airflow/.local/lib/python3.8/site-packages/airflow/example_dags/example_skip_dag.py took 0.322 seconds
[2026-03-09T00:15:04.476+0000] {processor.py:161} INFO - Started process (PID=1845) to work on /home/airflow/.local/lib/python3.8/site-packages/airflow/example_dags/example_skip_dag.py
[2026-03-09T00:15:04.480+0000] {processor.py:830} INFO - Processing file /home/airflow/.local/lib/python3.8/site-packages/airflow/example_dags/example_skip_dag.py for tasks to queue
[2026-03-09T00:15:04.488+0000] {logging_mixin.py:188} INFO - [2026-03-09T00:15:04.487+0000] {dagbag.py:540} INFO - Filling up the DagBag from /home/airflow/.local/lib/python3.8/site-packages/airflow/example_dags/example_skip_dag.py
[2026-03-09T00:15:04.511+0000] {processor.py:840} INFO - DAG(s) 'example_skip_dag' retrieved from /home/airflow/.local/lib/python3.8/site-packages/airflow/example_dags/example_skip_dag.py
[2026-03-09T00:15:04.585+0000] {logging_mixin.py:188} INFO - [2026-03-09T00:15:04.584+0000] {dag.py:3047} INFO - Sync 1 DAGs
[2026-03-09T00:15:04.641+0000] {logging_mixin.py:188} INFO - [2026-03-09T00:15:04.640+0000] {dag.py:3834} INFO - Setting next_dagrun for example_skip_dag to 2026-03-08 00:00:00+00:00, run_after=2026-03-09 00:00:00+00:00
[2026-03-09T00:15:04.681+0000] {processor.py:183} INFO - Processing /home/airflow/.local/lib/python3.8/site-packages/airflow/example_dags/example_skip_dag.py took 0.219 seconds
[2026-03-09T00:15:35.467+0000] {processor.py:161} INFO - Started process (PID=1902) to work on /home/airflow/.local/lib/python3.8/site-packages/airflow/example_dags/example_skip_dag.py
[2026-03-09T00:15:35.472+0000] {processor.py:830} INFO - Processing file /home/airflow/.local/lib/python3.8/site-packages/airflow/example_dags/example_skip_dag.py for tasks to queue
[2026-03-09T00:15:35.479+0000] {logging_mixin.py:188} INFO - [2026-03-09T00:15:35.478+0000] {dagbag.py:540} INFO - Filling up the DagBag from /home/airflow/.local/lib/python3.8/site-packages/airflow/example_dags/example_skip_dag.py
[2026-03-09T00:15:35.507+0000] {processor.py:840} INFO - DAG(s) 'example_skip_dag' retrieved from /home/airflow/.local/lib/python3.8/site-packages/airflow/example_dags/example_skip_dag.py
[2026-03-09T00:15:35.584+0000] {logging_mixin.py:188} INFO - [2026-03-09T00:15:35.583+0000] {dag.py:3047} INFO - Sync 1 DAGs
[2026-03-09T00:15:35.649+0000] {logging_mixin.py:188} INFO - [2026-03-09T00:15:35.648+0000] {dag.py:3834} INFO - Setting next_dagrun for example_skip_dag to 2026-03-08 00:00:00+00:00, run_after=2026-03-09 00:00:00+00:00
[2026-03-09T00:15:35.701+0000] {processor.py:183} INFO - Processing /home/airflow/.local/lib/python3.8/site-packages/airflow/example_dags/example_skip_dag.py took 0.254 seconds
[2026-03-09T00:16:05.996+0000] {processor.py:161} INFO - Started process (PID=1958) to work on /home/airflow/.local/lib/python3.8/site-packages/airflow/example_dags/example_skip_dag.py
[2026-03-09T00:16:06.000+0000] {processor.py:830} INFO - Processing file /home/airflow/.local/lib/python3.8/site-packages/airflow/example_dags/example_skip_dag.py for tasks to queue
[2026-03-09T00:16:06.004+0000] {logging_mixin.py:188} INFO - [2026-03-09T00:16:06.003+0000] {dagbag.py:540} INFO - Filling up the DagBag from /home/airflow/.local/lib/python3.8/site-packages/airflow/example_dags/example_skip_dag.py
[2026-03-09T00:16:06.027+0000] {processor.py:840} INFO - DAG(s) 'example_skip_dag' retrieved from /home/airflow/.local/lib/python3.8/site-packages/airflow/example_dags/example_skip_dag.py
[2026-03-09T00:16:06.083+0000] {logging_mixin.py:188} INFO - [2026-03-09T00:16:06.082+0000] {dag.py:3047} INFO - Sync 1 DAGs
[2026-03-09T00:16:06.127+0000] {logging_mixin.py:188} INFO - [2026-03-09T00:16:06.127+0000] {dag.py:3834} INFO - Setting next_dagrun for example_skip_dag to 2026-03-08 00:00:00+00:00, run_after=2026-03-09 00:00:00+00:00
[2026-03-09T00:16:06.165+0000] {processor.py:183} INFO - Processing /home/airflow/.local/lib/python3.8/site-packages/airflow/example_dags/example_skip_dag.py took 0.178 seconds
[2026-03-09T00:16:36.362+0000] {processor.py:161} INFO - Started process (PID=2014) to work on /home/airflow/.local/lib/python3.8/site-packages/airflow/example_dags/example_skip_dag.py
[2026-03-09T00:16:36.364+0000] {processor.py:830} INFO - Processing file /home/airflow/.local/lib/python3.8/site-packages/airflow/example_dags/example_skip_dag.py for tasks to queue
[2026-03-09T00:16:36.368+0000] {logging_mixin.py:188} INFO - [2026-03-09T00:16:36.368+0000] {dagbag.py:540} INFO - Filling up the DagBag from /home/airflow/.local/lib/python3.8/site-packages/airflow/example_dags/example_skip_dag.py
[2026-03-09T00:16:36.382+0000] {processor.py:840} INFO - DAG(s) 'example_skip_dag' retrieved from /home/airflow/.local/lib/python3.8/site-packages/airflow/example_dags/example_skip_dag.py
[2026-03-09T00:16:36.431+0000] {logging_mixin.py:188} INFO - [2026-03-09T00:16:36.430+0000] {dag.py:3047} INFO - Sync 1 DAGs
[2026-03-09T00:16:36.489+0000] {logging_mixin.py:188} INFO - [2026-03-09T00:16:36.488+0000] {dag.py:3834} INFO - Setting next_dagrun for example_skip_dag to 2026-03-08 00:00:00+00:00, run_after=2026-03-09 00:00:00+00:00
[2026-03-09T00:16:36.541+0000] {processor.py:183} INFO - Processing /home/airflow/.local/lib/python3.8/site-packages/airflow/example_dags/example_skip_dag.py took 0.187 seconds
[2026-03-09T00:17:07.765+0000] {processor.py:161} INFO - Started process (PID=2070) to work on /home/airflow/.local/lib/python3.8/site-packages/airflow/example_dags/example_skip_dag.py
[2026-03-09T00:17:07.770+0000] {processor.py:830} INFO - Processing file /home/airflow/.local/lib/python3.8/site-packages/airflow/example_dags/example_skip_dag.py for tasks to queue
[2026-03-09T00:17:07.777+0000] {logging_mixin.py:188} INFO - [2026-03-09T00:17:07.776+0000] {dagbag.py:540} INFO - Filling up the DagBag from /home/airflow/.local/lib/python3.8/site-packages/airflow/example_dags/example_skip_dag.py
[2026-03-09T00:17:07.800+0000] {processor.py:840} INFO - DAG(s) 'example_skip_dag' retrieved from /home/airflow/.local/lib/python3.8/site-packages/airflow/example_dags/example_skip_dag.py
[2026-03-09T00:17:07.863+0000] {logging_mixin.py:188} INFO - [2026-03-09T00:17:07.862+0000] {dag.py:3047} INFO - Sync 1 DAGs
[2026-03-09T00:17:07.956+0000] {logging_mixin.py:188} INFO - [2026-03-09T00:17:07.955+0000] {dag.py:3834} INFO - Setting next_dagrun for example_skip_dag to 2026-03-08 00:00:00+00:00, run_after=2026-03-09 00:00:00+00:00
[2026-03-09T00:17:08.089+0000] {processor.py:183} INFO - Processing /home/airflow/.local/lib/python3.8/site-packages/airflow/example_dags/example_skip_dag.py took 0.338 seconds
[2026-03-09T00:17:38.572+0000] {processor.py:161} INFO - Started process (PID=2126) to work on /home/airflow/.local/lib/python3.8/site-packages/airflow/example_dags/example_skip_dag.py
[2026-03-09T00:17:38.574+0000] {processor.py:830} INFO - Processing file /home/airflow/.local/lib/python3.8/site-packages/airflow/example_dags/example_skip_dag.py for tasks to queue
[2026-03-09T00:17:38.582+0000] {logging_mixin.py:188} INFO - [2026-03-09T00:17:38.581+0000] {dagbag.py:540} INFO - Filling up the DagBag from /home/airflow/.local/lib/python3.8/site-packages/airflow/example_dags/example_skip_dag.py
[2026-03-09T00:17:38.602+0000] {processor.py:840} INFO - DAG(s) 'example_skip_dag' retrieved from /home/airflow/.local/lib/python3.8/site-packages/airflow/example_dags/example_skip_dag.py
[2026-03-09T00:17:38.684+0000] {logging_mixin.py:188} INFO - [2026-03-09T00:17:38.684+0000] {dag.py:3047} INFO - Sync 1 DAGs
[2026-03-09T00:17:38.773+0000] {logging_mixin.py:188} INFO - [2026-03-09T00:17:38.772+0000] {dag.py:3834} INFO - Setting next_dagrun for example_skip_dag to 2026-03-08 00:00:00+00:00, run_after=2026-03-09 00:00:00+00:00
[2026-03-09T00:17:38.840+0000] {processor.py:183} INFO - Processing /home/airflow/.local/lib/python3.8/site-packages/airflow/example_dags/example_skip_dag.py took 0.277 seconds
[2026-03-09T00:18:09.278+0000] {processor.py:161} INFO - Started process (PID=2182) to work on /home/airflow/.local/lib/python3.8/site-packages/airflow/example_dags/example_skip_dag.py
[2026-03-09T00:18:09.282+0000] {processor.py:830} INFO - Processing file /home/airflow/.local/lib/python3.8/site-packages/airflow/example_dags/example_skip_dag.py for tasks to queue
[2026-03-09T00:18:09.288+0000] {logging_mixin.py:188} INFO - [2026-03-09T00:18:09.287+0000] {dagbag.py:540} INFO - Filling up the DagBag from /home/airflow/.local/lib/python3.8/site-packages/airflow/example_dags/example_skip_dag.py
[2026-03-09T00:18:09.311+0000] {processor.py:840} INFO - DAG(s) 'example_skip_dag' retrieved from /home/airflow/.local/lib/python3.8/site-packages/airflow/example_dags/example_skip_dag.py
[2026-03-09T00:18:09.382+0000] {logging_mixin.py:188} INFO - [2026-03-09T00:18:09.382+0000] {dag.py:3047} INFO - Sync 1 DAGs
[2026-03-09T00:18:09.448+0000] {logging_mixin.py:188} INFO - [2026-03-09T00:18:09.448+0000] {dag.py:3834} INFO - Setting next_dagrun for example_skip_dag to 2026-03-08 00:00:00+00:00, run_after=2026-03-09 00:00:00+00:00
[2026-03-09T00:18:09.513+0000] {processor.py:183} INFO - Processing /home/airflow/.local/lib/python3.8/site-packages/airflow/example_dags/example_skip_dag.py took 0.247 seconds
[2026-03-09T00:18:39.885+0000] {processor.py:161} INFO - Started process (PID=2238) to work on /home/airflow/.local/lib/python3.8/site-packages/airflow/example_dags/example_skip_dag.py
[2026-03-09T00:18:39.896+0000] {processor.py:830} INFO - Processing file /home/airflow/.local/lib/python3.8/site-packages/airflow/example_dags/example_skip_dag.py for tasks to queue
[2026-03-09T00:18:39.903+0000] {logging_mixin.py:188} INFO - [2026-03-09T00:18:39.902+0000] {dagbag.py:540} INFO - Filling up the DagBag from /home/airflow/.local/lib/python3.8/site-packages/airflow/example_dags/example_skip_dag.py
[2026-03-09T00:18:39.952+0000] {processor.py:840} INFO - DAG(s) 'example_skip_dag' retrieved from /home/airflow/.local/lib/python3.8/site-packages/airflow/example_dags/example_skip_dag.py
[2026-03-09T00:18:40.080+0000] {logging_mixin.py:188} INFO - [2026-03-09T00:18:40.079+0000] {dag.py:3047} INFO - Sync 1 DAGs
[2026-03-09T00:18:40.217+0000] {logging_mixin.py:188} INFO - [2026-03-09T00:18:40.216+0000] {dag.py:3834} INFO - Setting next_dagrun for example_skip_dag to 2026-03-08 00:00:00+00:00, run_after=2026-03-09 00:00:00+00:00
[2026-03-09T00:18:40.310+0000] {processor.py:183} INFO - Processing /home/airflow/.local/lib/python3.8/site-packages/airflow/example_dags/example_skip_dag.py took 0.437 seconds
[2026-03-09T00:19:12.028+0000] {processor.py:161} INFO - Started process (PID=2295) to work on /home/airflow/.local/lib/python3.8/site-packages/airflow/example_dags/example_skip_dag.py
[2026-03-09T00:19:12.038+0000] {processor.py:830} INFO - Processing file /home/airflow/.local/lib/python3.8/site-packages/airflow/example_dags/example_skip_dag.py for tasks to queue
[2026-03-09T00:19:12.048+0000] {logging_mixin.py:188} INFO - [2026-03-09T00:19:12.046+0000] {dagbag.py:540} INFO - Filling up the DagBag from /home/airflow/.local/lib/python3.8/site-packages/airflow/example_dags/example_skip_dag.py
[2026-03-09T00:19:12.082+0000] {processor.py:840} INFO - DAG(s) 'example_skip_dag' retrieved from /home/airflow/.local/lib/python3.8/site-packages/airflow/example_dags/example_skip_dag.py
[2026-03-09T00:19:12.211+0000] {logging_mixin.py:188} INFO - [2026-03-09T00:19:12.210+0000] {dag.py:3047} INFO - Sync 1 DAGs
[2026-03-09T00:19:12.346+0000] {logging_mixin.py:188} INFO - [2026-03-09T00:19:12.346+0000] {dag.py:3834} INFO - Setting next_dagrun for example_skip_dag to 2026-03-08 00:00:00+00:00, run_after=2026-03-09 00:00:00+00:00
[2026-03-09T00:19:12.455+0000] {processor.py:183} INFO - Processing /home/airflow/.local/lib/python3.8/site-packages/airflow/example_dags/example_skip_dag.py took 0.453 seconds
[2026-03-09T00:19:43.301+0000] {processor.py:161} INFO - Started process (PID=2351) to work on /home/airflow/.local/lib/python3.8/site-packages/airflow/example_dags/example_skip_dag.py
[2026-03-09T00:19:43.305+0000] {processor.py:830} INFO - Processing file /home/airflow/.local/lib/python3.8/site-packages/airflow/example_dags/example_skip_dag.py for tasks to queue
[2026-03-09T00:19:43.318+0000] {logging_mixin.py:188} INFO - [2026-03-09T00:19:43.317+0000] {dagbag.py:540} INFO - Filling up the DagBag from /home/airflow/.local/lib/python3.8/site-packages/airflow/example_dags/example_skip_dag.py
[2026-03-09T00:19:43.350+0000] {processor.py:840} INFO - DAG(s) 'example_skip_dag' retrieved from /home/airflow/.local/lib/python3.8/site-packages/airflow/example_dags/example_skip_dag.py
[2026-03-09T00:19:43.405+0000] {logging_mixin.py:188} INFO - [2026-03-09T00:19:43.404+0000] {dag.py:3047} INFO - Sync 1 DAGs
[2026-03-09T00:19:43.463+0000] {logging_mixin.py:188} INFO - [2026-03-09T00:19:43.463+0000] {dag.py:3834} INFO - Setting next_dagrun for example_skip_dag to 2026-03-08 00:00:00+00:00, run_after=2026-03-09 00:00:00+00:00
[2026-03-09T00:19:43.521+0000] {processor.py:183} INFO - Processing /home/airflow/.local/lib/python3.8/site-packages/airflow/example_dags/example_skip_dag.py took 0.262 seconds
[2026-03-09T00:20:13.822+0000] {processor.py:161} INFO - Started process (PID=2407) to work on /home/airflow/.local/lib/python3.8/site-packages/airflow/example_dags/example_skip_dag.py
[2026-03-09T00:20:13.827+0000] {processor.py:830} INFO - Processing file /home/airflow/.local/lib/python3.8/site-packages/airflow/example_dags/example_skip_dag.py for tasks to queue
[2026-03-09T00:20:13.833+0000] {logging_mixin.py:188} INFO - [2026-03-09T00:20:13.833+0000] {dagbag.py:540} INFO - Filling up the DagBag from /home/airflow/.local/lib/python3.8/site-packages/airflow/example_dags/example_skip_dag.py
[2026-03-09T00:20:13.856+0000] {processor.py:840} INFO - DAG(s) 'example_skip_dag' retrieved from /home/airflow/.local/lib/python3.8/site-packages/airflow/example_dags/example_skip_dag.py
[2026-03-09T00:20:13.936+0000] {logging_mixin.py:188} INFO - [2026-03-09T00:20:13.936+0000] {dag.py:3047} INFO - Sync 1 DAGs
[2026-03-09T00:20:14.018+0000] {logging_mixin.py:188} INFO - [2026-03-09T00:20:14.017+0000] {dag.py:3834} INFO - Setting next_dagrun for example_skip_dag to 2026-03-08 00:00:00+00:00, run_after=2026-03-09 00:00:00+00:00
[2026-03-09T00:20:14.108+0000] {processor.py:183} INFO - Processing /home/airflow/.local/lib/python3.8/site-packages/airflow/example_dags/example_skip_dag.py took 0.313 seconds
[2026-03-09T00:20:44.365+0000] {processor.py:161} INFO - Started process (PID=2463) to work on /home/airflow/.local/lib/python3.8/site-packages/airflow/example_dags/example_skip_dag.py
[2026-03-09T00:20:44.368+0000] {processor.py:830} INFO - Processing file /home/airflow/.local/lib/python3.8/site-packages/airflow/example_dags/example_skip_dag.py for tasks to queue
[2026-03-09T00:20:44.372+0000] {logging_mixin.py:188} INFO - [2026-03-09T00:20:44.372+0000] {dagbag.py:540} INFO - Filling up the DagBag from /home/airflow/.local/lib/python3.8/site-packages/airflow/example_dags/example_skip_dag.py
[2026-03-09T00:20:44.389+0000] {processor.py:840} INFO - DAG(s) 'example_skip_dag' retrieved from /home/airflow/.local/lib/python3.8/site-packages/airflow/example_dags/example_skip_dag.py
[2026-03-09T00:20:44.452+0000] {logging_mixin.py:188} INFO - [2026-03-09T00:20:44.451+0000] {dag.py:3047} INFO - Sync 1 DAGs
[2026-03-09T00:20:44.509+0000] {logging_mixin.py:188} INFO - [2026-03-09T00:20:44.509+0000] {dag.py:3834} INFO - Setting next_dagrun for example_skip_dag to 2026-03-08 00:00:00+00:00, run_after=2026-03-09 00:00:00+00:00
[2026-03-09T00:20:44.555+0000] {processor.py:183} INFO - Processing /home/airflow/.local/lib/python3.8/site-packages/airflow/example_dags/example_skip_dag.py took 0.197 seconds
[2026-03-09T00:21:15.059+0000] {processor.py:161} INFO - Started process (PID=2519) to work on /home/airflow/.local/lib/python3.8/site-packages/airflow/example_dags/example_skip_dag.py
[2026-03-09T00:21:15.061+0000] {processor.py:830} INFO - Processing file /home/airflow/.local/lib/python3.8/site-packages/airflow/example_dags/example_skip_dag.py for tasks to queue
[2026-03-09T00:21:15.066+0000] {logging_mixin.py:188} INFO - [2026-03-09T00:21:15.066+0000] {dagbag.py:540} INFO - Filling up the DagBag from /home/airflow/.local/lib/python3.8/site-packages/airflow/example_dags/example_skip_dag.py
[2026-03-09T00:21:15.081+0000] {processor.py:840} INFO - DAG(s) 'example_skip_dag' retrieved from /home/airflow/.local/lib/python3.8/site-packages/airflow/example_dags/example_skip_dag.py
[2026-03-09T00:21:15.127+0000] {logging_mixin.py:188} INFO - [2026-03-09T00:21:15.127+0000] {dag.py:3047} INFO - Sync 1 DAGs
[2026-03-09T00:21:15.170+0000] {logging_mixin.py:188} INFO - [2026-03-09T00:21:15.169+0000] {dag.py:3834} INFO - Setting next_dagrun for example_skip_dag to 2026-03-08 00:00:00+00:00, run_after=2026-03-09 00:00:00+00:00
[2026-03-09T00:21:15.222+0000] {processor.py:183} INFO - Processing /home/airflow/.local/lib/python3.8/site-packages/airflow/example_dags/example_skip_dag.py took 0.172 seconds
[2026-03-09T00:21:47.751+0000] {processor.py:161} INFO - Started process (PID=2576) to work on /home/airflow/.local/lib/python3.8/site-packages/airflow/example_dags/example_skip_dag.py
[2026-03-09T00:21:47.753+0000] {processor.py:830} INFO - Processing file /home/airflow/.local/lib/python3.8/site-packages/airflow/example_dags/example_skip_dag.py for tasks to queue
[2026-03-09T00:21:47.757+0000] {logging_mixin.py:188} INFO - [2026-03-09T00:21:47.756+0000] {dagbag.py:540} INFO - Filling up the DagBag from /home/airflow/.local/lib/python3.8/site-packages/airflow/example_dags/example_skip_dag.py
[2026-03-09T00:21:47.772+0000] {processor.py:840} INFO - DAG(s) 'example_skip_dag' retrieved from /home/airflow/.local/lib/python3.8/site-packages/airflow/example_dags/example_skip_dag.py
[2026-03-09T00:21:47.820+0000] {logging_mixin.py:188} INFO - [2026-03-09T00:21:47.819+0000] {dag.py:3047} INFO - Sync 1 DAGs
[2026-03-09T00:21:47.870+0000] {logging_mixin.py:188} INFO - [2026-03-09T00:21:47.870+0000] {dag.py:3834} INFO - Setting next_dagrun for example_skip_dag to 2026-03-08 00:00:00+00:00, run_after=2026-03-09 00:00:00+00:00
[2026-03-09T00:21:47.915+0000] {processor.py:183} INFO - Processing /home/airflow/.local/lib/python3.8/site-packages/airflow/example_dags/example_skip_dag.py took 0.173 seconds
[2026-03-09T00:22:21.779+0000] {processor.py:161} INFO - Started process (PID=2632) to work on /home/airflow/.local/lib/python3.8/site-packages/airflow/example_dags/example_skip_dag.py
[2026-03-09T00:22:21.783+0000] {processor.py:830} INFO - Processing file /home/airflow/.local/lib/python3.8/site-packages/airflow/example_dags/example_skip_dag.py for tasks to queue
[2026-03-09T00:22:21.793+0000] {logging_mixin.py:188} INFO - [2026-03-09T00:22:21.792+0000] {dagbag.py:540} INFO - Filling up the DagBag from /home/airflow/.local/lib/python3.8/site-packages/airflow/example_dags/example_skip_dag.py
[2026-03-09T00:22:21.816+0000] {processor.py:840} INFO - DAG(s) 'example_skip_dag' retrieved from /home/airflow/.local/lib/python3.8/site-packages/airflow/example_dags/example_skip_dag.py
[2026-03-09T00:22:21.939+0000] {logging_mixin.py:188} INFO - [2026-03-09T00:22:21.938+0000] {dag.py:3047} INFO - Sync 1 DAGs
[2026-03-09T00:22:22.103+0000] {logging_mixin.py:188} INFO - [2026-03-09T00:22:22.102+0000] {dag.py:3834} INFO - Setting next_dagrun for example_skip_dag to 2026-03-08 00:00:00+00:00, run_after=2026-03-09 00:00:00+00:00
[2026-03-09T00:22:22.244+0000] {processor.py:183} INFO - Processing /home/airflow/.local/lib/python3.8/site-packages/airflow/example_dags/example_skip_dag.py took 0.485 seconds
[2026-03-09T00:22:52.464+0000] {processor.py:161} INFO - Started process (PID=2688) to work on /home/airflow/.local/lib/python3.8/site-packages/airflow/example_dags/example_skip_dag.py
[2026-03-09T00:22:52.468+0000] {processor.py:830} INFO - Processing file /home/airflow/.local/lib/python3.8/site-packages/airflow/example_dags/example_skip_dag.py for tasks to queue
[2026-03-09T00:22:52.474+0000] {logging_mixin.py:188} INFO - [2026-03-09T00:22:52.473+0000] {dagbag.py:540} INFO - Filling up the DagBag from /home/airflow/.local/lib/python3.8/site-packages/airflow/example_dags/example_skip_dag.py
[2026-03-09T00:22:52.499+0000] {processor.py:840} INFO - DAG(s) 'example_skip_dag' retrieved from /home/airflow/.local/lib/python3.8/site-packages/airflow/example_dags/example_skip_dag.py
[2026-03-09T00:22:52.556+0000] {logging_mixin.py:188} INFO - [2026-03-09T00:22:52.555+0000] {dag.py:3047} INFO - Sync 1 DAGs
[2026-03-09T00:22:52.632+0000] {logging_mixin.py:188} INFO - [2026-03-09T00:22:52.631+0000] {dag.py:3834} INFO - Setting next_dagrun for example_skip_dag to 2026-03-08 00:00:00+00:00, run_after=2026-03-09 00:00:00+00:00
[2026-03-09T00:22:52.684+0000] {processor.py:183} INFO - Processing /home/airflow/.local/lib/python3.8/site-packages/airflow/example_dags/example_skip_dag.py took 0.229 seconds
[2026-03-09T00:23:22.784+0000] {processor.py:161} INFO - Started process (PID=2744) to work on /home/airflow/.local/lib/python3.8/site-packages/airflow/example_dags/example_skip_dag.py
[2026-03-09T00:23:22.789+0000] {processor.py:830} INFO - Processing file /home/airflow/.local/lib/python3.8/site-packages/airflow/example_dags/example_skip_dag.py for tasks to queue
[2026-03-09T00:23:22.800+0000] {logging_mixin.py:188} INFO - [2026-03-09T00:23:22.799+0000] {dagbag.py:540} INFO - Filling up the DagBag from /home/airflow/.local/lib/python3.8/site-packages/airflow/example_dags/example_skip_dag.py
[2026-03-09T00:23:22.821+0000] {processor.py:840} INFO - DAG(s) 'example_skip_dag' retrieved from /home/airflow/.local/lib/python3.8/site-packages/airflow/example_dags/example_skip_dag.py
[2026-03-09T00:23:22.878+0000] {logging_mixin.py:188} INFO - [2026-03-09T00:23:22.878+0000] {dag.py:3047} INFO - Sync 1 DAGs
[2026-03-09T00:23:22.943+0000] {logging_mixin.py:188} INFO - [2026-03-09T00:23:22.942+0000] {dag.py:3834} INFO - Setting next_dagrun for example_skip_dag to 2026-03-08 00:00:00+00:00, run_after=2026-03-09 00:00:00+00:00
[2026-03-09T00:23:22.982+0000] {processor.py:183} INFO - Processing /home/airflow/.local/lib/python3.8/site-packages/airflow/example_dags/example_skip_dag.py took 0.216 seconds
[2026-03-09T00:23:53.196+0000] {processor.py:161} INFO - Started process (PID=2800) to work on /home/airflow/.local/lib/python3.8/site-packages/airflow/example_dags/example_skip_dag.py
[2026-03-09T00:23:53.202+0000] {processor.py:830} INFO - Processing file /home/airflow/.local/lib/python3.8/site-packages/airflow/example_dags/example_skip_dag.py for tasks to queue
[2026-03-09T00:23:53.213+0000] {logging_mixin.py:188} INFO - [2026-03-09T00:23:53.209+0000] {dagbag.py:540} INFO - Filling up the DagBag from /home/airflow/.local/lib/python3.8/site-packages/airflow/example_dags/example_skip_dag.py
[2026-03-09T00:23:53.243+0000] {processor.py:840} INFO - DAG(s) 'example_skip_dag' retrieved from /home/airflow/.local/lib/python3.8/site-packages/airflow/example_dags/example_skip_dag.py
[2026-03-09T00:23:53.316+0000] {logging_mixin.py:188} INFO - [2026-03-09T00:23:53.315+0000] {dag.py:3047} INFO - Sync 1 DAGs
[2026-03-09T00:23:53.382+0000] {logging_mixin.py:188} INFO - [2026-03-09T00:23:53.381+0000] {dag.py:3834} INFO - Setting next_dagrun for example_skip_dag to 2026-03-08 00:00:00+00:00, run_after=2026-03-09 00:00:00+00:00
[2026-03-09T00:23:53.431+0000] {processor.py:183} INFO - Processing /home/airflow/.local/lib/python3.8/site-packages/airflow/example_dags/example_skip_dag.py took 0.259 seconds
[2026-03-09T00:24:24.485+0000] {processor.py:161} INFO - Started process (PID=2854) to work on /home/airflow/.local/lib/python3.8/site-packages/airflow/example_dags/example_skip_dag.py
[2026-03-09T00:24:24.493+0000] {processor.py:830} INFO - Processing file /home/airflow/.local/lib/python3.8/site-packages/airflow/example_dags/example_skip_dag.py for tasks to queue
[2026-03-09T00:24:24.502+0000] {logging_mixin.py:188} INFO - [2026-03-09T00:24:24.500+0000] {dagbag.py:540} INFO - Filling up the DagBag from /home/airflow/.local/lib/python3.8/site-packages/airflow/example_dags/example_skip_dag.py
[2026-03-09T00:24:24.543+0000] {processor.py:840} INFO - DAG(s) 'example_skip_dag' retrieved from /home/airflow/.local/lib/python3.8/site-packages/airflow/example_dags/example_skip_dag.py
[2026-03-09T00:24:24.625+0000] {logging_mixin.py:188} INFO - [2026-03-09T00:24:24.624+0000] {dag.py:3047} INFO - Sync 1 DAGs
[2026-03-09T00:24:24.730+0000] {logging_mixin.py:188} INFO - [2026-03-09T00:24:24.729+0000] {dag.py:3834} INFO - Setting next_dagrun for example_skip_dag to 2026-03-08 00:00:00+00:00, run_after=2026-03-09 00:00:00+00:00
[2026-03-09T00:24:24.828+0000] {processor.py:183} INFO - Processing /home/airflow/.local/lib/python3.8/site-packages/airflow/example_dags/example_skip_dag.py took 0.358 seconds
[2026-03-09T00:24:55.374+0000] {processor.py:161} INFO - Started process (PID=2910) to work on /home/airflow/.local/lib/python3.8/site-packages/airflow/example_dags/example_skip_dag.py
[2026-03-09T00:24:55.381+0000] {processor.py:830} INFO - Processing file /home/airflow/.local/lib/python3.8/site-packages/airflow/example_dags/example_skip_dag.py for tasks to queue
[2026-03-09T00:24:55.391+0000] {logging_mixin.py:188} INFO - [2026-03-09T00:24:55.390+0000] {dagbag.py:540} INFO - Filling up the DagBag from /home/airflow/.local/lib/python3.8/site-packages/airflow/example_dags/example_skip_dag.py
[2026-03-09T00:24:55.431+0000] {processor.py:840} INFO - DAG(s) 'example_skip_dag' retrieved from /home/airflow/.local/lib/python3.8/site-packages/airflow/example_dags/example_skip_dag.py
[2026-03-09T00:24:55.563+0000] {logging_mixin.py:188} INFO - [2026-03-09T00:24:55.562+0000] {dag.py:3047} INFO - Sync 1 DAGs
[2026-03-09T00:24:55.749+0000] {logging_mixin.py:188} INFO - [2026-03-09T00:24:55.737+0000] {dag.py:3834} INFO - Setting next_dagrun for example_skip_dag to 2026-03-08 00:00:00+00:00, run_after=2026-03-09 00:00:00+00:00
[2026-03-09T00:24:55.918+0000] {processor.py:183} INFO - Processing /home/airflow/.local/lib/python3.8/site-packages/airflow/example_dags/example_skip_dag.py took 0.576 seconds
[2026-03-09T00:25:35.422+0000] {processor.py:161} INFO - Started process (PID=2971) to work on /home/airflow/.local/lib/python3.8/site-packages/airflow/example_dags/example_skip_dag.py
[2026-03-09T00:25:35.443+0000] {processor.py:830} INFO - Processing file /home/airflow/.local/lib/python3.8/site-packages/airflow/example_dags/example_skip_dag.py for tasks to queue
[2026-03-09T00:25:35.480+0000] {logging_mixin.py:188} INFO - [2026-03-09T00:25:35.478+0000] {dagbag.py:540} INFO - Filling up the DagBag from /home/airflow/.local/lib/python3.8/site-packages/airflow/example_dags/example_skip_dag.py
[2026-03-09T00:25:35.594+0000] {processor.py:840} INFO - DAG(s) 'example_skip_dag' retrieved from /home/airflow/.local/lib/python3.8/site-packages/airflow/example_dags/example_skip_dag.py
[2026-03-09T00:25:35.790+0000] {logging_mixin.py:188} INFO - [2026-03-09T00:25:35.787+0000] {dag.py:3047} INFO - Sync 1 DAGs
[2026-03-09T00:25:35.995+0000] {logging_mixin.py:188} INFO - [2026-03-09T00:25:35.994+0000] {dag.py:3834} INFO - Setting next_dagrun for example_skip_dag to 2026-03-08 00:00:00+00:00, run_after=2026-03-09 00:00:00+00:00
[2026-03-09T00:25:36.164+0000] {processor.py:183} INFO - Processing /home/airflow/.local/lib/python3.8/site-packages/airflow/example_dags/example_skip_dag.py took 0.795 seconds
[2026-03-09T00:26:06.444+0000] {processor.py:161} INFO - Started process (PID=3027) to work on /home/airflow/.local/lib/python3.8/site-packages/airflow/example_dags/example_skip_dag.py
[2026-03-09T00:26:06.447+0000] {processor.py:830} INFO - Processing file /home/airflow/.local/lib/python3.8/site-packages/airflow/example_dags/example_skip_dag.py for tasks to queue
[2026-03-09T00:26:06.454+0000] {logging_mixin.py:188} INFO - [2026-03-09T00:26:06.453+0000] {dagbag.py:540} INFO - Filling up the DagBag from /home/airflow/.local/lib/python3.8/site-packages/airflow/example_dags/example_skip_dag.py
[2026-03-09T00:26:06.483+0000] {processor.py:840} INFO - DAG(s) 'example_skip_dag' retrieved from /home/airflow/.local/lib/python3.8/site-packages/airflow/example_dags/example_skip_dag.py
[2026-03-09T00:26:06.543+0000] {logging_mixin.py:188} INFO - [2026-03-09T00:26:06.542+0000] {dag.py:3047} INFO - Sync 1 DAGs
[2026-03-09T00:26:06.602+0000] {logging_mixin.py:188} INFO - [2026-03-09T00:26:06.601+0000] {dag.py:3834} INFO - Setting next_dagrun for example_skip_dag to 2026-03-08 00:00:00+00:00, run_after=2026-03-09 00:00:00+00:00
[2026-03-09T00:26:06.651+0000] {processor.py:183} INFO - Processing /home/airflow/.local/lib/python3.8/site-packages/airflow/example_dags/example_skip_dag.py took 0.221 seconds
[2026-03-09T00:26:37.387+0000] {processor.py:161} INFO - Started process (PID=3082) to work on /home/airflow/.local/lib/python3.8/site-packages/airflow/example_dags/example_skip_dag.py
[2026-03-09T00:26:37.392+0000] {processor.py:830} INFO - Processing file /home/airflow/.local/lib/python3.8/site-packages/airflow/example_dags/example_skip_dag.py for tasks to queue
[2026-03-09T00:26:37.401+0000] {logging_mixin.py:188} INFO - [2026-03-09T00:26:37.400+0000] {dagbag.py:540} INFO - Filling up the DagBag from /home/airflow/.local/lib/python3.8/site-packages/airflow/example_dags/example_skip_dag.py
[2026-03-09T00:26:37.430+0000] {processor.py:840} INFO - DAG(s) 'example_skip_dag' retrieved from /home/airflow/.local/lib/python3.8/site-packages/airflow/example_dags/example_skip_dag.py
[2026-03-09T00:26:37.498+0000] {logging_mixin.py:188} INFO - [2026-03-09T00:26:37.497+0000] {dag.py:3047} INFO - Sync 1 DAGs
[2026-03-09T00:26:37.554+0000] {logging_mixin.py:188} INFO - [2026-03-09T00:26:37.553+0000] {dag.py:3834} INFO - Setting next_dagrun for example_skip_dag to 2026-03-08 00:00:00+00:00, run_after=2026-03-09 00:00:00+00:00
[2026-03-09T00:26:37.614+0000] {processor.py:183} INFO - Processing /home/airflow/.local/lib/python3.8/site-packages/airflow/example_dags/example_skip_dag.py took 0.242 seconds
[2026-03-09T00:27:08.546+0000] {processor.py:161} INFO - Started process (PID=3137) to work on /home/airflow/.local/lib/python3.8/site-packages/airflow/example_dags/example_skip_dag.py
[2026-03-09T00:27:08.550+0000] {processor.py:830} INFO - Processing file /home/airflow/.local/lib/python3.8/site-packages/airflow/example_dags/example_skip_dag.py for tasks to queue
[2026-03-09T00:27:08.558+0000] {logging_mixin.py:188} INFO - [2026-03-09T00:27:08.557+0000] {dagbag.py:540} INFO - Filling up the DagBag from /home/airflow/.local/lib/python3.8/site-packages/airflow/example_dags/example_skip_dag.py
[2026-03-09T00:27:08.652+0000] {processor.py:840} INFO - DAG(s) 'example_skip_dag' retrieved from /home/airflow/.local/lib/python3.8/site-packages/airflow/example_dags/example_skip_dag.py
[2026-03-09T00:27:08.772+0000] {logging_mixin.py:188} INFO - [2026-03-09T00:27:08.771+0000] {dag.py:3047} INFO - Sync 1 DAGs
[2026-03-09T00:27:08.879+0000] {logging_mixin.py:188} INFO - [2026-03-09T00:27:08.878+0000] {dag.py:3834} INFO - Setting next_dagrun for example_skip_dag to 2026-03-08 00:00:00+00:00, run_after=2026-03-09 00:00:00+00:00
[2026-03-09T00:27:08.926+0000] {processor.py:183} INFO - Processing /home/airflow/.local/lib/python3.8/site-packages/airflow/example_dags/example_skip_dag.py took 0.394 seconds
[2026-03-09T00:27:39.078+0000] {processor.py:161} INFO - Started process (PID=3193) to work on /home/airflow/.local/lib/python3.8/site-packages/airflow/example_dags/example_skip_dag.py
[2026-03-09T00:27:39.080+0000] {processor.py:830} INFO - Processing file /home/airflow/.local/lib/python3.8/site-packages/airflow/example_dags/example_skip_dag.py for tasks to queue
[2026-03-09T00:27:39.086+0000] {logging_mixin.py:188} INFO - [2026-03-09T00:27:39.085+0000] {dagbag.py:540} INFO - Filling up the DagBag from /home/airflow/.local/lib/python3.8/site-packages/airflow/example_dags/example_skip_dag.py
[2026-03-09T00:27:39.101+0000] {processor.py:840} INFO - DAG(s) 'example_skip_dag' retrieved from /home/airflow/.local/lib/python3.8/site-packages/airflow/example_dags/example_skip_dag.py
[2026-03-09T00:27:39.146+0000] {logging_mixin.py:188} INFO - [2026-03-09T00:27:39.146+0000] {dag.py:3047} INFO - Sync 1 DAGs
[2026-03-09T00:27:39.198+0000] {logging_mixin.py:188} INFO - [2026-03-09T00:27:39.197+0000] {dag.py:3834} INFO - Setting next_dagrun for example_skip_dag to 2026-03-08 00:00:00+00:00, run_after=2026-03-09 00:00:00+00:00
[2026-03-09T00:27:39.244+0000] {processor.py:183} INFO - Processing /home/airflow/.local/lib/python3.8/site-packages/airflow/example_dags/example_skip_dag.py took 0.178 seconds
[2026-03-09T00:28:09.354+0000] {processor.py:161} INFO - Started process (PID=3248) to work on /home/airflow/.local/lib/python3.8/site-packages/airflow/example_dags/example_skip_dag.py
[2026-03-09T00:28:09.358+0000] {processor.py:830} INFO - Processing file /home/airflow/.local/lib/python3.8/site-packages/airflow/example_dags/example_skip_dag.py for tasks to queue
[2026-03-09T00:28:09.366+0000] {logging_mixin.py:188} INFO - [2026-03-09T00:28:09.364+0000] {dagbag.py:540} INFO - Filling up the DagBag from /home/airflow/.local/lib/python3.8/site-packages/airflow/example_dags/example_skip_dag.py
[2026-03-09T00:28:09.396+0000] {processor.py:840} INFO - DAG(s) 'example_skip_dag' retrieved from /home/airflow/.local/lib/python3.8/site-packages/airflow/example_dags/example_skip_dag.py
[2026-03-09T00:28:09.486+0000] {logging_mixin.py:188} INFO - [2026-03-09T00:28:09.484+0000] {dag.py:3047} INFO - Sync 1 DAGs
[2026-03-09T00:28:09.555+0000] {logging_mixin.py:188} INFO - [2026-03-09T00:28:09.554+0000] {dag.py:3834} INFO - Setting next_dagrun for example_skip_dag to 2026-03-08 00:00:00+00:00, run_after=2026-03-09 00:00:00+00:00
[2026-03-09T00:28:09.667+0000] {processor.py:183} INFO - Processing /home/airflow/.local/lib/python3.8/site-packages/airflow/example_dags/example_skip_dag.py took 0.330 seconds
[2026-03-09T00:28:40.145+0000] {processor.py:161} INFO - Started process (PID=3304) to work on /home/airflow/.local/lib/python3.8/site-packages/airflow/example_dags/example_skip_dag.py
[2026-03-09T00:28:40.149+0000] {processor.py:830} INFO - Processing file /home/airflow/.local/lib/python3.8/site-packages/airflow/example_dags/example_skip_dag.py for tasks to queue
[2026-03-09T00:28:40.157+0000] {logging_mixin.py:188} INFO - [2026-03-09T00:28:40.155+0000] {dagbag.py:540} INFO - Filling up the DagBag from /home/airflow/.local/lib/python3.8/site-packages/airflow/example_dags/example_skip_dag.py
[2026-03-09T00:28:40.210+0000] {processor.py:840} INFO - DAG(s) 'example_skip_dag' retrieved from /home/airflow/.local/lib/python3.8/site-packages/airflow/example_dags/example_skip_dag.py
[2026-03-09T00:28:40.364+0000] {logging_mixin.py:188} INFO - [2026-03-09T00:28:40.363+0000] {dag.py:3047} INFO - Sync 1 DAGs
[2026-03-09T00:28:40.485+0000] {logging_mixin.py:188} INFO - [2026-03-09T00:28:40.484+0000] {dag.py:3834} INFO - Setting next_dagrun for example_skip_dag to 2026-03-08 00:00:00+00:00, run_after=2026-03-09 00:00:00+00:00
[2026-03-09T00:28:40.567+0000] {processor.py:183} INFO - Processing /home/airflow/.local/lib/python3.8/site-packages/airflow/example_dags/example_skip_dag.py took 0.437 seconds
[2026-03-09T00:29:10.921+0000] {processor.py:161} INFO - Started process (PID=3360) to work on /home/airflow/.local/lib/python3.8/site-packages/airflow/example_dags/example_skip_dag.py
[2026-03-09T00:29:10.925+0000] {processor.py:830} INFO - Processing file /home/airflow/.local/lib/python3.8/site-packages/airflow/example_dags/example_skip_dag.py for tasks to queue
[2026-03-09T00:29:10.935+0000] {logging_mixin.py:188} INFO - [2026-03-09T00:29:10.934+0000] {dagbag.py:540} INFO - Filling up the DagBag from /home/airflow/.local/lib/python3.8/site-packages/airflow/example_dags/example_skip_dag.py
[2026-03-09T00:29:10.984+0000] {processor.py:840} INFO - DAG(s) 'example_skip_dag' retrieved from /home/airflow/.local/lib/python3.8/site-packages/airflow/example_dags/example_skip_dag.py
[2026-03-09T00:29:11.256+0000] {logging_mixin.py:188} INFO - [2026-03-09T00:29:11.255+0000] {dag.py:3047} INFO - Sync 1 DAGs
[2026-03-09T00:29:11.449+0000] {logging_mixin.py:188} INFO - [2026-03-09T00:29:11.447+0000] {dag.py:3834} INFO - Setting next_dagrun for example_skip_dag to 2026-03-08 00:00:00+00:00, run_after=2026-03-09 00:00:00+00:00
[2026-03-09T00:29:11.559+0000] {processor.py:183} INFO - Processing /home/airflow/.local/lib/python3.8/site-packages/airflow/example_dags/example_skip_dag.py took 0.661 seconds
[2026-03-09T00:29:42.645+0000] {processor.py:161} INFO - Started process (PID=3416) to work on /home/airflow/.local/lib/python3.8/site-packages/airflow/example_dags/example_skip_dag.py
[2026-03-09T00:29:42.649+0000] {processor.py:830} INFO - Processing file /home/airflow/.local/lib/python3.8/site-packages/airflow/example_dags/example_skip_dag.py for tasks to queue
[2026-03-09T00:29:42.655+0000] {logging_mixin.py:188} INFO - [2026-03-09T00:29:42.654+0000] {dagbag.py:540} INFO - Filling up the DagBag from /home/airflow/.local/lib/python3.8/site-packages/airflow/example_dags/example_skip_dag.py
[2026-03-09T00:29:42.679+0000] {processor.py:840} INFO - DAG(s) 'example_skip_dag' retrieved from /home/airflow/.local/lib/python3.8/site-packages/airflow/example_dags/example_skip_dag.py
[2026-03-09T00:29:42.759+0000] {logging_mixin.py:188} INFO - [2026-03-09T00:29:42.759+0000] {dag.py:3047} INFO - Sync 1 DAGs
[2026-03-09T00:29:42.818+0000] {logging_mixin.py:188} INFO - [2026-03-09T00:29:42.818+0000] {dag.py:3834} INFO - Setting next_dagrun for example_skip_dag to 2026-03-08 00:00:00+00:00, run_after=2026-03-09 00:00:00+00:00
[2026-03-09T00:29:42.861+0000] {processor.py:183} INFO - Processing /home/airflow/.local/lib/python3.8/site-packages/airflow/example_dags/example_skip_dag.py took 0.226 seconds
[2026-03-09T00:30:13.228+0000] {processor.py:161} INFO - Started process (PID=3472) to work on /home/airflow/.local/lib/python3.8/site-packages/airflow/example_dags/example_skip_dag.py
[2026-03-09T00:30:13.231+0000] {processor.py:830} INFO - Processing file /home/airflow/.local/lib/python3.8/site-packages/airflow/example_dags/example_skip_dag.py for tasks to queue
[2026-03-09T00:30:13.240+0000] {logging_mixin.py:188} INFO - [2026-03-09T00:30:13.239+0000] {dagbag.py:540} INFO - Filling up the DagBag from /home/airflow/.local/lib/python3.8/site-packages/airflow/example_dags/example_skip_dag.py
[2026-03-09T00:30:13.262+0000] {processor.py:840} INFO - DAG(s) 'example_skip_dag' retrieved from /home/airflow/.local/lib/python3.8/site-packages/airflow/example_dags/example_skip_dag.py
[2026-03-09T00:30:13.339+0000] {logging_mixin.py:188} INFO - [2026-03-09T00:30:13.338+0000] {dag.py:3047} INFO - Sync 1 DAGs
[2026-03-09T00:30:13.421+0000] {logging_mixin.py:188} INFO - [2026-03-09T00:30:13.419+0000] {dag.py:3834} INFO - Setting next_dagrun for example_skip_dag to 2026-03-08 00:00:00+00:00, run_after=2026-03-09 00:00:00+00:00
[2026-03-09T00:30:13.497+0000] {processor.py:183} INFO - Processing /home/airflow/.local/lib/python3.8/site-packages/airflow/example_dags/example_skip_dag.py took 0.280 seconds
[2026-03-09T00:30:44.770+0000] {processor.py:161} INFO - Started process (PID=3528) to work on /home/airflow/.local/lib/python3.8/site-packages/airflow/example_dags/example_skip_dag.py
[2026-03-09T00:30:44.777+0000] {processor.py:830} INFO - Processing file /home/airflow/.local/lib/python3.8/site-packages/airflow/example_dags/example_skip_dag.py for tasks to queue
[2026-03-09T00:30:44.784+0000] {logging_mixin.py:188} INFO - [2026-03-09T00:30:44.783+0000] {dagbag.py:540} INFO - Filling up the DagBag from /home/airflow/.local/lib/python3.8/site-packages/airflow/example_dags/example_skip_dag.py
[2026-03-09T00:30:44.807+0000] {processor.py:840} INFO - DAG(s) 'example_skip_dag' retrieved from /home/airflow/.local/lib/python3.8/site-packages/airflow/example_dags/example_skip_dag.py
[2026-03-09T00:30:44.876+0000] {logging_mixin.py:188} INFO - [2026-03-09T00:30:44.875+0000] {dag.py:3047} INFO - Sync 1 DAGs
[2026-03-09T00:30:44.934+0000] {logging_mixin.py:188} INFO - [2026-03-09T00:30:44.933+0000] {dag.py:3834} INFO - Setting next_dagrun for example_skip_dag to 2026-03-08 00:00:00+00:00, run_after=2026-03-09 00:00:00+00:00
[2026-03-09T00:30:45.004+0000] {processor.py:183} INFO - Processing /home/airflow/.local/lib/python3.8/site-packages/airflow/example_dags/example_skip_dag.py took 0.246 seconds
[2026-03-09T00:31:16.366+0000] {processor.py:161} INFO - Started process (PID=3584) to work on /home/airflow/.local/lib/python3.8/site-packages/airflow/example_dags/example_skip_dag.py
[2026-03-09T00:31:16.382+0000] {processor.py:830} INFO - Processing file /home/airflow/.local/lib/python3.8/site-packages/airflow/example_dags/example_skip_dag.py for tasks to queue
[2026-03-09T00:31:16.399+0000] {logging_mixin.py:188} INFO - [2026-03-09T00:31:16.397+0000] {dagbag.py:540} INFO - Filling up the DagBag from /home/airflow/.local/lib/python3.8/site-packages/airflow/example_dags/example_skip_dag.py
[2026-03-09T00:31:16.484+0000] {processor.py:840} INFO - DAG(s) 'example_skip_dag' retrieved from /home/airflow/.local/lib/python3.8/site-packages/airflow/example_dags/example_skip_dag.py
[2026-03-09T00:31:16.576+0000] {logging_mixin.py:188} INFO - [2026-03-09T00:31:16.576+0000] {dag.py:3047} INFO - Sync 1 DAGs
[2026-03-09T00:31:16.654+0000] {logging_mixin.py:188} INFO - [2026-03-09T00:31:16.652+0000] {dag.py:3834} INFO - Setting next_dagrun for example_skip_dag to 2026-03-08 00:00:00+00:00, run_after=2026-03-09 00:00:00+00:00
[2026-03-09T00:31:17.047+0000] {processor.py:183} INFO - Processing /home/airflow/.local/lib/python3.8/site-packages/airflow/example_dags/example_skip_dag.py took 0.740 seconds
[2026-03-09T00:31:47.335+0000] {processor.py:161} INFO - Started process (PID=3639) to work on /home/airflow/.local/lib/python3.8/site-packages/airflow/example_dags/example_skip_dag.py
[2026-03-09T00:31:47.338+0000] {processor.py:830} INFO - Processing file /home/airflow/.local/lib/python3.8/site-packages/airflow/example_dags/example_skip_dag.py for tasks to queue
[2026-03-09T00:31:47.346+0000] {logging_mixin.py:188} INFO - [2026-03-09T00:31:47.345+0000] {dagbag.py:540} INFO - Filling up the DagBag from /home/airflow/.local/lib/python3.8/site-packages/airflow/example_dags/example_skip_dag.py
[2026-03-09T00:31:47.370+0000] {processor.py:840} INFO - DAG(s) 'example_skip_dag' retrieved from /home/airflow/.local/lib/python3.8/site-packages/airflow/example_dags/example_skip_dag.py
[2026-03-09T00:31:47.447+0000] {logging_mixin.py:188} INFO - [2026-03-09T00:31:47.446+0000] {dag.py:3047} INFO - Sync 1 DAGs
[2026-03-09T00:31:47.538+0000] {logging_mixin.py:188} INFO - [2026-03-09T00:31:47.537+0000] {dag.py:3834} INFO - Setting next_dagrun for example_skip_dag to 2026-03-08 00:00:00+00:00, run_after=2026-03-09 00:00:00+00:00
[2026-03-09T00:31:47.603+0000] {processor.py:183} INFO - Processing /home/airflow/.local/lib/python3.8/site-packages/airflow/example_dags/example_skip_dag.py took 0.279 seconds
[2026-03-09T00:32:18.119+0000] {processor.py:161} INFO - Started process (PID=3693) to work on /home/airflow/.local/lib/python3.8/site-packages/airflow/example_dags/example_skip_dag.py
[2026-03-09T00:32:18.122+0000] {processor.py:830} INFO - Processing file /home/airflow/.local/lib/python3.8/site-packages/airflow/example_dags/example_skip_dag.py for tasks to queue
[2026-03-09T00:32:18.129+0000] {logging_mixin.py:188} INFO - [2026-03-09T00:32:18.128+0000] {dagbag.py:540} INFO - Filling up the DagBag from /home/airflow/.local/lib/python3.8/site-packages/airflow/example_dags/example_skip_dag.py
[2026-03-09T00:32:18.154+0000] {processor.py:840} INFO - DAG(s) 'example_skip_dag' retrieved from /home/airflow/.local/lib/python3.8/site-packages/airflow/example_dags/example_skip_dag.py
[2026-03-09T00:32:18.283+0000] {logging_mixin.py:188} INFO - [2026-03-09T00:32:18.280+0000] {dag.py:3047} INFO - Sync 1 DAGs
[2026-03-09T00:32:18.476+0000] {logging_mixin.py:188} INFO - [2026-03-09T00:32:18.475+0000] {dag.py:3834} INFO - Setting next_dagrun for example_skip_dag to 2026-03-08 00:00:00+00:00, run_after=2026-03-09 00:00:00+00:00
[2026-03-09T00:32:18.670+0000] {processor.py:183} INFO - Processing /home/airflow/.local/lib/python3.8/site-packages/airflow/example_dags/example_skip_dag.py took 0.563 seconds
[2026-03-09T00:32:49.296+0000] {processor.py:161} INFO - Started process (PID=3749) to work on /home/airflow/.local/lib/python3.8/site-packages/airflow/example_dags/example_skip_dag.py
[2026-03-09T00:32:49.300+0000] {processor.py:830} INFO - Processing file /home/airflow/.local/lib/python3.8/site-packages/airflow/example_dags/example_skip_dag.py for tasks to queue
[2026-03-09T00:32:49.307+0000] {logging_mixin.py:188} INFO - [2026-03-09T00:32:49.306+0000] {dagbag.py:540} INFO - Filling up the DagBag from /home/airflow/.local/lib/python3.8/site-packages/airflow/example_dags/example_skip_dag.py
[2026-03-09T00:32:49.334+0000] {processor.py:840} INFO - DAG(s) 'example_skip_dag' retrieved from /home/airflow/.local/lib/python3.8/site-packages/airflow/example_dags/example_skip_dag.py
[2026-03-09T00:32:49.414+0000] {logging_mixin.py:188} INFO - [2026-03-09T00:32:49.413+0000] {dag.py:3047} INFO - Sync 1 DAGs
[2026-03-09T00:32:49.839+0000] {logging_mixin.py:188} INFO - [2026-03-09T00:32:49.839+0000] {dag.py:3834} INFO - Setting next_dagrun for example_skip_dag to 2026-03-08 00:00:00+00:00, run_after=2026-03-09 00:00:00+00:00
[2026-03-09T00:32:49.888+0000] {processor.py:183} INFO - Processing /home/airflow/.local/lib/python3.8/site-packages/airflow/example_dags/example_skip_dag.py took 0.604 seconds
[2026-03-09T00:33:20.480+0000] {processor.py:161} INFO - Started process (PID=3805) to work on /home/airflow/.local/lib/python3.8/site-packages/airflow/example_dags/example_skip_dag.py
[2026-03-09T00:33:20.484+0000] {processor.py:830} INFO - Processing file /home/airflow/.local/lib/python3.8/site-packages/airflow/example_dags/example_skip_dag.py for tasks to queue
[2026-03-09T00:33:20.492+0000] {logging_mixin.py:188} INFO - [2026-03-09T00:33:20.490+0000] {dagbag.py:540} INFO - Filling up the DagBag from /home/airflow/.local/lib/python3.8/site-packages/airflow/example_dags/example_skip_dag.py
[2026-03-09T00:33:20.524+0000] {processor.py:840} INFO - DAG(s) 'example_skip_dag' retrieved from /home/airflow/.local/lib/python3.8/site-packages/airflow/example_dags/example_skip_dag.py
[2026-03-09T00:33:20.607+0000] {logging_mixin.py:188} INFO - [2026-03-09T00:33:20.606+0000] {dag.py:3047} INFO - Sync 1 DAGs
[2026-03-09T00:33:20.748+0000] {logging_mixin.py:188} INFO - [2026-03-09T00:33:20.746+0000] {dag.py:3834} INFO - Setting next_dagrun for example_skip_dag to 2026-03-08 00:00:00+00:00, run_after=2026-03-09 00:00:00+00:00
[2026-03-09T00:33:21.429+0000] {processor.py:183} INFO - Processing /home/airflow/.local/lib/python3.8/site-packages/airflow/example_dags/example_skip_dag.py took 0.960 seconds
[2026-03-09T00:33:51.692+0000] {processor.py:161} INFO - Started process (PID=3861) to work on /home/airflow/.local/lib/python3.8/site-packages/airflow/example_dags/example_skip_dag.py
[2026-03-09T00:33:51.696+0000] {processor.py:830} INFO - Processing file /home/airflow/.local/lib/python3.8/site-packages/airflow/example_dags/example_skip_dag.py for tasks to queue
[2026-03-09T00:33:51.702+0000] {logging_mixin.py:188} INFO - [2026-03-09T00:33:51.701+0000] {dagbag.py:540} INFO - Filling up the DagBag from /home/airflow/.local/lib/python3.8/site-packages/airflow/example_dags/example_skip_dag.py
[2026-03-09T00:33:51.726+0000] {processor.py:840} INFO - DAG(s) 'example_skip_dag' retrieved from /home/airflow/.local/lib/python3.8/site-packages/airflow/example_dags/example_skip_dag.py
[2026-03-09T00:33:51.836+0000] {logging_mixin.py:188} INFO - [2026-03-09T00:33:51.834+0000] {dag.py:3047} INFO - Sync 1 DAGs
[2026-03-09T00:33:51.929+0000] {logging_mixin.py:188} INFO - [2026-03-09T00:33:51.929+0000] {dag.py:3834} INFO - Setting next_dagrun for example_skip_dag to 2026-03-08 00:00:00+00:00, run_after=2026-03-09 00:00:00+00:00
[2026-03-09T00:33:51.994+0000] {processor.py:183} INFO - Processing /home/airflow/.local/lib/python3.8/site-packages/airflow/example_dags/example_skip_dag.py took 0.314 seconds
[2026-03-09T00:34:23.221+0000] {processor.py:161} INFO - Started process (PID=3916) to work on /home/airflow/.local/lib/python3.8/site-packages/airflow/example_dags/example_skip_dag.py
[2026-03-09T00:34:23.227+0000] {processor.py:830} INFO - Processing file /home/airflow/.local/lib/python3.8/site-packages/airflow/example_dags/example_skip_dag.py for tasks to queue
[2026-03-09T00:34:23.244+0000] {logging_mixin.py:188} INFO - [2026-03-09T00:34:23.243+0000] {dagbag.py:540} INFO - Filling up the DagBag from /home/airflow/.local/lib/python3.8/site-packages/airflow/example_dags/example_skip_dag.py
[2026-03-09T00:34:23.297+0000] {processor.py:840} INFO - DAG(s) 'example_skip_dag' retrieved from /home/airflow/.local/lib/python3.8/site-packages/airflow/example_dags/example_skip_dag.py
[2026-03-09T00:34:23.390+0000] {logging_mixin.py:188} INFO - [2026-03-09T00:34:23.389+0000] {dag.py:3047} INFO - Sync 1 DAGs
[2026-03-09T00:34:23.468+0000] {logging_mixin.py:188} INFO - [2026-03-09T00:34:23.467+0000] {dag.py:3834} INFO - Setting next_dagrun for example_skip_dag to 2026-03-08 00:00:00+00:00, run_after=2026-03-09 00:00:00+00:00
[2026-03-09T00:34:23.590+0000] {processor.py:183} INFO - Processing /home/airflow/.local/lib/python3.8/site-packages/airflow/example_dags/example_skip_dag.py took 0.393 seconds
[2026-03-09T00:34:59.534+0000] {processor.py:161} INFO - Started process (PID=3971) to work on /home/airflow/.local/lib/python3.8/site-packages/airflow/example_dags/example_skip_dag.py
[2026-03-09T00:34:59.538+0000] {processor.py:830} INFO - Processing file /home/airflow/.local/lib/python3.8/site-packages/airflow/example_dags/example_skip_dag.py for tasks to queue
[2026-03-09T00:34:59.548+0000] {logging_mixin.py:188} INFO - [2026-03-09T00:34:59.547+0000] {dagbag.py:540} INFO - Filling up the DagBag from /home/airflow/.local/lib/python3.8/site-packages/airflow/example_dags/example_skip_dag.py
[2026-03-09T00:34:59.575+0000] {processor.py:840} INFO - DAG(s) 'example_skip_dag' retrieved from /home/airflow/.local/lib/python3.8/site-packages/airflow/example_dags/example_skip_dag.py
[2026-03-09T00:34:59.972+0000] {logging_mixin.py:188} INFO - [2026-03-09T00:34:59.972+0000] {dag.py:3047} INFO - Sync 1 DAGs
[2026-03-09T00:35:00.021+0000] {logging_mixin.py:188} INFO - [2026-03-09T00:35:00.020+0000] {dag.py:3834} INFO - Setting next_dagrun for example_skip_dag to 2026-03-08 00:00:00+00:00, run_after=2026-03-09 00:00:00+00:00
[2026-03-09T00:35:00.081+0000] {processor.py:183} INFO - Processing /home/airflow/.local/lib/python3.8/site-packages/airflow/example_dags/example_skip_dag.py took 0.562 seconds
[2026-03-09T00:35:31.180+0000] {processor.py:161} INFO - Started process (PID=4027) to work on /home/airflow/.local/lib/python3.8/site-packages/airflow/example_dags/example_skip_dag.py
[2026-03-09T00:35:31.183+0000] {processor.py:830} INFO - Processing file /home/airflow/.local/lib/python3.8/site-packages/airflow/example_dags/example_skip_dag.py for tasks to queue
[2026-03-09T00:35:31.194+0000] {logging_mixin.py:188} INFO - [2026-03-09T00:35:31.192+0000] {dagbag.py:540} INFO - Filling up the DagBag from /home/airflow/.local/lib/python3.8/site-packages/airflow/example_dags/example_skip_dag.py
[2026-03-09T00:35:31.225+0000] {processor.py:840} INFO - DAG(s) 'example_skip_dag' retrieved from /home/airflow/.local/lib/python3.8/site-packages/airflow/example_dags/example_skip_dag.py
[2026-03-09T00:35:31.294+0000] {logging_mixin.py:188} INFO - [2026-03-09T00:35:31.293+0000] {dag.py:3047} INFO - Sync 1 DAGs
[2026-03-09T00:35:31.354+0000] {logging_mixin.py:188} INFO - [2026-03-09T00:35:31.354+0000] {dag.py:3834} INFO - Setting next_dagrun for example_skip_dag to 2026-03-08 00:00:00+00:00, run_after=2026-03-09 00:00:00+00:00
[2026-03-09T00:35:31.410+0000] {processor.py:183} INFO - Processing /home/airflow/.local/lib/python3.8/site-packages/airflow/example_dags/example_skip_dag.py took 0.242 seconds
[2026-03-09T00:36:01.596+0000] {processor.py:161} INFO - Started process (PID=4084) to work on /home/airflow/.local/lib/python3.8/site-packages/airflow/example_dags/example_skip_dag.py
[2026-03-09T00:36:01.603+0000] {processor.py:830} INFO - Processing file /home/airflow/.local/lib/python3.8/site-packages/airflow/example_dags/example_skip_dag.py for tasks to queue
[2026-03-09T00:36:01.612+0000] {logging_mixin.py:188} INFO - [2026-03-09T00:36:01.610+0000] {dagbag.py:540} INFO - Filling up the DagBag from /home/airflow/.local/lib/python3.8/site-packages/airflow/example_dags/example_skip_dag.py
[2026-03-09T00:36:01.640+0000] {processor.py:840} INFO - DAG(s) 'example_skip_dag' retrieved from /home/airflow/.local/lib/python3.8/site-packages/airflow/example_dags/example_skip_dag.py
[2026-03-09T00:36:01.746+0000] {logging_mixin.py:188} INFO - [2026-03-09T00:36:01.741+0000] {dag.py:3047} INFO - Sync 1 DAGs
[2026-03-09T00:36:01.833+0000] {logging_mixin.py:188} INFO - [2026-03-09T00:36:01.832+0000] {dag.py:3834} INFO - Setting next_dagrun for example_skip_dag to 2026-03-08 00:00:00+00:00, run_after=2026-03-09 00:00:00+00:00
[2026-03-09T00:36:01.891+0000] {processor.py:183} INFO - Processing /home/airflow/.local/lib/python3.8/site-packages/airflow/example_dags/example_skip_dag.py took 0.311 seconds
[2026-03-09T00:36:32.960+0000] {processor.py:161} INFO - Started process (PID=4141) to work on /home/airflow/.local/lib/python3.8/site-packages/airflow/example_dags/example_skip_dag.py
[2026-03-09T00:36:32.964+0000] {processor.py:830} INFO - Processing file /home/airflow/.local/lib/python3.8/site-packages/airflow/example_dags/example_skip_dag.py for tasks to queue
[2026-03-09T00:36:32.969+0000] {logging_mixin.py:188} INFO - [2026-03-09T00:36:32.968+0000] {dagbag.py:540} INFO - Filling up the DagBag from /home/airflow/.local/lib/python3.8/site-packages/airflow/example_dags/example_skip_dag.py
[2026-03-09T00:36:32.995+0000] {processor.py:840} INFO - DAG(s) 'example_skip_dag' retrieved from /home/airflow/.local/lib/python3.8/site-packages/airflow/example_dags/example_skip_dag.py
[2026-03-09T00:36:33.070+0000] {logging_mixin.py:188} INFO - [2026-03-09T00:36:33.070+0000] {dag.py:3047} INFO - Sync 1 DAGs
[2026-03-09T00:36:33.135+0000] {logging_mixin.py:188} INFO - [2026-03-09T00:36:33.134+0000] {dag.py:3834} INFO - Setting next_dagrun for example_skip_dag to 2026-03-08 00:00:00+00:00, run_after=2026-03-09 00:00:00+00:00
[2026-03-09T00:36:33.182+0000] {processor.py:183} INFO - Processing /home/airflow/.local/lib/python3.8/site-packages/airflow/example_dags/example_skip_dag.py took 0.230 seconds
[2026-03-09T00:37:05.849+0000] {processor.py:161} INFO - Started process (PID=4199) to work on /home/airflow/.local/lib/python3.8/site-packages/airflow/example_dags/example_skip_dag.py
[2026-03-09T00:37:05.866+0000] {processor.py:830} INFO - Processing file /home/airflow/.local/lib/python3.8/site-packages/airflow/example_dags/example_skip_dag.py for tasks to queue
[2026-03-09T00:37:05.878+0000] {logging_mixin.py:188} INFO - [2026-03-09T00:37:05.877+0000] {dagbag.py:540} INFO - Filling up the DagBag from /home/airflow/.local/lib/python3.8/site-packages/airflow/example_dags/example_skip_dag.py
[2026-03-09T00:37:05.940+0000] {processor.py:840} INFO - DAG(s) 'example_skip_dag' retrieved from /home/airflow/.local/lib/python3.8/site-packages/airflow/example_dags/example_skip_dag.py
[2026-03-09T00:37:06.066+0000] {logging_mixin.py:188} INFO - [2026-03-09T00:37:06.065+0000] {dag.py:3047} INFO - Sync 1 DAGs
[2026-03-09T00:37:06.187+0000] {logging_mixin.py:188} INFO - [2026-03-09T00:37:06.186+0000] {dag.py:3834} INFO - Setting next_dagrun for example_skip_dag to 2026-03-08 00:00:00+00:00, run_after=2026-03-09 00:00:00+00:00
[2026-03-09T00:37:06.273+0000] {processor.py:183} INFO - Processing /home/airflow/.local/lib/python3.8/site-packages/airflow/example_dags/example_skip_dag.py took 0.444 seconds
[2026-03-09T00:37:36.621+0000] {processor.py:161} INFO - Started process (PID=4255) to work on /home/airflow/.local/lib/python3.8/site-packages/airflow/example_dags/example_skip_dag.py
[2026-03-09T00:37:36.624+0000] {processor.py:830} INFO - Processing file /home/airflow/.local/lib/python3.8/site-packages/airflow/example_dags/example_skip_dag.py for tasks to queue
[2026-03-09T00:37:36.629+0000] {logging_mixin.py:188} INFO - [2026-03-09T00:37:36.629+0000] {dagbag.py:540} INFO - Filling up the DagBag from /home/airflow/.local/lib/python3.8/site-packages/airflow/example_dags/example_skip_dag.py
[2026-03-09T00:37:36.648+0000] {processor.py:840} INFO - DAG(s) 'example_skip_dag' retrieved from /home/airflow/.local/lib/python3.8/site-packages/airflow/example_dags/example_skip_dag.py
[2026-03-09T00:37:36.709+0000] {logging_mixin.py:188} INFO - [2026-03-09T00:37:36.709+0000] {dag.py:3047} INFO - Sync 1 DAGs
[2026-03-09T00:37:36.762+0000] {logging_mixin.py:188} INFO - [2026-03-09T00:37:36.761+0000] {dag.py:3834} INFO - Setting next_dagrun for example_skip_dag to 2026-03-08 00:00:00+00:00, run_after=2026-03-09 00:00:00+00:00
[2026-03-09T00:37:36.818+0000] {processor.py:183} INFO - Processing /home/airflow/.local/lib/python3.8/site-packages/airflow/example_dags/example_skip_dag.py took 0.207 seconds
[2026-03-09T00:38:06.922+0000] {processor.py:161} INFO - Started process (PID=4311) to work on /home/airflow/.local/lib/python3.8/site-packages/airflow/example_dags/example_skip_dag.py
[2026-03-09T00:38:06.926+0000] {processor.py:830} INFO - Processing file /home/airflow/.local/lib/python3.8/site-packages/airflow/example_dags/example_skip_dag.py for tasks to queue
[2026-03-09T00:38:06.937+0000] {logging_mixin.py:188} INFO - [2026-03-09T00:38:06.936+0000] {dagbag.py:540} INFO - Filling up the DagBag from /home/airflow/.local/lib/python3.8/site-packages/airflow/example_dags/example_skip_dag.py
[2026-03-09T00:38:06.961+0000] {processor.py:840} INFO - DAG(s) 'example_skip_dag' retrieved from /home/airflow/.local/lib/python3.8/site-packages/airflow/example_dags/example_skip_dag.py
[2026-03-09T00:38:07.023+0000] {logging_mixin.py:188} INFO - [2026-03-09T00:38:07.022+0000] {dag.py:3047} INFO - Sync 1 DAGs
[2026-03-09T00:38:07.092+0000] {logging_mixin.py:188} INFO - [2026-03-09T00:38:07.091+0000] {dag.py:3834} INFO - Setting next_dagrun for example_skip_dag to 2026-03-08 00:00:00+00:00, run_after=2026-03-09 00:00:00+00:00
[2026-03-09T00:38:07.149+0000] {processor.py:183} INFO - Processing /home/airflow/.local/lib/python3.8/site-packages/airflow/example_dags/example_skip_dag.py took 0.241 seconds
[2026-03-09T00:38:39.875+0000] {processor.py:161} INFO - Started process (PID=4368) to work on /home/airflow/.local/lib/python3.8/site-packages/airflow/example_dags/example_skip_dag.py
[2026-03-09T00:38:39.880+0000] {processor.py:830} INFO - Processing file /home/airflow/.local/lib/python3.8/site-packages/airflow/example_dags/example_skip_dag.py for tasks to queue
[2026-03-09T00:38:39.894+0000] {logging_mixin.py:188} INFO - [2026-03-09T00:38:39.893+0000] {dagbag.py:540} INFO - Filling up the DagBag from /home/airflow/.local/lib/python3.8/site-packages/airflow/example_dags/example_skip_dag.py
[2026-03-09T00:38:39.937+0000] {processor.py:840} INFO - DAG(s) 'example_skip_dag' retrieved from /home/airflow/.local/lib/python3.8/site-packages/airflow/example_dags/example_skip_dag.py
[2026-03-09T00:38:40.038+0000] {logging_mixin.py:188} INFO - [2026-03-09T00:38:40.037+0000] {dag.py:3047} INFO - Sync 1 DAGs
[2026-03-09T00:38:40.137+0000] {logging_mixin.py:188} INFO - [2026-03-09T00:38:40.136+0000] {dag.py:3834} INFO - Setting next_dagrun for example_skip_dag to 2026-03-08 00:00:00+00:00, run_after=2026-03-09 00:00:00+00:00
[2026-03-09T00:38:40.227+0000] {processor.py:183} INFO - Processing /home/airflow/.local/lib/python3.8/site-packages/airflow/example_dags/example_skip_dag.py took 0.371 seconds
