[2026-03-09T00:00:07.091+0000] {processor.py:161} INFO - Started process (PID=249) to work on /home/airflow/.local/lib/python3.8/site-packages/airflow/example_dags/example_dag_decorator.py
[2026-03-09T00:00:07.110+0000] {processor.py:830} INFO - Processing file /home/airflow/.local/lib/python3.8/site-packages/airflow/example_dags/example_dag_decorator.py for tasks to queue
[2026-03-09T00:00:07.121+0000] {logging_mixin.py:188} INFO - [2026-03-09T00:00:07.120+0000] {dagbag.py:540} INFO - Filling up the DagBag from /home/airflow/.local/lib/python3.8/site-packages/airflow/example_dags/example_dag_decorator.py
[2026-03-09T00:00:07.950+0000] {processor.py:840} INFO - DAG(s) 'example_dag_decorator' retrieved from /home/airflow/.local/lib/python3.8/site-packages/airflow/example_dags/example_dag_decorator.py
[2026-03-09T00:00:09.056+0000] {logging_mixin.py:188} INFO - [2026-03-09T00:00:09.055+0000] {dag.py:3047} INFO - Sync 1 DAGs
[2026-03-09T00:00:09.162+0000] {logging_mixin.py:188} INFO - [2026-03-09T00:00:09.161+0000] {dag.py:3834} INFO - Setting next_dagrun for example_dag_decorator to None, run_after=None
[2026-03-09T00:00:09.295+0000] {processor.py:183} INFO - Processing /home/airflow/.local/lib/python3.8/site-packages/airflow/example_dags/example_dag_decorator.py took 2.239 seconds
[2026-03-09T00:00:40.050+0000] {processor.py:161} INFO - Started process (PID=305) to work on /home/airflow/.local/lib/python3.8/site-packages/airflow/example_dags/example_dag_decorator.py
[2026-03-09T00:00:40.055+0000] {processor.py:830} INFO - Processing file /home/airflow/.local/lib/python3.8/site-packages/airflow/example_dags/example_dag_decorator.py for tasks to queue
[2026-03-09T00:00:40.069+0000] {logging_mixin.py:188} INFO - [2026-03-09T00:00:40.068+0000] {dagbag.py:540} INFO - Filling up the DagBag from /home/airflow/.local/lib/python3.8/site-packages/airflow/example_dags/example_dag_decorator.py
[2026-03-09T00:00:40.514+0000] {processor.py:840} INFO - DAG(s) 'example_dag_decorator' retrieved from /home/airflow/.local/lib/python3.8/site-packages/airflow/example_dags/example_dag_decorator.py
[2026-03-09T00:00:40.881+0000] {logging_mixin.py:188} INFO - [2026-03-09T00:00:40.880+0000] {dag.py:3047} INFO - Sync 1 DAGs
[2026-03-09T00:00:40.905+0000] {logging_mixin.py:188} INFO - [2026-03-09T00:00:40.905+0000] {dag.py:3834} INFO - Setting next_dagrun for example_dag_decorator to None, run_after=None
[2026-03-09T00:00:40.948+0000] {processor.py:183} INFO - Processing /home/airflow/.local/lib/python3.8/site-packages/airflow/example_dags/example_dag_decorator.py took 0.917 seconds
[2026-03-09T00:01:11.661+0000] {processor.py:161} INFO - Started process (PID=361) to work on /home/airflow/.local/lib/python3.8/site-packages/airflow/example_dags/example_dag_decorator.py
[2026-03-09T00:01:11.679+0000] {processor.py:830} INFO - Processing file /home/airflow/.local/lib/python3.8/site-packages/airflow/example_dags/example_dag_decorator.py for tasks to queue
[2026-03-09T00:01:11.691+0000] {logging_mixin.py:188} INFO - [2026-03-09T00:01:11.690+0000] {dagbag.py:540} INFO - Filling up the DagBag from /home/airflow/.local/lib/python3.8/site-packages/airflow/example_dags/example_dag_decorator.py
[2026-03-09T00:01:12.235+0000] {processor.py:840} INFO - DAG(s) 'example_dag_decorator' retrieved from /home/airflow/.local/lib/python3.8/site-packages/airflow/example_dags/example_dag_decorator.py
[2026-03-09T00:01:13.312+0000] {logging_mixin.py:188} INFO - [2026-03-09T00:01:13.309+0000] {dag.py:3047} INFO - Sync 1 DAGs
[2026-03-09T00:01:13.428+0000] {logging_mixin.py:188} INFO - [2026-03-09T00:01:13.427+0000] {dag.py:3834} INFO - Setting next_dagrun for example_dag_decorator to None, run_after=None
[2026-03-09T00:01:13.545+0000] {processor.py:183} INFO - Processing /home/airflow/.local/lib/python3.8/site-packages/airflow/example_dags/example_dag_decorator.py took 1.918 seconds
[2026-03-09T00:01:44.324+0000] {processor.py:161} INFO - Started process (PID=416) to work on /home/airflow/.local/lib/python3.8/site-packages/airflow/example_dags/example_dag_decorator.py
[2026-03-09T00:01:44.328+0000] {processor.py:830} INFO - Processing file /home/airflow/.local/lib/python3.8/site-packages/airflow/example_dags/example_dag_decorator.py for tasks to queue
[2026-03-09T00:01:44.336+0000] {logging_mixin.py:188} INFO - [2026-03-09T00:01:44.335+0000] {dagbag.py:540} INFO - Filling up the DagBag from /home/airflow/.local/lib/python3.8/site-packages/airflow/example_dags/example_dag_decorator.py
[2026-03-09T00:01:45.240+0000] {processor.py:840} INFO - DAG(s) 'example_dag_decorator' retrieved from /home/airflow/.local/lib/python3.8/site-packages/airflow/example_dags/example_dag_decorator.py
[2026-03-09T00:01:46.402+0000] {logging_mixin.py:188} INFO - [2026-03-09T00:01:46.400+0000] {dag.py:3047} INFO - Sync 1 DAGs
[2026-03-09T00:01:46.461+0000] {logging_mixin.py:188} INFO - [2026-03-09T00:01:46.460+0000] {dag.py:3834} INFO - Setting next_dagrun for example_dag_decorator to None, run_after=None
[2026-03-09T00:01:46.572+0000] {processor.py:183} INFO - Processing /home/airflow/.local/lib/python3.8/site-packages/airflow/example_dags/example_dag_decorator.py took 2.270 seconds
[2026-03-09T00:02:16.992+0000] {processor.py:161} INFO - Started process (PID=471) to work on /home/airflow/.local/lib/python3.8/site-packages/airflow/example_dags/example_dag_decorator.py
[2026-03-09T00:02:16.995+0000] {processor.py:830} INFO - Processing file /home/airflow/.local/lib/python3.8/site-packages/airflow/example_dags/example_dag_decorator.py for tasks to queue
[2026-03-09T00:02:16.999+0000] {logging_mixin.py:188} INFO - [2026-03-09T00:02:16.999+0000] {dagbag.py:540} INFO - Filling up the DagBag from /home/airflow/.local/lib/python3.8/site-packages/airflow/example_dags/example_dag_decorator.py
[2026-03-09T00:02:17.198+0000] {processor.py:840} INFO - DAG(s) 'example_dag_decorator' retrieved from /home/airflow/.local/lib/python3.8/site-packages/airflow/example_dags/example_dag_decorator.py
[2026-03-09T00:02:17.418+0000] {logging_mixin.py:188} INFO - [2026-03-09T00:02:17.417+0000] {dag.py:3047} INFO - Sync 1 DAGs
[2026-03-09T00:02:17.449+0000] {logging_mixin.py:188} INFO - [2026-03-09T00:02:17.448+0000] {dag.py:3834} INFO - Setting next_dagrun for example_dag_decorator to None, run_after=None
[2026-03-09T00:02:17.508+0000] {processor.py:183} INFO - Processing /home/airflow/.local/lib/python3.8/site-packages/airflow/example_dags/example_dag_decorator.py took 0.526 seconds
[2026-03-09T00:02:47.829+0000] {processor.py:161} INFO - Started process (PID=527) to work on /home/airflow/.local/lib/python3.8/site-packages/airflow/example_dags/example_dag_decorator.py
[2026-03-09T00:02:47.833+0000] {processor.py:830} INFO - Processing file /home/airflow/.local/lib/python3.8/site-packages/airflow/example_dags/example_dag_decorator.py for tasks to queue
[2026-03-09T00:02:47.842+0000] {logging_mixin.py:188} INFO - [2026-03-09T00:02:47.840+0000] {dagbag.py:540} INFO - Filling up the DagBag from /home/airflow/.local/lib/python3.8/site-packages/airflow/example_dags/example_dag_decorator.py
[2026-03-09T00:02:48.216+0000] {processor.py:840} INFO - DAG(s) 'example_dag_decorator' retrieved from /home/airflow/.local/lib/python3.8/site-packages/airflow/example_dags/example_dag_decorator.py
[2026-03-09T00:02:48.301+0000] {logging_mixin.py:188} INFO - [2026-03-09T00:02:48.301+0000] {dag.py:3047} INFO - Sync 1 DAGs
[2026-03-09T00:02:48.354+0000] {logging_mixin.py:188} INFO - [2026-03-09T00:02:48.353+0000] {dag.py:3834} INFO - Setting next_dagrun for example_dag_decorator to None, run_after=None
[2026-03-09T00:02:48.439+0000] {processor.py:183} INFO - Processing /home/airflow/.local/lib/python3.8/site-packages/airflow/example_dags/example_dag_decorator.py took 0.626 seconds
[2026-03-09T00:03:19.422+0000] {processor.py:161} INFO - Started process (PID=582) to work on /home/airflow/.local/lib/python3.8/site-packages/airflow/example_dags/example_dag_decorator.py
[2026-03-09T00:03:19.425+0000] {processor.py:830} INFO - Processing file /home/airflow/.local/lib/python3.8/site-packages/airflow/example_dags/example_dag_decorator.py for tasks to queue
[2026-03-09T00:03:19.431+0000] {logging_mixin.py:188} INFO - [2026-03-09T00:03:19.430+0000] {dagbag.py:540} INFO - Filling up the DagBag from /home/airflow/.local/lib/python3.8/site-packages/airflow/example_dags/example_dag_decorator.py
[2026-03-09T00:03:19.669+0000] {processor.py:840} INFO - DAG(s) 'example_dag_decorator' retrieved from /home/airflow/.local/lib/python3.8/site-packages/airflow/example_dags/example_dag_decorator.py
[2026-03-09T00:03:19.730+0000] {logging_mixin.py:188} INFO - [2026-03-09T00:03:19.729+0000] {dag.py:3047} INFO - Sync 1 DAGs
[2026-03-09T00:03:19.764+0000] {logging_mixin.py:188} INFO - [2026-03-09T00:03:19.763+0000] {dag.py:3834} INFO - Setting next_dagrun for example_dag_decorator to None, run_after=None
[2026-03-09T00:03:19.820+0000] {processor.py:183} INFO - Processing /home/airflow/.local/lib/python3.8/site-packages/airflow/example_dags/example_dag_decorator.py took 0.409 seconds
[2026-03-09T00:03:50.295+0000] {processor.py:161} INFO - Started process (PID=637) to work on /home/airflow/.local/lib/python3.8/site-packages/airflow/example_dags/example_dag_decorator.py
[2026-03-09T00:03:50.307+0000] {processor.py:830} INFO - Processing file /home/airflow/.local/lib/python3.8/site-packages/airflow/example_dags/example_dag_decorator.py for tasks to queue
[2026-03-09T00:03:50.328+0000] {logging_mixin.py:188} INFO - [2026-03-09T00:03:50.326+0000] {dagbag.py:540} INFO - Filling up the DagBag from /home/airflow/.local/lib/python3.8/site-packages/airflow/example_dags/example_dag_decorator.py
[2026-03-09T00:03:50.933+0000] {processor.py:840} INFO - DAG(s) 'example_dag_decorator' retrieved from /home/airflow/.local/lib/python3.8/site-packages/airflow/example_dags/example_dag_decorator.py
[2026-03-09T00:03:51.568+0000] {logging_mixin.py:188} INFO - [2026-03-09T00:03:51.567+0000] {dag.py:3047} INFO - Sync 1 DAGs
[2026-03-09T00:03:51.621+0000] {logging_mixin.py:188} INFO - [2026-03-09T00:03:51.620+0000] {dag.py:3834} INFO - Setting next_dagrun for example_dag_decorator to None, run_after=None
[2026-03-09T00:03:51.717+0000] {processor.py:183} INFO - Processing /home/airflow/.local/lib/python3.8/site-packages/airflow/example_dags/example_dag_decorator.py took 1.447 seconds
[2026-03-09T00:04:22.023+0000] {processor.py:161} INFO - Started process (PID=693) to work on /home/airflow/.local/lib/python3.8/site-packages/airflow/example_dags/example_dag_decorator.py
[2026-03-09T00:04:22.026+0000] {processor.py:830} INFO - Processing file /home/airflow/.local/lib/python3.8/site-packages/airflow/example_dags/example_dag_decorator.py for tasks to queue
[2026-03-09T00:04:22.032+0000] {logging_mixin.py:188} INFO - [2026-03-09T00:04:22.031+0000] {dagbag.py:540} INFO - Filling up the DagBag from /home/airflow/.local/lib/python3.8/site-packages/airflow/example_dags/example_dag_decorator.py
[2026-03-09T00:04:22.290+0000] {processor.py:840} INFO - DAG(s) 'example_dag_decorator' retrieved from /home/airflow/.local/lib/python3.8/site-packages/airflow/example_dags/example_dag_decorator.py
[2026-03-09T00:04:22.667+0000] {logging_mixin.py:188} INFO - [2026-03-09T00:04:22.667+0000] {dag.py:3047} INFO - Sync 1 DAGs
[2026-03-09T00:04:22.704+0000] {logging_mixin.py:188} INFO - [2026-03-09T00:04:22.704+0000] {dag.py:3834} INFO - Setting next_dagrun for example_dag_decorator to None, run_after=None
[2026-03-09T00:04:22.768+0000] {processor.py:183} INFO - Processing /home/airflow/.local/lib/python3.8/site-packages/airflow/example_dags/example_dag_decorator.py took 0.758 seconds
[2026-03-09T00:04:53.857+0000] {processor.py:161} INFO - Started process (PID=748) to work on /home/airflow/.local/lib/python3.8/site-packages/airflow/example_dags/example_dag_decorator.py
[2026-03-09T00:04:53.861+0000] {processor.py:830} INFO - Processing file /home/airflow/.local/lib/python3.8/site-packages/airflow/example_dags/example_dag_decorator.py for tasks to queue
[2026-03-09T00:04:53.869+0000] {logging_mixin.py:188} INFO - [2026-03-09T00:04:53.867+0000] {dagbag.py:540} INFO - Filling up the DagBag from /home/airflow/.local/lib/python3.8/site-packages/airflow/example_dags/example_dag_decorator.py
[2026-03-09T00:04:54.145+0000] {processor.py:840} INFO - DAG(s) 'example_dag_decorator' retrieved from /home/airflow/.local/lib/python3.8/site-packages/airflow/example_dags/example_dag_decorator.py
[2026-03-09T00:04:55.915+0000] {logging_mixin.py:188} INFO - [2026-03-09T00:04:55.913+0000] {dag.py:3047} INFO - Sync 1 DAGs
[2026-03-09T00:04:56.002+0000] {logging_mixin.py:188} INFO - [2026-03-09T00:04:55.999+0000] {dag.py:3834} INFO - Setting next_dagrun for example_dag_decorator to None, run_after=None
[2026-03-09T00:04:56.090+0000] {processor.py:183} INFO - Processing /home/airflow/.local/lib/python3.8/site-packages/airflow/example_dags/example_dag_decorator.py took 1.140 seconds
[2026-03-09T00:05:26.948+0000] {processor.py:161} INFO - Started process (PID=804) to work on /home/airflow/.local/lib/python3.8/site-packages/airflow/example_dags/example_dag_decorator.py
[2026-03-09T00:05:26.951+0000] {processor.py:830} INFO - Processing file /home/airflow/.local/lib/python3.8/site-packages/airflow/example_dags/example_dag_decorator.py for tasks to queue
[2026-03-09T00:05:26.956+0000] {logging_mixin.py:188} INFO - [2026-03-09T00:05:26.956+0000] {dagbag.py:540} INFO - Filling up the DagBag from /home/airflow/.local/lib/python3.8/site-packages/airflow/example_dags/example_dag_decorator.py
[2026-03-09T00:05:27.232+0000] {processor.py:840} INFO - DAG(s) 'example_dag_decorator' retrieved from /home/airflow/.local/lib/python3.8/site-packages/airflow/example_dags/example_dag_decorator.py
[2026-03-09T00:05:27.549+0000] {logging_mixin.py:188} INFO - [2026-03-09T00:05:27.549+0000] {dag.py:3047} INFO - Sync 1 DAGs
[2026-03-09T00:05:27.577+0000] {logging_mixin.py:188} INFO - [2026-03-09T00:05:27.576+0000] {dag.py:3834} INFO - Setting next_dagrun for example_dag_decorator to None, run_after=None
[2026-03-09T00:05:27.626+0000] {processor.py:183} INFO - Processing /home/airflow/.local/lib/python3.8/site-packages/airflow/example_dags/example_dag_decorator.py took 0.688 seconds
[2026-03-09T00:05:57.867+0000] {processor.py:161} INFO - Started process (PID=860) to work on /home/airflow/.local/lib/python3.8/site-packages/airflow/example_dags/example_dag_decorator.py
[2026-03-09T00:05:57.870+0000] {processor.py:830} INFO - Processing file /home/airflow/.local/lib/python3.8/site-packages/airflow/example_dags/example_dag_decorator.py for tasks to queue
[2026-03-09T00:05:57.877+0000] {logging_mixin.py:188} INFO - [2026-03-09T00:05:57.876+0000] {dagbag.py:540} INFO - Filling up the DagBag from /home/airflow/.local/lib/python3.8/site-packages/airflow/example_dags/example_dag_decorator.py
[2026-03-09T00:05:58.535+0000] {processor.py:840} INFO - DAG(s) 'example_dag_decorator' retrieved from /home/airflow/.local/lib/python3.8/site-packages/airflow/example_dags/example_dag_decorator.py
[2026-03-09T00:05:59.160+0000] {logging_mixin.py:188} INFO - [2026-03-09T00:05:59.159+0000] {dag.py:3047} INFO - Sync 1 DAGs
[2026-03-09T00:05:59.210+0000] {logging_mixin.py:188} INFO - [2026-03-09T00:05:59.209+0000] {dag.py:3834} INFO - Setting next_dagrun for example_dag_decorator to None, run_after=None
[2026-03-09T00:05:59.310+0000] {processor.py:183} INFO - Processing /home/airflow/.local/lib/python3.8/site-packages/airflow/example_dags/example_dag_decorator.py took 1.456 seconds
[2026-03-09T00:06:29.609+0000] {processor.py:161} INFO - Started process (PID=916) to work on /home/airflow/.local/lib/python3.8/site-packages/airflow/example_dags/example_dag_decorator.py
[2026-03-09T00:06:29.629+0000] {processor.py:830} INFO - Processing file /home/airflow/.local/lib/python3.8/site-packages/airflow/example_dags/example_dag_decorator.py for tasks to queue
[2026-03-09T00:06:29.646+0000] {logging_mixin.py:188} INFO - [2026-03-09T00:06:29.644+0000] {dagbag.py:540} INFO - Filling up the DagBag from /home/airflow/.local/lib/python3.8/site-packages/airflow/example_dags/example_dag_decorator.py
[2026-03-09T00:06:30.438+0000] {processor.py:840} INFO - DAG(s) 'example_dag_decorator' retrieved from /home/airflow/.local/lib/python3.8/site-packages/airflow/example_dags/example_dag_decorator.py
[2026-03-09T00:06:31.181+0000] {logging_mixin.py:188} INFO - [2026-03-09T00:06:31.180+0000] {dag.py:3047} INFO - Sync 1 DAGs
[2026-03-09T00:06:31.275+0000] {logging_mixin.py:188} INFO - [2026-03-09T00:06:31.274+0000] {dag.py:3834} INFO - Setting next_dagrun for example_dag_decorator to None, run_after=None
[2026-03-09T00:06:31.450+0000] {processor.py:183} INFO - Processing /home/airflow/.local/lib/python3.8/site-packages/airflow/example_dags/example_dag_decorator.py took 1.863 seconds
[2026-03-09T00:07:01.992+0000] {processor.py:161} INFO - Started process (PID=972) to work on /home/airflow/.local/lib/python3.8/site-packages/airflow/example_dags/example_dag_decorator.py
[2026-03-09T00:07:01.995+0000] {processor.py:830} INFO - Processing file /home/airflow/.local/lib/python3.8/site-packages/airflow/example_dags/example_dag_decorator.py for tasks to queue
[2026-03-09T00:07:02.001+0000] {logging_mixin.py:188} INFO - [2026-03-09T00:07:02.000+0000] {dagbag.py:540} INFO - Filling up the DagBag from /home/airflow/.local/lib/python3.8/site-packages/airflow/example_dags/example_dag_decorator.py
[2026-03-09T00:07:02.465+0000] {processor.py:840} INFO - DAG(s) 'example_dag_decorator' retrieved from /home/airflow/.local/lib/python3.8/site-packages/airflow/example_dags/example_dag_decorator.py
[2026-03-09T00:07:02.686+0000] {logging_mixin.py:188} INFO - [2026-03-09T00:07:02.685+0000] {dag.py:3047} INFO - Sync 1 DAGs
[2026-03-09T00:07:02.718+0000] {logging_mixin.py:188} INFO - [2026-03-09T00:07:02.717+0000] {dag.py:3834} INFO - Setting next_dagrun for example_dag_decorator to None, run_after=None
[2026-03-09T00:07:02.820+0000] {processor.py:183} INFO - Processing /home/airflow/.local/lib/python3.8/site-packages/airflow/example_dags/example_dag_decorator.py took 0.841 seconds
[2026-03-09T00:07:33.799+0000] {processor.py:161} INFO - Started process (PID=1028) to work on /home/airflow/.local/lib/python3.8/site-packages/airflow/example_dags/example_dag_decorator.py
[2026-03-09T00:07:33.803+0000] {processor.py:830} INFO - Processing file /home/airflow/.local/lib/python3.8/site-packages/airflow/example_dags/example_dag_decorator.py for tasks to queue
[2026-03-09T00:07:33.813+0000] {logging_mixin.py:188} INFO - [2026-03-09T00:07:33.812+0000] {dagbag.py:540} INFO - Filling up the DagBag from /home/airflow/.local/lib/python3.8/site-packages/airflow/example_dags/example_dag_decorator.py
[2026-03-09T00:07:34.052+0000] {processor.py:840} INFO - DAG(s) 'example_dag_decorator' retrieved from /home/airflow/.local/lib/python3.8/site-packages/airflow/example_dags/example_dag_decorator.py
[2026-03-09T00:07:34.301+0000] {logging_mixin.py:188} INFO - [2026-03-09T00:07:34.301+0000] {dag.py:3047} INFO - Sync 1 DAGs
[2026-03-09T00:07:34.323+0000] {logging_mixin.py:188} INFO - [2026-03-09T00:07:34.322+0000] {dag.py:3834} INFO - Setting next_dagrun for example_dag_decorator to None, run_after=None
[2026-03-09T00:07:34.373+0000] {processor.py:183} INFO - Processing /home/airflow/.local/lib/python3.8/site-packages/airflow/example_dags/example_dag_decorator.py took 0.585 seconds
[2026-03-09T00:08:04.628+0000] {processor.py:161} INFO - Started process (PID=1085) to work on /home/airflow/.local/lib/python3.8/site-packages/airflow/example_dags/example_dag_decorator.py
[2026-03-09T00:08:04.631+0000] {processor.py:830} INFO - Processing file /home/airflow/.local/lib/python3.8/site-packages/airflow/example_dags/example_dag_decorator.py for tasks to queue
[2026-03-09T00:08:04.637+0000] {logging_mixin.py:188} INFO - [2026-03-09T00:08:04.636+0000] {dagbag.py:540} INFO - Filling up the DagBag from /home/airflow/.local/lib/python3.8/site-packages/airflow/example_dags/example_dag_decorator.py
[2026-03-09T00:08:04.906+0000] {processor.py:840} INFO - DAG(s) 'example_dag_decorator' retrieved from /home/airflow/.local/lib/python3.8/site-packages/airflow/example_dags/example_dag_decorator.py
[2026-03-09T00:08:05.343+0000] {logging_mixin.py:188} INFO - [2026-03-09T00:08:05.342+0000] {dag.py:3047} INFO - Sync 1 DAGs
[2026-03-09T00:08:05.413+0000] {logging_mixin.py:188} INFO - [2026-03-09T00:08:05.412+0000] {dag.py:3834} INFO - Setting next_dagrun for example_dag_decorator to None, run_after=None
[2026-03-09T00:08:05.513+0000] {processor.py:183} INFO - Processing /home/airflow/.local/lib/python3.8/site-packages/airflow/example_dags/example_dag_decorator.py took 0.895 seconds
[2026-03-09T00:08:36.335+0000] {processor.py:161} INFO - Started process (PID=1141) to work on /home/airflow/.local/lib/python3.8/site-packages/airflow/example_dags/example_dag_decorator.py
[2026-03-09T00:08:36.341+0000] {processor.py:830} INFO - Processing file /home/airflow/.local/lib/python3.8/site-packages/airflow/example_dags/example_dag_decorator.py for tasks to queue
[2026-03-09T00:08:36.349+0000] {logging_mixin.py:188} INFO - [2026-03-09T00:08:36.348+0000] {dagbag.py:540} INFO - Filling up the DagBag from /home/airflow/.local/lib/python3.8/site-packages/airflow/example_dags/example_dag_decorator.py
[2026-03-09T00:08:36.774+0000] {processor.py:840} INFO - DAG(s) 'example_dag_decorator' retrieved from /home/airflow/.local/lib/python3.8/site-packages/airflow/example_dags/example_dag_decorator.py
[2026-03-09T00:08:37.283+0000] {logging_mixin.py:188} INFO - [2026-03-09T00:08:37.282+0000] {dag.py:3047} INFO - Sync 1 DAGs
[2026-03-09T00:08:37.319+0000] {logging_mixin.py:188} INFO - [2026-03-09T00:08:37.318+0000] {dag.py:3834} INFO - Setting next_dagrun for example_dag_decorator to None, run_after=None
[2026-03-09T00:08:37.399+0000] {processor.py:183} INFO - Processing /home/airflow/.local/lib/python3.8/site-packages/airflow/example_dags/example_dag_decorator.py took 1.078 seconds
[2026-03-09T00:09:08.124+0000] {processor.py:161} INFO - Started process (PID=1195) to work on /home/airflow/.local/lib/python3.8/site-packages/airflow/example_dags/example_dag_decorator.py
[2026-03-09T00:09:08.132+0000] {processor.py:830} INFO - Processing file /home/airflow/.local/lib/python3.8/site-packages/airflow/example_dags/example_dag_decorator.py for tasks to queue
[2026-03-09T00:09:08.162+0000] {logging_mixin.py:188} INFO - [2026-03-09T00:09:08.161+0000] {dagbag.py:540} INFO - Filling up the DagBag from /home/airflow/.local/lib/python3.8/site-packages/airflow/example_dags/example_dag_decorator.py
[2026-03-09T00:09:09.123+0000] {processor.py:840} INFO - DAG(s) 'example_dag_decorator' retrieved from /home/airflow/.local/lib/python3.8/site-packages/airflow/example_dags/example_dag_decorator.py
[2026-03-09T00:09:09.823+0000] {logging_mixin.py:188} INFO - [2026-03-09T00:09:09.820+0000] {dag.py:3047} INFO - Sync 1 DAGs
[2026-03-09T00:09:09.893+0000] {logging_mixin.py:188} INFO - [2026-03-09T00:09:09.892+0000] {dag.py:3834} INFO - Setting next_dagrun for example_dag_decorator to None, run_after=None
[2026-03-09T00:09:09.983+0000] {processor.py:183} INFO - Processing /home/airflow/.local/lib/python3.8/site-packages/airflow/example_dags/example_dag_decorator.py took 1.915 seconds
[2026-03-09T00:09:40.766+0000] {processor.py:161} INFO - Started process (PID=1252) to work on /home/airflow/.local/lib/python3.8/site-packages/airflow/example_dags/example_dag_decorator.py
[2026-03-09T00:09:40.769+0000] {processor.py:830} INFO - Processing file /home/airflow/.local/lib/python3.8/site-packages/airflow/example_dags/example_dag_decorator.py for tasks to queue
[2026-03-09T00:09:40.774+0000] {logging_mixin.py:188} INFO - [2026-03-09T00:09:40.773+0000] {dagbag.py:540} INFO - Filling up the DagBag from /home/airflow/.local/lib/python3.8/site-packages/airflow/example_dags/example_dag_decorator.py
[2026-03-09T00:09:41.059+0000] {processor.py:840} INFO - DAG(s) 'example_dag_decorator' retrieved from /home/airflow/.local/lib/python3.8/site-packages/airflow/example_dags/example_dag_decorator.py
[2026-03-09T00:09:41.311+0000] {logging_mixin.py:188} INFO - [2026-03-09T00:09:41.310+0000] {dag.py:3047} INFO - Sync 1 DAGs
[2026-03-09T00:09:41.343+0000] {logging_mixin.py:188} INFO - [2026-03-09T00:09:41.342+0000] {dag.py:3834} INFO - Setting next_dagrun for example_dag_decorator to None, run_after=None
[2026-03-09T00:09:41.399+0000] {processor.py:183} INFO - Processing /home/airflow/.local/lib/python3.8/site-packages/airflow/example_dags/example_dag_decorator.py took 0.643 seconds
[2026-03-09T00:10:11.740+0000] {processor.py:161} INFO - Started process (PID=1310) to work on /home/airflow/.local/lib/python3.8/site-packages/airflow/example_dags/example_dag_decorator.py
[2026-03-09T00:10:11.743+0000] {processor.py:830} INFO - Processing file /home/airflow/.local/lib/python3.8/site-packages/airflow/example_dags/example_dag_decorator.py for tasks to queue
[2026-03-09T00:10:11.750+0000] {logging_mixin.py:188} INFO - [2026-03-09T00:10:11.749+0000] {dagbag.py:540} INFO - Filling up the DagBag from /home/airflow/.local/lib/python3.8/site-packages/airflow/example_dags/example_dag_decorator.py
[2026-03-09T00:10:11.990+0000] {processor.py:840} INFO - DAG(s) 'example_dag_decorator' retrieved from /home/airflow/.local/lib/python3.8/site-packages/airflow/example_dags/example_dag_decorator.py
[2026-03-09T00:10:12.265+0000] {logging_mixin.py:188} INFO - [2026-03-09T00:10:12.265+0000] {dag.py:3047} INFO - Sync 1 DAGs
[2026-03-09T00:10:12.324+0000] {logging_mixin.py:188} INFO - [2026-03-09T00:10:12.324+0000] {dag.py:3834} INFO - Setting next_dagrun for example_dag_decorator to None, run_after=None
[2026-03-09T00:10:12.440+0000] {processor.py:183} INFO - Processing /home/airflow/.local/lib/python3.8/site-packages/airflow/example_dags/example_dag_decorator.py took 0.710 seconds
[2026-03-09T00:10:43.042+0000] {processor.py:161} INFO - Started process (PID=1366) to work on /home/airflow/.local/lib/python3.8/site-packages/airflow/example_dags/example_dag_decorator.py
[2026-03-09T00:10:43.047+0000] {processor.py:830} INFO - Processing file /home/airflow/.local/lib/python3.8/site-packages/airflow/example_dags/example_dag_decorator.py for tasks to queue
[2026-03-09T00:10:43.062+0000] {logging_mixin.py:188} INFO - [2026-03-09T00:10:43.061+0000] {dagbag.py:540} INFO - Filling up the DagBag from /home/airflow/.local/lib/python3.8/site-packages/airflow/example_dags/example_dag_decorator.py
[2026-03-09T00:10:43.477+0000] {processor.py:840} INFO - DAG(s) 'example_dag_decorator' retrieved from /home/airflow/.local/lib/python3.8/site-packages/airflow/example_dags/example_dag_decorator.py
[2026-03-09T00:10:44.154+0000] {logging_mixin.py:188} INFO - [2026-03-09T00:10:44.153+0000] {dag.py:3047} INFO - Sync 1 DAGs
[2026-03-09T00:10:44.222+0000] {logging_mixin.py:188} INFO - [2026-03-09T00:10:44.222+0000] {dag.py:3834} INFO - Setting next_dagrun for example_dag_decorator to None, run_after=None
[2026-03-09T00:10:44.352+0000] {processor.py:183} INFO - Processing /home/airflow/.local/lib/python3.8/site-packages/airflow/example_dags/example_dag_decorator.py took 1.346 seconds
[2026-03-09T00:11:14.632+0000] {processor.py:161} INFO - Started process (PID=1423) to work on /home/airflow/.local/lib/python3.8/site-packages/airflow/example_dags/example_dag_decorator.py
[2026-03-09T00:11:14.637+0000] {processor.py:830} INFO - Processing file /home/airflow/.local/lib/python3.8/site-packages/airflow/example_dags/example_dag_decorator.py for tasks to queue
[2026-03-09T00:11:14.646+0000] {logging_mixin.py:188} INFO - [2026-03-09T00:11:14.644+0000] {dagbag.py:540} INFO - Filling up the DagBag from /home/airflow/.local/lib/python3.8/site-packages/airflow/example_dags/example_dag_decorator.py
[2026-03-09T00:11:15.022+0000] {processor.py:840} INFO - DAG(s) 'example_dag_decorator' retrieved from /home/airflow/.local/lib/python3.8/site-packages/airflow/example_dags/example_dag_decorator.py
[2026-03-09T00:11:15.519+0000] {logging_mixin.py:188} INFO - [2026-03-09T00:11:15.519+0000] {dag.py:3047} INFO - Sync 1 DAGs
[2026-03-09T00:11:15.567+0000] {logging_mixin.py:188} INFO - [2026-03-09T00:11:15.567+0000] {dag.py:3834} INFO - Setting next_dagrun for example_dag_decorator to None, run_after=None
[2026-03-09T00:11:15.628+0000] {processor.py:183} INFO - Processing /home/airflow/.local/lib/python3.8/site-packages/airflow/example_dags/example_dag_decorator.py took 1.016 seconds
[2026-03-09T00:11:45.978+0000] {processor.py:161} INFO - Started process (PID=1480) to work on /home/airflow/.local/lib/python3.8/site-packages/airflow/example_dags/example_dag_decorator.py
[2026-03-09T00:11:45.982+0000] {processor.py:830} INFO - Processing file /home/airflow/.local/lib/python3.8/site-packages/airflow/example_dags/example_dag_decorator.py for tasks to queue
[2026-03-09T00:11:45.987+0000] {logging_mixin.py:188} INFO - [2026-03-09T00:11:45.986+0000] {dagbag.py:540} INFO - Filling up the DagBag from /home/airflow/.local/lib/python3.8/site-packages/airflow/example_dags/example_dag_decorator.py
[2026-03-09T00:11:46.249+0000] {processor.py:840} INFO - DAG(s) 'example_dag_decorator' retrieved from /home/airflow/.local/lib/python3.8/site-packages/airflow/example_dags/example_dag_decorator.py
[2026-03-09T00:11:46.679+0000] {logging_mixin.py:188} INFO - [2026-03-09T00:11:46.678+0000] {dag.py:3047} INFO - Sync 1 DAGs
[2026-03-09T00:11:46.728+0000] {logging_mixin.py:188} INFO - [2026-03-09T00:11:46.727+0000] {dag.py:3834} INFO - Setting next_dagrun for example_dag_decorator to None, run_after=None
[2026-03-09T00:11:46.858+0000] {processor.py:183} INFO - Processing /home/airflow/.local/lib/python3.8/site-packages/airflow/example_dags/example_dag_decorator.py took 0.890 seconds
[2026-03-09T00:12:17.037+0000] {processor.py:161} INFO - Started process (PID=1535) to work on /home/airflow/.local/lib/python3.8/site-packages/airflow/example_dags/example_dag_decorator.py
[2026-03-09T00:12:17.043+0000] {processor.py:830} INFO - Processing file /home/airflow/.local/lib/python3.8/site-packages/airflow/example_dags/example_dag_decorator.py for tasks to queue
[2026-03-09T00:12:17.053+0000] {logging_mixin.py:188} INFO - [2026-03-09T00:12:17.052+0000] {dagbag.py:540} INFO - Filling up the DagBag from /home/airflow/.local/lib/python3.8/site-packages/airflow/example_dags/example_dag_decorator.py
[2026-03-09T00:12:17.283+0000] {processor.py:840} INFO - DAG(s) 'example_dag_decorator' retrieved from /home/airflow/.local/lib/python3.8/site-packages/airflow/example_dags/example_dag_decorator.py
[2026-03-09T00:12:17.628+0000] {logging_mixin.py:188} INFO - [2026-03-09T00:12:17.627+0000] {dag.py:3047} INFO - Sync 1 DAGs
[2026-03-09T00:12:17.662+0000] {logging_mixin.py:188} INFO - [2026-03-09T00:12:17.662+0000] {dag.py:3834} INFO - Setting next_dagrun for example_dag_decorator to None, run_after=None
[2026-03-09T00:12:17.731+0000] {processor.py:183} INFO - Processing /home/airflow/.local/lib/python3.8/site-packages/airflow/example_dags/example_dag_decorator.py took 0.705 seconds
[2026-03-09T00:12:48.623+0000] {processor.py:161} INFO - Started process (PID=1591) to work on /home/airflow/.local/lib/python3.8/site-packages/airflow/example_dags/example_dag_decorator.py
[2026-03-09T00:12:48.627+0000] {processor.py:830} INFO - Processing file /home/airflow/.local/lib/python3.8/site-packages/airflow/example_dags/example_dag_decorator.py for tasks to queue
[2026-03-09T00:12:48.633+0000] {logging_mixin.py:188} INFO - [2026-03-09T00:12:48.632+0000] {dagbag.py:540} INFO - Filling up the DagBag from /home/airflow/.local/lib/python3.8/site-packages/airflow/example_dags/example_dag_decorator.py
[2026-03-09T00:12:48.968+0000] {processor.py:840} INFO - DAG(s) 'example_dag_decorator' retrieved from /home/airflow/.local/lib/python3.8/site-packages/airflow/example_dags/example_dag_decorator.py
[2026-03-09T00:12:49.291+0000] {logging_mixin.py:188} INFO - [2026-03-09T00:12:49.291+0000] {dag.py:3047} INFO - Sync 1 DAGs
[2026-03-09T00:12:49.330+0000] {logging_mixin.py:188} INFO - [2026-03-09T00:12:49.330+0000] {dag.py:3834} INFO - Setting next_dagrun for example_dag_decorator to None, run_after=None
[2026-03-09T00:12:49.393+0000] {processor.py:183} INFO - Processing /home/airflow/.local/lib/python3.8/site-packages/airflow/example_dags/example_dag_decorator.py took 0.781 seconds
[2026-03-09T00:13:19.938+0000] {processor.py:161} INFO - Started process (PID=1649) to work on /home/airflow/.local/lib/python3.8/site-packages/airflow/example_dags/example_dag_decorator.py
[2026-03-09T00:13:19.942+0000] {processor.py:830} INFO - Processing file /home/airflow/.local/lib/python3.8/site-packages/airflow/example_dags/example_dag_decorator.py for tasks to queue
[2026-03-09T00:13:19.961+0000] {logging_mixin.py:188} INFO - [2026-03-09T00:13:19.960+0000] {dagbag.py:540} INFO - Filling up the DagBag from /home/airflow/.local/lib/python3.8/site-packages/airflow/example_dags/example_dag_decorator.py
[2026-03-09T00:13:20.320+0000] {processor.py:840} INFO - DAG(s) 'example_dag_decorator' retrieved from /home/airflow/.local/lib/python3.8/site-packages/airflow/example_dags/example_dag_decorator.py
[2026-03-09T00:13:20.687+0000] {logging_mixin.py:188} INFO - [2026-03-09T00:13:20.686+0000] {dag.py:3047} INFO - Sync 1 DAGs
[2026-03-09T00:13:20.726+0000] {logging_mixin.py:188} INFO - [2026-03-09T00:13:20.725+0000] {dag.py:3834} INFO - Setting next_dagrun for example_dag_decorator to None, run_after=None
[2026-03-09T00:13:20.789+0000] {processor.py:183} INFO - Processing /home/airflow/.local/lib/python3.8/site-packages/airflow/example_dags/example_dag_decorator.py took 0.867 seconds
[2026-03-09T00:13:51.304+0000] {processor.py:161} INFO - Started process (PID=1706) to work on /home/airflow/.local/lib/python3.8/site-packages/airflow/example_dags/example_dag_decorator.py
[2026-03-09T00:13:51.308+0000] {processor.py:830} INFO - Processing file /home/airflow/.local/lib/python3.8/site-packages/airflow/example_dags/example_dag_decorator.py for tasks to queue
[2026-03-09T00:13:51.318+0000] {logging_mixin.py:188} INFO - [2026-03-09T00:13:51.316+0000] {dagbag.py:540} INFO - Filling up the DagBag from /home/airflow/.local/lib/python3.8/site-packages/airflow/example_dags/example_dag_decorator.py
[2026-03-09T00:13:51.675+0000] {processor.py:840} INFO - DAG(s) 'example_dag_decorator' retrieved from /home/airflow/.local/lib/python3.8/site-packages/airflow/example_dags/example_dag_decorator.py
[2026-03-09T00:13:52.104+0000] {logging_mixin.py:188} INFO - [2026-03-09T00:13:52.103+0000] {dag.py:3047} INFO - Sync 1 DAGs
[2026-03-09T00:13:52.157+0000] {logging_mixin.py:188} INFO - [2026-03-09T00:13:52.156+0000] {dag.py:3834} INFO - Setting next_dagrun for example_dag_decorator to None, run_after=None
[2026-03-09T00:13:52.285+0000] {processor.py:183} INFO - Processing /home/airflow/.local/lib/python3.8/site-packages/airflow/example_dags/example_dag_decorator.py took 0.998 seconds
[2026-03-09T00:14:22.855+0000] {processor.py:161} INFO - Started process (PID=1764) to work on /home/airflow/.local/lib/python3.8/site-packages/airflow/example_dags/example_dag_decorator.py
[2026-03-09T00:14:22.861+0000] {processor.py:830} INFO - Processing file /home/airflow/.local/lib/python3.8/site-packages/airflow/example_dags/example_dag_decorator.py for tasks to queue
[2026-03-09T00:14:22.872+0000] {logging_mixin.py:188} INFO - [2026-03-09T00:14:22.870+0000] {dagbag.py:540} INFO - Filling up the DagBag from /home/airflow/.local/lib/python3.8/site-packages/airflow/example_dags/example_dag_decorator.py
[2026-03-09T00:14:23.142+0000] {processor.py:840} INFO - DAG(s) 'example_dag_decorator' retrieved from /home/airflow/.local/lib/python3.8/site-packages/airflow/example_dags/example_dag_decorator.py
[2026-03-09T00:14:23.485+0000] {logging_mixin.py:188} INFO - [2026-03-09T00:14:23.485+0000] {dag.py:3047} INFO - Sync 1 DAGs
[2026-03-09T00:14:23.506+0000] {logging_mixin.py:188} INFO - [2026-03-09T00:14:23.506+0000] {dag.py:3834} INFO - Setting next_dagrun for example_dag_decorator to None, run_after=None
[2026-03-09T00:14:23.563+0000] {processor.py:183} INFO - Processing /home/airflow/.local/lib/python3.8/site-packages/airflow/example_dags/example_dag_decorator.py took 0.726 seconds
[2026-03-09T00:14:54.650+0000] {processor.py:161} INFO - Started process (PID=1820) to work on /home/airflow/.local/lib/python3.8/site-packages/airflow/example_dags/example_dag_decorator.py
[2026-03-09T00:14:54.657+0000] {processor.py:830} INFO - Processing file /home/airflow/.local/lib/python3.8/site-packages/airflow/example_dags/example_dag_decorator.py for tasks to queue
[2026-03-09T00:14:54.668+0000] {logging_mixin.py:188} INFO - [2026-03-09T00:14:54.667+0000] {dagbag.py:540} INFO - Filling up the DagBag from /home/airflow/.local/lib/python3.8/site-packages/airflow/example_dags/example_dag_decorator.py
[2026-03-09T00:14:55.105+0000] {processor.py:840} INFO - DAG(s) 'example_dag_decorator' retrieved from /home/airflow/.local/lib/python3.8/site-packages/airflow/example_dags/example_dag_decorator.py
[2026-03-09T00:14:55.540+0000] {logging_mixin.py:188} INFO - [2026-03-09T00:14:55.539+0000] {dag.py:3047} INFO - Sync 1 DAGs
[2026-03-09T00:14:55.619+0000] {logging_mixin.py:188} INFO - [2026-03-09T00:14:55.616+0000] {dag.py:3834} INFO - Setting next_dagrun for example_dag_decorator to None, run_after=None
[2026-03-09T00:14:55.753+0000] {processor.py:183} INFO - Processing /home/airflow/.local/lib/python3.8/site-packages/airflow/example_dags/example_dag_decorator.py took 1.126 seconds
[2026-03-09T00:15:26.201+0000] {processor.py:161} INFO - Started process (PID=1879) to work on /home/airflow/.local/lib/python3.8/site-packages/airflow/example_dags/example_dag_decorator.py
[2026-03-09T00:15:26.205+0000] {processor.py:830} INFO - Processing file /home/airflow/.local/lib/python3.8/site-packages/airflow/example_dags/example_dag_decorator.py for tasks to queue
[2026-03-09T00:15:26.212+0000] {logging_mixin.py:188} INFO - [2026-03-09T00:15:26.211+0000] {dagbag.py:540} INFO - Filling up the DagBag from /home/airflow/.local/lib/python3.8/site-packages/airflow/example_dags/example_dag_decorator.py
[2026-03-09T00:15:26.635+0000] {processor.py:840} INFO - DAG(s) 'example_dag_decorator' retrieved from /home/airflow/.local/lib/python3.8/site-packages/airflow/example_dags/example_dag_decorator.py
[2026-03-09T00:15:27.286+0000] {logging_mixin.py:188} INFO - [2026-03-09T00:15:27.285+0000] {dag.py:3047} INFO - Sync 1 DAGs
[2026-03-09T00:15:27.359+0000] {logging_mixin.py:188} INFO - [2026-03-09T00:15:27.359+0000] {dag.py:3834} INFO - Setting next_dagrun for example_dag_decorator to None, run_after=None
[2026-03-09T00:15:27.464+0000] {processor.py:183} INFO - Processing /home/airflow/.local/lib/python3.8/site-packages/airflow/example_dags/example_dag_decorator.py took 1.276 seconds
[2026-03-09T00:15:57.825+0000] {processor.py:161} INFO - Started process (PID=1936) to work on /home/airflow/.local/lib/python3.8/site-packages/airflow/example_dags/example_dag_decorator.py
[2026-03-09T00:15:57.829+0000] {processor.py:830} INFO - Processing file /home/airflow/.local/lib/python3.8/site-packages/airflow/example_dags/example_dag_decorator.py for tasks to queue
[2026-03-09T00:15:57.834+0000] {logging_mixin.py:188} INFO - [2026-03-09T00:15:57.833+0000] {dagbag.py:540} INFO - Filling up the DagBag from /home/airflow/.local/lib/python3.8/site-packages/airflow/example_dags/example_dag_decorator.py
[2026-03-09T00:15:58.223+0000] {processor.py:840} INFO - DAG(s) 'example_dag_decorator' retrieved from /home/airflow/.local/lib/python3.8/site-packages/airflow/example_dags/example_dag_decorator.py
[2026-03-09T00:15:58.680+0000] {logging_mixin.py:188} INFO - [2026-03-09T00:15:58.679+0000] {dag.py:3047} INFO - Sync 1 DAGs
[2026-03-09T00:15:58.734+0000] {logging_mixin.py:188} INFO - [2026-03-09T00:15:58.733+0000] {dag.py:3834} INFO - Setting next_dagrun for example_dag_decorator to None, run_after=None
[2026-03-09T00:15:58.816+0000] {processor.py:183} INFO - Processing /home/airflow/.local/lib/python3.8/site-packages/airflow/example_dags/example_dag_decorator.py took 1.004 seconds
[2026-03-09T00:16:29.205+0000] {processor.py:161} INFO - Started process (PID=1994) to work on /home/airflow/.local/lib/python3.8/site-packages/airflow/example_dags/example_dag_decorator.py
[2026-03-09T00:16:29.208+0000] {processor.py:830} INFO - Processing file /home/airflow/.local/lib/python3.8/site-packages/airflow/example_dags/example_dag_decorator.py for tasks to queue
[2026-03-09T00:16:29.214+0000] {logging_mixin.py:188} INFO - [2026-03-09T00:16:29.213+0000] {dagbag.py:540} INFO - Filling up the DagBag from /home/airflow/.local/lib/python3.8/site-packages/airflow/example_dags/example_dag_decorator.py
[2026-03-09T00:16:29.443+0000] {processor.py:840} INFO - DAG(s) 'example_dag_decorator' retrieved from /home/airflow/.local/lib/python3.8/site-packages/airflow/example_dags/example_dag_decorator.py
[2026-03-09T00:16:29.748+0000] {logging_mixin.py:188} INFO - [2026-03-09T00:16:29.748+0000] {dag.py:3047} INFO - Sync 1 DAGs
[2026-03-09T00:16:29.768+0000] {logging_mixin.py:188} INFO - [2026-03-09T00:16:29.768+0000] {dag.py:3834} INFO - Setting next_dagrun for example_dag_decorator to None, run_after=None
[2026-03-09T00:16:29.806+0000] {processor.py:183} INFO - Processing /home/airflow/.local/lib/python3.8/site-packages/airflow/example_dags/example_dag_decorator.py took 0.611 seconds
[2026-03-09T00:17:00.278+0000] {processor.py:161} INFO - Started process (PID=2050) to work on /home/airflow/.local/lib/python3.8/site-packages/airflow/example_dags/example_dag_decorator.py
[2026-03-09T00:17:00.285+0000] {processor.py:830} INFO - Processing file /home/airflow/.local/lib/python3.8/site-packages/airflow/example_dags/example_dag_decorator.py for tasks to queue
[2026-03-09T00:17:00.292+0000] {logging_mixin.py:188} INFO - [2026-03-09T00:17:00.291+0000] {dagbag.py:540} INFO - Filling up the DagBag from /home/airflow/.local/lib/python3.8/site-packages/airflow/example_dags/example_dag_decorator.py
[2026-03-09T00:17:00.601+0000] {processor.py:840} INFO - DAG(s) 'example_dag_decorator' retrieved from /home/airflow/.local/lib/python3.8/site-packages/airflow/example_dags/example_dag_decorator.py
[2026-03-09T00:17:00.710+0000] {logging_mixin.py:188} INFO - [2026-03-09T00:17:00.709+0000] {dag.py:3047} INFO - Sync 1 DAGs
[2026-03-09T00:17:00.760+0000] {logging_mixin.py:188} INFO - [2026-03-09T00:17:00.759+0000] {dag.py:3834} INFO - Setting next_dagrun for example_dag_decorator to None, run_after=None
[2026-03-09T00:17:00.836+0000] {processor.py:183} INFO - Processing /home/airflow/.local/lib/python3.8/site-packages/airflow/example_dags/example_dag_decorator.py took 0.576 seconds
[2026-03-09T00:17:31.138+0000] {processor.py:161} INFO - Started process (PID=2106) to work on /home/airflow/.local/lib/python3.8/site-packages/airflow/example_dags/example_dag_decorator.py
[2026-03-09T00:17:31.144+0000] {processor.py:830} INFO - Processing file /home/airflow/.local/lib/python3.8/site-packages/airflow/example_dags/example_dag_decorator.py for tasks to queue
[2026-03-09T00:17:31.158+0000] {logging_mixin.py:188} INFO - [2026-03-09T00:17:31.156+0000] {dagbag.py:540} INFO - Filling up the DagBag from /home/airflow/.local/lib/python3.8/site-packages/airflow/example_dags/example_dag_decorator.py
[2026-03-09T00:17:32.191+0000] {processor.py:840} INFO - DAG(s) 'example_dag_decorator' retrieved from /home/airflow/.local/lib/python3.8/site-packages/airflow/example_dags/example_dag_decorator.py
[2026-03-09T00:17:32.986+0000] {logging_mixin.py:188} INFO - [2026-03-09T00:17:32.985+0000] {dag.py:3047} INFO - Sync 1 DAGs
[2026-03-09T00:17:33.086+0000] {logging_mixin.py:188} INFO - [2026-03-09T00:17:33.080+0000] {dag.py:3834} INFO - Setting next_dagrun for example_dag_decorator to None, run_after=None
[2026-03-09T00:17:33.252+0000] {processor.py:183} INFO - Processing /home/airflow/.local/lib/python3.8/site-packages/airflow/example_dags/example_dag_decorator.py took 2.150 seconds
[2026-03-09T00:18:03.657+0000] {processor.py:161} INFO - Started process (PID=2163) to work on /home/airflow/.local/lib/python3.8/site-packages/airflow/example_dags/example_dag_decorator.py
[2026-03-09T00:18:03.661+0000] {processor.py:830} INFO - Processing file /home/airflow/.local/lib/python3.8/site-packages/airflow/example_dags/example_dag_decorator.py for tasks to queue
[2026-03-09T00:18:03.668+0000] {logging_mixin.py:188} INFO - [2026-03-09T00:18:03.667+0000] {dagbag.py:540} INFO - Filling up the DagBag from /home/airflow/.local/lib/python3.8/site-packages/airflow/example_dags/example_dag_decorator.py
[2026-03-09T00:18:03.897+0000] {processor.py:840} INFO - DAG(s) 'example_dag_decorator' retrieved from /home/airflow/.local/lib/python3.8/site-packages/airflow/example_dags/example_dag_decorator.py
[2026-03-09T00:18:04.173+0000] {logging_mixin.py:188} INFO - [2026-03-09T00:18:04.173+0000] {dag.py:3047} INFO - Sync 1 DAGs
[2026-03-09T00:18:04.194+0000] {logging_mixin.py:188} INFO - [2026-03-09T00:18:04.194+0000] {dag.py:3834} INFO - Setting next_dagrun for example_dag_decorator to None, run_after=None
[2026-03-09T00:18:04.240+0000] {processor.py:183} INFO - Processing /home/airflow/.local/lib/python3.8/site-packages/airflow/example_dags/example_dag_decorator.py took 0.596 seconds
[2026-03-09T00:18:34.448+0000] {processor.py:161} INFO - Started process (PID=2219) to work on /home/airflow/.local/lib/python3.8/site-packages/airflow/example_dags/example_dag_decorator.py
[2026-03-09T00:18:34.452+0000] {processor.py:830} INFO - Processing file /home/airflow/.local/lib/python3.8/site-packages/airflow/example_dags/example_dag_decorator.py for tasks to queue
[2026-03-09T00:18:34.458+0000] {logging_mixin.py:188} INFO - [2026-03-09T00:18:34.457+0000] {dagbag.py:540} INFO - Filling up the DagBag from /home/airflow/.local/lib/python3.8/site-packages/airflow/example_dags/example_dag_decorator.py
[2026-03-09T00:18:34.686+0000] {processor.py:840} INFO - DAG(s) 'example_dag_decorator' retrieved from /home/airflow/.local/lib/python3.8/site-packages/airflow/example_dags/example_dag_decorator.py
[2026-03-09T00:18:34.758+0000] {logging_mixin.py:188} INFO - [2026-03-09T00:18:34.758+0000] {dag.py:3047} INFO - Sync 1 DAGs
[2026-03-09T00:18:34.795+0000] {logging_mixin.py:188} INFO - [2026-03-09T00:18:34.795+0000] {dag.py:3834} INFO - Setting next_dagrun for example_dag_decorator to None, run_after=None
[2026-03-09T00:18:34.844+0000] {processor.py:183} INFO - Processing /home/airflow/.local/lib/python3.8/site-packages/airflow/example_dags/example_dag_decorator.py took 0.408 seconds
[2026-03-09T00:19:06.349+0000] {processor.py:161} INFO - Started process (PID=2275) to work on /home/airflow/.local/lib/python3.8/site-packages/airflow/example_dags/example_dag_decorator.py
[2026-03-09T00:19:06.362+0000] {processor.py:830} INFO - Processing file /home/airflow/.local/lib/python3.8/site-packages/airflow/example_dags/example_dag_decorator.py for tasks to queue
[2026-03-09T00:19:06.380+0000] {logging_mixin.py:188} INFO - [2026-03-09T00:19:06.379+0000] {dagbag.py:540} INFO - Filling up the DagBag from /home/airflow/.local/lib/python3.8/site-packages/airflow/example_dags/example_dag_decorator.py
[2026-03-09T00:19:07.323+0000] {processor.py:840} INFO - DAG(s) 'example_dag_decorator' retrieved from /home/airflow/.local/lib/python3.8/site-packages/airflow/example_dags/example_dag_decorator.py
[2026-03-09T00:19:08.069+0000] {logging_mixin.py:188} INFO - [2026-03-09T00:19:08.065+0000] {dag.py:3047} INFO - Sync 1 DAGs
[2026-03-09T00:19:08.118+0000] {logging_mixin.py:188} INFO - [2026-03-09T00:19:08.117+0000] {dag.py:3834} INFO - Setting next_dagrun for example_dag_decorator to None, run_after=None
[2026-03-09T00:19:08.241+0000] {processor.py:183} INFO - Processing /home/airflow/.local/lib/python3.8/site-packages/airflow/example_dags/example_dag_decorator.py took 1.923 seconds
[2026-03-09T00:19:38.736+0000] {processor.py:161} INFO - Started process (PID=2332) to work on /home/airflow/.local/lib/python3.8/site-packages/airflow/example_dags/example_dag_decorator.py
[2026-03-09T00:19:38.739+0000] {processor.py:830} INFO - Processing file /home/airflow/.local/lib/python3.8/site-packages/airflow/example_dags/example_dag_decorator.py for tasks to queue
[2026-03-09T00:19:38.749+0000] {logging_mixin.py:188} INFO - [2026-03-09T00:19:38.747+0000] {dagbag.py:540} INFO - Filling up the DagBag from /home/airflow/.local/lib/python3.8/site-packages/airflow/example_dags/example_dag_decorator.py
[2026-03-09T00:19:39.018+0000] {processor.py:840} INFO - DAG(s) 'example_dag_decorator' retrieved from /home/airflow/.local/lib/python3.8/site-packages/airflow/example_dags/example_dag_decorator.py
[2026-03-09T00:19:39.271+0000] {logging_mixin.py:188} INFO - [2026-03-09T00:19:39.270+0000] {dag.py:3047} INFO - Sync 1 DAGs
[2026-03-09T00:19:39.309+0000] {logging_mixin.py:188} INFO - [2026-03-09T00:19:39.306+0000] {dag.py:3834} INFO - Setting next_dagrun for example_dag_decorator to None, run_after=None
[2026-03-09T00:19:39.375+0000] {processor.py:183} INFO - Processing /home/airflow/.local/lib/python3.8/site-packages/airflow/example_dags/example_dag_decorator.py took 0.653 seconds
[2026-03-09T00:20:09.662+0000] {processor.py:161} INFO - Started process (PID=2389) to work on /home/airflow/.local/lib/python3.8/site-packages/airflow/example_dags/example_dag_decorator.py
[2026-03-09T00:20:09.667+0000] {processor.py:830} INFO - Processing file /home/airflow/.local/lib/python3.8/site-packages/airflow/example_dags/example_dag_decorator.py for tasks to queue
[2026-03-09T00:20:09.674+0000] {logging_mixin.py:188} INFO - [2026-03-09T00:20:09.673+0000] {dagbag.py:540} INFO - Filling up the DagBag from /home/airflow/.local/lib/python3.8/site-packages/airflow/example_dags/example_dag_decorator.py
[2026-03-09T00:20:09.950+0000] {processor.py:840} INFO - DAG(s) 'example_dag_decorator' retrieved from /home/airflow/.local/lib/python3.8/site-packages/airflow/example_dags/example_dag_decorator.py
[2026-03-09T00:20:10.592+0000] {logging_mixin.py:188} INFO - [2026-03-09T00:20:10.591+0000] {dag.py:3047} INFO - Sync 1 DAGs
[2026-03-09T00:20:10.619+0000] {logging_mixin.py:188} INFO - [2026-03-09T00:20:10.618+0000] {dag.py:3834} INFO - Setting next_dagrun for example_dag_decorator to None, run_after=None
[2026-03-09T00:20:10.739+0000] {processor.py:183} INFO - Processing /home/airflow/.local/lib/python3.8/site-packages/airflow/example_dags/example_dag_decorator.py took 1.088 seconds
[2026-03-09T00:20:41.070+0000] {processor.py:161} INFO - Started process (PID=2446) to work on /home/airflow/.local/lib/python3.8/site-packages/airflow/example_dags/example_dag_decorator.py
[2026-03-09T00:20:41.072+0000] {processor.py:830} INFO - Processing file /home/airflow/.local/lib/python3.8/site-packages/airflow/example_dags/example_dag_decorator.py for tasks to queue
[2026-03-09T00:20:41.076+0000] {logging_mixin.py:188} INFO - [2026-03-09T00:20:41.075+0000] {dagbag.py:540} INFO - Filling up the DagBag from /home/airflow/.local/lib/python3.8/site-packages/airflow/example_dags/example_dag_decorator.py
[2026-03-09T00:20:41.271+0000] {processor.py:840} INFO - DAG(s) 'example_dag_decorator' retrieved from /home/airflow/.local/lib/python3.8/site-packages/airflow/example_dags/example_dag_decorator.py
[2026-03-09T00:20:41.922+0000] {logging_mixin.py:188} INFO - [2026-03-09T00:20:41.921+0000] {dag.py:3047} INFO - Sync 1 DAGs
[2026-03-09T00:20:41.955+0000] {logging_mixin.py:188} INFO - [2026-03-09T00:20:41.954+0000] {dag.py:3834} INFO - Setting next_dagrun for example_dag_decorator to None, run_after=None
[2026-03-09T00:20:42.004+0000] {processor.py:183} INFO - Processing /home/airflow/.local/lib/python3.8/site-packages/airflow/example_dags/example_dag_decorator.py took 0.942 seconds
[2026-03-09T00:21:12.552+0000] {processor.py:161} INFO - Started process (PID=2505) to work on /home/airflow/.local/lib/python3.8/site-packages/airflow/example_dags/example_dag_decorator.py
[2026-03-09T00:21:12.555+0000] {processor.py:830} INFO - Processing file /home/airflow/.local/lib/python3.8/site-packages/airflow/example_dags/example_dag_decorator.py for tasks to queue
[2026-03-09T00:21:12.560+0000] {logging_mixin.py:188} INFO - [2026-03-09T00:21:12.560+0000] {dagbag.py:540} INFO - Filling up the DagBag from /home/airflow/.local/lib/python3.8/site-packages/airflow/example_dags/example_dag_decorator.py
[2026-03-09T00:21:12.769+0000] {processor.py:840} INFO - DAG(s) 'example_dag_decorator' retrieved from /home/airflow/.local/lib/python3.8/site-packages/airflow/example_dags/example_dag_decorator.py
[2026-03-09T00:21:13.029+0000] {logging_mixin.py:188} INFO - [2026-03-09T00:21:13.028+0000] {dag.py:3047} INFO - Sync 1 DAGs
[2026-03-09T00:21:13.082+0000] {logging_mixin.py:188} INFO - [2026-03-09T00:21:13.081+0000] {dag.py:3834} INFO - Setting next_dagrun for example_dag_decorator to None, run_after=None
[2026-03-09T00:21:13.486+0000] {processor.py:183} INFO - Processing /home/airflow/.local/lib/python3.8/site-packages/airflow/example_dags/example_dag_decorator.py took 0.943 seconds
[2026-03-09T00:21:45.960+0000] {processor.py:161} INFO - Started process (PID=2570) to work on /home/airflow/.local/lib/python3.8/site-packages/airflow/example_dags/example_dag_decorator.py
[2026-03-09T00:21:45.964+0000] {processor.py:830} INFO - Processing file /home/airflow/.local/lib/python3.8/site-packages/airflow/example_dags/example_dag_decorator.py for tasks to queue
[2026-03-09T00:21:45.971+0000] {logging_mixin.py:188} INFO - [2026-03-09T00:21:45.969+0000] {dagbag.py:540} INFO - Filling up the DagBag from /home/airflow/.local/lib/python3.8/site-packages/airflow/example_dags/example_dag_decorator.py
[2026-03-09T00:21:46.462+0000] {processor.py:840} INFO - DAG(s) 'example_dag_decorator' retrieved from /home/airflow/.local/lib/python3.8/site-packages/airflow/example_dags/example_dag_decorator.py
[2026-03-09T00:21:46.868+0000] {logging_mixin.py:188} INFO - [2026-03-09T00:21:46.868+0000] {dag.py:3047} INFO - Sync 1 DAGs
[2026-03-09T00:21:46.907+0000] {logging_mixin.py:188} INFO - [2026-03-09T00:21:46.906+0000] {dag.py:3834} INFO - Setting next_dagrun for example_dag_decorator to None, run_after=None
[2026-03-09T00:21:47.254+0000] {processor.py:183} INFO - Processing /home/airflow/.local/lib/python3.8/site-packages/airflow/example_dags/example_dag_decorator.py took 1.308 seconds
[2026-03-09T00:22:17.604+0000] {processor.py:161} INFO - Started process (PID=2627) to work on /home/airflow/.local/lib/python3.8/site-packages/airflow/example_dags/example_dag_decorator.py
[2026-03-09T00:22:17.628+0000] {processor.py:830} INFO - Processing file /home/airflow/.local/lib/python3.8/site-packages/airflow/example_dags/example_dag_decorator.py for tasks to queue
[2026-03-09T00:22:17.650+0000] {logging_mixin.py:188} INFO - [2026-03-09T00:22:17.643+0000] {dagbag.py:540} INFO - Filling up the DagBag from /home/airflow/.local/lib/python3.8/site-packages/airflow/example_dags/example_dag_decorator.py
[2026-03-09T00:22:18.573+0000] {processor.py:840} INFO - DAG(s) 'example_dag_decorator' retrieved from /home/airflow/.local/lib/python3.8/site-packages/airflow/example_dags/example_dag_decorator.py
[2026-03-09T00:22:19.550+0000] {logging_mixin.py:188} INFO - [2026-03-09T00:22:19.549+0000] {dag.py:3047} INFO - Sync 1 DAGs
[2026-03-09T00:22:19.629+0000] {logging_mixin.py:188} INFO - [2026-03-09T00:22:19.626+0000] {dag.py:3834} INFO - Setting next_dagrun for example_dag_decorator to None, run_after=None
[2026-03-09T00:22:19.765+0000] {processor.py:183} INFO - Processing /home/airflow/.local/lib/python3.8/site-packages/airflow/example_dags/example_dag_decorator.py took 2.221 seconds
[2026-03-09T00:22:50.038+0000] {processor.py:161} INFO - Started process (PID=2684) to work on /home/airflow/.local/lib/python3.8/site-packages/airflow/example_dags/example_dag_decorator.py
[2026-03-09T00:22:50.042+0000] {processor.py:830} INFO - Processing file /home/airflow/.local/lib/python3.8/site-packages/airflow/example_dags/example_dag_decorator.py for tasks to queue
[2026-03-09T00:22:50.056+0000] {logging_mixin.py:188} INFO - [2026-03-09T00:22:50.055+0000] {dagbag.py:540} INFO - Filling up the DagBag from /home/airflow/.local/lib/python3.8/site-packages/airflow/example_dags/example_dag_decorator.py
[2026-03-09T00:22:50.511+0000] {processor.py:840} INFO - DAG(s) 'example_dag_decorator' retrieved from /home/airflow/.local/lib/python3.8/site-packages/airflow/example_dags/example_dag_decorator.py
[2026-03-09T00:22:51.451+0000] {logging_mixin.py:188} INFO - [2026-03-09T00:22:51.450+0000] {dag.py:3047} INFO - Sync 1 DAGs
[2026-03-09T00:22:51.483+0000] {logging_mixin.py:188} INFO - [2026-03-09T00:22:51.482+0000] {dag.py:3834} INFO - Setting next_dagrun for example_dag_decorator to None, run_after=None
[2026-03-09T00:22:51.547+0000] {processor.py:183} INFO - Processing /home/airflow/.local/lib/python3.8/site-packages/airflow/example_dags/example_dag_decorator.py took 1.522 seconds
[2026-03-09T00:23:21.793+0000] {processor.py:161} INFO - Started process (PID=2740) to work on /home/airflow/.local/lib/python3.8/site-packages/airflow/example_dags/example_dag_decorator.py
[2026-03-09T00:23:21.797+0000] {processor.py:830} INFO - Processing file /home/airflow/.local/lib/python3.8/site-packages/airflow/example_dags/example_dag_decorator.py for tasks to queue
[2026-03-09T00:23:21.806+0000] {logging_mixin.py:188} INFO - [2026-03-09T00:23:21.805+0000] {dagbag.py:540} INFO - Filling up the DagBag from /home/airflow/.local/lib/python3.8/site-packages/airflow/example_dags/example_dag_decorator.py
[2026-03-09T00:23:22.148+0000] {processor.py:840} INFO - DAG(s) 'example_dag_decorator' retrieved from /home/airflow/.local/lib/python3.8/site-packages/airflow/example_dags/example_dag_decorator.py
[2026-03-09T00:23:22.811+0000] {logging_mixin.py:188} INFO - [2026-03-09T00:23:22.810+0000] {dag.py:3047} INFO - Sync 1 DAGs
[2026-03-09T00:23:22.833+0000] {logging_mixin.py:188} INFO - [2026-03-09T00:23:22.832+0000] {dag.py:3834} INFO - Setting next_dagrun for example_dag_decorator to None, run_after=None
[2026-03-09T00:23:22.885+0000] {processor.py:183} INFO - Processing /home/airflow/.local/lib/python3.8/site-packages/airflow/example_dags/example_dag_decorator.py took 1.106 seconds
[2026-03-09T00:23:53.185+0000] {processor.py:161} INFO - Started process (PID=2799) to work on /home/airflow/.local/lib/python3.8/site-packages/airflow/example_dags/example_dag_decorator.py
[2026-03-09T00:23:53.189+0000] {processor.py:830} INFO - Processing file /home/airflow/.local/lib/python3.8/site-packages/airflow/example_dags/example_dag_decorator.py for tasks to queue
[2026-03-09T00:23:53.203+0000] {logging_mixin.py:188} INFO - [2026-03-09T00:23:53.202+0000] {dagbag.py:540} INFO - Filling up the DagBag from /home/airflow/.local/lib/python3.8/site-packages/airflow/example_dags/example_dag_decorator.py
[2026-03-09T00:23:53.506+0000] {processor.py:840} INFO - DAG(s) 'example_dag_decorator' retrieved from /home/airflow/.local/lib/python3.8/site-packages/airflow/example_dags/example_dag_decorator.py
[2026-03-09T00:23:53.752+0000] {logging_mixin.py:188} INFO - [2026-03-09T00:23:53.752+0000] {dag.py:3047} INFO - Sync 1 DAGs
[2026-03-09T00:23:54.017+0000] {logging_mixin.py:188} INFO - [2026-03-09T00:23:54.016+0000] {dag.py:3834} INFO - Setting next_dagrun for example_dag_decorator to None, run_after=None
[2026-03-09T00:23:54.063+0000] {processor.py:183} INFO - Processing /home/airflow/.local/lib/python3.8/site-packages/airflow/example_dags/example_dag_decorator.py took 0.897 seconds
[2026-03-09T00:24:24.866+0000] {processor.py:161} INFO - Started process (PID=2855) to work on /home/airflow/.local/lib/python3.8/site-packages/airflow/example_dags/example_dag_decorator.py
[2026-03-09T00:24:24.871+0000] {processor.py:830} INFO - Processing file /home/airflow/.local/lib/python3.8/site-packages/airflow/example_dags/example_dag_decorator.py for tasks to queue
[2026-03-09T00:24:24.881+0000] {logging_mixin.py:188} INFO - [2026-03-09T00:24:24.879+0000] {dagbag.py:540} INFO - Filling up the DagBag from /home/airflow/.local/lib/python3.8/site-packages/airflow/example_dags/example_dag_decorator.py
[2026-03-09T00:24:25.354+0000] {processor.py:840} INFO - DAG(s) 'example_dag_decorator' retrieved from /home/airflow/.local/lib/python3.8/site-packages/airflow/example_dags/example_dag_decorator.py
[2026-03-09T00:24:26.345+0000] {logging_mixin.py:188} INFO - [2026-03-09T00:24:26.345+0000] {dag.py:3047} INFO - Sync 1 DAGs
[2026-03-09T00:24:26.401+0000] {logging_mixin.py:188} INFO - [2026-03-09T00:24:26.400+0000] {dag.py:3834} INFO - Setting next_dagrun for example_dag_decorator to None, run_after=None
[2026-03-09T00:24:26.534+0000] {processor.py:183} INFO - Processing /home/airflow/.local/lib/python3.8/site-packages/airflow/example_dags/example_dag_decorator.py took 1.686 seconds
[2026-03-09T00:24:56.841+0000] {processor.py:161} INFO - Started process (PID=2913) to work on /home/airflow/.local/lib/python3.8/site-packages/airflow/example_dags/example_dag_decorator.py
[2026-03-09T00:24:56.846+0000] {processor.py:830} INFO - Processing file /home/airflow/.local/lib/python3.8/site-packages/airflow/example_dags/example_dag_decorator.py for tasks to queue
[2026-03-09T00:24:56.856+0000] {logging_mixin.py:188} INFO - [2026-03-09T00:24:56.855+0000] {dagbag.py:540} INFO - Filling up the DagBag from /home/airflow/.local/lib/python3.8/site-packages/airflow/example_dags/example_dag_decorator.py
[2026-03-09T00:24:57.168+0000] {processor.py:840} INFO - DAG(s) 'example_dag_decorator' retrieved from /home/airflow/.local/lib/python3.8/site-packages/airflow/example_dags/example_dag_decorator.py
[2026-03-09T00:24:57.746+0000] {logging_mixin.py:188} INFO - [2026-03-09T00:24:57.746+0000] {dag.py:3047} INFO - Sync 1 DAGs
[2026-03-09T00:24:57.775+0000] {logging_mixin.py:188} INFO - [2026-03-09T00:24:57.775+0000] {dag.py:3834} INFO - Setting next_dagrun for example_dag_decorator to None, run_after=None
[2026-03-09T00:24:57.828+0000] {processor.py:183} INFO - Processing /home/airflow/.local/lib/python3.8/site-packages/airflow/example_dags/example_dag_decorator.py took 1.004 seconds
[2026-03-09T00:25:30.390+0000] {processor.py:161} INFO - Started process (PID=2964) to work on /home/airflow/.local/lib/python3.8/site-packages/airflow/example_dags/example_dag_decorator.py
[2026-03-09T00:25:30.397+0000] {processor.py:830} INFO - Processing file /home/airflow/.local/lib/python3.8/site-packages/airflow/example_dags/example_dag_decorator.py for tasks to queue
[2026-03-09T00:25:30.405+0000] {logging_mixin.py:188} INFO - [2026-03-09T00:25:30.404+0000] {dagbag.py:540} INFO - Filling up the DagBag from /home/airflow/.local/lib/python3.8/site-packages/airflow/example_dags/example_dag_decorator.py
[2026-03-09T00:25:30.936+0000] {processor.py:840} INFO - DAG(s) 'example_dag_decorator' retrieved from /home/airflow/.local/lib/python3.8/site-packages/airflow/example_dags/example_dag_decorator.py
[2026-03-09T00:25:32.424+0000] {logging_mixin.py:188} INFO - [2026-03-09T00:25:32.423+0000] {dag.py:3047} INFO - Sync 1 DAGs
[2026-03-09T00:25:32.544+0000] {logging_mixin.py:188} INFO - [2026-03-09T00:25:32.531+0000] {dag.py:3834} INFO - Setting next_dagrun for example_dag_decorator to None, run_after=None
[2026-03-09T00:25:32.750+0000] {processor.py:183} INFO - Processing /home/airflow/.local/lib/python3.8/site-packages/airflow/example_dags/example_dag_decorator.py took 2.377 seconds
[2026-03-09T00:26:04.179+0000] {processor.py:161} INFO - Started process (PID=3021) to work on /home/airflow/.local/lib/python3.8/site-packages/airflow/example_dags/example_dag_decorator.py
[2026-03-09T00:26:04.185+0000] {processor.py:830} INFO - Processing file /home/airflow/.local/lib/python3.8/site-packages/airflow/example_dags/example_dag_decorator.py for tasks to queue
[2026-03-09T00:26:04.192+0000] {logging_mixin.py:188} INFO - [2026-03-09T00:26:04.190+0000] {dagbag.py:540} INFO - Filling up the DagBag from /home/airflow/.local/lib/python3.8/site-packages/airflow/example_dags/example_dag_decorator.py
[2026-03-09T00:26:04.848+0000] {processor.py:840} INFO - DAG(s) 'example_dag_decorator' retrieved from /home/airflow/.local/lib/python3.8/site-packages/airflow/example_dags/example_dag_decorator.py
[2026-03-09T00:26:05.803+0000] {logging_mixin.py:188} INFO - [2026-03-09T00:26:05.802+0000] {dag.py:3047} INFO - Sync 1 DAGs
[2026-03-09T00:26:05.837+0000] {logging_mixin.py:188} INFO - [2026-03-09T00:26:05.836+0000] {dag.py:3834} INFO - Setting next_dagrun for example_dag_decorator to None, run_after=None
[2026-03-09T00:26:05.891+0000] {processor.py:183} INFO - Processing /home/airflow/.local/lib/python3.8/site-packages/airflow/example_dags/example_dag_decorator.py took 1.727 seconds
[2026-03-09T00:26:36.139+0000] {processor.py:161} INFO - Started process (PID=3078) to work on /home/airflow/.local/lib/python3.8/site-packages/airflow/example_dags/example_dag_decorator.py
[2026-03-09T00:26:36.143+0000] {processor.py:830} INFO - Processing file /home/airflow/.local/lib/python3.8/site-packages/airflow/example_dags/example_dag_decorator.py for tasks to queue
[2026-03-09T00:26:36.156+0000] {logging_mixin.py:188} INFO - [2026-03-09T00:26:36.155+0000] {dagbag.py:540} INFO - Filling up the DagBag from /home/airflow/.local/lib/python3.8/site-packages/airflow/example_dags/example_dag_decorator.py
[2026-03-09T00:26:36.527+0000] {processor.py:840} INFO - DAG(s) 'example_dag_decorator' retrieved from /home/airflow/.local/lib/python3.8/site-packages/airflow/example_dags/example_dag_decorator.py
[2026-03-09T00:26:37.133+0000] {logging_mixin.py:188} INFO - [2026-03-09T00:26:37.132+0000] {dag.py:3047} INFO - Sync 1 DAGs
[2026-03-09T00:26:37.168+0000] {logging_mixin.py:188} INFO - [2026-03-09T00:26:37.167+0000] {dag.py:3834} INFO - Setting next_dagrun for example_dag_decorator to None, run_after=None
[2026-03-09T00:26:37.245+0000] {processor.py:183} INFO - Processing /home/airflow/.local/lib/python3.8/site-packages/airflow/example_dags/example_dag_decorator.py took 1.128 seconds
[2026-03-09T00:27:07.554+0000] {processor.py:161} INFO - Started process (PID=3135) to work on /home/airflow/.local/lib/python3.8/site-packages/airflow/example_dags/example_dag_decorator.py
[2026-03-09T00:27:07.558+0000] {processor.py:830} INFO - Processing file /home/airflow/.local/lib/python3.8/site-packages/airflow/example_dags/example_dag_decorator.py for tasks to queue
[2026-03-09T00:27:07.564+0000] {logging_mixin.py:188} INFO - [2026-03-09T00:27:07.563+0000] {dagbag.py:540} INFO - Filling up the DagBag from /home/airflow/.local/lib/python3.8/site-packages/airflow/example_dags/example_dag_decorator.py
[2026-03-09T00:27:07.838+0000] {processor.py:840} INFO - DAG(s) 'example_dag_decorator' retrieved from /home/airflow/.local/lib/python3.8/site-packages/airflow/example_dags/example_dag_decorator.py
[2026-03-09T00:27:08.555+0000] {logging_mixin.py:188} INFO - [2026-03-09T00:27:08.553+0000] {dag.py:3047} INFO - Sync 1 DAGs
[2026-03-09T00:27:08.652+0000] {logging_mixin.py:188} INFO - [2026-03-09T00:27:08.652+0000] {dag.py:3834} INFO - Setting next_dagrun for example_dag_decorator to None, run_after=None
[2026-03-09T00:27:08.781+0000] {processor.py:183} INFO - Processing /home/airflow/.local/lib/python3.8/site-packages/airflow/example_dags/example_dag_decorator.py took 1.241 seconds
[2026-03-09T00:27:39.074+0000] {processor.py:161} INFO - Started process (PID=3192) to work on /home/airflow/.local/lib/python3.8/site-packages/airflow/example_dags/example_dag_decorator.py
[2026-03-09T00:27:39.078+0000] {processor.py:830} INFO - Processing file /home/airflow/.local/lib/python3.8/site-packages/airflow/example_dags/example_dag_decorator.py for tasks to queue
[2026-03-09T00:27:39.083+0000] {logging_mixin.py:188} INFO - [2026-03-09T00:27:39.082+0000] {dagbag.py:540} INFO - Filling up the DagBag from /home/airflow/.local/lib/python3.8/site-packages/airflow/example_dags/example_dag_decorator.py
[2026-03-09T00:27:39.293+0000] {processor.py:840} INFO - DAG(s) 'example_dag_decorator' retrieved from /home/airflow/.local/lib/python3.8/site-packages/airflow/example_dags/example_dag_decorator.py
[2026-03-09T00:27:39.755+0000] {logging_mixin.py:188} INFO - [2026-03-09T00:27:39.755+0000] {dag.py:3047} INFO - Sync 1 DAGs
[2026-03-09T00:27:39.778+0000] {logging_mixin.py:188} INFO - [2026-03-09T00:27:39.777+0000] {dag.py:3834} INFO - Setting next_dagrun for example_dag_decorator to None, run_after=None
[2026-03-09T00:27:39.843+0000] {processor.py:183} INFO - Processing /home/airflow/.local/lib/python3.8/site-packages/airflow/example_dags/example_dag_decorator.py took 0.780 seconds
[2026-03-09T00:28:10.857+0000] {processor.py:161} INFO - Started process (PID=3249) to work on /home/airflow/.local/lib/python3.8/site-packages/airflow/example_dags/example_dag_decorator.py
[2026-03-09T00:28:10.861+0000] {processor.py:830} INFO - Processing file /home/airflow/.local/lib/python3.8/site-packages/airflow/example_dags/example_dag_decorator.py for tasks to queue
[2026-03-09T00:28:10.871+0000] {logging_mixin.py:188} INFO - [2026-03-09T00:28:10.870+0000] {dagbag.py:540} INFO - Filling up the DagBag from /home/airflow/.local/lib/python3.8/site-packages/airflow/example_dags/example_dag_decorator.py
[2026-03-09T00:28:11.309+0000] {processor.py:840} INFO - DAG(s) 'example_dag_decorator' retrieved from /home/airflow/.local/lib/python3.8/site-packages/airflow/example_dags/example_dag_decorator.py
[2026-03-09T00:28:11.994+0000] {logging_mixin.py:188} INFO - [2026-03-09T00:28:11.993+0000] {dag.py:3047} INFO - Sync 1 DAGs
[2026-03-09T00:28:12.037+0000] {logging_mixin.py:188} INFO - [2026-03-09T00:28:12.036+0000] {dag.py:3834} INFO - Setting next_dagrun for example_dag_decorator to None, run_after=None
[2026-03-09T00:28:12.565+0000] {processor.py:183} INFO - Processing /home/airflow/.local/lib/python3.8/site-packages/airflow/example_dags/example_dag_decorator.py took 1.310 seconds
[2026-03-09T00:28:42.767+0000] {processor.py:161} INFO - Started process (PID=3305) to work on /home/airflow/.local/lib/python3.8/site-packages/airflow/example_dags/example_dag_decorator.py
[2026-03-09T00:28:42.771+0000] {processor.py:830} INFO - Processing file /home/airflow/.local/lib/python3.8/site-packages/airflow/example_dags/example_dag_decorator.py for tasks to queue
[2026-03-09T00:28:42.776+0000] {logging_mixin.py:188} INFO - [2026-03-09T00:28:42.775+0000] {dagbag.py:540} INFO - Filling up the DagBag from /home/airflow/.local/lib/python3.8/site-packages/airflow/example_dags/example_dag_decorator.py
[2026-03-09T00:28:42.975+0000] {processor.py:840} INFO - DAG(s) 'example_dag_decorator' retrieved from /home/airflow/.local/lib/python3.8/site-packages/airflow/example_dags/example_dag_decorator.py
[2026-03-09T00:28:44.569+0000] {logging_mixin.py:188} INFO - [2026-03-09T00:28:44.568+0000] {dag.py:3047} INFO - Sync 1 DAGs
[2026-03-09T00:28:44.603+0000] {logging_mixin.py:188} INFO - [2026-03-09T00:28:44.602+0000] {dag.py:3834} INFO - Setting next_dagrun for example_dag_decorator to None, run_after=None
[2026-03-09T00:28:44.677+0000] {processor.py:183} INFO - Processing /home/airflow/.local/lib/python3.8/site-packages/airflow/example_dags/example_dag_decorator.py took 0.820 seconds
[2026-03-09T00:29:16.342+0000] {processor.py:161} INFO - Started process (PID=3361) to work on /home/airflow/.local/lib/python3.8/site-packages/airflow/example_dags/example_dag_decorator.py
[2026-03-09T00:29:16.348+0000] {processor.py:830} INFO - Processing file /home/airflow/.local/lib/python3.8/site-packages/airflow/example_dags/example_dag_decorator.py for tasks to queue
[2026-03-09T00:29:16.358+0000] {logging_mixin.py:188} INFO - [2026-03-09T00:29:16.356+0000] {dagbag.py:540} INFO - Filling up the DagBag from /home/airflow/.local/lib/python3.8/site-packages/airflow/example_dags/example_dag_decorator.py
[2026-03-09T00:29:17.038+0000] {processor.py:840} INFO - DAG(s) 'example_dag_decorator' retrieved from /home/airflow/.local/lib/python3.8/site-packages/airflow/example_dags/example_dag_decorator.py
[2026-03-09T00:29:18.215+0000] {logging_mixin.py:188} INFO - [2026-03-09T00:29:18.214+0000] {dag.py:3047} INFO - Sync 1 DAGs
[2026-03-09T00:29:18.253+0000] {logging_mixin.py:188} INFO - [2026-03-09T00:29:18.252+0000] {dag.py:3834} INFO - Setting next_dagrun for example_dag_decorator to None, run_after=None
[2026-03-09T00:29:18.370+0000] {processor.py:183} INFO - Processing /home/airflow/.local/lib/python3.8/site-packages/airflow/example_dags/example_dag_decorator.py took 2.040 seconds
[2026-03-09T00:29:48.721+0000] {processor.py:161} INFO - Started process (PID=3420) to work on /home/airflow/.local/lib/python3.8/site-packages/airflow/example_dags/example_dag_decorator.py
[2026-03-09T00:29:48.725+0000] {processor.py:830} INFO - Processing file /home/airflow/.local/lib/python3.8/site-packages/airflow/example_dags/example_dag_decorator.py for tasks to queue
[2026-03-09T00:29:48.731+0000] {logging_mixin.py:188} INFO - [2026-03-09T00:29:48.730+0000] {dagbag.py:540} INFO - Filling up the DagBag from /home/airflow/.local/lib/python3.8/site-packages/airflow/example_dags/example_dag_decorator.py
[2026-03-09T00:29:49.384+0000] {processor.py:840} INFO - DAG(s) 'example_dag_decorator' retrieved from /home/airflow/.local/lib/python3.8/site-packages/airflow/example_dags/example_dag_decorator.py
[2026-03-09T00:29:49.849+0000] {logging_mixin.py:188} INFO - [2026-03-09T00:29:49.848+0000] {dag.py:3047} INFO - Sync 1 DAGs
[2026-03-09T00:29:49.893+0000] {logging_mixin.py:188} INFO - [2026-03-09T00:29:49.892+0000] {dag.py:3834} INFO - Setting next_dagrun for example_dag_decorator to None, run_after=None
[2026-03-09T00:29:49.969+0000] {processor.py:183} INFO - Processing /home/airflow/.local/lib/python3.8/site-packages/airflow/example_dags/example_dag_decorator.py took 1.259 seconds
[2026-03-09T00:30:20.125+0000] {processor.py:161} INFO - Started process (PID=3477) to work on /home/airflow/.local/lib/python3.8/site-packages/airflow/example_dags/example_dag_decorator.py
[2026-03-09T00:30:20.128+0000] {processor.py:830} INFO - Processing file /home/airflow/.local/lib/python3.8/site-packages/airflow/example_dags/example_dag_decorator.py for tasks to queue
[2026-03-09T00:30:20.135+0000] {logging_mixin.py:188} INFO - [2026-03-09T00:30:20.134+0000] {dagbag.py:540} INFO - Filling up the DagBag from /home/airflow/.local/lib/python3.8/site-packages/airflow/example_dags/example_dag_decorator.py
[2026-03-09T00:30:20.762+0000] {processor.py:840} INFO - DAG(s) 'example_dag_decorator' retrieved from /home/airflow/.local/lib/python3.8/site-packages/airflow/example_dags/example_dag_decorator.py
[2026-03-09T00:30:21.226+0000] {logging_mixin.py:188} INFO - [2026-03-09T00:30:21.225+0000] {dag.py:3047} INFO - Sync 1 DAGs
[2026-03-09T00:30:21.255+0000] {logging_mixin.py:188} INFO - [2026-03-09T00:30:21.255+0000] {dag.py:3834} INFO - Setting next_dagrun for example_dag_decorator to None, run_after=None
[2026-03-09T00:30:21.302+0000] {processor.py:183} INFO - Processing /home/airflow/.local/lib/python3.8/site-packages/airflow/example_dags/example_dag_decorator.py took 1.190 seconds
[2026-03-09T00:30:51.555+0000] {processor.py:161} INFO - Started process (PID=3535) to work on /home/airflow/.local/lib/python3.8/site-packages/airflow/example_dags/example_dag_decorator.py
[2026-03-09T00:30:51.558+0000] {processor.py:830} INFO - Processing file /home/airflow/.local/lib/python3.8/site-packages/airflow/example_dags/example_dag_decorator.py for tasks to queue
[2026-03-09T00:30:51.564+0000] {logging_mixin.py:188} INFO - [2026-03-09T00:30:51.563+0000] {dagbag.py:540} INFO - Filling up the DagBag from /home/airflow/.local/lib/python3.8/site-packages/airflow/example_dags/example_dag_decorator.py
[2026-03-09T00:30:51.897+0000] {processor.py:840} INFO - DAG(s) 'example_dag_decorator' retrieved from /home/airflow/.local/lib/python3.8/site-packages/airflow/example_dags/example_dag_decorator.py
[2026-03-09T00:30:52.595+0000] {logging_mixin.py:188} INFO - [2026-03-09T00:30:52.594+0000] {dag.py:3047} INFO - Sync 1 DAGs
[2026-03-09T00:30:52.635+0000] {logging_mixin.py:188} INFO - [2026-03-09T00:30:52.634+0000] {dag.py:3834} INFO - Setting next_dagrun for example_dag_decorator to None, run_after=None
[2026-03-09T00:30:52.705+0000] {processor.py:183} INFO - Processing /home/airflow/.local/lib/python3.8/site-packages/airflow/example_dags/example_dag_decorator.py took 1.161 seconds
[2026-03-09T00:31:23.146+0000] {processor.py:161} INFO - Started process (PID=3593) to work on /home/airflow/.local/lib/python3.8/site-packages/airflow/example_dags/example_dag_decorator.py
[2026-03-09T00:31:23.149+0000] {processor.py:830} INFO - Processing file /home/airflow/.local/lib/python3.8/site-packages/airflow/example_dags/example_dag_decorator.py for tasks to queue
[2026-03-09T00:31:23.156+0000] {logging_mixin.py:188} INFO - [2026-03-09T00:31:23.155+0000] {dagbag.py:540} INFO - Filling up the DagBag from /home/airflow/.local/lib/python3.8/site-packages/airflow/example_dags/example_dag_decorator.py
[2026-03-09T00:31:23.468+0000] {processor.py:840} INFO - DAG(s) 'example_dag_decorator' retrieved from /home/airflow/.local/lib/python3.8/site-packages/airflow/example_dags/example_dag_decorator.py
[2026-03-09T00:31:24.175+0000] {logging_mixin.py:188} INFO - [2026-03-09T00:31:24.175+0000] {dag.py:3047} INFO - Sync 1 DAGs
[2026-03-09T00:31:24.205+0000] {logging_mixin.py:188} INFO - [2026-03-09T00:31:24.205+0000] {dag.py:3834} INFO - Setting next_dagrun for example_dag_decorator to None, run_after=None
[2026-03-09T00:31:24.259+0000] {processor.py:183} INFO - Processing /home/airflow/.local/lib/python3.8/site-packages/airflow/example_dags/example_dag_decorator.py took 1.126 seconds
[2026-03-09T00:31:54.404+0000] {processor.py:161} INFO - Started process (PID=3648) to work on /home/airflow/.local/lib/python3.8/site-packages/airflow/example_dags/example_dag_decorator.py
[2026-03-09T00:31:54.407+0000] {processor.py:830} INFO - Processing file /home/airflow/.local/lib/python3.8/site-packages/airflow/example_dags/example_dag_decorator.py for tasks to queue
[2026-03-09T00:31:54.413+0000] {logging_mixin.py:188} INFO - [2026-03-09T00:31:54.412+0000] {dagbag.py:540} INFO - Filling up the DagBag from /home/airflow/.local/lib/python3.8/site-packages/airflow/example_dags/example_dag_decorator.py
[2026-03-09T00:31:55.189+0000] {processor.py:840} INFO - DAG(s) 'example_dag_decorator' retrieved from /home/airflow/.local/lib/python3.8/site-packages/airflow/example_dags/example_dag_decorator.py
[2026-03-09T00:31:55.459+0000] {logging_mixin.py:188} INFO - [2026-03-09T00:31:55.458+0000] {dag.py:3047} INFO - Sync 1 DAGs
[2026-03-09T00:31:55.495+0000] {logging_mixin.py:188} INFO - [2026-03-09T00:31:55.494+0000] {dag.py:3834} INFO - Setting next_dagrun for example_dag_decorator to None, run_after=None
[2026-03-09T00:31:55.578+0000] {processor.py:183} INFO - Processing /home/airflow/.local/lib/python3.8/site-packages/airflow/example_dags/example_dag_decorator.py took 1.184 seconds
[2026-03-09T00:32:25.973+0000] {processor.py:161} INFO - Started process (PID=3704) to work on /home/airflow/.local/lib/python3.8/site-packages/airflow/example_dags/example_dag_decorator.py
[2026-03-09T00:32:25.976+0000] {processor.py:830} INFO - Processing file /home/airflow/.local/lib/python3.8/site-packages/airflow/example_dags/example_dag_decorator.py for tasks to queue
[2026-03-09T00:32:25.985+0000] {logging_mixin.py:188} INFO - [2026-03-09T00:32:25.983+0000] {dagbag.py:540} INFO - Filling up the DagBag from /home/airflow/.local/lib/python3.8/site-packages/airflow/example_dags/example_dag_decorator.py
[2026-03-09T00:32:26.647+0000] {processor.py:840} INFO - DAG(s) 'example_dag_decorator' retrieved from /home/airflow/.local/lib/python3.8/site-packages/airflow/example_dags/example_dag_decorator.py
[2026-03-09T00:32:27.173+0000] {logging_mixin.py:188} INFO - [2026-03-09T00:32:27.172+0000] {dag.py:3047} INFO - Sync 1 DAGs
[2026-03-09T00:32:27.208+0000] {logging_mixin.py:188} INFO - [2026-03-09T00:32:27.207+0000] {dag.py:3834} INFO - Setting next_dagrun for example_dag_decorator to None, run_after=None
[2026-03-09T00:32:27.284+0000] {processor.py:183} INFO - Processing /home/airflow/.local/lib/python3.8/site-packages/airflow/example_dags/example_dag_decorator.py took 1.334 seconds
[2026-03-09T00:32:57.469+0000] {processor.py:161} INFO - Started process (PID=3762) to work on /home/airflow/.local/lib/python3.8/site-packages/airflow/example_dags/example_dag_decorator.py
[2026-03-09T00:32:57.474+0000] {processor.py:830} INFO - Processing file /home/airflow/.local/lib/python3.8/site-packages/airflow/example_dags/example_dag_decorator.py for tasks to queue
[2026-03-09T00:32:57.481+0000] {logging_mixin.py:188} INFO - [2026-03-09T00:32:57.480+0000] {dagbag.py:540} INFO - Filling up the DagBag from /home/airflow/.local/lib/python3.8/site-packages/airflow/example_dags/example_dag_decorator.py
[2026-03-09T00:32:57.770+0000] {processor.py:840} INFO - DAG(s) 'example_dag_decorator' retrieved from /home/airflow/.local/lib/python3.8/site-packages/airflow/example_dags/example_dag_decorator.py
[2026-03-09T00:32:58.224+0000] {logging_mixin.py:188} INFO - [2026-03-09T00:32:58.224+0000] {dag.py:3047} INFO - Sync 1 DAGs
[2026-03-09T00:32:58.240+0000] {logging_mixin.py:188} INFO - [2026-03-09T00:32:58.239+0000] {dag.py:3834} INFO - Setting next_dagrun for example_dag_decorator to None, run_after=None
[2026-03-09T00:32:58.273+0000] {processor.py:183} INFO - Processing /home/airflow/.local/lib/python3.8/site-packages/airflow/example_dags/example_dag_decorator.py took 0.821 seconds
[2026-03-09T00:33:29.845+0000] {processor.py:161} INFO - Started process (PID=3818) to work on /home/airflow/.local/lib/python3.8/site-packages/airflow/example_dags/example_dag_decorator.py
[2026-03-09T00:33:29.849+0000] {processor.py:830} INFO - Processing file /home/airflow/.local/lib/python3.8/site-packages/airflow/example_dags/example_dag_decorator.py for tasks to queue
[2026-03-09T00:33:29.861+0000] {logging_mixin.py:188} INFO - [2026-03-09T00:33:29.859+0000] {dagbag.py:540} INFO - Filling up the DagBag from /home/airflow/.local/lib/python3.8/site-packages/airflow/example_dags/example_dag_decorator.py
[2026-03-09T00:33:30.661+0000] {processor.py:840} INFO - DAG(s) 'example_dag_decorator' retrieved from /home/airflow/.local/lib/python3.8/site-packages/airflow/example_dags/example_dag_decorator.py
[2026-03-09T00:33:31.023+0000] {logging_mixin.py:188} INFO - [2026-03-09T00:33:31.023+0000] {dag.py:3047} INFO - Sync 1 DAGs
[2026-03-09T00:33:31.054+0000] {logging_mixin.py:188} INFO - [2026-03-09T00:33:31.054+0000] {dag.py:3834} INFO - Setting next_dagrun for example_dag_decorator to None, run_after=None
[2026-03-09T00:33:31.105+0000] {processor.py:183} INFO - Processing /home/airflow/.local/lib/python3.8/site-packages/airflow/example_dags/example_dag_decorator.py took 1.279 seconds
[2026-03-09T00:34:02.030+0000] {processor.py:161} INFO - Started process (PID=3874) to work on /home/airflow/.local/lib/python3.8/site-packages/airflow/example_dags/example_dag_decorator.py
[2026-03-09T00:34:02.050+0000] {processor.py:830} INFO - Processing file /home/airflow/.local/lib/python3.8/site-packages/airflow/example_dags/example_dag_decorator.py for tasks to queue
[2026-03-09T00:34:02.066+0000] {logging_mixin.py:188} INFO - [2026-03-09T00:34:02.064+0000] {dagbag.py:540} INFO - Filling up the DagBag from /home/airflow/.local/lib/python3.8/site-packages/airflow/example_dags/example_dag_decorator.py
[2026-03-09T00:34:03.829+0000] {processor.py:840} INFO - DAG(s) 'example_dag_decorator' retrieved from /home/airflow/.local/lib/python3.8/site-packages/airflow/example_dags/example_dag_decorator.py
[2026-03-09T00:34:04.615+0000] {logging_mixin.py:188} INFO - [2026-03-09T00:34:04.614+0000] {dag.py:3047} INFO - Sync 1 DAGs
[2026-03-09T00:34:04.667+0000] {logging_mixin.py:188} INFO - [2026-03-09T00:34:04.666+0000] {dag.py:3834} INFO - Setting next_dagrun for example_dag_decorator to None, run_after=None
[2026-03-09T00:34:04.769+0000] {processor.py:183} INFO - Processing /home/airflow/.local/lib/python3.8/site-packages/airflow/example_dags/example_dag_decorator.py took 2.772 seconds
[2026-03-09T00:34:35.362+0000] {processor.py:161} INFO - Started process (PID=3930) to work on /home/airflow/.local/lib/python3.8/site-packages/airflow/example_dags/example_dag_decorator.py
[2026-03-09T00:34:35.375+0000] {processor.py:830} INFO - Processing file /home/airflow/.local/lib/python3.8/site-packages/airflow/example_dags/example_dag_decorator.py for tasks to queue
[2026-03-09T00:34:35.384+0000] {logging_mixin.py:188} INFO - [2026-03-09T00:34:35.383+0000] {dagbag.py:540} INFO - Filling up the DagBag from /home/airflow/.local/lib/python3.8/site-packages/airflow/example_dags/example_dag_decorator.py
[2026-03-09T00:34:36.671+0000] {processor.py:840} INFO - DAG(s) 'example_dag_decorator' retrieved from /home/airflow/.local/lib/python3.8/site-packages/airflow/example_dags/example_dag_decorator.py
[2026-03-09T00:34:37.229+0000] {logging_mixin.py:188} INFO - [2026-03-09T00:34:37.227+0000] {dag.py:3047} INFO - Sync 1 DAGs
[2026-03-09T00:34:37.289+0000] {logging_mixin.py:188} INFO - [2026-03-09T00:34:37.288+0000] {dag.py:3834} INFO - Setting next_dagrun for example_dag_decorator to None, run_after=None
[2026-03-09T00:34:37.410+0000] {processor.py:183} INFO - Processing /home/airflow/.local/lib/python3.8/site-packages/airflow/example_dags/example_dag_decorator.py took 2.065 seconds
[2026-03-09T00:35:07.722+0000] {processor.py:161} INFO - Started process (PID=3987) to work on /home/airflow/.local/lib/python3.8/site-packages/airflow/example_dags/example_dag_decorator.py
[2026-03-09T00:35:07.727+0000] {processor.py:830} INFO - Processing file /home/airflow/.local/lib/python3.8/site-packages/airflow/example_dags/example_dag_decorator.py for tasks to queue
[2026-03-09T00:35:07.745+0000] {logging_mixin.py:188} INFO - [2026-03-09T00:35:07.744+0000] {dagbag.py:540} INFO - Filling up the DagBag from /home/airflow/.local/lib/python3.8/site-packages/airflow/example_dags/example_dag_decorator.py
[2026-03-09T00:35:08.466+0000] {processor.py:840} INFO - DAG(s) 'example_dag_decorator' retrieved from /home/airflow/.local/lib/python3.8/site-packages/airflow/example_dags/example_dag_decorator.py
[2026-03-09T00:35:09.004+0000] {logging_mixin.py:188} INFO - [2026-03-09T00:35:09.004+0000] {dag.py:3047} INFO - Sync 1 DAGs
[2026-03-09T00:35:09.089+0000] {logging_mixin.py:188} INFO - [2026-03-09T00:35:09.088+0000] {dag.py:3834} INFO - Setting next_dagrun for example_dag_decorator to None, run_after=None
[2026-03-09T00:35:09.210+0000] {processor.py:183} INFO - Processing /home/airflow/.local/lib/python3.8/site-packages/airflow/example_dags/example_dag_decorator.py took 1.506 seconds
[2026-03-09T00:35:39.514+0000] {processor.py:161} INFO - Started process (PID=4044) to work on /home/airflow/.local/lib/python3.8/site-packages/airflow/example_dags/example_dag_decorator.py
[2026-03-09T00:35:39.518+0000] {processor.py:830} INFO - Processing file /home/airflow/.local/lib/python3.8/site-packages/airflow/example_dags/example_dag_decorator.py for tasks to queue
[2026-03-09T00:35:39.523+0000] {logging_mixin.py:188} INFO - [2026-03-09T00:35:39.523+0000] {dagbag.py:540} INFO - Filling up the DagBag from /home/airflow/.local/lib/python3.8/site-packages/airflow/example_dags/example_dag_decorator.py
[2026-03-09T00:35:39.778+0000] {processor.py:840} INFO - DAG(s) 'example_dag_decorator' retrieved from /home/airflow/.local/lib/python3.8/site-packages/airflow/example_dags/example_dag_decorator.py
[2026-03-09T00:35:39.864+0000] {logging_mixin.py:188} INFO - [2026-03-09T00:35:39.863+0000] {dag.py:3047} INFO - Sync 1 DAGs
[2026-03-09T00:35:39.902+0000] {logging_mixin.py:188} INFO - [2026-03-09T00:35:39.899+0000] {dag.py:3834} INFO - Setting next_dagrun for example_dag_decorator to None, run_after=None
[2026-03-09T00:35:39.965+0000] {processor.py:183} INFO - Processing /home/airflow/.local/lib/python3.8/site-packages/airflow/example_dags/example_dag_decorator.py took 0.463 seconds
[2026-03-09T00:36:10.097+0000] {processor.py:161} INFO - Started process (PID=4100) to work on /home/airflow/.local/lib/python3.8/site-packages/airflow/example_dags/example_dag_decorator.py
[2026-03-09T00:36:10.102+0000] {processor.py:830} INFO - Processing file /home/airflow/.local/lib/python3.8/site-packages/airflow/example_dags/example_dag_decorator.py for tasks to queue
[2026-03-09T00:36:10.109+0000] {logging_mixin.py:188} INFO - [2026-03-09T00:36:10.108+0000] {dagbag.py:540} INFO - Filling up the DagBag from /home/airflow/.local/lib/python3.8/site-packages/airflow/example_dags/example_dag_decorator.py
[2026-03-09T00:36:10.307+0000] {processor.py:840} INFO - DAG(s) 'example_dag_decorator' retrieved from /home/airflow/.local/lib/python3.8/site-packages/airflow/example_dags/example_dag_decorator.py
[2026-03-09T00:36:10.400+0000] {logging_mixin.py:188} INFO - [2026-03-09T00:36:10.399+0000] {dag.py:3047} INFO - Sync 1 DAGs
[2026-03-09T00:36:10.439+0000] {logging_mixin.py:188} INFO - [2026-03-09T00:36:10.438+0000] {dag.py:3834} INFO - Setting next_dagrun for example_dag_decorator to None, run_after=None
[2026-03-09T00:36:10.487+0000] {processor.py:183} INFO - Processing /home/airflow/.local/lib/python3.8/site-packages/airflow/example_dags/example_dag_decorator.py took 0.406 seconds
[2026-03-09T00:36:40.879+0000] {processor.py:161} INFO - Started process (PID=4156) to work on /home/airflow/.local/lib/python3.8/site-packages/airflow/example_dags/example_dag_decorator.py
[2026-03-09T00:36:40.884+0000] {processor.py:830} INFO - Processing file /home/airflow/.local/lib/python3.8/site-packages/airflow/example_dags/example_dag_decorator.py for tasks to queue
[2026-03-09T00:36:40.891+0000] {logging_mixin.py:188} INFO - [2026-03-09T00:36:40.890+0000] {dagbag.py:540} INFO - Filling up the DagBag from /home/airflow/.local/lib/python3.8/site-packages/airflow/example_dags/example_dag_decorator.py
[2026-03-09T00:36:41.217+0000] {processor.py:840} INFO - DAG(s) 'example_dag_decorator' retrieved from /home/airflow/.local/lib/python3.8/site-packages/airflow/example_dags/example_dag_decorator.py
[2026-03-09T00:36:41.593+0000] {logging_mixin.py:188} INFO - [2026-03-09T00:36:41.592+0000] {dag.py:3047} INFO - Sync 1 DAGs
[2026-03-09T00:36:41.622+0000] {logging_mixin.py:188} INFO - [2026-03-09T00:36:41.622+0000] {dag.py:3834} INFO - Setting next_dagrun for example_dag_decorator to None, run_after=None
[2026-03-09T00:36:41.673+0000] {processor.py:183} INFO - Processing /home/airflow/.local/lib/python3.8/site-packages/airflow/example_dags/example_dag_decorator.py took 0.809 seconds
[2026-03-09T00:37:12.100+0000] {processor.py:161} INFO - Started process (PID=4212) to work on /home/airflow/.local/lib/python3.8/site-packages/airflow/example_dags/example_dag_decorator.py
[2026-03-09T00:37:12.105+0000] {processor.py:830} INFO - Processing file /home/airflow/.local/lib/python3.8/site-packages/airflow/example_dags/example_dag_decorator.py for tasks to queue
[2026-03-09T00:37:12.113+0000] {logging_mixin.py:188} INFO - [2026-03-09T00:37:12.112+0000] {dagbag.py:540} INFO - Filling up the DagBag from /home/airflow/.local/lib/python3.8/site-packages/airflow/example_dags/example_dag_decorator.py
[2026-03-09T00:37:12.490+0000] {processor.py:840} INFO - DAG(s) 'example_dag_decorator' retrieved from /home/airflow/.local/lib/python3.8/site-packages/airflow/example_dags/example_dag_decorator.py
[2026-03-09T00:37:12.861+0000] {logging_mixin.py:188} INFO - [2026-03-09T00:37:12.860+0000] {dag.py:3047} INFO - Sync 1 DAGs
[2026-03-09T00:37:12.931+0000] {logging_mixin.py:188} INFO - [2026-03-09T00:37:12.930+0000] {dag.py:3834} INFO - Setting next_dagrun for example_dag_decorator to None, run_after=None
[2026-03-09T00:37:13.003+0000] {processor.py:183} INFO - Processing /home/airflow/.local/lib/python3.8/site-packages/airflow/example_dags/example_dag_decorator.py took 0.919 seconds
[2026-03-09T00:37:43.135+0000] {processor.py:161} INFO - Started process (PID=4268) to work on /home/airflow/.local/lib/python3.8/site-packages/airflow/example_dags/example_dag_decorator.py
[2026-03-09T00:37:43.140+0000] {processor.py:830} INFO - Processing file /home/airflow/.local/lib/python3.8/site-packages/airflow/example_dags/example_dag_decorator.py for tasks to queue
[2026-03-09T00:37:43.146+0000] {logging_mixin.py:188} INFO - [2026-03-09T00:37:43.145+0000] {dagbag.py:540} INFO - Filling up the DagBag from /home/airflow/.local/lib/python3.8/site-packages/airflow/example_dags/example_dag_decorator.py
[2026-03-09T00:37:43.673+0000] {processor.py:840} INFO - DAG(s) 'example_dag_decorator' retrieved from /home/airflow/.local/lib/python3.8/site-packages/airflow/example_dags/example_dag_decorator.py
[2026-03-09T00:37:44.059+0000] {logging_mixin.py:188} INFO - [2026-03-09T00:37:44.059+0000] {dag.py:3047} INFO - Sync 1 DAGs
[2026-03-09T00:37:44.107+0000] {logging_mixin.py:188} INFO - [2026-03-09T00:37:44.106+0000] {dag.py:3834} INFO - Setting next_dagrun for example_dag_decorator to None, run_after=None
[2026-03-09T00:37:44.168+0000] {processor.py:183} INFO - Processing /home/airflow/.local/lib/python3.8/site-packages/airflow/example_dags/example_dag_decorator.py took 1.046 seconds
[2026-03-09T00:38:14.341+0000] {processor.py:161} INFO - Started process (PID=4323) to work on /home/airflow/.local/lib/python3.8/site-packages/airflow/example_dags/example_dag_decorator.py
[2026-03-09T00:38:14.345+0000] {processor.py:830} INFO - Processing file /home/airflow/.local/lib/python3.8/site-packages/airflow/example_dags/example_dag_decorator.py for tasks to queue
[2026-03-09T00:38:14.351+0000] {logging_mixin.py:188} INFO - [2026-03-09T00:38:14.350+0000] {dagbag.py:540} INFO - Filling up the DagBag from /home/airflow/.local/lib/python3.8/site-packages/airflow/example_dags/example_dag_decorator.py
[2026-03-09T00:38:14.647+0000] {processor.py:840} INFO - DAG(s) 'example_dag_decorator' retrieved from /home/airflow/.local/lib/python3.8/site-packages/airflow/example_dags/example_dag_decorator.py
[2026-03-09T00:38:14.896+0000] {logging_mixin.py:188} INFO - [2026-03-09T00:38:14.895+0000] {dag.py:3047} INFO - Sync 1 DAGs
[2026-03-09T00:38:14.959+0000] {logging_mixin.py:188} INFO - [2026-03-09T00:38:14.958+0000] {dag.py:3834} INFO - Setting next_dagrun for example_dag_decorator to None, run_after=None
[2026-03-09T00:38:15.029+0000] {processor.py:183} INFO - Processing /home/airflow/.local/lib/python3.8/site-packages/airflow/example_dags/example_dag_decorator.py took 0.698 seconds
[2026-03-09T00:38:45.450+0000] {processor.py:161} INFO - Started process (PID=4379) to work on /home/airflow/.local/lib/python3.8/site-packages/airflow/example_dags/example_dag_decorator.py
[2026-03-09T00:38:45.453+0000] {processor.py:830} INFO - Processing file /home/airflow/.local/lib/python3.8/site-packages/airflow/example_dags/example_dag_decorator.py for tasks to queue
[2026-03-09T00:38:45.465+0000] {logging_mixin.py:188} INFO - [2026-03-09T00:38:45.459+0000] {dagbag.py:540} INFO - Filling up the DagBag from /home/airflow/.local/lib/python3.8/site-packages/airflow/example_dags/example_dag_decorator.py
[2026-03-09T00:38:45.829+0000] {processor.py:840} INFO - DAG(s) 'example_dag_decorator' retrieved from /home/airflow/.local/lib/python3.8/site-packages/airflow/example_dags/example_dag_decorator.py
[2026-03-09T00:38:46.455+0000] {logging_mixin.py:188} INFO - [2026-03-09T00:38:46.447+0000] {dag.py:3047} INFO - Sync 1 DAGs
[2026-03-09T00:38:46.547+0000] {logging_mixin.py:188} INFO - [2026-03-09T00:38:46.544+0000] {dag.py:3834} INFO - Setting next_dagrun for example_dag_decorator to None, run_after=None
[2026-03-09T00:38:46.661+0000] {processor.py:183} INFO - Processing /home/airflow/.local/lib/python3.8/site-packages/airflow/example_dags/example_dag_decorator.py took 1.226 seconds
