[2026-03-09T00:00:18.378+0000] {processor.py:161} INFO - Started process (PID=263) to work on /home/airflow/.local/lib/python3.8/site-packages/airflow/example_dags/example_sensors.py
[2026-03-09T00:00:18.393+0000] {processor.py:830} INFO - Processing file /home/airflow/.local/lib/python3.8/site-packages/airflow/example_dags/example_sensors.py for tasks to queue
[2026-03-09T00:00:18.418+0000] {logging_mixin.py:188} INFO - [2026-03-09T00:00:18.417+0000] {dagbag.py:540} INFO - Filling up the DagBag from /home/airflow/.local/lib/python3.8/site-packages/airflow/example_dags/example_sensors.py
[2026-03-09T00:00:18.462+0000] {processor.py:840} INFO - DAG(s) 'example_sensors' retrieved from /home/airflow/.local/lib/python3.8/site-packages/airflow/example_dags/example_sensors.py
[2026-03-09T00:00:19.000+0000] {logging_mixin.py:188} INFO - [2026-03-09T00:00:18.999+0000] {dag.py:3047} INFO - Sync 1 DAGs
[2026-03-09T00:00:19.040+0000] {logging_mixin.py:188} INFO - [2026-03-09T00:00:19.039+0000] {dag.py:3834} INFO - Setting next_dagrun for example_sensors to None, run_after=None
[2026-03-09T00:00:19.212+0000] {processor.py:183} INFO - Processing /home/airflow/.local/lib/python3.8/site-packages/airflow/example_dags/example_sensors.py took 0.866 seconds
[2026-03-09T00:00:50.068+0000] {processor.py:161} INFO - Started process (PID=318) to work on /home/airflow/.local/lib/python3.8/site-packages/airflow/example_dags/example_sensors.py
[2026-03-09T00:00:50.083+0000] {processor.py:830} INFO - Processing file /home/airflow/.local/lib/python3.8/site-packages/airflow/example_dags/example_sensors.py for tasks to queue
[2026-03-09T00:00:50.095+0000] {logging_mixin.py:188} INFO - [2026-03-09T00:00:50.093+0000] {dagbag.py:540} INFO - Filling up the DagBag from /home/airflow/.local/lib/python3.8/site-packages/airflow/example_dags/example_sensors.py
[2026-03-09T00:00:50.167+0000] {processor.py:840} INFO - DAG(s) 'example_sensors' retrieved from /home/airflow/.local/lib/python3.8/site-packages/airflow/example_dags/example_sensors.py
[2026-03-09T00:00:50.332+0000] {logging_mixin.py:188} INFO - [2026-03-09T00:00:50.331+0000] {dag.py:3047} INFO - Sync 1 DAGs
[2026-03-09T00:00:50.447+0000] {logging_mixin.py:188} INFO - [2026-03-09T00:00:50.446+0000] {dag.py:3834} INFO - Setting next_dagrun for example_sensors to None, run_after=None
[2026-03-09T00:00:50.524+0000] {processor.py:183} INFO - Processing /home/airflow/.local/lib/python3.8/site-packages/airflow/example_dags/example_sensors.py took 0.551 seconds
[2026-03-09T00:01:20.954+0000] {processor.py:161} INFO - Started process (PID=373) to work on /home/airflow/.local/lib/python3.8/site-packages/airflow/example_dags/example_sensors.py
[2026-03-09T00:01:20.969+0000] {processor.py:830} INFO - Processing file /home/airflow/.local/lib/python3.8/site-packages/airflow/example_dags/example_sensors.py for tasks to queue
[2026-03-09T00:01:20.988+0000] {logging_mixin.py:188} INFO - [2026-03-09T00:01:20.987+0000] {dagbag.py:540} INFO - Filling up the DagBag from /home/airflow/.local/lib/python3.8/site-packages/airflow/example_dags/example_sensors.py
[2026-03-09T00:01:21.047+0000] {processor.py:840} INFO - DAG(s) 'example_sensors' retrieved from /home/airflow/.local/lib/python3.8/site-packages/airflow/example_dags/example_sensors.py
[2026-03-09T00:01:21.237+0000] {logging_mixin.py:188} INFO - [2026-03-09T00:01:21.235+0000] {dag.py:3047} INFO - Sync 1 DAGs
[2026-03-09T00:01:21.307+0000] {logging_mixin.py:188} INFO - [2026-03-09T00:01:21.307+0000] {dag.py:3834} INFO - Setting next_dagrun for example_sensors to None, run_after=None
[2026-03-09T00:01:21.463+0000] {processor.py:183} INFO - Processing /home/airflow/.local/lib/python3.8/site-packages/airflow/example_dags/example_sensors.py took 0.533 seconds
[2026-03-09T00:01:52.206+0000] {processor.py:161} INFO - Started process (PID=427) to work on /home/airflow/.local/lib/python3.8/site-packages/airflow/example_dags/example_sensors.py
[2026-03-09T00:01:52.211+0000] {processor.py:830} INFO - Processing file /home/airflow/.local/lib/python3.8/site-packages/airflow/example_dags/example_sensors.py for tasks to queue
[2026-03-09T00:01:52.217+0000] {logging_mixin.py:188} INFO - [2026-03-09T00:01:52.217+0000] {dagbag.py:540} INFO - Filling up the DagBag from /home/airflow/.local/lib/python3.8/site-packages/airflow/example_dags/example_sensors.py
[2026-03-09T00:01:52.247+0000] {processor.py:840} INFO - DAG(s) 'example_sensors' retrieved from /home/airflow/.local/lib/python3.8/site-packages/airflow/example_dags/example_sensors.py
[2026-03-09T00:01:52.338+0000] {logging_mixin.py:188} INFO - [2026-03-09T00:01:52.337+0000] {dag.py:3047} INFO - Sync 1 DAGs
[2026-03-09T00:01:52.373+0000] {logging_mixin.py:188} INFO - [2026-03-09T00:01:52.373+0000] {dag.py:3834} INFO - Setting next_dagrun for example_sensors to None, run_after=None
[2026-03-09T00:01:52.439+0000] {processor.py:183} INFO - Processing /home/airflow/.local/lib/python3.8/site-packages/airflow/example_dags/example_sensors.py took 0.252 seconds
[2026-03-09T00:02:23.092+0000] {processor.py:161} INFO - Started process (PID=482) to work on /home/airflow/.local/lib/python3.8/site-packages/airflow/example_dags/example_sensors.py
[2026-03-09T00:02:23.100+0000] {processor.py:830} INFO - Processing file /home/airflow/.local/lib/python3.8/site-packages/airflow/example_dags/example_sensors.py for tasks to queue
[2026-03-09T00:02:23.118+0000] {logging_mixin.py:188} INFO - [2026-03-09T00:02:23.117+0000] {dagbag.py:540} INFO - Filling up the DagBag from /home/airflow/.local/lib/python3.8/site-packages/airflow/example_dags/example_sensors.py
[2026-03-09T00:02:23.202+0000] {processor.py:840} INFO - DAG(s) 'example_sensors' retrieved from /home/airflow/.local/lib/python3.8/site-packages/airflow/example_dags/example_sensors.py
[2026-03-09T00:02:23.333+0000] {logging_mixin.py:188} INFO - [2026-03-09T00:02:23.332+0000] {dag.py:3047} INFO - Sync 1 DAGs
[2026-03-09T00:02:23.375+0000] {logging_mixin.py:188} INFO - [2026-03-09T00:02:23.374+0000] {dag.py:3834} INFO - Setting next_dagrun for example_sensors to None, run_after=None
[2026-03-09T00:02:23.498+0000] {processor.py:183} INFO - Processing /home/airflow/.local/lib/python3.8/site-packages/airflow/example_dags/example_sensors.py took 0.447 seconds
[2026-03-09T00:02:53.757+0000] {processor.py:161} INFO - Started process (PID=538) to work on /home/airflow/.local/lib/python3.8/site-packages/airflow/example_dags/example_sensors.py
[2026-03-09T00:02:53.762+0000] {processor.py:830} INFO - Processing file /home/airflow/.local/lib/python3.8/site-packages/airflow/example_dags/example_sensors.py for tasks to queue
[2026-03-09T00:02:53.776+0000] {logging_mixin.py:188} INFO - [2026-03-09T00:02:53.775+0000] {dagbag.py:540} INFO - Filling up the DagBag from /home/airflow/.local/lib/python3.8/site-packages/airflow/example_dags/example_sensors.py
[2026-03-09T00:02:53.824+0000] {processor.py:840} INFO - DAG(s) 'example_sensors' retrieved from /home/airflow/.local/lib/python3.8/site-packages/airflow/example_dags/example_sensors.py
[2026-03-09T00:02:53.956+0000] {logging_mixin.py:188} INFO - [2026-03-09T00:02:53.956+0000] {dag.py:3047} INFO - Sync 1 DAGs
[2026-03-09T00:02:54.044+0000] {logging_mixin.py:188} INFO - [2026-03-09T00:02:54.043+0000] {dag.py:3834} INFO - Setting next_dagrun for example_sensors to None, run_after=None
[2026-03-09T00:02:54.129+0000] {processor.py:183} INFO - Processing /home/airflow/.local/lib/python3.8/site-packages/airflow/example_dags/example_sensors.py took 0.401 seconds
[2026-03-09T00:03:25.116+0000] {processor.py:161} INFO - Started process (PID=593) to work on /home/airflow/.local/lib/python3.8/site-packages/airflow/example_dags/example_sensors.py
[2026-03-09T00:03:25.122+0000] {processor.py:830} INFO - Processing file /home/airflow/.local/lib/python3.8/site-packages/airflow/example_dags/example_sensors.py for tasks to queue
[2026-03-09T00:03:25.129+0000] {logging_mixin.py:188} INFO - [2026-03-09T00:03:25.128+0000] {dagbag.py:540} INFO - Filling up the DagBag from /home/airflow/.local/lib/python3.8/site-packages/airflow/example_dags/example_sensors.py
[2026-03-09T00:03:25.169+0000] {processor.py:840} INFO - DAG(s) 'example_sensors' retrieved from /home/airflow/.local/lib/python3.8/site-packages/airflow/example_dags/example_sensors.py
[2026-03-09T00:03:25.300+0000] {logging_mixin.py:188} INFO - [2026-03-09T00:03:25.299+0000] {dag.py:3047} INFO - Sync 1 DAGs
[2026-03-09T00:03:25.363+0000] {logging_mixin.py:188} INFO - [2026-03-09T00:03:25.363+0000] {dag.py:3834} INFO - Setting next_dagrun for example_sensors to None, run_after=None
[2026-03-09T00:03:25.469+0000] {processor.py:183} INFO - Processing /home/airflow/.local/lib/python3.8/site-packages/airflow/example_dags/example_sensors.py took 0.367 seconds
[2026-03-09T00:03:55.913+0000] {processor.py:161} INFO - Started process (PID=648) to work on /home/airflow/.local/lib/python3.8/site-packages/airflow/example_dags/example_sensors.py
[2026-03-09T00:03:55.924+0000] {processor.py:830} INFO - Processing file /home/airflow/.local/lib/python3.8/site-packages/airflow/example_dags/example_sensors.py for tasks to queue
[2026-03-09T00:03:55.934+0000] {logging_mixin.py:188} INFO - [2026-03-09T00:03:55.933+0000] {dagbag.py:540} INFO - Filling up the DagBag from /home/airflow/.local/lib/python3.8/site-packages/airflow/example_dags/example_sensors.py
[2026-03-09T00:03:56.012+0000] {processor.py:840} INFO - DAG(s) 'example_sensors' retrieved from /home/airflow/.local/lib/python3.8/site-packages/airflow/example_dags/example_sensors.py
[2026-03-09T00:03:56.130+0000] {logging_mixin.py:188} INFO - [2026-03-09T00:03:56.129+0000] {dag.py:3047} INFO - Sync 1 DAGs
[2026-03-09T00:03:56.165+0000] {logging_mixin.py:188} INFO - [2026-03-09T00:03:56.165+0000] {dag.py:3834} INFO - Setting next_dagrun for example_sensors to None, run_after=None
[2026-03-09T00:03:56.278+0000] {processor.py:183} INFO - Processing /home/airflow/.local/lib/python3.8/site-packages/airflow/example_dags/example_sensors.py took 0.382 seconds
[2026-03-09T00:04:26.631+0000] {processor.py:161} INFO - Started process (PID=703) to work on /home/airflow/.local/lib/python3.8/site-packages/airflow/example_dags/example_sensors.py
[2026-03-09T00:04:26.636+0000] {processor.py:830} INFO - Processing file /home/airflow/.local/lib/python3.8/site-packages/airflow/example_dags/example_sensors.py for tasks to queue
[2026-03-09T00:04:26.644+0000] {logging_mixin.py:188} INFO - [2026-03-09T00:04:26.642+0000] {dagbag.py:540} INFO - Filling up the DagBag from /home/airflow/.local/lib/python3.8/site-packages/airflow/example_dags/example_sensors.py
[2026-03-09T00:04:26.715+0000] {processor.py:840} INFO - DAG(s) 'example_sensors' retrieved from /home/airflow/.local/lib/python3.8/site-packages/airflow/example_dags/example_sensors.py
[2026-03-09T00:04:26.858+0000] {logging_mixin.py:188} INFO - [2026-03-09T00:04:26.857+0000] {dag.py:3047} INFO - Sync 1 DAGs
[2026-03-09T00:04:26.988+0000] {logging_mixin.py:188} INFO - [2026-03-09T00:04:26.987+0000] {dag.py:3834} INFO - Setting next_dagrun for example_sensors to None, run_after=None
[2026-03-09T00:04:27.104+0000] {processor.py:183} INFO - Processing /home/airflow/.local/lib/python3.8/site-packages/airflow/example_dags/example_sensors.py took 0.496 seconds
[2026-03-09T00:04:58.693+0000] {processor.py:161} INFO - Started process (PID=758) to work on /home/airflow/.local/lib/python3.8/site-packages/airflow/example_dags/example_sensors.py
[2026-03-09T00:04:58.696+0000] {processor.py:830} INFO - Processing file /home/airflow/.local/lib/python3.8/site-packages/airflow/example_dags/example_sensors.py for tasks to queue
[2026-03-09T00:04:58.700+0000] {logging_mixin.py:188} INFO - [2026-03-09T00:04:58.700+0000] {dagbag.py:540} INFO - Filling up the DagBag from /home/airflow/.local/lib/python3.8/site-packages/airflow/example_dags/example_sensors.py
[2026-03-09T00:04:58.732+0000] {processor.py:840} INFO - DAG(s) 'example_sensors' retrieved from /home/airflow/.local/lib/python3.8/site-packages/airflow/example_dags/example_sensors.py
[2026-03-09T00:04:58.916+0000] {logging_mixin.py:188} INFO - [2026-03-09T00:04:58.914+0000] {dag.py:3047} INFO - Sync 1 DAGs
[2026-03-09T00:04:58.975+0000] {logging_mixin.py:188} INFO - [2026-03-09T00:04:58.975+0000] {dag.py:3834} INFO - Setting next_dagrun for example_sensors to None, run_after=None
[2026-03-09T00:04:59.042+0000] {processor.py:183} INFO - Processing /home/airflow/.local/lib/python3.8/site-packages/airflow/example_dags/example_sensors.py took 0.360 seconds
[2026-03-09T00:05:29.461+0000] {processor.py:161} INFO - Started process (PID=813) to work on /home/airflow/.local/lib/python3.8/site-packages/airflow/example_dags/example_sensors.py
[2026-03-09T00:05:29.467+0000] {processor.py:830} INFO - Processing file /home/airflow/.local/lib/python3.8/site-packages/airflow/example_dags/example_sensors.py for tasks to queue
[2026-03-09T00:05:29.476+0000] {logging_mixin.py:188} INFO - [2026-03-09T00:05:29.475+0000] {dagbag.py:540} INFO - Filling up the DagBag from /home/airflow/.local/lib/python3.8/site-packages/airflow/example_dags/example_sensors.py
[2026-03-09T00:05:29.515+0000] {processor.py:840} INFO - DAG(s) 'example_sensors' retrieved from /home/airflow/.local/lib/python3.8/site-packages/airflow/example_dags/example_sensors.py
[2026-03-09T00:05:29.612+0000] {logging_mixin.py:188} INFO - [2026-03-09T00:05:29.611+0000] {dag.py:3047} INFO - Sync 1 DAGs
[2026-03-09T00:05:29.663+0000] {logging_mixin.py:188} INFO - [2026-03-09T00:05:29.662+0000] {dag.py:3834} INFO - Setting next_dagrun for example_sensors to None, run_after=None
[2026-03-09T00:05:29.766+0000] {processor.py:183} INFO - Processing /home/airflow/.local/lib/python3.8/site-packages/airflow/example_dags/example_sensors.py took 0.326 seconds
[2026-03-09T00:06:00.798+0000] {processor.py:161} INFO - Started process (PID=869) to work on /home/airflow/.local/lib/python3.8/site-packages/airflow/example_dags/example_sensors.py
[2026-03-09T00:06:00.812+0000] {processor.py:830} INFO - Processing file /home/airflow/.local/lib/python3.8/site-packages/airflow/example_dags/example_sensors.py for tasks to queue
[2026-03-09T00:06:00.823+0000] {logging_mixin.py:188} INFO - [2026-03-09T00:06:00.822+0000] {dagbag.py:540} INFO - Filling up the DagBag from /home/airflow/.local/lib/python3.8/site-packages/airflow/example_dags/example_sensors.py
[2026-03-09T00:06:00.885+0000] {processor.py:840} INFO - DAG(s) 'example_sensors' retrieved from /home/airflow/.local/lib/python3.8/site-packages/airflow/example_dags/example_sensors.py
[2026-03-09T00:06:00.974+0000] {logging_mixin.py:188} INFO - [2026-03-09T00:06:00.974+0000] {dag.py:3047} INFO - Sync 1 DAGs
[2026-03-09T00:06:01.019+0000] {logging_mixin.py:188} INFO - [2026-03-09T00:06:01.018+0000] {dag.py:3834} INFO - Setting next_dagrun for example_sensors to None, run_after=None
[2026-03-09T00:06:01.085+0000] {processor.py:183} INFO - Processing /home/airflow/.local/lib/python3.8/site-packages/airflow/example_dags/example_sensors.py took 0.321 seconds
[2026-03-09T00:06:35.264+0000] {processor.py:161} INFO - Started process (PID=924) to work on /home/airflow/.local/lib/python3.8/site-packages/airflow/example_dags/example_sensors.py
[2026-03-09T00:06:35.276+0000] {processor.py:830} INFO - Processing file /home/airflow/.local/lib/python3.8/site-packages/airflow/example_dags/example_sensors.py for tasks to queue
[2026-03-09T00:06:35.305+0000] {logging_mixin.py:188} INFO - [2026-03-09T00:06:35.303+0000] {dagbag.py:540} INFO - Filling up the DagBag from /home/airflow/.local/lib/python3.8/site-packages/airflow/example_dags/example_sensors.py
[2026-03-09T00:06:35.385+0000] {processor.py:840} INFO - DAG(s) 'example_sensors' retrieved from /home/airflow/.local/lib/python3.8/site-packages/airflow/example_dags/example_sensors.py
[2026-03-09T00:06:35.567+0000] {logging_mixin.py:188} INFO - [2026-03-09T00:06:35.567+0000] {dag.py:3047} INFO - Sync 1 DAGs
[2026-03-09T00:06:35.647+0000] {logging_mixin.py:188} INFO - [2026-03-09T00:06:35.646+0000] {dag.py:3834} INFO - Setting next_dagrun for example_sensors to None, run_after=None
[2026-03-09T00:06:35.801+0000] {processor.py:183} INFO - Processing /home/airflow/.local/lib/python3.8/site-packages/airflow/example_dags/example_sensors.py took 0.573 seconds
[2026-03-09T00:07:06.664+0000] {processor.py:161} INFO - Started process (PID=980) to work on /home/airflow/.local/lib/python3.8/site-packages/airflow/example_dags/example_sensors.py
[2026-03-09T00:07:06.672+0000] {processor.py:830} INFO - Processing file /home/airflow/.local/lib/python3.8/site-packages/airflow/example_dags/example_sensors.py for tasks to queue
[2026-03-09T00:07:06.683+0000] {logging_mixin.py:188} INFO - [2026-03-09T00:07:06.682+0000] {dagbag.py:540} INFO - Filling up the DagBag from /home/airflow/.local/lib/python3.8/site-packages/airflow/example_dags/example_sensors.py
[2026-03-09T00:07:06.722+0000] {processor.py:840} INFO - DAG(s) 'example_sensors' retrieved from /home/airflow/.local/lib/python3.8/site-packages/airflow/example_dags/example_sensors.py
[2026-03-09T00:07:06.809+0000] {logging_mixin.py:188} INFO - [2026-03-09T00:07:06.809+0000] {dag.py:3047} INFO - Sync 1 DAGs
[2026-03-09T00:07:06.851+0000] {logging_mixin.py:188} INFO - [2026-03-09T00:07:06.850+0000] {dag.py:3834} INFO - Setting next_dagrun for example_sensors to None, run_after=None
[2026-03-09T00:07:06.917+0000] {processor.py:183} INFO - Processing /home/airflow/.local/lib/python3.8/site-packages/airflow/example_dags/example_sensors.py took 0.276 seconds
[2026-03-09T00:07:37.538+0000] {processor.py:161} INFO - Started process (PID=1035) to work on /home/airflow/.local/lib/python3.8/site-packages/airflow/example_dags/example_sensors.py
[2026-03-09T00:07:37.545+0000] {processor.py:830} INFO - Processing file /home/airflow/.local/lib/python3.8/site-packages/airflow/example_dags/example_sensors.py for tasks to queue
[2026-03-09T00:07:37.559+0000] {logging_mixin.py:188} INFO - [2026-03-09T00:07:37.557+0000] {dagbag.py:540} INFO - Filling up the DagBag from /home/airflow/.local/lib/python3.8/site-packages/airflow/example_dags/example_sensors.py
[2026-03-09T00:07:37.612+0000] {processor.py:840} INFO - DAG(s) 'example_sensors' retrieved from /home/airflow/.local/lib/python3.8/site-packages/airflow/example_dags/example_sensors.py
[2026-03-09T00:07:37.680+0000] {logging_mixin.py:188} INFO - [2026-03-09T00:07:37.680+0000] {dag.py:3047} INFO - Sync 1 DAGs
[2026-03-09T00:07:37.762+0000] {logging_mixin.py:188} INFO - [2026-03-09T00:07:37.761+0000] {dag.py:3834} INFO - Setting next_dagrun for example_sensors to None, run_after=None
[2026-03-09T00:07:37.814+0000] {processor.py:183} INFO - Processing /home/airflow/.local/lib/python3.8/site-packages/airflow/example_dags/example_sensors.py took 0.296 seconds
[2026-03-09T00:08:08.112+0000] {processor.py:161} INFO - Started process (PID=1090) to work on /home/airflow/.local/lib/python3.8/site-packages/airflow/example_dags/example_sensors.py
[2026-03-09T00:08:08.124+0000] {processor.py:830} INFO - Processing file /home/airflow/.local/lib/python3.8/site-packages/airflow/example_dags/example_sensors.py for tasks to queue
[2026-03-09T00:08:08.133+0000] {logging_mixin.py:188} INFO - [2026-03-09T00:08:08.131+0000] {dagbag.py:540} INFO - Filling up the DagBag from /home/airflow/.local/lib/python3.8/site-packages/airflow/example_dags/example_sensors.py
[2026-03-09T00:08:08.166+0000] {processor.py:840} INFO - DAG(s) 'example_sensors' retrieved from /home/airflow/.local/lib/python3.8/site-packages/airflow/example_dags/example_sensors.py
[2026-03-09T00:08:08.270+0000] {logging_mixin.py:188} INFO - [2026-03-09T00:08:08.269+0000] {dag.py:3047} INFO - Sync 1 DAGs
[2026-03-09T00:08:08.357+0000] {logging_mixin.py:188} INFO - [2026-03-09T00:08:08.356+0000] {dag.py:3834} INFO - Setting next_dagrun for example_sensors to None, run_after=None
[2026-03-09T00:08:08.444+0000] {processor.py:183} INFO - Processing /home/airflow/.local/lib/python3.8/site-packages/airflow/example_dags/example_sensors.py took 0.358 seconds
[2026-03-09T00:08:39.142+0000] {processor.py:161} INFO - Started process (PID=1146) to work on /home/airflow/.local/lib/python3.8/site-packages/airflow/example_dags/example_sensors.py
[2026-03-09T00:08:39.145+0000] {processor.py:830} INFO - Processing file /home/airflow/.local/lib/python3.8/site-packages/airflow/example_dags/example_sensors.py for tasks to queue
[2026-03-09T00:08:39.152+0000] {logging_mixin.py:188} INFO - [2026-03-09T00:08:39.151+0000] {dagbag.py:540} INFO - Filling up the DagBag from /home/airflow/.local/lib/python3.8/site-packages/airflow/example_dags/example_sensors.py
[2026-03-09T00:08:39.188+0000] {processor.py:840} INFO - DAG(s) 'example_sensors' retrieved from /home/airflow/.local/lib/python3.8/site-packages/airflow/example_dags/example_sensors.py
[2026-03-09T00:08:39.238+0000] {logging_mixin.py:188} INFO - [2026-03-09T00:08:39.238+0000] {dag.py:3047} INFO - Sync 1 DAGs
[2026-03-09T00:08:39.260+0000] {logging_mixin.py:188} INFO - [2026-03-09T00:08:39.259+0000] {dag.py:3834} INFO - Setting next_dagrun for example_sensors to None, run_after=None
[2026-03-09T00:08:39.300+0000] {processor.py:183} INFO - Processing /home/airflow/.local/lib/python3.8/site-packages/airflow/example_dags/example_sensors.py took 0.170 seconds
[2026-03-09T00:09:12.073+0000] {processor.py:161} INFO - Started process (PID=1202) to work on /home/airflow/.local/lib/python3.8/site-packages/airflow/example_dags/example_sensors.py
[2026-03-09T00:09:12.080+0000] {processor.py:830} INFO - Processing file /home/airflow/.local/lib/python3.8/site-packages/airflow/example_dags/example_sensors.py for tasks to queue
[2026-03-09T00:09:12.088+0000] {logging_mixin.py:188} INFO - [2026-03-09T00:09:12.087+0000] {dagbag.py:540} INFO - Filling up the DagBag from /home/airflow/.local/lib/python3.8/site-packages/airflow/example_dags/example_sensors.py
[2026-03-09T00:09:12.191+0000] {processor.py:840} INFO - DAG(s) 'example_sensors' retrieved from /home/airflow/.local/lib/python3.8/site-packages/airflow/example_dags/example_sensors.py
[2026-03-09T00:09:12.485+0000] {logging_mixin.py:188} INFO - [2026-03-09T00:09:12.484+0000] {dag.py:3047} INFO - Sync 1 DAGs
[2026-03-09T00:09:12.540+0000] {logging_mixin.py:188} INFO - [2026-03-09T00:09:12.539+0000] {dag.py:3834} INFO - Setting next_dagrun for example_sensors to None, run_after=None
[2026-03-09T00:09:12.619+0000] {processor.py:183} INFO - Processing /home/airflow/.local/lib/python3.8/site-packages/airflow/example_dags/example_sensors.py took 0.563 seconds
[2026-03-09T00:09:42.853+0000] {processor.py:161} INFO - Started process (PID=1258) to work on /home/airflow/.local/lib/python3.8/site-packages/airflow/example_dags/example_sensors.py
[2026-03-09T00:09:42.856+0000] {processor.py:830} INFO - Processing file /home/airflow/.local/lib/python3.8/site-packages/airflow/example_dags/example_sensors.py for tasks to queue
[2026-03-09T00:09:42.862+0000] {logging_mixin.py:188} INFO - [2026-03-09T00:09:42.861+0000] {dagbag.py:540} INFO - Filling up the DagBag from /home/airflow/.local/lib/python3.8/site-packages/airflow/example_dags/example_sensors.py
[2026-03-09T00:09:42.884+0000] {processor.py:840} INFO - DAG(s) 'example_sensors' retrieved from /home/airflow/.local/lib/python3.8/site-packages/airflow/example_dags/example_sensors.py
[2026-03-09T00:09:42.970+0000] {logging_mixin.py:188} INFO - [2026-03-09T00:09:42.970+0000] {dag.py:3047} INFO - Sync 1 DAGs
[2026-03-09T00:09:42.998+0000] {logging_mixin.py:188} INFO - [2026-03-09T00:09:42.997+0000] {dag.py:3834} INFO - Setting next_dagrun for example_sensors to None, run_after=None
[2026-03-09T00:09:43.058+0000] {processor.py:183} INFO - Processing /home/airflow/.local/lib/python3.8/site-packages/airflow/example_dags/example_sensors.py took 0.214 seconds
[2026-03-09T00:10:13.429+0000] {processor.py:161} INFO - Started process (PID=1314) to work on /home/airflow/.local/lib/python3.8/site-packages/airflow/example_dags/example_sensors.py
[2026-03-09T00:10:13.433+0000] {processor.py:830} INFO - Processing file /home/airflow/.local/lib/python3.8/site-packages/airflow/example_dags/example_sensors.py for tasks to queue
[2026-03-09T00:10:13.441+0000] {logging_mixin.py:188} INFO - [2026-03-09T00:10:13.440+0000] {dagbag.py:540} INFO - Filling up the DagBag from /home/airflow/.local/lib/python3.8/site-packages/airflow/example_dags/example_sensors.py
[2026-03-09T00:10:13.478+0000] {processor.py:840} INFO - DAG(s) 'example_sensors' retrieved from /home/airflow/.local/lib/python3.8/site-packages/airflow/example_dags/example_sensors.py
[2026-03-09T00:10:13.573+0000] {logging_mixin.py:188} INFO - [2026-03-09T00:10:13.572+0000] {dag.py:3047} INFO - Sync 1 DAGs
[2026-03-09T00:10:13.614+0000] {logging_mixin.py:188} INFO - [2026-03-09T00:10:13.613+0000] {dag.py:3834} INFO - Setting next_dagrun for example_sensors to None, run_after=None
[2026-03-09T00:10:13.686+0000] {processor.py:183} INFO - Processing /home/airflow/.local/lib/python3.8/site-packages/airflow/example_dags/example_sensors.py took 0.274 seconds
[2026-03-09T00:10:44.577+0000] {processor.py:161} INFO - Started process (PID=1369) to work on /home/airflow/.local/lib/python3.8/site-packages/airflow/example_dags/example_sensors.py
[2026-03-09T00:10:44.584+0000] {processor.py:830} INFO - Processing file /home/airflow/.local/lib/python3.8/site-packages/airflow/example_dags/example_sensors.py for tasks to queue
[2026-03-09T00:10:44.591+0000] {logging_mixin.py:188} INFO - [2026-03-09T00:10:44.590+0000] {dagbag.py:540} INFO - Filling up the DagBag from /home/airflow/.local/lib/python3.8/site-packages/airflow/example_dags/example_sensors.py
[2026-03-09T00:10:44.634+0000] {processor.py:840} INFO - DAG(s) 'example_sensors' retrieved from /home/airflow/.local/lib/python3.8/site-packages/airflow/example_dags/example_sensors.py
[2026-03-09T00:10:44.749+0000] {logging_mixin.py:188} INFO - [2026-03-09T00:10:44.748+0000] {dag.py:3047} INFO - Sync 1 DAGs
[2026-03-09T00:10:44.820+0000] {logging_mixin.py:188} INFO - [2026-03-09T00:10:44.816+0000] {dag.py:3834} INFO - Setting next_dagrun for example_sensors to None, run_after=None
[2026-03-09T00:10:44.899+0000] {processor.py:183} INFO - Processing /home/airflow/.local/lib/python3.8/site-packages/airflow/example_dags/example_sensors.py took 0.338 seconds
[2026-03-09T00:11:15.796+0000] {processor.py:161} INFO - Started process (PID=1426) to work on /home/airflow/.local/lib/python3.8/site-packages/airflow/example_dags/example_sensors.py
[2026-03-09T00:11:15.800+0000] {processor.py:830} INFO - Processing file /home/airflow/.local/lib/python3.8/site-packages/airflow/example_dags/example_sensors.py for tasks to queue
[2026-03-09T00:11:15.806+0000] {logging_mixin.py:188} INFO - [2026-03-09T00:11:15.805+0000] {dagbag.py:540} INFO - Filling up the DagBag from /home/airflow/.local/lib/python3.8/site-packages/airflow/example_dags/example_sensors.py
[2026-03-09T00:11:15.868+0000] {processor.py:840} INFO - DAG(s) 'example_sensors' retrieved from /home/airflow/.local/lib/python3.8/site-packages/airflow/example_dags/example_sensors.py
[2026-03-09T00:11:15.983+0000] {logging_mixin.py:188} INFO - [2026-03-09T00:11:15.983+0000] {dag.py:3047} INFO - Sync 1 DAGs
[2026-03-09T00:11:16.048+0000] {logging_mixin.py:188} INFO - [2026-03-09T00:11:16.047+0000] {dag.py:3834} INFO - Setting next_dagrun for example_sensors to None, run_after=None
[2026-03-09T00:11:16.148+0000] {processor.py:183} INFO - Processing /home/airflow/.local/lib/python3.8/site-packages/airflow/example_dags/example_sensors.py took 0.366 seconds
[2026-03-09T00:11:47.062+0000] {processor.py:161} INFO - Started process (PID=1481) to work on /home/airflow/.local/lib/python3.8/site-packages/airflow/example_dags/example_sensors.py
[2026-03-09T00:11:47.065+0000] {processor.py:830} INFO - Processing file /home/airflow/.local/lib/python3.8/site-packages/airflow/example_dags/example_sensors.py for tasks to queue
[2026-03-09T00:11:47.070+0000] {logging_mixin.py:188} INFO - [2026-03-09T00:11:47.069+0000] {dagbag.py:540} INFO - Filling up the DagBag from /home/airflow/.local/lib/python3.8/site-packages/airflow/example_dags/example_sensors.py
[2026-03-09T00:11:47.102+0000] {processor.py:840} INFO - DAG(s) 'example_sensors' retrieved from /home/airflow/.local/lib/python3.8/site-packages/airflow/example_dags/example_sensors.py
[2026-03-09T00:11:47.196+0000] {logging_mixin.py:188} INFO - [2026-03-09T00:11:47.196+0000] {dag.py:3047} INFO - Sync 1 DAGs
[2026-03-09T00:11:47.231+0000] {logging_mixin.py:188} INFO - [2026-03-09T00:11:47.230+0000] {dag.py:3834} INFO - Setting next_dagrun for example_sensors to None, run_after=None
[2026-03-09T00:11:47.285+0000] {processor.py:183} INFO - Processing /home/airflow/.local/lib/python3.8/site-packages/airflow/example_dags/example_sensors.py took 0.235 seconds
[2026-03-09T00:12:17.893+0000] {processor.py:161} INFO - Started process (PID=1536) to work on /home/airflow/.local/lib/python3.8/site-packages/airflow/example_dags/example_sensors.py
[2026-03-09T00:12:17.897+0000] {processor.py:830} INFO - Processing file /home/airflow/.local/lib/python3.8/site-packages/airflow/example_dags/example_sensors.py for tasks to queue
[2026-03-09T00:12:17.905+0000] {logging_mixin.py:188} INFO - [2026-03-09T00:12:17.904+0000] {dagbag.py:540} INFO - Filling up the DagBag from /home/airflow/.local/lib/python3.8/site-packages/airflow/example_dags/example_sensors.py
[2026-03-09T00:12:17.944+0000] {processor.py:840} INFO - DAG(s) 'example_sensors' retrieved from /home/airflow/.local/lib/python3.8/site-packages/airflow/example_dags/example_sensors.py
[2026-03-09T00:12:18.049+0000] {logging_mixin.py:188} INFO - [2026-03-09T00:12:18.048+0000] {dag.py:3047} INFO - Sync 1 DAGs
[2026-03-09T00:12:18.088+0000] {logging_mixin.py:188} INFO - [2026-03-09T00:12:18.087+0000] {dag.py:3834} INFO - Setting next_dagrun for example_sensors to None, run_after=None
[2026-03-09T00:12:18.180+0000] {processor.py:183} INFO - Processing /home/airflow/.local/lib/python3.8/site-packages/airflow/example_dags/example_sensors.py took 0.304 seconds
[2026-03-09T00:12:48.623+0000] {processor.py:161} INFO - Started process (PID=1592) to work on /home/airflow/.local/lib/python3.8/site-packages/airflow/example_dags/example_sensors.py
[2026-03-09T00:12:48.627+0000] {processor.py:830} INFO - Processing file /home/airflow/.local/lib/python3.8/site-packages/airflow/example_dags/example_sensors.py for tasks to queue
[2026-03-09T00:12:48.633+0000] {logging_mixin.py:188} INFO - [2026-03-09T00:12:48.632+0000] {dagbag.py:540} INFO - Filling up the DagBag from /home/airflow/.local/lib/python3.8/site-packages/airflow/example_dags/example_sensors.py
[2026-03-09T00:12:48.666+0000] {processor.py:840} INFO - DAG(s) 'example_sensors' retrieved from /home/airflow/.local/lib/python3.8/site-packages/airflow/example_dags/example_sensors.py
[2026-03-09T00:12:48.766+0000] {logging_mixin.py:188} INFO - [2026-03-09T00:12:48.765+0000] {dag.py:3047} INFO - Sync 1 DAGs
[2026-03-09T00:12:48.798+0000] {logging_mixin.py:188} INFO - [2026-03-09T00:12:48.797+0000] {dag.py:3834} INFO - Setting next_dagrun for example_sensors to None, run_after=None
[2026-03-09T00:12:48.864+0000] {processor.py:183} INFO - Processing /home/airflow/.local/lib/python3.8/site-packages/airflow/example_dags/example_sensors.py took 0.253 seconds
[2026-03-09T00:13:19.017+0000] {processor.py:161} INFO - Started process (PID=1647) to work on /home/airflow/.local/lib/python3.8/site-packages/airflow/example_dags/example_sensors.py
[2026-03-09T00:13:19.021+0000] {processor.py:830} INFO - Processing file /home/airflow/.local/lib/python3.8/site-packages/airflow/example_dags/example_sensors.py for tasks to queue
[2026-03-09T00:13:19.029+0000] {logging_mixin.py:188} INFO - [2026-03-09T00:13:19.027+0000] {dagbag.py:540} INFO - Filling up the DagBag from /home/airflow/.local/lib/python3.8/site-packages/airflow/example_dags/example_sensors.py
[2026-03-09T00:13:19.069+0000] {processor.py:840} INFO - DAG(s) 'example_sensors' retrieved from /home/airflow/.local/lib/python3.8/site-packages/airflow/example_dags/example_sensors.py
[2026-03-09T00:13:19.156+0000] {logging_mixin.py:188} INFO - [2026-03-09T00:13:19.155+0000] {dag.py:3047} INFO - Sync 1 DAGs
[2026-03-09T00:13:19.205+0000] {logging_mixin.py:188} INFO - [2026-03-09T00:13:19.205+0000] {dag.py:3834} INFO - Setting next_dagrun for example_sensors to None, run_after=None
[2026-03-09T00:13:19.266+0000] {processor.py:183} INFO - Processing /home/airflow/.local/lib/python3.8/site-packages/airflow/example_dags/example_sensors.py took 0.259 seconds
[2026-03-09T00:13:49.589+0000] {processor.py:161} INFO - Started process (PID=1703) to work on /home/airflow/.local/lib/python3.8/site-packages/airflow/example_dags/example_sensors.py
[2026-03-09T00:13:49.593+0000] {processor.py:830} INFO - Processing file /home/airflow/.local/lib/python3.8/site-packages/airflow/example_dags/example_sensors.py for tasks to queue
[2026-03-09T00:13:49.606+0000] {logging_mixin.py:188} INFO - [2026-03-09T00:13:49.605+0000] {dagbag.py:540} INFO - Filling up the DagBag from /home/airflow/.local/lib/python3.8/site-packages/airflow/example_dags/example_sensors.py
[2026-03-09T00:13:49.662+0000] {processor.py:840} INFO - DAG(s) 'example_sensors' retrieved from /home/airflow/.local/lib/python3.8/site-packages/airflow/example_dags/example_sensors.py
[2026-03-09T00:13:49.819+0000] {logging_mixin.py:188} INFO - [2026-03-09T00:13:49.817+0000] {dag.py:3047} INFO - Sync 1 DAGs
[2026-03-09T00:13:49.922+0000] {logging_mixin.py:188} INFO - [2026-03-09T00:13:49.916+0000] {dag.py:3834} INFO - Setting next_dagrun for example_sensors to None, run_after=None
[2026-03-09T00:13:50.017+0000] {processor.py:183} INFO - Processing /home/airflow/.local/lib/python3.8/site-packages/airflow/example_dags/example_sensors.py took 0.444 seconds
[2026-03-09T00:14:20.240+0000] {processor.py:161} INFO - Started process (PID=1759) to work on /home/airflow/.local/lib/python3.8/site-packages/airflow/example_dags/example_sensors.py
[2026-03-09T00:14:20.245+0000] {processor.py:830} INFO - Processing file /home/airflow/.local/lib/python3.8/site-packages/airflow/example_dags/example_sensors.py for tasks to queue
[2026-03-09T00:14:20.256+0000] {logging_mixin.py:188} INFO - [2026-03-09T00:14:20.255+0000] {dagbag.py:540} INFO - Filling up the DagBag from /home/airflow/.local/lib/python3.8/site-packages/airflow/example_dags/example_sensors.py
[2026-03-09T00:14:20.312+0000] {processor.py:840} INFO - DAG(s) 'example_sensors' retrieved from /home/airflow/.local/lib/python3.8/site-packages/airflow/example_dags/example_sensors.py
[2026-03-09T00:14:20.438+0000] {logging_mixin.py:188} INFO - [2026-03-09T00:14:20.437+0000] {dag.py:3047} INFO - Sync 1 DAGs
[2026-03-09T00:14:20.473+0000] {logging_mixin.py:188} INFO - [2026-03-09T00:14:20.472+0000] {dag.py:3834} INFO - Setting next_dagrun for example_sensors to None, run_after=None
[2026-03-09T00:14:20.534+0000] {processor.py:183} INFO - Processing /home/airflow/.local/lib/python3.8/site-packages/airflow/example_dags/example_sensors.py took 0.308 seconds
[2026-03-09T00:14:51.603+0000] {processor.py:161} INFO - Started process (PID=1815) to work on /home/airflow/.local/lib/python3.8/site-packages/airflow/example_dags/example_sensors.py
[2026-03-09T00:14:51.613+0000] {processor.py:830} INFO - Processing file /home/airflow/.local/lib/python3.8/site-packages/airflow/example_dags/example_sensors.py for tasks to queue
[2026-03-09T00:14:51.643+0000] {logging_mixin.py:188} INFO - [2026-03-09T00:14:51.640+0000] {dagbag.py:540} INFO - Filling up the DagBag from /home/airflow/.local/lib/python3.8/site-packages/airflow/example_dags/example_sensors.py
[2026-03-09T00:14:51.746+0000] {processor.py:840} INFO - DAG(s) 'example_sensors' retrieved from /home/airflow/.local/lib/python3.8/site-packages/airflow/example_dags/example_sensors.py
[2026-03-09T00:14:51.910+0000] {logging_mixin.py:188} INFO - [2026-03-09T00:14:51.909+0000] {dag.py:3047} INFO - Sync 1 DAGs
[2026-03-09T00:14:51.978+0000] {logging_mixin.py:188} INFO - [2026-03-09T00:14:51.977+0000] {dag.py:3834} INFO - Setting next_dagrun for example_sensors to None, run_after=None
[2026-03-09T00:14:52.060+0000] {processor.py:183} INFO - Processing /home/airflow/.local/lib/python3.8/site-packages/airflow/example_dags/example_sensors.py took 0.504 seconds
[2026-03-09T00:15:22.673+0000] {processor.py:161} INFO - Started process (PID=1871) to work on /home/airflow/.local/lib/python3.8/site-packages/airflow/example_dags/example_sensors.py
[2026-03-09T00:15:22.676+0000] {processor.py:830} INFO - Processing file /home/airflow/.local/lib/python3.8/site-packages/airflow/example_dags/example_sensors.py for tasks to queue
[2026-03-09T00:15:22.683+0000] {logging_mixin.py:188} INFO - [2026-03-09T00:15:22.682+0000] {dagbag.py:540} INFO - Filling up the DagBag from /home/airflow/.local/lib/python3.8/site-packages/airflow/example_dags/example_sensors.py
[2026-03-09T00:15:22.740+0000] {processor.py:840} INFO - DAG(s) 'example_sensors' retrieved from /home/airflow/.local/lib/python3.8/site-packages/airflow/example_dags/example_sensors.py
[2026-03-09T00:15:22.900+0000] {logging_mixin.py:188} INFO - [2026-03-09T00:15:22.899+0000] {dag.py:3047} INFO - Sync 1 DAGs
[2026-03-09T00:15:22.959+0000] {logging_mixin.py:188} INFO - [2026-03-09T00:15:22.958+0000] {dag.py:3834} INFO - Setting next_dagrun for example_sensors to None, run_after=None
[2026-03-09T00:15:23.059+0000] {processor.py:183} INFO - Processing /home/airflow/.local/lib/python3.8/site-packages/airflow/example_dags/example_sensors.py took 0.405 seconds
[2026-03-09T00:15:53.453+0000] {processor.py:161} INFO - Started process (PID=1927) to work on /home/airflow/.local/lib/python3.8/site-packages/airflow/example_dags/example_sensors.py
[2026-03-09T00:15:53.458+0000] {processor.py:830} INFO - Processing file /home/airflow/.local/lib/python3.8/site-packages/airflow/example_dags/example_sensors.py for tasks to queue
[2026-03-09T00:15:53.466+0000] {logging_mixin.py:188} INFO - [2026-03-09T00:15:53.465+0000] {dagbag.py:540} INFO - Filling up the DagBag from /home/airflow/.local/lib/python3.8/site-packages/airflow/example_dags/example_sensors.py
[2026-03-09T00:15:53.502+0000] {processor.py:840} INFO - DAG(s) 'example_sensors' retrieved from /home/airflow/.local/lib/python3.8/site-packages/airflow/example_dags/example_sensors.py
[2026-03-09T00:15:53.608+0000] {logging_mixin.py:188} INFO - [2026-03-09T00:15:53.607+0000] {dag.py:3047} INFO - Sync 1 DAGs
[2026-03-09T00:15:53.657+0000] {logging_mixin.py:188} INFO - [2026-03-09T00:15:53.657+0000] {dag.py:3834} INFO - Setting next_dagrun for example_sensors to None, run_after=None
[2026-03-09T00:15:53.748+0000] {processor.py:183} INFO - Processing /home/airflow/.local/lib/python3.8/site-packages/airflow/example_dags/example_sensors.py took 0.314 seconds
[2026-03-09T00:16:23.895+0000] {processor.py:161} INFO - Started process (PID=1983) to work on /home/airflow/.local/lib/python3.8/site-packages/airflow/example_dags/example_sensors.py
[2026-03-09T00:16:23.907+0000] {processor.py:830} INFO - Processing file /home/airflow/.local/lib/python3.8/site-packages/airflow/example_dags/example_sensors.py for tasks to queue
[2026-03-09T00:16:23.929+0000] {logging_mixin.py:188} INFO - [2026-03-09T00:16:23.927+0000] {dagbag.py:540} INFO - Filling up the DagBag from /home/airflow/.local/lib/python3.8/site-packages/airflow/example_dags/example_sensors.py
[2026-03-09T00:16:24.000+0000] {processor.py:840} INFO - DAG(s) 'example_sensors' retrieved from /home/airflow/.local/lib/python3.8/site-packages/airflow/example_dags/example_sensors.py
[2026-03-09T00:16:24.050+0000] {logging_mixin.py:188} INFO - [2026-03-09T00:16:24.050+0000] {dag.py:3047} INFO - Sync 1 DAGs
[2026-03-09T00:16:24.073+0000] {logging_mixin.py:188} INFO - [2026-03-09T00:16:24.073+0000] {dag.py:3834} INFO - Setting next_dagrun for example_sensors to None, run_after=None
[2026-03-09T00:16:24.106+0000] {processor.py:183} INFO - Processing /home/airflow/.local/lib/python3.8/site-packages/airflow/example_dags/example_sensors.py took 0.231 seconds
[2026-03-09T00:16:54.932+0000] {processor.py:161} INFO - Started process (PID=2039) to work on /home/airflow/.local/lib/python3.8/site-packages/airflow/example_dags/example_sensors.py
[2026-03-09T00:16:54.941+0000] {processor.py:830} INFO - Processing file /home/airflow/.local/lib/python3.8/site-packages/airflow/example_dags/example_sensors.py for tasks to queue
[2026-03-09T00:16:54.957+0000] {logging_mixin.py:188} INFO - [2026-03-09T00:16:54.955+0000] {dagbag.py:540} INFO - Filling up the DagBag from /home/airflow/.local/lib/python3.8/site-packages/airflow/example_dags/example_sensors.py
[2026-03-09T00:16:55.000+0000] {processor.py:840} INFO - DAG(s) 'example_sensors' retrieved from /home/airflow/.local/lib/python3.8/site-packages/airflow/example_dags/example_sensors.py
[2026-03-09T00:16:55.071+0000] {logging_mixin.py:188} INFO - [2026-03-09T00:16:55.071+0000] {dag.py:3047} INFO - Sync 1 DAGs
[2026-03-09T00:16:55.103+0000] {logging_mixin.py:188} INFO - [2026-03-09T00:16:55.102+0000] {dag.py:3834} INFO - Setting next_dagrun for example_sensors to None, run_after=None
[2026-03-09T00:16:55.152+0000] {processor.py:183} INFO - Processing /home/airflow/.local/lib/python3.8/site-packages/airflow/example_dags/example_sensors.py took 0.239 seconds
[2026-03-09T00:17:25.483+0000] {processor.py:161} INFO - Started process (PID=2095) to work on /home/airflow/.local/lib/python3.8/site-packages/airflow/example_dags/example_sensors.py
[2026-03-09T00:17:25.487+0000] {processor.py:830} INFO - Processing file /home/airflow/.local/lib/python3.8/site-packages/airflow/example_dags/example_sensors.py for tasks to queue
[2026-03-09T00:17:25.494+0000] {logging_mixin.py:188} INFO - [2026-03-09T00:17:25.492+0000] {dagbag.py:540} INFO - Filling up the DagBag from /home/airflow/.local/lib/python3.8/site-packages/airflow/example_dags/example_sensors.py
[2026-03-09T00:17:25.522+0000] {processor.py:840} INFO - DAG(s) 'example_sensors' retrieved from /home/airflow/.local/lib/python3.8/site-packages/airflow/example_dags/example_sensors.py
[2026-03-09T00:17:25.606+0000] {logging_mixin.py:188} INFO - [2026-03-09T00:17:25.605+0000] {dag.py:3047} INFO - Sync 1 DAGs
[2026-03-09T00:17:25.662+0000] {logging_mixin.py:188} INFO - [2026-03-09T00:17:25.661+0000] {dag.py:3834} INFO - Setting next_dagrun for example_sensors to None, run_after=None
[2026-03-09T00:17:25.743+0000] {processor.py:183} INFO - Processing /home/airflow/.local/lib/python3.8/site-packages/airflow/example_dags/example_sensors.py took 0.272 seconds
[2026-03-09T00:17:56.165+0000] {processor.py:161} INFO - Started process (PID=2151) to work on /home/airflow/.local/lib/python3.8/site-packages/airflow/example_dags/example_sensors.py
[2026-03-09T00:17:56.168+0000] {processor.py:830} INFO - Processing file /home/airflow/.local/lib/python3.8/site-packages/airflow/example_dags/example_sensors.py for tasks to queue
[2026-03-09T00:17:56.173+0000] {logging_mixin.py:188} INFO - [2026-03-09T00:17:56.172+0000] {dagbag.py:540} INFO - Filling up the DagBag from /home/airflow/.local/lib/python3.8/site-packages/airflow/example_dags/example_sensors.py
[2026-03-09T00:17:56.196+0000] {processor.py:840} INFO - DAG(s) 'example_sensors' retrieved from /home/airflow/.local/lib/python3.8/site-packages/airflow/example_dags/example_sensors.py
[2026-03-09T00:17:56.249+0000] {logging_mixin.py:188} INFO - [2026-03-09T00:17:56.248+0000] {dag.py:3047} INFO - Sync 1 DAGs
[2026-03-09T00:17:56.273+0000] {logging_mixin.py:188} INFO - [2026-03-09T00:17:56.272+0000] {dag.py:3834} INFO - Setting next_dagrun for example_sensors to None, run_after=None
[2026-03-09T00:17:56.308+0000] {processor.py:183} INFO - Processing /home/airflow/.local/lib/python3.8/site-packages/airflow/example_dags/example_sensors.py took 0.154 seconds
[2026-03-09T00:18:27.081+0000] {processor.py:161} INFO - Started process (PID=2207) to work on /home/airflow/.local/lib/python3.8/site-packages/airflow/example_dags/example_sensors.py
[2026-03-09T00:18:27.085+0000] {processor.py:830} INFO - Processing file /home/airflow/.local/lib/python3.8/site-packages/airflow/example_dags/example_sensors.py for tasks to queue
[2026-03-09T00:18:27.091+0000] {logging_mixin.py:188} INFO - [2026-03-09T00:18:27.090+0000] {dagbag.py:540} INFO - Filling up the DagBag from /home/airflow/.local/lib/python3.8/site-packages/airflow/example_dags/example_sensors.py
[2026-03-09T00:18:27.116+0000] {processor.py:840} INFO - DAG(s) 'example_sensors' retrieved from /home/airflow/.local/lib/python3.8/site-packages/airflow/example_dags/example_sensors.py
[2026-03-09T00:18:27.184+0000] {logging_mixin.py:188} INFO - [2026-03-09T00:18:27.184+0000] {dag.py:3047} INFO - Sync 1 DAGs
[2026-03-09T00:18:27.206+0000] {logging_mixin.py:188} INFO - [2026-03-09T00:18:27.205+0000] {dag.py:3834} INFO - Setting next_dagrun for example_sensors to None, run_after=None
[2026-03-09T00:18:27.240+0000] {processor.py:183} INFO - Processing /home/airflow/.local/lib/python3.8/site-packages/airflow/example_dags/example_sensors.py took 0.168 seconds
[2026-03-09T00:18:57.810+0000] {processor.py:161} INFO - Started process (PID=2263) to work on /home/airflow/.local/lib/python3.8/site-packages/airflow/example_dags/example_sensors.py
[2026-03-09T00:18:57.813+0000] {processor.py:830} INFO - Processing file /home/airflow/.local/lib/python3.8/site-packages/airflow/example_dags/example_sensors.py for tasks to queue
[2026-03-09T00:18:57.818+0000] {logging_mixin.py:188} INFO - [2026-03-09T00:18:57.817+0000] {dagbag.py:540} INFO - Filling up the DagBag from /home/airflow/.local/lib/python3.8/site-packages/airflow/example_dags/example_sensors.py
[2026-03-09T00:18:57.841+0000] {processor.py:840} INFO - DAG(s) 'example_sensors' retrieved from /home/airflow/.local/lib/python3.8/site-packages/airflow/example_dags/example_sensors.py
[2026-03-09T00:18:57.890+0000] {logging_mixin.py:188} INFO - [2026-03-09T00:18:57.890+0000] {dag.py:3047} INFO - Sync 1 DAGs
[2026-03-09T00:18:57.917+0000] {logging_mixin.py:188} INFO - [2026-03-09T00:18:57.917+0000] {dag.py:3834} INFO - Setting next_dagrun for example_sensors to None, run_after=None
[2026-03-09T00:18:57.966+0000] {processor.py:183} INFO - Processing /home/airflow/.local/lib/python3.8/site-packages/airflow/example_dags/example_sensors.py took 0.164 seconds
[2026-03-09T00:19:28.653+0000] {processor.py:161} INFO - Started process (PID=2320) to work on /home/airflow/.local/lib/python3.8/site-packages/airflow/example_dags/example_sensors.py
[2026-03-09T00:19:28.656+0000] {processor.py:830} INFO - Processing file /home/airflow/.local/lib/python3.8/site-packages/airflow/example_dags/example_sensors.py for tasks to queue
[2026-03-09T00:19:28.663+0000] {logging_mixin.py:188} INFO - [2026-03-09T00:19:28.662+0000] {dagbag.py:540} INFO - Filling up the DagBag from /home/airflow/.local/lib/python3.8/site-packages/airflow/example_dags/example_sensors.py
[2026-03-09T00:19:28.694+0000] {processor.py:840} INFO - DAG(s) 'example_sensors' retrieved from /home/airflow/.local/lib/python3.8/site-packages/airflow/example_dags/example_sensors.py
[2026-03-09T00:19:28.765+0000] {logging_mixin.py:188} INFO - [2026-03-09T00:19:28.765+0000] {dag.py:3047} INFO - Sync 1 DAGs
[2026-03-09T00:19:28.799+0000] {logging_mixin.py:188} INFO - [2026-03-09T00:19:28.799+0000] {dag.py:3834} INFO - Setting next_dagrun for example_sensors to None, run_after=None
[2026-03-09T00:19:28.864+0000] {processor.py:183} INFO - Processing /home/airflow/.local/lib/python3.8/site-packages/airflow/example_dags/example_sensors.py took 0.217 seconds
[2026-03-09T00:19:59.427+0000] {processor.py:161} INFO - Started process (PID=2376) to work on /home/airflow/.local/lib/python3.8/site-packages/airflow/example_dags/example_sensors.py
[2026-03-09T00:19:59.442+0000] {processor.py:830} INFO - Processing file /home/airflow/.local/lib/python3.8/site-packages/airflow/example_dags/example_sensors.py for tasks to queue
[2026-03-09T00:19:59.458+0000] {logging_mixin.py:188} INFO - [2026-03-09T00:19:59.456+0000] {dagbag.py:540} INFO - Filling up the DagBag from /home/airflow/.local/lib/python3.8/site-packages/airflow/example_dags/example_sensors.py
[2026-03-09T00:19:59.498+0000] {processor.py:840} INFO - DAG(s) 'example_sensors' retrieved from /home/airflow/.local/lib/python3.8/site-packages/airflow/example_dags/example_sensors.py
[2026-03-09T00:19:59.601+0000] {logging_mixin.py:188} INFO - [2026-03-09T00:19:59.600+0000] {dag.py:3047} INFO - Sync 1 DAGs
[2026-03-09T00:19:59.643+0000] {logging_mixin.py:188} INFO - [2026-03-09T00:19:59.642+0000] {dag.py:3834} INFO - Setting next_dagrun for example_sensors to None, run_after=None
[2026-03-09T00:19:59.692+0000] {processor.py:183} INFO - Processing /home/airflow/.local/lib/python3.8/site-packages/airflow/example_dags/example_sensors.py took 0.302 seconds
[2026-03-09T00:20:30.080+0000] {processor.py:161} INFO - Started process (PID=2432) to work on /home/airflow/.local/lib/python3.8/site-packages/airflow/example_dags/example_sensors.py
[2026-03-09T00:20:30.084+0000] {processor.py:830} INFO - Processing file /home/airflow/.local/lib/python3.8/site-packages/airflow/example_dags/example_sensors.py for tasks to queue
[2026-03-09T00:20:30.089+0000] {logging_mixin.py:188} INFO - [2026-03-09T00:20:30.088+0000] {dagbag.py:540} INFO - Filling up the DagBag from /home/airflow/.local/lib/python3.8/site-packages/airflow/example_dags/example_sensors.py
[2026-03-09T00:20:30.115+0000] {processor.py:840} INFO - DAG(s) 'example_sensors' retrieved from /home/airflow/.local/lib/python3.8/site-packages/airflow/example_dags/example_sensors.py
[2026-03-09T00:20:30.193+0000] {logging_mixin.py:188} INFO - [2026-03-09T00:20:30.193+0000] {dag.py:3047} INFO - Sync 1 DAGs
[2026-03-09T00:20:30.245+0000] {logging_mixin.py:188} INFO - [2026-03-09T00:20:30.244+0000] {dag.py:3834} INFO - Setting next_dagrun for example_sensors to None, run_after=None
[2026-03-09T00:20:30.323+0000] {processor.py:183} INFO - Processing /home/airflow/.local/lib/python3.8/site-packages/airflow/example_dags/example_sensors.py took 0.255 seconds
[2026-03-09T00:21:00.729+0000] {processor.py:161} INFO - Started process (PID=2488) to work on /home/airflow/.local/lib/python3.8/site-packages/airflow/example_dags/example_sensors.py
[2026-03-09T00:21:00.733+0000] {processor.py:830} INFO - Processing file /home/airflow/.local/lib/python3.8/site-packages/airflow/example_dags/example_sensors.py for tasks to queue
[2026-03-09T00:21:00.740+0000] {logging_mixin.py:188} INFO - [2026-03-09T00:21:00.739+0000] {dagbag.py:540} INFO - Filling up the DagBag from /home/airflow/.local/lib/python3.8/site-packages/airflow/example_dags/example_sensors.py
[2026-03-09T00:21:00.768+0000] {processor.py:840} INFO - DAG(s) 'example_sensors' retrieved from /home/airflow/.local/lib/python3.8/site-packages/airflow/example_dags/example_sensors.py
[2026-03-09T00:21:00.838+0000] {logging_mixin.py:188} INFO - [2026-03-09T00:21:00.837+0000] {dag.py:3047} INFO - Sync 1 DAGs
[2026-03-09T00:21:00.874+0000] {logging_mixin.py:188} INFO - [2026-03-09T00:21:00.873+0000] {dag.py:3834} INFO - Setting next_dagrun for example_sensors to None, run_after=None
[2026-03-09T00:21:00.933+0000] {processor.py:183} INFO - Processing /home/airflow/.local/lib/python3.8/site-packages/airflow/example_dags/example_sensors.py took 0.214 seconds
[2026-03-09T00:21:31.465+0000] {processor.py:161} INFO - Started process (PID=2544) to work on /home/airflow/.local/lib/python3.8/site-packages/airflow/example_dags/example_sensors.py
[2026-03-09T00:21:31.468+0000] {processor.py:830} INFO - Processing file /home/airflow/.local/lib/python3.8/site-packages/airflow/example_dags/example_sensors.py for tasks to queue
[2026-03-09T00:21:31.474+0000] {logging_mixin.py:188} INFO - [2026-03-09T00:21:31.474+0000] {dagbag.py:540} INFO - Filling up the DagBag from /home/airflow/.local/lib/python3.8/site-packages/airflow/example_dags/example_sensors.py
[2026-03-09T00:21:31.494+0000] {processor.py:840} INFO - DAG(s) 'example_sensors' retrieved from /home/airflow/.local/lib/python3.8/site-packages/airflow/example_dags/example_sensors.py
[2026-03-09T00:21:31.550+0000] {logging_mixin.py:188} INFO - [2026-03-09T00:21:31.550+0000] {dag.py:3047} INFO - Sync 1 DAGs
[2026-03-09T00:21:31.588+0000] {logging_mixin.py:188} INFO - [2026-03-09T00:21:31.588+0000] {dag.py:3834} INFO - Setting next_dagrun for example_sensors to None, run_after=None
[2026-03-09T00:21:31.638+0000] {processor.py:183} INFO - Processing /home/airflow/.local/lib/python3.8/site-packages/airflow/example_dags/example_sensors.py took 0.183 seconds
[2026-03-09T00:22:02.030+0000] {processor.py:161} INFO - Started process (PID=2601) to work on /home/airflow/.local/lib/python3.8/site-packages/airflow/example_dags/example_sensors.py
[2026-03-09T00:22:02.034+0000] {processor.py:830} INFO - Processing file /home/airflow/.local/lib/python3.8/site-packages/airflow/example_dags/example_sensors.py for tasks to queue
[2026-03-09T00:22:02.040+0000] {logging_mixin.py:188} INFO - [2026-03-09T00:22:02.039+0000] {dagbag.py:540} INFO - Filling up the DagBag from /home/airflow/.local/lib/python3.8/site-packages/airflow/example_dags/example_sensors.py
[2026-03-09T00:22:02.068+0000] {processor.py:840} INFO - DAG(s) 'example_sensors' retrieved from /home/airflow/.local/lib/python3.8/site-packages/airflow/example_dags/example_sensors.py
[2026-03-09T00:22:02.144+0000] {logging_mixin.py:188} INFO - [2026-03-09T00:22:02.143+0000] {dag.py:3047} INFO - Sync 1 DAGs
[2026-03-09T00:22:02.192+0000] {logging_mixin.py:188} INFO - [2026-03-09T00:22:02.191+0000] {dag.py:3834} INFO - Setting next_dagrun for example_sensors to None, run_after=None
[2026-03-09T00:22:02.260+0000] {processor.py:183} INFO - Processing /home/airflow/.local/lib/python3.8/site-packages/airflow/example_dags/example_sensors.py took 0.242 seconds
[2026-03-09T00:22:37.709+0000] {processor.py:161} INFO - Started process (PID=2658) to work on /home/airflow/.local/lib/python3.8/site-packages/airflow/example_dags/example_sensors.py
[2026-03-09T00:22:37.722+0000] {processor.py:830} INFO - Processing file /home/airflow/.local/lib/python3.8/site-packages/airflow/example_dags/example_sensors.py for tasks to queue
[2026-03-09T00:22:37.735+0000] {logging_mixin.py:188} INFO - [2026-03-09T00:22:37.734+0000] {dagbag.py:540} INFO - Filling up the DagBag from /home/airflow/.local/lib/python3.8/site-packages/airflow/example_dags/example_sensors.py
[2026-03-09T00:22:37.793+0000] {processor.py:840} INFO - DAG(s) 'example_sensors' retrieved from /home/airflow/.local/lib/python3.8/site-packages/airflow/example_dags/example_sensors.py
[2026-03-09T00:22:37.930+0000] {logging_mixin.py:188} INFO - [2026-03-09T00:22:37.930+0000] {dag.py:3047} INFO - Sync 1 DAGs
[2026-03-09T00:22:37.989+0000] {logging_mixin.py:188} INFO - [2026-03-09T00:22:37.988+0000] {dag.py:3834} INFO - Setting next_dagrun for example_sensors to None, run_after=None
[2026-03-09T00:22:38.058+0000] {processor.py:183} INFO - Processing /home/airflow/.local/lib/python3.8/site-packages/airflow/example_dags/example_sensors.py took 0.378 seconds
[2026-03-09T00:23:08.321+0000] {processor.py:161} INFO - Started process (PID=2714) to work on /home/airflow/.local/lib/python3.8/site-packages/airflow/example_dags/example_sensors.py
[2026-03-09T00:23:08.324+0000] {processor.py:830} INFO - Processing file /home/airflow/.local/lib/python3.8/site-packages/airflow/example_dags/example_sensors.py for tasks to queue
[2026-03-09T00:23:08.332+0000] {logging_mixin.py:188} INFO - [2026-03-09T00:23:08.331+0000] {dagbag.py:540} INFO - Filling up the DagBag from /home/airflow/.local/lib/python3.8/site-packages/airflow/example_dags/example_sensors.py
[2026-03-09T00:23:08.360+0000] {processor.py:840} INFO - DAG(s) 'example_sensors' retrieved from /home/airflow/.local/lib/python3.8/site-packages/airflow/example_dags/example_sensors.py
[2026-03-09T00:23:08.445+0000] {logging_mixin.py:188} INFO - [2026-03-09T00:23:08.444+0000] {dag.py:3047} INFO - Sync 1 DAGs
[2026-03-09T00:23:08.493+0000] {logging_mixin.py:188} INFO - [2026-03-09T00:23:08.492+0000] {dag.py:3834} INFO - Setting next_dagrun for example_sensors to None, run_after=None
[2026-03-09T00:23:08.563+0000] {processor.py:183} INFO - Processing /home/airflow/.local/lib/python3.8/site-packages/airflow/example_dags/example_sensors.py took 0.254 seconds
[2026-03-09T00:23:39.183+0000] {processor.py:161} INFO - Started process (PID=2770) to work on /home/airflow/.local/lib/python3.8/site-packages/airflow/example_dags/example_sensors.py
[2026-03-09T00:23:39.187+0000] {processor.py:830} INFO - Processing file /home/airflow/.local/lib/python3.8/site-packages/airflow/example_dags/example_sensors.py for tasks to queue
[2026-03-09T00:23:39.194+0000] {logging_mixin.py:188} INFO - [2026-03-09T00:23:39.193+0000] {dagbag.py:540} INFO - Filling up the DagBag from /home/airflow/.local/lib/python3.8/site-packages/airflow/example_dags/example_sensors.py
[2026-03-09T00:23:39.235+0000] {processor.py:840} INFO - DAG(s) 'example_sensors' retrieved from /home/airflow/.local/lib/python3.8/site-packages/airflow/example_dags/example_sensors.py
[2026-03-09T00:23:39.323+0000] {logging_mixin.py:188} INFO - [2026-03-09T00:23:39.322+0000] {dag.py:3047} INFO - Sync 1 DAGs
[2026-03-09T00:23:39.364+0000] {logging_mixin.py:188} INFO - [2026-03-09T00:23:39.363+0000] {dag.py:3834} INFO - Setting next_dagrun for example_sensors to None, run_after=None
[2026-03-09T00:23:39.423+0000] {processor.py:183} INFO - Processing /home/airflow/.local/lib/python3.8/site-packages/airflow/example_dags/example_sensors.py took 0.254 seconds
[2026-03-09T00:24:10.094+0000] {processor.py:161} INFO - Started process (PID=2826) to work on /home/airflow/.local/lib/python3.8/site-packages/airflow/example_dags/example_sensors.py
[2026-03-09T00:24:10.097+0000] {processor.py:830} INFO - Processing file /home/airflow/.local/lib/python3.8/site-packages/airflow/example_dags/example_sensors.py for tasks to queue
[2026-03-09T00:24:10.103+0000] {logging_mixin.py:188} INFO - [2026-03-09T00:24:10.102+0000] {dagbag.py:540} INFO - Filling up the DagBag from /home/airflow/.local/lib/python3.8/site-packages/airflow/example_dags/example_sensors.py
[2026-03-09T00:24:10.136+0000] {processor.py:840} INFO - DAG(s) 'example_sensors' retrieved from /home/airflow/.local/lib/python3.8/site-packages/airflow/example_dags/example_sensors.py
[2026-03-09T00:24:10.204+0000] {logging_mixin.py:188} INFO - [2026-03-09T00:24:10.204+0000] {dag.py:3047} INFO - Sync 1 DAGs
[2026-03-09T00:24:10.250+0000] {logging_mixin.py:188} INFO - [2026-03-09T00:24:10.249+0000] {dag.py:3834} INFO - Setting next_dagrun for example_sensors to None, run_after=None
[2026-03-09T00:24:10.340+0000] {processor.py:183} INFO - Processing /home/airflow/.local/lib/python3.8/site-packages/airflow/example_dags/example_sensors.py took 0.256 seconds
[2026-03-09T00:24:41.252+0000] {processor.py:161} INFO - Started process (PID=2881) to work on /home/airflow/.local/lib/python3.8/site-packages/airflow/example_dags/example_sensors.py
[2026-03-09T00:24:41.257+0000] {processor.py:830} INFO - Processing file /home/airflow/.local/lib/python3.8/site-packages/airflow/example_dags/example_sensors.py for tasks to queue
[2026-03-09T00:24:41.265+0000] {logging_mixin.py:188} INFO - [2026-03-09T00:24:41.263+0000] {dagbag.py:540} INFO - Filling up the DagBag from /home/airflow/.local/lib/python3.8/site-packages/airflow/example_dags/example_sensors.py
[2026-03-09T00:24:41.301+0000] {processor.py:840} INFO - DAG(s) 'example_sensors' retrieved from /home/airflow/.local/lib/python3.8/site-packages/airflow/example_dags/example_sensors.py
[2026-03-09T00:24:41.395+0000] {logging_mixin.py:188} INFO - [2026-03-09T00:24:41.394+0000] {dag.py:3047} INFO - Sync 1 DAGs
[2026-03-09T00:24:41.432+0000] {logging_mixin.py:188} INFO - [2026-03-09T00:24:41.432+0000] {dag.py:3834} INFO - Setting next_dagrun for example_sensors to None, run_after=None
[2026-03-09T00:24:41.488+0000] {processor.py:183} INFO - Processing /home/airflow/.local/lib/python3.8/site-packages/airflow/example_dags/example_sensors.py took 0.251 seconds
[2026-03-09T00:25:14.849+0000] {processor.py:161} INFO - Started process (PID=2935) to work on /home/airflow/.local/lib/python3.8/site-packages/airflow/example_dags/example_sensors.py
[2026-03-09T00:25:14.869+0000] {processor.py:830} INFO - Processing file /home/airflow/.local/lib/python3.8/site-packages/airflow/example_dags/example_sensors.py for tasks to queue
[2026-03-09T00:25:14.915+0000] {logging_mixin.py:188} INFO - [2026-03-09T00:25:14.914+0000] {dagbag.py:540} INFO - Filling up the DagBag from /home/airflow/.local/lib/python3.8/site-packages/airflow/example_dags/example_sensors.py
[2026-03-09T00:25:15.047+0000] {processor.py:840} INFO - DAG(s) 'example_sensors' retrieved from /home/airflow/.local/lib/python3.8/site-packages/airflow/example_dags/example_sensors.py
[2026-03-09T00:25:15.580+0000] {logging_mixin.py:188} INFO - [2026-03-09T00:25:15.579+0000] {dag.py:3047} INFO - Sync 1 DAGs
[2026-03-09T00:25:15.855+0000] {logging_mixin.py:188} INFO - [2026-03-09T00:25:15.854+0000] {dag.py:3834} INFO - Setting next_dagrun for example_sensors to None, run_after=None
[2026-03-09T00:25:16.149+0000] {processor.py:183} INFO - Processing /home/airflow/.local/lib/python3.8/site-packages/airflow/example_dags/example_sensors.py took 1.335 seconds
[2026-03-09T00:25:46.809+0000] {processor.py:161} INFO - Started process (PID=2991) to work on /home/airflow/.local/lib/python3.8/site-packages/airflow/example_dags/example_sensors.py
[2026-03-09T00:25:46.828+0000] {processor.py:830} INFO - Processing file /home/airflow/.local/lib/python3.8/site-packages/airflow/example_dags/example_sensors.py for tasks to queue
[2026-03-09T00:25:46.845+0000] {logging_mixin.py:188} INFO - [2026-03-09T00:25:46.844+0000] {dagbag.py:540} INFO - Filling up the DagBag from /home/airflow/.local/lib/python3.8/site-packages/airflow/example_dags/example_sensors.py
[2026-03-09T00:25:46.962+0000] {processor.py:840} INFO - DAG(s) 'example_sensors' retrieved from /home/airflow/.local/lib/python3.8/site-packages/airflow/example_dags/example_sensors.py
[2026-03-09T00:25:47.182+0000] {logging_mixin.py:188} INFO - [2026-03-09T00:25:47.180+0000] {dag.py:3047} INFO - Sync 1 DAGs
[2026-03-09T00:25:47.291+0000] {logging_mixin.py:188} INFO - [2026-03-09T00:25:47.273+0000] {dag.py:3834} INFO - Setting next_dagrun for example_sensors to None, run_after=None
[2026-03-09T00:25:47.403+0000] {processor.py:183} INFO - Processing /home/airflow/.local/lib/python3.8/site-packages/airflow/example_dags/example_sensors.py took 0.628 seconds
[2026-03-09T00:26:17.574+0000] {processor.py:161} INFO - Started process (PID=3047) to work on /home/airflow/.local/lib/python3.8/site-packages/airflow/example_dags/example_sensors.py
[2026-03-09T00:26:17.578+0000] {processor.py:830} INFO - Processing file /home/airflow/.local/lib/python3.8/site-packages/airflow/example_dags/example_sensors.py for tasks to queue
[2026-03-09T00:26:17.585+0000] {logging_mixin.py:188} INFO - [2026-03-09T00:26:17.584+0000] {dagbag.py:540} INFO - Filling up the DagBag from /home/airflow/.local/lib/python3.8/site-packages/airflow/example_dags/example_sensors.py
[2026-03-09T00:26:17.640+0000] {processor.py:840} INFO - DAG(s) 'example_sensors' retrieved from /home/airflow/.local/lib/python3.8/site-packages/airflow/example_dags/example_sensors.py
[2026-03-09T00:26:17.718+0000] {logging_mixin.py:188} INFO - [2026-03-09T00:26:17.717+0000] {dag.py:3047} INFO - Sync 1 DAGs
[2026-03-09T00:26:17.745+0000] {logging_mixin.py:188} INFO - [2026-03-09T00:26:17.744+0000] {dag.py:3834} INFO - Setting next_dagrun for example_sensors to None, run_after=None
[2026-03-09T00:26:17.783+0000] {processor.py:183} INFO - Processing /home/airflow/.local/lib/python3.8/site-packages/airflow/example_dags/example_sensors.py took 0.219 seconds
[2026-03-09T00:26:48.278+0000] {processor.py:161} INFO - Started process (PID=3102) to work on /home/airflow/.local/lib/python3.8/site-packages/airflow/example_dags/example_sensors.py
[2026-03-09T00:26:48.286+0000] {processor.py:830} INFO - Processing file /home/airflow/.local/lib/python3.8/site-packages/airflow/example_dags/example_sensors.py for tasks to queue
[2026-03-09T00:26:48.300+0000] {logging_mixin.py:188} INFO - [2026-03-09T00:26:48.297+0000] {dagbag.py:540} INFO - Filling up the DagBag from /home/airflow/.local/lib/python3.8/site-packages/airflow/example_dags/example_sensors.py
[2026-03-09T00:26:48.348+0000] {processor.py:840} INFO - DAG(s) 'example_sensors' retrieved from /home/airflow/.local/lib/python3.8/site-packages/airflow/example_dags/example_sensors.py
[2026-03-09T00:26:48.515+0000] {logging_mixin.py:188} INFO - [2026-03-09T00:26:48.514+0000] {dag.py:3047} INFO - Sync 1 DAGs
[2026-03-09T00:26:48.583+0000] {logging_mixin.py:188} INFO - [2026-03-09T00:26:48.582+0000] {dag.py:3834} INFO - Setting next_dagrun for example_sensors to None, run_after=None
[2026-03-09T00:26:48.649+0000] {processor.py:183} INFO - Processing /home/airflow/.local/lib/python3.8/site-packages/airflow/example_dags/example_sensors.py took 0.392 seconds
[2026-03-09T00:27:19.177+0000] {processor.py:161} INFO - Started process (PID=3157) to work on /home/airflow/.local/lib/python3.8/site-packages/airflow/example_dags/example_sensors.py
[2026-03-09T00:27:19.180+0000] {processor.py:830} INFO - Processing file /home/airflow/.local/lib/python3.8/site-packages/airflow/example_dags/example_sensors.py for tasks to queue
[2026-03-09T00:27:19.185+0000] {logging_mixin.py:188} INFO - [2026-03-09T00:27:19.184+0000] {dagbag.py:540} INFO - Filling up the DagBag from /home/airflow/.local/lib/python3.8/site-packages/airflow/example_dags/example_sensors.py
[2026-03-09T00:27:19.206+0000] {processor.py:840} INFO - DAG(s) 'example_sensors' retrieved from /home/airflow/.local/lib/python3.8/site-packages/airflow/example_dags/example_sensors.py
[2026-03-09T00:27:19.265+0000] {logging_mixin.py:188} INFO - [2026-03-09T00:27:19.265+0000] {dag.py:3047} INFO - Sync 1 DAGs
[2026-03-09T00:27:19.295+0000] {logging_mixin.py:188} INFO - [2026-03-09T00:27:19.294+0000] {dag.py:3834} INFO - Setting next_dagrun for example_sensors to None, run_after=None
[2026-03-09T00:27:19.350+0000] {processor.py:183} INFO - Processing /home/airflow/.local/lib/python3.8/site-packages/airflow/example_dags/example_sensors.py took 0.182 seconds
[2026-03-09T00:27:49.592+0000] {processor.py:161} INFO - Started process (PID=3213) to work on /home/airflow/.local/lib/python3.8/site-packages/airflow/example_dags/example_sensors.py
[2026-03-09T00:27:49.596+0000] {processor.py:830} INFO - Processing file /home/airflow/.local/lib/python3.8/site-packages/airflow/example_dags/example_sensors.py for tasks to queue
[2026-03-09T00:27:49.601+0000] {logging_mixin.py:188} INFO - [2026-03-09T00:27:49.601+0000] {dagbag.py:540} INFO - Filling up the DagBag from /home/airflow/.local/lib/python3.8/site-packages/airflow/example_dags/example_sensors.py
[2026-03-09T00:27:49.629+0000] {processor.py:840} INFO - DAG(s) 'example_sensors' retrieved from /home/airflow/.local/lib/python3.8/site-packages/airflow/example_dags/example_sensors.py
[2026-03-09T00:27:49.704+0000] {logging_mixin.py:188} INFO - [2026-03-09T00:27:49.703+0000] {dag.py:3047} INFO - Sync 1 DAGs
[2026-03-09T00:27:49.730+0000] {logging_mixin.py:188} INFO - [2026-03-09T00:27:49.729+0000] {dag.py:3834} INFO - Setting next_dagrun for example_sensors to None, run_after=None
[2026-03-09T00:27:49.780+0000] {processor.py:183} INFO - Processing /home/airflow/.local/lib/python3.8/site-packages/airflow/example_dags/example_sensors.py took 0.197 seconds
[2026-03-09T00:28:20.387+0000] {processor.py:161} INFO - Started process (PID=3269) to work on /home/airflow/.local/lib/python3.8/site-packages/airflow/example_dags/example_sensors.py
[2026-03-09T00:28:20.389+0000] {processor.py:830} INFO - Processing file /home/airflow/.local/lib/python3.8/site-packages/airflow/example_dags/example_sensors.py for tasks to queue
[2026-03-09T00:28:20.393+0000] {logging_mixin.py:188} INFO - [2026-03-09T00:28:20.393+0000] {dagbag.py:540} INFO - Filling up the DagBag from /home/airflow/.local/lib/python3.8/site-packages/airflow/example_dags/example_sensors.py
[2026-03-09T00:28:20.423+0000] {processor.py:840} INFO - DAG(s) 'example_sensors' retrieved from /home/airflow/.local/lib/python3.8/site-packages/airflow/example_dags/example_sensors.py
[2026-03-09T00:28:20.515+0000] {logging_mixin.py:188} INFO - [2026-03-09T00:28:20.513+0000] {dag.py:3047} INFO - Sync 1 DAGs
[2026-03-09T00:28:20.569+0000] {logging_mixin.py:188} INFO - [2026-03-09T00:28:20.569+0000] {dag.py:3834} INFO - Setting next_dagrun for example_sensors to None, run_after=None
[2026-03-09T00:28:20.653+0000] {processor.py:183} INFO - Processing /home/airflow/.local/lib/python3.8/site-packages/airflow/example_dags/example_sensors.py took 0.275 seconds
[2026-03-09T00:28:51.002+0000] {processor.py:161} INFO - Started process (PID=3325) to work on /home/airflow/.local/lib/python3.8/site-packages/airflow/example_dags/example_sensors.py
[2026-03-09T00:28:51.007+0000] {processor.py:830} INFO - Processing file /home/airflow/.local/lib/python3.8/site-packages/airflow/example_dags/example_sensors.py for tasks to queue
[2026-03-09T00:28:51.024+0000] {logging_mixin.py:188} INFO - [2026-03-09T00:28:51.023+0000] {dagbag.py:540} INFO - Filling up the DagBag from /home/airflow/.local/lib/python3.8/site-packages/airflow/example_dags/example_sensors.py
[2026-03-09T00:28:51.063+0000] {processor.py:840} INFO - DAG(s) 'example_sensors' retrieved from /home/airflow/.local/lib/python3.8/site-packages/airflow/example_dags/example_sensors.py
[2026-03-09T00:28:51.183+0000] {logging_mixin.py:188} INFO - [2026-03-09T00:28:51.182+0000] {dag.py:3047} INFO - Sync 1 DAGs
[2026-03-09T00:28:51.255+0000] {logging_mixin.py:188} INFO - [2026-03-09T00:28:51.254+0000] {dag.py:3834} INFO - Setting next_dagrun for example_sensors to None, run_after=None
[2026-03-09T00:28:51.386+0000] {processor.py:183} INFO - Processing /home/airflow/.local/lib/python3.8/site-packages/airflow/example_dags/example_sensors.py took 0.401 seconds
[2026-03-09T00:29:23.049+0000] {processor.py:161} INFO - Started process (PID=3381) to work on /home/airflow/.local/lib/python3.8/site-packages/airflow/example_dags/example_sensors.py
[2026-03-09T00:29:23.052+0000] {processor.py:830} INFO - Processing file /home/airflow/.local/lib/python3.8/site-packages/airflow/example_dags/example_sensors.py for tasks to queue
[2026-03-09T00:29:23.066+0000] {logging_mixin.py:188} INFO - [2026-03-09T00:29:23.065+0000] {dagbag.py:540} INFO - Filling up the DagBag from /home/airflow/.local/lib/python3.8/site-packages/airflow/example_dags/example_sensors.py
[2026-03-09T00:29:23.101+0000] {processor.py:840} INFO - DAG(s) 'example_sensors' retrieved from /home/airflow/.local/lib/python3.8/site-packages/airflow/example_dags/example_sensors.py
[2026-03-09T00:29:23.168+0000] {logging_mixin.py:188} INFO - [2026-03-09T00:29:23.168+0000] {dag.py:3047} INFO - Sync 1 DAGs
[2026-03-09T00:29:23.215+0000] {logging_mixin.py:188} INFO - [2026-03-09T00:29:23.214+0000] {dag.py:3834} INFO - Setting next_dagrun for example_sensors to None, run_after=None
[2026-03-09T00:29:23.283+0000] {processor.py:183} INFO - Processing /home/airflow/.local/lib/python3.8/site-packages/airflow/example_dags/example_sensors.py took 0.248 seconds
[2026-03-09T00:29:55.607+0000] {processor.py:161} INFO - Started process (PID=3438) to work on /home/airflow/.local/lib/python3.8/site-packages/airflow/example_dags/example_sensors.py
[2026-03-09T00:29:55.612+0000] {processor.py:830} INFO - Processing file /home/airflow/.local/lib/python3.8/site-packages/airflow/example_dags/example_sensors.py for tasks to queue
[2026-03-09T00:29:55.621+0000] {logging_mixin.py:188} INFO - [2026-03-09T00:29:55.620+0000] {dagbag.py:540} INFO - Filling up the DagBag from /home/airflow/.local/lib/python3.8/site-packages/airflow/example_dags/example_sensors.py
[2026-03-09T00:29:55.663+0000] {processor.py:840} INFO - DAG(s) 'example_sensors' retrieved from /home/airflow/.local/lib/python3.8/site-packages/airflow/example_dags/example_sensors.py
[2026-03-09T00:29:55.775+0000] {logging_mixin.py:188} INFO - [2026-03-09T00:29:55.775+0000] {dag.py:3047} INFO - Sync 1 DAGs
[2026-03-09T00:29:55.899+0000] {logging_mixin.py:188} INFO - [2026-03-09T00:29:55.898+0000] {dag.py:3834} INFO - Setting next_dagrun for example_sensors to None, run_after=None
[2026-03-09T00:29:55.979+0000] {processor.py:183} INFO - Processing /home/airflow/.local/lib/python3.8/site-packages/airflow/example_dags/example_sensors.py took 0.387 seconds
[2026-03-09T00:30:26.995+0000] {processor.py:161} INFO - Started process (PID=3494) to work on /home/airflow/.local/lib/python3.8/site-packages/airflow/example_dags/example_sensors.py
[2026-03-09T00:30:27.000+0000] {processor.py:830} INFO - Processing file /home/airflow/.local/lib/python3.8/site-packages/airflow/example_dags/example_sensors.py for tasks to queue
[2026-03-09T00:30:27.024+0000] {logging_mixin.py:188} INFO - [2026-03-09T00:30:27.022+0000] {dagbag.py:540} INFO - Filling up the DagBag from /home/airflow/.local/lib/python3.8/site-packages/airflow/example_dags/example_sensors.py
[2026-03-09T00:30:27.069+0000] {processor.py:840} INFO - DAG(s) 'example_sensors' retrieved from /home/airflow/.local/lib/python3.8/site-packages/airflow/example_dags/example_sensors.py
[2026-03-09T00:30:27.172+0000] {logging_mixin.py:188} INFO - [2026-03-09T00:30:27.171+0000] {dag.py:3047} INFO - Sync 1 DAGs
[2026-03-09T00:30:27.221+0000] {logging_mixin.py:188} INFO - [2026-03-09T00:30:27.220+0000] {dag.py:3834} INFO - Setting next_dagrun for example_sensors to None, run_after=None
[2026-03-09T00:30:27.294+0000] {processor.py:183} INFO - Processing /home/airflow/.local/lib/python3.8/site-packages/airflow/example_dags/example_sensors.py took 0.316 seconds
[2026-03-09T00:30:57.487+0000] {processor.py:161} INFO - Started process (PID=3549) to work on /home/airflow/.local/lib/python3.8/site-packages/airflow/example_dags/example_sensors.py
[2026-03-09T00:30:57.493+0000] {processor.py:830} INFO - Processing file /home/airflow/.local/lib/python3.8/site-packages/airflow/example_dags/example_sensors.py for tasks to queue
[2026-03-09T00:30:57.504+0000] {logging_mixin.py:188} INFO - [2026-03-09T00:30:57.502+0000] {dagbag.py:540} INFO - Filling up the DagBag from /home/airflow/.local/lib/python3.8/site-packages/airflow/example_dags/example_sensors.py
[2026-03-09T00:30:57.548+0000] {processor.py:840} INFO - DAG(s) 'example_sensors' retrieved from /home/airflow/.local/lib/python3.8/site-packages/airflow/example_dags/example_sensors.py
[2026-03-09T00:30:57.676+0000] {logging_mixin.py:188} INFO - [2026-03-09T00:30:57.676+0000] {dag.py:3047} INFO - Sync 1 DAGs
[2026-03-09T00:30:57.740+0000] {logging_mixin.py:188} INFO - [2026-03-09T00:30:57.739+0000] {dag.py:3834} INFO - Setting next_dagrun for example_sensors to None, run_after=None
[2026-03-09T00:30:57.866+0000] {processor.py:183} INFO - Processing /home/airflow/.local/lib/python3.8/site-packages/airflow/example_dags/example_sensors.py took 0.398 seconds
[2026-03-09T00:31:28.034+0000] {processor.py:161} INFO - Started process (PID=3605) to work on /home/airflow/.local/lib/python3.8/site-packages/airflow/example_dags/example_sensors.py
[2026-03-09T00:31:28.036+0000] {processor.py:830} INFO - Processing file /home/airflow/.local/lib/python3.8/site-packages/airflow/example_dags/example_sensors.py for tasks to queue
[2026-03-09T00:31:28.041+0000] {logging_mixin.py:188} INFO - [2026-03-09T00:31:28.040+0000] {dagbag.py:540} INFO - Filling up the DagBag from /home/airflow/.local/lib/python3.8/site-packages/airflow/example_dags/example_sensors.py
[2026-03-09T00:31:28.068+0000] {processor.py:840} INFO - DAG(s) 'example_sensors' retrieved from /home/airflow/.local/lib/python3.8/site-packages/airflow/example_dags/example_sensors.py
[2026-03-09T00:31:28.127+0000] {logging_mixin.py:188} INFO - [2026-03-09T00:31:28.127+0000] {dag.py:3047} INFO - Sync 1 DAGs
[2026-03-09T00:31:28.155+0000] {logging_mixin.py:188} INFO - [2026-03-09T00:31:28.154+0000] {dag.py:3834} INFO - Setting next_dagrun for example_sensors to None, run_after=None
[2026-03-09T00:31:28.214+0000] {processor.py:183} INFO - Processing /home/airflow/.local/lib/python3.8/site-packages/airflow/example_dags/example_sensors.py took 0.191 seconds
[2026-03-09T00:31:59.158+0000] {processor.py:161} INFO - Started process (PID=3660) to work on /home/airflow/.local/lib/python3.8/site-packages/airflow/example_dags/example_sensors.py
[2026-03-09T00:31:59.162+0000] {processor.py:830} INFO - Processing file /home/airflow/.local/lib/python3.8/site-packages/airflow/example_dags/example_sensors.py for tasks to queue
[2026-03-09T00:31:59.167+0000] {logging_mixin.py:188} INFO - [2026-03-09T00:31:59.167+0000] {dagbag.py:540} INFO - Filling up the DagBag from /home/airflow/.local/lib/python3.8/site-packages/airflow/example_dags/example_sensors.py
[2026-03-09T00:31:59.198+0000] {processor.py:840} INFO - DAG(s) 'example_sensors' retrieved from /home/airflow/.local/lib/python3.8/site-packages/airflow/example_dags/example_sensors.py
[2026-03-09T00:31:59.260+0000] {logging_mixin.py:188} INFO - [2026-03-09T00:31:59.259+0000] {dag.py:3047} INFO - Sync 1 DAGs
[2026-03-09T00:31:59.290+0000] {logging_mixin.py:188} INFO - [2026-03-09T00:31:59.289+0000] {dag.py:3834} INFO - Setting next_dagrun for example_sensors to None, run_after=None
[2026-03-09T00:31:59.388+0000] {processor.py:183} INFO - Processing /home/airflow/.local/lib/python3.8/site-packages/airflow/example_dags/example_sensors.py took 0.242 seconds
[2026-03-09T00:32:29.820+0000] {processor.py:161} INFO - Started process (PID=3716) to work on /home/airflow/.local/lib/python3.8/site-packages/airflow/example_dags/example_sensors.py
[2026-03-09T00:32:29.823+0000] {processor.py:830} INFO - Processing file /home/airflow/.local/lib/python3.8/site-packages/airflow/example_dags/example_sensors.py for tasks to queue
[2026-03-09T00:32:29.833+0000] {logging_mixin.py:188} INFO - [2026-03-09T00:32:29.832+0000] {dagbag.py:540} INFO - Filling up the DagBag from /home/airflow/.local/lib/python3.8/site-packages/airflow/example_dags/example_sensors.py
[2026-03-09T00:32:29.891+0000] {processor.py:840} INFO - DAG(s) 'example_sensors' retrieved from /home/airflow/.local/lib/python3.8/site-packages/airflow/example_dags/example_sensors.py
[2026-03-09T00:32:30.070+0000] {logging_mixin.py:188} INFO - [2026-03-09T00:32:30.069+0000] {dag.py:3047} INFO - Sync 1 DAGs
[2026-03-09T00:32:30.119+0000] {logging_mixin.py:188} INFO - [2026-03-09T00:32:30.119+0000] {dag.py:3834} INFO - Setting next_dagrun for example_sensors to None, run_after=None
[2026-03-09T00:32:30.215+0000] {processor.py:183} INFO - Processing /home/airflow/.local/lib/python3.8/site-packages/airflow/example_dags/example_sensors.py took 0.403 seconds
[2026-03-09T00:33:00.480+0000] {processor.py:161} INFO - Started process (PID=3772) to work on /home/airflow/.local/lib/python3.8/site-packages/airflow/example_dags/example_sensors.py
[2026-03-09T00:33:00.484+0000] {processor.py:830} INFO - Processing file /home/airflow/.local/lib/python3.8/site-packages/airflow/example_dags/example_sensors.py for tasks to queue
[2026-03-09T00:33:00.491+0000] {logging_mixin.py:188} INFO - [2026-03-09T00:33:00.490+0000] {dagbag.py:540} INFO - Filling up the DagBag from /home/airflow/.local/lib/python3.8/site-packages/airflow/example_dags/example_sensors.py
[2026-03-09T00:33:00.522+0000] {processor.py:840} INFO - DAG(s) 'example_sensors' retrieved from /home/airflow/.local/lib/python3.8/site-packages/airflow/example_dags/example_sensors.py
[2026-03-09T00:33:00.613+0000] {logging_mixin.py:188} INFO - [2026-03-09T00:33:00.612+0000] {dag.py:3047} INFO - Sync 1 DAGs
[2026-03-09T00:33:00.670+0000] {logging_mixin.py:188} INFO - [2026-03-09T00:33:00.669+0000] {dag.py:3834} INFO - Setting next_dagrun for example_sensors to None, run_after=None
[2026-03-09T00:33:00.727+0000] {processor.py:183} INFO - Processing /home/airflow/.local/lib/python3.8/site-packages/airflow/example_dags/example_sensors.py took 0.261 seconds
[2026-03-09T00:33:34.045+0000] {processor.py:161} INFO - Started process (PID=3827) to work on /home/airflow/.local/lib/python3.8/site-packages/airflow/example_dags/example_sensors.py
[2026-03-09T00:33:34.051+0000] {processor.py:830} INFO - Processing file /home/airflow/.local/lib/python3.8/site-packages/airflow/example_dags/example_sensors.py for tasks to queue
[2026-03-09T00:33:34.057+0000] {logging_mixin.py:188} INFO - [2026-03-09T00:33:34.056+0000] {dagbag.py:540} INFO - Filling up the DagBag from /home/airflow/.local/lib/python3.8/site-packages/airflow/example_dags/example_sensors.py
[2026-03-09T00:33:34.090+0000] {processor.py:840} INFO - DAG(s) 'example_sensors' retrieved from /home/airflow/.local/lib/python3.8/site-packages/airflow/example_dags/example_sensors.py
[2026-03-09T00:33:34.583+0000] {logging_mixin.py:188} INFO - [2026-03-09T00:33:34.582+0000] {dag.py:3047} INFO - Sync 1 DAGs
[2026-03-09T00:33:34.621+0000] {logging_mixin.py:188} INFO - [2026-03-09T00:33:34.620+0000] {dag.py:3834} INFO - Setting next_dagrun for example_sensors to None, run_after=None
[2026-03-09T00:33:34.683+0000] {processor.py:183} INFO - Processing /home/airflow/.local/lib/python3.8/site-packages/airflow/example_dags/example_sensors.py took 0.648 seconds
[2026-03-09T00:34:08.204+0000] {processor.py:161} INFO - Started process (PID=3883) to work on /home/airflow/.local/lib/python3.8/site-packages/airflow/example_dags/example_sensors.py
[2026-03-09T00:34:08.209+0000] {processor.py:830} INFO - Processing file /home/airflow/.local/lib/python3.8/site-packages/airflow/example_dags/example_sensors.py for tasks to queue
[2026-03-09T00:34:08.245+0000] {logging_mixin.py:188} INFO - [2026-03-09T00:34:08.235+0000] {dagbag.py:540} INFO - Filling up the DagBag from /home/airflow/.local/lib/python3.8/site-packages/airflow/example_dags/example_sensors.py
[2026-03-09T00:34:08.314+0000] {processor.py:840} INFO - DAG(s) 'example_sensors' retrieved from /home/airflow/.local/lib/python3.8/site-packages/airflow/example_dags/example_sensors.py
[2026-03-09T00:34:08.472+0000] {logging_mixin.py:188} INFO - [2026-03-09T00:34:08.471+0000] {dag.py:3047} INFO - Sync 1 DAGs
[2026-03-09T00:34:08.894+0000] {logging_mixin.py:188} INFO - [2026-03-09T00:34:08.893+0000] {dag.py:3834} INFO - Setting next_dagrun for example_sensors to None, run_after=None
[2026-03-09T00:34:08.969+0000] {processor.py:183} INFO - Processing /home/airflow/.local/lib/python3.8/site-packages/airflow/example_dags/example_sensors.py took 0.789 seconds
[2026-03-09T00:34:39.799+0000] {processor.py:161} INFO - Started process (PID=3938) to work on /home/airflow/.local/lib/python3.8/site-packages/airflow/example_dags/example_sensors.py
[2026-03-09T00:34:39.803+0000] {processor.py:830} INFO - Processing file /home/airflow/.local/lib/python3.8/site-packages/airflow/example_dags/example_sensors.py for tasks to queue
[2026-03-09T00:34:39.812+0000] {logging_mixin.py:188} INFO - [2026-03-09T00:34:39.811+0000] {dagbag.py:540} INFO - Filling up the DagBag from /home/airflow/.local/lib/python3.8/site-packages/airflow/example_dags/example_sensors.py
[2026-03-09T00:34:39.859+0000] {processor.py:840} INFO - DAG(s) 'example_sensors' retrieved from /home/airflow/.local/lib/python3.8/site-packages/airflow/example_dags/example_sensors.py
[2026-03-09T00:34:39.991+0000] {logging_mixin.py:188} INFO - [2026-03-09T00:34:39.990+0000] {dag.py:3047} INFO - Sync 1 DAGs
[2026-03-09T00:34:40.064+0000] {logging_mixin.py:188} INFO - [2026-03-09T00:34:40.063+0000] {dag.py:3834} INFO - Setting next_dagrun for example_sensors to None, run_after=None
[2026-03-09T00:34:40.620+0000] {processor.py:183} INFO - Processing /home/airflow/.local/lib/python3.8/site-packages/airflow/example_dags/example_sensors.py took 0.840 seconds
[2026-03-09T00:35:11.079+0000] {processor.py:161} INFO - Started process (PID=3995) to work on /home/airflow/.local/lib/python3.8/site-packages/airflow/example_dags/example_sensors.py
[2026-03-09T00:35:11.086+0000] {processor.py:830} INFO - Processing file /home/airflow/.local/lib/python3.8/site-packages/airflow/example_dags/example_sensors.py for tasks to queue
[2026-03-09T00:35:11.097+0000] {logging_mixin.py:188} INFO - [2026-03-09T00:35:11.096+0000] {dagbag.py:540} INFO - Filling up the DagBag from /home/airflow/.local/lib/python3.8/site-packages/airflow/example_dags/example_sensors.py
[2026-03-09T00:35:11.161+0000] {processor.py:840} INFO - DAG(s) 'example_sensors' retrieved from /home/airflow/.local/lib/python3.8/site-packages/airflow/example_dags/example_sensors.py
[2026-03-09T00:35:11.394+0000] {logging_mixin.py:188} INFO - [2026-03-09T00:35:11.393+0000] {dag.py:3047} INFO - Sync 1 DAGs
[2026-03-09T00:35:11.479+0000] {logging_mixin.py:188} INFO - [2026-03-09T00:35:11.478+0000] {dag.py:3834} INFO - Setting next_dagrun for example_sensors to None, run_after=None
[2026-03-09T00:35:11.584+0000] {processor.py:183} INFO - Processing /home/airflow/.local/lib/python3.8/site-packages/airflow/example_dags/example_sensors.py took 0.522 seconds
[2026-03-09T00:35:42.283+0000] {processor.py:161} INFO - Started process (PID=4051) to work on /home/airflow/.local/lib/python3.8/site-packages/airflow/example_dags/example_sensors.py
[2026-03-09T00:35:42.286+0000] {processor.py:830} INFO - Processing file /home/airflow/.local/lib/python3.8/site-packages/airflow/example_dags/example_sensors.py for tasks to queue
[2026-03-09T00:35:42.292+0000] {logging_mixin.py:188} INFO - [2026-03-09T00:35:42.291+0000] {dagbag.py:540} INFO - Filling up the DagBag from /home/airflow/.local/lib/python3.8/site-packages/airflow/example_dags/example_sensors.py
[2026-03-09T00:35:42.314+0000] {processor.py:840} INFO - DAG(s) 'example_sensors' retrieved from /home/airflow/.local/lib/python3.8/site-packages/airflow/example_dags/example_sensors.py
[2026-03-09T00:35:42.389+0000] {logging_mixin.py:188} INFO - [2026-03-09T00:35:42.389+0000] {dag.py:3047} INFO - Sync 1 DAGs
[2026-03-09T00:35:42.426+0000] {logging_mixin.py:188} INFO - [2026-03-09T00:35:42.425+0000] {dag.py:3834} INFO - Setting next_dagrun for example_sensors to None, run_after=None
[2026-03-09T00:35:42.505+0000] {processor.py:183} INFO - Processing /home/airflow/.local/lib/python3.8/site-packages/airflow/example_dags/example_sensors.py took 0.231 seconds
[2026-03-09T00:36:12.746+0000] {processor.py:161} INFO - Started process (PID=4107) to work on /home/airflow/.local/lib/python3.8/site-packages/airflow/example_dags/example_sensors.py
[2026-03-09T00:36:12.750+0000] {processor.py:830} INFO - Processing file /home/airflow/.local/lib/python3.8/site-packages/airflow/example_dags/example_sensors.py for tasks to queue
[2026-03-09T00:36:12.755+0000] {logging_mixin.py:188} INFO - [2026-03-09T00:36:12.754+0000] {dagbag.py:540} INFO - Filling up the DagBag from /home/airflow/.local/lib/python3.8/site-packages/airflow/example_dags/example_sensors.py
[2026-03-09T00:36:12.777+0000] {processor.py:840} INFO - DAG(s) 'example_sensors' retrieved from /home/airflow/.local/lib/python3.8/site-packages/airflow/example_dags/example_sensors.py
[2026-03-09T00:36:12.834+0000] {logging_mixin.py:188} INFO - [2026-03-09T00:36:12.834+0000] {dag.py:3047} INFO - Sync 1 DAGs
[2026-03-09T00:36:12.866+0000] {logging_mixin.py:188} INFO - [2026-03-09T00:36:12.865+0000] {dag.py:3834} INFO - Setting next_dagrun for example_sensors to None, run_after=None
[2026-03-09T00:36:12.909+0000] {processor.py:183} INFO - Processing /home/airflow/.local/lib/python3.8/site-packages/airflow/example_dags/example_sensors.py took 0.171 seconds
[2026-03-09T00:36:43.602+0000] {processor.py:161} INFO - Started process (PID=4163) to work on /home/airflow/.local/lib/python3.8/site-packages/airflow/example_dags/example_sensors.py
[2026-03-09T00:36:43.606+0000] {processor.py:830} INFO - Processing file /home/airflow/.local/lib/python3.8/site-packages/airflow/example_dags/example_sensors.py for tasks to queue
[2026-03-09T00:36:43.612+0000] {logging_mixin.py:188} INFO - [2026-03-09T00:36:43.611+0000] {dagbag.py:540} INFO - Filling up the DagBag from /home/airflow/.local/lib/python3.8/site-packages/airflow/example_dags/example_sensors.py
[2026-03-09T00:36:43.637+0000] {processor.py:840} INFO - DAG(s) 'example_sensors' retrieved from /home/airflow/.local/lib/python3.8/site-packages/airflow/example_dags/example_sensors.py
[2026-03-09T00:36:43.744+0000] {logging_mixin.py:188} INFO - [2026-03-09T00:36:43.743+0000] {dag.py:3047} INFO - Sync 1 DAGs
[2026-03-09T00:36:43.794+0000] {logging_mixin.py:188} INFO - [2026-03-09T00:36:43.793+0000] {dag.py:3834} INFO - Setting next_dagrun for example_sensors to None, run_after=None
[2026-03-09T00:36:43.865+0000] {processor.py:183} INFO - Processing /home/airflow/.local/lib/python3.8/site-packages/airflow/example_dags/example_sensors.py took 0.275 seconds
[2026-03-09T00:37:14.309+0000] {processor.py:161} INFO - Started process (PID=4219) to work on /home/airflow/.local/lib/python3.8/site-packages/airflow/example_dags/example_sensors.py
[2026-03-09T00:37:14.314+0000] {processor.py:830} INFO - Processing file /home/airflow/.local/lib/python3.8/site-packages/airflow/example_dags/example_sensors.py for tasks to queue
[2026-03-09T00:37:14.321+0000] {logging_mixin.py:188} INFO - [2026-03-09T00:37:14.320+0000] {dagbag.py:540} INFO - Filling up the DagBag from /home/airflow/.local/lib/python3.8/site-packages/airflow/example_dags/example_sensors.py
[2026-03-09T00:37:14.376+0000] {processor.py:840} INFO - DAG(s) 'example_sensors' retrieved from /home/airflow/.local/lib/python3.8/site-packages/airflow/example_dags/example_sensors.py
[2026-03-09T00:37:14.538+0000] {logging_mixin.py:188} INFO - [2026-03-09T00:37:14.536+0000] {dag.py:3047} INFO - Sync 1 DAGs
[2026-03-09T00:37:14.663+0000] {logging_mixin.py:188} INFO - [2026-03-09T00:37:14.661+0000] {dag.py:3834} INFO - Setting next_dagrun for example_sensors to None, run_after=None
[2026-03-09T00:37:14.778+0000] {processor.py:183} INFO - Processing /home/airflow/.local/lib/python3.8/site-packages/airflow/example_dags/example_sensors.py took 0.485 seconds
[2026-03-09T00:37:45.294+0000] {processor.py:161} INFO - Started process (PID=4275) to work on /home/airflow/.local/lib/python3.8/site-packages/airflow/example_dags/example_sensors.py
[2026-03-09T00:37:45.299+0000] {processor.py:830} INFO - Processing file /home/airflow/.local/lib/python3.8/site-packages/airflow/example_dags/example_sensors.py for tasks to queue
[2026-03-09T00:37:45.308+0000] {logging_mixin.py:188} INFO - [2026-03-09T00:37:45.306+0000] {dagbag.py:540} INFO - Filling up the DagBag from /home/airflow/.local/lib/python3.8/site-packages/airflow/example_dags/example_sensors.py
[2026-03-09T00:37:45.345+0000] {processor.py:840} INFO - DAG(s) 'example_sensors' retrieved from /home/airflow/.local/lib/python3.8/site-packages/airflow/example_dags/example_sensors.py
[2026-03-09T00:37:45.521+0000] {logging_mixin.py:188} INFO - [2026-03-09T00:37:45.520+0000] {dag.py:3047} INFO - Sync 1 DAGs
[2026-03-09T00:37:45.589+0000] {logging_mixin.py:188} INFO - [2026-03-09T00:37:45.588+0000] {dag.py:3834} INFO - Setting next_dagrun for example_sensors to None, run_after=None
[2026-03-09T00:37:45.644+0000] {processor.py:183} INFO - Processing /home/airflow/.local/lib/python3.8/site-packages/airflow/example_dags/example_sensors.py took 0.364 seconds
[2026-03-09T00:38:16.579+0000] {processor.py:161} INFO - Started process (PID=4332) to work on /home/airflow/.local/lib/python3.8/site-packages/airflow/example_dags/example_sensors.py
[2026-03-09T00:38:16.592+0000] {processor.py:830} INFO - Processing file /home/airflow/.local/lib/python3.8/site-packages/airflow/example_dags/example_sensors.py for tasks to queue
[2026-03-09T00:38:16.605+0000] {logging_mixin.py:188} INFO - [2026-03-09T00:38:16.604+0000] {dagbag.py:540} INFO - Filling up the DagBag from /home/airflow/.local/lib/python3.8/site-packages/airflow/example_dags/example_sensors.py
[2026-03-09T00:38:16.667+0000] {processor.py:840} INFO - DAG(s) 'example_sensors' retrieved from /home/airflow/.local/lib/python3.8/site-packages/airflow/example_dags/example_sensors.py
[2026-03-09T00:38:16.798+0000] {logging_mixin.py:188} INFO - [2026-03-09T00:38:16.797+0000] {dag.py:3047} INFO - Sync 1 DAGs
[2026-03-09T00:38:16.867+0000] {logging_mixin.py:188} INFO - [2026-03-09T00:38:16.866+0000] {dag.py:3834} INFO - Setting next_dagrun for example_sensors to None, run_after=None
[2026-03-09T00:38:17.040+0000] {processor.py:183} INFO - Processing /home/airflow/.local/lib/python3.8/site-packages/airflow/example_dags/example_sensors.py took 0.485 seconds
[2026-03-09T00:38:48.322+0000] {processor.py:161} INFO - Started process (PID=4388) to work on /home/airflow/.local/lib/python3.8/site-packages/airflow/example_dags/example_sensors.py
[2026-03-09T00:38:48.326+0000] {processor.py:830} INFO - Processing file /home/airflow/.local/lib/python3.8/site-packages/airflow/example_dags/example_sensors.py for tasks to queue
[2026-03-09T00:38:48.334+0000] {logging_mixin.py:188} INFO - [2026-03-09T00:38:48.332+0000] {dagbag.py:540} INFO - Filling up the DagBag from /home/airflow/.local/lib/python3.8/site-packages/airflow/example_dags/example_sensors.py
[2026-03-09T00:38:48.383+0000] {processor.py:840} INFO - DAG(s) 'example_sensors' retrieved from /home/airflow/.local/lib/python3.8/site-packages/airflow/example_dags/example_sensors.py
[2026-03-09T00:38:48.513+0000] {logging_mixin.py:188} INFO - [2026-03-09T00:38:48.512+0000] {dag.py:3047} INFO - Sync 1 DAGs
[2026-03-09T00:38:48.587+0000] {logging_mixin.py:188} INFO - [2026-03-09T00:38:48.586+0000] {dag.py:3834} INFO - Setting next_dagrun for example_sensors to None, run_after=None
[2026-03-09T00:38:48.659+0000] {processor.py:183} INFO - Processing /home/airflow/.local/lib/python3.8/site-packages/airflow/example_dags/example_sensors.py took 0.353 seconds
