[2026-03-09T00:00:13.724+0000] {processor.py:161} INFO - Started process (PID=257) to work on /home/airflow/.local/lib/python3.8/site-packages/airflow/example_dags/example_latest_only.py
[2026-03-09T00:00:13.730+0000] {processor.py:830} INFO - Processing file /home/airflow/.local/lib/python3.8/site-packages/airflow/example_dags/example_latest_only.py for tasks to queue
[2026-03-09T00:00:13.737+0000] {logging_mixin.py:188} INFO - [2026-03-09T00:00:13.736+0000] {dagbag.py:540} INFO - Filling up the DagBag from /home/airflow/.local/lib/python3.8/site-packages/airflow/example_dags/example_latest_only.py
[2026-03-09T00:00:13.769+0000] {processor.py:840} INFO - DAG(s) 'latest_only' retrieved from /home/airflow/.local/lib/python3.8/site-packages/airflow/example_dags/example_latest_only.py
[2026-03-09T00:00:14.723+0000] {logging_mixin.py:188} INFO - [2026-03-09T00:00:14.705+0000] {dag.py:3047} INFO - Sync 1 DAGs
[2026-03-09T00:00:14.950+0000] {logging_mixin.py:188} INFO - [2026-03-09T00:00:14.948+0000] {dag.py:3834} INFO - Setting next_dagrun for latest_only to 2026-03-08 20:00:00+00:00, run_after=2026-03-09 00:00:00+00:00
[2026-03-09T00:00:15.111+0000] {processor.py:183} INFO - Processing /home/airflow/.local/lib/python3.8/site-packages/airflow/example_dags/example_latest_only.py took 1.399 seconds
[2026-03-09T00:00:45.924+0000] {processor.py:161} INFO - Started process (PID=312) to work on /home/airflow/.local/lib/python3.8/site-packages/airflow/example_dags/example_latest_only.py
[2026-03-09T00:00:45.940+0000] {processor.py:830} INFO - Processing file /home/airflow/.local/lib/python3.8/site-packages/airflow/example_dags/example_latest_only.py for tasks to queue
[2026-03-09T00:00:45.951+0000] {logging_mixin.py:188} INFO - [2026-03-09T00:00:45.950+0000] {dagbag.py:540} INFO - Filling up the DagBag from /home/airflow/.local/lib/python3.8/site-packages/airflow/example_dags/example_latest_only.py
[2026-03-09T00:00:45.973+0000] {processor.py:840} INFO - DAG(s) 'latest_only' retrieved from /home/airflow/.local/lib/python3.8/site-packages/airflow/example_dags/example_latest_only.py
[2026-03-09T00:00:46.067+0000] {logging_mixin.py:188} INFO - [2026-03-09T00:00:46.066+0000] {dag.py:3047} INFO - Sync 1 DAGs
[2026-03-09T00:00:46.139+0000] {logging_mixin.py:188} INFO - [2026-03-09T00:00:46.138+0000] {dag.py:3834} INFO - Setting next_dagrun for latest_only to 2026-03-08 20:00:00+00:00, run_after=2026-03-09 00:00:00+00:00
[2026-03-09T00:00:46.223+0000] {processor.py:183} INFO - Processing /home/airflow/.local/lib/python3.8/site-packages/airflow/example_dags/example_latest_only.py took 0.317 seconds
[2026-03-09T00:01:16.655+0000] {processor.py:161} INFO - Started process (PID=367) to work on /home/airflow/.local/lib/python3.8/site-packages/airflow/example_dags/example_latest_only.py
[2026-03-09T00:01:16.660+0000] {processor.py:830} INFO - Processing file /home/airflow/.local/lib/python3.8/site-packages/airflow/example_dags/example_latest_only.py for tasks to queue
[2026-03-09T00:01:16.671+0000] {logging_mixin.py:188} INFO - [2026-03-09T00:01:16.669+0000] {dagbag.py:540} INFO - Filling up the DagBag from /home/airflow/.local/lib/python3.8/site-packages/airflow/example_dags/example_latest_only.py
[2026-03-09T00:01:16.699+0000] {processor.py:840} INFO - DAG(s) 'latest_only' retrieved from /home/airflow/.local/lib/python3.8/site-packages/airflow/example_dags/example_latest_only.py
[2026-03-09T00:01:16.866+0000] {logging_mixin.py:188} INFO - [2026-03-09T00:01:16.865+0000] {dag.py:3047} INFO - Sync 1 DAGs
[2026-03-09T00:01:16.987+0000] {logging_mixin.py:188} INFO - [2026-03-09T00:01:16.986+0000] {dag.py:3834} INFO - Setting next_dagrun for latest_only to 2026-03-08 20:00:00+00:00, run_after=2026-03-09 00:00:00+00:00
[2026-03-09T00:01:17.058+0000] {processor.py:183} INFO - Processing /home/airflow/.local/lib/python3.8/site-packages/airflow/example_dags/example_latest_only.py took 0.418 seconds
[2026-03-09T00:01:47.385+0000] {processor.py:161} INFO - Started process (PID=421) to work on /home/airflow/.local/lib/python3.8/site-packages/airflow/example_dags/example_latest_only.py
[2026-03-09T00:01:47.400+0000] {processor.py:830} INFO - Processing file /home/airflow/.local/lib/python3.8/site-packages/airflow/example_dags/example_latest_only.py for tasks to queue
[2026-03-09T00:01:47.424+0000] {logging_mixin.py:188} INFO - [2026-03-09T00:01:47.422+0000] {dagbag.py:540} INFO - Filling up the DagBag from /home/airflow/.local/lib/python3.8/site-packages/airflow/example_dags/example_latest_only.py
[2026-03-09T00:01:47.467+0000] {processor.py:840} INFO - DAG(s) 'latest_only' retrieved from /home/airflow/.local/lib/python3.8/site-packages/airflow/example_dags/example_latest_only.py
[2026-03-09T00:01:47.657+0000] {logging_mixin.py:188} INFO - [2026-03-09T00:01:47.653+0000] {dag.py:3047} INFO - Sync 1 DAGs
[2026-03-09T00:01:47.842+0000] {logging_mixin.py:188} INFO - [2026-03-09T00:01:47.841+0000] {dag.py:3834} INFO - Setting next_dagrun for latest_only to 2026-03-08 20:00:00+00:00, run_after=2026-03-09 00:00:00+00:00
[2026-03-09T00:01:48.006+0000] {processor.py:183} INFO - Processing /home/airflow/.local/lib/python3.8/site-packages/airflow/example_dags/example_latest_only.py took 0.653 seconds
[2026-03-09T00:02:18.159+0000] {processor.py:161} INFO - Started process (PID=476) to work on /home/airflow/.local/lib/python3.8/site-packages/airflow/example_dags/example_latest_only.py
[2026-03-09T00:02:18.162+0000] {processor.py:830} INFO - Processing file /home/airflow/.local/lib/python3.8/site-packages/airflow/example_dags/example_latest_only.py for tasks to queue
[2026-03-09T00:02:18.169+0000] {logging_mixin.py:188} INFO - [2026-03-09T00:02:18.168+0000] {dagbag.py:540} INFO - Filling up the DagBag from /home/airflow/.local/lib/python3.8/site-packages/airflow/example_dags/example_latest_only.py
[2026-03-09T00:02:18.186+0000] {processor.py:840} INFO - DAG(s) 'latest_only' retrieved from /home/airflow/.local/lib/python3.8/site-packages/airflow/example_dags/example_latest_only.py
[2026-03-09T00:02:18.242+0000] {logging_mixin.py:188} INFO - [2026-03-09T00:02:18.241+0000] {dag.py:3047} INFO - Sync 1 DAGs
[2026-03-09T00:02:18.287+0000] {logging_mixin.py:188} INFO - [2026-03-09T00:02:18.287+0000] {dag.py:3834} INFO - Setting next_dagrun for latest_only to 2026-03-08 20:00:00+00:00, run_after=2026-03-09 00:00:00+00:00
[2026-03-09T00:02:18.326+0000] {processor.py:183} INFO - Processing /home/airflow/.local/lib/python3.8/site-packages/airflow/example_dags/example_latest_only.py took 0.176 seconds
[2026-03-09T00:02:49.071+0000] {processor.py:161} INFO - Started process (PID=532) to work on /home/airflow/.local/lib/python3.8/site-packages/airflow/example_dags/example_latest_only.py
[2026-03-09T00:02:49.075+0000] {processor.py:830} INFO - Processing file /home/airflow/.local/lib/python3.8/site-packages/airflow/example_dags/example_latest_only.py for tasks to queue
[2026-03-09T00:02:49.085+0000] {logging_mixin.py:188} INFO - [2026-03-09T00:02:49.082+0000] {dagbag.py:540} INFO - Filling up the DagBag from /home/airflow/.local/lib/python3.8/site-packages/airflow/example_dags/example_latest_only.py
[2026-03-09T00:02:49.110+0000] {processor.py:840} INFO - DAG(s) 'latest_only' retrieved from /home/airflow/.local/lib/python3.8/site-packages/airflow/example_dags/example_latest_only.py
[2026-03-09T00:02:49.210+0000] {logging_mixin.py:188} INFO - [2026-03-09T00:02:49.209+0000] {dag.py:3047} INFO - Sync 1 DAGs
[2026-03-09T00:02:49.305+0000] {logging_mixin.py:188} INFO - [2026-03-09T00:02:49.304+0000] {dag.py:3834} INFO - Setting next_dagrun for latest_only to 2026-03-08 20:00:00+00:00, run_after=2026-03-09 00:00:00+00:00
[2026-03-09T00:02:49.382+0000] {processor.py:183} INFO - Processing /home/airflow/.local/lib/python3.8/site-packages/airflow/example_dags/example_latest_only.py took 0.325 seconds
[2026-03-09T00:03:20.173+0000] {processor.py:161} INFO - Started process (PID=587) to work on /home/airflow/.local/lib/python3.8/site-packages/airflow/example_dags/example_latest_only.py
[2026-03-09T00:03:20.177+0000] {processor.py:830} INFO - Processing file /home/airflow/.local/lib/python3.8/site-packages/airflow/example_dags/example_latest_only.py for tasks to queue
[2026-03-09T00:03:20.182+0000] {logging_mixin.py:188} INFO - [2026-03-09T00:03:20.181+0000] {dagbag.py:540} INFO - Filling up the DagBag from /home/airflow/.local/lib/python3.8/site-packages/airflow/example_dags/example_latest_only.py
[2026-03-09T00:03:20.200+0000] {processor.py:840} INFO - DAG(s) 'latest_only' retrieved from /home/airflow/.local/lib/python3.8/site-packages/airflow/example_dags/example_latest_only.py
[2026-03-09T00:03:20.250+0000] {logging_mixin.py:188} INFO - [2026-03-09T00:03:20.249+0000] {dag.py:3047} INFO - Sync 1 DAGs
[2026-03-09T00:03:20.293+0000] {logging_mixin.py:188} INFO - [2026-03-09T00:03:20.293+0000] {dag.py:3834} INFO - Setting next_dagrun for latest_only to 2026-03-08 20:00:00+00:00, run_after=2026-03-09 00:00:00+00:00
[2026-03-09T00:03:20.334+0000] {processor.py:183} INFO - Processing /home/airflow/.local/lib/python3.8/site-packages/airflow/example_dags/example_latest_only.py took 0.170 seconds
[2026-03-09T00:03:53.485+0000] {processor.py:161} INFO - Started process (PID=642) to work on /home/airflow/.local/lib/python3.8/site-packages/airflow/example_dags/example_latest_only.py
[2026-03-09T00:03:53.490+0000] {processor.py:830} INFO - Processing file /home/airflow/.local/lib/python3.8/site-packages/airflow/example_dags/example_latest_only.py for tasks to queue
[2026-03-09T00:03:53.498+0000] {logging_mixin.py:188} INFO - [2026-03-09T00:03:53.497+0000] {dagbag.py:540} INFO - Filling up the DagBag from /home/airflow/.local/lib/python3.8/site-packages/airflow/example_dags/example_latest_only.py
[2026-03-09T00:03:53.519+0000] {processor.py:840} INFO - DAG(s) 'latest_only' retrieved from /home/airflow/.local/lib/python3.8/site-packages/airflow/example_dags/example_latest_only.py
[2026-03-09T00:03:53.588+0000] {logging_mixin.py:188} INFO - [2026-03-09T00:03:53.587+0000] {dag.py:3047} INFO - Sync 1 DAGs
[2026-03-09T00:03:53.662+0000] {logging_mixin.py:188} INFO - [2026-03-09T00:03:53.661+0000] {dag.py:3834} INFO - Setting next_dagrun for latest_only to 2026-03-08 20:00:00+00:00, run_after=2026-03-09 00:00:00+00:00
[2026-03-09T00:03:53.709+0000] {processor.py:183} INFO - Processing /home/airflow/.local/lib/python3.8/site-packages/airflow/example_dags/example_latest_only.py took 0.241 seconds
[2026-03-09T00:04:24.739+0000] {processor.py:161} INFO - Started process (PID=697) to work on /home/airflow/.local/lib/python3.8/site-packages/airflow/example_dags/example_latest_only.py
[2026-03-09T00:04:24.744+0000] {processor.py:830} INFO - Processing file /home/airflow/.local/lib/python3.8/site-packages/airflow/example_dags/example_latest_only.py for tasks to queue
[2026-03-09T00:04:24.762+0000] {logging_mixin.py:188} INFO - [2026-03-09T00:04:24.760+0000] {dagbag.py:540} INFO - Filling up the DagBag from /home/airflow/.local/lib/python3.8/site-packages/airflow/example_dags/example_latest_only.py
[2026-03-09T00:04:24.809+0000] {processor.py:840} INFO - DAG(s) 'latest_only' retrieved from /home/airflow/.local/lib/python3.8/site-packages/airflow/example_dags/example_latest_only.py
[2026-03-09T00:04:24.901+0000] {logging_mixin.py:188} INFO - [2026-03-09T00:04:24.900+0000] {dag.py:3047} INFO - Sync 1 DAGs
[2026-03-09T00:04:24.997+0000] {logging_mixin.py:188} INFO - [2026-03-09T00:04:24.996+0000] {dag.py:3834} INFO - Setting next_dagrun for latest_only to 2026-03-08 20:00:00+00:00, run_after=2026-03-09 00:00:00+00:00
[2026-03-09T00:04:25.064+0000] {processor.py:183} INFO - Processing /home/airflow/.local/lib/python3.8/site-packages/airflow/example_dags/example_latest_only.py took 0.362 seconds
[2026-03-09T00:04:56.234+0000] {processor.py:161} INFO - Started process (PID=752) to work on /home/airflow/.local/lib/python3.8/site-packages/airflow/example_dags/example_latest_only.py
[2026-03-09T00:04:56.242+0000] {processor.py:830} INFO - Processing file /home/airflow/.local/lib/python3.8/site-packages/airflow/example_dags/example_latest_only.py for tasks to queue
[2026-03-09T00:04:56.260+0000] {logging_mixin.py:188} INFO - [2026-03-09T00:04:56.253+0000] {dagbag.py:540} INFO - Filling up the DagBag from /home/airflow/.local/lib/python3.8/site-packages/airflow/example_dags/example_latest_only.py
[2026-03-09T00:04:56.281+0000] {processor.py:840} INFO - DAG(s) 'latest_only' retrieved from /home/airflow/.local/lib/python3.8/site-packages/airflow/example_dags/example_latest_only.py
[2026-03-09T00:04:56.391+0000] {logging_mixin.py:188} INFO - [2026-03-09T00:04:56.391+0000] {dag.py:3047} INFO - Sync 1 DAGs
[2026-03-09T00:04:56.480+0000] {logging_mixin.py:188} INFO - [2026-03-09T00:04:56.479+0000] {dag.py:3834} INFO - Setting next_dagrun for latest_only to 2026-03-08 20:00:00+00:00, run_after=2026-03-09 00:00:00+00:00
[2026-03-09T00:04:56.574+0000] {processor.py:183} INFO - Processing /home/airflow/.local/lib/python3.8/site-packages/airflow/example_dags/example_latest_only.py took 0.355 seconds
[2026-03-09T00:05:27.557+0000] {processor.py:161} INFO - Started process (PID=807) to work on /home/airflow/.local/lib/python3.8/site-packages/airflow/example_dags/example_latest_only.py
[2026-03-09T00:05:27.560+0000] {processor.py:830} INFO - Processing file /home/airflow/.local/lib/python3.8/site-packages/airflow/example_dags/example_latest_only.py for tasks to queue
[2026-03-09T00:05:27.565+0000] {logging_mixin.py:188} INFO - [2026-03-09T00:05:27.564+0000] {dagbag.py:540} INFO - Filling up the DagBag from /home/airflow/.local/lib/python3.8/site-packages/airflow/example_dags/example_latest_only.py
[2026-03-09T00:05:27.579+0000] {processor.py:840} INFO - DAG(s) 'latest_only' retrieved from /home/airflow/.local/lib/python3.8/site-packages/airflow/example_dags/example_latest_only.py
[2026-03-09T00:05:27.631+0000] {logging_mixin.py:188} INFO - [2026-03-09T00:05:27.630+0000] {dag.py:3047} INFO - Sync 1 DAGs
[2026-03-09T00:05:27.711+0000] {logging_mixin.py:188} INFO - [2026-03-09T00:05:27.710+0000] {dag.py:3834} INFO - Setting next_dagrun for latest_only to 2026-03-08 20:00:00+00:00, run_after=2026-03-09 00:00:00+00:00
[2026-03-09T00:05:27.778+0000] {processor.py:183} INFO - Processing /home/airflow/.local/lib/python3.8/site-packages/airflow/example_dags/example_latest_only.py took 0.231 seconds
[2026-03-09T00:05:59.162+0000] {processor.py:161} INFO - Started process (PID=863) to work on /home/airflow/.local/lib/python3.8/site-packages/airflow/example_dags/example_latest_only.py
[2026-03-09T00:05:59.166+0000] {processor.py:830} INFO - Processing file /home/airflow/.local/lib/python3.8/site-packages/airflow/example_dags/example_latest_only.py for tasks to queue
[2026-03-09T00:05:59.173+0000] {logging_mixin.py:188} INFO - [2026-03-09T00:05:59.172+0000] {dagbag.py:540} INFO - Filling up the DagBag from /home/airflow/.local/lib/python3.8/site-packages/airflow/example_dags/example_latest_only.py
[2026-03-09T00:05:59.198+0000] {processor.py:840} INFO - DAG(s) 'latest_only' retrieved from /home/airflow/.local/lib/python3.8/site-packages/airflow/example_dags/example_latest_only.py
[2026-03-09T00:05:59.302+0000] {logging_mixin.py:188} INFO - [2026-03-09T00:05:59.301+0000] {dag.py:3047} INFO - Sync 1 DAGs
[2026-03-09T00:05:59.450+0000] {logging_mixin.py:188} INFO - [2026-03-09T00:05:59.449+0000] {dag.py:3834} INFO - Setting next_dagrun for latest_only to 2026-03-08 20:00:00+00:00, run_after=2026-03-09 00:00:00+00:00
[2026-03-09T00:05:59.599+0000] {processor.py:183} INFO - Processing /home/airflow/.local/lib/python3.8/site-packages/airflow/example_dags/example_latest_only.py took 0.448 seconds
[2026-03-09T00:06:31.833+0000] {processor.py:161} INFO - Started process (PID=918) to work on /home/airflow/.local/lib/python3.8/site-packages/airflow/example_dags/example_latest_only.py
[2026-03-09T00:06:31.849+0000] {processor.py:830} INFO - Processing file /home/airflow/.local/lib/python3.8/site-packages/airflow/example_dags/example_latest_only.py for tasks to queue
[2026-03-09T00:06:31.867+0000] {logging_mixin.py:188} INFO - [2026-03-09T00:06:31.866+0000] {dagbag.py:540} INFO - Filling up the DagBag from /home/airflow/.local/lib/python3.8/site-packages/airflow/example_dags/example_latest_only.py
[2026-03-09T00:06:31.928+0000] {processor.py:840} INFO - DAG(s) 'latest_only' retrieved from /home/airflow/.local/lib/python3.8/site-packages/airflow/example_dags/example_latest_only.py
[2026-03-09T00:06:32.072+0000] {logging_mixin.py:188} INFO - [2026-03-09T00:06:32.071+0000] {dag.py:3047} INFO - Sync 1 DAGs
[2026-03-09T00:06:32.249+0000] {logging_mixin.py:188} INFO - [2026-03-09T00:06:32.248+0000] {dag.py:3834} INFO - Setting next_dagrun for latest_only to 2026-03-08 20:00:00+00:00, run_after=2026-03-09 00:00:00+00:00
[2026-03-09T00:06:32.416+0000] {processor.py:183} INFO - Processing /home/airflow/.local/lib/python3.8/site-packages/airflow/example_dags/example_latest_only.py took 0.620 seconds
[2026-03-09T00:07:02.973+0000] {processor.py:161} INFO - Started process (PID=974) to work on /home/airflow/.local/lib/python3.8/site-packages/airflow/example_dags/example_latest_only.py
[2026-03-09T00:07:02.979+0000] {processor.py:830} INFO - Processing file /home/airflow/.local/lib/python3.8/site-packages/airflow/example_dags/example_latest_only.py for tasks to queue
[2026-03-09T00:07:02.989+0000] {logging_mixin.py:188} INFO - [2026-03-09T00:07:02.988+0000] {dagbag.py:540} INFO - Filling up the DagBag from /home/airflow/.local/lib/python3.8/site-packages/airflow/example_dags/example_latest_only.py
[2026-03-09T00:07:03.009+0000] {processor.py:840} INFO - DAG(s) 'latest_only' retrieved from /home/airflow/.local/lib/python3.8/site-packages/airflow/example_dags/example_latest_only.py
[2026-03-09T00:07:03.098+0000] {logging_mixin.py:188} INFO - [2026-03-09T00:07:03.097+0000] {dag.py:3047} INFO - Sync 1 DAGs
[2026-03-09T00:07:03.194+0000] {logging_mixin.py:188} INFO - [2026-03-09T00:07:03.193+0000] {dag.py:3834} INFO - Setting next_dagrun for latest_only to 2026-03-08 20:00:00+00:00, run_after=2026-03-09 00:00:00+00:00
[2026-03-09T00:07:03.269+0000] {processor.py:183} INFO - Processing /home/airflow/.local/lib/python3.8/site-packages/airflow/example_dags/example_latest_only.py took 0.311 seconds
[2026-03-09T00:07:33.802+0000] {processor.py:161} INFO - Started process (PID=1029) to work on /home/airflow/.local/lib/python3.8/site-packages/airflow/example_dags/example_latest_only.py
[2026-03-09T00:07:33.807+0000] {processor.py:830} INFO - Processing file /home/airflow/.local/lib/python3.8/site-packages/airflow/example_dags/example_latest_only.py for tasks to queue
[2026-03-09T00:07:33.815+0000] {logging_mixin.py:188} INFO - [2026-03-09T00:07:33.814+0000] {dagbag.py:540} INFO - Filling up the DagBag from /home/airflow/.local/lib/python3.8/site-packages/airflow/example_dags/example_latest_only.py
[2026-03-09T00:07:33.830+0000] {processor.py:840} INFO - DAG(s) 'latest_only' retrieved from /home/airflow/.local/lib/python3.8/site-packages/airflow/example_dags/example_latest_only.py
[2026-03-09T00:07:33.896+0000] {logging_mixin.py:188} INFO - [2026-03-09T00:07:33.896+0000] {dag.py:3047} INFO - Sync 1 DAGs
[2026-03-09T00:07:33.949+0000] {logging_mixin.py:188} INFO - [2026-03-09T00:07:33.948+0000] {dag.py:3834} INFO - Setting next_dagrun for latest_only to 2026-03-08 20:00:00+00:00, run_after=2026-03-09 00:00:00+00:00
[2026-03-09T00:07:33.993+0000] {processor.py:183} INFO - Processing /home/airflow/.local/lib/python3.8/site-packages/airflow/example_dags/example_latest_only.py took 0.203 seconds
[2026-03-09T00:08:04.307+0000] {processor.py:161} INFO - Started process (PID=1083) to work on /home/airflow/.local/lib/python3.8/site-packages/airflow/example_dags/example_latest_only.py
[2026-03-09T00:08:04.312+0000] {processor.py:830} INFO - Processing file /home/airflow/.local/lib/python3.8/site-packages/airflow/example_dags/example_latest_only.py for tasks to queue
[2026-03-09T00:08:04.319+0000] {logging_mixin.py:188} INFO - [2026-03-09T00:08:04.317+0000] {dagbag.py:540} INFO - Filling up the DagBag from /home/airflow/.local/lib/python3.8/site-packages/airflow/example_dags/example_latest_only.py
[2026-03-09T00:08:04.337+0000] {processor.py:840} INFO - DAG(s) 'latest_only' retrieved from /home/airflow/.local/lib/python3.8/site-packages/airflow/example_dags/example_latest_only.py
[2026-03-09T00:08:04.406+0000] {logging_mixin.py:188} INFO - [2026-03-09T00:08:04.406+0000] {dag.py:3047} INFO - Sync 1 DAGs
[2026-03-09T00:08:04.474+0000] {logging_mixin.py:188} INFO - [2026-03-09T00:08:04.473+0000] {dag.py:3834} INFO - Setting next_dagrun for latest_only to 2026-03-08 20:00:00+00:00, run_after=2026-03-09 00:00:00+00:00
[2026-03-09T00:08:04.535+0000] {processor.py:183} INFO - Processing /home/airflow/.local/lib/python3.8/site-packages/airflow/example_dags/example_latest_only.py took 0.241 seconds
[2026-03-09T00:08:35.007+0000] {processor.py:161} INFO - Started process (PID=1137) to work on /home/airflow/.local/lib/python3.8/site-packages/airflow/example_dags/example_latest_only.py
[2026-03-09T00:08:35.011+0000] {processor.py:830} INFO - Processing file /home/airflow/.local/lib/python3.8/site-packages/airflow/example_dags/example_latest_only.py for tasks to queue
[2026-03-09T00:08:35.018+0000] {logging_mixin.py:188} INFO - [2026-03-09T00:08:35.017+0000] {dagbag.py:540} INFO - Filling up the DagBag from /home/airflow/.local/lib/python3.8/site-packages/airflow/example_dags/example_latest_only.py
[2026-03-09T00:08:35.036+0000] {processor.py:840} INFO - DAG(s) 'latest_only' retrieved from /home/airflow/.local/lib/python3.8/site-packages/airflow/example_dags/example_latest_only.py
[2026-03-09T00:08:35.108+0000] {logging_mixin.py:188} INFO - [2026-03-09T00:08:35.107+0000] {dag.py:3047} INFO - Sync 1 DAGs
[2026-03-09T00:08:35.197+0000] {logging_mixin.py:188} INFO - [2026-03-09T00:08:35.196+0000] {dag.py:3834} INFO - Setting next_dagrun for latest_only to 2026-03-08 20:00:00+00:00, run_after=2026-03-09 00:00:00+00:00
[2026-03-09T00:08:35.278+0000] {processor.py:183} INFO - Processing /home/airflow/.local/lib/python3.8/site-packages/airflow/example_dags/example_latest_only.py took 0.281 seconds
[2026-03-09T00:09:06.191+0000] {processor.py:161} INFO - Started process (PID=1193) to work on /home/airflow/.local/lib/python3.8/site-packages/airflow/example_dags/example_latest_only.py
[2026-03-09T00:09:06.195+0000] {processor.py:830} INFO - Processing file /home/airflow/.local/lib/python3.8/site-packages/airflow/example_dags/example_latest_only.py for tasks to queue
[2026-03-09T00:09:06.204+0000] {logging_mixin.py:188} INFO - [2026-03-09T00:09:06.203+0000] {dagbag.py:540} INFO - Filling up the DagBag from /home/airflow/.local/lib/python3.8/site-packages/airflow/example_dags/example_latest_only.py
[2026-03-09T00:09:06.235+0000] {processor.py:840} INFO - DAG(s) 'latest_only' retrieved from /home/airflow/.local/lib/python3.8/site-packages/airflow/example_dags/example_latest_only.py
[2026-03-09T00:09:06.334+0000] {logging_mixin.py:188} INFO - [2026-03-09T00:09:06.334+0000] {dag.py:3047} INFO - Sync 1 DAGs
[2026-03-09T00:09:06.464+0000] {logging_mixin.py:188} INFO - [2026-03-09T00:09:06.463+0000] {dag.py:3834} INFO - Setting next_dagrun for latest_only to 2026-03-08 20:00:00+00:00, run_after=2026-03-09 00:00:00+00:00
[2026-03-09T00:09:06.561+0000] {processor.py:183} INFO - Processing /home/airflow/.local/lib/python3.8/site-packages/airflow/example_dags/example_latest_only.py took 0.387 seconds
[2026-03-09T00:09:37.155+0000] {processor.py:161} INFO - Started process (PID=1249) to work on /home/airflow/.local/lib/python3.8/site-packages/airflow/example_dags/example_latest_only.py
[2026-03-09T00:09:37.160+0000] {processor.py:830} INFO - Processing file /home/airflow/.local/lib/python3.8/site-packages/airflow/example_dags/example_latest_only.py for tasks to queue
[2026-03-09T00:09:37.168+0000] {logging_mixin.py:188} INFO - [2026-03-09T00:09:37.167+0000] {dagbag.py:540} INFO - Filling up the DagBag from /home/airflow/.local/lib/python3.8/site-packages/airflow/example_dags/example_latest_only.py
[2026-03-09T00:09:37.188+0000] {processor.py:840} INFO - DAG(s) 'latest_only' retrieved from /home/airflow/.local/lib/python3.8/site-packages/airflow/example_dags/example_latest_only.py
[2026-03-09T00:09:37.265+0000] {logging_mixin.py:188} INFO - [2026-03-09T00:09:37.264+0000] {dag.py:3047} INFO - Sync 1 DAGs
[2026-03-09T00:09:37.379+0000] {logging_mixin.py:188} INFO - [2026-03-09T00:09:37.377+0000] {dag.py:3834} INFO - Setting next_dagrun for latest_only to 2026-03-08 20:00:00+00:00, run_after=2026-03-09 00:00:00+00:00
[2026-03-09T00:09:37.474+0000] {processor.py:183} INFO - Processing /home/airflow/.local/lib/python3.8/site-packages/airflow/example_dags/example_latest_only.py took 0.337 seconds
[2026-03-09T00:10:07.604+0000] {processor.py:161} INFO - Started process (PID=1306) to work on /home/airflow/.local/lib/python3.8/site-packages/airflow/example_dags/example_latest_only.py
[2026-03-09T00:10:07.609+0000] {processor.py:830} INFO - Processing file /home/airflow/.local/lib/python3.8/site-packages/airflow/example_dags/example_latest_only.py for tasks to queue
[2026-03-09T00:10:07.617+0000] {logging_mixin.py:188} INFO - [2026-03-09T00:10:07.615+0000] {dagbag.py:540} INFO - Filling up the DagBag from /home/airflow/.local/lib/python3.8/site-packages/airflow/example_dags/example_latest_only.py
[2026-03-09T00:10:07.637+0000] {processor.py:840} INFO - DAG(s) 'latest_only' retrieved from /home/airflow/.local/lib/python3.8/site-packages/airflow/example_dags/example_latest_only.py
[2026-03-09T00:10:07.715+0000] {logging_mixin.py:188} INFO - [2026-03-09T00:10:07.715+0000] {dag.py:3047} INFO - Sync 1 DAGs
[2026-03-09T00:10:07.785+0000] {logging_mixin.py:188} INFO - [2026-03-09T00:10:07.784+0000] {dag.py:3834} INFO - Setting next_dagrun for latest_only to 2026-03-08 20:00:00+00:00, run_after=2026-03-09 00:00:00+00:00
[2026-03-09T00:10:07.847+0000] {processor.py:183} INFO - Processing /home/airflow/.local/lib/python3.8/site-packages/airflow/example_dags/example_latest_only.py took 0.257 seconds
[2026-03-09T00:10:38.697+0000] {processor.py:161} INFO - Started process (PID=1362) to work on /home/airflow/.local/lib/python3.8/site-packages/airflow/example_dags/example_latest_only.py
[2026-03-09T00:10:38.710+0000] {processor.py:830} INFO - Processing file /home/airflow/.local/lib/python3.8/site-packages/airflow/example_dags/example_latest_only.py for tasks to queue
[2026-03-09T00:10:38.737+0000] {logging_mixin.py:188} INFO - [2026-03-09T00:10:38.735+0000] {dagbag.py:540} INFO - Filling up the DagBag from /home/airflow/.local/lib/python3.8/site-packages/airflow/example_dags/example_latest_only.py
[2026-03-09T00:10:38.776+0000] {processor.py:840} INFO - DAG(s) 'latest_only' retrieved from /home/airflow/.local/lib/python3.8/site-packages/airflow/example_dags/example_latest_only.py
[2026-03-09T00:10:38.918+0000] {logging_mixin.py:188} INFO - [2026-03-09T00:10:38.916+0000] {dag.py:3047} INFO - Sync 1 DAGs
[2026-03-09T00:10:39.282+0000] {logging_mixin.py:188} INFO - [2026-03-09T00:10:39.272+0000] {dag.py:3834} INFO - Setting next_dagrun for latest_only to 2026-03-08 20:00:00+00:00, run_after=2026-03-09 00:00:00+00:00
[2026-03-09T00:10:39.426+0000] {processor.py:183} INFO - Processing /home/airflow/.local/lib/python3.8/site-packages/airflow/example_dags/example_latest_only.py took 0.800 seconds
[2026-03-09T00:11:09.717+0000] {processor.py:161} INFO - Started process (PID=1419) to work on /home/airflow/.local/lib/python3.8/site-packages/airflow/example_dags/example_latest_only.py
[2026-03-09T00:11:09.722+0000] {processor.py:830} INFO - Processing file /home/airflow/.local/lib/python3.8/site-packages/airflow/example_dags/example_latest_only.py for tasks to queue
[2026-03-09T00:11:09.732+0000] {logging_mixin.py:188} INFO - [2026-03-09T00:11:09.730+0000] {dagbag.py:540} INFO - Filling up the DagBag from /home/airflow/.local/lib/python3.8/site-packages/airflow/example_dags/example_latest_only.py
[2026-03-09T00:11:09.752+0000] {processor.py:840} INFO - DAG(s) 'latest_only' retrieved from /home/airflow/.local/lib/python3.8/site-packages/airflow/example_dags/example_latest_only.py
[2026-03-09T00:11:09.836+0000] {logging_mixin.py:188} INFO - [2026-03-09T00:11:09.835+0000] {dag.py:3047} INFO - Sync 1 DAGs
[2026-03-09T00:11:09.926+0000] {logging_mixin.py:188} INFO - [2026-03-09T00:11:09.925+0000] {dag.py:3834} INFO - Setting next_dagrun for latest_only to 2026-03-08 20:00:00+00:00, run_after=2026-03-09 00:00:00+00:00
[2026-03-09T00:11:10.037+0000] {processor.py:183} INFO - Processing /home/airflow/.local/lib/python3.8/site-packages/airflow/example_dags/example_latest_only.py took 0.331 seconds
[2026-03-09T00:11:40.632+0000] {processor.py:161} INFO - Started process (PID=1474) to work on /home/airflow/.local/lib/python3.8/site-packages/airflow/example_dags/example_latest_only.py
[2026-03-09T00:11:40.636+0000] {processor.py:830} INFO - Processing file /home/airflow/.local/lib/python3.8/site-packages/airflow/example_dags/example_latest_only.py for tasks to queue
[2026-03-09T00:11:40.642+0000] {logging_mixin.py:188} INFO - [2026-03-09T00:11:40.641+0000] {dagbag.py:540} INFO - Filling up the DagBag from /home/airflow/.local/lib/python3.8/site-packages/airflow/example_dags/example_latest_only.py
[2026-03-09T00:11:40.661+0000] {processor.py:840} INFO - DAG(s) 'latest_only' retrieved from /home/airflow/.local/lib/python3.8/site-packages/airflow/example_dags/example_latest_only.py
[2026-03-09T00:11:40.740+0000] {logging_mixin.py:188} INFO - [2026-03-09T00:11:40.739+0000] {dag.py:3047} INFO - Sync 1 DAGs
[2026-03-09T00:11:40.830+0000] {logging_mixin.py:188} INFO - [2026-03-09T00:11:40.830+0000] {dag.py:3834} INFO - Setting next_dagrun for latest_only to 2026-03-08 20:00:00+00:00, run_after=2026-03-09 00:00:00+00:00
[2026-03-09T00:11:40.910+0000] {processor.py:183} INFO - Processing /home/airflow/.local/lib/python3.8/site-packages/airflow/example_dags/example_latest_only.py took 0.292 seconds
[2026-03-09T00:12:11.429+0000] {processor.py:161} INFO - Started process (PID=1529) to work on /home/airflow/.local/lib/python3.8/site-packages/airflow/example_dags/example_latest_only.py
[2026-03-09T00:12:11.433+0000] {processor.py:830} INFO - Processing file /home/airflow/.local/lib/python3.8/site-packages/airflow/example_dags/example_latest_only.py for tasks to queue
[2026-03-09T00:12:11.449+0000] {logging_mixin.py:188} INFO - [2026-03-09T00:12:11.448+0000] {dagbag.py:540} INFO - Filling up the DagBag from /home/airflow/.local/lib/python3.8/site-packages/airflow/example_dags/example_latest_only.py
[2026-03-09T00:12:11.479+0000] {processor.py:840} INFO - DAG(s) 'latest_only' retrieved from /home/airflow/.local/lib/python3.8/site-packages/airflow/example_dags/example_latest_only.py
[2026-03-09T00:12:11.611+0000] {logging_mixin.py:188} INFO - [2026-03-09T00:12:11.610+0000] {dag.py:3047} INFO - Sync 1 DAGs
[2026-03-09T00:12:11.706+0000] {logging_mixin.py:188} INFO - [2026-03-09T00:12:11.705+0000] {dag.py:3834} INFO - Setting next_dagrun for latest_only to 2026-03-08 20:00:00+00:00, run_after=2026-03-09 00:00:00+00:00
[2026-03-09T00:12:11.785+0000] {processor.py:183} INFO - Processing /home/airflow/.local/lib/python3.8/site-packages/airflow/example_dags/example_latest_only.py took 0.402 seconds
[2026-03-09T00:12:42.039+0000] {processor.py:161} INFO - Started process (PID=1585) to work on /home/airflow/.local/lib/python3.8/site-packages/airflow/example_dags/example_latest_only.py
[2026-03-09T00:12:42.042+0000] {processor.py:830} INFO - Processing file /home/airflow/.local/lib/python3.8/site-packages/airflow/example_dags/example_latest_only.py for tasks to queue
[2026-03-09T00:12:42.049+0000] {logging_mixin.py:188} INFO - [2026-03-09T00:12:42.048+0000] {dagbag.py:540} INFO - Filling up the DagBag from /home/airflow/.local/lib/python3.8/site-packages/airflow/example_dags/example_latest_only.py
[2026-03-09T00:12:42.065+0000] {processor.py:840} INFO - DAG(s) 'latest_only' retrieved from /home/airflow/.local/lib/python3.8/site-packages/airflow/example_dags/example_latest_only.py
[2026-03-09T00:12:42.119+0000] {logging_mixin.py:188} INFO - [2026-03-09T00:12:42.118+0000] {dag.py:3047} INFO - Sync 1 DAGs
[2026-03-09T00:12:42.178+0000] {logging_mixin.py:188} INFO - [2026-03-09T00:12:42.177+0000] {dag.py:3834} INFO - Setting next_dagrun for latest_only to 2026-03-08 20:00:00+00:00, run_after=2026-03-09 00:00:00+00:00
[2026-03-09T00:12:42.235+0000] {processor.py:183} INFO - Processing /home/airflow/.local/lib/python3.8/site-packages/airflow/example_dags/example_latest_only.py took 0.208 seconds
[2026-03-09T00:13:12.789+0000] {processor.py:161} INFO - Started process (PID=1641) to work on /home/airflow/.local/lib/python3.8/site-packages/airflow/example_dags/example_latest_only.py
[2026-03-09T00:13:12.793+0000] {processor.py:830} INFO - Processing file /home/airflow/.local/lib/python3.8/site-packages/airflow/example_dags/example_latest_only.py for tasks to queue
[2026-03-09T00:13:12.800+0000] {logging_mixin.py:188} INFO - [2026-03-09T00:13:12.799+0000] {dagbag.py:540} INFO - Filling up the DagBag from /home/airflow/.local/lib/python3.8/site-packages/airflow/example_dags/example_latest_only.py
[2026-03-09T00:13:12.816+0000] {processor.py:840} INFO - DAG(s) 'latest_only' retrieved from /home/airflow/.local/lib/python3.8/site-packages/airflow/example_dags/example_latest_only.py
[2026-03-09T00:13:12.875+0000] {logging_mixin.py:188} INFO - [2026-03-09T00:13:12.874+0000] {dag.py:3047} INFO - Sync 1 DAGs
[2026-03-09T00:13:12.972+0000] {logging_mixin.py:188} INFO - [2026-03-09T00:13:12.970+0000] {dag.py:3834} INFO - Setting next_dagrun for latest_only to 2026-03-08 20:00:00+00:00, run_after=2026-03-09 00:00:00+00:00
[2026-03-09T00:13:13.030+0000] {processor.py:183} INFO - Processing /home/airflow/.local/lib/python3.8/site-packages/airflow/example_dags/example_latest_only.py took 0.253 seconds
[2026-03-09T00:13:44.105+0000] {processor.py:161} INFO - Started process (PID=1697) to work on /home/airflow/.local/lib/python3.8/site-packages/airflow/example_dags/example_latest_only.py
[2026-03-09T00:13:44.108+0000] {processor.py:830} INFO - Processing file /home/airflow/.local/lib/python3.8/site-packages/airflow/example_dags/example_latest_only.py for tasks to queue
[2026-03-09T00:13:44.113+0000] {logging_mixin.py:188} INFO - [2026-03-09T00:13:44.112+0000] {dagbag.py:540} INFO - Filling up the DagBag from /home/airflow/.local/lib/python3.8/site-packages/airflow/example_dags/example_latest_only.py
[2026-03-09T00:13:44.126+0000] {processor.py:840} INFO - DAG(s) 'latest_only' retrieved from /home/airflow/.local/lib/python3.8/site-packages/airflow/example_dags/example_latest_only.py
[2026-03-09T00:13:44.182+0000] {logging_mixin.py:188} INFO - [2026-03-09T00:13:44.182+0000] {dag.py:3047} INFO - Sync 1 DAGs
[2026-03-09T00:13:44.251+0000] {logging_mixin.py:188} INFO - [2026-03-09T00:13:44.251+0000] {dag.py:3834} INFO - Setting next_dagrun for latest_only to 2026-03-08 20:00:00+00:00, run_after=2026-03-09 00:00:00+00:00
[2026-03-09T00:13:44.307+0000] {processor.py:183} INFO - Processing /home/airflow/.local/lib/python3.8/site-packages/airflow/example_dags/example_latest_only.py took 0.213 seconds
[2026-03-09T00:14:14.923+0000] {processor.py:161} INFO - Started process (PID=1753) to work on /home/airflow/.local/lib/python3.8/site-packages/airflow/example_dags/example_latest_only.py
[2026-03-09T00:14:14.928+0000] {processor.py:830} INFO - Processing file /home/airflow/.local/lib/python3.8/site-packages/airflow/example_dags/example_latest_only.py for tasks to queue
[2026-03-09T00:14:14.938+0000] {logging_mixin.py:188} INFO - [2026-03-09T00:14:14.936+0000] {dagbag.py:540} INFO - Filling up the DagBag from /home/airflow/.local/lib/python3.8/site-packages/airflow/example_dags/example_latest_only.py
[2026-03-09T00:14:14.960+0000] {processor.py:840} INFO - DAG(s) 'latest_only' retrieved from /home/airflow/.local/lib/python3.8/site-packages/airflow/example_dags/example_latest_only.py
[2026-03-09T00:14:15.045+0000] {logging_mixin.py:188} INFO - [2026-03-09T00:14:15.044+0000] {dag.py:3047} INFO - Sync 1 DAGs
[2026-03-09T00:14:15.147+0000] {logging_mixin.py:188} INFO - [2026-03-09T00:14:15.146+0000] {dag.py:3834} INFO - Setting next_dagrun for latest_only to 2026-03-08 20:00:00+00:00, run_after=2026-03-09 00:00:00+00:00
[2026-03-09T00:14:15.219+0000] {processor.py:183} INFO - Processing /home/airflow/.local/lib/python3.8/site-packages/airflow/example_dags/example_latest_only.py took 0.313 seconds
[2026-03-09T00:14:45.355+0000] {processor.py:161} INFO - Started process (PID=1809) to work on /home/airflow/.local/lib/python3.8/site-packages/airflow/example_dags/example_latest_only.py
[2026-03-09T00:14:45.359+0000] {processor.py:830} INFO - Processing file /home/airflow/.local/lib/python3.8/site-packages/airflow/example_dags/example_latest_only.py for tasks to queue
[2026-03-09T00:14:45.364+0000] {logging_mixin.py:188} INFO - [2026-03-09T00:14:45.363+0000] {dagbag.py:540} INFO - Filling up the DagBag from /home/airflow/.local/lib/python3.8/site-packages/airflow/example_dags/example_latest_only.py
[2026-03-09T00:14:45.381+0000] {processor.py:840} INFO - DAG(s) 'latest_only' retrieved from /home/airflow/.local/lib/python3.8/site-packages/airflow/example_dags/example_latest_only.py
[2026-03-09T00:14:45.448+0000] {logging_mixin.py:188} INFO - [2026-03-09T00:14:45.447+0000] {dag.py:3047} INFO - Sync 1 DAGs
[2026-03-09T00:14:45.510+0000] {logging_mixin.py:188} INFO - [2026-03-09T00:14:45.509+0000] {dag.py:3834} INFO - Setting next_dagrun for latest_only to 2026-03-08 20:00:00+00:00, run_after=2026-03-09 00:00:00+00:00
[2026-03-09T00:14:45.563+0000] {processor.py:183} INFO - Processing /home/airflow/.local/lib/python3.8/site-packages/airflow/example_dags/example_latest_only.py took 0.227 seconds
[2026-03-09T00:15:16.570+0000] {processor.py:161} INFO - Started process (PID=1865) to work on /home/airflow/.local/lib/python3.8/site-packages/airflow/example_dags/example_latest_only.py
[2026-03-09T00:15:16.574+0000] {processor.py:830} INFO - Processing file /home/airflow/.local/lib/python3.8/site-packages/airflow/example_dags/example_latest_only.py for tasks to queue
[2026-03-09T00:15:16.581+0000] {logging_mixin.py:188} INFO - [2026-03-09T00:15:16.580+0000] {dagbag.py:540} INFO - Filling up the DagBag from /home/airflow/.local/lib/python3.8/site-packages/airflow/example_dags/example_latest_only.py
[2026-03-09T00:15:16.602+0000] {processor.py:840} INFO - DAG(s) 'latest_only' retrieved from /home/airflow/.local/lib/python3.8/site-packages/airflow/example_dags/example_latest_only.py
[2026-03-09T00:15:16.710+0000] {logging_mixin.py:188} INFO - [2026-03-09T00:15:16.703+0000] {dag.py:3047} INFO - Sync 1 DAGs
[2026-03-09T00:15:16.827+0000] {logging_mixin.py:188} INFO - [2026-03-09T00:15:16.825+0000] {dag.py:3834} INFO - Setting next_dagrun for latest_only to 2026-03-08 20:00:00+00:00, run_after=2026-03-09 00:00:00+00:00
[2026-03-09T00:15:16.937+0000] {processor.py:183} INFO - Processing /home/airflow/.local/lib/python3.8/site-packages/airflow/example_dags/example_latest_only.py took 0.379 seconds
[2026-03-09T00:15:47.960+0000] {processor.py:161} INFO - Started process (PID=1921) to work on /home/airflow/.local/lib/python3.8/site-packages/airflow/example_dags/example_latest_only.py
[2026-03-09T00:15:47.965+0000] {processor.py:830} INFO - Processing file /home/airflow/.local/lib/python3.8/site-packages/airflow/example_dags/example_latest_only.py for tasks to queue
[2026-03-09T00:15:47.973+0000] {logging_mixin.py:188} INFO - [2026-03-09T00:15:47.971+0000] {dagbag.py:540} INFO - Filling up the DagBag from /home/airflow/.local/lib/python3.8/site-packages/airflow/example_dags/example_latest_only.py
[2026-03-09T00:15:47.997+0000] {processor.py:840} INFO - DAG(s) 'latest_only' retrieved from /home/airflow/.local/lib/python3.8/site-packages/airflow/example_dags/example_latest_only.py
[2026-03-09T00:15:48.091+0000] {logging_mixin.py:188} INFO - [2026-03-09T00:15:48.091+0000] {dag.py:3047} INFO - Sync 1 DAGs
[2026-03-09T00:15:48.238+0000] {logging_mixin.py:188} INFO - [2026-03-09T00:15:48.237+0000] {dag.py:3834} INFO - Setting next_dagrun for latest_only to 2026-03-08 20:00:00+00:00, run_after=2026-03-09 00:00:00+00:00
[2026-03-09T00:15:48.334+0000] {processor.py:183} INFO - Processing /home/airflow/.local/lib/python3.8/site-packages/airflow/example_dags/example_latest_only.py took 0.389 seconds
[2026-03-09T00:16:18.984+0000] {processor.py:161} INFO - Started process (PID=1977) to work on /home/airflow/.local/lib/python3.8/site-packages/airflow/example_dags/example_latest_only.py
[2026-03-09T00:16:18.988+0000] {processor.py:830} INFO - Processing file /home/airflow/.local/lib/python3.8/site-packages/airflow/example_dags/example_latest_only.py for tasks to queue
[2026-03-09T00:16:18.995+0000] {logging_mixin.py:188} INFO - [2026-03-09T00:16:18.994+0000] {dagbag.py:540} INFO - Filling up the DagBag from /home/airflow/.local/lib/python3.8/site-packages/airflow/example_dags/example_latest_only.py
[2026-03-09T00:16:19.017+0000] {processor.py:840} INFO - DAG(s) 'latest_only' retrieved from /home/airflow/.local/lib/python3.8/site-packages/airflow/example_dags/example_latest_only.py
[2026-03-09T00:16:19.097+0000] {logging_mixin.py:188} INFO - [2026-03-09T00:16:19.096+0000] {dag.py:3047} INFO - Sync 1 DAGs
[2026-03-09T00:16:19.155+0000] {logging_mixin.py:188} INFO - [2026-03-09T00:16:19.154+0000] {dag.py:3834} INFO - Setting next_dagrun for latest_only to 2026-03-08 20:00:00+00:00, run_after=2026-03-09 00:00:00+00:00
[2026-03-09T00:16:19.212+0000] {processor.py:183} INFO - Processing /home/airflow/.local/lib/python3.8/site-packages/airflow/example_dags/example_latest_only.py took 0.238 seconds
[2026-03-09T00:16:49.763+0000] {processor.py:161} INFO - Started process (PID=2033) to work on /home/airflow/.local/lib/python3.8/site-packages/airflow/example_dags/example_latest_only.py
[2026-03-09T00:16:49.766+0000] {processor.py:830} INFO - Processing file /home/airflow/.local/lib/python3.8/site-packages/airflow/example_dags/example_latest_only.py for tasks to queue
[2026-03-09T00:16:49.770+0000] {logging_mixin.py:188} INFO - [2026-03-09T00:16:49.770+0000] {dagbag.py:540} INFO - Filling up the DagBag from /home/airflow/.local/lib/python3.8/site-packages/airflow/example_dags/example_latest_only.py
[2026-03-09T00:16:49.782+0000] {processor.py:840} INFO - DAG(s) 'latest_only' retrieved from /home/airflow/.local/lib/python3.8/site-packages/airflow/example_dags/example_latest_only.py
[2026-03-09T00:16:49.820+0000] {logging_mixin.py:188} INFO - [2026-03-09T00:16:49.820+0000] {dag.py:3047} INFO - Sync 1 DAGs
[2026-03-09T00:16:49.856+0000] {logging_mixin.py:188} INFO - [2026-03-09T00:16:49.856+0000] {dag.py:3834} INFO - Setting next_dagrun for latest_only to 2026-03-08 20:00:00+00:00, run_after=2026-03-09 00:00:00+00:00
[2026-03-09T00:16:49.892+0000] {processor.py:183} INFO - Processing /home/airflow/.local/lib/python3.8/site-packages/airflow/example_dags/example_latest_only.py took 0.137 seconds
[2026-03-09T00:17:21.020+0000] {processor.py:161} INFO - Started process (PID=2089) to work on /home/airflow/.local/lib/python3.8/site-packages/airflow/example_dags/example_latest_only.py
[2026-03-09T00:17:21.024+0000] {processor.py:830} INFO - Processing file /home/airflow/.local/lib/python3.8/site-packages/airflow/example_dags/example_latest_only.py for tasks to queue
[2026-03-09T00:17:21.035+0000] {logging_mixin.py:188} INFO - [2026-03-09T00:17:21.033+0000] {dagbag.py:540} INFO - Filling up the DagBag from /home/airflow/.local/lib/python3.8/site-packages/airflow/example_dags/example_latest_only.py
[2026-03-09T00:17:21.057+0000] {processor.py:840} INFO - DAG(s) 'latest_only' retrieved from /home/airflow/.local/lib/python3.8/site-packages/airflow/example_dags/example_latest_only.py
[2026-03-09T00:17:21.183+0000] {logging_mixin.py:188} INFO - [2026-03-09T00:17:21.182+0000] {dag.py:3047} INFO - Sync 1 DAGs
[2026-03-09T00:17:21.335+0000] {logging_mixin.py:188} INFO - [2026-03-09T00:17:21.334+0000] {dag.py:3834} INFO - Setting next_dagrun for latest_only to 2026-03-08 20:00:00+00:00, run_after=2026-03-09 00:00:00+00:00
[2026-03-09T00:17:21.418+0000] {processor.py:183} INFO - Processing /home/airflow/.local/lib/python3.8/site-packages/airflow/example_dags/example_latest_only.py took 0.418 seconds
[2026-03-09T00:17:52.107+0000] {processor.py:161} INFO - Started process (PID=2145) to work on /home/airflow/.local/lib/python3.8/site-packages/airflow/example_dags/example_latest_only.py
[2026-03-09T00:17:52.110+0000] {processor.py:830} INFO - Processing file /home/airflow/.local/lib/python3.8/site-packages/airflow/example_dags/example_latest_only.py for tasks to queue
[2026-03-09T00:17:52.116+0000] {logging_mixin.py:188} INFO - [2026-03-09T00:17:52.115+0000] {dagbag.py:540} INFO - Filling up the DagBag from /home/airflow/.local/lib/python3.8/site-packages/airflow/example_dags/example_latest_only.py
[2026-03-09T00:17:52.130+0000] {processor.py:840} INFO - DAG(s) 'latest_only' retrieved from /home/airflow/.local/lib/python3.8/site-packages/airflow/example_dags/example_latest_only.py
[2026-03-09T00:17:52.179+0000] {logging_mixin.py:188} INFO - [2026-03-09T00:17:52.178+0000] {dag.py:3047} INFO - Sync 1 DAGs
[2026-03-09T00:17:52.228+0000] {logging_mixin.py:188} INFO - [2026-03-09T00:17:52.228+0000] {dag.py:3834} INFO - Setting next_dagrun for latest_only to 2026-03-08 20:00:00+00:00, run_after=2026-03-09 00:00:00+00:00
[2026-03-09T00:17:52.274+0000] {processor.py:183} INFO - Processing /home/airflow/.local/lib/python3.8/site-packages/airflow/example_dags/example_latest_only.py took 0.178 seconds
[2026-03-09T00:18:23.810+0000] {processor.py:161} INFO - Started process (PID=2201) to work on /home/airflow/.local/lib/python3.8/site-packages/airflow/example_dags/example_latest_only.py
[2026-03-09T00:18:23.826+0000] {processor.py:830} INFO - Processing file /home/airflow/.local/lib/python3.8/site-packages/airflow/example_dags/example_latest_only.py for tasks to queue
[2026-03-09T00:18:23.836+0000] {logging_mixin.py:188} INFO - [2026-03-09T00:18:23.834+0000] {dagbag.py:540} INFO - Filling up the DagBag from /home/airflow/.local/lib/python3.8/site-packages/airflow/example_dags/example_latest_only.py
[2026-03-09T00:18:23.882+0000] {processor.py:840} INFO - DAG(s) 'latest_only' retrieved from /home/airflow/.local/lib/python3.8/site-packages/airflow/example_dags/example_latest_only.py
[2026-03-09T00:18:23.986+0000] {logging_mixin.py:188} INFO - [2026-03-09T00:18:23.985+0000] {dag.py:3047} INFO - Sync 1 DAGs
[2026-03-09T00:18:24.061+0000] {logging_mixin.py:188} INFO - [2026-03-09T00:18:24.060+0000] {dag.py:3834} INFO - Setting next_dagrun for latest_only to 2026-03-08 20:00:00+00:00, run_after=2026-03-09 00:00:00+00:00
[2026-03-09T00:18:24.121+0000] {processor.py:183} INFO - Processing /home/airflow/.local/lib/python3.8/site-packages/airflow/example_dags/example_latest_only.py took 0.335 seconds
[2026-03-09T00:18:54.736+0000] {processor.py:161} INFO - Started process (PID=2257) to work on /home/airflow/.local/lib/python3.8/site-packages/airflow/example_dags/example_latest_only.py
[2026-03-09T00:18:54.739+0000] {processor.py:830} INFO - Processing file /home/airflow/.local/lib/python3.8/site-packages/airflow/example_dags/example_latest_only.py for tasks to queue
[2026-03-09T00:18:54.744+0000] {logging_mixin.py:188} INFO - [2026-03-09T00:18:54.743+0000] {dagbag.py:540} INFO - Filling up the DagBag from /home/airflow/.local/lib/python3.8/site-packages/airflow/example_dags/example_latest_only.py
[2026-03-09T00:18:54.757+0000] {processor.py:840} INFO - DAG(s) 'latest_only' retrieved from /home/airflow/.local/lib/python3.8/site-packages/airflow/example_dags/example_latest_only.py
[2026-03-09T00:18:54.810+0000] {logging_mixin.py:188} INFO - [2026-03-09T00:18:54.810+0000] {dag.py:3047} INFO - Sync 1 DAGs
[2026-03-09T00:18:54.863+0000] {logging_mixin.py:188} INFO - [2026-03-09T00:18:54.862+0000] {dag.py:3834} INFO - Setting next_dagrun for latest_only to 2026-03-08 20:00:00+00:00, run_after=2026-03-09 00:00:00+00:00
[2026-03-09T00:18:54.934+0000] {processor.py:183} INFO - Processing /home/airflow/.local/lib/python3.8/site-packages/airflow/example_dags/example_latest_only.py took 0.209 seconds
[2026-03-09T00:19:25.489+0000] {processor.py:161} INFO - Started process (PID=2314) to work on /home/airflow/.local/lib/python3.8/site-packages/airflow/example_dags/example_latest_only.py
[2026-03-09T00:19:25.493+0000] {processor.py:830} INFO - Processing file /home/airflow/.local/lib/python3.8/site-packages/airflow/example_dags/example_latest_only.py for tasks to queue
[2026-03-09T00:19:25.500+0000] {logging_mixin.py:188} INFO - [2026-03-09T00:19:25.499+0000] {dagbag.py:540} INFO - Filling up the DagBag from /home/airflow/.local/lib/python3.8/site-packages/airflow/example_dags/example_latest_only.py
[2026-03-09T00:19:25.519+0000] {processor.py:840} INFO - DAG(s) 'latest_only' retrieved from /home/airflow/.local/lib/python3.8/site-packages/airflow/example_dags/example_latest_only.py
[2026-03-09T00:19:25.582+0000] {logging_mixin.py:188} INFO - [2026-03-09T00:19:25.581+0000] {dag.py:3047} INFO - Sync 1 DAGs
[2026-03-09T00:19:25.640+0000] {logging_mixin.py:188} INFO - [2026-03-09T00:19:25.639+0000] {dag.py:3834} INFO - Setting next_dagrun for latest_only to 2026-03-08 20:00:00+00:00, run_after=2026-03-09 00:00:00+00:00
[2026-03-09T00:19:25.697+0000] {processor.py:183} INFO - Processing /home/airflow/.local/lib/python3.8/site-packages/airflow/example_dags/example_latest_only.py took 0.219 seconds
[2026-03-09T00:19:56.584+0000] {processor.py:161} INFO - Started process (PID=2370) to work on /home/airflow/.local/lib/python3.8/site-packages/airflow/example_dags/example_latest_only.py
[2026-03-09T00:19:56.587+0000] {processor.py:830} INFO - Processing file /home/airflow/.local/lib/python3.8/site-packages/airflow/example_dags/example_latest_only.py for tasks to queue
[2026-03-09T00:19:56.593+0000] {logging_mixin.py:188} INFO - [2026-03-09T00:19:56.591+0000] {dagbag.py:540} INFO - Filling up the DagBag from /home/airflow/.local/lib/python3.8/site-packages/airflow/example_dags/example_latest_only.py
[2026-03-09T00:19:56.610+0000] {processor.py:840} INFO - DAG(s) 'latest_only' retrieved from /home/airflow/.local/lib/python3.8/site-packages/airflow/example_dags/example_latest_only.py
[2026-03-09T00:19:56.682+0000] {logging_mixin.py:188} INFO - [2026-03-09T00:19:56.681+0000] {dag.py:3047} INFO - Sync 1 DAGs
[2026-03-09T00:19:56.743+0000] {logging_mixin.py:188} INFO - [2026-03-09T00:19:56.743+0000] {dag.py:3834} INFO - Setting next_dagrun for latest_only to 2026-03-08 20:00:00+00:00, run_after=2026-03-09 00:00:00+00:00
[2026-03-09T00:19:56.789+0000] {processor.py:183} INFO - Processing /home/airflow/.local/lib/python3.8/site-packages/airflow/example_dags/example_latest_only.py took 0.217 seconds
[2026-03-09T00:20:27.628+0000] {processor.py:161} INFO - Started process (PID=2426) to work on /home/airflow/.local/lib/python3.8/site-packages/airflow/example_dags/example_latest_only.py
[2026-03-09T00:20:27.632+0000] {processor.py:830} INFO - Processing file /home/airflow/.local/lib/python3.8/site-packages/airflow/example_dags/example_latest_only.py for tasks to queue
[2026-03-09T00:20:27.640+0000] {logging_mixin.py:188} INFO - [2026-03-09T00:20:27.638+0000] {dagbag.py:540} INFO - Filling up the DagBag from /home/airflow/.local/lib/python3.8/site-packages/airflow/example_dags/example_latest_only.py
[2026-03-09T00:20:27.657+0000] {processor.py:840} INFO - DAG(s) 'latest_only' retrieved from /home/airflow/.local/lib/python3.8/site-packages/airflow/example_dags/example_latest_only.py
[2026-03-09T00:20:27.722+0000] {logging_mixin.py:188} INFO - [2026-03-09T00:20:27.721+0000] {dag.py:3047} INFO - Sync 1 DAGs
[2026-03-09T00:20:27.792+0000] {logging_mixin.py:188} INFO - [2026-03-09T00:20:27.792+0000] {dag.py:3834} INFO - Setting next_dagrun for latest_only to 2026-03-08 20:00:00+00:00, run_after=2026-03-09 00:00:00+00:00
[2026-03-09T00:20:27.869+0000] {processor.py:183} INFO - Processing /home/airflow/.local/lib/python3.8/site-packages/airflow/example_dags/example_latest_only.py took 0.257 seconds
[2026-03-09T00:20:58.537+0000] {processor.py:161} INFO - Started process (PID=2482) to work on /home/airflow/.local/lib/python3.8/site-packages/airflow/example_dags/example_latest_only.py
[2026-03-09T00:20:58.540+0000] {processor.py:830} INFO - Processing file /home/airflow/.local/lib/python3.8/site-packages/airflow/example_dags/example_latest_only.py for tasks to queue
[2026-03-09T00:20:58.545+0000] {logging_mixin.py:188} INFO - [2026-03-09T00:20:58.544+0000] {dagbag.py:540} INFO - Filling up the DagBag from /home/airflow/.local/lib/python3.8/site-packages/airflow/example_dags/example_latest_only.py
[2026-03-09T00:20:58.562+0000] {processor.py:840} INFO - DAG(s) 'latest_only' retrieved from /home/airflow/.local/lib/python3.8/site-packages/airflow/example_dags/example_latest_only.py
[2026-03-09T00:20:58.621+0000] {logging_mixin.py:188} INFO - [2026-03-09T00:20:58.620+0000] {dag.py:3047} INFO - Sync 1 DAGs
[2026-03-09T00:20:58.674+0000] {logging_mixin.py:188} INFO - [2026-03-09T00:20:58.673+0000] {dag.py:3834} INFO - Setting next_dagrun for latest_only to 2026-03-08 20:00:00+00:00, run_after=2026-03-09 00:00:00+00:00
[2026-03-09T00:20:58.719+0000] {processor.py:183} INFO - Processing /home/airflow/.local/lib/python3.8/site-packages/airflow/example_dags/example_latest_only.py took 0.191 seconds
[2026-03-09T00:21:29.660+0000] {processor.py:161} INFO - Started process (PID=2538) to work on /home/airflow/.local/lib/python3.8/site-packages/airflow/example_dags/example_latest_only.py
[2026-03-09T00:21:29.663+0000] {processor.py:830} INFO - Processing file /home/airflow/.local/lib/python3.8/site-packages/airflow/example_dags/example_latest_only.py for tasks to queue
[2026-03-09T00:21:29.668+0000] {logging_mixin.py:188} INFO - [2026-03-09T00:21:29.667+0000] {dagbag.py:540} INFO - Filling up the DagBag from /home/airflow/.local/lib/python3.8/site-packages/airflow/example_dags/example_latest_only.py
[2026-03-09T00:21:29.680+0000] {processor.py:840} INFO - DAG(s) 'latest_only' retrieved from /home/airflow/.local/lib/python3.8/site-packages/airflow/example_dags/example_latest_only.py
[2026-03-09T00:21:29.758+0000] {logging_mixin.py:188} INFO - [2026-03-09T00:21:29.757+0000] {dag.py:3047} INFO - Sync 1 DAGs
[2026-03-09T00:21:29.890+0000] {logging_mixin.py:188} INFO - [2026-03-09T00:21:29.889+0000] {dag.py:3834} INFO - Setting next_dagrun for latest_only to 2026-03-08 20:00:00+00:00, run_after=2026-03-09 00:00:00+00:00
[2026-03-09T00:21:29.966+0000] {processor.py:183} INFO - Processing /home/airflow/.local/lib/python3.8/site-packages/airflow/example_dags/example_latest_only.py took 0.315 seconds
[2026-03-09T00:22:00.813+0000] {processor.py:161} INFO - Started process (PID=2595) to work on /home/airflow/.local/lib/python3.8/site-packages/airflow/example_dags/example_latest_only.py
[2026-03-09T00:22:00.816+0000] {processor.py:830} INFO - Processing file /home/airflow/.local/lib/python3.8/site-packages/airflow/example_dags/example_latest_only.py for tasks to queue
[2026-03-09T00:22:00.822+0000] {logging_mixin.py:188} INFO - [2026-03-09T00:22:00.821+0000] {dagbag.py:540} INFO - Filling up the DagBag from /home/airflow/.local/lib/python3.8/site-packages/airflow/example_dags/example_latest_only.py
[2026-03-09T00:22:00.837+0000] {processor.py:840} INFO - DAG(s) 'latest_only' retrieved from /home/airflow/.local/lib/python3.8/site-packages/airflow/example_dags/example_latest_only.py
[2026-03-09T00:22:00.889+0000] {logging_mixin.py:188} INFO - [2026-03-09T00:22:00.888+0000] {dag.py:3047} INFO - Sync 1 DAGs
[2026-03-09T00:22:00.944+0000] {logging_mixin.py:188} INFO - [2026-03-09T00:22:00.943+0000] {dag.py:3834} INFO - Setting next_dagrun for latest_only to 2026-03-08 20:00:00+00:00, run_after=2026-03-09 00:00:00+00:00
[2026-03-09T00:22:00.993+0000] {processor.py:183} INFO - Processing /home/airflow/.local/lib/python3.8/site-packages/airflow/example_dags/example_latest_only.py took 0.191 seconds
[2026-03-09T00:22:35.156+0000] {processor.py:161} INFO - Started process (PID=2651) to work on /home/airflow/.local/lib/python3.8/site-packages/airflow/example_dags/example_latest_only.py
[2026-03-09T00:22:35.163+0000] {processor.py:830} INFO - Processing file /home/airflow/.local/lib/python3.8/site-packages/airflow/example_dags/example_latest_only.py for tasks to queue
[2026-03-09T00:22:35.175+0000] {logging_mixin.py:188} INFO - [2026-03-09T00:22:35.174+0000] {dagbag.py:540} INFO - Filling up the DagBag from /home/airflow/.local/lib/python3.8/site-packages/airflow/example_dags/example_latest_only.py
[2026-03-09T00:22:35.236+0000] {processor.py:840} INFO - DAG(s) 'latest_only' retrieved from /home/airflow/.local/lib/python3.8/site-packages/airflow/example_dags/example_latest_only.py
[2026-03-09T00:22:35.544+0000] {logging_mixin.py:188} INFO - [2026-03-09T00:22:35.544+0000] {dag.py:3047} INFO - Sync 1 DAGs
[2026-03-09T00:22:35.801+0000] {logging_mixin.py:188} INFO - [2026-03-09T00:22:35.800+0000] {dag.py:3834} INFO - Setting next_dagrun for latest_only to 2026-03-08 20:00:00+00:00, run_after=2026-03-09 00:00:00+00:00
[2026-03-09T00:22:35.912+0000] {processor.py:183} INFO - Processing /home/airflow/.local/lib/python3.8/site-packages/airflow/example_dags/example_latest_only.py took 0.820 seconds
[2026-03-09T00:23:06.111+0000] {processor.py:161} INFO - Started process (PID=2707) to work on /home/airflow/.local/lib/python3.8/site-packages/airflow/example_dags/example_latest_only.py
[2026-03-09T00:23:06.113+0000] {processor.py:830} INFO - Processing file /home/airflow/.local/lib/python3.8/site-packages/airflow/example_dags/example_latest_only.py for tasks to queue
[2026-03-09T00:23:06.120+0000] {logging_mixin.py:188} INFO - [2026-03-09T00:23:06.119+0000] {dagbag.py:540} INFO - Filling up the DagBag from /home/airflow/.local/lib/python3.8/site-packages/airflow/example_dags/example_latest_only.py
[2026-03-09T00:23:06.137+0000] {processor.py:840} INFO - DAG(s) 'latest_only' retrieved from /home/airflow/.local/lib/python3.8/site-packages/airflow/example_dags/example_latest_only.py
[2026-03-09T00:23:06.195+0000] {logging_mixin.py:188} INFO - [2026-03-09T00:23:06.195+0000] {dag.py:3047} INFO - Sync 1 DAGs
[2026-03-09T00:23:06.258+0000] {logging_mixin.py:188} INFO - [2026-03-09T00:23:06.257+0000] {dag.py:3834} INFO - Setting next_dagrun for latest_only to 2026-03-08 20:00:00+00:00, run_after=2026-03-09 00:00:00+00:00
[2026-03-09T00:23:06.309+0000] {processor.py:183} INFO - Processing /home/airflow/.local/lib/python3.8/site-packages/airflow/example_dags/example_latest_only.py took 0.207 seconds
[2026-03-09T00:23:36.681+0000] {processor.py:161} INFO - Started process (PID=2761) to work on /home/airflow/.local/lib/python3.8/site-packages/airflow/example_dags/example_latest_only.py
[2026-03-09T00:23:36.684+0000] {processor.py:830} INFO - Processing file /home/airflow/.local/lib/python3.8/site-packages/airflow/example_dags/example_latest_only.py for tasks to queue
[2026-03-09T00:23:36.694+0000] {logging_mixin.py:188} INFO - [2026-03-09T00:23:36.693+0000] {dagbag.py:540} INFO - Filling up the DagBag from /home/airflow/.local/lib/python3.8/site-packages/airflow/example_dags/example_latest_only.py
[2026-03-09T00:23:36.716+0000] {processor.py:840} INFO - DAG(s) 'latest_only' retrieved from /home/airflow/.local/lib/python3.8/site-packages/airflow/example_dags/example_latest_only.py
[2026-03-09T00:23:36.779+0000] {logging_mixin.py:188} INFO - [2026-03-09T00:23:36.779+0000] {dag.py:3047} INFO - Sync 1 DAGs
[2026-03-09T00:23:36.839+0000] {logging_mixin.py:188} INFO - [2026-03-09T00:23:36.838+0000] {dag.py:3834} INFO - Setting next_dagrun for latest_only to 2026-03-08 20:00:00+00:00, run_after=2026-03-09 00:00:00+00:00
[2026-03-09T00:23:36.923+0000] {processor.py:183} INFO - Processing /home/airflow/.local/lib/python3.8/site-packages/airflow/example_dags/example_latest_only.py took 0.253 seconds
[2026-03-09T00:24:07.203+0000] {processor.py:161} INFO - Started process (PID=2817) to work on /home/airflow/.local/lib/python3.8/site-packages/airflow/example_dags/example_latest_only.py
[2026-03-09T00:24:07.211+0000] {processor.py:830} INFO - Processing file /home/airflow/.local/lib/python3.8/site-packages/airflow/example_dags/example_latest_only.py for tasks to queue
[2026-03-09T00:24:07.226+0000] {logging_mixin.py:188} INFO - [2026-03-09T00:24:07.224+0000] {dagbag.py:540} INFO - Filling up the DagBag from /home/airflow/.local/lib/python3.8/site-packages/airflow/example_dags/example_latest_only.py
[2026-03-09T00:24:07.264+0000] {processor.py:840} INFO - DAG(s) 'latest_only' retrieved from /home/airflow/.local/lib/python3.8/site-packages/airflow/example_dags/example_latest_only.py
[2026-03-09T00:24:07.344+0000] {logging_mixin.py:188} INFO - [2026-03-09T00:24:07.344+0000] {dag.py:3047} INFO - Sync 1 DAGs
[2026-03-09T00:24:07.394+0000] {logging_mixin.py:188} INFO - [2026-03-09T00:24:07.393+0000] {dag.py:3834} INFO - Setting next_dagrun for latest_only to 2026-03-08 20:00:00+00:00, run_after=2026-03-09 00:00:00+00:00
[2026-03-09T00:24:07.432+0000] {processor.py:183} INFO - Processing /home/airflow/.local/lib/python3.8/site-packages/airflow/example_dags/example_latest_only.py took 0.248 seconds
[2026-03-09T00:24:37.928+0000] {processor.py:161} INFO - Started process (PID=2872) to work on /home/airflow/.local/lib/python3.8/site-packages/airflow/example_dags/example_latest_only.py
[2026-03-09T00:24:37.942+0000] {processor.py:830} INFO - Processing file /home/airflow/.local/lib/python3.8/site-packages/airflow/example_dags/example_latest_only.py for tasks to queue
[2026-03-09T00:24:37.950+0000] {logging_mixin.py:188} INFO - [2026-03-09T00:24:37.949+0000] {dagbag.py:540} INFO - Filling up the DagBag from /home/airflow/.local/lib/python3.8/site-packages/airflow/example_dags/example_latest_only.py
[2026-03-09T00:24:37.985+0000] {processor.py:840} INFO - DAG(s) 'latest_only' retrieved from /home/airflow/.local/lib/python3.8/site-packages/airflow/example_dags/example_latest_only.py
[2026-03-09T00:24:38.106+0000] {logging_mixin.py:188} INFO - [2026-03-09T00:24:38.105+0000] {dag.py:3047} INFO - Sync 1 DAGs
[2026-03-09T00:24:38.213+0000] {logging_mixin.py:188} INFO - [2026-03-09T00:24:38.212+0000] {dag.py:3834} INFO - Setting next_dagrun for latest_only to 2026-03-08 20:00:00+00:00, run_after=2026-03-09 00:00:00+00:00
[2026-03-09T00:24:38.318+0000] {processor.py:183} INFO - Processing /home/airflow/.local/lib/python3.8/site-packages/airflow/example_dags/example_latest_only.py took 0.411 seconds
[2026-03-09T00:25:09.178+0000] {processor.py:161} INFO - Started process (PID=2928) to work on /home/airflow/.local/lib/python3.8/site-packages/airflow/example_dags/example_latest_only.py
[2026-03-09T00:25:09.190+0000] {processor.py:830} INFO - Processing file /home/airflow/.local/lib/python3.8/site-packages/airflow/example_dags/example_latest_only.py for tasks to queue
[2026-03-09T00:25:09.200+0000] {logging_mixin.py:188} INFO - [2026-03-09T00:25:09.198+0000] {dagbag.py:540} INFO - Filling up the DagBag from /home/airflow/.local/lib/python3.8/site-packages/airflow/example_dags/example_latest_only.py
[2026-03-09T00:25:09.241+0000] {processor.py:840} INFO - DAG(s) 'latest_only' retrieved from /home/airflow/.local/lib/python3.8/site-packages/airflow/example_dags/example_latest_only.py
[2026-03-09T00:25:09.399+0000] {logging_mixin.py:188} INFO - [2026-03-09T00:25:09.398+0000] {dag.py:3047} INFO - Sync 1 DAGs
[2026-03-09T00:25:09.580+0000] {logging_mixin.py:188} INFO - [2026-03-09T00:25:09.579+0000] {dag.py:3834} INFO - Setting next_dagrun for latest_only to 2026-03-08 20:00:00+00:00, run_after=2026-03-09 00:00:00+00:00
[2026-03-09T00:25:09.692+0000] {processor.py:183} INFO - Processing /home/airflow/.local/lib/python3.8/site-packages/airflow/example_dags/example_latest_only.py took 0.543 seconds
[2026-03-09T00:25:41.651+0000] {processor.py:161} INFO - Started process (PID=2984) to work on /home/airflow/.local/lib/python3.8/site-packages/airflow/example_dags/example_latest_only.py
[2026-03-09T00:25:41.655+0000] {processor.py:830} INFO - Processing file /home/airflow/.local/lib/python3.8/site-packages/airflow/example_dags/example_latest_only.py for tasks to queue
[2026-03-09T00:25:41.666+0000] {logging_mixin.py:188} INFO - [2026-03-09T00:25:41.665+0000] {dagbag.py:540} INFO - Filling up the DagBag from /home/airflow/.local/lib/python3.8/site-packages/airflow/example_dags/example_latest_only.py
[2026-03-09T00:25:41.697+0000] {processor.py:840} INFO - DAG(s) 'latest_only' retrieved from /home/airflow/.local/lib/python3.8/site-packages/airflow/example_dags/example_latest_only.py
[2026-03-09T00:25:41.793+0000] {logging_mixin.py:188} INFO - [2026-03-09T00:25:41.792+0000] {dag.py:3047} INFO - Sync 1 DAGs
[2026-03-09T00:25:41.910+0000] {logging_mixin.py:188} INFO - [2026-03-09T00:25:41.902+0000] {dag.py:3834} INFO - Setting next_dagrun for latest_only to 2026-03-08 20:00:00+00:00, run_after=2026-03-09 00:00:00+00:00
[2026-03-09T00:25:42.060+0000] {processor.py:183} INFO - Processing /home/airflow/.local/lib/python3.8/site-packages/airflow/example_dags/example_latest_only.py took 0.426 seconds
[2026-03-09T00:26:12.341+0000] {processor.py:161} INFO - Started process (PID=3041) to work on /home/airflow/.local/lib/python3.8/site-packages/airflow/example_dags/example_latest_only.py
[2026-03-09T00:26:12.344+0000] {processor.py:830} INFO - Processing file /home/airflow/.local/lib/python3.8/site-packages/airflow/example_dags/example_latest_only.py for tasks to queue
[2026-03-09T00:26:12.349+0000] {logging_mixin.py:188} INFO - [2026-03-09T00:26:12.348+0000] {dagbag.py:540} INFO - Filling up the DagBag from /home/airflow/.local/lib/python3.8/site-packages/airflow/example_dags/example_latest_only.py
[2026-03-09T00:26:12.364+0000] {processor.py:840} INFO - DAG(s) 'latest_only' retrieved from /home/airflow/.local/lib/python3.8/site-packages/airflow/example_dags/example_latest_only.py
[2026-03-09T00:26:12.432+0000] {logging_mixin.py:188} INFO - [2026-03-09T00:26:12.432+0000] {dag.py:3047} INFO - Sync 1 DAGs
[2026-03-09T00:26:12.494+0000] {logging_mixin.py:188} INFO - [2026-03-09T00:26:12.494+0000] {dag.py:3834} INFO - Setting next_dagrun for latest_only to 2026-03-08 20:00:00+00:00, run_after=2026-03-09 00:00:00+00:00
[2026-03-09T00:26:12.543+0000] {processor.py:183} INFO - Processing /home/airflow/.local/lib/python3.8/site-packages/airflow/example_dags/example_latest_only.py took 0.210 seconds
[2026-03-09T00:26:43.464+0000] {processor.py:161} INFO - Started process (PID=3094) to work on /home/airflow/.local/lib/python3.8/site-packages/airflow/example_dags/example_latest_only.py
[2026-03-09T00:26:43.473+0000] {processor.py:830} INFO - Processing file /home/airflow/.local/lib/python3.8/site-packages/airflow/example_dags/example_latest_only.py for tasks to queue
[2026-03-09T00:26:43.488+0000] {logging_mixin.py:188} INFO - [2026-03-09T00:26:43.487+0000] {dagbag.py:540} INFO - Filling up the DagBag from /home/airflow/.local/lib/python3.8/site-packages/airflow/example_dags/example_latest_only.py
[2026-03-09T00:26:43.506+0000] {processor.py:840} INFO - DAG(s) 'latest_only' retrieved from /home/airflow/.local/lib/python3.8/site-packages/airflow/example_dags/example_latest_only.py
[2026-03-09T00:26:43.579+0000] {logging_mixin.py:188} INFO - [2026-03-09T00:26:43.579+0000] {dag.py:3047} INFO - Sync 1 DAGs
[2026-03-09T00:26:43.653+0000] {logging_mixin.py:188} INFO - [2026-03-09T00:26:43.652+0000] {dag.py:3834} INFO - Setting next_dagrun for latest_only to 2026-03-08 20:00:00+00:00, run_after=2026-03-09 00:00:00+00:00
[2026-03-09T00:26:43.700+0000] {processor.py:183} INFO - Processing /home/airflow/.local/lib/python3.8/site-packages/airflow/example_dags/example_latest_only.py took 0.261 seconds
[2026-03-09T00:27:15.887+0000] {processor.py:161} INFO - Started process (PID=3150) to work on /home/airflow/.local/lib/python3.8/site-packages/airflow/example_dags/example_latest_only.py
[2026-03-09T00:27:15.893+0000] {processor.py:830} INFO - Processing file /home/airflow/.local/lib/python3.8/site-packages/airflow/example_dags/example_latest_only.py for tasks to queue
[2026-03-09T00:27:15.906+0000] {logging_mixin.py:188} INFO - [2026-03-09T00:27:15.900+0000] {dagbag.py:540} INFO - Filling up the DagBag from /home/airflow/.local/lib/python3.8/site-packages/airflow/example_dags/example_latest_only.py
[2026-03-09T00:27:15.929+0000] {processor.py:840} INFO - DAG(s) 'latest_only' retrieved from /home/airflow/.local/lib/python3.8/site-packages/airflow/example_dags/example_latest_only.py
[2026-03-09T00:27:16.013+0000] {logging_mixin.py:188} INFO - [2026-03-09T00:27:16.011+0000] {dag.py:3047} INFO - Sync 1 DAGs
[2026-03-09T00:27:16.112+0000] {logging_mixin.py:188} INFO - [2026-03-09T00:27:16.111+0000] {dag.py:3834} INFO - Setting next_dagrun for latest_only to 2026-03-08 20:00:00+00:00, run_after=2026-03-09 00:00:00+00:00
[2026-03-09T00:27:16.270+0000] {processor.py:183} INFO - Processing /home/airflow/.local/lib/python3.8/site-packages/airflow/example_dags/example_latest_only.py took 0.402 seconds
[2026-03-09T00:27:46.785+0000] {processor.py:161} INFO - Started process (PID=3206) to work on /home/airflow/.local/lib/python3.8/site-packages/airflow/example_dags/example_latest_only.py
[2026-03-09T00:27:46.791+0000] {processor.py:830} INFO - Processing file /home/airflow/.local/lib/python3.8/site-packages/airflow/example_dags/example_latest_only.py for tasks to queue
[2026-03-09T00:27:46.803+0000] {logging_mixin.py:188} INFO - [2026-03-09T00:27:46.802+0000] {dagbag.py:540} INFO - Filling up the DagBag from /home/airflow/.local/lib/python3.8/site-packages/airflow/example_dags/example_latest_only.py
[2026-03-09T00:27:46.839+0000] {processor.py:840} INFO - DAG(s) 'latest_only' retrieved from /home/airflow/.local/lib/python3.8/site-packages/airflow/example_dags/example_latest_only.py
[2026-03-09T00:27:47.024+0000] {logging_mixin.py:188} INFO - [2026-03-09T00:27:47.023+0000] {dag.py:3047} INFO - Sync 1 DAGs
[2026-03-09T00:27:47.173+0000] {logging_mixin.py:188} INFO - [2026-03-09T00:27:47.172+0000] {dag.py:3834} INFO - Setting next_dagrun for latest_only to 2026-03-08 20:00:00+00:00, run_after=2026-03-09 00:00:00+00:00
[2026-03-09T00:27:47.325+0000] {processor.py:183} INFO - Processing /home/airflow/.local/lib/python3.8/site-packages/airflow/example_dags/example_latest_only.py took 0.559 seconds
[2026-03-09T00:28:17.598+0000] {processor.py:161} INFO - Started process (PID=3263) to work on /home/airflow/.local/lib/python3.8/site-packages/airflow/example_dags/example_latest_only.py
[2026-03-09T00:28:17.600+0000] {processor.py:830} INFO - Processing file /home/airflow/.local/lib/python3.8/site-packages/airflow/example_dags/example_latest_only.py for tasks to queue
[2026-03-09T00:28:17.604+0000] {logging_mixin.py:188} INFO - [2026-03-09T00:28:17.603+0000] {dagbag.py:540} INFO - Filling up the DagBag from /home/airflow/.local/lib/python3.8/site-packages/airflow/example_dags/example_latest_only.py
[2026-03-09T00:28:17.614+0000] {processor.py:840} INFO - DAG(s) 'latest_only' retrieved from /home/airflow/.local/lib/python3.8/site-packages/airflow/example_dags/example_latest_only.py
[2026-03-09T00:28:17.667+0000] {logging_mixin.py:188} INFO - [2026-03-09T00:28:17.667+0000] {dag.py:3047} INFO - Sync 1 DAGs
[2026-03-09T00:28:17.739+0000] {logging_mixin.py:188} INFO - [2026-03-09T00:28:17.738+0000] {dag.py:3834} INFO - Setting next_dagrun for latest_only to 2026-03-08 20:00:00+00:00, run_after=2026-03-09 00:00:00+00:00
[2026-03-09T00:28:17.812+0000] {processor.py:183} INFO - Processing /home/airflow/.local/lib/python3.8/site-packages/airflow/example_dags/example_latest_only.py took 0.220 seconds
[2026-03-09T00:28:48.681+0000] {processor.py:161} INFO - Started process (PID=3318) to work on /home/airflow/.local/lib/python3.8/site-packages/airflow/example_dags/example_latest_only.py
[2026-03-09T00:28:48.685+0000] {processor.py:830} INFO - Processing file /home/airflow/.local/lib/python3.8/site-packages/airflow/example_dags/example_latest_only.py for tasks to queue
[2026-03-09T00:28:48.695+0000] {logging_mixin.py:188} INFO - [2026-03-09T00:28:48.694+0000] {dagbag.py:540} INFO - Filling up the DagBag from /home/airflow/.local/lib/python3.8/site-packages/airflow/example_dags/example_latest_only.py
[2026-03-09T00:28:48.718+0000] {processor.py:840} INFO - DAG(s) 'latest_only' retrieved from /home/airflow/.local/lib/python3.8/site-packages/airflow/example_dags/example_latest_only.py
[2026-03-09T00:28:48.783+0000] {logging_mixin.py:188} INFO - [2026-03-09T00:28:48.782+0000] {dag.py:3047} INFO - Sync 1 DAGs
[2026-03-09T00:28:48.845+0000] {logging_mixin.py:188} INFO - [2026-03-09T00:28:48.844+0000] {dag.py:3834} INFO - Setting next_dagrun for latest_only to 2026-03-08 20:00:00+00:00, run_after=2026-03-09 00:00:00+00:00
[2026-03-09T00:28:48.907+0000] {processor.py:183} INFO - Processing /home/airflow/.local/lib/python3.8/site-packages/airflow/example_dags/example_latest_only.py took 0.239 seconds
[2026-03-09T00:29:21.206+0000] {processor.py:161} INFO - Started process (PID=3374) to work on /home/airflow/.local/lib/python3.8/site-packages/airflow/example_dags/example_latest_only.py
[2026-03-09T00:29:21.211+0000] {processor.py:830} INFO - Processing file /home/airflow/.local/lib/python3.8/site-packages/airflow/example_dags/example_latest_only.py for tasks to queue
[2026-03-09T00:29:21.220+0000] {logging_mixin.py:188} INFO - [2026-03-09T00:29:21.218+0000] {dagbag.py:540} INFO - Filling up the DagBag from /home/airflow/.local/lib/python3.8/site-packages/airflow/example_dags/example_latest_only.py
[2026-03-09T00:29:21.265+0000] {processor.py:840} INFO - DAG(s) 'latest_only' retrieved from /home/airflow/.local/lib/python3.8/site-packages/airflow/example_dags/example_latest_only.py
[2026-03-09T00:29:21.386+0000] {logging_mixin.py:188} INFO - [2026-03-09T00:29:21.380+0000] {dag.py:3047} INFO - Sync 1 DAGs
[2026-03-09T00:29:21.531+0000] {logging_mixin.py:188} INFO - [2026-03-09T00:29:21.530+0000] {dag.py:3834} INFO - Setting next_dagrun for latest_only to 2026-03-08 20:00:00+00:00, run_after=2026-03-09 00:00:00+00:00
[2026-03-09T00:29:21.649+0000] {processor.py:183} INFO - Processing /home/airflow/.local/lib/python3.8/site-packages/airflow/example_dags/example_latest_only.py took 0.459 seconds
[2026-03-09T00:29:51.825+0000] {processor.py:161} INFO - Started process (PID=3430) to work on /home/airflow/.local/lib/python3.8/site-packages/airflow/example_dags/example_latest_only.py
[2026-03-09T00:29:51.828+0000] {processor.py:830} INFO - Processing file /home/airflow/.local/lib/python3.8/site-packages/airflow/example_dags/example_latest_only.py for tasks to queue
[2026-03-09T00:29:51.832+0000] {logging_mixin.py:188} INFO - [2026-03-09T00:29:51.831+0000] {dagbag.py:540} INFO - Filling up the DagBag from /home/airflow/.local/lib/python3.8/site-packages/airflow/example_dags/example_latest_only.py
[2026-03-09T00:29:51.842+0000] {processor.py:840} INFO - DAG(s) 'latest_only' retrieved from /home/airflow/.local/lib/python3.8/site-packages/airflow/example_dags/example_latest_only.py
[2026-03-09T00:29:51.880+0000] {logging_mixin.py:188} INFO - [2026-03-09T00:29:51.880+0000] {dag.py:3047} INFO - Sync 1 DAGs
[2026-03-09T00:29:51.936+0000] {logging_mixin.py:188} INFO - [2026-03-09T00:29:51.935+0000] {dag.py:3834} INFO - Setting next_dagrun for latest_only to 2026-03-08 20:00:00+00:00, run_after=2026-03-09 00:00:00+00:00
[2026-03-09T00:29:51.988+0000] {processor.py:183} INFO - Processing /home/airflow/.local/lib/python3.8/site-packages/airflow/example_dags/example_latest_only.py took 0.171 seconds
[2026-03-09T00:30:22.259+0000] {processor.py:161} INFO - Started process (PID=3485) to work on /home/airflow/.local/lib/python3.8/site-packages/airflow/example_dags/example_latest_only.py
[2026-03-09T00:30:22.263+0000] {processor.py:830} INFO - Processing file /home/airflow/.local/lib/python3.8/site-packages/airflow/example_dags/example_latest_only.py for tasks to queue
[2026-03-09T00:30:22.271+0000] {logging_mixin.py:188} INFO - [2026-03-09T00:30:22.269+0000] {dagbag.py:540} INFO - Filling up the DagBag from /home/airflow/.local/lib/python3.8/site-packages/airflow/example_dags/example_latest_only.py
[2026-03-09T00:30:22.288+0000] {processor.py:840} INFO - DAG(s) 'latest_only' retrieved from /home/airflow/.local/lib/python3.8/site-packages/airflow/example_dags/example_latest_only.py
[2026-03-09T00:30:22.358+0000] {logging_mixin.py:188} INFO - [2026-03-09T00:30:22.357+0000] {dag.py:3047} INFO - Sync 1 DAGs
[2026-03-09T00:30:22.426+0000] {logging_mixin.py:188} INFO - [2026-03-09T00:30:22.425+0000] {dag.py:3834} INFO - Setting next_dagrun for latest_only to 2026-03-08 20:00:00+00:00, run_after=2026-03-09 00:00:00+00:00
[2026-03-09T00:30:22.498+0000] {processor.py:183} INFO - Processing /home/airflow/.local/lib/python3.8/site-packages/airflow/example_dags/example_latest_only.py took 0.251 seconds
[2026-03-09T00:30:53.131+0000] {processor.py:161} INFO - Started process (PID=3541) to work on /home/airflow/.local/lib/python3.8/site-packages/airflow/example_dags/example_latest_only.py
[2026-03-09T00:30:53.137+0000] {processor.py:830} INFO - Processing file /home/airflow/.local/lib/python3.8/site-packages/airflow/example_dags/example_latest_only.py for tasks to queue
[2026-03-09T00:30:53.144+0000] {logging_mixin.py:188} INFO - [2026-03-09T00:30:53.143+0000] {dagbag.py:540} INFO - Filling up the DagBag from /home/airflow/.local/lib/python3.8/site-packages/airflow/example_dags/example_latest_only.py
[2026-03-09T00:30:53.164+0000] {processor.py:840} INFO - DAG(s) 'latest_only' retrieved from /home/airflow/.local/lib/python3.8/site-packages/airflow/example_dags/example_latest_only.py
[2026-03-09T00:30:53.240+0000] {logging_mixin.py:188} INFO - [2026-03-09T00:30:53.239+0000] {dag.py:3047} INFO - Sync 1 DAGs
[2026-03-09T00:30:53.313+0000] {logging_mixin.py:188} INFO - [2026-03-09T00:30:53.313+0000] {dag.py:3834} INFO - Setting next_dagrun for latest_only to 2026-03-08 20:00:00+00:00, run_after=2026-03-09 00:00:00+00:00
[2026-03-09T00:30:53.370+0000] {processor.py:183} INFO - Processing /home/airflow/.local/lib/python3.8/site-packages/airflow/example_dags/example_latest_only.py took 0.248 seconds
[2026-03-09T00:31:24.384+0000] {processor.py:161} INFO - Started process (PID=3597) to work on /home/airflow/.local/lib/python3.8/site-packages/airflow/example_dags/example_latest_only.py
[2026-03-09T00:31:24.392+0000] {processor.py:830} INFO - Processing file /home/airflow/.local/lib/python3.8/site-packages/airflow/example_dags/example_latest_only.py for tasks to queue
[2026-03-09T00:31:24.401+0000] {logging_mixin.py:188} INFO - [2026-03-09T00:31:24.400+0000] {dagbag.py:540} INFO - Filling up the DagBag from /home/airflow/.local/lib/python3.8/site-packages/airflow/example_dags/example_latest_only.py
[2026-03-09T00:31:24.430+0000] {processor.py:840} INFO - DAG(s) 'latest_only' retrieved from /home/airflow/.local/lib/python3.8/site-packages/airflow/example_dags/example_latest_only.py
[2026-03-09T00:31:24.508+0000] {logging_mixin.py:188} INFO - [2026-03-09T00:31:24.507+0000] {dag.py:3047} INFO - Sync 1 DAGs
[2026-03-09T00:31:24.603+0000] {logging_mixin.py:188} INFO - [2026-03-09T00:31:24.602+0000] {dag.py:3834} INFO - Setting next_dagrun for latest_only to 2026-03-08 20:00:00+00:00, run_after=2026-03-09 00:00:00+00:00
[2026-03-09T00:31:24.665+0000] {processor.py:183} INFO - Processing /home/airflow/.local/lib/python3.8/site-packages/airflow/example_dags/example_latest_only.py took 0.298 seconds
[2026-03-09T00:31:56.121+0000] {processor.py:161} INFO - Started process (PID=3652) to work on /home/airflow/.local/lib/python3.8/site-packages/airflow/example_dags/example_latest_only.py
[2026-03-09T00:31:56.129+0000] {processor.py:830} INFO - Processing file /home/airflow/.local/lib/python3.8/site-packages/airflow/example_dags/example_latest_only.py for tasks to queue
[2026-03-09T00:31:56.143+0000] {logging_mixin.py:188} INFO - [2026-03-09T00:31:56.141+0000] {dagbag.py:540} INFO - Filling up the DagBag from /home/airflow/.local/lib/python3.8/site-packages/airflow/example_dags/example_latest_only.py
[2026-03-09T00:31:56.164+0000] {processor.py:840} INFO - DAG(s) 'latest_only' retrieved from /home/airflow/.local/lib/python3.8/site-packages/airflow/example_dags/example_latest_only.py
[2026-03-09T00:31:56.291+0000] {logging_mixin.py:188} INFO - [2026-03-09T00:31:56.290+0000] {dag.py:3047} INFO - Sync 1 DAGs
[2026-03-09T00:31:56.350+0000] {logging_mixin.py:188} INFO - [2026-03-09T00:31:56.349+0000] {dag.py:3834} INFO - Setting next_dagrun for latest_only to 2026-03-08 20:00:00+00:00, run_after=2026-03-09 00:00:00+00:00
[2026-03-09T00:31:56.402+0000] {processor.py:183} INFO - Processing /home/airflow/.local/lib/python3.8/site-packages/airflow/example_dags/example_latest_only.py took 0.298 seconds
[2026-03-09T00:32:27.418+0000] {processor.py:161} INFO - Started process (PID=3708) to work on /home/airflow/.local/lib/python3.8/site-packages/airflow/example_dags/example_latest_only.py
[2026-03-09T00:32:27.420+0000] {processor.py:830} INFO - Processing file /home/airflow/.local/lib/python3.8/site-packages/airflow/example_dags/example_latest_only.py for tasks to queue
[2026-03-09T00:32:27.425+0000] {logging_mixin.py:188} INFO - [2026-03-09T00:32:27.424+0000] {dagbag.py:540} INFO - Filling up the DagBag from /home/airflow/.local/lib/python3.8/site-packages/airflow/example_dags/example_latest_only.py
[2026-03-09T00:32:27.436+0000] {processor.py:840} INFO - DAG(s) 'latest_only' retrieved from /home/airflow/.local/lib/python3.8/site-packages/airflow/example_dags/example_latest_only.py
[2026-03-09T00:32:27.485+0000] {logging_mixin.py:188} INFO - [2026-03-09T00:32:27.485+0000] {dag.py:3047} INFO - Sync 1 DAGs
[2026-03-09T00:32:27.533+0000] {logging_mixin.py:188} INFO - [2026-03-09T00:32:27.532+0000] {dag.py:3834} INFO - Setting next_dagrun for latest_only to 2026-03-08 20:00:00+00:00, run_after=2026-03-09 00:00:00+00:00
[2026-03-09T00:32:27.589+0000] {processor.py:183} INFO - Processing /home/airflow/.local/lib/python3.8/site-packages/airflow/example_dags/example_latest_only.py took 0.180 seconds
[2026-03-09T00:32:58.502+0000] {processor.py:161} INFO - Started process (PID=3764) to work on /home/airflow/.local/lib/python3.8/site-packages/airflow/example_dags/example_latest_only.py
[2026-03-09T00:32:58.508+0000] {processor.py:830} INFO - Processing file /home/airflow/.local/lib/python3.8/site-packages/airflow/example_dags/example_latest_only.py for tasks to queue
[2026-03-09T00:32:58.520+0000] {logging_mixin.py:188} INFO - [2026-03-09T00:32:58.519+0000] {dagbag.py:540} INFO - Filling up the DagBag from /home/airflow/.local/lib/python3.8/site-packages/airflow/example_dags/example_latest_only.py
[2026-03-09T00:32:58.552+0000] {processor.py:840} INFO - DAG(s) 'latest_only' retrieved from /home/airflow/.local/lib/python3.8/site-packages/airflow/example_dags/example_latest_only.py
[2026-03-09T00:32:58.614+0000] {logging_mixin.py:188} INFO - [2026-03-09T00:32:58.614+0000] {dag.py:3047} INFO - Sync 1 DAGs
[2026-03-09T00:32:58.682+0000] {logging_mixin.py:188} INFO - [2026-03-09T00:32:58.682+0000] {dag.py:3834} INFO - Setting next_dagrun for latest_only to 2026-03-08 20:00:00+00:00, run_after=2026-03-09 00:00:00+00:00
[2026-03-09T00:32:58.732+0000] {processor.py:183} INFO - Processing /home/airflow/.local/lib/python3.8/site-packages/airflow/example_dags/example_latest_only.py took 0.254 seconds
[2026-03-09T00:33:31.028+0000] {processor.py:161} INFO - Started process (PID=3820) to work on /home/airflow/.local/lib/python3.8/site-packages/airflow/example_dags/example_latest_only.py
[2026-03-09T00:33:31.036+0000] {processor.py:830} INFO - Processing file /home/airflow/.local/lib/python3.8/site-packages/airflow/example_dags/example_latest_only.py for tasks to queue
[2026-03-09T00:33:31.043+0000] {logging_mixin.py:188} INFO - [2026-03-09T00:33:31.042+0000] {dagbag.py:540} INFO - Filling up the DagBag from /home/airflow/.local/lib/python3.8/site-packages/airflow/example_dags/example_latest_only.py
[2026-03-09T00:33:31.064+0000] {processor.py:840} INFO - DAG(s) 'latest_only' retrieved from /home/airflow/.local/lib/python3.8/site-packages/airflow/example_dags/example_latest_only.py
[2026-03-09T00:33:31.129+0000] {logging_mixin.py:188} INFO - [2026-03-09T00:33:31.128+0000] {dag.py:3047} INFO - Sync 1 DAGs
[2026-03-09T00:33:31.540+0000] {logging_mixin.py:188} INFO - [2026-03-09T00:33:31.539+0000] {dag.py:3834} INFO - Setting next_dagrun for latest_only to 2026-03-08 20:00:00+00:00, run_after=2026-03-09 00:00:00+00:00
[2026-03-09T00:33:31.602+0000] {processor.py:183} INFO - Processing /home/airflow/.local/lib/python3.8/site-packages/airflow/example_dags/example_latest_only.py took 0.587 seconds
[2026-03-09T00:34:04.503+0000] {processor.py:161} INFO - Started process (PID=3876) to work on /home/airflow/.local/lib/python3.8/site-packages/airflow/example_dags/example_latest_only.py
[2026-03-09T00:34:04.514+0000] {processor.py:830} INFO - Processing file /home/airflow/.local/lib/python3.8/site-packages/airflow/example_dags/example_latest_only.py for tasks to queue
[2026-03-09T00:34:04.522+0000] {logging_mixin.py:188} INFO - [2026-03-09T00:34:04.520+0000] {dagbag.py:540} INFO - Filling up the DagBag from /home/airflow/.local/lib/python3.8/site-packages/airflow/example_dags/example_latest_only.py
[2026-03-09T00:34:04.560+0000] {processor.py:840} INFO - DAG(s) 'latest_only' retrieved from /home/airflow/.local/lib/python3.8/site-packages/airflow/example_dags/example_latest_only.py
[2026-03-09T00:34:04.674+0000] {logging_mixin.py:188} INFO - [2026-03-09T00:34:04.672+0000] {dag.py:3047} INFO - Sync 1 DAGs
[2026-03-09T00:34:04.827+0000] {logging_mixin.py:188} INFO - [2026-03-09T00:34:04.826+0000] {dag.py:3834} INFO - Setting next_dagrun for latest_only to 2026-03-08 20:00:00+00:00, run_after=2026-03-09 00:00:00+00:00
[2026-03-09T00:34:05.398+0000] {processor.py:183} INFO - Processing /home/airflow/.local/lib/python3.8/site-packages/airflow/example_dags/example_latest_only.py took 0.915 seconds
[2026-03-09T00:34:35.621+0000] {processor.py:161} INFO - Started process (PID=3931) to work on /home/airflow/.local/lib/python3.8/site-packages/airflow/example_dags/example_latest_only.py
[2026-03-09T00:34:35.626+0000] {processor.py:830} INFO - Processing file /home/airflow/.local/lib/python3.8/site-packages/airflow/example_dags/example_latest_only.py for tasks to queue
[2026-03-09T00:34:35.644+0000] {logging_mixin.py:188} INFO - [2026-03-09T00:34:35.642+0000] {dagbag.py:540} INFO - Filling up the DagBag from /home/airflow/.local/lib/python3.8/site-packages/airflow/example_dags/example_latest_only.py
[2026-03-09T00:34:35.668+0000] {processor.py:840} INFO - DAG(s) 'latest_only' retrieved from /home/airflow/.local/lib/python3.8/site-packages/airflow/example_dags/example_latest_only.py
[2026-03-09T00:34:35.755+0000] {logging_mixin.py:188} INFO - [2026-03-09T00:34:35.754+0000] {dag.py:3047} INFO - Sync 1 DAGs
[2026-03-09T00:34:35.852+0000] {logging_mixin.py:188} INFO - [2026-03-09T00:34:35.851+0000] {dag.py:3834} INFO - Setting next_dagrun for latest_only to 2026-03-08 20:00:00+00:00, run_after=2026-03-09 00:00:00+00:00
[2026-03-09T00:34:35.961+0000] {processor.py:183} INFO - Processing /home/airflow/.local/lib/python3.8/site-packages/airflow/example_dags/example_latest_only.py took 0.362 seconds
[2026-03-09T00:35:06.918+0000] {processor.py:161} INFO - Started process (PID=3985) to work on /home/airflow/.local/lib/python3.8/site-packages/airflow/example_dags/example_latest_only.py
[2026-03-09T00:35:06.929+0000] {processor.py:830} INFO - Processing file /home/airflow/.local/lib/python3.8/site-packages/airflow/example_dags/example_latest_only.py for tasks to queue
[2026-03-09T00:35:06.941+0000] {logging_mixin.py:188} INFO - [2026-03-09T00:35:06.939+0000] {dagbag.py:540} INFO - Filling up the DagBag from /home/airflow/.local/lib/python3.8/site-packages/airflow/example_dags/example_latest_only.py
[2026-03-09T00:35:06.996+0000] {processor.py:840} INFO - DAG(s) 'latest_only' retrieved from /home/airflow/.local/lib/python3.8/site-packages/airflow/example_dags/example_latest_only.py
[2026-03-09T00:35:07.151+0000] {logging_mixin.py:188} INFO - [2026-03-09T00:35:07.150+0000] {dag.py:3047} INFO - Sync 1 DAGs
[2026-03-09T00:35:07.328+0000] {logging_mixin.py:188} INFO - [2026-03-09T00:35:07.327+0000] {dag.py:3834} INFO - Setting next_dagrun for latest_only to 2026-03-08 20:00:00+00:00, run_after=2026-03-09 00:00:00+00:00
[2026-03-09T00:35:07.430+0000] {processor.py:183} INFO - Processing /home/airflow/.local/lib/python3.8/site-packages/airflow/example_dags/example_latest_only.py took 0.537 seconds
[2026-03-09T00:35:37.983+0000] {processor.py:161} INFO - Started process (PID=4041) to work on /home/airflow/.local/lib/python3.8/site-packages/airflow/example_dags/example_latest_only.py
[2026-03-09T00:35:37.986+0000] {processor.py:830} INFO - Processing file /home/airflow/.local/lib/python3.8/site-packages/airflow/example_dags/example_latest_only.py for tasks to queue
[2026-03-09T00:35:37.997+0000] {logging_mixin.py:188} INFO - [2026-03-09T00:35:37.994+0000] {dagbag.py:540} INFO - Filling up the DagBag from /home/airflow/.local/lib/python3.8/site-packages/airflow/example_dags/example_latest_only.py
[2026-03-09T00:35:38.019+0000] {processor.py:840} INFO - DAG(s) 'latest_only' retrieved from /home/airflow/.local/lib/python3.8/site-packages/airflow/example_dags/example_latest_only.py
[2026-03-09T00:35:38.106+0000] {logging_mixin.py:188} INFO - [2026-03-09T00:35:38.106+0000] {dag.py:3047} INFO - Sync 1 DAGs
[2026-03-09T00:35:38.216+0000] {logging_mixin.py:188} INFO - [2026-03-09T00:35:38.215+0000] {dag.py:3834} INFO - Setting next_dagrun for latest_only to 2026-03-08 20:00:00+00:00, run_after=2026-03-09 00:00:00+00:00
[2026-03-09T00:35:38.278+0000] {processor.py:183} INFO - Processing /home/airflow/.local/lib/python3.8/site-packages/airflow/example_dags/example_latest_only.py took 0.309 seconds
[2026-03-09T00:36:08.527+0000] {processor.py:161} INFO - Started process (PID=4097) to work on /home/airflow/.local/lib/python3.8/site-packages/airflow/example_dags/example_latest_only.py
[2026-03-09T00:36:08.535+0000] {processor.py:830} INFO - Processing file /home/airflow/.local/lib/python3.8/site-packages/airflow/example_dags/example_latest_only.py for tasks to queue
[2026-03-09T00:36:08.552+0000] {logging_mixin.py:188} INFO - [2026-03-09T00:36:08.551+0000] {dagbag.py:540} INFO - Filling up the DagBag from /home/airflow/.local/lib/python3.8/site-packages/airflow/example_dags/example_latest_only.py
[2026-03-09T00:36:08.584+0000] {processor.py:840} INFO - DAG(s) 'latest_only' retrieved from /home/airflow/.local/lib/python3.8/site-packages/airflow/example_dags/example_latest_only.py
[2026-03-09T00:36:08.665+0000] {logging_mixin.py:188} INFO - [2026-03-09T00:36:08.664+0000] {dag.py:3047} INFO - Sync 1 DAGs
[2026-03-09T00:36:08.727+0000] {logging_mixin.py:188} INFO - [2026-03-09T00:36:08.727+0000] {dag.py:3834} INFO - Setting next_dagrun for latest_only to 2026-03-08 20:00:00+00:00, run_after=2026-03-09 00:00:00+00:00
[2026-03-09T00:36:08.793+0000] {processor.py:183} INFO - Processing /home/airflow/.local/lib/python3.8/site-packages/airflow/example_dags/example_latest_only.py took 0.285 seconds
[2026-03-09T00:36:39.332+0000] {processor.py:161} INFO - Started process (PID=4153) to work on /home/airflow/.local/lib/python3.8/site-packages/airflow/example_dags/example_latest_only.py
[2026-03-09T00:36:39.345+0000] {processor.py:830} INFO - Processing file /home/airflow/.local/lib/python3.8/site-packages/airflow/example_dags/example_latest_only.py for tasks to queue
[2026-03-09T00:36:39.377+0000] {logging_mixin.py:188} INFO - [2026-03-09T00:36:39.376+0000] {dagbag.py:540} INFO - Filling up the DagBag from /home/airflow/.local/lib/python3.8/site-packages/airflow/example_dags/example_latest_only.py
[2026-03-09T00:36:39.408+0000] {processor.py:840} INFO - DAG(s) 'latest_only' retrieved from /home/airflow/.local/lib/python3.8/site-packages/airflow/example_dags/example_latest_only.py
[2026-03-09T00:36:39.519+0000] {logging_mixin.py:188} INFO - [2026-03-09T00:36:39.518+0000] {dag.py:3047} INFO - Sync 1 DAGs
[2026-03-09T00:36:39.642+0000] {logging_mixin.py:188} INFO - [2026-03-09T00:36:39.641+0000] {dag.py:3834} INFO - Setting next_dagrun for latest_only to 2026-03-08 20:00:00+00:00, run_after=2026-03-09 00:00:00+00:00
[2026-03-09T00:36:39.714+0000] {processor.py:183} INFO - Processing /home/airflow/.local/lib/python3.8/site-packages/airflow/example_dags/example_latest_only.py took 0.434 seconds
[2026-03-09T00:37:10.259+0000] {processor.py:161} INFO - Started process (PID=4207) to work on /home/airflow/.local/lib/python3.8/site-packages/airflow/example_dags/example_latest_only.py
[2026-03-09T00:37:10.262+0000] {processor.py:830} INFO - Processing file /home/airflow/.local/lib/python3.8/site-packages/airflow/example_dags/example_latest_only.py for tasks to queue
[2026-03-09T00:37:10.270+0000] {logging_mixin.py:188} INFO - [2026-03-09T00:37:10.269+0000] {dagbag.py:540} INFO - Filling up the DagBag from /home/airflow/.local/lib/python3.8/site-packages/airflow/example_dags/example_latest_only.py
[2026-03-09T00:37:10.291+0000] {processor.py:840} INFO - DAG(s) 'latest_only' retrieved from /home/airflow/.local/lib/python3.8/site-packages/airflow/example_dags/example_latest_only.py
[2026-03-09T00:37:10.375+0000] {logging_mixin.py:188} INFO - [2026-03-09T00:37:10.374+0000] {dag.py:3047} INFO - Sync 1 DAGs
[2026-03-09T00:37:10.463+0000] {logging_mixin.py:188} INFO - [2026-03-09T00:37:10.462+0000] {dag.py:3834} INFO - Setting next_dagrun for latest_only to 2026-03-08 20:00:00+00:00, run_after=2026-03-09 00:00:00+00:00
[2026-03-09T00:37:10.532+0000] {processor.py:183} INFO - Processing /home/airflow/.local/lib/python3.8/site-packages/airflow/example_dags/example_latest_only.py took 0.292 seconds
[2026-03-09T00:37:40.707+0000] {processor.py:161} INFO - Started process (PID=4261) to work on /home/airflow/.local/lib/python3.8/site-packages/airflow/example_dags/example_latest_only.py
[2026-03-09T00:37:40.715+0000] {processor.py:830} INFO - Processing file /home/airflow/.local/lib/python3.8/site-packages/airflow/example_dags/example_latest_only.py for tasks to queue
[2026-03-09T00:37:40.723+0000] {logging_mixin.py:188} INFO - [2026-03-09T00:37:40.722+0000] {dagbag.py:540} INFO - Filling up the DagBag from /home/airflow/.local/lib/python3.8/site-packages/airflow/example_dags/example_latest_only.py
[2026-03-09T00:37:40.743+0000] {processor.py:840} INFO - DAG(s) 'latest_only' retrieved from /home/airflow/.local/lib/python3.8/site-packages/airflow/example_dags/example_latest_only.py
[2026-03-09T00:37:40.827+0000] {logging_mixin.py:188} INFO - [2026-03-09T00:37:40.827+0000] {dag.py:3047} INFO - Sync 1 DAGs
[2026-03-09T00:37:40.919+0000] {logging_mixin.py:188} INFO - [2026-03-09T00:37:40.918+0000] {dag.py:3834} INFO - Setting next_dagrun for latest_only to 2026-03-08 20:00:00+00:00, run_after=2026-03-09 00:00:00+00:00
[2026-03-09T00:37:40.995+0000] {processor.py:183} INFO - Processing /home/airflow/.local/lib/python3.8/site-packages/airflow/example_dags/example_latest_only.py took 0.306 seconds
[2026-03-09T00:38:11.104+0000] {processor.py:161} INFO - Started process (PID=4317) to work on /home/airflow/.local/lib/python3.8/site-packages/airflow/example_dags/example_latest_only.py
[2026-03-09T00:38:11.106+0000] {processor.py:830} INFO - Processing file /home/airflow/.local/lib/python3.8/site-packages/airflow/example_dags/example_latest_only.py for tasks to queue
[2026-03-09T00:38:11.113+0000] {logging_mixin.py:188} INFO - [2026-03-09T00:38:11.112+0000] {dagbag.py:540} INFO - Filling up the DagBag from /home/airflow/.local/lib/python3.8/site-packages/airflow/example_dags/example_latest_only.py
[2026-03-09T00:38:11.127+0000] {processor.py:840} INFO - DAG(s) 'latest_only' retrieved from /home/airflow/.local/lib/python3.8/site-packages/airflow/example_dags/example_latest_only.py
[2026-03-09T00:38:11.196+0000] {logging_mixin.py:188} INFO - [2026-03-09T00:38:11.195+0000] {dag.py:3047} INFO - Sync 1 DAGs
[2026-03-09T00:38:11.304+0000] {logging_mixin.py:188} INFO - [2026-03-09T00:38:11.303+0000] {dag.py:3834} INFO - Setting next_dagrun for latest_only to 2026-03-08 20:00:00+00:00, run_after=2026-03-09 00:00:00+00:00
[2026-03-09T00:38:11.402+0000] {processor.py:183} INFO - Processing /home/airflow/.local/lib/python3.8/site-packages/airflow/example_dags/example_latest_only.py took 0.309 seconds
[2026-03-09T00:38:41.561+0000] {processor.py:161} INFO - Started process (PID=4373) to work on /home/airflow/.local/lib/python3.8/site-packages/airflow/example_dags/example_latest_only.py
[2026-03-09T00:38:41.565+0000] {processor.py:830} INFO - Processing file /home/airflow/.local/lib/python3.8/site-packages/airflow/example_dags/example_latest_only.py for tasks to queue
[2026-03-09T00:38:41.575+0000] {logging_mixin.py:188} INFO - [2026-03-09T00:38:41.573+0000] {dagbag.py:540} INFO - Filling up the DagBag from /home/airflow/.local/lib/python3.8/site-packages/airflow/example_dags/example_latest_only.py
[2026-03-09T00:38:41.595+0000] {processor.py:840} INFO - DAG(s) 'latest_only' retrieved from /home/airflow/.local/lib/python3.8/site-packages/airflow/example_dags/example_latest_only.py
[2026-03-09T00:38:41.672+0000] {logging_mixin.py:188} INFO - [2026-03-09T00:38:41.671+0000] {dag.py:3047} INFO - Sync 1 DAGs
[2026-03-09T00:38:41.766+0000] {logging_mixin.py:188} INFO - [2026-03-09T00:38:41.765+0000] {dag.py:3834} INFO - Setting next_dagrun for latest_only to 2026-03-08 20:00:00+00:00, run_after=2026-03-09 00:00:00+00:00
[2026-03-09T00:38:41.947+0000] {processor.py:183} INFO - Processing /home/airflow/.local/lib/python3.8/site-packages/airflow/example_dags/example_latest_only.py took 0.403 seconds
