[2026-03-09T00:00:12.891+0000] {processor.py:161} INFO - Started process (PID=256) to work on /home/airflow/.local/lib/python3.8/site-packages/airflow/example_dags/example_xcom.py
[2026-03-09T00:00:12.906+0000] {processor.py:830} INFO - Processing file /home/airflow/.local/lib/python3.8/site-packages/airflow/example_dags/example_xcom.py for tasks to queue
[2026-03-09T00:00:12.917+0000] {logging_mixin.py:188} INFO - [2026-03-09T00:00:12.916+0000] {dagbag.py:540} INFO - Filling up the DagBag from /home/airflow/.local/lib/python3.8/site-packages/airflow/example_dags/example_xcom.py
[2026-03-09T00:00:12.965+0000] {processor.py:840} INFO - DAG(s) 'example_xcom' retrieved from /home/airflow/.local/lib/python3.8/site-packages/airflow/example_dags/example_xcom.py
[2026-03-09T00:00:13.448+0000] {logging_mixin.py:188} INFO - [2026-03-09T00:00:13.447+0000] {dag.py:3047} INFO - Sync 1 DAGs
[2026-03-09T00:00:13.524+0000] {logging_mixin.py:188} INFO - [2026-03-09T00:00:13.523+0000] {dag.py:3834} INFO - Setting next_dagrun for example_xcom to 2021-01-01 00:00:00+00:00, run_after=2021-01-01 00:00:00+00:00
[2026-03-09T00:00:13.638+0000] {processor.py:183} INFO - Processing /home/airflow/.local/lib/python3.8/site-packages/airflow/example_dags/example_xcom.py took 0.767 seconds
[2026-03-09T00:00:44.229+0000] {processor.py:161} INFO - Started process (PID=311) to work on /home/airflow/.local/lib/python3.8/site-packages/airflow/example_dags/example_xcom.py
[2026-03-09T00:00:44.237+0000] {processor.py:830} INFO - Processing file /home/airflow/.local/lib/python3.8/site-packages/airflow/example_dags/example_xcom.py for tasks to queue
[2026-03-09T00:00:44.248+0000] {logging_mixin.py:188} INFO - [2026-03-09T00:00:44.246+0000] {dagbag.py:540} INFO - Filling up the DagBag from /home/airflow/.local/lib/python3.8/site-packages/airflow/example_dags/example_xcom.py
[2026-03-09T00:00:44.284+0000] {processor.py:840} INFO - DAG(s) 'example_xcom' retrieved from /home/airflow/.local/lib/python3.8/site-packages/airflow/example_dags/example_xcom.py
[2026-03-09T00:00:44.475+0000] {logging_mixin.py:188} INFO - [2026-03-09T00:00:44.471+0000] {dag.py:3047} INFO - Sync 1 DAGs
[2026-03-09T00:00:44.630+0000] {logging_mixin.py:188} INFO - [2026-03-09T00:00:44.627+0000] {dag.py:3834} INFO - Setting next_dagrun for example_xcom to 2021-01-01 00:00:00+00:00, run_after=2021-01-01 00:00:00+00:00
[2026-03-09T00:00:44.724+0000] {processor.py:183} INFO - Processing /home/airflow/.local/lib/python3.8/site-packages/airflow/example_dags/example_xcom.py took 0.516 seconds
[2026-03-09T00:01:15.208+0000] {processor.py:161} INFO - Started process (PID=366) to work on /home/airflow/.local/lib/python3.8/site-packages/airflow/example_dags/example_xcom.py
[2026-03-09T00:01:15.214+0000] {processor.py:830} INFO - Processing file /home/airflow/.local/lib/python3.8/site-packages/airflow/example_dags/example_xcom.py for tasks to queue
[2026-03-09T00:01:15.226+0000] {logging_mixin.py:188} INFO - [2026-03-09T00:01:15.224+0000] {dagbag.py:540} INFO - Filling up the DagBag from /home/airflow/.local/lib/python3.8/site-packages/airflow/example_dags/example_xcom.py
[2026-03-09T00:01:15.268+0000] {processor.py:840} INFO - DAG(s) 'example_xcom' retrieved from /home/airflow/.local/lib/python3.8/site-packages/airflow/example_dags/example_xcom.py
[2026-03-09T00:01:15.326+0000] {logging_mixin.py:188} INFO - [2026-03-09T00:01:15.325+0000] {dag.py:3047} INFO - Sync 1 DAGs
[2026-03-09T00:01:15.395+0000] {logging_mixin.py:188} INFO - [2026-03-09T00:01:15.394+0000] {dag.py:3834} INFO - Setting next_dagrun for example_xcom to 2021-01-01 00:00:00+00:00, run_after=2021-01-01 00:00:00+00:00
[2026-03-09T00:01:15.453+0000] {processor.py:183} INFO - Processing /home/airflow/.local/lib/python3.8/site-packages/airflow/example_dags/example_xcom.py took 0.263 seconds
[2026-03-09T00:01:47.068+0000] {processor.py:161} INFO - Started process (PID=420) to work on /home/airflow/.local/lib/python3.8/site-packages/airflow/example_dags/example_xcom.py
[2026-03-09T00:01:47.076+0000] {processor.py:830} INFO - Processing file /home/airflow/.local/lib/python3.8/site-packages/airflow/example_dags/example_xcom.py for tasks to queue
[2026-03-09T00:01:47.087+0000] {logging_mixin.py:188} INFO - [2026-03-09T00:01:47.083+0000] {dagbag.py:540} INFO - Filling up the DagBag from /home/airflow/.local/lib/python3.8/site-packages/airflow/example_dags/example_xcom.py
[2026-03-09T00:01:47.124+0000] {processor.py:840} INFO - DAG(s) 'example_xcom' retrieved from /home/airflow/.local/lib/python3.8/site-packages/airflow/example_dags/example_xcom.py
[2026-03-09T00:01:47.258+0000] {logging_mixin.py:188} INFO - [2026-03-09T00:01:47.257+0000] {dag.py:3047} INFO - Sync 1 DAGs
[2026-03-09T00:01:47.434+0000] {logging_mixin.py:188} INFO - [2026-03-09T00:01:47.433+0000] {dag.py:3834} INFO - Setting next_dagrun for example_xcom to 2021-01-01 00:00:00+00:00, run_after=2021-01-01 00:00:00+00:00
[2026-03-09T00:01:47.630+0000] {processor.py:183} INFO - Processing /home/airflow/.local/lib/python3.8/site-packages/airflow/example_dags/example_xcom.py took 0.582 seconds
[2026-03-09T00:02:17.878+0000] {processor.py:161} INFO - Started process (PID=475) to work on /home/airflow/.local/lib/python3.8/site-packages/airflow/example_dags/example_xcom.py
[2026-03-09T00:02:17.881+0000] {processor.py:830} INFO - Processing file /home/airflow/.local/lib/python3.8/site-packages/airflow/example_dags/example_xcom.py for tasks to queue
[2026-03-09T00:02:17.886+0000] {logging_mixin.py:188} INFO - [2026-03-09T00:02:17.885+0000] {dagbag.py:540} INFO - Filling up the DagBag from /home/airflow/.local/lib/python3.8/site-packages/airflow/example_dags/example_xcom.py
[2026-03-09T00:02:17.906+0000] {processor.py:840} INFO - DAG(s) 'example_xcom' retrieved from /home/airflow/.local/lib/python3.8/site-packages/airflow/example_dags/example_xcom.py
[2026-03-09T00:02:17.964+0000] {logging_mixin.py:188} INFO - [2026-03-09T00:02:17.963+0000] {dag.py:3047} INFO - Sync 1 DAGs
[2026-03-09T00:02:18.011+0000] {logging_mixin.py:188} INFO - [2026-03-09T00:02:18.010+0000] {dag.py:3834} INFO - Setting next_dagrun for example_xcom to 2021-01-01 00:00:00+00:00, run_after=2021-01-01 00:00:00+00:00
[2026-03-09T00:02:18.058+0000] {processor.py:183} INFO - Processing /home/airflow/.local/lib/python3.8/site-packages/airflow/example_dags/example_xcom.py took 0.191 seconds
[2026-03-09T00:02:48.887+0000] {processor.py:161} INFO - Started process (PID=531) to work on /home/airflow/.local/lib/python3.8/site-packages/airflow/example_dags/example_xcom.py
[2026-03-09T00:02:48.896+0000] {processor.py:830} INFO - Processing file /home/airflow/.local/lib/python3.8/site-packages/airflow/example_dags/example_xcom.py for tasks to queue
[2026-03-09T00:02:48.904+0000] {logging_mixin.py:188} INFO - [2026-03-09T00:02:48.902+0000] {dagbag.py:540} INFO - Filling up the DagBag from /home/airflow/.local/lib/python3.8/site-packages/airflow/example_dags/example_xcom.py
[2026-03-09T00:02:48.941+0000] {processor.py:840} INFO - DAG(s) 'example_xcom' retrieved from /home/airflow/.local/lib/python3.8/site-packages/airflow/example_dags/example_xcom.py
[2026-03-09T00:02:49.047+0000] {logging_mixin.py:188} INFO - [2026-03-09T00:02:49.046+0000] {dag.py:3047} INFO - Sync 1 DAGs
[2026-03-09T00:02:49.156+0000] {logging_mixin.py:188} INFO - [2026-03-09T00:02:49.155+0000] {dag.py:3834} INFO - Setting next_dagrun for example_xcom to 2021-01-01 00:00:00+00:00, run_after=2021-01-01 00:00:00+00:00
[2026-03-09T00:02:49.236+0000] {processor.py:183} INFO - Processing /home/airflow/.local/lib/python3.8/site-packages/airflow/example_dags/example_xcom.py took 0.374 seconds
[2026-03-09T00:03:20.081+0000] {processor.py:161} INFO - Started process (PID=586) to work on /home/airflow/.local/lib/python3.8/site-packages/airflow/example_dags/example_xcom.py
[2026-03-09T00:03:20.086+0000] {processor.py:830} INFO - Processing file /home/airflow/.local/lib/python3.8/site-packages/airflow/example_dags/example_xcom.py for tasks to queue
[2026-03-09T00:03:20.093+0000] {logging_mixin.py:188} INFO - [2026-03-09T00:03:20.092+0000] {dagbag.py:540} INFO - Filling up the DagBag from /home/airflow/.local/lib/python3.8/site-packages/airflow/example_dags/example_xcom.py
[2026-03-09T00:03:20.111+0000] {processor.py:840} INFO - DAG(s) 'example_xcom' retrieved from /home/airflow/.local/lib/python3.8/site-packages/airflow/example_dags/example_xcom.py
[2026-03-09T00:03:20.171+0000] {logging_mixin.py:188} INFO - [2026-03-09T00:03:20.170+0000] {dag.py:3047} INFO - Sync 1 DAGs
[2026-03-09T00:03:20.233+0000] {logging_mixin.py:188} INFO - [2026-03-09T00:03:20.233+0000] {dag.py:3834} INFO - Setting next_dagrun for example_xcom to 2021-01-01 00:00:00+00:00, run_after=2021-01-01 00:00:00+00:00
[2026-03-09T00:03:20.272+0000] {processor.py:183} INFO - Processing /home/airflow/.local/lib/python3.8/site-packages/airflow/example_dags/example_xcom.py took 0.202 seconds
[2026-03-09T00:03:52.158+0000] {processor.py:161} INFO - Started process (PID=641) to work on /home/airflow/.local/lib/python3.8/site-packages/airflow/example_dags/example_xcom.py
[2026-03-09T00:03:52.164+0000] {processor.py:830} INFO - Processing file /home/airflow/.local/lib/python3.8/site-packages/airflow/example_dags/example_xcom.py for tasks to queue
[2026-03-09T00:03:52.176+0000] {logging_mixin.py:188} INFO - [2026-03-09T00:03:52.174+0000] {dagbag.py:540} INFO - Filling up the DagBag from /home/airflow/.local/lib/python3.8/site-packages/airflow/example_dags/example_xcom.py
[2026-03-09T00:03:52.238+0000] {processor.py:840} INFO - DAG(s) 'example_xcom' retrieved from /home/airflow/.local/lib/python3.8/site-packages/airflow/example_dags/example_xcom.py
[2026-03-09T00:03:52.675+0000] {logging_mixin.py:188} INFO - [2026-03-09T00:03:52.674+0000] {dag.py:3047} INFO - Sync 1 DAGs
[2026-03-09T00:03:52.763+0000] {logging_mixin.py:188} INFO - [2026-03-09T00:03:52.762+0000] {dag.py:3834} INFO - Setting next_dagrun for example_xcom to 2021-01-01 00:00:00+00:00, run_after=2021-01-01 00:00:00+00:00
[2026-03-09T00:03:52.828+0000] {processor.py:183} INFO - Processing /home/airflow/.local/lib/python3.8/site-packages/airflow/example_dags/example_xcom.py took 0.344 seconds
[2026-03-09T00:04:24.542+0000] {processor.py:161} INFO - Started process (PID=696) to work on /home/airflow/.local/lib/python3.8/site-packages/airflow/example_dags/example_xcom.py
[2026-03-09T00:04:24.546+0000] {processor.py:830} INFO - Processing file /home/airflow/.local/lib/python3.8/site-packages/airflow/example_dags/example_xcom.py for tasks to queue
[2026-03-09T00:04:24.561+0000] {logging_mixin.py:188} INFO - [2026-03-09T00:04:24.559+0000] {dagbag.py:540} INFO - Filling up the DagBag from /home/airflow/.local/lib/python3.8/site-packages/airflow/example_dags/example_xcom.py
[2026-03-09T00:04:24.622+0000] {processor.py:840} INFO - DAG(s) 'example_xcom' retrieved from /home/airflow/.local/lib/python3.8/site-packages/airflow/example_dags/example_xcom.py
[2026-03-09T00:04:24.809+0000] {logging_mixin.py:188} INFO - [2026-03-09T00:04:24.809+0000] {dag.py:3047} INFO - Sync 1 DAGs
[2026-03-09T00:04:24.909+0000] {logging_mixin.py:188} INFO - [2026-03-09T00:04:24.907+0000] {dag.py:3834} INFO - Setting next_dagrun for example_xcom to 2021-01-01 00:00:00+00:00, run_after=2021-01-01 00:00:00+00:00
[2026-03-09T00:04:24.983+0000] {processor.py:183} INFO - Processing /home/airflow/.local/lib/python3.8/site-packages/airflow/example_dags/example_xcom.py took 0.475 seconds
[2026-03-09T00:04:56.229+0000] {processor.py:161} INFO - Started process (PID=751) to work on /home/airflow/.local/lib/python3.8/site-packages/airflow/example_dags/example_xcom.py
[2026-03-09T00:04:56.233+0000] {processor.py:830} INFO - Processing file /home/airflow/.local/lib/python3.8/site-packages/airflow/example_dags/example_xcom.py for tasks to queue
[2026-03-09T00:04:56.251+0000] {logging_mixin.py:188} INFO - [2026-03-09T00:04:56.246+0000] {dagbag.py:540} INFO - Filling up the DagBag from /home/airflow/.local/lib/python3.8/site-packages/airflow/example_dags/example_xcom.py
[2026-03-09T00:04:56.283+0000] {processor.py:840} INFO - DAG(s) 'example_xcom' retrieved from /home/airflow/.local/lib/python3.8/site-packages/airflow/example_dags/example_xcom.py
[2026-03-09T00:04:56.406+0000] {logging_mixin.py:188} INFO - [2026-03-09T00:04:56.405+0000] {dag.py:3047} INFO - Sync 1 DAGs
[2026-03-09T00:04:56.491+0000] {logging_mixin.py:188} INFO - [2026-03-09T00:04:56.490+0000] {dag.py:3834} INFO - Setting next_dagrun for example_xcom to 2021-01-01 00:00:00+00:00, run_after=2021-01-01 00:00:00+00:00
[2026-03-09T00:04:56.575+0000] {processor.py:183} INFO - Processing /home/airflow/.local/lib/python3.8/site-packages/airflow/example_dags/example_xcom.py took 0.362 seconds
[2026-03-09T00:05:27.246+0000] {processor.py:161} INFO - Started process (PID=806) to work on /home/airflow/.local/lib/python3.8/site-packages/airflow/example_dags/example_xcom.py
[2026-03-09T00:05:27.249+0000] {processor.py:830} INFO - Processing file /home/airflow/.local/lib/python3.8/site-packages/airflow/example_dags/example_xcom.py for tasks to queue
[2026-03-09T00:05:27.254+0000] {logging_mixin.py:188} INFO - [2026-03-09T00:05:27.253+0000] {dagbag.py:540} INFO - Filling up the DagBag from /home/airflow/.local/lib/python3.8/site-packages/airflow/example_dags/example_xcom.py
[2026-03-09T00:05:27.273+0000] {processor.py:840} INFO - DAG(s) 'example_xcom' retrieved from /home/airflow/.local/lib/python3.8/site-packages/airflow/example_dags/example_xcom.py
[2026-03-09T00:05:27.320+0000] {logging_mixin.py:188} INFO - [2026-03-09T00:05:27.320+0000] {dag.py:3047} INFO - Sync 1 DAGs
[2026-03-09T00:05:27.373+0000] {logging_mixin.py:188} INFO - [2026-03-09T00:05:27.372+0000] {dag.py:3834} INFO - Setting next_dagrun for example_xcom to 2021-01-01 00:00:00+00:00, run_after=2021-01-01 00:00:00+00:00
[2026-03-09T00:05:27.459+0000] {processor.py:183} INFO - Processing /home/airflow/.local/lib/python3.8/site-packages/airflow/example_dags/example_xcom.py took 0.223 seconds
[2026-03-09T00:05:58.598+0000] {processor.py:161} INFO - Started process (PID=862) to work on /home/airflow/.local/lib/python3.8/site-packages/airflow/example_dags/example_xcom.py
[2026-03-09T00:05:58.606+0000] {processor.py:830} INFO - Processing file /home/airflow/.local/lib/python3.8/site-packages/airflow/example_dags/example_xcom.py for tasks to queue
[2026-03-09T00:05:58.614+0000] {logging_mixin.py:188} INFO - [2026-03-09T00:05:58.613+0000] {dagbag.py:540} INFO - Filling up the DagBag from /home/airflow/.local/lib/python3.8/site-packages/airflow/example_dags/example_xcom.py
[2026-03-09T00:05:58.667+0000] {processor.py:840} INFO - DAG(s) 'example_xcom' retrieved from /home/airflow/.local/lib/python3.8/site-packages/airflow/example_dags/example_xcom.py
[2026-03-09T00:05:58.807+0000] {logging_mixin.py:188} INFO - [2026-03-09T00:05:58.806+0000] {dag.py:3047} INFO - Sync 1 DAGs
[2026-03-09T00:05:58.968+0000] {logging_mixin.py:188} INFO - [2026-03-09T00:05:58.966+0000] {dag.py:3834} INFO - Setting next_dagrun for example_xcom to 2021-01-01 00:00:00+00:00, run_after=2021-01-01 00:00:00+00:00
[2026-03-09T00:05:59.052+0000] {processor.py:183} INFO - Processing /home/airflow/.local/lib/python3.8/site-packages/airflow/example_dags/example_xcom.py took 0.475 seconds
[2026-03-09T00:06:30.540+0000] {processor.py:161} INFO - Started process (PID=917) to work on /home/airflow/.local/lib/python3.8/site-packages/airflow/example_dags/example_xcom.py
[2026-03-09T00:06:30.545+0000] {processor.py:830} INFO - Processing file /home/airflow/.local/lib/python3.8/site-packages/airflow/example_dags/example_xcom.py for tasks to queue
[2026-03-09T00:06:30.566+0000] {logging_mixin.py:188} INFO - [2026-03-09T00:06:30.564+0000] {dagbag.py:540} INFO - Filling up the DagBag from /home/airflow/.local/lib/python3.8/site-packages/airflow/example_dags/example_xcom.py
[2026-03-09T00:06:30.634+0000] {processor.py:840} INFO - DAG(s) 'example_xcom' retrieved from /home/airflow/.local/lib/python3.8/site-packages/airflow/example_dags/example_xcom.py
[2026-03-09T00:06:30.855+0000] {logging_mixin.py:188} INFO - [2026-03-09T00:06:30.854+0000] {dag.py:3047} INFO - Sync 1 DAGs
[2026-03-09T00:06:31.202+0000] {logging_mixin.py:188} INFO - [2026-03-09T00:06:31.201+0000] {dag.py:3834} INFO - Setting next_dagrun for example_xcom to 2021-01-01 00:00:00+00:00, run_after=2021-01-01 00:00:00+00:00
[2026-03-09T00:06:31.440+0000] {processor.py:183} INFO - Processing /home/airflow/.local/lib/python3.8/site-packages/airflow/example_dags/example_xcom.py took 0.931 seconds
[2026-03-09T00:07:02.001+0000] {processor.py:161} INFO - Started process (PID=973) to work on /home/airflow/.local/lib/python3.8/site-packages/airflow/example_dags/example_xcom.py
[2026-03-09T00:07:02.004+0000] {processor.py:830} INFO - Processing file /home/airflow/.local/lib/python3.8/site-packages/airflow/example_dags/example_xcom.py for tasks to queue
[2026-03-09T00:07:02.010+0000] {logging_mixin.py:188} INFO - [2026-03-09T00:07:02.009+0000] {dagbag.py:540} INFO - Filling up the DagBag from /home/airflow/.local/lib/python3.8/site-packages/airflow/example_dags/example_xcom.py
[2026-03-09T00:07:02.038+0000] {processor.py:840} INFO - DAG(s) 'example_xcom' retrieved from /home/airflow/.local/lib/python3.8/site-packages/airflow/example_dags/example_xcom.py
[2026-03-09T00:07:02.110+0000] {logging_mixin.py:188} INFO - [2026-03-09T00:07:02.109+0000] {dag.py:3047} INFO - Sync 1 DAGs
[2026-03-09T00:07:02.268+0000] {logging_mixin.py:188} INFO - [2026-03-09T00:07:02.268+0000] {dag.py:3834} INFO - Setting next_dagrun for example_xcom to 2021-01-01 00:00:00+00:00, run_after=2021-01-01 00:00:00+00:00
[2026-03-09T00:07:02.335+0000] {processor.py:183} INFO - Processing /home/airflow/.local/lib/python3.8/site-packages/airflow/example_dags/example_xcom.py took 0.347 seconds
[2026-03-09T00:07:32.507+0000] {processor.py:161} INFO - Started process (PID=1027) to work on /home/airflow/.local/lib/python3.8/site-packages/airflow/example_dags/example_xcom.py
[2026-03-09T00:07:32.512+0000] {processor.py:830} INFO - Processing file /home/airflow/.local/lib/python3.8/site-packages/airflow/example_dags/example_xcom.py for tasks to queue
[2026-03-09T00:07:32.522+0000] {logging_mixin.py:188} INFO - [2026-03-09T00:07:32.520+0000] {dagbag.py:540} INFO - Filling up the DagBag from /home/airflow/.local/lib/python3.8/site-packages/airflow/example_dags/example_xcom.py
[2026-03-09T00:07:32.557+0000] {processor.py:840} INFO - DAG(s) 'example_xcom' retrieved from /home/airflow/.local/lib/python3.8/site-packages/airflow/example_dags/example_xcom.py
[2026-03-09T00:07:32.638+0000] {logging_mixin.py:188} INFO - [2026-03-09T00:07:32.637+0000] {dag.py:3047} INFO - Sync 1 DAGs
[2026-03-09T00:07:32.708+0000] {logging_mixin.py:188} INFO - [2026-03-09T00:07:32.707+0000] {dag.py:3834} INFO - Setting next_dagrun for example_xcom to 2021-01-01 00:00:00+00:00, run_after=2021-01-01 00:00:00+00:00
[2026-03-09T00:07:32.765+0000] {processor.py:183} INFO - Processing /home/airflow/.local/lib/python3.8/site-packages/airflow/example_dags/example_xcom.py took 0.272 seconds
[2026-03-09T00:08:03.247+0000] {processor.py:161} INFO - Started process (PID=1080) to work on /home/airflow/.local/lib/python3.8/site-packages/airflow/example_dags/example_xcom.py
[2026-03-09T00:08:03.251+0000] {processor.py:830} INFO - Processing file /home/airflow/.local/lib/python3.8/site-packages/airflow/example_dags/example_xcom.py for tasks to queue
[2026-03-09T00:08:03.257+0000] {logging_mixin.py:188} INFO - [2026-03-09T00:08:03.256+0000] {dagbag.py:540} INFO - Filling up the DagBag from /home/airflow/.local/lib/python3.8/site-packages/airflow/example_dags/example_xcom.py
[2026-03-09T00:08:03.282+0000] {processor.py:840} INFO - DAG(s) 'example_xcom' retrieved from /home/airflow/.local/lib/python3.8/site-packages/airflow/example_dags/example_xcom.py
[2026-03-09T00:08:03.349+0000] {logging_mixin.py:188} INFO - [2026-03-09T00:08:03.348+0000] {dag.py:3047} INFO - Sync 1 DAGs
[2026-03-09T00:08:03.408+0000] {logging_mixin.py:188} INFO - [2026-03-09T00:08:03.407+0000] {dag.py:3834} INFO - Setting next_dagrun for example_xcom to 2021-01-01 00:00:00+00:00, run_after=2021-01-01 00:00:00+00:00
[2026-03-09T00:08:03.472+0000] {processor.py:183} INFO - Processing /home/airflow/.local/lib/python3.8/site-packages/airflow/example_dags/example_xcom.py took 0.239 seconds
[2026-03-09T00:08:33.974+0000] {processor.py:161} INFO - Started process (PID=1136) to work on /home/airflow/.local/lib/python3.8/site-packages/airflow/example_dags/example_xcom.py
[2026-03-09T00:08:33.976+0000] {processor.py:830} INFO - Processing file /home/airflow/.local/lib/python3.8/site-packages/airflow/example_dags/example_xcom.py for tasks to queue
[2026-03-09T00:08:33.981+0000] {logging_mixin.py:188} INFO - [2026-03-09T00:08:33.980+0000] {dagbag.py:540} INFO - Filling up the DagBag from /home/airflow/.local/lib/python3.8/site-packages/airflow/example_dags/example_xcom.py
[2026-03-09T00:08:34.002+0000] {processor.py:840} INFO - DAG(s) 'example_xcom' retrieved from /home/airflow/.local/lib/python3.8/site-packages/airflow/example_dags/example_xcom.py
[2026-03-09T00:08:34.051+0000] {logging_mixin.py:188} INFO - [2026-03-09T00:08:34.051+0000] {dag.py:3047} INFO - Sync 1 DAGs
[2026-03-09T00:08:34.120+0000] {logging_mixin.py:188} INFO - [2026-03-09T00:08:34.120+0000] {dag.py:3834} INFO - Setting next_dagrun for example_xcom to 2021-01-01 00:00:00+00:00, run_after=2021-01-01 00:00:00+00:00
[2026-03-09T00:08:34.176+0000] {processor.py:183} INFO - Processing /home/airflow/.local/lib/python3.8/site-packages/airflow/example_dags/example_xcom.py took 0.211 seconds
[2026-03-09T00:09:04.677+0000] {processor.py:161} INFO - Started process (PID=1192) to work on /home/airflow/.local/lib/python3.8/site-packages/airflow/example_dags/example_xcom.py
[2026-03-09T00:09:04.681+0000] {processor.py:830} INFO - Processing file /home/airflow/.local/lib/python3.8/site-packages/airflow/example_dags/example_xcom.py for tasks to queue
[2026-03-09T00:09:04.687+0000] {logging_mixin.py:188} INFO - [2026-03-09T00:09:04.686+0000] {dagbag.py:540} INFO - Filling up the DagBag from /home/airflow/.local/lib/python3.8/site-packages/airflow/example_dags/example_xcom.py
[2026-03-09T00:09:04.710+0000] {processor.py:840} INFO - DAG(s) 'example_xcom' retrieved from /home/airflow/.local/lib/python3.8/site-packages/airflow/example_dags/example_xcom.py
[2026-03-09T00:09:04.768+0000] {logging_mixin.py:188} INFO - [2026-03-09T00:09:04.768+0000] {dag.py:3047} INFO - Sync 1 DAGs
[2026-03-09T00:09:04.822+0000] {logging_mixin.py:188} INFO - [2026-03-09T00:09:04.822+0000] {dag.py:3834} INFO - Setting next_dagrun for example_xcom to 2021-01-01 00:00:00+00:00, run_after=2021-01-01 00:00:00+00:00
[2026-03-09T00:09:04.890+0000] {processor.py:183} INFO - Processing /home/airflow/.local/lib/python3.8/site-packages/airflow/example_dags/example_xcom.py took 0.224 seconds
[2026-03-09T00:09:36.279+0000] {processor.py:161} INFO - Started process (PID=1248) to work on /home/airflow/.local/lib/python3.8/site-packages/airflow/example_dags/example_xcom.py
[2026-03-09T00:09:36.299+0000] {processor.py:830} INFO - Processing file /home/airflow/.local/lib/python3.8/site-packages/airflow/example_dags/example_xcom.py for tasks to queue
[2026-03-09T00:09:36.316+0000] {logging_mixin.py:188} INFO - [2026-03-09T00:09:36.315+0000] {dagbag.py:540} INFO - Filling up the DagBag from /home/airflow/.local/lib/python3.8/site-packages/airflow/example_dags/example_xcom.py
[2026-03-09T00:09:36.393+0000] {processor.py:840} INFO - DAG(s) 'example_xcom' retrieved from /home/airflow/.local/lib/python3.8/site-packages/airflow/example_dags/example_xcom.py
[2026-03-09T00:09:36.583+0000] {logging_mixin.py:188} INFO - [2026-03-09T00:09:36.582+0000] {dag.py:3047} INFO - Sync 1 DAGs
[2026-03-09T00:09:36.767+0000] {logging_mixin.py:188} INFO - [2026-03-09T00:09:36.767+0000] {dag.py:3834} INFO - Setting next_dagrun for example_xcom to 2021-01-01 00:00:00+00:00, run_after=2021-01-01 00:00:00+00:00
[2026-03-09T00:09:36.893+0000] {processor.py:183} INFO - Processing /home/airflow/.local/lib/python3.8/site-packages/airflow/example_dags/example_xcom.py took 0.647 seconds
[2026-03-09T00:10:07.602+0000] {processor.py:161} INFO - Started process (PID=1305) to work on /home/airflow/.local/lib/python3.8/site-packages/airflow/example_dags/example_xcom.py
[2026-03-09T00:10:07.607+0000] {processor.py:830} INFO - Processing file /home/airflow/.local/lib/python3.8/site-packages/airflow/example_dags/example_xcom.py for tasks to queue
[2026-03-09T00:10:07.615+0000] {logging_mixin.py:188} INFO - [2026-03-09T00:10:07.613+0000] {dagbag.py:540} INFO - Filling up the DagBag from /home/airflow/.local/lib/python3.8/site-packages/airflow/example_dags/example_xcom.py
[2026-03-09T00:10:07.645+0000] {processor.py:840} INFO - DAG(s) 'example_xcom' retrieved from /home/airflow/.local/lib/python3.8/site-packages/airflow/example_dags/example_xcom.py
[2026-03-09T00:10:07.722+0000] {logging_mixin.py:188} INFO - [2026-03-09T00:10:07.721+0000] {dag.py:3047} INFO - Sync 1 DAGs
[2026-03-09T00:10:07.783+0000] {logging_mixin.py:188} INFO - [2026-03-09T00:10:07.782+0000] {dag.py:3834} INFO - Setting next_dagrun for example_xcom to 2021-01-01 00:00:00+00:00, run_after=2021-01-01 00:00:00+00:00
[2026-03-09T00:10:07.846+0000] {processor.py:183} INFO - Processing /home/airflow/.local/lib/python3.8/site-packages/airflow/example_dags/example_xcom.py took 0.257 seconds
[2026-03-09T00:10:38.673+0000] {processor.py:161} INFO - Started process (PID=1361) to work on /home/airflow/.local/lib/python3.8/site-packages/airflow/example_dags/example_xcom.py
[2026-03-09T00:10:38.711+0000] {processor.py:830} INFO - Processing file /home/airflow/.local/lib/python3.8/site-packages/airflow/example_dags/example_xcom.py for tasks to queue
[2026-03-09T00:10:38.742+0000] {logging_mixin.py:188} INFO - [2026-03-09T00:10:38.732+0000] {dagbag.py:540} INFO - Filling up the DagBag from /home/airflow/.local/lib/python3.8/site-packages/airflow/example_dags/example_xcom.py
[2026-03-09T00:10:38.834+0000] {processor.py:840} INFO - DAG(s) 'example_xcom' retrieved from /home/airflow/.local/lib/python3.8/site-packages/airflow/example_dags/example_xcom.py
[2026-03-09T00:10:39.029+0000] {logging_mixin.py:188} INFO - [2026-03-09T00:10:39.028+0000] {dag.py:3047} INFO - Sync 1 DAGs
[2026-03-09T00:10:39.193+0000] {logging_mixin.py:188} INFO - [2026-03-09T00:10:39.192+0000] {dag.py:3834} INFO - Setting next_dagrun for example_xcom to 2021-01-01 00:00:00+00:00, run_after=2021-01-01 00:00:00+00:00
[2026-03-09T00:10:39.305+0000] {processor.py:183} INFO - Processing /home/airflow/.local/lib/python3.8/site-packages/airflow/example_dags/example_xcom.py took 0.663 seconds
[2026-03-09T00:11:09.700+0000] {processor.py:161} INFO - Started process (PID=1418) to work on /home/airflow/.local/lib/python3.8/site-packages/airflow/example_dags/example_xcom.py
[2026-03-09T00:11:09.705+0000] {processor.py:830} INFO - Processing file /home/airflow/.local/lib/python3.8/site-packages/airflow/example_dags/example_xcom.py for tasks to queue
[2026-03-09T00:11:09.714+0000] {logging_mixin.py:188} INFO - [2026-03-09T00:11:09.713+0000] {dagbag.py:540} INFO - Filling up the DagBag from /home/airflow/.local/lib/python3.8/site-packages/airflow/example_dags/example_xcom.py
[2026-03-09T00:11:09.743+0000] {processor.py:840} INFO - DAG(s) 'example_xcom' retrieved from /home/airflow/.local/lib/python3.8/site-packages/airflow/example_dags/example_xcom.py
[2026-03-09T00:11:09.860+0000] {logging_mixin.py:188} INFO - [2026-03-09T00:11:09.860+0000] {dag.py:3047} INFO - Sync 1 DAGs
[2026-03-09T00:11:09.939+0000] {logging_mixin.py:188} INFO - [2026-03-09T00:11:09.939+0000] {dag.py:3834} INFO - Setting next_dagrun for example_xcom to 2021-01-01 00:00:00+00:00, run_after=2021-01-01 00:00:00+00:00
[2026-03-09T00:11:10.040+0000] {processor.py:183} INFO - Processing /home/airflow/.local/lib/python3.8/site-packages/airflow/example_dags/example_xcom.py took 0.357 seconds
[2026-03-09T00:11:40.632+0000] {processor.py:161} INFO - Started process (PID=1473) to work on /home/airflow/.local/lib/python3.8/site-packages/airflow/example_dags/example_xcom.py
[2026-03-09T00:11:40.636+0000] {processor.py:830} INFO - Processing file /home/airflow/.local/lib/python3.8/site-packages/airflow/example_dags/example_xcom.py for tasks to queue
[2026-03-09T00:11:40.642+0000] {logging_mixin.py:188} INFO - [2026-03-09T00:11:40.641+0000] {dagbag.py:540} INFO - Filling up the DagBag from /home/airflow/.local/lib/python3.8/site-packages/airflow/example_dags/example_xcom.py
[2026-03-09T00:11:40.669+0000] {processor.py:840} INFO - DAG(s) 'example_xcom' retrieved from /home/airflow/.local/lib/python3.8/site-packages/airflow/example_dags/example_xcom.py
[2026-03-09T00:11:40.771+0000] {logging_mixin.py:188} INFO - [2026-03-09T00:11:40.769+0000] {dag.py:3047} INFO - Sync 1 DAGs
[2026-03-09T00:11:40.878+0000] {logging_mixin.py:188} INFO - [2026-03-09T00:11:40.877+0000] {dag.py:3834} INFO - Setting next_dagrun for example_xcom to 2021-01-01 00:00:00+00:00, run_after=2021-01-01 00:00:00+00:00
[2026-03-09T00:11:40.944+0000] {processor.py:183} INFO - Processing /home/airflow/.local/lib/python3.8/site-packages/airflow/example_dags/example_xcom.py took 0.326 seconds
[2026-03-09T00:12:11.334+0000] {processor.py:161} INFO - Started process (PID=1528) to work on /home/airflow/.local/lib/python3.8/site-packages/airflow/example_dags/example_xcom.py
[2026-03-09T00:12:11.345+0000] {processor.py:830} INFO - Processing file /home/airflow/.local/lib/python3.8/site-packages/airflow/example_dags/example_xcom.py for tasks to queue
[2026-03-09T00:12:11.375+0000] {logging_mixin.py:188} INFO - [2026-03-09T00:12:11.373+0000] {dagbag.py:540} INFO - Filling up the DagBag from /home/airflow/.local/lib/python3.8/site-packages/airflow/example_dags/example_xcom.py
[2026-03-09T00:12:11.438+0000] {processor.py:840} INFO - DAG(s) 'example_xcom' retrieved from /home/airflow/.local/lib/python3.8/site-packages/airflow/example_dags/example_xcom.py
[2026-03-09T00:12:11.570+0000] {logging_mixin.py:188} INFO - [2026-03-09T00:12:11.569+0000] {dag.py:3047} INFO - Sync 1 DAGs
[2026-03-09T00:12:11.666+0000] {logging_mixin.py:188} INFO - [2026-03-09T00:12:11.665+0000] {dag.py:3834} INFO - Setting next_dagrun for example_xcom to 2021-01-01 00:00:00+00:00, run_after=2021-01-01 00:00:00+00:00
[2026-03-09T00:12:11.744+0000] {processor.py:183} INFO - Processing /home/airflow/.local/lib/python3.8/site-packages/airflow/example_dags/example_xcom.py took 0.428 seconds
[2026-03-09T00:12:41.981+0000] {processor.py:161} INFO - Started process (PID=1584) to work on /home/airflow/.local/lib/python3.8/site-packages/airflow/example_dags/example_xcom.py
[2026-03-09T00:12:41.985+0000] {processor.py:830} INFO - Processing file /home/airflow/.local/lib/python3.8/site-packages/airflow/example_dags/example_xcom.py for tasks to queue
[2026-03-09T00:12:41.993+0000] {logging_mixin.py:188} INFO - [2026-03-09T00:12:41.992+0000] {dagbag.py:540} INFO - Filling up the DagBag from /home/airflow/.local/lib/python3.8/site-packages/airflow/example_dags/example_xcom.py
[2026-03-09T00:12:42.018+0000] {processor.py:840} INFO - DAG(s) 'example_xcom' retrieved from /home/airflow/.local/lib/python3.8/site-packages/airflow/example_dags/example_xcom.py
[2026-03-09T00:12:42.073+0000] {logging_mixin.py:188} INFO - [2026-03-09T00:12:42.072+0000] {dag.py:3047} INFO - Sync 1 DAGs
[2026-03-09T00:12:42.132+0000] {logging_mixin.py:188} INFO - [2026-03-09T00:12:42.132+0000] {dag.py:3834} INFO - Setting next_dagrun for example_xcom to 2021-01-01 00:00:00+00:00, run_after=2021-01-01 00:00:00+00:00
[2026-03-09T00:12:42.182+0000] {processor.py:183} INFO - Processing /home/airflow/.local/lib/python3.8/site-packages/airflow/example_dags/example_xcom.py took 0.214 seconds
[2026-03-09T00:13:12.576+0000] {processor.py:161} INFO - Started process (PID=1640) to work on /home/airflow/.local/lib/python3.8/site-packages/airflow/example_dags/example_xcom.py
[2026-03-09T00:13:12.578+0000] {processor.py:830} INFO - Processing file /home/airflow/.local/lib/python3.8/site-packages/airflow/example_dags/example_xcom.py for tasks to queue
[2026-03-09T00:13:12.581+0000] {logging_mixin.py:188} INFO - [2026-03-09T00:13:12.581+0000] {dagbag.py:540} INFO - Filling up the DagBag from /home/airflow/.local/lib/python3.8/site-packages/airflow/example_dags/example_xcom.py
[2026-03-09T00:13:12.594+0000] {processor.py:840} INFO - DAG(s) 'example_xcom' retrieved from /home/airflow/.local/lib/python3.8/site-packages/airflow/example_dags/example_xcom.py
[2026-03-09T00:13:12.633+0000] {logging_mixin.py:188} INFO - [2026-03-09T00:13:12.632+0000] {dag.py:3047} INFO - Sync 1 DAGs
[2026-03-09T00:13:12.673+0000] {logging_mixin.py:188} INFO - [2026-03-09T00:13:12.673+0000] {dag.py:3834} INFO - Setting next_dagrun for example_xcom to 2021-01-01 00:00:00+00:00, run_after=2021-01-01 00:00:00+00:00
[2026-03-09T00:13:12.705+0000] {processor.py:183} INFO - Processing /home/airflow/.local/lib/python3.8/site-packages/airflow/example_dags/example_xcom.py took 0.138 seconds
[2026-03-09T00:13:43.808+0000] {processor.py:161} INFO - Started process (PID=1696) to work on /home/airflow/.local/lib/python3.8/site-packages/airflow/example_dags/example_xcom.py
[2026-03-09T00:13:43.811+0000] {processor.py:830} INFO - Processing file /home/airflow/.local/lib/python3.8/site-packages/airflow/example_dags/example_xcom.py for tasks to queue
[2026-03-09T00:13:43.815+0000] {logging_mixin.py:188} INFO - [2026-03-09T00:13:43.815+0000] {dagbag.py:540} INFO - Filling up the DagBag from /home/airflow/.local/lib/python3.8/site-packages/airflow/example_dags/example_xcom.py
[2026-03-09T00:13:43.836+0000] {processor.py:840} INFO - DAG(s) 'example_xcom' retrieved from /home/airflow/.local/lib/python3.8/site-packages/airflow/example_dags/example_xcom.py
[2026-03-09T00:13:43.893+0000] {logging_mixin.py:188} INFO - [2026-03-09T00:13:43.893+0000] {dag.py:3047} INFO - Sync 1 DAGs
[2026-03-09T00:13:43.943+0000] {logging_mixin.py:188} INFO - [2026-03-09T00:13:43.943+0000] {dag.py:3834} INFO - Setting next_dagrun for example_xcom to 2021-01-01 00:00:00+00:00, run_after=2021-01-01 00:00:00+00:00
[2026-03-09T00:13:43.991+0000] {processor.py:183} INFO - Processing /home/airflow/.local/lib/python3.8/site-packages/airflow/example_dags/example_xcom.py took 0.191 seconds
[2026-03-09T00:14:14.471+0000] {processor.py:161} INFO - Started process (PID=1752) to work on /home/airflow/.local/lib/python3.8/site-packages/airflow/example_dags/example_xcom.py
[2026-03-09T00:14:14.477+0000] {processor.py:830} INFO - Processing file /home/airflow/.local/lib/python3.8/site-packages/airflow/example_dags/example_xcom.py for tasks to queue
[2026-03-09T00:14:14.484+0000] {logging_mixin.py:188} INFO - [2026-03-09T00:14:14.483+0000] {dagbag.py:540} INFO - Filling up the DagBag from /home/airflow/.local/lib/python3.8/site-packages/airflow/example_dags/example_xcom.py
[2026-03-09T00:14:14.511+0000] {processor.py:840} INFO - DAG(s) 'example_xcom' retrieved from /home/airflow/.local/lib/python3.8/site-packages/airflow/example_dags/example_xcom.py
[2026-03-09T00:14:14.595+0000] {logging_mixin.py:188} INFO - [2026-03-09T00:14:14.595+0000] {dag.py:3047} INFO - Sync 1 DAGs
[2026-03-09T00:14:14.714+0000] {logging_mixin.py:188} INFO - [2026-03-09T00:14:14.713+0000] {dag.py:3834} INFO - Setting next_dagrun for example_xcom to 2021-01-01 00:00:00+00:00, run_after=2021-01-01 00:00:00+00:00
[2026-03-09T00:14:14.798+0000] {processor.py:183} INFO - Processing /home/airflow/.local/lib/python3.8/site-packages/airflow/example_dags/example_xcom.py took 0.342 seconds
[2026-03-09T00:14:45.015+0000] {processor.py:161} INFO - Started process (PID=1808) to work on /home/airflow/.local/lib/python3.8/site-packages/airflow/example_dags/example_xcom.py
[2026-03-09T00:14:45.019+0000] {processor.py:830} INFO - Processing file /home/airflow/.local/lib/python3.8/site-packages/airflow/example_dags/example_xcom.py for tasks to queue
[2026-03-09T00:14:45.024+0000] {logging_mixin.py:188} INFO - [2026-03-09T00:14:45.023+0000] {dagbag.py:540} INFO - Filling up the DagBag from /home/airflow/.local/lib/python3.8/site-packages/airflow/example_dags/example_xcom.py
[2026-03-09T00:14:45.044+0000] {processor.py:840} INFO - DAG(s) 'example_xcom' retrieved from /home/airflow/.local/lib/python3.8/site-packages/airflow/example_dags/example_xcom.py
[2026-03-09T00:14:45.105+0000] {logging_mixin.py:188} INFO - [2026-03-09T00:14:45.105+0000] {dag.py:3047} INFO - Sync 1 DAGs
[2026-03-09T00:14:45.174+0000] {logging_mixin.py:188} INFO - [2026-03-09T00:14:45.174+0000] {dag.py:3834} INFO - Setting next_dagrun for example_xcom to 2021-01-01 00:00:00+00:00, run_after=2021-01-01 00:00:00+00:00
[2026-03-09T00:14:45.227+0000] {processor.py:183} INFO - Processing /home/airflow/.local/lib/python3.8/site-packages/airflow/example_dags/example_xcom.py took 0.224 seconds
[2026-03-09T00:15:16.171+0000] {processor.py:161} INFO - Started process (PID=1864) to work on /home/airflow/.local/lib/python3.8/site-packages/airflow/example_dags/example_xcom.py
[2026-03-09T00:15:16.174+0000] {processor.py:830} INFO - Processing file /home/airflow/.local/lib/python3.8/site-packages/airflow/example_dags/example_xcom.py for tasks to queue
[2026-03-09T00:15:16.180+0000] {logging_mixin.py:188} INFO - [2026-03-09T00:15:16.179+0000] {dagbag.py:540} INFO - Filling up the DagBag from /home/airflow/.local/lib/python3.8/site-packages/airflow/example_dags/example_xcom.py
[2026-03-09T00:15:16.203+0000] {processor.py:840} INFO - DAG(s) 'example_xcom' retrieved from /home/airflow/.local/lib/python3.8/site-packages/airflow/example_dags/example_xcom.py
[2026-03-09T00:15:16.260+0000] {logging_mixin.py:188} INFO - [2026-03-09T00:15:16.260+0000] {dag.py:3047} INFO - Sync 1 DAGs
[2026-03-09T00:15:16.335+0000] {logging_mixin.py:188} INFO - [2026-03-09T00:15:16.334+0000] {dag.py:3834} INFO - Setting next_dagrun for example_xcom to 2021-01-01 00:00:00+00:00, run_after=2021-01-01 00:00:00+00:00
[2026-03-09T00:15:16.430+0000] {processor.py:183} INFO - Processing /home/airflow/.local/lib/python3.8/site-packages/airflow/example_dags/example_xcom.py took 0.270 seconds
[2026-03-09T00:15:47.967+0000] {processor.py:161} INFO - Started process (PID=1920) to work on /home/airflow/.local/lib/python3.8/site-packages/airflow/example_dags/example_xcom.py
[2026-03-09T00:15:47.971+0000] {processor.py:830} INFO - Processing file /home/airflow/.local/lib/python3.8/site-packages/airflow/example_dags/example_xcom.py for tasks to queue
[2026-03-09T00:15:47.983+0000] {logging_mixin.py:188} INFO - [2026-03-09T00:15:47.981+0000] {dagbag.py:540} INFO - Filling up the DagBag from /home/airflow/.local/lib/python3.8/site-packages/airflow/example_dags/example_xcom.py
[2026-03-09T00:15:48.018+0000] {processor.py:840} INFO - DAG(s) 'example_xcom' retrieved from /home/airflow/.local/lib/python3.8/site-packages/airflow/example_dags/example_xcom.py
[2026-03-09T00:15:48.110+0000] {logging_mixin.py:188} INFO - [2026-03-09T00:15:48.110+0000] {dag.py:3047} INFO - Sync 1 DAGs
[2026-03-09T00:15:48.226+0000] {logging_mixin.py:188} INFO - [2026-03-09T00:15:48.221+0000] {dag.py:3834} INFO - Setting next_dagrun for example_xcom to 2021-01-01 00:00:00+00:00, run_after=2021-01-01 00:00:00+00:00
[2026-03-09T00:15:48.354+0000] {processor.py:183} INFO - Processing /home/airflow/.local/lib/python3.8/site-packages/airflow/example_dags/example_xcom.py took 0.404 seconds
[2026-03-09T00:16:18.600+0000] {processor.py:161} INFO - Started process (PID=1976) to work on /home/airflow/.local/lib/python3.8/site-packages/airflow/example_dags/example_xcom.py
[2026-03-09T00:16:18.605+0000] {processor.py:830} INFO - Processing file /home/airflow/.local/lib/python3.8/site-packages/airflow/example_dags/example_xcom.py for tasks to queue
[2026-03-09T00:16:18.610+0000] {logging_mixin.py:188} INFO - [2026-03-09T00:16:18.610+0000] {dagbag.py:540} INFO - Filling up the DagBag from /home/airflow/.local/lib/python3.8/site-packages/airflow/example_dags/example_xcom.py
[2026-03-09T00:16:18.633+0000] {processor.py:840} INFO - DAG(s) 'example_xcom' retrieved from /home/airflow/.local/lib/python3.8/site-packages/airflow/example_dags/example_xcom.py
[2026-03-09T00:16:18.700+0000] {logging_mixin.py:188} INFO - [2026-03-09T00:16:18.699+0000] {dag.py:3047} INFO - Sync 1 DAGs
[2026-03-09T00:16:18.776+0000] {logging_mixin.py:188} INFO - [2026-03-09T00:16:18.775+0000] {dag.py:3834} INFO - Setting next_dagrun for example_xcom to 2021-01-01 00:00:00+00:00, run_after=2021-01-01 00:00:00+00:00
[2026-03-09T00:16:18.862+0000] {processor.py:183} INFO - Processing /home/airflow/.local/lib/python3.8/site-packages/airflow/example_dags/example_xcom.py took 0.277 seconds
[2026-03-09T00:16:49.436+0000] {processor.py:161} INFO - Started process (PID=2032) to work on /home/airflow/.local/lib/python3.8/site-packages/airflow/example_dags/example_xcom.py
[2026-03-09T00:16:49.439+0000] {processor.py:830} INFO - Processing file /home/airflow/.local/lib/python3.8/site-packages/airflow/example_dags/example_xcom.py for tasks to queue
[2026-03-09T00:16:49.444+0000] {logging_mixin.py:188} INFO - [2026-03-09T00:16:49.443+0000] {dagbag.py:540} INFO - Filling up the DagBag from /home/airflow/.local/lib/python3.8/site-packages/airflow/example_dags/example_xcom.py
[2026-03-09T00:16:49.467+0000] {processor.py:840} INFO - DAG(s) 'example_xcom' retrieved from /home/airflow/.local/lib/python3.8/site-packages/airflow/example_dags/example_xcom.py
[2026-03-09T00:16:49.535+0000] {logging_mixin.py:188} INFO - [2026-03-09T00:16:49.534+0000] {dag.py:3047} INFO - Sync 1 DAGs
[2026-03-09T00:16:49.605+0000] {logging_mixin.py:188} INFO - [2026-03-09T00:16:49.604+0000] {dag.py:3834} INFO - Setting next_dagrun for example_xcom to 2021-01-01 00:00:00+00:00, run_after=2021-01-01 00:00:00+00:00
[2026-03-09T00:16:49.664+0000] {processor.py:183} INFO - Processing /home/airflow/.local/lib/python3.8/site-packages/airflow/example_dags/example_xcom.py took 0.238 seconds
[2026-03-09T00:17:20.657+0000] {processor.py:161} INFO - Started process (PID=2088) to work on /home/airflow/.local/lib/python3.8/site-packages/airflow/example_dags/example_xcom.py
[2026-03-09T00:17:20.660+0000] {processor.py:830} INFO - Processing file /home/airflow/.local/lib/python3.8/site-packages/airflow/example_dags/example_xcom.py for tasks to queue
[2026-03-09T00:17:20.666+0000] {logging_mixin.py:188} INFO - [2026-03-09T00:17:20.665+0000] {dagbag.py:540} INFO - Filling up the DagBag from /home/airflow/.local/lib/python3.8/site-packages/airflow/example_dags/example_xcom.py
[2026-03-09T00:17:20.687+0000] {processor.py:840} INFO - DAG(s) 'example_xcom' retrieved from /home/airflow/.local/lib/python3.8/site-packages/airflow/example_dags/example_xcom.py
[2026-03-09T00:17:20.746+0000] {logging_mixin.py:188} INFO - [2026-03-09T00:17:20.746+0000] {dag.py:3047} INFO - Sync 1 DAGs
[2026-03-09T00:17:20.798+0000] {logging_mixin.py:188} INFO - [2026-03-09T00:17:20.798+0000] {dag.py:3834} INFO - Setting next_dagrun for example_xcom to 2021-01-01 00:00:00+00:00, run_after=2021-01-01 00:00:00+00:00
[2026-03-09T00:17:20.860+0000] {processor.py:183} INFO - Processing /home/airflow/.local/lib/python3.8/site-packages/airflow/example_dags/example_xcom.py took 0.212 seconds
[2026-03-09T00:17:51.712+0000] {processor.py:161} INFO - Started process (PID=2144) to work on /home/airflow/.local/lib/python3.8/site-packages/airflow/example_dags/example_xcom.py
[2026-03-09T00:17:51.716+0000] {processor.py:830} INFO - Processing file /home/airflow/.local/lib/python3.8/site-packages/airflow/example_dags/example_xcom.py for tasks to queue
[2026-03-09T00:17:51.722+0000] {logging_mixin.py:188} INFO - [2026-03-09T00:17:51.721+0000] {dagbag.py:540} INFO - Filling up the DagBag from /home/airflow/.local/lib/python3.8/site-packages/airflow/example_dags/example_xcom.py
[2026-03-09T00:17:51.753+0000] {processor.py:840} INFO - DAG(s) 'example_xcom' retrieved from /home/airflow/.local/lib/python3.8/site-packages/airflow/example_dags/example_xcom.py
[2026-03-09T00:17:51.850+0000] {logging_mixin.py:188} INFO - [2026-03-09T00:17:51.850+0000] {dag.py:3047} INFO - Sync 1 DAGs
[2026-03-09T00:17:51.932+0000] {logging_mixin.py:188} INFO - [2026-03-09T00:17:51.931+0000] {dag.py:3834} INFO - Setting next_dagrun for example_xcom to 2021-01-01 00:00:00+00:00, run_after=2021-01-01 00:00:00+00:00
[2026-03-09T00:17:51.995+0000] {processor.py:183} INFO - Processing /home/airflow/.local/lib/python3.8/site-packages/airflow/example_dags/example_xcom.py took 0.295 seconds
[2026-03-09T00:18:23.731+0000] {processor.py:161} INFO - Started process (PID=2200) to work on /home/airflow/.local/lib/python3.8/site-packages/airflow/example_dags/example_xcom.py
[2026-03-09T00:18:23.736+0000] {processor.py:830} INFO - Processing file /home/airflow/.local/lib/python3.8/site-packages/airflow/example_dags/example_xcom.py for tasks to queue
[2026-03-09T00:18:23.751+0000] {logging_mixin.py:188} INFO - [2026-03-09T00:18:23.750+0000] {dagbag.py:540} INFO - Filling up the DagBag from /home/airflow/.local/lib/python3.8/site-packages/airflow/example_dags/example_xcom.py
[2026-03-09T00:18:23.808+0000] {processor.py:840} INFO - DAG(s) 'example_xcom' retrieved from /home/airflow/.local/lib/python3.8/site-packages/airflow/example_dags/example_xcom.py
[2026-03-09T00:18:23.954+0000] {logging_mixin.py:188} INFO - [2026-03-09T00:18:23.953+0000] {dag.py:3047} INFO - Sync 1 DAGs
[2026-03-09T00:18:24.024+0000] {logging_mixin.py:188} INFO - [2026-03-09T00:18:24.023+0000] {dag.py:3834} INFO - Setting next_dagrun for example_xcom to 2021-01-01 00:00:00+00:00, run_after=2021-01-01 00:00:00+00:00
[2026-03-09T00:18:24.092+0000] {processor.py:183} INFO - Processing /home/airflow/.local/lib/python3.8/site-packages/airflow/example_dags/example_xcom.py took 0.375 seconds
[2026-03-09T00:18:54.407+0000] {processor.py:161} INFO - Started process (PID=2256) to work on /home/airflow/.local/lib/python3.8/site-packages/airflow/example_dags/example_xcom.py
[2026-03-09T00:18:54.411+0000] {processor.py:830} INFO - Processing file /home/airflow/.local/lib/python3.8/site-packages/airflow/example_dags/example_xcom.py for tasks to queue
[2026-03-09T00:18:54.416+0000] {logging_mixin.py:188} INFO - [2026-03-09T00:18:54.416+0000] {dagbag.py:540} INFO - Filling up the DagBag from /home/airflow/.local/lib/python3.8/site-packages/airflow/example_dags/example_xcom.py
[2026-03-09T00:18:54.442+0000] {processor.py:840} INFO - DAG(s) 'example_xcom' retrieved from /home/airflow/.local/lib/python3.8/site-packages/airflow/example_dags/example_xcom.py
[2026-03-09T00:18:54.509+0000] {logging_mixin.py:188} INFO - [2026-03-09T00:18:54.508+0000] {dag.py:3047} INFO - Sync 1 DAGs
[2026-03-09T00:18:54.566+0000] {logging_mixin.py:188} INFO - [2026-03-09T00:18:54.565+0000] {dag.py:3834} INFO - Setting next_dagrun for example_xcom to 2021-01-01 00:00:00+00:00, run_after=2021-01-01 00:00:00+00:00
[2026-03-09T00:18:54.609+0000] {processor.py:183} INFO - Processing /home/airflow/.local/lib/python3.8/site-packages/airflow/example_dags/example_xcom.py took 0.213 seconds
[2026-03-09T00:19:25.203+0000] {processor.py:161} INFO - Started process (PID=2313) to work on /home/airflow/.local/lib/python3.8/site-packages/airflow/example_dags/example_xcom.py
[2026-03-09T00:19:25.205+0000] {processor.py:830} INFO - Processing file /home/airflow/.local/lib/python3.8/site-packages/airflow/example_dags/example_xcom.py for tasks to queue
[2026-03-09T00:19:25.211+0000] {logging_mixin.py:188} INFO - [2026-03-09T00:19:25.210+0000] {dagbag.py:540} INFO - Filling up the DagBag from /home/airflow/.local/lib/python3.8/site-packages/airflow/example_dags/example_xcom.py
[2026-03-09T00:19:25.228+0000] {processor.py:840} INFO - DAG(s) 'example_xcom' retrieved from /home/airflow/.local/lib/python3.8/site-packages/airflow/example_dags/example_xcom.py
[2026-03-09T00:19:25.284+0000] {logging_mixin.py:188} INFO - [2026-03-09T00:19:25.283+0000] {dag.py:3047} INFO - Sync 1 DAGs
[2026-03-09T00:19:25.339+0000] {logging_mixin.py:188} INFO - [2026-03-09T00:19:25.339+0000] {dag.py:3834} INFO - Setting next_dagrun for example_xcom to 2021-01-01 00:00:00+00:00, run_after=2021-01-01 00:00:00+00:00
[2026-03-09T00:19:25.390+0000] {processor.py:183} INFO - Processing /home/airflow/.local/lib/python3.8/site-packages/airflow/example_dags/example_xcom.py took 0.198 seconds
[2026-03-09T00:19:56.581+0000] {processor.py:161} INFO - Started process (PID=2369) to work on /home/airflow/.local/lib/python3.8/site-packages/airflow/example_dags/example_xcom.py
[2026-03-09T00:19:56.585+0000] {processor.py:830} INFO - Processing file /home/airflow/.local/lib/python3.8/site-packages/airflow/example_dags/example_xcom.py for tasks to queue
[2026-03-09T00:19:56.590+0000] {logging_mixin.py:188} INFO - [2026-03-09T00:19:56.589+0000] {dagbag.py:540} INFO - Filling up the DagBag from /home/airflow/.local/lib/python3.8/site-packages/airflow/example_dags/example_xcom.py
[2026-03-09T00:19:56.619+0000] {processor.py:840} INFO - DAG(s) 'example_xcom' retrieved from /home/airflow/.local/lib/python3.8/site-packages/airflow/example_dags/example_xcom.py
[2026-03-09T00:19:56.685+0000] {logging_mixin.py:188} INFO - [2026-03-09T00:19:56.685+0000] {dag.py:3047} INFO - Sync 1 DAGs
[2026-03-09T00:19:56.744+0000] {logging_mixin.py:188} INFO - [2026-03-09T00:19:56.744+0000] {dag.py:3834} INFO - Setting next_dagrun for example_xcom to 2021-01-01 00:00:00+00:00, run_after=2021-01-01 00:00:00+00:00
[2026-03-09T00:19:56.788+0000] {processor.py:183} INFO - Processing /home/airflow/.local/lib/python3.8/site-packages/airflow/example_dags/example_xcom.py took 0.218 seconds
[2026-03-09T00:20:27.629+0000] {processor.py:161} INFO - Started process (PID=2425) to work on /home/airflow/.local/lib/python3.8/site-packages/airflow/example_dags/example_xcom.py
[2026-03-09T00:20:27.632+0000] {processor.py:830} INFO - Processing file /home/airflow/.local/lib/python3.8/site-packages/airflow/example_dags/example_xcom.py for tasks to queue
[2026-03-09T00:20:27.639+0000] {logging_mixin.py:188} INFO - [2026-03-09T00:20:27.638+0000] {dagbag.py:540} INFO - Filling up the DagBag from /home/airflow/.local/lib/python3.8/site-packages/airflow/example_dags/example_xcom.py
[2026-03-09T00:20:27.665+0000] {processor.py:840} INFO - DAG(s) 'example_xcom' retrieved from /home/airflow/.local/lib/python3.8/site-packages/airflow/example_dags/example_xcom.py
[2026-03-09T00:20:27.733+0000] {logging_mixin.py:188} INFO - [2026-03-09T00:20:27.733+0000] {dag.py:3047} INFO - Sync 1 DAGs
[2026-03-09T00:20:27.810+0000] {logging_mixin.py:188} INFO - [2026-03-09T00:20:27.809+0000] {dag.py:3834} INFO - Setting next_dagrun for example_xcom to 2021-01-01 00:00:00+00:00, run_after=2021-01-01 00:00:00+00:00
[2026-03-09T00:20:27.880+0000] {processor.py:183} INFO - Processing /home/airflow/.local/lib/python3.8/site-packages/airflow/example_dags/example_xcom.py took 0.266 seconds
[2026-03-09T00:20:58.208+0000] {processor.py:161} INFO - Started process (PID=2481) to work on /home/airflow/.local/lib/python3.8/site-packages/airflow/example_dags/example_xcom.py
[2026-03-09T00:20:58.211+0000] {processor.py:830} INFO - Processing file /home/airflow/.local/lib/python3.8/site-packages/airflow/example_dags/example_xcom.py for tasks to queue
[2026-03-09T00:20:58.222+0000] {logging_mixin.py:188} INFO - [2026-03-09T00:20:58.221+0000] {dagbag.py:540} INFO - Filling up the DagBag from /home/airflow/.local/lib/python3.8/site-packages/airflow/example_dags/example_xcom.py
[2026-03-09T00:20:58.248+0000] {processor.py:840} INFO - DAG(s) 'example_xcom' retrieved from /home/airflow/.local/lib/python3.8/site-packages/airflow/example_dags/example_xcom.py
[2026-03-09T00:20:58.320+0000] {logging_mixin.py:188} INFO - [2026-03-09T00:20:58.319+0000] {dag.py:3047} INFO - Sync 1 DAGs
[2026-03-09T00:20:58.389+0000] {logging_mixin.py:188} INFO - [2026-03-09T00:20:58.388+0000] {dag.py:3834} INFO - Setting next_dagrun for example_xcom to 2021-01-01 00:00:00+00:00, run_after=2021-01-01 00:00:00+00:00
[2026-03-09T00:20:58.448+0000] {processor.py:183} INFO - Processing /home/airflow/.local/lib/python3.8/site-packages/airflow/example_dags/example_xcom.py took 0.251 seconds
[2026-03-09T00:21:29.269+0000] {processor.py:161} INFO - Started process (PID=2537) to work on /home/airflow/.local/lib/python3.8/site-packages/airflow/example_dags/example_xcom.py
[2026-03-09T00:21:29.272+0000] {processor.py:830} INFO - Processing file /home/airflow/.local/lib/python3.8/site-packages/airflow/example_dags/example_xcom.py for tasks to queue
[2026-03-09T00:21:29.280+0000] {logging_mixin.py:188} INFO - [2026-03-09T00:21:29.278+0000] {dagbag.py:540} INFO - Filling up the DagBag from /home/airflow/.local/lib/python3.8/site-packages/airflow/example_dags/example_xcom.py
[2026-03-09T00:21:29.301+0000] {processor.py:840} INFO - DAG(s) 'example_xcom' retrieved from /home/airflow/.local/lib/python3.8/site-packages/airflow/example_dags/example_xcom.py
[2026-03-09T00:21:29.375+0000] {logging_mixin.py:188} INFO - [2026-03-09T00:21:29.374+0000] {dag.py:3047} INFO - Sync 1 DAGs
[2026-03-09T00:21:29.466+0000] {logging_mixin.py:188} INFO - [2026-03-09T00:21:29.465+0000] {dag.py:3834} INFO - Setting next_dagrun for example_xcom to 2021-01-01 00:00:00+00:00, run_after=2021-01-01 00:00:00+00:00
[2026-03-09T00:21:29.526+0000] {processor.py:183} INFO - Processing /home/airflow/.local/lib/python3.8/site-packages/airflow/example_dags/example_xcom.py took 0.268 seconds
[2026-03-09T00:22:00.544+0000] {processor.py:161} INFO - Started process (PID=2594) to work on /home/airflow/.local/lib/python3.8/site-packages/airflow/example_dags/example_xcom.py
[2026-03-09T00:22:00.548+0000] {processor.py:830} INFO - Processing file /home/airflow/.local/lib/python3.8/site-packages/airflow/example_dags/example_xcom.py for tasks to queue
[2026-03-09T00:22:00.553+0000] {logging_mixin.py:188} INFO - [2026-03-09T00:22:00.552+0000] {dagbag.py:540} INFO - Filling up the DagBag from /home/airflow/.local/lib/python3.8/site-packages/airflow/example_dags/example_xcom.py
[2026-03-09T00:22:00.569+0000] {processor.py:840} INFO - DAG(s) 'example_xcom' retrieved from /home/airflow/.local/lib/python3.8/site-packages/airflow/example_dags/example_xcom.py
[2026-03-09T00:22:00.617+0000] {logging_mixin.py:188} INFO - [2026-03-09T00:22:00.617+0000] {dag.py:3047} INFO - Sync 1 DAGs
[2026-03-09T00:22:00.672+0000] {logging_mixin.py:188} INFO - [2026-03-09T00:22:00.672+0000] {dag.py:3834} INFO - Setting next_dagrun for example_xcom to 2021-01-01 00:00:00+00:00, run_after=2021-01-01 00:00:00+00:00
[2026-03-09T00:22:00.713+0000] {processor.py:183} INFO - Processing /home/airflow/.local/lib/python3.8/site-packages/airflow/example_dags/example_xcom.py took 0.179 seconds
[2026-03-09T00:22:34.196+0000] {processor.py:161} INFO - Started process (PID=2650) to work on /home/airflow/.local/lib/python3.8/site-packages/airflow/example_dags/example_xcom.py
[2026-03-09T00:22:34.207+0000] {processor.py:830} INFO - Processing file /home/airflow/.local/lib/python3.8/site-packages/airflow/example_dags/example_xcom.py for tasks to queue
[2026-03-09T00:22:34.215+0000] {logging_mixin.py:188} INFO - [2026-03-09T00:22:34.213+0000] {dagbag.py:540} INFO - Filling up the DagBag from /home/airflow/.local/lib/python3.8/site-packages/airflow/example_dags/example_xcom.py
[2026-03-09T00:22:34.339+0000] {processor.py:840} INFO - DAG(s) 'example_xcom' retrieved from /home/airflow/.local/lib/python3.8/site-packages/airflow/example_dags/example_xcom.py
[2026-03-09T00:22:34.542+0000] {logging_mixin.py:188} INFO - [2026-03-09T00:22:34.541+0000] {dag.py:3047} INFO - Sync 1 DAGs
[2026-03-09T00:22:34.701+0000] {logging_mixin.py:188} INFO - [2026-03-09T00:22:34.700+0000] {dag.py:3834} INFO - Setting next_dagrun for example_xcom to 2021-01-01 00:00:00+00:00, run_after=2021-01-01 00:00:00+00:00
[2026-03-09T00:22:34.971+0000] {processor.py:183} INFO - Processing /home/airflow/.local/lib/python3.8/site-packages/airflow/example_dags/example_xcom.py took 0.822 seconds
[2026-03-09T00:23:05.619+0000] {processor.py:161} INFO - Started process (PID=2706) to work on /home/airflow/.local/lib/python3.8/site-packages/airflow/example_dags/example_xcom.py
[2026-03-09T00:23:05.629+0000] {processor.py:830} INFO - Processing file /home/airflow/.local/lib/python3.8/site-packages/airflow/example_dags/example_xcom.py for tasks to queue
[2026-03-09T00:23:05.646+0000] {logging_mixin.py:188} INFO - [2026-03-09T00:23:05.644+0000] {dagbag.py:540} INFO - Filling up the DagBag from /home/airflow/.local/lib/python3.8/site-packages/airflow/example_dags/example_xcom.py
[2026-03-09T00:23:05.703+0000] {processor.py:840} INFO - DAG(s) 'example_xcom' retrieved from /home/airflow/.local/lib/python3.8/site-packages/airflow/example_dags/example_xcom.py
[2026-03-09T00:23:05.869+0000] {logging_mixin.py:188} INFO - [2026-03-09T00:23:05.868+0000] {dag.py:3047} INFO - Sync 1 DAGs
[2026-03-09T00:23:05.939+0000] {logging_mixin.py:188} INFO - [2026-03-09T00:23:05.938+0000] {dag.py:3834} INFO - Setting next_dagrun for example_xcom to 2021-01-01 00:00:00+00:00, run_after=2021-01-01 00:00:00+00:00
[2026-03-09T00:23:06.011+0000] {processor.py:183} INFO - Processing /home/airflow/.local/lib/python3.8/site-packages/airflow/example_dags/example_xcom.py took 0.414 seconds
[2026-03-09T00:23:36.339+0000] {processor.py:161} INFO - Started process (PID=2760) to work on /home/airflow/.local/lib/python3.8/site-packages/airflow/example_dags/example_xcom.py
[2026-03-09T00:23:36.344+0000] {processor.py:830} INFO - Processing file /home/airflow/.local/lib/python3.8/site-packages/airflow/example_dags/example_xcom.py for tasks to queue
[2026-03-09T00:23:36.350+0000] {logging_mixin.py:188} INFO - [2026-03-09T00:23:36.350+0000] {dagbag.py:540} INFO - Filling up the DagBag from /home/airflow/.local/lib/python3.8/site-packages/airflow/example_dags/example_xcom.py
[2026-03-09T00:23:36.375+0000] {processor.py:840} INFO - DAG(s) 'example_xcom' retrieved from /home/airflow/.local/lib/python3.8/site-packages/airflow/example_dags/example_xcom.py
[2026-03-09T00:23:36.441+0000] {logging_mixin.py:188} INFO - [2026-03-09T00:23:36.440+0000] {dag.py:3047} INFO - Sync 1 DAGs
[2026-03-09T00:23:36.490+0000] {logging_mixin.py:188} INFO - [2026-03-09T00:23:36.489+0000] {dag.py:3834} INFO - Setting next_dagrun for example_xcom to 2021-01-01 00:00:00+00:00, run_after=2021-01-01 00:00:00+00:00
[2026-03-09T00:23:36.536+0000] {processor.py:183} INFO - Processing /home/airflow/.local/lib/python3.8/site-packages/airflow/example_dags/example_xcom.py took 0.215 seconds
[2026-03-09T00:24:07.204+0000] {processor.py:161} INFO - Started process (PID=2816) to work on /home/airflow/.local/lib/python3.8/site-packages/airflow/example_dags/example_xcom.py
[2026-03-09T00:24:07.211+0000] {processor.py:830} INFO - Processing file /home/airflow/.local/lib/python3.8/site-packages/airflow/example_dags/example_xcom.py for tasks to queue
[2026-03-09T00:24:07.225+0000] {logging_mixin.py:188} INFO - [2026-03-09T00:24:07.223+0000] {dagbag.py:540} INFO - Filling up the DagBag from /home/airflow/.local/lib/python3.8/site-packages/airflow/example_dags/example_xcom.py
[2026-03-09T00:24:07.282+0000] {processor.py:840} INFO - DAG(s) 'example_xcom' retrieved from /home/airflow/.local/lib/python3.8/site-packages/airflow/example_dags/example_xcom.py
[2026-03-09T00:24:07.350+0000] {logging_mixin.py:188} INFO - [2026-03-09T00:24:07.350+0000] {dag.py:3047} INFO - Sync 1 DAGs
[2026-03-09T00:24:07.396+0000] {logging_mixin.py:188} INFO - [2026-03-09T00:24:07.395+0000] {dag.py:3834} INFO - Setting next_dagrun for example_xcom to 2021-01-01 00:00:00+00:00, run_after=2021-01-01 00:00:00+00:00
[2026-03-09T00:24:07.434+0000] {processor.py:183} INFO - Processing /home/airflow/.local/lib/python3.8/site-packages/airflow/example_dags/example_xcom.py took 0.248 seconds
[2026-03-09T00:24:37.932+0000] {processor.py:161} INFO - Started process (PID=2871) to work on /home/airflow/.local/lib/python3.8/site-packages/airflow/example_dags/example_xcom.py
[2026-03-09T00:24:37.942+0000] {processor.py:830} INFO - Processing file /home/airflow/.local/lib/python3.8/site-packages/airflow/example_dags/example_xcom.py for tasks to queue
[2026-03-09T00:24:37.950+0000] {logging_mixin.py:188} INFO - [2026-03-09T00:24:37.949+0000] {dagbag.py:540} INFO - Filling up the DagBag from /home/airflow/.local/lib/python3.8/site-packages/airflow/example_dags/example_xcom.py
[2026-03-09T00:24:38.000+0000] {processor.py:840} INFO - DAG(s) 'example_xcom' retrieved from /home/airflow/.local/lib/python3.8/site-packages/airflow/example_dags/example_xcom.py
[2026-03-09T00:24:38.138+0000] {logging_mixin.py:188} INFO - [2026-03-09T00:24:38.138+0000] {dag.py:3047} INFO - Sync 1 DAGs
[2026-03-09T00:24:38.246+0000] {logging_mixin.py:188} INFO - [2026-03-09T00:24:38.245+0000] {dag.py:3834} INFO - Setting next_dagrun for example_xcom to 2021-01-01 00:00:00+00:00, run_after=2021-01-01 00:00:00+00:00
[2026-03-09T00:24:38.346+0000] {processor.py:183} INFO - Processing /home/airflow/.local/lib/python3.8/site-packages/airflow/example_dags/example_xcom.py took 0.439 seconds
[2026-03-09T00:25:09.182+0000] {processor.py:161} INFO - Started process (PID=2927) to work on /home/airflow/.local/lib/python3.8/site-packages/airflow/example_dags/example_xcom.py
[2026-03-09T00:25:09.201+0000] {processor.py:830} INFO - Processing file /home/airflow/.local/lib/python3.8/site-packages/airflow/example_dags/example_xcom.py for tasks to queue
[2026-03-09T00:25:09.222+0000] {logging_mixin.py:188} INFO - [2026-03-09T00:25:09.221+0000] {dagbag.py:540} INFO - Filling up the DagBag from /home/airflow/.local/lib/python3.8/site-packages/airflow/example_dags/example_xcom.py
[2026-03-09T00:25:09.272+0000] {processor.py:840} INFO - DAG(s) 'example_xcom' retrieved from /home/airflow/.local/lib/python3.8/site-packages/airflow/example_dags/example_xcom.py
[2026-03-09T00:25:09.393+0000] {logging_mixin.py:188} INFO - [2026-03-09T00:25:09.392+0000] {dag.py:3047} INFO - Sync 1 DAGs
[2026-03-09T00:25:09.502+0000] {logging_mixin.py:188} INFO - [2026-03-09T00:25:09.501+0000] {dag.py:3834} INFO - Setting next_dagrun for example_xcom to 2021-01-01 00:00:00+00:00, run_after=2021-01-01 00:00:00+00:00
[2026-03-09T00:25:09.597+0000] {processor.py:183} INFO - Processing /home/airflow/.local/lib/python3.8/site-packages/airflow/example_dags/example_xcom.py took 0.465 seconds
[2026-03-09T00:25:41.182+0000] {processor.py:161} INFO - Started process (PID=2983) to work on /home/airflow/.local/lib/python3.8/site-packages/airflow/example_dags/example_xcom.py
[2026-03-09T00:25:41.187+0000] {processor.py:830} INFO - Processing file /home/airflow/.local/lib/python3.8/site-packages/airflow/example_dags/example_xcom.py for tasks to queue
[2026-03-09T00:25:41.200+0000] {logging_mixin.py:188} INFO - [2026-03-09T00:25:41.199+0000] {dagbag.py:540} INFO - Filling up the DagBag from /home/airflow/.local/lib/python3.8/site-packages/airflow/example_dags/example_xcom.py
[2026-03-09T00:25:41.233+0000] {processor.py:840} INFO - DAG(s) 'example_xcom' retrieved from /home/airflow/.local/lib/python3.8/site-packages/airflow/example_dags/example_xcom.py
[2026-03-09T00:25:41.319+0000] {logging_mixin.py:188} INFO - [2026-03-09T00:25:41.318+0000] {dag.py:3047} INFO - Sync 1 DAGs
[2026-03-09T00:25:41.422+0000] {logging_mixin.py:188} INFO - [2026-03-09T00:25:41.422+0000] {dag.py:3834} INFO - Setting next_dagrun for example_xcom to 2021-01-01 00:00:00+00:00, run_after=2021-01-01 00:00:00+00:00
[2026-03-09T00:25:41.490+0000] {processor.py:183} INFO - Processing /home/airflow/.local/lib/python3.8/site-packages/airflow/example_dags/example_xcom.py took 0.325 seconds
[2026-03-09T00:26:11.748+0000] {processor.py:161} INFO - Started process (PID=3039) to work on /home/airflow/.local/lib/python3.8/site-packages/airflow/example_dags/example_xcom.py
[2026-03-09T00:26:11.755+0000] {processor.py:830} INFO - Processing file /home/airflow/.local/lib/python3.8/site-packages/airflow/example_dags/example_xcom.py for tasks to queue
[2026-03-09T00:26:11.761+0000] {logging_mixin.py:188} INFO - [2026-03-09T00:26:11.760+0000] {dagbag.py:540} INFO - Filling up the DagBag from /home/airflow/.local/lib/python3.8/site-packages/airflow/example_dags/example_xcom.py
[2026-03-09T00:26:11.784+0000] {processor.py:840} INFO - DAG(s) 'example_xcom' retrieved from /home/airflow/.local/lib/python3.8/site-packages/airflow/example_dags/example_xcom.py
[2026-03-09T00:26:11.836+0000] {logging_mixin.py:188} INFO - [2026-03-09T00:26:11.835+0000] {dag.py:3047} INFO - Sync 1 DAGs
[2026-03-09T00:26:11.893+0000] {logging_mixin.py:188} INFO - [2026-03-09T00:26:11.892+0000] {dag.py:3834} INFO - Setting next_dagrun for example_xcom to 2021-01-01 00:00:00+00:00, run_after=2021-01-01 00:00:00+00:00
[2026-03-09T00:26:11.958+0000] {processor.py:183} INFO - Processing /home/airflow/.local/lib/python3.8/site-packages/airflow/example_dags/example_xcom.py took 0.218 seconds
[2026-03-09T00:26:43.130+0000] {processor.py:161} INFO - Started process (PID=3093) to work on /home/airflow/.local/lib/python3.8/site-packages/airflow/example_dags/example_xcom.py
[2026-03-09T00:26:43.133+0000] {processor.py:830} INFO - Processing file /home/airflow/.local/lib/python3.8/site-packages/airflow/example_dags/example_xcom.py for tasks to queue
[2026-03-09T00:26:43.138+0000] {logging_mixin.py:188} INFO - [2026-03-09T00:26:43.137+0000] {dagbag.py:540} INFO - Filling up the DagBag from /home/airflow/.local/lib/python3.8/site-packages/airflow/example_dags/example_xcom.py
[2026-03-09T00:26:43.158+0000] {processor.py:840} INFO - DAG(s) 'example_xcom' retrieved from /home/airflow/.local/lib/python3.8/site-packages/airflow/example_dags/example_xcom.py
[2026-03-09T00:26:43.213+0000] {logging_mixin.py:188} INFO - [2026-03-09T00:26:43.213+0000] {dag.py:3047} INFO - Sync 1 DAGs
[2026-03-09T00:26:43.261+0000] {logging_mixin.py:188} INFO - [2026-03-09T00:26:43.260+0000] {dag.py:3834} INFO - Setting next_dagrun for example_xcom to 2021-01-01 00:00:00+00:00, run_after=2021-01-01 00:00:00+00:00
[2026-03-09T00:26:43.309+0000] {processor.py:183} INFO - Processing /home/airflow/.local/lib/python3.8/site-packages/airflow/example_dags/example_xcom.py took 0.188 seconds
[2026-03-09T00:27:14.831+0000] {processor.py:161} INFO - Started process (PID=3148) to work on /home/airflow/.local/lib/python3.8/site-packages/airflow/example_dags/example_xcom.py
[2026-03-09T00:27:14.835+0000] {processor.py:830} INFO - Processing file /home/airflow/.local/lib/python3.8/site-packages/airflow/example_dags/example_xcom.py for tasks to queue
[2026-03-09T00:27:14.844+0000] {logging_mixin.py:188} INFO - [2026-03-09T00:27:14.843+0000] {dagbag.py:540} INFO - Filling up the DagBag from /home/airflow/.local/lib/python3.8/site-packages/airflow/example_dags/example_xcom.py
[2026-03-09T00:27:14.877+0000] {processor.py:840} INFO - DAG(s) 'example_xcom' retrieved from /home/airflow/.local/lib/python3.8/site-packages/airflow/example_dags/example_xcom.py
[2026-03-09T00:27:15.023+0000] {logging_mixin.py:188} INFO - [2026-03-09T00:27:15.022+0000] {dag.py:3047} INFO - Sync 1 DAGs
[2026-03-09T00:27:15.197+0000] {logging_mixin.py:188} INFO - [2026-03-09T00:27:15.196+0000] {dag.py:3834} INFO - Setting next_dagrun for example_xcom to 2021-01-01 00:00:00+00:00, run_after=2021-01-01 00:00:00+00:00
[2026-03-09T00:27:15.335+0000] {processor.py:183} INFO - Processing /home/airflow/.local/lib/python3.8/site-packages/airflow/example_dags/example_xcom.py took 0.536 seconds
[2026-03-09T00:27:45.634+0000] {processor.py:161} INFO - Started process (PID=3204) to work on /home/airflow/.local/lib/python3.8/site-packages/airflow/example_dags/example_xcom.py
[2026-03-09T00:27:45.639+0000] {processor.py:830} INFO - Processing file /home/airflow/.local/lib/python3.8/site-packages/airflow/example_dags/example_xcom.py for tasks to queue
[2026-03-09T00:27:45.674+0000] {logging_mixin.py:188} INFO - [2026-03-09T00:27:45.673+0000] {dagbag.py:540} INFO - Filling up the DagBag from /home/airflow/.local/lib/python3.8/site-packages/airflow/example_dags/example_xcom.py
[2026-03-09T00:27:45.725+0000] {processor.py:840} INFO - DAG(s) 'example_xcom' retrieved from /home/airflow/.local/lib/python3.8/site-packages/airflow/example_dags/example_xcom.py
[2026-03-09T00:27:45.821+0000] {logging_mixin.py:188} INFO - [2026-03-09T00:27:45.821+0000] {dag.py:3047} INFO - Sync 1 DAGs
[2026-03-09T00:27:45.898+0000] {logging_mixin.py:188} INFO - [2026-03-09T00:27:45.897+0000] {dag.py:3834} INFO - Setting next_dagrun for example_xcom to 2021-01-01 00:00:00+00:00, run_after=2021-01-01 00:00:00+00:00
[2026-03-09T00:27:46.024+0000] {processor.py:183} INFO - Processing /home/airflow/.local/lib/python3.8/site-packages/airflow/example_dags/example_xcom.py took 0.419 seconds
[2026-03-09T00:28:17.328+0000] {processor.py:161} INFO - Started process (PID=3261) to work on /home/airflow/.local/lib/python3.8/site-packages/airflow/example_dags/example_xcom.py
[2026-03-09T00:28:17.332+0000] {processor.py:830} INFO - Processing file /home/airflow/.local/lib/python3.8/site-packages/airflow/example_dags/example_xcom.py for tasks to queue
[2026-03-09T00:28:17.341+0000] {logging_mixin.py:188} INFO - [2026-03-09T00:28:17.339+0000] {dagbag.py:540} INFO - Filling up the DagBag from /home/airflow/.local/lib/python3.8/site-packages/airflow/example_dags/example_xcom.py
[2026-03-09T00:28:17.365+0000] {processor.py:840} INFO - DAG(s) 'example_xcom' retrieved from /home/airflow/.local/lib/python3.8/site-packages/airflow/example_dags/example_xcom.py
[2026-03-09T00:28:17.414+0000] {logging_mixin.py:188} INFO - [2026-03-09T00:28:17.413+0000] {dag.py:3047} INFO - Sync 1 DAGs
[2026-03-09T00:28:17.459+0000] {logging_mixin.py:188} INFO - [2026-03-09T00:28:17.458+0000] {dag.py:3834} INFO - Setting next_dagrun for example_xcom to 2021-01-01 00:00:00+00:00, run_after=2021-01-01 00:00:00+00:00
[2026-03-09T00:28:17.503+0000] {processor.py:183} INFO - Processing /home/airflow/.local/lib/python3.8/site-packages/airflow/example_dags/example_xcom.py took 0.196 seconds
[2026-03-09T00:28:48.340+0000] {processor.py:161} INFO - Started process (PID=3317) to work on /home/airflow/.local/lib/python3.8/site-packages/airflow/example_dags/example_xcom.py
[2026-03-09T00:28:48.346+0000] {processor.py:830} INFO - Processing file /home/airflow/.local/lib/python3.8/site-packages/airflow/example_dags/example_xcom.py for tasks to queue
[2026-03-09T00:28:48.355+0000] {logging_mixin.py:188} INFO - [2026-03-09T00:28:48.353+0000] {dagbag.py:540} INFO - Filling up the DagBag from /home/airflow/.local/lib/python3.8/site-packages/airflow/example_dags/example_xcom.py
[2026-03-09T00:28:48.390+0000] {processor.py:840} INFO - DAG(s) 'example_xcom' retrieved from /home/airflow/.local/lib/python3.8/site-packages/airflow/example_dags/example_xcom.py
[2026-03-09T00:28:48.479+0000] {logging_mixin.py:188} INFO - [2026-03-09T00:28:48.478+0000] {dag.py:3047} INFO - Sync 1 DAGs
[2026-03-09T00:28:48.616+0000] {logging_mixin.py:188} INFO - [2026-03-09T00:28:48.615+0000] {dag.py:3834} INFO - Setting next_dagrun for example_xcom to 2021-01-01 00:00:00+00:00, run_after=2021-01-01 00:00:00+00:00
[2026-03-09T00:28:48.685+0000] {processor.py:183} INFO - Processing /home/airflow/.local/lib/python3.8/site-packages/airflow/example_dags/example_xcom.py took 0.365 seconds
[2026-03-09T00:29:20.677+0000] {processor.py:161} INFO - Started process (PID=3372) to work on /home/airflow/.local/lib/python3.8/site-packages/airflow/example_dags/example_xcom.py
[2026-03-09T00:29:20.692+0000] {processor.py:830} INFO - Processing file /home/airflow/.local/lib/python3.8/site-packages/airflow/example_dags/example_xcom.py for tasks to queue
[2026-03-09T00:29:20.711+0000] {logging_mixin.py:188} INFO - [2026-03-09T00:29:20.710+0000] {dagbag.py:540} INFO - Filling up the DagBag from /home/airflow/.local/lib/python3.8/site-packages/airflow/example_dags/example_xcom.py
[2026-03-09T00:29:20.766+0000] {processor.py:840} INFO - DAG(s) 'example_xcom' retrieved from /home/airflow/.local/lib/python3.8/site-packages/airflow/example_dags/example_xcom.py
[2026-03-09T00:29:20.927+0000] {logging_mixin.py:188} INFO - [2026-03-09T00:29:20.927+0000] {dag.py:3047} INFO - Sync 1 DAGs
[2026-03-09T00:29:21.104+0000] {logging_mixin.py:188} INFO - [2026-03-09T00:29:21.103+0000] {dag.py:3834} INFO - Setting next_dagrun for example_xcom to 2021-01-01 00:00:00+00:00, run_after=2021-01-01 00:00:00+00:00
[2026-03-09T00:29:21.182+0000] {processor.py:183} INFO - Processing /home/airflow/.local/lib/python3.8/site-packages/airflow/example_dags/example_xcom.py took 0.519 seconds
[2026-03-09T00:29:51.474+0000] {processor.py:161} INFO - Started process (PID=3428) to work on /home/airflow/.local/lib/python3.8/site-packages/airflow/example_dags/example_xcom.py
[2026-03-09T00:29:51.479+0000] {processor.py:830} INFO - Processing file /home/airflow/.local/lib/python3.8/site-packages/airflow/example_dags/example_xcom.py for tasks to queue
[2026-03-09T00:29:51.487+0000] {logging_mixin.py:188} INFO - [2026-03-09T00:29:51.486+0000] {dagbag.py:540} INFO - Filling up the DagBag from /home/airflow/.local/lib/python3.8/site-packages/airflow/example_dags/example_xcom.py
[2026-03-09T00:29:51.527+0000] {processor.py:840} INFO - DAG(s) 'example_xcom' retrieved from /home/airflow/.local/lib/python3.8/site-packages/airflow/example_dags/example_xcom.py
[2026-03-09T00:29:51.597+0000] {logging_mixin.py:188} INFO - [2026-03-09T00:29:51.596+0000] {dag.py:3047} INFO - Sync 1 DAGs
[2026-03-09T00:29:51.676+0000] {logging_mixin.py:188} INFO - [2026-03-09T00:29:51.675+0000] {dag.py:3834} INFO - Setting next_dagrun for example_xcom to 2021-01-01 00:00:00+00:00, run_after=2021-01-01 00:00:00+00:00
[2026-03-09T00:29:51.736+0000] {processor.py:183} INFO - Processing /home/airflow/.local/lib/python3.8/site-packages/airflow/example_dags/example_xcom.py took 0.292 seconds
[2026-03-09T00:30:22.132+0000] {processor.py:161} INFO - Started process (PID=3484) to work on /home/airflow/.local/lib/python3.8/site-packages/airflow/example_dags/example_xcom.py
[2026-03-09T00:30:22.136+0000] {processor.py:830} INFO - Processing file /home/airflow/.local/lib/python3.8/site-packages/airflow/example_dags/example_xcom.py for tasks to queue
[2026-03-09T00:30:22.142+0000] {logging_mixin.py:188} INFO - [2026-03-09T00:30:22.141+0000] {dagbag.py:540} INFO - Filling up the DagBag from /home/airflow/.local/lib/python3.8/site-packages/airflow/example_dags/example_xcom.py
[2026-03-09T00:30:22.172+0000] {processor.py:840} INFO - DAG(s) 'example_xcom' retrieved from /home/airflow/.local/lib/python3.8/site-packages/airflow/example_dags/example_xcom.py
[2026-03-09T00:30:22.233+0000] {logging_mixin.py:188} INFO - [2026-03-09T00:30:22.232+0000] {dag.py:3047} INFO - Sync 1 DAGs
[2026-03-09T00:30:22.302+0000] {logging_mixin.py:188} INFO - [2026-03-09T00:30:22.301+0000] {dag.py:3834} INFO - Setting next_dagrun for example_xcom to 2021-01-01 00:00:00+00:00, run_after=2021-01-01 00:00:00+00:00
[2026-03-09T00:30:22.367+0000] {processor.py:183} INFO - Processing /home/airflow/.local/lib/python3.8/site-packages/airflow/example_dags/example_xcom.py took 0.247 seconds
[2026-03-09T00:30:52.901+0000] {processor.py:161} INFO - Started process (PID=3540) to work on /home/airflow/.local/lib/python3.8/site-packages/airflow/example_dags/example_xcom.py
[2026-03-09T00:30:52.905+0000] {processor.py:830} INFO - Processing file /home/airflow/.local/lib/python3.8/site-packages/airflow/example_dags/example_xcom.py for tasks to queue
[2026-03-09T00:30:52.911+0000] {logging_mixin.py:188} INFO - [2026-03-09T00:30:52.910+0000] {dagbag.py:540} INFO - Filling up the DagBag from /home/airflow/.local/lib/python3.8/site-packages/airflow/example_dags/example_xcom.py
[2026-03-09T00:30:52.935+0000] {processor.py:840} INFO - DAG(s) 'example_xcom' retrieved from /home/airflow/.local/lib/python3.8/site-packages/airflow/example_dags/example_xcom.py
[2026-03-09T00:30:52.998+0000] {logging_mixin.py:188} INFO - [2026-03-09T00:30:52.997+0000] {dag.py:3047} INFO - Sync 1 DAGs
[2026-03-09T00:30:53.053+0000] {logging_mixin.py:188} INFO - [2026-03-09T00:30:53.052+0000] {dag.py:3834} INFO - Setting next_dagrun for example_xcom to 2021-01-01 00:00:00+00:00, run_after=2021-01-01 00:00:00+00:00
[2026-03-09T00:30:53.106+0000] {processor.py:183} INFO - Processing /home/airflow/.local/lib/python3.8/site-packages/airflow/example_dags/example_xcom.py took 0.219 seconds
[2026-03-09T00:31:24.070+0000] {processor.py:161} INFO - Started process (PID=3596) to work on /home/airflow/.local/lib/python3.8/site-packages/airflow/example_dags/example_xcom.py
[2026-03-09T00:31:24.074+0000] {processor.py:830} INFO - Processing file /home/airflow/.local/lib/python3.8/site-packages/airflow/example_dags/example_xcom.py for tasks to queue
[2026-03-09T00:31:24.081+0000] {logging_mixin.py:188} INFO - [2026-03-09T00:31:24.081+0000] {dagbag.py:540} INFO - Filling up the DagBag from /home/airflow/.local/lib/python3.8/site-packages/airflow/example_dags/example_xcom.py
[2026-03-09T00:31:24.104+0000] {processor.py:840} INFO - DAG(s) 'example_xcom' retrieved from /home/airflow/.local/lib/python3.8/site-packages/airflow/example_dags/example_xcom.py
[2026-03-09T00:31:24.167+0000] {logging_mixin.py:188} INFO - [2026-03-09T00:31:24.166+0000] {dag.py:3047} INFO - Sync 1 DAGs
[2026-03-09T00:31:24.228+0000] {logging_mixin.py:188} INFO - [2026-03-09T00:31:24.228+0000] {dag.py:3834} INFO - Setting next_dagrun for example_xcom to 2021-01-01 00:00:00+00:00, run_after=2021-01-01 00:00:00+00:00
[2026-03-09T00:31:24.286+0000] {processor.py:183} INFO - Processing /home/airflow/.local/lib/python3.8/site-packages/airflow/example_dags/example_xcom.py took 0.227 seconds
[2026-03-09T00:31:55.734+0000] {processor.py:161} INFO - Started process (PID=3651) to work on /home/airflow/.local/lib/python3.8/site-packages/airflow/example_dags/example_xcom.py
[2026-03-09T00:31:55.738+0000] {processor.py:830} INFO - Processing file /home/airflow/.local/lib/python3.8/site-packages/airflow/example_dags/example_xcom.py for tasks to queue
[2026-03-09T00:31:55.744+0000] {logging_mixin.py:188} INFO - [2026-03-09T00:31:55.743+0000] {dagbag.py:540} INFO - Filling up the DagBag from /home/airflow/.local/lib/python3.8/site-packages/airflow/example_dags/example_xcom.py
[2026-03-09T00:31:55.770+0000] {processor.py:840} INFO - DAG(s) 'example_xcom' retrieved from /home/airflow/.local/lib/python3.8/site-packages/airflow/example_dags/example_xcom.py
[2026-03-09T00:31:55.840+0000] {logging_mixin.py:188} INFO - [2026-03-09T00:31:55.839+0000] {dag.py:3047} INFO - Sync 1 DAGs
[2026-03-09T00:31:55.922+0000] {logging_mixin.py:188} INFO - [2026-03-09T00:31:55.921+0000] {dag.py:3834} INFO - Setting next_dagrun for example_xcom to 2021-01-01 00:00:00+00:00, run_after=2021-01-01 00:00:00+00:00
[2026-03-09T00:31:55.993+0000] {processor.py:183} INFO - Processing /home/airflow/.local/lib/python3.8/site-packages/airflow/example_dags/example_xcom.py took 0.271 seconds
[2026-03-09T00:32:27.019+0000] {processor.py:161} INFO - Started process (PID=3707) to work on /home/airflow/.local/lib/python3.8/site-packages/airflow/example_dags/example_xcom.py
[2026-03-09T00:32:27.022+0000] {processor.py:830} INFO - Processing file /home/airflow/.local/lib/python3.8/site-packages/airflow/example_dags/example_xcom.py for tasks to queue
[2026-03-09T00:32:27.035+0000] {logging_mixin.py:188} INFO - [2026-03-09T00:32:27.034+0000] {dagbag.py:540} INFO - Filling up the DagBag from /home/airflow/.local/lib/python3.8/site-packages/airflow/example_dags/example_xcom.py
[2026-03-09T00:32:27.075+0000] {processor.py:840} INFO - DAG(s) 'example_xcom' retrieved from /home/airflow/.local/lib/python3.8/site-packages/airflow/example_dags/example_xcom.py
[2026-03-09T00:32:27.157+0000] {logging_mixin.py:188} INFO - [2026-03-09T00:32:27.156+0000] {dag.py:3047} INFO - Sync 1 DAGs
[2026-03-09T00:32:27.237+0000] {logging_mixin.py:188} INFO - [2026-03-09T00:32:27.236+0000] {dag.py:3834} INFO - Setting next_dagrun for example_xcom to 2021-01-01 00:00:00+00:00, run_after=2021-01-01 00:00:00+00:00
[2026-03-09T00:32:27.330+0000] {processor.py:183} INFO - Processing /home/airflow/.local/lib/python3.8/site-packages/airflow/example_dags/example_xcom.py took 0.325 seconds
[2026-03-09T00:32:58.491+0000] {processor.py:161} INFO - Started process (PID=3763) to work on /home/airflow/.local/lib/python3.8/site-packages/airflow/example_dags/example_xcom.py
[2026-03-09T00:32:58.497+0000] {processor.py:830} INFO - Processing file /home/airflow/.local/lib/python3.8/site-packages/airflow/example_dags/example_xcom.py for tasks to queue
[2026-03-09T00:32:58.508+0000] {logging_mixin.py:188} INFO - [2026-03-09T00:32:58.506+0000] {dagbag.py:540} INFO - Filling up the DagBag from /home/airflow/.local/lib/python3.8/site-packages/airflow/example_dags/example_xcom.py
[2026-03-09T00:32:58.552+0000] {processor.py:840} INFO - DAG(s) 'example_xcom' retrieved from /home/airflow/.local/lib/python3.8/site-packages/airflow/example_dags/example_xcom.py
[2026-03-09T00:32:58.614+0000] {logging_mixin.py:188} INFO - [2026-03-09T00:32:58.614+0000] {dag.py:3047} INFO - Sync 1 DAGs
[2026-03-09T00:32:58.672+0000] {logging_mixin.py:188} INFO - [2026-03-09T00:32:58.671+0000] {dag.py:3834} INFO - Setting next_dagrun for example_xcom to 2021-01-01 00:00:00+00:00, run_after=2021-01-01 00:00:00+00:00
[2026-03-09T00:32:58.730+0000] {processor.py:183} INFO - Processing /home/airflow/.local/lib/python3.8/site-packages/airflow/example_dags/example_xcom.py took 0.258 seconds
[2026-03-09T00:33:30.226+0000] {processor.py:161} INFO - Started process (PID=3819) to work on /home/airflow/.local/lib/python3.8/site-packages/airflow/example_dags/example_xcom.py
[2026-03-09T00:33:30.234+0000] {processor.py:830} INFO - Processing file /home/airflow/.local/lib/python3.8/site-packages/airflow/example_dags/example_xcom.py for tasks to queue
[2026-03-09T00:33:30.240+0000] {logging_mixin.py:188} INFO - [2026-03-09T00:33:30.239+0000] {dagbag.py:540} INFO - Filling up the DagBag from /home/airflow/.local/lib/python3.8/site-packages/airflow/example_dags/example_xcom.py
[2026-03-09T00:33:30.285+0000] {processor.py:840} INFO - DAG(s) 'example_xcom' retrieved from /home/airflow/.local/lib/python3.8/site-packages/airflow/example_dags/example_xcom.py
[2026-03-09T00:33:30.410+0000] {logging_mixin.py:188} INFO - [2026-03-09T00:33:30.409+0000] {dag.py:3047} INFO - Sync 1 DAGs
[2026-03-09T00:33:30.865+0000] {logging_mixin.py:188} INFO - [2026-03-09T00:33:30.864+0000] {dag.py:3834} INFO - Setting next_dagrun for example_xcom to 2021-01-01 00:00:00+00:00, run_after=2021-01-01 00:00:00+00:00
[2026-03-09T00:33:30.912+0000] {processor.py:183} INFO - Processing /home/airflow/.local/lib/python3.8/site-packages/airflow/example_dags/example_xcom.py took 0.699 seconds
[2026-03-09T00:34:03.039+0000] {processor.py:161} INFO - Started process (PID=3875) to work on /home/airflow/.local/lib/python3.8/site-packages/airflow/example_dags/example_xcom.py
[2026-03-09T00:34:03.043+0000] {processor.py:830} INFO - Processing file /home/airflow/.local/lib/python3.8/site-packages/airflow/example_dags/example_xcom.py for tasks to queue
[2026-03-09T00:34:03.099+0000] {logging_mixin.py:188} INFO - [2026-03-09T00:34:03.097+0000] {dagbag.py:540} INFO - Filling up the DagBag from /home/airflow/.local/lib/python3.8/site-packages/airflow/example_dags/example_xcom.py
[2026-03-09T00:34:03.177+0000] {processor.py:840} INFO - DAG(s) 'example_xcom' retrieved from /home/airflow/.local/lib/python3.8/site-packages/airflow/example_dags/example_xcom.py
[2026-03-09T00:34:03.369+0000] {logging_mixin.py:188} INFO - [2026-03-09T00:34:03.368+0000] {dag.py:3047} INFO - Sync 1 DAGs
[2026-03-09T00:34:03.537+0000] {logging_mixin.py:188} INFO - [2026-03-09T00:34:03.535+0000] {dag.py:3834} INFO - Setting next_dagrun for example_xcom to 2021-01-01 00:00:00+00:00, run_after=2021-01-01 00:00:00+00:00
[2026-03-09T00:34:04.222+0000] {processor.py:183} INFO - Processing /home/airflow/.local/lib/python3.8/site-packages/airflow/example_dags/example_xcom.py took 1.229 seconds
[2026-03-09T00:34:34.940+0000] {processor.py:161} INFO - Started process (PID=3929) to work on /home/airflow/.local/lib/python3.8/site-packages/airflow/example_dags/example_xcom.py
[2026-03-09T00:34:34.946+0000] {processor.py:830} INFO - Processing file /home/airflow/.local/lib/python3.8/site-packages/airflow/example_dags/example_xcom.py for tasks to queue
[2026-03-09T00:34:34.957+0000] {logging_mixin.py:188} INFO - [2026-03-09T00:34:34.956+0000] {dagbag.py:540} INFO - Filling up the DagBag from /home/airflow/.local/lib/python3.8/site-packages/airflow/example_dags/example_xcom.py
[2026-03-09T00:34:34.999+0000] {processor.py:840} INFO - DAG(s) 'example_xcom' retrieved from /home/airflow/.local/lib/python3.8/site-packages/airflow/example_dags/example_xcom.py
[2026-03-09T00:34:35.102+0000] {logging_mixin.py:188} INFO - [2026-03-09T00:34:35.101+0000] {dag.py:3047} INFO - Sync 1 DAGs
[2026-03-09T00:34:35.217+0000] {logging_mixin.py:188} INFO - [2026-03-09T00:34:35.216+0000] {dag.py:3834} INFO - Setting next_dagrun for example_xcom to 2021-01-01 00:00:00+00:00, run_after=2021-01-01 00:00:00+00:00
[2026-03-09T00:34:35.328+0000] {processor.py:183} INFO - Processing /home/airflow/.local/lib/python3.8/site-packages/airflow/example_dags/example_xcom.py took 0.406 seconds
[2026-03-09T00:35:06.628+0000] {processor.py:161} INFO - Started process (PID=3984) to work on /home/airflow/.local/lib/python3.8/site-packages/airflow/example_dags/example_xcom.py
[2026-03-09T00:35:06.632+0000] {processor.py:830} INFO - Processing file /home/airflow/.local/lib/python3.8/site-packages/airflow/example_dags/example_xcom.py for tasks to queue
[2026-03-09T00:35:06.640+0000] {logging_mixin.py:188} INFO - [2026-03-09T00:35:06.639+0000] {dagbag.py:540} INFO - Filling up the DagBag from /home/airflow/.local/lib/python3.8/site-packages/airflow/example_dags/example_xcom.py
[2026-03-09T00:35:06.702+0000] {processor.py:840} INFO - DAG(s) 'example_xcom' retrieved from /home/airflow/.local/lib/python3.8/site-packages/airflow/example_dags/example_xcom.py
[2026-03-09T00:35:06.883+0000] {logging_mixin.py:188} INFO - [2026-03-09T00:35:06.882+0000] {dag.py:3047} INFO - Sync 1 DAGs
[2026-03-09T00:35:07.032+0000] {logging_mixin.py:188} INFO - [2026-03-09T00:35:07.031+0000] {dag.py:3834} INFO - Setting next_dagrun for example_xcom to 2021-01-01 00:00:00+00:00, run_after=2021-01-01 00:00:00+00:00
[2026-03-09T00:35:07.140+0000] {processor.py:183} INFO - Processing /home/airflow/.local/lib/python3.8/site-packages/airflow/example_dags/example_xcom.py took 0.529 seconds
[2026-03-09T00:35:37.636+0000] {processor.py:161} INFO - Started process (PID=4040) to work on /home/airflow/.local/lib/python3.8/site-packages/airflow/example_dags/example_xcom.py
[2026-03-09T00:35:37.657+0000] {processor.py:830} INFO - Processing file /home/airflow/.local/lib/python3.8/site-packages/airflow/example_dags/example_xcom.py for tasks to queue
[2026-03-09T00:35:37.667+0000] {logging_mixin.py:188} INFO - [2026-03-09T00:35:37.666+0000] {dagbag.py:540} INFO - Filling up the DagBag from /home/airflow/.local/lib/python3.8/site-packages/airflow/example_dags/example_xcom.py
[2026-03-09T00:35:37.736+0000] {processor.py:840} INFO - DAG(s) 'example_xcom' retrieved from /home/airflow/.local/lib/python3.8/site-packages/airflow/example_dags/example_xcom.py
[2026-03-09T00:35:37.882+0000] {logging_mixin.py:188} INFO - [2026-03-09T00:35:37.882+0000] {dag.py:3047} INFO - Sync 1 DAGs
[2026-03-09T00:35:37.972+0000] {logging_mixin.py:188} INFO - [2026-03-09T00:35:37.971+0000] {dag.py:3834} INFO - Setting next_dagrun for example_xcom to 2021-01-01 00:00:00+00:00, run_after=2021-01-01 00:00:00+00:00
[2026-03-09T00:35:38.048+0000] {processor.py:183} INFO - Processing /home/airflow/.local/lib/python3.8/site-packages/airflow/example_dags/example_xcom.py took 0.446 seconds
[2026-03-09T00:36:08.259+0000] {processor.py:161} INFO - Started process (PID=4096) to work on /home/airflow/.local/lib/python3.8/site-packages/airflow/example_dags/example_xcom.py
[2026-03-09T00:36:08.262+0000] {processor.py:830} INFO - Processing file /home/airflow/.local/lib/python3.8/site-packages/airflow/example_dags/example_xcom.py for tasks to queue
[2026-03-09T00:36:08.269+0000] {logging_mixin.py:188} INFO - [2026-03-09T00:36:08.268+0000] {dagbag.py:540} INFO - Filling up the DagBag from /home/airflow/.local/lib/python3.8/site-packages/airflow/example_dags/example_xcom.py
[2026-03-09T00:36:08.296+0000] {processor.py:840} INFO - DAG(s) 'example_xcom' retrieved from /home/airflow/.local/lib/python3.8/site-packages/airflow/example_dags/example_xcom.py
[2026-03-09T00:36:08.367+0000] {logging_mixin.py:188} INFO - [2026-03-09T00:36:08.367+0000] {dag.py:3047} INFO - Sync 1 DAGs
[2026-03-09T00:36:08.488+0000] {logging_mixin.py:188} INFO - [2026-03-09T00:36:08.487+0000] {dag.py:3834} INFO - Setting next_dagrun for example_xcom to 2021-01-01 00:00:00+00:00, run_after=2021-01-01 00:00:00+00:00
[2026-03-09T00:36:08.584+0000] {processor.py:183} INFO - Processing /home/airflow/.local/lib/python3.8/site-packages/airflow/example_dags/example_xcom.py took 0.340 seconds
[2026-03-09T00:36:38.881+0000] {processor.py:161} INFO - Started process (PID=4151) to work on /home/airflow/.local/lib/python3.8/site-packages/airflow/example_dags/example_xcom.py
[2026-03-09T00:36:38.884+0000] {processor.py:830} INFO - Processing file /home/airflow/.local/lib/python3.8/site-packages/airflow/example_dags/example_xcom.py for tasks to queue
[2026-03-09T00:36:38.890+0000] {logging_mixin.py:188} INFO - [2026-03-09T00:36:38.889+0000] {dagbag.py:540} INFO - Filling up the DagBag from /home/airflow/.local/lib/python3.8/site-packages/airflow/example_dags/example_xcom.py
[2026-03-09T00:36:38.925+0000] {processor.py:840} INFO - DAG(s) 'example_xcom' retrieved from /home/airflow/.local/lib/python3.8/site-packages/airflow/example_dags/example_xcom.py
[2026-03-09T00:36:39.004+0000] {logging_mixin.py:188} INFO - [2026-03-09T00:36:39.003+0000] {dag.py:3047} INFO - Sync 1 DAGs
[2026-03-09T00:36:39.080+0000] {logging_mixin.py:188} INFO - [2026-03-09T00:36:39.080+0000] {dag.py:3834} INFO - Setting next_dagrun for example_xcom to 2021-01-01 00:00:00+00:00, run_after=2021-01-01 00:00:00+00:00
[2026-03-09T00:36:39.169+0000] {processor.py:183} INFO - Processing /home/airflow/.local/lib/python3.8/site-packages/airflow/example_dags/example_xcom.py took 0.298 seconds
[2026-03-09T00:37:09.424+0000] {processor.py:161} INFO - Started process (PID=4204) to work on /home/airflow/.local/lib/python3.8/site-packages/airflow/example_dags/example_xcom.py
[2026-03-09T00:37:09.429+0000] {processor.py:830} INFO - Processing file /home/airflow/.local/lib/python3.8/site-packages/airflow/example_dags/example_xcom.py for tasks to queue
[2026-03-09T00:37:09.439+0000] {logging_mixin.py:188} INFO - [2026-03-09T00:37:09.438+0000] {dagbag.py:540} INFO - Filling up the DagBag from /home/airflow/.local/lib/python3.8/site-packages/airflow/example_dags/example_xcom.py
[2026-03-09T00:37:09.480+0000] {processor.py:840} INFO - DAG(s) 'example_xcom' retrieved from /home/airflow/.local/lib/python3.8/site-packages/airflow/example_dags/example_xcom.py
[2026-03-09T00:37:09.647+0000] {logging_mixin.py:188} INFO - [2026-03-09T00:37:09.646+0000] {dag.py:3047} INFO - Sync 1 DAGs
[2026-03-09T00:37:09.781+0000] {logging_mixin.py:188} INFO - [2026-03-09T00:37:09.779+0000] {dag.py:3834} INFO - Setting next_dagrun for example_xcom to 2021-01-01 00:00:00+00:00, run_after=2021-01-01 00:00:00+00:00
[2026-03-09T00:37:09.886+0000] {processor.py:183} INFO - Processing /home/airflow/.local/lib/python3.8/site-packages/airflow/example_dags/example_xcom.py took 0.480 seconds
[2026-03-09T00:37:40.706+0000] {processor.py:161} INFO - Started process (PID=4260) to work on /home/airflow/.local/lib/python3.8/site-packages/airflow/example_dags/example_xcom.py
[2026-03-09T00:37:40.715+0000] {processor.py:830} INFO - Processing file /home/airflow/.local/lib/python3.8/site-packages/airflow/example_dags/example_xcom.py for tasks to queue
[2026-03-09T00:37:40.723+0000] {logging_mixin.py:188} INFO - [2026-03-09T00:37:40.721+0000] {dagbag.py:540} INFO - Filling up the DagBag from /home/airflow/.local/lib/python3.8/site-packages/airflow/example_dags/example_xcom.py
[2026-03-09T00:37:40.752+0000] {processor.py:840} INFO - DAG(s) 'example_xcom' retrieved from /home/airflow/.local/lib/python3.8/site-packages/airflow/example_dags/example_xcom.py
[2026-03-09T00:37:40.855+0000] {logging_mixin.py:188} INFO - [2026-03-09T00:37:40.854+0000] {dag.py:3047} INFO - Sync 1 DAGs
[2026-03-09T00:37:40.953+0000] {logging_mixin.py:188} INFO - [2026-03-09T00:37:40.952+0000] {dag.py:3834} INFO - Setting next_dagrun for example_xcom to 2021-01-01 00:00:00+00:00, run_after=2021-01-01 00:00:00+00:00
[2026-03-09T00:37:41.018+0000] {processor.py:183} INFO - Processing /home/airflow/.local/lib/python3.8/site-packages/airflow/example_dags/example_xcom.py took 0.329 seconds
[2026-03-09T00:38:11.226+0000] {processor.py:161} INFO - Started process (PID=4318) to work on /home/airflow/.local/lib/python3.8/site-packages/airflow/example_dags/example_xcom.py
[2026-03-09T00:38:11.231+0000] {processor.py:830} INFO - Processing file /home/airflow/.local/lib/python3.8/site-packages/airflow/example_dags/example_xcom.py for tasks to queue
[2026-03-09T00:38:11.239+0000] {logging_mixin.py:188} INFO - [2026-03-09T00:38:11.237+0000] {dagbag.py:540} INFO - Filling up the DagBag from /home/airflow/.local/lib/python3.8/site-packages/airflow/example_dags/example_xcom.py
[2026-03-09T00:38:11.274+0000] {processor.py:840} INFO - DAG(s) 'example_xcom' retrieved from /home/airflow/.local/lib/python3.8/site-packages/airflow/example_dags/example_xcom.py
[2026-03-09T00:38:11.380+0000] {logging_mixin.py:188} INFO - [2026-03-09T00:38:11.379+0000] {dag.py:3047} INFO - Sync 1 DAGs
[2026-03-09T00:38:11.478+0000] {logging_mixin.py:188} INFO - [2026-03-09T00:38:11.477+0000] {dag.py:3834} INFO - Setting next_dagrun for example_xcom to 2021-01-01 00:00:00+00:00, run_after=2021-01-01 00:00:00+00:00
[2026-03-09T00:38:11.567+0000] {processor.py:183} INFO - Processing /home/airflow/.local/lib/python3.8/site-packages/airflow/example_dags/example_xcom.py took 0.358 seconds
[2026-03-09T00:38:42.117+0000] {processor.py:161} INFO - Started process (PID=4374) to work on /home/airflow/.local/lib/python3.8/site-packages/airflow/example_dags/example_xcom.py
[2026-03-09T00:38:42.128+0000] {processor.py:830} INFO - Processing file /home/airflow/.local/lib/python3.8/site-packages/airflow/example_dags/example_xcom.py for tasks to queue
[2026-03-09T00:38:42.141+0000] {logging_mixin.py:188} INFO - [2026-03-09T00:38:42.140+0000] {dagbag.py:540} INFO - Filling up the DagBag from /home/airflow/.local/lib/python3.8/site-packages/airflow/example_dags/example_xcom.py
[2026-03-09T00:38:42.196+0000] {processor.py:840} INFO - DAG(s) 'example_xcom' retrieved from /home/airflow/.local/lib/python3.8/site-packages/airflow/example_dags/example_xcom.py
[2026-03-09T00:38:42.297+0000] {logging_mixin.py:188} INFO - [2026-03-09T00:38:42.297+0000] {dag.py:3047} INFO - Sync 1 DAGs
[2026-03-09T00:38:42.385+0000] {logging_mixin.py:188} INFO - [2026-03-09T00:38:42.383+0000] {dag.py:3834} INFO - Setting next_dagrun for example_xcom to 2021-01-01 00:00:00+00:00, run_after=2021-01-01 00:00:00+00:00
[2026-03-09T00:38:42.465+0000] {processor.py:183} INFO - Processing /home/airflow/.local/lib/python3.8/site-packages/airflow/example_dags/example_xcom.py took 0.380 seconds
