[2026-03-09T00:00:08.601+0000] {processor.py:161} INFO - Started process (PID=251) to work on /home/airflow/.local/lib/python3.8/site-packages/airflow/example_dags/tutorial_objectstorage.py
[2026-03-09T00:00:08.608+0000] {processor.py:830} INFO - Processing file /home/airflow/.local/lib/python3.8/site-packages/airflow/example_dags/tutorial_objectstorage.py for tasks to queue
[2026-03-09T00:00:08.622+0000] {logging_mixin.py:188} INFO - [2026-03-09T00:00:08.621+0000] {dagbag.py:540} INFO - Filling up the DagBag from /home/airflow/.local/lib/python3.8/site-packages/airflow/example_dags/tutorial_objectstorage.py
[2026-03-09T00:00:08.681+0000] {processor.py:840} INFO - DAG(s) 'tutorial_objectstorage' retrieved from /home/airflow/.local/lib/python3.8/site-packages/airflow/example_dags/tutorial_objectstorage.py
[2026-03-09T00:00:09.580+0000] {logging_mixin.py:188} INFO - [2026-03-09T00:00:09.579+0000] {dag.py:3047} INFO - Sync 1 DAGs
[2026-03-09T00:00:09.662+0000] {logging_mixin.py:188} INFO - [2026-03-09T00:00:09.661+0000] {dag.py:3834} INFO - Setting next_dagrun for tutorial_objectstorage to None, run_after=None
[2026-03-09T00:00:09.814+0000] {processor.py:183} INFO - Processing /home/airflow/.local/lib/python3.8/site-packages/airflow/example_dags/tutorial_objectstorage.py took 1.237 seconds
[2026-03-09T00:00:40.084+0000] {processor.py:161} INFO - Started process (PID=306) to work on /home/airflow/.local/lib/python3.8/site-packages/airflow/example_dags/tutorial_objectstorage.py
[2026-03-09T00:00:40.089+0000] {processor.py:830} INFO - Processing file /home/airflow/.local/lib/python3.8/site-packages/airflow/example_dags/tutorial_objectstorage.py for tasks to queue
[2026-03-09T00:00:40.101+0000] {logging_mixin.py:188} INFO - [2026-03-09T00:00:40.096+0000] {dagbag.py:540} INFO - Filling up the DagBag from /home/airflow/.local/lib/python3.8/site-packages/airflow/example_dags/tutorial_objectstorage.py
[2026-03-09T00:00:40.153+0000] {processor.py:840} INFO - DAG(s) 'tutorial_objectstorage' retrieved from /home/airflow/.local/lib/python3.8/site-packages/airflow/example_dags/tutorial_objectstorage.py
[2026-03-09T00:00:40.289+0000] {logging_mixin.py:188} INFO - [2026-03-09T00:00:40.288+0000] {dag.py:3047} INFO - Sync 1 DAGs
[2026-03-09T00:00:40.360+0000] {logging_mixin.py:188} INFO - [2026-03-09T00:00:40.359+0000] {dag.py:3834} INFO - Setting next_dagrun for tutorial_objectstorage to None, run_after=None
[2026-03-09T00:00:40.433+0000] {processor.py:183} INFO - Processing /home/airflow/.local/lib/python3.8/site-packages/airflow/example_dags/tutorial_objectstorage.py took 0.376 seconds
[2026-03-09T00:01:11.072+0000] {processor.py:161} INFO - Started process (PID=360) to work on /home/airflow/.local/lib/python3.8/site-packages/airflow/example_dags/tutorial_objectstorage.py
[2026-03-09T00:01:11.094+0000] {processor.py:830} INFO - Processing file /home/airflow/.local/lib/python3.8/site-packages/airflow/example_dags/tutorial_objectstorage.py for tasks to queue
[2026-03-09T00:01:11.114+0000] {logging_mixin.py:188} INFO - [2026-03-09T00:01:11.111+0000] {dagbag.py:540} INFO - Filling up the DagBag from /home/airflow/.local/lib/python3.8/site-packages/airflow/example_dags/tutorial_objectstorage.py
[2026-03-09T00:01:11.164+0000] {processor.py:840} INFO - DAG(s) 'tutorial_objectstorage' retrieved from /home/airflow/.local/lib/python3.8/site-packages/airflow/example_dags/tutorial_objectstorage.py
[2026-03-09T00:01:11.284+0000] {logging_mixin.py:188} INFO - [2026-03-09T00:01:11.283+0000] {dag.py:3047} INFO - Sync 1 DAGs
[2026-03-09T00:01:11.357+0000] {logging_mixin.py:188} INFO - [2026-03-09T00:01:11.355+0000] {dag.py:3834} INFO - Setting next_dagrun for tutorial_objectstorage to None, run_after=None
[2026-03-09T00:01:11.484+0000] {processor.py:183} INFO - Processing /home/airflow/.local/lib/python3.8/site-packages/airflow/example_dags/tutorial_objectstorage.py took 0.435 seconds
[2026-03-09T00:01:41.791+0000] {processor.py:161} INFO - Started process (PID=414) to work on /home/airflow/.local/lib/python3.8/site-packages/airflow/example_dags/tutorial_objectstorage.py
[2026-03-09T00:01:41.805+0000] {processor.py:830} INFO - Processing file /home/airflow/.local/lib/python3.8/site-packages/airflow/example_dags/tutorial_objectstorage.py for tasks to queue
[2026-03-09T00:01:41.813+0000] {logging_mixin.py:188} INFO - [2026-03-09T00:01:41.812+0000] {dagbag.py:540} INFO - Filling up the DagBag from /home/airflow/.local/lib/python3.8/site-packages/airflow/example_dags/tutorial_objectstorage.py
[2026-03-09T00:01:41.852+0000] {processor.py:840} INFO - DAG(s) 'tutorial_objectstorage' retrieved from /home/airflow/.local/lib/python3.8/site-packages/airflow/example_dags/tutorial_objectstorage.py
[2026-03-09T00:01:41.946+0000] {logging_mixin.py:188} INFO - [2026-03-09T00:01:41.945+0000] {dag.py:3047} INFO - Sync 1 DAGs
[2026-03-09T00:01:42.006+0000] {logging_mixin.py:188} INFO - [2026-03-09T00:01:42.005+0000] {dag.py:3834} INFO - Setting next_dagrun for tutorial_objectstorage to None, run_after=None
[2026-03-09T00:01:42.116+0000] {processor.py:183} INFO - Processing /home/airflow/.local/lib/python3.8/site-packages/airflow/example_dags/tutorial_objectstorage.py took 0.365 seconds
[2026-03-09T00:02:12.936+0000] {processor.py:161} INFO - Started process (PID=469) to work on /home/airflow/.local/lib/python3.8/site-packages/airflow/example_dags/tutorial_objectstorage.py
[2026-03-09T00:02:12.939+0000] {processor.py:830} INFO - Processing file /home/airflow/.local/lib/python3.8/site-packages/airflow/example_dags/tutorial_objectstorage.py for tasks to queue
[2026-03-09T00:02:12.945+0000] {logging_mixin.py:188} INFO - [2026-03-09T00:02:12.944+0000] {dagbag.py:540} INFO - Filling up the DagBag from /home/airflow/.local/lib/python3.8/site-packages/airflow/example_dags/tutorial_objectstorage.py
[2026-03-09T00:02:12.964+0000] {processor.py:840} INFO - DAG(s) 'tutorial_objectstorage' retrieved from /home/airflow/.local/lib/python3.8/site-packages/airflow/example_dags/tutorial_objectstorage.py
[2026-03-09T00:02:13.024+0000] {logging_mixin.py:188} INFO - [2026-03-09T00:02:13.023+0000] {dag.py:3047} INFO - Sync 1 DAGs
[2026-03-09T00:02:13.061+0000] {logging_mixin.py:188} INFO - [2026-03-09T00:02:13.058+0000] {dag.py:3834} INFO - Setting next_dagrun for tutorial_objectstorage to None, run_after=None
[2026-03-09T00:02:13.147+0000] {processor.py:183} INFO - Processing /home/airflow/.local/lib/python3.8/site-packages/airflow/example_dags/tutorial_objectstorage.py took 0.222 seconds
[2026-03-09T00:02:43.459+0000] {processor.py:161} INFO - Started process (PID=525) to work on /home/airflow/.local/lib/python3.8/site-packages/airflow/example_dags/tutorial_objectstorage.py
[2026-03-09T00:02:43.462+0000] {processor.py:830} INFO - Processing file /home/airflow/.local/lib/python3.8/site-packages/airflow/example_dags/tutorial_objectstorage.py for tasks to queue
[2026-03-09T00:02:43.466+0000] {logging_mixin.py:188} INFO - [2026-03-09T00:02:43.465+0000] {dagbag.py:540} INFO - Filling up the DagBag from /home/airflow/.local/lib/python3.8/site-packages/airflow/example_dags/tutorial_objectstorage.py
[2026-03-09T00:02:43.484+0000] {processor.py:840} INFO - DAG(s) 'tutorial_objectstorage' retrieved from /home/airflow/.local/lib/python3.8/site-packages/airflow/example_dags/tutorial_objectstorage.py
[2026-03-09T00:02:43.544+0000] {logging_mixin.py:188} INFO - [2026-03-09T00:02:43.544+0000] {dag.py:3047} INFO - Sync 1 DAGs
[2026-03-09T00:02:43.581+0000] {logging_mixin.py:188} INFO - [2026-03-09T00:02:43.581+0000] {dag.py:3834} INFO - Setting next_dagrun for tutorial_objectstorage to None, run_after=None
[2026-03-09T00:02:43.645+0000] {processor.py:183} INFO - Processing /home/airflow/.local/lib/python3.8/site-packages/airflow/example_dags/tutorial_objectstorage.py took 0.195 seconds
[2026-03-09T00:03:13.919+0000] {processor.py:161} INFO - Started process (PID=580) to work on /home/airflow/.local/lib/python3.8/site-packages/airflow/example_dags/tutorial_objectstorage.py
[2026-03-09T00:03:13.926+0000] {processor.py:830} INFO - Processing file /home/airflow/.local/lib/python3.8/site-packages/airflow/example_dags/tutorial_objectstorage.py for tasks to queue
[2026-03-09T00:03:13.939+0000] {logging_mixin.py:188} INFO - [2026-03-09T00:03:13.936+0000] {dagbag.py:540} INFO - Filling up the DagBag from /home/airflow/.local/lib/python3.8/site-packages/airflow/example_dags/tutorial_objectstorage.py
[2026-03-09T00:03:13.975+0000] {processor.py:840} INFO - DAG(s) 'tutorial_objectstorage' retrieved from /home/airflow/.local/lib/python3.8/site-packages/airflow/example_dags/tutorial_objectstorage.py
[2026-03-09T00:03:14.066+0000] {logging_mixin.py:188} INFO - [2026-03-09T00:03:14.065+0000] {dag.py:3047} INFO - Sync 1 DAGs
[2026-03-09T00:03:14.102+0000] {logging_mixin.py:188} INFO - [2026-03-09T00:03:14.102+0000] {dag.py:3834} INFO - Setting next_dagrun for tutorial_objectstorage to None, run_after=None
[2026-03-09T00:03:14.157+0000] {processor.py:183} INFO - Processing /home/airflow/.local/lib/python3.8/site-packages/airflow/example_dags/tutorial_objectstorage.py took 0.256 seconds
[2026-03-09T00:03:45.740+0000] {processor.py:161} INFO - Started process (PID=635) to work on /home/airflow/.local/lib/python3.8/site-packages/airflow/example_dags/tutorial_objectstorage.py
[2026-03-09T00:03:45.745+0000] {processor.py:830} INFO - Processing file /home/airflow/.local/lib/python3.8/site-packages/airflow/example_dags/tutorial_objectstorage.py for tasks to queue
[2026-03-09T00:03:45.755+0000] {logging_mixin.py:188} INFO - [2026-03-09T00:03:45.754+0000] {dagbag.py:540} INFO - Filling up the DagBag from /home/airflow/.local/lib/python3.8/site-packages/airflow/example_dags/tutorial_objectstorage.py
[2026-03-09T00:03:45.785+0000] {processor.py:840} INFO - DAG(s) 'tutorial_objectstorage' retrieved from /home/airflow/.local/lib/python3.8/site-packages/airflow/example_dags/tutorial_objectstorage.py
[2026-03-09T00:03:45.851+0000] {logging_mixin.py:188} INFO - [2026-03-09T00:03:45.850+0000] {dag.py:3047} INFO - Sync 1 DAGs
[2026-03-09T00:03:45.896+0000] {logging_mixin.py:188} INFO - [2026-03-09T00:03:45.895+0000] {dag.py:3834} INFO - Setting next_dagrun for tutorial_objectstorage to None, run_after=None
[2026-03-09T00:03:45.964+0000] {processor.py:183} INFO - Processing /home/airflow/.local/lib/python3.8/site-packages/airflow/example_dags/tutorial_objectstorage.py took 0.241 seconds
[2026-03-09T00:04:16.918+0000] {processor.py:161} INFO - Started process (PID=690) to work on /home/airflow/.local/lib/python3.8/site-packages/airflow/example_dags/tutorial_objectstorage.py
[2026-03-09T00:04:16.924+0000] {processor.py:830} INFO - Processing file /home/airflow/.local/lib/python3.8/site-packages/airflow/example_dags/tutorial_objectstorage.py for tasks to queue
[2026-03-09T00:04:16.938+0000] {logging_mixin.py:188} INFO - [2026-03-09T00:04:16.936+0000] {dagbag.py:540} INFO - Filling up the DagBag from /home/airflow/.local/lib/python3.8/site-packages/airflow/example_dags/tutorial_objectstorage.py
[2026-03-09T00:04:16.976+0000] {processor.py:840} INFO - DAG(s) 'tutorial_objectstorage' retrieved from /home/airflow/.local/lib/python3.8/site-packages/airflow/example_dags/tutorial_objectstorage.py
[2026-03-09T00:04:17.116+0000] {logging_mixin.py:188} INFO - [2026-03-09T00:04:17.115+0000] {dag.py:3047} INFO - Sync 1 DAGs
[2026-03-09T00:04:17.219+0000] {logging_mixin.py:188} INFO - [2026-03-09T00:04:17.218+0000] {dag.py:3834} INFO - Setting next_dagrun for tutorial_objectstorage to None, run_after=None
[2026-03-09T00:04:17.348+0000] {processor.py:183} INFO - Processing /home/airflow/.local/lib/python3.8/site-packages/airflow/example_dags/tutorial_objectstorage.py took 0.444 seconds
[2026-03-09T00:04:47.738+0000] {processor.py:161} INFO - Started process (PID=743) to work on /home/airflow/.local/lib/python3.8/site-packages/airflow/example_dags/tutorial_objectstorage.py
[2026-03-09T00:04:47.741+0000] {processor.py:830} INFO - Processing file /home/airflow/.local/lib/python3.8/site-packages/airflow/example_dags/tutorial_objectstorage.py for tasks to queue
[2026-03-09T00:04:47.746+0000] {logging_mixin.py:188} INFO - [2026-03-09T00:04:47.745+0000] {dagbag.py:540} INFO - Filling up the DagBag from /home/airflow/.local/lib/python3.8/site-packages/airflow/example_dags/tutorial_objectstorage.py
[2026-03-09T00:04:47.768+0000] {processor.py:840} INFO - DAG(s) 'tutorial_objectstorage' retrieved from /home/airflow/.local/lib/python3.8/site-packages/airflow/example_dags/tutorial_objectstorage.py
[2026-03-09T00:04:47.870+0000] {logging_mixin.py:188} INFO - [2026-03-09T00:04:47.869+0000] {dag.py:3047} INFO - Sync 1 DAGs
[2026-03-09T00:04:47.955+0000] {logging_mixin.py:188} INFO - [2026-03-09T00:04:47.946+0000] {dag.py:3834} INFO - Setting next_dagrun for tutorial_objectstorage to None, run_after=None
[2026-03-09T00:04:48.022+0000] {processor.py:183} INFO - Processing /home/airflow/.local/lib/python3.8/site-packages/airflow/example_dags/tutorial_objectstorage.py took 0.292 seconds
[2026-03-09T00:05:18.742+0000] {processor.py:161} INFO - Started process (PID=798) to work on /home/airflow/.local/lib/python3.8/site-packages/airflow/example_dags/tutorial_objectstorage.py
[2026-03-09T00:05:18.745+0000] {processor.py:830} INFO - Processing file /home/airflow/.local/lib/python3.8/site-packages/airflow/example_dags/tutorial_objectstorage.py for tasks to queue
[2026-03-09T00:05:18.749+0000] {logging_mixin.py:188} INFO - [2026-03-09T00:05:18.749+0000] {dagbag.py:540} INFO - Filling up the DagBag from /home/airflow/.local/lib/python3.8/site-packages/airflow/example_dags/tutorial_objectstorage.py
[2026-03-09T00:05:18.767+0000] {processor.py:840} INFO - DAG(s) 'tutorial_objectstorage' retrieved from /home/airflow/.local/lib/python3.8/site-packages/airflow/example_dags/tutorial_objectstorage.py
[2026-03-09T00:05:18.824+0000] {logging_mixin.py:188} INFO - [2026-03-09T00:05:18.823+0000] {dag.py:3047} INFO - Sync 1 DAGs
[2026-03-09T00:05:18.858+0000] {logging_mixin.py:188} INFO - [2026-03-09T00:05:18.857+0000] {dag.py:3834} INFO - Setting next_dagrun for tutorial_objectstorage to None, run_after=None
[2026-03-09T00:05:18.913+0000] {processor.py:183} INFO - Processing /home/airflow/.local/lib/python3.8/site-packages/airflow/example_dags/tutorial_objectstorage.py took 0.180 seconds
[2026-03-09T00:05:50.447+0000] {processor.py:161} INFO - Started process (PID=854) to work on /home/airflow/.local/lib/python3.8/site-packages/airflow/example_dags/tutorial_objectstorage.py
[2026-03-09T00:05:50.455+0000] {processor.py:830} INFO - Processing file /home/airflow/.local/lib/python3.8/site-packages/airflow/example_dags/tutorial_objectstorage.py for tasks to queue
[2026-03-09T00:05:50.463+0000] {logging_mixin.py:188} INFO - [2026-03-09T00:05:50.462+0000] {dagbag.py:540} INFO - Filling up the DagBag from /home/airflow/.local/lib/python3.8/site-packages/airflow/example_dags/tutorial_objectstorage.py
[2026-03-09T00:05:50.500+0000] {processor.py:840} INFO - DAG(s) 'tutorial_objectstorage' retrieved from /home/airflow/.local/lib/python3.8/site-packages/airflow/example_dags/tutorial_objectstorage.py
[2026-03-09T00:05:50.601+0000] {logging_mixin.py:188} INFO - [2026-03-09T00:05:50.600+0000] {dag.py:3047} INFO - Sync 1 DAGs
[2026-03-09T00:05:50.668+0000] {logging_mixin.py:188} INFO - [2026-03-09T00:05:50.667+0000] {dag.py:3834} INFO - Setting next_dagrun for tutorial_objectstorage to None, run_after=None
[2026-03-09T00:05:50.744+0000] {processor.py:183} INFO - Processing /home/airflow/.local/lib/python3.8/site-packages/airflow/example_dags/tutorial_objectstorage.py took 0.317 seconds
[2026-03-09T00:06:21.651+0000] {processor.py:161} INFO - Started process (PID=909) to work on /home/airflow/.local/lib/python3.8/site-packages/airflow/example_dags/tutorial_objectstorage.py
[2026-03-09T00:06:21.656+0000] {processor.py:830} INFO - Processing file /home/airflow/.local/lib/python3.8/site-packages/airflow/example_dags/tutorial_objectstorage.py for tasks to queue
[2026-03-09T00:06:21.670+0000] {logging_mixin.py:188} INFO - [2026-03-09T00:06:21.668+0000] {dagbag.py:540} INFO - Filling up the DagBag from /home/airflow/.local/lib/python3.8/site-packages/airflow/example_dags/tutorial_objectstorage.py
[2026-03-09T00:06:21.705+0000] {processor.py:840} INFO - DAG(s) 'tutorial_objectstorage' retrieved from /home/airflow/.local/lib/python3.8/site-packages/airflow/example_dags/tutorial_objectstorage.py
[2026-03-09T00:06:21.815+0000] {logging_mixin.py:188} INFO - [2026-03-09T00:06:21.815+0000] {dag.py:3047} INFO - Sync 1 DAGs
[2026-03-09T00:06:21.903+0000] {logging_mixin.py:188} INFO - [2026-03-09T00:06:21.902+0000] {dag.py:3834} INFO - Setting next_dagrun for tutorial_objectstorage to None, run_after=None
[2026-03-09T00:06:22.025+0000] {processor.py:183} INFO - Processing /home/airflow/.local/lib/python3.8/site-packages/airflow/example_dags/tutorial_objectstorage.py took 0.406 seconds
[2026-03-09T00:06:53.116+0000] {processor.py:161} INFO - Started process (PID=965) to work on /home/airflow/.local/lib/python3.8/site-packages/airflow/example_dags/tutorial_objectstorage.py
[2026-03-09T00:06:53.120+0000] {processor.py:830} INFO - Processing file /home/airflow/.local/lib/python3.8/site-packages/airflow/example_dags/tutorial_objectstorage.py for tasks to queue
[2026-03-09T00:06:53.128+0000] {logging_mixin.py:188} INFO - [2026-03-09T00:06:53.126+0000] {dagbag.py:540} INFO - Filling up the DagBag from /home/airflow/.local/lib/python3.8/site-packages/airflow/example_dags/tutorial_objectstorage.py
[2026-03-09T00:06:53.171+0000] {processor.py:840} INFO - DAG(s) 'tutorial_objectstorage' retrieved from /home/airflow/.local/lib/python3.8/site-packages/airflow/example_dags/tutorial_objectstorage.py
[2026-03-09T00:06:53.302+0000] {logging_mixin.py:188} INFO - [2026-03-09T00:06:53.301+0000] {dag.py:3047} INFO - Sync 1 DAGs
[2026-03-09T00:06:53.341+0000] {logging_mixin.py:188} INFO - [2026-03-09T00:06:53.340+0000] {dag.py:3834} INFO - Setting next_dagrun for tutorial_objectstorage to None, run_after=None
[2026-03-09T00:06:53.398+0000] {processor.py:183} INFO - Processing /home/airflow/.local/lib/python3.8/site-packages/airflow/example_dags/tutorial_objectstorage.py took 0.295 seconds
[2026-03-09T00:07:23.831+0000] {processor.py:161} INFO - Started process (PID=1020) to work on /home/airflow/.local/lib/python3.8/site-packages/airflow/example_dags/tutorial_objectstorage.py
[2026-03-09T00:07:23.833+0000] {processor.py:830} INFO - Processing file /home/airflow/.local/lib/python3.8/site-packages/airflow/example_dags/tutorial_objectstorage.py for tasks to queue
[2026-03-09T00:07:23.840+0000] {logging_mixin.py:188} INFO - [2026-03-09T00:07:23.838+0000] {dagbag.py:540} INFO - Filling up the DagBag from /home/airflow/.local/lib/python3.8/site-packages/airflow/example_dags/tutorial_objectstorage.py
[2026-03-09T00:07:23.857+0000] {processor.py:840} INFO - DAG(s) 'tutorial_objectstorage' retrieved from /home/airflow/.local/lib/python3.8/site-packages/airflow/example_dags/tutorial_objectstorage.py
[2026-03-09T00:07:23.902+0000] {logging_mixin.py:188} INFO - [2026-03-09T00:07:23.901+0000] {dag.py:3047} INFO - Sync 1 DAGs
[2026-03-09T00:07:23.936+0000] {logging_mixin.py:188} INFO - [2026-03-09T00:07:23.935+0000] {dag.py:3834} INFO - Setting next_dagrun for tutorial_objectstorage to None, run_after=None
[2026-03-09T00:07:23.985+0000] {processor.py:183} INFO - Processing /home/airflow/.local/lib/python3.8/site-packages/airflow/example_dags/tutorial_objectstorage.py took 0.165 seconds
[2026-03-09T00:07:54.960+0000] {processor.py:161} INFO - Started process (PID=1075) to work on /home/airflow/.local/lib/python3.8/site-packages/airflow/example_dags/tutorial_objectstorage.py
[2026-03-09T00:07:54.964+0000] {processor.py:830} INFO - Processing file /home/airflow/.local/lib/python3.8/site-packages/airflow/example_dags/tutorial_objectstorage.py for tasks to queue
[2026-03-09T00:07:54.971+0000] {logging_mixin.py:188} INFO - [2026-03-09T00:07:54.970+0000] {dagbag.py:540} INFO - Filling up the DagBag from /home/airflow/.local/lib/python3.8/site-packages/airflow/example_dags/tutorial_objectstorage.py
[2026-03-09T00:07:55.006+0000] {processor.py:840} INFO - DAG(s) 'tutorial_objectstorage' retrieved from /home/airflow/.local/lib/python3.8/site-packages/airflow/example_dags/tutorial_objectstorage.py
[2026-03-09T00:07:55.120+0000] {logging_mixin.py:188} INFO - [2026-03-09T00:07:55.119+0000] {dag.py:3047} INFO - Sync 1 DAGs
[2026-03-09T00:07:55.169+0000] {logging_mixin.py:188} INFO - [2026-03-09T00:07:55.168+0000] {dag.py:3834} INFO - Setting next_dagrun for tutorial_objectstorage to None, run_after=None
[2026-03-09T00:07:55.257+0000] {processor.py:183} INFO - Processing /home/airflow/.local/lib/python3.8/site-packages/airflow/example_dags/tutorial_objectstorage.py took 0.318 seconds
[2026-03-09T00:08:25.475+0000] {processor.py:161} INFO - Started process (PID=1131) to work on /home/airflow/.local/lib/python3.8/site-packages/airflow/example_dags/tutorial_objectstorage.py
[2026-03-09T00:08:25.477+0000] {processor.py:830} INFO - Processing file /home/airflow/.local/lib/python3.8/site-packages/airflow/example_dags/tutorial_objectstorage.py for tasks to queue
[2026-03-09T00:08:25.482+0000] {logging_mixin.py:188} INFO - [2026-03-09T00:08:25.481+0000] {dagbag.py:540} INFO - Filling up the DagBag from /home/airflow/.local/lib/python3.8/site-packages/airflow/example_dags/tutorial_objectstorage.py
[2026-03-09T00:08:25.502+0000] {processor.py:840} INFO - DAG(s) 'tutorial_objectstorage' retrieved from /home/airflow/.local/lib/python3.8/site-packages/airflow/example_dags/tutorial_objectstorage.py
[2026-03-09T00:08:25.552+0000] {logging_mixin.py:188} INFO - [2026-03-09T00:08:25.552+0000] {dag.py:3047} INFO - Sync 1 DAGs
[2026-03-09T00:08:25.585+0000] {logging_mixin.py:188} INFO - [2026-03-09T00:08:25.585+0000] {dag.py:3834} INFO - Setting next_dagrun for tutorial_objectstorage to None, run_after=None
[2026-03-09T00:08:25.633+0000] {processor.py:183} INFO - Processing /home/airflow/.local/lib/python3.8/site-packages/airflow/example_dags/tutorial_objectstorage.py took 0.165 seconds
[2026-03-09T00:08:56.163+0000] {processor.py:161} INFO - Started process (PID=1187) to work on /home/airflow/.local/lib/python3.8/site-packages/airflow/example_dags/tutorial_objectstorage.py
[2026-03-09T00:08:56.166+0000] {processor.py:830} INFO - Processing file /home/airflow/.local/lib/python3.8/site-packages/airflow/example_dags/tutorial_objectstorage.py for tasks to queue
[2026-03-09T00:08:56.172+0000] {logging_mixin.py:188} INFO - [2026-03-09T00:08:56.171+0000] {dagbag.py:540} INFO - Filling up the DagBag from /home/airflow/.local/lib/python3.8/site-packages/airflow/example_dags/tutorial_objectstorage.py
[2026-03-09T00:08:56.196+0000] {processor.py:840} INFO - DAG(s) 'tutorial_objectstorage' retrieved from /home/airflow/.local/lib/python3.8/site-packages/airflow/example_dags/tutorial_objectstorage.py
[2026-03-09T00:08:56.309+0000] {logging_mixin.py:188} INFO - [2026-03-09T00:08:56.308+0000] {dag.py:3047} INFO - Sync 1 DAGs
[2026-03-09T00:08:56.354+0000] {logging_mixin.py:188} INFO - [2026-03-09T00:08:56.353+0000] {dag.py:3834} INFO - Setting next_dagrun for tutorial_objectstorage to None, run_after=None
[2026-03-09T00:08:56.447+0000] {processor.py:183} INFO - Processing /home/airflow/.local/lib/python3.8/site-packages/airflow/example_dags/tutorial_objectstorage.py took 0.295 seconds
[2026-03-09T00:09:26.818+0000] {processor.py:161} INFO - Started process (PID=1243) to work on /home/airflow/.local/lib/python3.8/site-packages/airflow/example_dags/tutorial_objectstorage.py
[2026-03-09T00:09:26.821+0000] {processor.py:830} INFO - Processing file /home/airflow/.local/lib/python3.8/site-packages/airflow/example_dags/tutorial_objectstorage.py for tasks to queue
[2026-03-09T00:09:26.825+0000] {logging_mixin.py:188} INFO - [2026-03-09T00:09:26.824+0000] {dagbag.py:540} INFO - Filling up the DagBag from /home/airflow/.local/lib/python3.8/site-packages/airflow/example_dags/tutorial_objectstorage.py
[2026-03-09T00:09:26.840+0000] {processor.py:840} INFO - DAG(s) 'tutorial_objectstorage' retrieved from /home/airflow/.local/lib/python3.8/site-packages/airflow/example_dags/tutorial_objectstorage.py
[2026-03-09T00:09:26.886+0000] {logging_mixin.py:188} INFO - [2026-03-09T00:09:26.886+0000] {dag.py:3047} INFO - Sync 1 DAGs
[2026-03-09T00:09:26.916+0000] {logging_mixin.py:188} INFO - [2026-03-09T00:09:26.916+0000] {dag.py:3834} INFO - Setting next_dagrun for tutorial_objectstorage to None, run_after=None
[2026-03-09T00:09:26.984+0000] {processor.py:183} INFO - Processing /home/airflow/.local/lib/python3.8/site-packages/airflow/example_dags/tutorial_objectstorage.py took 0.175 seconds
[2026-03-09T00:09:58.261+0000] {processor.py:161} INFO - Started process (PID=1299) to work on /home/airflow/.local/lib/python3.8/site-packages/airflow/example_dags/tutorial_objectstorage.py
[2026-03-09T00:09:58.285+0000] {processor.py:830} INFO - Processing file /home/airflow/.local/lib/python3.8/site-packages/airflow/example_dags/tutorial_objectstorage.py for tasks to queue
[2026-03-09T00:09:58.311+0000] {logging_mixin.py:188} INFO - [2026-03-09T00:09:58.310+0000] {dagbag.py:540} INFO - Filling up the DagBag from /home/airflow/.local/lib/python3.8/site-packages/airflow/example_dags/tutorial_objectstorage.py
[2026-03-09T00:09:58.395+0000] {processor.py:840} INFO - DAG(s) 'tutorial_objectstorage' retrieved from /home/airflow/.local/lib/python3.8/site-packages/airflow/example_dags/tutorial_objectstorage.py
[2026-03-09T00:09:58.538+0000] {logging_mixin.py:188} INFO - [2026-03-09T00:09:58.537+0000] {dag.py:3047} INFO - Sync 1 DAGs
[2026-03-09T00:09:58.623+0000] {logging_mixin.py:188} INFO - [2026-03-09T00:09:58.623+0000] {dag.py:3834} INFO - Setting next_dagrun for tutorial_objectstorage to None, run_after=None
[2026-03-09T00:09:58.755+0000] {processor.py:183} INFO - Processing /home/airflow/.local/lib/python3.8/site-packages/airflow/example_dags/tutorial_objectstorage.py took 0.529 seconds
[2026-03-09T00:10:29.260+0000] {processor.py:161} INFO - Started process (PID=1355) to work on /home/airflow/.local/lib/python3.8/site-packages/airflow/example_dags/tutorial_objectstorage.py
[2026-03-09T00:10:29.267+0000] {processor.py:830} INFO - Processing file /home/airflow/.local/lib/python3.8/site-packages/airflow/example_dags/tutorial_objectstorage.py for tasks to queue
[2026-03-09T00:10:29.276+0000] {logging_mixin.py:188} INFO - [2026-03-09T00:10:29.274+0000] {dagbag.py:540} INFO - Filling up the DagBag from /home/airflow/.local/lib/python3.8/site-packages/airflow/example_dags/tutorial_objectstorage.py
[2026-03-09T00:10:29.302+0000] {processor.py:840} INFO - DAG(s) 'tutorial_objectstorage' retrieved from /home/airflow/.local/lib/python3.8/site-packages/airflow/example_dags/tutorial_objectstorage.py
[2026-03-09T00:10:29.400+0000] {logging_mixin.py:188} INFO - [2026-03-09T00:10:29.399+0000] {dag.py:3047} INFO - Sync 1 DAGs
[2026-03-09T00:10:29.451+0000] {logging_mixin.py:188} INFO - [2026-03-09T00:10:29.450+0000] {dag.py:3834} INFO - Setting next_dagrun for tutorial_objectstorage to None, run_after=None
[2026-03-09T00:10:29.529+0000] {processor.py:183} INFO - Processing /home/airflow/.local/lib/python3.8/site-packages/airflow/example_dags/tutorial_objectstorage.py took 0.282 seconds
[2026-03-09T00:10:59.976+0000] {processor.py:161} INFO - Started process (PID=1412) to work on /home/airflow/.local/lib/python3.8/site-packages/airflow/example_dags/tutorial_objectstorage.py
[2026-03-09T00:10:59.979+0000] {processor.py:830} INFO - Processing file /home/airflow/.local/lib/python3.8/site-packages/airflow/example_dags/tutorial_objectstorage.py for tasks to queue
[2026-03-09T00:10:59.985+0000] {logging_mixin.py:188} INFO - [2026-03-09T00:10:59.984+0000] {dagbag.py:540} INFO - Filling up the DagBag from /home/airflow/.local/lib/python3.8/site-packages/airflow/example_dags/tutorial_objectstorage.py
[2026-03-09T00:11:00.017+0000] {processor.py:840} INFO - DAG(s) 'tutorial_objectstorage' retrieved from /home/airflow/.local/lib/python3.8/site-packages/airflow/example_dags/tutorial_objectstorage.py
[2026-03-09T00:11:00.104+0000] {logging_mixin.py:188} INFO - [2026-03-09T00:11:00.103+0000] {dag.py:3047} INFO - Sync 1 DAGs
[2026-03-09T00:11:00.145+0000] {logging_mixin.py:188} INFO - [2026-03-09T00:11:00.145+0000] {dag.py:3834} INFO - Setting next_dagrun for tutorial_objectstorage to None, run_after=None
[2026-03-09T00:11:00.208+0000] {processor.py:183} INFO - Processing /home/airflow/.local/lib/python3.8/site-packages/airflow/example_dags/tutorial_objectstorage.py took 0.248 seconds
[2026-03-09T00:11:31.006+0000] {processor.py:161} INFO - Started process (PID=1467) to work on /home/airflow/.local/lib/python3.8/site-packages/airflow/example_dags/tutorial_objectstorage.py
[2026-03-09T00:11:31.008+0000] {processor.py:830} INFO - Processing file /home/airflow/.local/lib/python3.8/site-packages/airflow/example_dags/tutorial_objectstorage.py for tasks to queue
[2026-03-09T00:11:31.013+0000] {logging_mixin.py:188} INFO - [2026-03-09T00:11:31.012+0000] {dagbag.py:540} INFO - Filling up the DagBag from /home/airflow/.local/lib/python3.8/site-packages/airflow/example_dags/tutorial_objectstorage.py
[2026-03-09T00:11:31.026+0000] {processor.py:840} INFO - DAG(s) 'tutorial_objectstorage' retrieved from /home/airflow/.local/lib/python3.8/site-packages/airflow/example_dags/tutorial_objectstorage.py
[2026-03-09T00:11:31.100+0000] {logging_mixin.py:188} INFO - [2026-03-09T00:11:31.099+0000] {dag.py:3047} INFO - Sync 1 DAGs
[2026-03-09T00:11:31.152+0000] {logging_mixin.py:188} INFO - [2026-03-09T00:11:31.152+0000] {dag.py:3834} INFO - Setting next_dagrun for tutorial_objectstorage to None, run_after=None
[2026-03-09T00:11:31.214+0000] {processor.py:183} INFO - Processing /home/airflow/.local/lib/python3.8/site-packages/airflow/example_dags/tutorial_objectstorage.py took 0.214 seconds
[2026-03-09T00:12:03.009+0000] {processor.py:161} INFO - Started process (PID=1522) to work on /home/airflow/.local/lib/python3.8/site-packages/airflow/example_dags/tutorial_objectstorage.py
[2026-03-09T00:12:03.036+0000] {processor.py:830} INFO - Processing file /home/airflow/.local/lib/python3.8/site-packages/airflow/example_dags/tutorial_objectstorage.py for tasks to queue
[2026-03-09T00:12:03.072+0000] {logging_mixin.py:188} INFO - [2026-03-09T00:12:03.057+0000] {dagbag.py:540} INFO - Filling up the DagBag from /home/airflow/.local/lib/python3.8/site-packages/airflow/example_dags/tutorial_objectstorage.py
[2026-03-09T00:12:03.173+0000] {processor.py:840} INFO - DAG(s) 'tutorial_objectstorage' retrieved from /home/airflow/.local/lib/python3.8/site-packages/airflow/example_dags/tutorial_objectstorage.py
[2026-03-09T00:12:03.358+0000] {logging_mixin.py:188} INFO - [2026-03-09T00:12:03.356+0000] {dag.py:3047} INFO - Sync 1 DAGs
[2026-03-09T00:12:03.470+0000] {logging_mixin.py:188} INFO - [2026-03-09T00:12:03.468+0000] {dag.py:3834} INFO - Setting next_dagrun for tutorial_objectstorage to None, run_after=None
[2026-03-09T00:12:03.605+0000] {processor.py:183} INFO - Processing /home/airflow/.local/lib/python3.8/site-packages/airflow/example_dags/tutorial_objectstorage.py took 0.636 seconds
[2026-03-09T00:12:34.427+0000] {processor.py:161} INFO - Started process (PID=1579) to work on /home/airflow/.local/lib/python3.8/site-packages/airflow/example_dags/tutorial_objectstorage.py
[2026-03-09T00:12:34.430+0000] {processor.py:830} INFO - Processing file /home/airflow/.local/lib/python3.8/site-packages/airflow/example_dags/tutorial_objectstorage.py for tasks to queue
[2026-03-09T00:12:34.436+0000] {logging_mixin.py:188} INFO - [2026-03-09T00:12:34.435+0000] {dagbag.py:540} INFO - Filling up the DagBag from /home/airflow/.local/lib/python3.8/site-packages/airflow/example_dags/tutorial_objectstorage.py
[2026-03-09T00:12:34.470+0000] {processor.py:840} INFO - DAG(s) 'tutorial_objectstorage' retrieved from /home/airflow/.local/lib/python3.8/site-packages/airflow/example_dags/tutorial_objectstorage.py
[2026-03-09T00:12:34.545+0000] {logging_mixin.py:188} INFO - [2026-03-09T00:12:34.545+0000] {dag.py:3047} INFO - Sync 1 DAGs
[2026-03-09T00:12:34.581+0000] {logging_mixin.py:188} INFO - [2026-03-09T00:12:34.581+0000] {dag.py:3834} INFO - Setting next_dagrun for tutorial_objectstorage to None, run_after=None
[2026-03-09T00:12:34.641+0000] {processor.py:183} INFO - Processing /home/airflow/.local/lib/python3.8/site-packages/airflow/example_dags/tutorial_objectstorage.py took 0.242 seconds
[2026-03-09T00:13:05.389+0000] {processor.py:161} INFO - Started process (PID=1635) to work on /home/airflow/.local/lib/python3.8/site-packages/airflow/example_dags/tutorial_objectstorage.py
[2026-03-09T00:13:05.395+0000] {processor.py:830} INFO - Processing file /home/airflow/.local/lib/python3.8/site-packages/airflow/example_dags/tutorial_objectstorage.py for tasks to queue
[2026-03-09T00:13:05.406+0000] {logging_mixin.py:188} INFO - [2026-03-09T00:13:05.404+0000] {dagbag.py:540} INFO - Filling up the DagBag from /home/airflow/.local/lib/python3.8/site-packages/airflow/example_dags/tutorial_objectstorage.py
[2026-03-09T00:13:05.442+0000] {processor.py:840} INFO - DAG(s) 'tutorial_objectstorage' retrieved from /home/airflow/.local/lib/python3.8/site-packages/airflow/example_dags/tutorial_objectstorage.py
[2026-03-09T00:13:05.524+0000] {logging_mixin.py:188} INFO - [2026-03-09T00:13:05.523+0000] {dag.py:3047} INFO - Sync 1 DAGs
[2026-03-09T00:13:05.564+0000] {logging_mixin.py:188} INFO - [2026-03-09T00:13:05.563+0000] {dag.py:3834} INFO - Setting next_dagrun for tutorial_objectstorage to None, run_after=None
[2026-03-09T00:13:05.631+0000] {processor.py:183} INFO - Processing /home/airflow/.local/lib/python3.8/site-packages/airflow/example_dags/tutorial_objectstorage.py took 0.261 seconds
[2026-03-09T00:13:36.452+0000] {processor.py:161} INFO - Started process (PID=1691) to work on /home/airflow/.local/lib/python3.8/site-packages/airflow/example_dags/tutorial_objectstorage.py
[2026-03-09T00:13:36.455+0000] {processor.py:830} INFO - Processing file /home/airflow/.local/lib/python3.8/site-packages/airflow/example_dags/tutorial_objectstorage.py for tasks to queue
[2026-03-09T00:13:36.460+0000] {logging_mixin.py:188} INFO - [2026-03-09T00:13:36.459+0000] {dagbag.py:540} INFO - Filling up the DagBag from /home/airflow/.local/lib/python3.8/site-packages/airflow/example_dags/tutorial_objectstorage.py
[2026-03-09T00:13:36.481+0000] {processor.py:840} INFO - DAG(s) 'tutorial_objectstorage' retrieved from /home/airflow/.local/lib/python3.8/site-packages/airflow/example_dags/tutorial_objectstorage.py
[2026-03-09T00:13:36.539+0000] {logging_mixin.py:188} INFO - [2026-03-09T00:13:36.538+0000] {dag.py:3047} INFO - Sync 1 DAGs
[2026-03-09T00:13:36.580+0000] {logging_mixin.py:188} INFO - [2026-03-09T00:13:36.579+0000] {dag.py:3834} INFO - Setting next_dagrun for tutorial_objectstorage to None, run_after=None
[2026-03-09T00:13:36.630+0000] {processor.py:183} INFO - Processing /home/airflow/.local/lib/python3.8/site-packages/airflow/example_dags/tutorial_objectstorage.py took 0.188 seconds
[2026-03-09T00:14:07.331+0000] {processor.py:161} INFO - Started process (PID=1747) to work on /home/airflow/.local/lib/python3.8/site-packages/airflow/example_dags/tutorial_objectstorage.py
[2026-03-09T00:14:07.341+0000] {processor.py:830} INFO - Processing file /home/airflow/.local/lib/python3.8/site-packages/airflow/example_dags/tutorial_objectstorage.py for tasks to queue
[2026-03-09T00:14:07.354+0000] {logging_mixin.py:188} INFO - [2026-03-09T00:14:07.352+0000] {dagbag.py:540} INFO - Filling up the DagBag from /home/airflow/.local/lib/python3.8/site-packages/airflow/example_dags/tutorial_objectstorage.py
[2026-03-09T00:14:07.408+0000] {processor.py:840} INFO - DAG(s) 'tutorial_objectstorage' retrieved from /home/airflow/.local/lib/python3.8/site-packages/airflow/example_dags/tutorial_objectstorage.py
[2026-03-09T00:14:07.539+0000] {logging_mixin.py:188} INFO - [2026-03-09T00:14:07.538+0000] {dag.py:3047} INFO - Sync 1 DAGs
[2026-03-09T00:14:07.590+0000] {logging_mixin.py:188} INFO - [2026-03-09T00:14:07.589+0000] {dag.py:3834} INFO - Setting next_dagrun for tutorial_objectstorage to None, run_after=None
[2026-03-09T00:14:07.786+0000] {processor.py:183} INFO - Processing /home/airflow/.local/lib/python3.8/site-packages/airflow/example_dags/tutorial_objectstorage.py took 0.482 seconds
[2026-03-09T00:14:38.841+0000] {processor.py:161} INFO - Started process (PID=1803) to work on /home/airflow/.local/lib/python3.8/site-packages/airflow/example_dags/tutorial_objectstorage.py
[2026-03-09T00:14:38.849+0000] {processor.py:830} INFO - Processing file /home/airflow/.local/lib/python3.8/site-packages/airflow/example_dags/tutorial_objectstorage.py for tasks to queue
[2026-03-09T00:14:38.869+0000] {logging_mixin.py:188} INFO - [2026-03-09T00:14:38.867+0000] {dagbag.py:540} INFO - Filling up the DagBag from /home/airflow/.local/lib/python3.8/site-packages/airflow/example_dags/tutorial_objectstorage.py
[2026-03-09T00:14:38.923+0000] {processor.py:840} INFO - DAG(s) 'tutorial_objectstorage' retrieved from /home/airflow/.local/lib/python3.8/site-packages/airflow/example_dags/tutorial_objectstorage.py
[2026-03-09T00:14:39.079+0000] {logging_mixin.py:188} INFO - [2026-03-09T00:14:39.078+0000] {dag.py:3047} INFO - Sync 1 DAGs
[2026-03-09T00:14:39.192+0000] {logging_mixin.py:188} INFO - [2026-03-09T00:14:39.190+0000] {dag.py:3834} INFO - Setting next_dagrun for tutorial_objectstorage to None, run_after=None
[2026-03-09T00:14:39.341+0000] {processor.py:183} INFO - Processing /home/airflow/.local/lib/python3.8/site-packages/airflow/example_dags/tutorial_objectstorage.py took 0.536 seconds
[2026-03-09T00:15:10.132+0000] {processor.py:161} INFO - Started process (PID=1859) to work on /home/airflow/.local/lib/python3.8/site-packages/airflow/example_dags/tutorial_objectstorage.py
[2026-03-09T00:15:10.135+0000] {processor.py:830} INFO - Processing file /home/airflow/.local/lib/python3.8/site-packages/airflow/example_dags/tutorial_objectstorage.py for tasks to queue
[2026-03-09T00:15:10.142+0000] {logging_mixin.py:188} INFO - [2026-03-09T00:15:10.141+0000] {dagbag.py:540} INFO - Filling up the DagBag from /home/airflow/.local/lib/python3.8/site-packages/airflow/example_dags/tutorial_objectstorage.py
[2026-03-09T00:15:10.166+0000] {processor.py:840} INFO - DAG(s) 'tutorial_objectstorage' retrieved from /home/airflow/.local/lib/python3.8/site-packages/airflow/example_dags/tutorial_objectstorage.py
[2026-03-09T00:15:10.231+0000] {logging_mixin.py:188} INFO - [2026-03-09T00:15:10.230+0000] {dag.py:3047} INFO - Sync 1 DAGs
[2026-03-09T00:15:10.278+0000] {logging_mixin.py:188} INFO - [2026-03-09T00:15:10.277+0000] {dag.py:3834} INFO - Setting next_dagrun for tutorial_objectstorage to None, run_after=None
[2026-03-09T00:15:10.323+0000] {processor.py:183} INFO - Processing /home/airflow/.local/lib/python3.8/site-packages/airflow/example_dags/tutorial_objectstorage.py took 0.203 seconds
[2026-03-09T00:15:40.889+0000] {processor.py:161} INFO - Started process (PID=1915) to work on /home/airflow/.local/lib/python3.8/site-packages/airflow/example_dags/tutorial_objectstorage.py
[2026-03-09T00:15:40.898+0000] {processor.py:830} INFO - Processing file /home/airflow/.local/lib/python3.8/site-packages/airflow/example_dags/tutorial_objectstorage.py for tasks to queue
[2026-03-09T00:15:40.909+0000] {logging_mixin.py:188} INFO - [2026-03-09T00:15:40.906+0000] {dagbag.py:540} INFO - Filling up the DagBag from /home/airflow/.local/lib/python3.8/site-packages/airflow/example_dags/tutorial_objectstorage.py
[2026-03-09T00:15:40.941+0000] {processor.py:840} INFO - DAG(s) 'tutorial_objectstorage' retrieved from /home/airflow/.local/lib/python3.8/site-packages/airflow/example_dags/tutorial_objectstorage.py
[2026-03-09T00:15:40.986+0000] {logging_mixin.py:188} INFO - [2026-03-09T00:15:40.986+0000] {dag.py:3047} INFO - Sync 1 DAGs
[2026-03-09T00:15:41.008+0000] {logging_mixin.py:188} INFO - [2026-03-09T00:15:41.008+0000] {dag.py:3834} INFO - Setting next_dagrun for tutorial_objectstorage to None, run_after=None
[2026-03-09T00:15:41.048+0000] {processor.py:183} INFO - Processing /home/airflow/.local/lib/python3.8/site-packages/airflow/example_dags/tutorial_objectstorage.py took 0.187 seconds
[2026-03-09T00:16:11.263+0000] {processor.py:161} INFO - Started process (PID=1971) to work on /home/airflow/.local/lib/python3.8/site-packages/airflow/example_dags/tutorial_objectstorage.py
[2026-03-09T00:16:11.267+0000] {processor.py:830} INFO - Processing file /home/airflow/.local/lib/python3.8/site-packages/airflow/example_dags/tutorial_objectstorage.py for tasks to queue
[2026-03-09T00:16:11.273+0000] {logging_mixin.py:188} INFO - [2026-03-09T00:16:11.272+0000] {dagbag.py:540} INFO - Filling up the DagBag from /home/airflow/.local/lib/python3.8/site-packages/airflow/example_dags/tutorial_objectstorage.py
[2026-03-09T00:16:11.297+0000] {processor.py:840} INFO - DAG(s) 'tutorial_objectstorage' retrieved from /home/airflow/.local/lib/python3.8/site-packages/airflow/example_dags/tutorial_objectstorage.py
[2026-03-09T00:16:11.354+0000] {logging_mixin.py:188} INFO - [2026-03-09T00:16:11.354+0000] {dag.py:3047} INFO - Sync 1 DAGs
[2026-03-09T00:16:11.393+0000] {logging_mixin.py:188} INFO - [2026-03-09T00:16:11.392+0000] {dag.py:3834} INFO - Setting next_dagrun for tutorial_objectstorage to None, run_after=None
[2026-03-09T00:16:11.464+0000] {processor.py:183} INFO - Processing /home/airflow/.local/lib/python3.8/site-packages/airflow/example_dags/tutorial_objectstorage.py took 0.212 seconds
[2026-03-09T00:16:41.806+0000] {processor.py:161} INFO - Started process (PID=2027) to work on /home/airflow/.local/lib/python3.8/site-packages/airflow/example_dags/tutorial_objectstorage.py
[2026-03-09T00:16:41.810+0000] {processor.py:830} INFO - Processing file /home/airflow/.local/lib/python3.8/site-packages/airflow/example_dags/tutorial_objectstorage.py for tasks to queue
[2026-03-09T00:16:41.817+0000] {logging_mixin.py:188} INFO - [2026-03-09T00:16:41.816+0000] {dagbag.py:540} INFO - Filling up the DagBag from /home/airflow/.local/lib/python3.8/site-packages/airflow/example_dags/tutorial_objectstorage.py
[2026-03-09T00:16:41.834+0000] {processor.py:840} INFO - DAG(s) 'tutorial_objectstorage' retrieved from /home/airflow/.local/lib/python3.8/site-packages/airflow/example_dags/tutorial_objectstorage.py
[2026-03-09T00:16:41.892+0000] {logging_mixin.py:188} INFO - [2026-03-09T00:16:41.892+0000] {dag.py:3047} INFO - Sync 1 DAGs
[2026-03-09T00:16:41.929+0000] {logging_mixin.py:188} INFO - [2026-03-09T00:16:41.929+0000] {dag.py:3834} INFO - Setting next_dagrun for tutorial_objectstorage to None, run_after=None
[2026-03-09T00:16:41.978+0000] {processor.py:183} INFO - Processing /home/airflow/.local/lib/python3.8/site-packages/airflow/example_dags/tutorial_objectstorage.py took 0.187 seconds
[2026-03-09T00:17:12.200+0000] {processor.py:161} INFO - Started process (PID=2081) to work on /home/airflow/.local/lib/python3.8/site-packages/airflow/example_dags/tutorial_objectstorage.py
[2026-03-09T00:17:12.202+0000] {processor.py:830} INFO - Processing file /home/airflow/.local/lib/python3.8/site-packages/airflow/example_dags/tutorial_objectstorage.py for tasks to queue
[2026-03-09T00:17:12.207+0000] {logging_mixin.py:188} INFO - [2026-03-09T00:17:12.206+0000] {dagbag.py:540} INFO - Filling up the DagBag from /home/airflow/.local/lib/python3.8/site-packages/airflow/example_dags/tutorial_objectstorage.py
[2026-03-09T00:17:12.222+0000] {processor.py:840} INFO - DAG(s) 'tutorial_objectstorage' retrieved from /home/airflow/.local/lib/python3.8/site-packages/airflow/example_dags/tutorial_objectstorage.py
[2026-03-09T00:17:12.268+0000] {logging_mixin.py:188} INFO - [2026-03-09T00:17:12.267+0000] {dag.py:3047} INFO - Sync 1 DAGs
[2026-03-09T00:17:12.296+0000] {logging_mixin.py:188} INFO - [2026-03-09T00:17:12.296+0000] {dag.py:3834} INFO - Setting next_dagrun for tutorial_objectstorage to None, run_after=None
[2026-03-09T00:17:12.347+0000] {processor.py:183} INFO - Processing /home/airflow/.local/lib/python3.8/site-packages/airflow/example_dags/tutorial_objectstorage.py took 0.156 seconds
[2026-03-09T00:17:44.001+0000] {processor.py:161} INFO - Started process (PID=2136) to work on /home/airflow/.local/lib/python3.8/site-packages/airflow/example_dags/tutorial_objectstorage.py
[2026-03-09T00:17:44.016+0000] {processor.py:830} INFO - Processing file /home/airflow/.local/lib/python3.8/site-packages/airflow/example_dags/tutorial_objectstorage.py for tasks to queue
[2026-03-09T00:17:44.046+0000] {logging_mixin.py:188} INFO - [2026-03-09T00:17:44.034+0000] {dagbag.py:540} INFO - Filling up the DagBag from /home/airflow/.local/lib/python3.8/site-packages/airflow/example_dags/tutorial_objectstorage.py
[2026-03-09T00:17:44.113+0000] {processor.py:840} INFO - DAG(s) 'tutorial_objectstorage' retrieved from /home/airflow/.local/lib/python3.8/site-packages/airflow/example_dags/tutorial_objectstorage.py
[2026-03-09T00:17:44.213+0000] {logging_mixin.py:188} INFO - [2026-03-09T00:17:44.212+0000] {dag.py:3047} INFO - Sync 1 DAGs
[2026-03-09T00:17:44.265+0000] {logging_mixin.py:188} INFO - [2026-03-09T00:17:44.264+0000] {dag.py:3834} INFO - Setting next_dagrun for tutorial_objectstorage to None, run_after=None
[2026-03-09T00:17:44.336+0000] {processor.py:183} INFO - Processing /home/airflow/.local/lib/python3.8/site-packages/airflow/example_dags/tutorial_objectstorage.py took 0.358 seconds
[2026-03-09T00:18:15.126+0000] {processor.py:161} INFO - Started process (PID=2192) to work on /home/airflow/.local/lib/python3.8/site-packages/airflow/example_dags/tutorial_objectstorage.py
[2026-03-09T00:18:15.129+0000] {processor.py:830} INFO - Processing file /home/airflow/.local/lib/python3.8/site-packages/airflow/example_dags/tutorial_objectstorage.py for tasks to queue
[2026-03-09T00:18:15.135+0000] {logging_mixin.py:188} INFO - [2026-03-09T00:18:15.133+0000] {dagbag.py:540} INFO - Filling up the DagBag from /home/airflow/.local/lib/python3.8/site-packages/airflow/example_dags/tutorial_objectstorage.py
[2026-03-09T00:18:15.162+0000] {processor.py:840} INFO - DAG(s) 'tutorial_objectstorage' retrieved from /home/airflow/.local/lib/python3.8/site-packages/airflow/example_dags/tutorial_objectstorage.py
[2026-03-09T00:18:15.225+0000] {logging_mixin.py:188} INFO - [2026-03-09T00:18:15.224+0000] {dag.py:3047} INFO - Sync 1 DAGs
[2026-03-09T00:18:15.267+0000] {logging_mixin.py:188} INFO - [2026-03-09T00:18:15.266+0000] {dag.py:3834} INFO - Setting next_dagrun for tutorial_objectstorage to None, run_after=None
[2026-03-09T00:18:15.322+0000] {processor.py:183} INFO - Processing /home/airflow/.local/lib/python3.8/site-packages/airflow/example_dags/tutorial_objectstorage.py took 0.207 seconds
[2026-03-09T00:18:46.122+0000] {processor.py:161} INFO - Started process (PID=2248) to work on /home/airflow/.local/lib/python3.8/site-packages/airflow/example_dags/tutorial_objectstorage.py
[2026-03-09T00:18:46.126+0000] {processor.py:830} INFO - Processing file /home/airflow/.local/lib/python3.8/site-packages/airflow/example_dags/tutorial_objectstorage.py for tasks to queue
[2026-03-09T00:18:46.132+0000] {logging_mixin.py:188} INFO - [2026-03-09T00:18:46.131+0000] {dagbag.py:540} INFO - Filling up the DagBag from /home/airflow/.local/lib/python3.8/site-packages/airflow/example_dags/tutorial_objectstorage.py
[2026-03-09T00:18:46.153+0000] {processor.py:840} INFO - DAG(s) 'tutorial_objectstorage' retrieved from /home/airflow/.local/lib/python3.8/site-packages/airflow/example_dags/tutorial_objectstorage.py
[2026-03-09T00:18:46.229+0000] {logging_mixin.py:188} INFO - [2026-03-09T00:18:46.228+0000] {dag.py:3047} INFO - Sync 1 DAGs
[2026-03-09T00:18:46.299+0000] {logging_mixin.py:188} INFO - [2026-03-09T00:18:46.299+0000] {dag.py:3834} INFO - Setting next_dagrun for tutorial_objectstorage to None, run_after=None
[2026-03-09T00:18:46.359+0000] {processor.py:183} INFO - Processing /home/airflow/.local/lib/python3.8/site-packages/airflow/example_dags/tutorial_objectstorage.py took 0.254 seconds
[2026-03-09T00:19:16.650+0000] {processor.py:161} INFO - Started process (PID=2305) to work on /home/airflow/.local/lib/python3.8/site-packages/airflow/example_dags/tutorial_objectstorage.py
[2026-03-09T00:19:16.653+0000] {processor.py:830} INFO - Processing file /home/airflow/.local/lib/python3.8/site-packages/airflow/example_dags/tutorial_objectstorage.py for tasks to queue
[2026-03-09T00:19:16.659+0000] {logging_mixin.py:188} INFO - [2026-03-09T00:19:16.658+0000] {dagbag.py:540} INFO - Filling up the DagBag from /home/airflow/.local/lib/python3.8/site-packages/airflow/example_dags/tutorial_objectstorage.py
[2026-03-09T00:19:16.685+0000] {processor.py:840} INFO - DAG(s) 'tutorial_objectstorage' retrieved from /home/airflow/.local/lib/python3.8/site-packages/airflow/example_dags/tutorial_objectstorage.py
[2026-03-09T00:19:16.737+0000] {logging_mixin.py:188} INFO - [2026-03-09T00:19:16.736+0000] {dag.py:3047} INFO - Sync 1 DAGs
[2026-03-09T00:19:16.774+0000] {logging_mixin.py:188} INFO - [2026-03-09T00:19:16.773+0000] {dag.py:3834} INFO - Setting next_dagrun for tutorial_objectstorage to None, run_after=None
[2026-03-09T00:19:16.836+0000] {processor.py:183} INFO - Processing /home/airflow/.local/lib/python3.8/site-packages/airflow/example_dags/tutorial_objectstorage.py took 0.198 seconds
[2026-03-09T00:19:47.364+0000] {processor.py:161} INFO - Started process (PID=2361) to work on /home/airflow/.local/lib/python3.8/site-packages/airflow/example_dags/tutorial_objectstorage.py
[2026-03-09T00:19:47.367+0000] {processor.py:830} INFO - Processing file /home/airflow/.local/lib/python3.8/site-packages/airflow/example_dags/tutorial_objectstorage.py for tasks to queue
[2026-03-09T00:19:47.373+0000] {logging_mixin.py:188} INFO - [2026-03-09T00:19:47.372+0000] {dagbag.py:540} INFO - Filling up the DagBag from /home/airflow/.local/lib/python3.8/site-packages/airflow/example_dags/tutorial_objectstorage.py
[2026-03-09T00:19:47.392+0000] {processor.py:840} INFO - DAG(s) 'tutorial_objectstorage' retrieved from /home/airflow/.local/lib/python3.8/site-packages/airflow/example_dags/tutorial_objectstorage.py
[2026-03-09T00:19:47.459+0000] {logging_mixin.py:188} INFO - [2026-03-09T00:19:47.458+0000] {dag.py:3047} INFO - Sync 1 DAGs
[2026-03-09T00:19:47.508+0000] {logging_mixin.py:188} INFO - [2026-03-09T00:19:47.507+0000] {dag.py:3834} INFO - Setting next_dagrun for tutorial_objectstorage to None, run_after=None
[2026-03-09T00:19:47.573+0000] {processor.py:183} INFO - Processing /home/airflow/.local/lib/python3.8/site-packages/airflow/example_dags/tutorial_objectstorage.py took 0.221 seconds
[2026-03-09T00:20:18.278+0000] {processor.py:161} INFO - Started process (PID=2417) to work on /home/airflow/.local/lib/python3.8/site-packages/airflow/example_dags/tutorial_objectstorage.py
[2026-03-09T00:20:18.282+0000] {processor.py:830} INFO - Processing file /home/airflow/.local/lib/python3.8/site-packages/airflow/example_dags/tutorial_objectstorage.py for tasks to queue
[2026-03-09T00:20:18.289+0000] {logging_mixin.py:188} INFO - [2026-03-09T00:20:18.288+0000] {dagbag.py:540} INFO - Filling up the DagBag from /home/airflow/.local/lib/python3.8/site-packages/airflow/example_dags/tutorial_objectstorage.py
[2026-03-09T00:20:18.331+0000] {processor.py:840} INFO - DAG(s) 'tutorial_objectstorage' retrieved from /home/airflow/.local/lib/python3.8/site-packages/airflow/example_dags/tutorial_objectstorage.py
[2026-03-09T00:20:18.483+0000] {logging_mixin.py:188} INFO - [2026-03-09T00:20:18.482+0000] {dag.py:3047} INFO - Sync 1 DAGs
[2026-03-09T00:20:18.542+0000] {logging_mixin.py:188} INFO - [2026-03-09T00:20:18.539+0000] {dag.py:3834} INFO - Setting next_dagrun for tutorial_objectstorage to None, run_after=None
[2026-03-09T00:20:18.646+0000] {processor.py:183} INFO - Processing /home/airflow/.local/lib/python3.8/site-packages/airflow/example_dags/tutorial_objectstorage.py took 0.383 seconds
[2026-03-09T00:20:49.116+0000] {processor.py:161} INFO - Started process (PID=2473) to work on /home/airflow/.local/lib/python3.8/site-packages/airflow/example_dags/tutorial_objectstorage.py
[2026-03-09T00:20:49.121+0000] {processor.py:830} INFO - Processing file /home/airflow/.local/lib/python3.8/site-packages/airflow/example_dags/tutorial_objectstorage.py for tasks to queue
[2026-03-09T00:20:49.130+0000] {logging_mixin.py:188} INFO - [2026-03-09T00:20:49.129+0000] {dagbag.py:540} INFO - Filling up the DagBag from /home/airflow/.local/lib/python3.8/site-packages/airflow/example_dags/tutorial_objectstorage.py
[2026-03-09T00:20:49.167+0000] {processor.py:840} INFO - DAG(s) 'tutorial_objectstorage' retrieved from /home/airflow/.local/lib/python3.8/site-packages/airflow/example_dags/tutorial_objectstorage.py
[2026-03-09T00:20:49.235+0000] {logging_mixin.py:188} INFO - [2026-03-09T00:20:49.234+0000] {dag.py:3047} INFO - Sync 1 DAGs
[2026-03-09T00:20:49.288+0000] {logging_mixin.py:188} INFO - [2026-03-09T00:20:49.286+0000] {dag.py:3834} INFO - Setting next_dagrun for tutorial_objectstorage to None, run_after=None
[2026-03-09T00:20:49.347+0000] {processor.py:183} INFO - Processing /home/airflow/.local/lib/python3.8/site-packages/airflow/example_dags/tutorial_objectstorage.py took 0.251 seconds
[2026-03-09T00:21:20.213+0000] {processor.py:161} INFO - Started process (PID=2529) to work on /home/airflow/.local/lib/python3.8/site-packages/airflow/example_dags/tutorial_objectstorage.py
[2026-03-09T00:21:20.228+0000] {processor.py:830} INFO - Processing file /home/airflow/.local/lib/python3.8/site-packages/airflow/example_dags/tutorial_objectstorage.py for tasks to queue
[2026-03-09T00:21:20.238+0000] {logging_mixin.py:188} INFO - [2026-03-09T00:21:20.236+0000] {dagbag.py:540} INFO - Filling up the DagBag from /home/airflow/.local/lib/python3.8/site-packages/airflow/example_dags/tutorial_objectstorage.py
[2026-03-09T00:21:20.281+0000] {processor.py:840} INFO - DAG(s) 'tutorial_objectstorage' retrieved from /home/airflow/.local/lib/python3.8/site-packages/airflow/example_dags/tutorial_objectstorage.py
[2026-03-09T00:21:20.385+0000] {logging_mixin.py:188} INFO - [2026-03-09T00:21:20.384+0000] {dag.py:3047} INFO - Sync 1 DAGs
[2026-03-09T00:21:20.550+0000] {logging_mixin.py:188} INFO - [2026-03-09T00:21:20.549+0000] {dag.py:3834} INFO - Setting next_dagrun for tutorial_objectstorage to None, run_after=None
[2026-03-09T00:21:20.663+0000] {processor.py:183} INFO - Processing /home/airflow/.local/lib/python3.8/site-packages/airflow/example_dags/tutorial_objectstorage.py took 0.479 seconds
[2026-03-09T00:21:50.883+0000] {processor.py:161} INFO - Started process (PID=2586) to work on /home/airflow/.local/lib/python3.8/site-packages/airflow/example_dags/tutorial_objectstorage.py
[2026-03-09T00:21:50.887+0000] {processor.py:830} INFO - Processing file /home/airflow/.local/lib/python3.8/site-packages/airflow/example_dags/tutorial_objectstorage.py for tasks to queue
[2026-03-09T00:21:50.893+0000] {logging_mixin.py:188} INFO - [2026-03-09T00:21:50.892+0000] {dagbag.py:540} INFO - Filling up the DagBag from /home/airflow/.local/lib/python3.8/site-packages/airflow/example_dags/tutorial_objectstorage.py
[2026-03-09T00:21:50.920+0000] {processor.py:840} INFO - DAG(s) 'tutorial_objectstorage' retrieved from /home/airflow/.local/lib/python3.8/site-packages/airflow/example_dags/tutorial_objectstorage.py
[2026-03-09T00:21:50.991+0000] {logging_mixin.py:188} INFO - [2026-03-09T00:21:50.990+0000] {dag.py:3047} INFO - Sync 1 DAGs
[2026-03-09T00:21:51.053+0000] {logging_mixin.py:188} INFO - [2026-03-09T00:21:51.052+0000] {dag.py:3834} INFO - Setting next_dagrun for tutorial_objectstorage to None, run_after=None
[2026-03-09T00:21:51.129+0000] {processor.py:183} INFO - Processing /home/airflow/.local/lib/python3.8/site-packages/airflow/example_dags/tutorial_objectstorage.py took 0.258 seconds
[2026-03-09T00:22:25.173+0000] {processor.py:161} INFO - Started process (PID=2642) to work on /home/airflow/.local/lib/python3.8/site-packages/airflow/example_dags/tutorial_objectstorage.py
[2026-03-09T00:22:25.188+0000] {processor.py:830} INFO - Processing file /home/airflow/.local/lib/python3.8/site-packages/airflow/example_dags/tutorial_objectstorage.py for tasks to queue
[2026-03-09T00:22:25.202+0000] {logging_mixin.py:188} INFO - [2026-03-09T00:22:25.200+0000] {dagbag.py:540} INFO - Filling up the DagBag from /home/airflow/.local/lib/python3.8/site-packages/airflow/example_dags/tutorial_objectstorage.py
[2026-03-09T00:22:25.261+0000] {processor.py:840} INFO - DAG(s) 'tutorial_objectstorage' retrieved from /home/airflow/.local/lib/python3.8/site-packages/airflow/example_dags/tutorial_objectstorage.py
[2026-03-09T00:22:25.546+0000] {logging_mixin.py:188} INFO - [2026-03-09T00:22:25.546+0000] {dag.py:3047} INFO - Sync 1 DAGs
[2026-03-09T00:22:25.653+0000] {logging_mixin.py:188} INFO - [2026-03-09T00:22:25.652+0000] {dag.py:3834} INFO - Setting next_dagrun for tutorial_objectstorage to None, run_after=None
[2026-03-09T00:22:26.072+0000] {processor.py:183} INFO - Processing /home/airflow/.local/lib/python3.8/site-packages/airflow/example_dags/tutorial_objectstorage.py took 0.941 seconds
[2026-03-09T00:22:56.888+0000] {processor.py:161} INFO - Started process (PID=2698) to work on /home/airflow/.local/lib/python3.8/site-packages/airflow/example_dags/tutorial_objectstorage.py
[2026-03-09T00:22:56.892+0000] {processor.py:830} INFO - Processing file /home/airflow/.local/lib/python3.8/site-packages/airflow/example_dags/tutorial_objectstorage.py for tasks to queue
[2026-03-09T00:22:56.901+0000] {logging_mixin.py:188} INFO - [2026-03-09T00:22:56.898+0000] {dagbag.py:540} INFO - Filling up the DagBag from /home/airflow/.local/lib/python3.8/site-packages/airflow/example_dags/tutorial_objectstorage.py
[2026-03-09T00:22:56.947+0000] {processor.py:840} INFO - DAG(s) 'tutorial_objectstorage' retrieved from /home/airflow/.local/lib/python3.8/site-packages/airflow/example_dags/tutorial_objectstorage.py
[2026-03-09T00:22:57.043+0000] {logging_mixin.py:188} INFO - [2026-03-09T00:22:57.042+0000] {dag.py:3047} INFO - Sync 1 DAGs
[2026-03-09T00:22:57.083+0000] {logging_mixin.py:188} INFO - [2026-03-09T00:22:57.082+0000] {dag.py:3834} INFO - Setting next_dagrun for tutorial_objectstorage to None, run_after=None
[2026-03-09T00:22:57.201+0000] {processor.py:183} INFO - Processing /home/airflow/.local/lib/python3.8/site-packages/airflow/example_dags/tutorial_objectstorage.py took 0.323 seconds
[2026-03-09T00:23:27.900+0000] {processor.py:161} INFO - Started process (PID=2754) to work on /home/airflow/.local/lib/python3.8/site-packages/airflow/example_dags/tutorial_objectstorage.py
[2026-03-09T00:23:27.902+0000] {processor.py:830} INFO - Processing file /home/airflow/.local/lib/python3.8/site-packages/airflow/example_dags/tutorial_objectstorage.py for tasks to queue
[2026-03-09T00:23:27.906+0000] {logging_mixin.py:188} INFO - [2026-03-09T00:23:27.906+0000] {dagbag.py:540} INFO - Filling up the DagBag from /home/airflow/.local/lib/python3.8/site-packages/airflow/example_dags/tutorial_objectstorage.py
[2026-03-09T00:23:27.924+0000] {processor.py:840} INFO - DAG(s) 'tutorial_objectstorage' retrieved from /home/airflow/.local/lib/python3.8/site-packages/airflow/example_dags/tutorial_objectstorage.py
[2026-03-09T00:23:27.981+0000] {logging_mixin.py:188} INFO - [2026-03-09T00:23:27.980+0000] {dag.py:3047} INFO - Sync 1 DAGs
[2026-03-09T00:23:28.019+0000] {logging_mixin.py:188} INFO - [2026-03-09T00:23:28.018+0000] {dag.py:3834} INFO - Setting next_dagrun for tutorial_objectstorage to None, run_after=None
[2026-03-09T00:23:28.066+0000] {processor.py:183} INFO - Processing /home/airflow/.local/lib/python3.8/site-packages/airflow/example_dags/tutorial_objectstorage.py took 0.176 seconds
[2026-03-09T00:23:59.003+0000] {processor.py:161} INFO - Started process (PID=2810) to work on /home/airflow/.local/lib/python3.8/site-packages/airflow/example_dags/tutorial_objectstorage.py
[2026-03-09T00:23:59.006+0000] {processor.py:830} INFO - Processing file /home/airflow/.local/lib/python3.8/site-packages/airflow/example_dags/tutorial_objectstorage.py for tasks to queue
[2026-03-09T00:23:59.015+0000] {logging_mixin.py:188} INFO - [2026-03-09T00:23:59.014+0000] {dagbag.py:540} INFO - Filling up the DagBag from /home/airflow/.local/lib/python3.8/site-packages/airflow/example_dags/tutorial_objectstorage.py
[2026-03-09T00:23:59.037+0000] {processor.py:840} INFO - DAG(s) 'tutorial_objectstorage' retrieved from /home/airflow/.local/lib/python3.8/site-packages/airflow/example_dags/tutorial_objectstorage.py
[2026-03-09T00:23:59.124+0000] {logging_mixin.py:188} INFO - [2026-03-09T00:23:59.124+0000] {dag.py:3047} INFO - Sync 1 DAGs
[2026-03-09T00:23:59.189+0000] {logging_mixin.py:188} INFO - [2026-03-09T00:23:59.188+0000] {dag.py:3834} INFO - Setting next_dagrun for tutorial_objectstorage to None, run_after=None
[2026-03-09T00:23:59.291+0000] {processor.py:183} INFO - Processing /home/airflow/.local/lib/python3.8/site-packages/airflow/example_dags/tutorial_objectstorage.py took 0.294 seconds
[2026-03-09T00:24:29.610+0000] {processor.py:161} INFO - Started process (PID=2864) to work on /home/airflow/.local/lib/python3.8/site-packages/airflow/example_dags/tutorial_objectstorage.py
[2026-03-09T00:24:29.620+0000] {processor.py:830} INFO - Processing file /home/airflow/.local/lib/python3.8/site-packages/airflow/example_dags/tutorial_objectstorage.py for tasks to queue
[2026-03-09T00:24:29.653+0000] {logging_mixin.py:188} INFO - [2026-03-09T00:24:29.652+0000] {dagbag.py:540} INFO - Filling up the DagBag from /home/airflow/.local/lib/python3.8/site-packages/airflow/example_dags/tutorial_objectstorage.py
[2026-03-09T00:24:29.724+0000] {processor.py:840} INFO - DAG(s) 'tutorial_objectstorage' retrieved from /home/airflow/.local/lib/python3.8/site-packages/airflow/example_dags/tutorial_objectstorage.py
[2026-03-09T00:24:29.868+0000] {logging_mixin.py:188} INFO - [2026-03-09T00:24:29.868+0000] {dag.py:3047} INFO - Sync 1 DAGs
[2026-03-09T00:24:29.950+0000] {logging_mixin.py:188} INFO - [2026-03-09T00:24:29.950+0000] {dag.py:3834} INFO - Setting next_dagrun for tutorial_objectstorage to None, run_after=None
[2026-03-09T00:24:30.096+0000] {processor.py:183} INFO - Processing /home/airflow/.local/lib/python3.8/site-packages/airflow/example_dags/tutorial_objectstorage.py took 0.547 seconds
[2026-03-09T00:25:01.048+0000] {processor.py:161} INFO - Started process (PID=2921) to work on /home/airflow/.local/lib/python3.8/site-packages/airflow/example_dags/tutorial_objectstorage.py
[2026-03-09T00:25:01.051+0000] {processor.py:830} INFO - Processing file /home/airflow/.local/lib/python3.8/site-packages/airflow/example_dags/tutorial_objectstorage.py for tasks to queue
[2026-03-09T00:25:01.056+0000] {logging_mixin.py:188} INFO - [2026-03-09T00:25:01.055+0000] {dagbag.py:540} INFO - Filling up the DagBag from /home/airflow/.local/lib/python3.8/site-packages/airflow/example_dags/tutorial_objectstorage.py
[2026-03-09T00:25:01.082+0000] {processor.py:840} INFO - DAG(s) 'tutorial_objectstorage' retrieved from /home/airflow/.local/lib/python3.8/site-packages/airflow/example_dags/tutorial_objectstorage.py
[2026-03-09T00:25:01.173+0000] {logging_mixin.py:188} INFO - [2026-03-09T00:25:01.172+0000] {dag.py:3047} INFO - Sync 1 DAGs
[2026-03-09T00:25:01.241+0000] {logging_mixin.py:188} INFO - [2026-03-09T00:25:01.240+0000] {dag.py:3834} INFO - Setting next_dagrun for tutorial_objectstorage to None, run_after=None
[2026-03-09T00:25:01.383+0000] {processor.py:183} INFO - Processing /home/airflow/.local/lib/python3.8/site-packages/airflow/example_dags/tutorial_objectstorage.py took 0.347 seconds
[2026-03-09T00:25:39.083+0000] {processor.py:161} INFO - Started process (PID=2977) to work on /home/airflow/.local/lib/python3.8/site-packages/airflow/example_dags/tutorial_objectstorage.py
[2026-03-09T00:25:39.096+0000] {processor.py:830} INFO - Processing file /home/airflow/.local/lib/python3.8/site-packages/airflow/example_dags/tutorial_objectstorage.py for tasks to queue
[2026-03-09T00:25:39.113+0000] {logging_mixin.py:188} INFO - [2026-03-09T00:25:39.111+0000] {dagbag.py:540} INFO - Filling up the DagBag from /home/airflow/.local/lib/python3.8/site-packages/airflow/example_dags/tutorial_objectstorage.py
[2026-03-09T00:25:39.155+0000] {processor.py:840} INFO - DAG(s) 'tutorial_objectstorage' retrieved from /home/airflow/.local/lib/python3.8/site-packages/airflow/example_dags/tutorial_objectstorage.py
[2026-03-09T00:25:39.346+0000] {logging_mixin.py:188} INFO - [2026-03-09T00:25:39.344+0000] {dag.py:3047} INFO - Sync 1 DAGs
[2026-03-09T00:25:39.478+0000] {logging_mixin.py:188} INFO - [2026-03-09T00:25:39.477+0000] {dag.py:3834} INFO - Setting next_dagrun for tutorial_objectstorage to None, run_after=None
[2026-03-09T00:25:39.623+0000] {processor.py:183} INFO - Processing /home/airflow/.local/lib/python3.8/site-packages/airflow/example_dags/tutorial_objectstorage.py took 0.598 seconds
[2026-03-09T00:26:10.427+0000] {processor.py:161} INFO - Started process (PID=3033) to work on /home/airflow/.local/lib/python3.8/site-packages/airflow/example_dags/tutorial_objectstorage.py
[2026-03-09T00:26:10.431+0000] {processor.py:830} INFO - Processing file /home/airflow/.local/lib/python3.8/site-packages/airflow/example_dags/tutorial_objectstorage.py for tasks to queue
[2026-03-09T00:26:10.438+0000] {logging_mixin.py:188} INFO - [2026-03-09T00:26:10.437+0000] {dagbag.py:540} INFO - Filling up the DagBag from /home/airflow/.local/lib/python3.8/site-packages/airflow/example_dags/tutorial_objectstorage.py
[2026-03-09T00:26:10.468+0000] {processor.py:840} INFO - DAG(s) 'tutorial_objectstorage' retrieved from /home/airflow/.local/lib/python3.8/site-packages/airflow/example_dags/tutorial_objectstorage.py
[2026-03-09T00:26:10.543+0000] {logging_mixin.py:188} INFO - [2026-03-09T00:26:10.542+0000] {dag.py:3047} INFO - Sync 1 DAGs
[2026-03-09T00:26:10.582+0000] {logging_mixin.py:188} INFO - [2026-03-09T00:26:10.581+0000] {dag.py:3834} INFO - Setting next_dagrun for tutorial_objectstorage to None, run_after=None
[2026-03-09T00:26:10.646+0000] {processor.py:183} INFO - Processing /home/airflow/.local/lib/python3.8/site-packages/airflow/example_dags/tutorial_objectstorage.py took 0.234 seconds
[2026-03-09T00:26:41.536+0000] {processor.py:161} INFO - Started process (PID=3088) to work on /home/airflow/.local/lib/python3.8/site-packages/airflow/example_dags/tutorial_objectstorage.py
[2026-03-09T00:26:41.540+0000] {processor.py:830} INFO - Processing file /home/airflow/.local/lib/python3.8/site-packages/airflow/example_dags/tutorial_objectstorage.py for tasks to queue
[2026-03-09T00:26:41.549+0000] {logging_mixin.py:188} INFO - [2026-03-09T00:26:41.548+0000] {dagbag.py:540} INFO - Filling up the DagBag from /home/airflow/.local/lib/python3.8/site-packages/airflow/example_dags/tutorial_objectstorage.py
[2026-03-09T00:26:41.578+0000] {processor.py:840} INFO - DAG(s) 'tutorial_objectstorage' retrieved from /home/airflow/.local/lib/python3.8/site-packages/airflow/example_dags/tutorial_objectstorage.py
[2026-03-09T00:26:41.649+0000] {logging_mixin.py:188} INFO - [2026-03-09T00:26:41.648+0000] {dag.py:3047} INFO - Sync 1 DAGs
[2026-03-09T00:26:41.705+0000] {logging_mixin.py:188} INFO - [2026-03-09T00:26:41.704+0000] {dag.py:3834} INFO - Setting next_dagrun for tutorial_objectstorage to None, run_after=None
[2026-03-09T00:26:41.778+0000] {processor.py:183} INFO - Processing /home/airflow/.local/lib/python3.8/site-packages/airflow/example_dags/tutorial_objectstorage.py took 0.253 seconds
[2026-03-09T00:27:12.266+0000] {processor.py:161} INFO - Started process (PID=3139) to work on /home/airflow/.local/lib/python3.8/site-packages/airflow/example_dags/tutorial_objectstorage.py
[2026-03-09T00:27:12.284+0000] {processor.py:830} INFO - Processing file /home/airflow/.local/lib/python3.8/site-packages/airflow/example_dags/tutorial_objectstorage.py for tasks to queue
[2026-03-09T00:27:12.306+0000] {logging_mixin.py:188} INFO - [2026-03-09T00:27:12.304+0000] {dagbag.py:540} INFO - Filling up the DagBag from /home/airflow/.local/lib/python3.8/site-packages/airflow/example_dags/tutorial_objectstorage.py
[2026-03-09T00:27:12.346+0000] {processor.py:840} INFO - DAG(s) 'tutorial_objectstorage' retrieved from /home/airflow/.local/lib/python3.8/site-packages/airflow/example_dags/tutorial_objectstorage.py
[2026-03-09T00:27:12.459+0000] {logging_mixin.py:188} INFO - [2026-03-09T00:27:12.458+0000] {dag.py:3047} INFO - Sync 1 DAGs
[2026-03-09T00:27:12.550+0000] {logging_mixin.py:188} INFO - [2026-03-09T00:27:12.549+0000] {dag.py:3834} INFO - Setting next_dagrun for tutorial_objectstorage to None, run_after=None
[2026-03-09T00:27:12.647+0000] {processor.py:183} INFO - Processing /home/airflow/.local/lib/python3.8/site-packages/airflow/example_dags/tutorial_objectstorage.py took 0.418 seconds
[2026-03-09T00:27:43.269+0000] {processor.py:161} INFO - Started process (PID=3195) to work on /home/airflow/.local/lib/python3.8/site-packages/airflow/example_dags/tutorial_objectstorage.py
[2026-03-09T00:27:43.272+0000] {processor.py:830} INFO - Processing file /home/airflow/.local/lib/python3.8/site-packages/airflow/example_dags/tutorial_objectstorage.py for tasks to queue
[2026-03-09T00:27:43.277+0000] {logging_mixin.py:188} INFO - [2026-03-09T00:27:43.276+0000] {dagbag.py:540} INFO - Filling up the DagBag from /home/airflow/.local/lib/python3.8/site-packages/airflow/example_dags/tutorial_objectstorage.py
[2026-03-09T00:27:43.291+0000] {processor.py:840} INFO - DAG(s) 'tutorial_objectstorage' retrieved from /home/airflow/.local/lib/python3.8/site-packages/airflow/example_dags/tutorial_objectstorage.py
[2026-03-09T00:27:43.352+0000] {logging_mixin.py:188} INFO - [2026-03-09T00:27:43.351+0000] {dag.py:3047} INFO - Sync 1 DAGs
[2026-03-09T00:27:43.386+0000] {logging_mixin.py:188} INFO - [2026-03-09T00:27:43.386+0000] {dag.py:3834} INFO - Setting next_dagrun for tutorial_objectstorage to None, run_after=None
[2026-03-09T00:27:43.451+0000] {processor.py:183} INFO - Processing /home/airflow/.local/lib/python3.8/site-packages/airflow/example_dags/tutorial_objectstorage.py took 0.192 seconds
[2026-03-09T00:28:14.017+0000] {processor.py:161} INFO - Started process (PID=3251) to work on /home/airflow/.local/lib/python3.8/site-packages/airflow/example_dags/tutorial_objectstorage.py
[2026-03-09T00:28:14.020+0000] {processor.py:830} INFO - Processing file /home/airflow/.local/lib/python3.8/site-packages/airflow/example_dags/tutorial_objectstorage.py for tasks to queue
[2026-03-09T00:28:14.025+0000] {logging_mixin.py:188} INFO - [2026-03-09T00:28:14.024+0000] {dagbag.py:540} INFO - Filling up the DagBag from /home/airflow/.local/lib/python3.8/site-packages/airflow/example_dags/tutorial_objectstorage.py
[2026-03-09T00:28:14.044+0000] {processor.py:840} INFO - DAG(s) 'tutorial_objectstorage' retrieved from /home/airflow/.local/lib/python3.8/site-packages/airflow/example_dags/tutorial_objectstorage.py
[2026-03-09T00:28:14.109+0000] {logging_mixin.py:188} INFO - [2026-03-09T00:28:14.108+0000] {dag.py:3047} INFO - Sync 1 DAGs
[2026-03-09T00:28:14.137+0000] {logging_mixin.py:188} INFO - [2026-03-09T00:28:14.137+0000] {dag.py:3834} INFO - Setting next_dagrun for tutorial_objectstorage to None, run_after=None
[2026-03-09T00:28:14.195+0000] {processor.py:183} INFO - Processing /home/airflow/.local/lib/python3.8/site-packages/airflow/example_dags/tutorial_objectstorage.py took 0.188 seconds
[2026-03-09T00:28:44.785+0000] {processor.py:161} INFO - Started process (PID=3307) to work on /home/airflow/.local/lib/python3.8/site-packages/airflow/example_dags/tutorial_objectstorage.py
[2026-03-09T00:28:44.788+0000] {processor.py:830} INFO - Processing file /home/airflow/.local/lib/python3.8/site-packages/airflow/example_dags/tutorial_objectstorage.py for tasks to queue
[2026-03-09T00:28:44.792+0000] {logging_mixin.py:188} INFO - [2026-03-09T00:28:44.792+0000] {dagbag.py:540} INFO - Filling up the DagBag from /home/airflow/.local/lib/python3.8/site-packages/airflow/example_dags/tutorial_objectstorage.py
[2026-03-09T00:28:44.807+0000] {processor.py:840} INFO - DAG(s) 'tutorial_objectstorage' retrieved from /home/airflow/.local/lib/python3.8/site-packages/airflow/example_dags/tutorial_objectstorage.py
[2026-03-09T00:28:44.852+0000] {logging_mixin.py:188} INFO - [2026-03-09T00:28:44.852+0000] {dag.py:3047} INFO - Sync 1 DAGs
[2026-03-09T00:28:44.879+0000] {logging_mixin.py:188} INFO - [2026-03-09T00:28:44.878+0000] {dag.py:3834} INFO - Setting next_dagrun for tutorial_objectstorage to None, run_after=None
[2026-03-09T00:28:44.921+0000] {processor.py:183} INFO - Processing /home/airflow/.local/lib/python3.8/site-packages/airflow/example_dags/tutorial_objectstorage.py took 0.145 seconds
[2026-03-09T00:29:17.107+0000] {processor.py:161} INFO - Started process (PID=3363) to work on /home/airflow/.local/lib/python3.8/site-packages/airflow/example_dags/tutorial_objectstorage.py
[2026-03-09T00:29:17.121+0000] {processor.py:830} INFO - Processing file /home/airflow/.local/lib/python3.8/site-packages/airflow/example_dags/tutorial_objectstorage.py for tasks to queue
[2026-03-09T00:29:17.129+0000] {logging_mixin.py:188} INFO - [2026-03-09T00:29:17.127+0000] {dagbag.py:540} INFO - Filling up the DagBag from /home/airflow/.local/lib/python3.8/site-packages/airflow/example_dags/tutorial_objectstorage.py
[2026-03-09T00:29:17.241+0000] {processor.py:840} INFO - DAG(s) 'tutorial_objectstorage' retrieved from /home/airflow/.local/lib/python3.8/site-packages/airflow/example_dags/tutorial_objectstorage.py
[2026-03-09T00:29:17.438+0000] {logging_mixin.py:188} INFO - [2026-03-09T00:29:17.437+0000] {dag.py:3047} INFO - Sync 1 DAGs
[2026-03-09T00:29:17.532+0000] {logging_mixin.py:188} INFO - [2026-03-09T00:29:17.529+0000] {dag.py:3834} INFO - Setting next_dagrun for tutorial_objectstorage to None, run_after=None
[2026-03-09T00:29:17.661+0000] {processor.py:183} INFO - Processing /home/airflow/.local/lib/python3.8/site-packages/airflow/example_dags/tutorial_objectstorage.py took 0.633 seconds
[2026-03-09T00:29:48.203+0000] {processor.py:161} INFO - Started process (PID=3418) to work on /home/airflow/.local/lib/python3.8/site-packages/airflow/example_dags/tutorial_objectstorage.py
[2026-03-09T00:29:48.207+0000] {processor.py:830} INFO - Processing file /home/airflow/.local/lib/python3.8/site-packages/airflow/example_dags/tutorial_objectstorage.py for tasks to queue
[2026-03-09T00:29:48.212+0000] {logging_mixin.py:188} INFO - [2026-03-09T00:29:48.212+0000] {dagbag.py:540} INFO - Filling up the DagBag from /home/airflow/.local/lib/python3.8/site-packages/airflow/example_dags/tutorial_objectstorage.py
[2026-03-09T00:29:48.233+0000] {processor.py:840} INFO - DAG(s) 'tutorial_objectstorage' retrieved from /home/airflow/.local/lib/python3.8/site-packages/airflow/example_dags/tutorial_objectstorage.py
[2026-03-09T00:29:48.288+0000] {logging_mixin.py:188} INFO - [2026-03-09T00:29:48.288+0000] {dag.py:3047} INFO - Sync 1 DAGs
[2026-03-09T00:29:48.319+0000] {logging_mixin.py:188} INFO - [2026-03-09T00:29:48.319+0000] {dag.py:3834} INFO - Setting next_dagrun for tutorial_objectstorage to None, run_after=None
[2026-03-09T00:29:48.359+0000] {processor.py:183} INFO - Processing /home/airflow/.local/lib/python3.8/site-packages/airflow/example_dags/tutorial_objectstorage.py took 0.166 seconds
[2026-03-09T00:30:18.640+0000] {processor.py:161} INFO - Started process (PID=3474) to work on /home/airflow/.local/lib/python3.8/site-packages/airflow/example_dags/tutorial_objectstorage.py
[2026-03-09T00:30:18.646+0000] {processor.py:830} INFO - Processing file /home/airflow/.local/lib/python3.8/site-packages/airflow/example_dags/tutorial_objectstorage.py for tasks to queue
[2026-03-09T00:30:18.656+0000] {logging_mixin.py:188} INFO - [2026-03-09T00:30:18.655+0000] {dagbag.py:540} INFO - Filling up the DagBag from /home/airflow/.local/lib/python3.8/site-packages/airflow/example_dags/tutorial_objectstorage.py
[2026-03-09T00:30:18.692+0000] {processor.py:840} INFO - DAG(s) 'tutorial_objectstorage' retrieved from /home/airflow/.local/lib/python3.8/site-packages/airflow/example_dags/tutorial_objectstorage.py
[2026-03-09T00:30:18.775+0000] {logging_mixin.py:188} INFO - [2026-03-09T00:30:18.774+0000] {dag.py:3047} INFO - Sync 1 DAGs
[2026-03-09T00:30:18.824+0000] {logging_mixin.py:188} INFO - [2026-03-09T00:30:18.823+0000] {dag.py:3834} INFO - Setting next_dagrun for tutorial_objectstorage to None, run_after=None
[2026-03-09T00:30:18.929+0000] {processor.py:183} INFO - Processing /home/airflow/.local/lib/python3.8/site-packages/airflow/example_dags/tutorial_objectstorage.py took 0.307 seconds
[2026-03-09T00:30:49.253+0000] {processor.py:161} INFO - Started process (PID=3530) to work on /home/airflow/.local/lib/python3.8/site-packages/airflow/example_dags/tutorial_objectstorage.py
[2026-03-09T00:30:49.257+0000] {processor.py:830} INFO - Processing file /home/airflow/.local/lib/python3.8/site-packages/airflow/example_dags/tutorial_objectstorage.py for tasks to queue
[2026-03-09T00:30:49.264+0000] {logging_mixin.py:188} INFO - [2026-03-09T00:30:49.263+0000] {dagbag.py:540} INFO - Filling up the DagBag from /home/airflow/.local/lib/python3.8/site-packages/airflow/example_dags/tutorial_objectstorage.py
[2026-03-09T00:30:49.288+0000] {processor.py:840} INFO - DAG(s) 'tutorial_objectstorage' retrieved from /home/airflow/.local/lib/python3.8/site-packages/airflow/example_dags/tutorial_objectstorage.py
[2026-03-09T00:30:49.375+0000] {logging_mixin.py:188} INFO - [2026-03-09T00:30:49.375+0000] {dag.py:3047} INFO - Sync 1 DAGs
[2026-03-09T00:30:49.404+0000] {logging_mixin.py:188} INFO - [2026-03-09T00:30:49.403+0000] {dag.py:3834} INFO - Setting next_dagrun for tutorial_objectstorage to None, run_after=None
[2026-03-09T00:30:49.445+0000] {processor.py:183} INFO - Processing /home/airflow/.local/lib/python3.8/site-packages/airflow/example_dags/tutorial_objectstorage.py took 0.203 seconds
[2026-03-09T00:31:20.451+0000] {processor.py:161} INFO - Started process (PID=3586) to work on /home/airflow/.local/lib/python3.8/site-packages/airflow/example_dags/tutorial_objectstorage.py
[2026-03-09T00:31:20.457+0000] {processor.py:830} INFO - Processing file /home/airflow/.local/lib/python3.8/site-packages/airflow/example_dags/tutorial_objectstorage.py for tasks to queue
[2026-03-09T00:31:20.463+0000] {logging_mixin.py:188} INFO - [2026-03-09T00:31:20.462+0000] {dagbag.py:540} INFO - Filling up the DagBag from /home/airflow/.local/lib/python3.8/site-packages/airflow/example_dags/tutorial_objectstorage.py
[2026-03-09T00:31:20.489+0000] {processor.py:840} INFO - DAG(s) 'tutorial_objectstorage' retrieved from /home/airflow/.local/lib/python3.8/site-packages/airflow/example_dags/tutorial_objectstorage.py
[2026-03-09T00:31:20.560+0000] {logging_mixin.py:188} INFO - [2026-03-09T00:31:20.560+0000] {dag.py:3047} INFO - Sync 1 DAGs
[2026-03-09T00:31:20.599+0000] {logging_mixin.py:188} INFO - [2026-03-09T00:31:20.599+0000] {dag.py:3834} INFO - Setting next_dagrun for tutorial_objectstorage to None, run_after=None
[2026-03-09T00:31:21.062+0000] {processor.py:183} INFO - Processing /home/airflow/.local/lib/python3.8/site-packages/airflow/example_dags/tutorial_objectstorage.py took 0.627 seconds
[2026-03-09T00:31:51.905+0000] {processor.py:161} INFO - Started process (PID=3641) to work on /home/airflow/.local/lib/python3.8/site-packages/airflow/example_dags/tutorial_objectstorage.py
[2026-03-09T00:31:51.908+0000] {processor.py:830} INFO - Processing file /home/airflow/.local/lib/python3.8/site-packages/airflow/example_dags/tutorial_objectstorage.py for tasks to queue
[2026-03-09T00:31:51.913+0000] {logging_mixin.py:188} INFO - [2026-03-09T00:31:51.912+0000] {dagbag.py:540} INFO - Filling up the DagBag from /home/airflow/.local/lib/python3.8/site-packages/airflow/example_dags/tutorial_objectstorage.py
[2026-03-09T00:31:51.937+0000] {processor.py:840} INFO - DAG(s) 'tutorial_objectstorage' retrieved from /home/airflow/.local/lib/python3.8/site-packages/airflow/example_dags/tutorial_objectstorage.py
[2026-03-09T00:31:52.017+0000] {logging_mixin.py:188} INFO - [2026-03-09T00:31:52.016+0000] {dag.py:3047} INFO - Sync 1 DAGs
[2026-03-09T00:31:52.067+0000] {logging_mixin.py:188} INFO - [2026-03-09T00:31:52.066+0000] {dag.py:3834} INFO - Setting next_dagrun for tutorial_objectstorage to None, run_after=None
[2026-03-09T00:31:52.148+0000] {processor.py:183} INFO - Processing /home/airflow/.local/lib/python3.8/site-packages/airflow/example_dags/tutorial_objectstorage.py took 0.254 seconds
[2026-03-09T00:32:23.493+0000] {processor.py:161} INFO - Started process (PID=3698) to work on /home/airflow/.local/lib/python3.8/site-packages/airflow/example_dags/tutorial_objectstorage.py
[2026-03-09T00:32:23.496+0000] {processor.py:830} INFO - Processing file /home/airflow/.local/lib/python3.8/site-packages/airflow/example_dags/tutorial_objectstorage.py for tasks to queue
[2026-03-09T00:32:23.501+0000] {logging_mixin.py:188} INFO - [2026-03-09T00:32:23.501+0000] {dagbag.py:540} INFO - Filling up the DagBag from /home/airflow/.local/lib/python3.8/site-packages/airflow/example_dags/tutorial_objectstorage.py
[2026-03-09T00:32:23.520+0000] {processor.py:840} INFO - DAG(s) 'tutorial_objectstorage' retrieved from /home/airflow/.local/lib/python3.8/site-packages/airflow/example_dags/tutorial_objectstorage.py
[2026-03-09T00:32:23.585+0000] {logging_mixin.py:188} INFO - [2026-03-09T00:32:23.584+0000] {dag.py:3047} INFO - Sync 1 DAGs
[2026-03-09T00:32:23.632+0000] {logging_mixin.py:188} INFO - [2026-03-09T00:32:23.631+0000] {dag.py:3834} INFO - Setting next_dagrun for tutorial_objectstorage to None, run_after=None
[2026-03-09T00:32:23.709+0000] {processor.py:183} INFO - Processing /home/airflow/.local/lib/python3.8/site-packages/airflow/example_dags/tutorial_objectstorage.py took 0.225 seconds
[2026-03-09T00:32:54.484+0000] {processor.py:161} INFO - Started process (PID=3754) to work on /home/airflow/.local/lib/python3.8/site-packages/airflow/example_dags/tutorial_objectstorage.py
[2026-03-09T00:32:54.487+0000] {processor.py:830} INFO - Processing file /home/airflow/.local/lib/python3.8/site-packages/airflow/example_dags/tutorial_objectstorage.py for tasks to queue
[2026-03-09T00:32:54.491+0000] {logging_mixin.py:188} INFO - [2026-03-09T00:32:54.490+0000] {dagbag.py:540} INFO - Filling up the DagBag from /home/airflow/.local/lib/python3.8/site-packages/airflow/example_dags/tutorial_objectstorage.py
[2026-03-09T00:32:54.507+0000] {processor.py:840} INFO - DAG(s) 'tutorial_objectstorage' retrieved from /home/airflow/.local/lib/python3.8/site-packages/airflow/example_dags/tutorial_objectstorage.py
[2026-03-09T00:32:54.574+0000] {logging_mixin.py:188} INFO - [2026-03-09T00:32:54.573+0000] {dag.py:3047} INFO - Sync 1 DAGs
[2026-03-09T00:32:54.623+0000] {logging_mixin.py:188} INFO - [2026-03-09T00:32:54.622+0000] {dag.py:3834} INFO - Setting next_dagrun for tutorial_objectstorage to None, run_after=None
[2026-03-09T00:32:54.701+0000] {processor.py:183} INFO - Processing /home/airflow/.local/lib/python3.8/site-packages/airflow/example_dags/tutorial_objectstorage.py took 0.225 seconds
[2026-03-09T00:33:26.264+0000] {processor.py:161} INFO - Started process (PID=3810) to work on /home/airflow/.local/lib/python3.8/site-packages/airflow/example_dags/tutorial_objectstorage.py
[2026-03-09T00:33:26.282+0000] {processor.py:830} INFO - Processing file /home/airflow/.local/lib/python3.8/site-packages/airflow/example_dags/tutorial_objectstorage.py for tasks to queue
[2026-03-09T00:33:26.308+0000] {logging_mixin.py:188} INFO - [2026-03-09T00:33:26.306+0000] {dagbag.py:540} INFO - Filling up the DagBag from /home/airflow/.local/lib/python3.8/site-packages/airflow/example_dags/tutorial_objectstorage.py
[2026-03-09T00:33:26.350+0000] {processor.py:840} INFO - DAG(s) 'tutorial_objectstorage' retrieved from /home/airflow/.local/lib/python3.8/site-packages/airflow/example_dags/tutorial_objectstorage.py
[2026-03-09T00:33:26.460+0000] {logging_mixin.py:188} INFO - [2026-03-09T00:33:26.459+0000] {dag.py:3047} INFO - Sync 1 DAGs
[2026-03-09T00:33:26.529+0000] {logging_mixin.py:188} INFO - [2026-03-09T00:33:26.528+0000] {dag.py:3834} INFO - Setting next_dagrun for tutorial_objectstorage to None, run_after=None
[2026-03-09T00:33:27.172+0000] {processor.py:183} INFO - Processing /home/airflow/.local/lib/python3.8/site-packages/airflow/example_dags/tutorial_objectstorage.py took 0.927 seconds
[2026-03-09T00:33:57.796+0000] {processor.py:161} INFO - Started process (PID=3866) to work on /home/airflow/.local/lib/python3.8/site-packages/airflow/example_dags/tutorial_objectstorage.py
[2026-03-09T00:33:57.810+0000] {processor.py:830} INFO - Processing file /home/airflow/.local/lib/python3.8/site-packages/airflow/example_dags/tutorial_objectstorage.py for tasks to queue
[2026-03-09T00:33:57.818+0000] {logging_mixin.py:188} INFO - [2026-03-09T00:33:57.817+0000] {dagbag.py:540} INFO - Filling up the DagBag from /home/airflow/.local/lib/python3.8/site-packages/airflow/example_dags/tutorial_objectstorage.py
[2026-03-09T00:33:57.857+0000] {processor.py:840} INFO - DAG(s) 'tutorial_objectstorage' retrieved from /home/airflow/.local/lib/python3.8/site-packages/airflow/example_dags/tutorial_objectstorage.py
[2026-03-09T00:33:58.041+0000] {logging_mixin.py:188} INFO - [2026-03-09T00:33:58.040+0000] {dag.py:3047} INFO - Sync 1 DAGs
[2026-03-09T00:33:58.109+0000] {logging_mixin.py:188} INFO - [2026-03-09T00:33:58.109+0000] {dag.py:3834} INFO - Setting next_dagrun for tutorial_objectstorage to None, run_after=None
[2026-03-09T00:33:58.327+0000] {processor.py:183} INFO - Processing /home/airflow/.local/lib/python3.8/site-packages/airflow/example_dags/tutorial_objectstorage.py took 0.554 seconds
[2026-03-09T00:34:28.525+0000] {processor.py:161} INFO - Started process (PID=3921) to work on /home/airflow/.local/lib/python3.8/site-packages/airflow/example_dags/tutorial_objectstorage.py
[2026-03-09T00:34:28.532+0000] {processor.py:830} INFO - Processing file /home/airflow/.local/lib/python3.8/site-packages/airflow/example_dags/tutorial_objectstorage.py for tasks to queue
[2026-03-09T00:34:28.539+0000] {logging_mixin.py:188} INFO - [2026-03-09T00:34:28.538+0000] {dagbag.py:540} INFO - Filling up the DagBag from /home/airflow/.local/lib/python3.8/site-packages/airflow/example_dags/tutorial_objectstorage.py
[2026-03-09T00:34:28.596+0000] {processor.py:840} INFO - DAG(s) 'tutorial_objectstorage' retrieved from /home/airflow/.local/lib/python3.8/site-packages/airflow/example_dags/tutorial_objectstorage.py
[2026-03-09T00:34:28.714+0000] {logging_mixin.py:188} INFO - [2026-03-09T00:34:28.712+0000] {dag.py:3047} INFO - Sync 1 DAGs
[2026-03-09T00:34:28.790+0000] {logging_mixin.py:188} INFO - [2026-03-09T00:34:28.789+0000] {dag.py:3834} INFO - Setting next_dagrun for tutorial_objectstorage to None, run_after=None
[2026-03-09T00:34:28.961+0000] {processor.py:183} INFO - Processing /home/airflow/.local/lib/python3.8/site-packages/airflow/example_dags/tutorial_objectstorage.py took 0.452 seconds
[2026-03-09T00:35:01.265+0000] {processor.py:161} INFO - Started process (PID=3974) to work on /home/airflow/.local/lib/python3.8/site-packages/airflow/example_dags/tutorial_objectstorage.py
[2026-03-09T00:35:01.271+0000] {processor.py:830} INFO - Processing file /home/airflow/.local/lib/python3.8/site-packages/airflow/example_dags/tutorial_objectstorage.py for tasks to queue
[2026-03-09T00:35:01.279+0000] {logging_mixin.py:188} INFO - [2026-03-09T00:35:01.278+0000] {dagbag.py:540} INFO - Filling up the DagBag from /home/airflow/.local/lib/python3.8/site-packages/airflow/example_dags/tutorial_objectstorage.py
[2026-03-09T00:35:01.319+0000] {processor.py:840} INFO - DAG(s) 'tutorial_objectstorage' retrieved from /home/airflow/.local/lib/python3.8/site-packages/airflow/example_dags/tutorial_objectstorage.py
[2026-03-09T00:35:01.803+0000] {logging_mixin.py:188} INFO - [2026-03-09T00:35:01.802+0000] {dag.py:3047} INFO - Sync 1 DAGs
[2026-03-09T00:35:01.852+0000] {logging_mixin.py:188} INFO - [2026-03-09T00:35:01.851+0000] {dag.py:3834} INFO - Setting next_dagrun for tutorial_objectstorage to None, run_after=None
[2026-03-09T00:35:01.950+0000] {processor.py:183} INFO - Processing /home/airflow/.local/lib/python3.8/site-packages/airflow/example_dags/tutorial_objectstorage.py took 0.705 seconds
[2026-03-09T00:35:32.598+0000] {processor.py:161} INFO - Started process (PID=4030) to work on /home/airflow/.local/lib/python3.8/site-packages/airflow/example_dags/tutorial_objectstorage.py
[2026-03-09T00:35:32.601+0000] {processor.py:830} INFO - Processing file /home/airflow/.local/lib/python3.8/site-packages/airflow/example_dags/tutorial_objectstorage.py for tasks to queue
[2026-03-09T00:35:32.607+0000] {logging_mixin.py:188} INFO - [2026-03-09T00:35:32.606+0000] {dagbag.py:540} INFO - Filling up the DagBag from /home/airflow/.local/lib/python3.8/site-packages/airflow/example_dags/tutorial_objectstorage.py
[2026-03-09T00:35:32.631+0000] {processor.py:840} INFO - DAG(s) 'tutorial_objectstorage' retrieved from /home/airflow/.local/lib/python3.8/site-packages/airflow/example_dags/tutorial_objectstorage.py
[2026-03-09T00:35:32.698+0000] {logging_mixin.py:188} INFO - [2026-03-09T00:35:32.697+0000] {dag.py:3047} INFO - Sync 1 DAGs
[2026-03-09T00:35:32.739+0000] {logging_mixin.py:188} INFO - [2026-03-09T00:35:32.739+0000] {dag.py:3834} INFO - Setting next_dagrun for tutorial_objectstorage to None, run_after=None
[2026-03-09T00:35:32.793+0000] {processor.py:183} INFO - Processing /home/airflow/.local/lib/python3.8/site-packages/airflow/example_dags/tutorial_objectstorage.py took 0.209 seconds
[2026-03-09T00:36:03.072+0000] {processor.py:161} INFO - Started process (PID=4086) to work on /home/airflow/.local/lib/python3.8/site-packages/airflow/example_dags/tutorial_objectstorage.py
[2026-03-09T00:36:03.076+0000] {processor.py:830} INFO - Processing file /home/airflow/.local/lib/python3.8/site-packages/airflow/example_dags/tutorial_objectstorage.py for tasks to queue
[2026-03-09T00:36:03.081+0000] {logging_mixin.py:188} INFO - [2026-03-09T00:36:03.081+0000] {dagbag.py:540} INFO - Filling up the DagBag from /home/airflow/.local/lib/python3.8/site-packages/airflow/example_dags/tutorial_objectstorage.py
[2026-03-09T00:36:03.106+0000] {processor.py:840} INFO - DAG(s) 'tutorial_objectstorage' retrieved from /home/airflow/.local/lib/python3.8/site-packages/airflow/example_dags/tutorial_objectstorage.py
[2026-03-09T00:36:03.176+0000] {logging_mixin.py:188} INFO - [2026-03-09T00:36:03.176+0000] {dag.py:3047} INFO - Sync 1 DAGs
[2026-03-09T00:36:03.209+0000] {logging_mixin.py:188} INFO - [2026-03-09T00:36:03.208+0000] {dag.py:3834} INFO - Setting next_dagrun for tutorial_objectstorage to None, run_after=None
[2026-03-09T00:36:03.264+0000] {processor.py:183} INFO - Processing /home/airflow/.local/lib/python3.8/site-packages/airflow/example_dags/tutorial_objectstorage.py took 0.204 seconds
[2026-03-09T00:36:34.232+0000] {processor.py:161} INFO - Started process (PID=4142) to work on /home/airflow/.local/lib/python3.8/site-packages/airflow/example_dags/tutorial_objectstorage.py
[2026-03-09T00:36:34.235+0000] {processor.py:830} INFO - Processing file /home/airflow/.local/lib/python3.8/site-packages/airflow/example_dags/tutorial_objectstorage.py for tasks to queue
[2026-03-09T00:36:34.241+0000] {logging_mixin.py:188} INFO - [2026-03-09T00:36:34.240+0000] {dagbag.py:540} INFO - Filling up the DagBag from /home/airflow/.local/lib/python3.8/site-packages/airflow/example_dags/tutorial_objectstorage.py
[2026-03-09T00:36:34.263+0000] {processor.py:840} INFO - DAG(s) 'tutorial_objectstorage' retrieved from /home/airflow/.local/lib/python3.8/site-packages/airflow/example_dags/tutorial_objectstorage.py
[2026-03-09T00:36:34.329+0000] {logging_mixin.py:188} INFO - [2026-03-09T00:36:34.329+0000] {dag.py:3047} INFO - Sync 1 DAGs
[2026-03-09T00:36:34.372+0000] {logging_mixin.py:188} INFO - [2026-03-09T00:36:34.371+0000] {dag.py:3834} INFO - Setting next_dagrun for tutorial_objectstorage to None, run_after=None
[2026-03-09T00:36:34.426+0000] {processor.py:183} INFO - Processing /home/airflow/.local/lib/python3.8/site-packages/airflow/example_dags/tutorial_objectstorage.py took 0.203 seconds
[2026-03-09T00:37:05.286+0000] {processor.py:161} INFO - Started process (PID=4197) to work on /home/airflow/.local/lib/python3.8/site-packages/airflow/example_dags/tutorial_objectstorage.py
[2026-03-09T00:37:05.297+0000] {processor.py:830} INFO - Processing file /home/airflow/.local/lib/python3.8/site-packages/airflow/example_dags/tutorial_objectstorage.py for tasks to queue
[2026-03-09T00:37:05.306+0000] {logging_mixin.py:188} INFO - [2026-03-09T00:37:05.305+0000] {dagbag.py:540} INFO - Filling up the DagBag from /home/airflow/.local/lib/python3.8/site-packages/airflow/example_dags/tutorial_objectstorage.py
[2026-03-09T00:37:05.362+0000] {processor.py:840} INFO - DAG(s) 'tutorial_objectstorage' retrieved from /home/airflow/.local/lib/python3.8/site-packages/airflow/example_dags/tutorial_objectstorage.py
[2026-03-09T00:37:05.485+0000] {logging_mixin.py:188} INFO - [2026-03-09T00:37:05.484+0000] {dag.py:3047} INFO - Sync 1 DAGs
[2026-03-09T00:37:05.547+0000] {logging_mixin.py:188} INFO - [2026-03-09T00:37:05.546+0000] {dag.py:3834} INFO - Setting next_dagrun for tutorial_objectstorage to None, run_after=None
[2026-03-09T00:37:05.634+0000] {processor.py:183} INFO - Processing /home/airflow/.local/lib/python3.8/site-packages/airflow/example_dags/tutorial_objectstorage.py took 0.370 seconds
[2026-03-09T00:37:36.259+0000] {processor.py:161} INFO - Started process (PID=4253) to work on /home/airflow/.local/lib/python3.8/site-packages/airflow/example_dags/tutorial_objectstorage.py
[2026-03-09T00:37:36.262+0000] {processor.py:830} INFO - Processing file /home/airflow/.local/lib/python3.8/site-packages/airflow/example_dags/tutorial_objectstorage.py for tasks to queue
[2026-03-09T00:37:36.272+0000] {logging_mixin.py:188} INFO - [2026-03-09T00:37:36.269+0000] {dagbag.py:540} INFO - Filling up the DagBag from /home/airflow/.local/lib/python3.8/site-packages/airflow/example_dags/tutorial_objectstorage.py
[2026-03-09T00:37:36.301+0000] {processor.py:840} INFO - DAG(s) 'tutorial_objectstorage' retrieved from /home/airflow/.local/lib/python3.8/site-packages/airflow/example_dags/tutorial_objectstorage.py
[2026-03-09T00:37:36.392+0000] {logging_mixin.py:188} INFO - [2026-03-09T00:37:36.392+0000] {dag.py:3047} INFO - Sync 1 DAGs
[2026-03-09T00:37:36.443+0000] {logging_mixin.py:188} INFO - [2026-03-09T00:37:36.443+0000] {dag.py:3834} INFO - Setting next_dagrun for tutorial_objectstorage to None, run_after=None
[2026-03-09T00:37:36.501+0000] {processor.py:183} INFO - Processing /home/airflow/.local/lib/python3.8/site-packages/airflow/example_dags/tutorial_objectstorage.py took 0.256 seconds
[2026-03-09T00:38:06.703+0000] {processor.py:161} INFO - Started process (PID=4310) to work on /home/airflow/.local/lib/python3.8/site-packages/airflow/example_dags/tutorial_objectstorage.py
[2026-03-09T00:38:06.707+0000] {processor.py:830} INFO - Processing file /home/airflow/.local/lib/python3.8/site-packages/airflow/example_dags/tutorial_objectstorage.py for tasks to queue
[2026-03-09T00:38:06.714+0000] {logging_mixin.py:188} INFO - [2026-03-09T00:38:06.713+0000] {dagbag.py:540} INFO - Filling up the DagBag from /home/airflow/.local/lib/python3.8/site-packages/airflow/example_dags/tutorial_objectstorage.py
[2026-03-09T00:38:06.732+0000] {processor.py:840} INFO - DAG(s) 'tutorial_objectstorage' retrieved from /home/airflow/.local/lib/python3.8/site-packages/airflow/example_dags/tutorial_objectstorage.py
[2026-03-09T00:38:06.794+0000] {logging_mixin.py:188} INFO - [2026-03-09T00:38:06.794+0000] {dag.py:3047} INFO - Sync 1 DAGs
[2026-03-09T00:38:06.841+0000] {logging_mixin.py:188} INFO - [2026-03-09T00:38:06.840+0000] {dag.py:3834} INFO - Setting next_dagrun for tutorial_objectstorage to None, run_after=None
[2026-03-09T00:38:06.900+0000] {processor.py:183} INFO - Processing /home/airflow/.local/lib/python3.8/site-packages/airflow/example_dags/tutorial_objectstorage.py took 0.209 seconds
[2026-03-09T00:38:38.667+0000] {processor.py:161} INFO - Started process (PID=4365) to work on /home/airflow/.local/lib/python3.8/site-packages/airflow/example_dags/tutorial_objectstorage.py
[2026-03-09T00:38:38.673+0000] {processor.py:830} INFO - Processing file /home/airflow/.local/lib/python3.8/site-packages/airflow/example_dags/tutorial_objectstorage.py for tasks to queue
[2026-03-09T00:38:38.682+0000] {logging_mixin.py:188} INFO - [2026-03-09T00:38:38.681+0000] {dagbag.py:540} INFO - Filling up the DagBag from /home/airflow/.local/lib/python3.8/site-packages/airflow/example_dags/tutorial_objectstorage.py
[2026-03-09T00:38:38.729+0000] {processor.py:840} INFO - DAG(s) 'tutorial_objectstorage' retrieved from /home/airflow/.local/lib/python3.8/site-packages/airflow/example_dags/tutorial_objectstorage.py
[2026-03-09T00:38:38.873+0000] {logging_mixin.py:188} INFO - [2026-03-09T00:38:38.872+0000] {dag.py:3047} INFO - Sync 1 DAGs
[2026-03-09T00:38:38.944+0000] {logging_mixin.py:188} INFO - [2026-03-09T00:38:38.943+0000] {dag.py:3834} INFO - Setting next_dagrun for tutorial_objectstorage to None, run_after=None
[2026-03-09T00:38:39.080+0000] {processor.py:183} INFO - Processing /home/airflow/.local/lib/python3.8/site-packages/airflow/example_dags/tutorial_objectstorage.py took 0.436 seconds
