[2026-03-09T00:00:03.150+0000] {processor.py:161} INFO - Started process (PID=247) to work on /home/airflow/.local/lib/python3.8/site-packages/airflow/example_dags/tutorial.py
[2026-03-09T00:00:03.159+0000] {processor.py:830} INFO - Processing file /home/airflow/.local/lib/python3.8/site-packages/airflow/example_dags/tutorial.py for tasks to queue
[2026-03-09T00:00:03.168+0000] {logging_mixin.py:188} INFO - [2026-03-09T00:00:03.167+0000] {dagbag.py:540} INFO - Filling up the DagBag from /home/airflow/.local/lib/python3.8/site-packages/airflow/example_dags/tutorial.py
[2026-03-09T00:00:03.224+0000] {processor.py:840} INFO - DAG(s) 'tutorial' retrieved from /home/airflow/.local/lib/python3.8/site-packages/airflow/example_dags/tutorial.py
[2026-03-09T00:00:03.794+0000] {logging_mixin.py:188} INFO - [2026-03-09T00:00:03.793+0000] {dag.py:3047} INFO - Sync 1 DAGs
[2026-03-09T00:00:03.911+0000] {logging_mixin.py:188} INFO - [2026-03-09T00:00:03.910+0000] {dag.py:3834} INFO - Setting next_dagrun for tutorial to 2026-03-08 00:00:00+00:00, run_after=2026-03-09 00:00:00+00:00
[2026-03-09T00:00:04.030+0000] {processor.py:183} INFO - Processing /home/airflow/.local/lib/python3.8/site-packages/airflow/example_dags/tutorial.py took 0.898 seconds
[2026-03-09T00:00:34.312+0000] {processor.py:161} INFO - Started process (PID=302) to work on /home/airflow/.local/lib/python3.8/site-packages/airflow/example_dags/tutorial.py
[2026-03-09T00:00:34.319+0000] {processor.py:830} INFO - Processing file /home/airflow/.local/lib/python3.8/site-packages/airflow/example_dags/tutorial.py for tasks to queue
[2026-03-09T00:00:34.328+0000] {logging_mixin.py:188} INFO - [2026-03-09T00:00:34.325+0000] {dagbag.py:540} INFO - Filling up the DagBag from /home/airflow/.local/lib/python3.8/site-packages/airflow/example_dags/tutorial.py
[2026-03-09T00:00:34.354+0000] {processor.py:840} INFO - DAG(s) 'tutorial' retrieved from /home/airflow/.local/lib/python3.8/site-packages/airflow/example_dags/tutorial.py
[2026-03-09T00:00:34.436+0000] {logging_mixin.py:188} INFO - [2026-03-09T00:00:34.436+0000] {dag.py:3047} INFO - Sync 1 DAGs
[2026-03-09T00:00:34.509+0000] {logging_mixin.py:188} INFO - [2026-03-09T00:00:34.508+0000] {dag.py:3834} INFO - Setting next_dagrun for tutorial to 2026-03-08 00:00:00+00:00, run_after=2026-03-09 00:00:00+00:00
[2026-03-09T00:00:34.565+0000] {processor.py:183} INFO - Processing /home/airflow/.local/lib/python3.8/site-packages/airflow/example_dags/tutorial.py took 0.269 seconds
[2026-03-09T00:01:08.489+0000] {processor.py:161} INFO - Started process (PID=357) to work on /home/airflow/.local/lib/python3.8/site-packages/airflow/example_dags/tutorial.py
[2026-03-09T00:01:08.495+0000] {processor.py:830} INFO - Processing file /home/airflow/.local/lib/python3.8/site-packages/airflow/example_dags/tutorial.py for tasks to queue
[2026-03-09T00:01:08.516+0000] {logging_mixin.py:188} INFO - [2026-03-09T00:01:08.511+0000] {dagbag.py:540} INFO - Filling up the DagBag from /home/airflow/.local/lib/python3.8/site-packages/airflow/example_dags/tutorial.py
[2026-03-09T00:01:08.556+0000] {processor.py:840} INFO - DAG(s) 'tutorial' retrieved from /home/airflow/.local/lib/python3.8/site-packages/airflow/example_dags/tutorial.py
[2026-03-09T00:01:08.683+0000] {logging_mixin.py:188} INFO - [2026-03-09T00:01:08.683+0000] {dag.py:3047} INFO - Sync 1 DAGs
[2026-03-09T00:01:08.847+0000] {logging_mixin.py:188} INFO - [2026-03-09T00:01:08.842+0000] {dag.py:3834} INFO - Setting next_dagrun for tutorial to 2026-03-08 00:00:00+00:00, run_after=2026-03-09 00:00:00+00:00
[2026-03-09T00:01:08.955+0000] {processor.py:183} INFO - Processing /home/airflow/.local/lib/python3.8/site-packages/airflow/example_dags/tutorial.py took 0.492 seconds
[2026-03-09T00:01:39.692+0000] {processor.py:161} INFO - Started process (PID=411) to work on /home/airflow/.local/lib/python3.8/site-packages/airflow/example_dags/tutorial.py
[2026-03-09T00:01:39.697+0000] {processor.py:830} INFO - Processing file /home/airflow/.local/lib/python3.8/site-packages/airflow/example_dags/tutorial.py for tasks to queue
[2026-03-09T00:01:39.704+0000] {logging_mixin.py:188} INFO - [2026-03-09T00:01:39.703+0000] {dagbag.py:540} INFO - Filling up the DagBag from /home/airflow/.local/lib/python3.8/site-packages/airflow/example_dags/tutorial.py
[2026-03-09T00:01:39.726+0000] {processor.py:840} INFO - DAG(s) 'tutorial' retrieved from /home/airflow/.local/lib/python3.8/site-packages/airflow/example_dags/tutorial.py
[2026-03-09T00:01:39.786+0000] {logging_mixin.py:188} INFO - [2026-03-09T00:01:39.786+0000] {dag.py:3047} INFO - Sync 1 DAGs
[2026-03-09T00:01:39.857+0000] {logging_mixin.py:188} INFO - [2026-03-09T00:01:39.855+0000] {dag.py:3834} INFO - Setting next_dagrun for tutorial to 2026-03-08 00:00:00+00:00, run_after=2026-03-09 00:00:00+00:00
[2026-03-09T00:01:39.923+0000] {processor.py:183} INFO - Processing /home/airflow/.local/lib/python3.8/site-packages/airflow/example_dags/tutorial.py took 0.247 seconds
[2026-03-09T00:02:10.403+0000] {processor.py:161} INFO - Started process (PID=466) to work on /home/airflow/.local/lib/python3.8/site-packages/airflow/example_dags/tutorial.py
[2026-03-09T00:02:10.410+0000] {processor.py:830} INFO - Processing file /home/airflow/.local/lib/python3.8/site-packages/airflow/example_dags/tutorial.py for tasks to queue
[2026-03-09T00:02:10.424+0000] {logging_mixin.py:188} INFO - [2026-03-09T00:02:10.422+0000] {dagbag.py:540} INFO - Filling up the DagBag from /home/airflow/.local/lib/python3.8/site-packages/airflow/example_dags/tutorial.py
[2026-03-09T00:02:10.459+0000] {processor.py:840} INFO - DAG(s) 'tutorial' retrieved from /home/airflow/.local/lib/python3.8/site-packages/airflow/example_dags/tutorial.py
[2026-03-09T00:02:10.535+0000] {logging_mixin.py:188} INFO - [2026-03-09T00:02:10.534+0000] {dag.py:3047} INFO - Sync 1 DAGs
[2026-03-09T00:02:10.607+0000] {logging_mixin.py:188} INFO - [2026-03-09T00:02:10.606+0000] {dag.py:3834} INFO - Setting next_dagrun for tutorial to 2026-03-08 00:00:00+00:00, run_after=2026-03-09 00:00:00+00:00
[2026-03-09T00:02:10.676+0000] {processor.py:183} INFO - Processing /home/airflow/.local/lib/python3.8/site-packages/airflow/example_dags/tutorial.py took 0.292 seconds
[2026-03-09T00:02:40.903+0000] {processor.py:161} INFO - Started process (PID=522) to work on /home/airflow/.local/lib/python3.8/site-packages/airflow/example_dags/tutorial.py
[2026-03-09T00:02:40.908+0000] {processor.py:830} INFO - Processing file /home/airflow/.local/lib/python3.8/site-packages/airflow/example_dags/tutorial.py for tasks to queue
[2026-03-09T00:02:40.917+0000] {logging_mixin.py:188} INFO - [2026-03-09T00:02:40.915+0000] {dagbag.py:540} INFO - Filling up the DagBag from /home/airflow/.local/lib/python3.8/site-packages/airflow/example_dags/tutorial.py
[2026-03-09T00:02:40.947+0000] {processor.py:840} INFO - DAG(s) 'tutorial' retrieved from /home/airflow/.local/lib/python3.8/site-packages/airflow/example_dags/tutorial.py
[2026-03-09T00:02:41.026+0000] {logging_mixin.py:188} INFO - [2026-03-09T00:02:41.025+0000] {dag.py:3047} INFO - Sync 1 DAGs
[2026-03-09T00:02:41.100+0000] {logging_mixin.py:188} INFO - [2026-03-09T00:02:41.098+0000] {dag.py:3834} INFO - Setting next_dagrun for tutorial to 2026-03-08 00:00:00+00:00, run_after=2026-03-09 00:00:00+00:00
[2026-03-09T00:02:41.169+0000] {processor.py:183} INFO - Processing /home/airflow/.local/lib/python3.8/site-packages/airflow/example_dags/tutorial.py took 0.283 seconds
[2026-03-09T00:03:12.948+0000] {processor.py:161} INFO - Started process (PID=577) to work on /home/airflow/.local/lib/python3.8/site-packages/airflow/example_dags/tutorial.py
[2026-03-09T00:03:12.952+0000] {processor.py:830} INFO - Processing file /home/airflow/.local/lib/python3.8/site-packages/airflow/example_dags/tutorial.py for tasks to queue
[2026-03-09T00:03:12.967+0000] {logging_mixin.py:188} INFO - [2026-03-09T00:03:12.966+0000] {dagbag.py:540} INFO - Filling up the DagBag from /home/airflow/.local/lib/python3.8/site-packages/airflow/example_dags/tutorial.py
[2026-03-09T00:03:13.006+0000] {processor.py:840} INFO - DAG(s) 'tutorial' retrieved from /home/airflow/.local/lib/python3.8/site-packages/airflow/example_dags/tutorial.py
[2026-03-09T00:03:13.149+0000] {logging_mixin.py:188} INFO - [2026-03-09T00:03:13.148+0000] {dag.py:3047} INFO - Sync 1 DAGs
[2026-03-09T00:03:13.259+0000] {logging_mixin.py:188} INFO - [2026-03-09T00:03:13.258+0000] {dag.py:3834} INFO - Setting next_dagrun for tutorial to 2026-03-08 00:00:00+00:00, run_after=2026-03-09 00:00:00+00:00
[2026-03-09T00:03:13.364+0000] {processor.py:183} INFO - Processing /home/airflow/.local/lib/python3.8/site-packages/airflow/example_dags/tutorial.py took 0.450 seconds
[2026-03-09T00:03:43.527+0000] {processor.py:161} INFO - Started process (PID=630) to work on /home/airflow/.local/lib/python3.8/site-packages/airflow/example_dags/tutorial.py
[2026-03-09T00:03:43.531+0000] {processor.py:830} INFO - Processing file /home/airflow/.local/lib/python3.8/site-packages/airflow/example_dags/tutorial.py for tasks to queue
[2026-03-09T00:03:43.539+0000] {logging_mixin.py:188} INFO - [2026-03-09T00:03:43.537+0000] {dagbag.py:540} INFO - Filling up the DagBag from /home/airflow/.local/lib/python3.8/site-packages/airflow/example_dags/tutorial.py
[2026-03-09T00:03:43.564+0000] {processor.py:840} INFO - DAG(s) 'tutorial' retrieved from /home/airflow/.local/lib/python3.8/site-packages/airflow/example_dags/tutorial.py
[2026-03-09T00:03:43.671+0000] {logging_mixin.py:188} INFO - [2026-03-09T00:03:43.670+0000] {dag.py:3047} INFO - Sync 1 DAGs
[2026-03-09T00:03:43.773+0000] {logging_mixin.py:188} INFO - [2026-03-09T00:03:43.772+0000] {dag.py:3834} INFO - Setting next_dagrun for tutorial to 2026-03-08 00:00:00+00:00, run_after=2026-03-09 00:00:00+00:00
[2026-03-09T00:03:43.836+0000] {processor.py:183} INFO - Processing /home/airflow/.local/lib/python3.8/site-packages/airflow/example_dags/tutorial.py took 0.323 seconds
[2026-03-09T00:04:14.552+0000] {processor.py:161} INFO - Started process (PID=685) to work on /home/airflow/.local/lib/python3.8/site-packages/airflow/example_dags/tutorial.py
[2026-03-09T00:04:14.556+0000] {processor.py:830} INFO - Processing file /home/airflow/.local/lib/python3.8/site-packages/airflow/example_dags/tutorial.py for tasks to queue
[2026-03-09T00:04:14.562+0000] {logging_mixin.py:188} INFO - [2026-03-09T00:04:14.561+0000] {dagbag.py:540} INFO - Filling up the DagBag from /home/airflow/.local/lib/python3.8/site-packages/airflow/example_dags/tutorial.py
[2026-03-09T00:04:14.581+0000] {processor.py:840} INFO - DAG(s) 'tutorial' retrieved from /home/airflow/.local/lib/python3.8/site-packages/airflow/example_dags/tutorial.py
[2026-03-09T00:04:14.676+0000] {logging_mixin.py:188} INFO - [2026-03-09T00:04:14.675+0000] {dag.py:3047} INFO - Sync 1 DAGs
[2026-03-09T00:04:14.770+0000] {logging_mixin.py:188} INFO - [2026-03-09T00:04:14.768+0000] {dag.py:3834} INFO - Setting next_dagrun for tutorial to 2026-03-08 00:00:00+00:00, run_after=2026-03-09 00:00:00+00:00
[2026-03-09T00:04:14.850+0000] {processor.py:183} INFO - Processing /home/airflow/.local/lib/python3.8/site-packages/airflow/example_dags/tutorial.py took 0.314 seconds
[2026-03-09T00:04:45.210+0000] {processor.py:161} INFO - Started process (PID=740) to work on /home/airflow/.local/lib/python3.8/site-packages/airflow/example_dags/tutorial.py
[2026-03-09T00:04:45.216+0000] {processor.py:830} INFO - Processing file /home/airflow/.local/lib/python3.8/site-packages/airflow/example_dags/tutorial.py for tasks to queue
[2026-03-09T00:04:45.224+0000] {logging_mixin.py:188} INFO - [2026-03-09T00:04:45.222+0000] {dagbag.py:540} INFO - Filling up the DagBag from /home/airflow/.local/lib/python3.8/site-packages/airflow/example_dags/tutorial.py
[2026-03-09T00:04:45.249+0000] {processor.py:840} INFO - DAG(s) 'tutorial' retrieved from /home/airflow/.local/lib/python3.8/site-packages/airflow/example_dags/tutorial.py
[2026-03-09T00:04:45.304+0000] {logging_mixin.py:188} INFO - [2026-03-09T00:04:45.303+0000] {dag.py:3047} INFO - Sync 1 DAGs
[2026-03-09T00:04:45.351+0000] {logging_mixin.py:188} INFO - [2026-03-09T00:04:45.351+0000] {dag.py:3834} INFO - Setting next_dagrun for tutorial to 2026-03-08 00:00:00+00:00, run_after=2026-03-09 00:00:00+00:00
[2026-03-09T00:04:45.393+0000] {processor.py:183} INFO - Processing /home/airflow/.local/lib/python3.8/site-packages/airflow/example_dags/tutorial.py took 0.196 seconds
[2026-03-09T00:05:16.244+0000] {processor.py:161} INFO - Started process (PID=795) to work on /home/airflow/.local/lib/python3.8/site-packages/airflow/example_dags/tutorial.py
[2026-03-09T00:05:16.250+0000] {processor.py:830} INFO - Processing file /home/airflow/.local/lib/python3.8/site-packages/airflow/example_dags/tutorial.py for tasks to queue
[2026-03-09T00:05:16.257+0000] {logging_mixin.py:188} INFO - [2026-03-09T00:05:16.256+0000] {dagbag.py:540} INFO - Filling up the DagBag from /home/airflow/.local/lib/python3.8/site-packages/airflow/example_dags/tutorial.py
[2026-03-09T00:05:16.273+0000] {processor.py:840} INFO - DAG(s) 'tutorial' retrieved from /home/airflow/.local/lib/python3.8/site-packages/airflow/example_dags/tutorial.py
[2026-03-09T00:05:16.321+0000] {logging_mixin.py:188} INFO - [2026-03-09T00:05:16.321+0000] {dag.py:3047} INFO - Sync 1 DAGs
[2026-03-09T00:05:16.374+0000] {logging_mixin.py:188} INFO - [2026-03-09T00:05:16.373+0000] {dag.py:3834} INFO - Setting next_dagrun for tutorial to 2026-03-08 00:00:00+00:00, run_after=2026-03-09 00:00:00+00:00
[2026-03-09T00:05:16.424+0000] {processor.py:183} INFO - Processing /home/airflow/.local/lib/python3.8/site-packages/airflow/example_dags/tutorial.py took 0.190 seconds
[2026-03-09T00:05:47.018+0000] {processor.py:161} INFO - Started process (PID=851) to work on /home/airflow/.local/lib/python3.8/site-packages/airflow/example_dags/tutorial.py
[2026-03-09T00:05:47.032+0000] {processor.py:830} INFO - Processing file /home/airflow/.local/lib/python3.8/site-packages/airflow/example_dags/tutorial.py for tasks to queue
[2026-03-09T00:05:47.059+0000] {logging_mixin.py:188} INFO - [2026-03-09T00:05:47.058+0000] {dagbag.py:540} INFO - Filling up the DagBag from /home/airflow/.local/lib/python3.8/site-packages/airflow/example_dags/tutorial.py
[2026-03-09T00:05:47.150+0000] {processor.py:840} INFO - DAG(s) 'tutorial' retrieved from /home/airflow/.local/lib/python3.8/site-packages/airflow/example_dags/tutorial.py
[2026-03-09T00:05:47.356+0000] {logging_mixin.py:188} INFO - [2026-03-09T00:05:47.355+0000] {dag.py:3047} INFO - Sync 1 DAGs
[2026-03-09T00:05:47.447+0000] {logging_mixin.py:188} INFO - [2026-03-09T00:05:47.446+0000] {dag.py:3834} INFO - Setting next_dagrun for tutorial to 2026-03-08 00:00:00+00:00, run_after=2026-03-09 00:00:00+00:00
[2026-03-09T00:05:47.540+0000] {processor.py:183} INFO - Processing /home/airflow/.local/lib/python3.8/site-packages/airflow/example_dags/tutorial.py took 0.542 seconds
[2026-03-09T00:06:18.210+0000] {processor.py:161} INFO - Started process (PID=906) to work on /home/airflow/.local/lib/python3.8/site-packages/airflow/example_dags/tutorial.py
[2026-03-09T00:06:18.215+0000] {processor.py:830} INFO - Processing file /home/airflow/.local/lib/python3.8/site-packages/airflow/example_dags/tutorial.py for tasks to queue
[2026-03-09T00:06:18.229+0000] {logging_mixin.py:188} INFO - [2026-03-09T00:06:18.226+0000] {dagbag.py:540} INFO - Filling up the DagBag from /home/airflow/.local/lib/python3.8/site-packages/airflow/example_dags/tutorial.py
[2026-03-09T00:06:18.281+0000] {processor.py:840} INFO - DAG(s) 'tutorial' retrieved from /home/airflow/.local/lib/python3.8/site-packages/airflow/example_dags/tutorial.py
[2026-03-09T00:06:18.461+0000] {logging_mixin.py:188} INFO - [2026-03-09T00:06:18.461+0000] {dag.py:3047} INFO - Sync 1 DAGs
[2026-03-09T00:06:18.576+0000] {logging_mixin.py:188} INFO - [2026-03-09T00:06:18.575+0000] {dag.py:3834} INFO - Setting next_dagrun for tutorial to 2026-03-08 00:00:00+00:00, run_after=2026-03-09 00:00:00+00:00
[2026-03-09T00:06:18.725+0000] {processor.py:183} INFO - Processing /home/airflow/.local/lib/python3.8/site-packages/airflow/example_dags/tutorial.py took 0.530 seconds
[2026-03-09T00:06:49.682+0000] {processor.py:161} INFO - Started process (PID=962) to work on /home/airflow/.local/lib/python3.8/site-packages/airflow/example_dags/tutorial.py
[2026-03-09T00:06:49.687+0000] {processor.py:830} INFO - Processing file /home/airflow/.local/lib/python3.8/site-packages/airflow/example_dags/tutorial.py for tasks to queue
[2026-03-09T00:06:49.693+0000] {logging_mixin.py:188} INFO - [2026-03-09T00:06:49.692+0000] {dagbag.py:540} INFO - Filling up the DagBag from /home/airflow/.local/lib/python3.8/site-packages/airflow/example_dags/tutorial.py
[2026-03-09T00:06:49.729+0000] {processor.py:840} INFO - DAG(s) 'tutorial' retrieved from /home/airflow/.local/lib/python3.8/site-packages/airflow/example_dags/tutorial.py
[2026-03-09T00:06:49.859+0000] {logging_mixin.py:188} INFO - [2026-03-09T00:06:49.858+0000] {dag.py:3047} INFO - Sync 1 DAGs
[2026-03-09T00:06:50.046+0000] {logging_mixin.py:188} INFO - [2026-03-09T00:06:50.043+0000] {dag.py:3834} INFO - Setting next_dagrun for tutorial to 2026-03-08 00:00:00+00:00, run_after=2026-03-09 00:00:00+00:00
[2026-03-09T00:06:50.208+0000] {processor.py:183} INFO - Processing /home/airflow/.local/lib/python3.8/site-packages/airflow/example_dags/tutorial.py took 0.556 seconds
[2026-03-09T00:07:21.121+0000] {processor.py:161} INFO - Started process (PID=1017) to work on /home/airflow/.local/lib/python3.8/site-packages/airflow/example_dags/tutorial.py
[2026-03-09T00:07:21.125+0000] {processor.py:830} INFO - Processing file /home/airflow/.local/lib/python3.8/site-packages/airflow/example_dags/tutorial.py for tasks to queue
[2026-03-09T00:07:21.131+0000] {logging_mixin.py:188} INFO - [2026-03-09T00:07:21.130+0000] {dagbag.py:540} INFO - Filling up the DagBag from /home/airflow/.local/lib/python3.8/site-packages/airflow/example_dags/tutorial.py
[2026-03-09T00:07:21.154+0000] {processor.py:840} INFO - DAG(s) 'tutorial' retrieved from /home/airflow/.local/lib/python3.8/site-packages/airflow/example_dags/tutorial.py
[2026-03-09T00:07:21.217+0000] {logging_mixin.py:188} INFO - [2026-03-09T00:07:21.217+0000] {dag.py:3047} INFO - Sync 1 DAGs
[2026-03-09T00:07:21.270+0000] {logging_mixin.py:188} INFO - [2026-03-09T00:07:21.269+0000] {dag.py:3834} INFO - Setting next_dagrun for tutorial to 2026-03-08 00:00:00+00:00, run_after=2026-03-09 00:00:00+00:00
[2026-03-09T00:07:21.326+0000] {processor.py:183} INFO - Processing /home/airflow/.local/lib/python3.8/site-packages/airflow/example_dags/tutorial.py took 0.217 seconds
[2026-03-09T00:07:51.853+0000] {processor.py:161} INFO - Started process (PID=1072) to work on /home/airflow/.local/lib/python3.8/site-packages/airflow/example_dags/tutorial.py
[2026-03-09T00:07:51.858+0000] {processor.py:830} INFO - Processing file /home/airflow/.local/lib/python3.8/site-packages/airflow/example_dags/tutorial.py for tasks to queue
[2026-03-09T00:07:51.869+0000] {logging_mixin.py:188} INFO - [2026-03-09T00:07:51.867+0000] {dagbag.py:540} INFO - Filling up the DagBag from /home/airflow/.local/lib/python3.8/site-packages/airflow/example_dags/tutorial.py
[2026-03-09T00:07:51.900+0000] {processor.py:840} INFO - DAG(s) 'tutorial' retrieved from /home/airflow/.local/lib/python3.8/site-packages/airflow/example_dags/tutorial.py
[2026-03-09T00:07:52.019+0000] {logging_mixin.py:188} INFO - [2026-03-09T00:07:52.019+0000] {dag.py:3047} INFO - Sync 1 DAGs
[2026-03-09T00:07:52.162+0000] {logging_mixin.py:188} INFO - [2026-03-09T00:07:52.161+0000] {dag.py:3834} INFO - Setting next_dagrun for tutorial to 2026-03-08 00:00:00+00:00, run_after=2026-03-09 00:00:00+00:00
[2026-03-09T00:07:52.299+0000] {processor.py:183} INFO - Processing /home/airflow/.local/lib/python3.8/site-packages/airflow/example_dags/tutorial.py took 0.473 seconds
[2026-03-09T00:08:22.699+0000] {processor.py:161} INFO - Started process (PID=1128) to work on /home/airflow/.local/lib/python3.8/site-packages/airflow/example_dags/tutorial.py
[2026-03-09T00:08:22.703+0000] {processor.py:830} INFO - Processing file /home/airflow/.local/lib/python3.8/site-packages/airflow/example_dags/tutorial.py for tasks to queue
[2026-03-09T00:08:22.713+0000] {logging_mixin.py:188} INFO - [2026-03-09T00:08:22.712+0000] {dagbag.py:540} INFO - Filling up the DagBag from /home/airflow/.local/lib/python3.8/site-packages/airflow/example_dags/tutorial.py
[2026-03-09T00:08:22.737+0000] {processor.py:840} INFO - DAG(s) 'tutorial' retrieved from /home/airflow/.local/lib/python3.8/site-packages/airflow/example_dags/tutorial.py
[2026-03-09T00:08:22.831+0000] {logging_mixin.py:188} INFO - [2026-03-09T00:08:22.830+0000] {dag.py:3047} INFO - Sync 1 DAGs
[2026-03-09T00:08:22.928+0000] {logging_mixin.py:188} INFO - [2026-03-09T00:08:22.927+0000] {dag.py:3834} INFO - Setting next_dagrun for tutorial to 2026-03-08 00:00:00+00:00, run_after=2026-03-09 00:00:00+00:00
[2026-03-09T00:08:23.022+0000] {processor.py:183} INFO - Processing /home/airflow/.local/lib/python3.8/site-packages/airflow/example_dags/tutorial.py took 0.332 seconds
[2026-03-09T00:08:53.470+0000] {processor.py:161} INFO - Started process (PID=1184) to work on /home/airflow/.local/lib/python3.8/site-packages/airflow/example_dags/tutorial.py
[2026-03-09T00:08:53.475+0000] {processor.py:830} INFO - Processing file /home/airflow/.local/lib/python3.8/site-packages/airflow/example_dags/tutorial.py for tasks to queue
[2026-03-09T00:08:53.487+0000] {logging_mixin.py:188} INFO - [2026-03-09T00:08:53.485+0000] {dagbag.py:540} INFO - Filling up the DagBag from /home/airflow/.local/lib/python3.8/site-packages/airflow/example_dags/tutorial.py
[2026-03-09T00:08:53.524+0000] {processor.py:840} INFO - DAG(s) 'tutorial' retrieved from /home/airflow/.local/lib/python3.8/site-packages/airflow/example_dags/tutorial.py
[2026-03-09T00:08:53.633+0000] {logging_mixin.py:188} INFO - [2026-03-09T00:08:53.632+0000] {dag.py:3047} INFO - Sync 1 DAGs
[2026-03-09T00:08:53.742+0000] {logging_mixin.py:188} INFO - [2026-03-09T00:08:53.740+0000] {dag.py:3834} INFO - Setting next_dagrun for tutorial to 2026-03-08 00:00:00+00:00, run_after=2026-03-09 00:00:00+00:00
[2026-03-09T00:08:53.841+0000] {processor.py:183} INFO - Processing /home/airflow/.local/lib/python3.8/site-packages/airflow/example_dags/tutorial.py took 0.392 seconds
[2026-03-09T00:09:24.022+0000] {processor.py:161} INFO - Started process (PID=1240) to work on /home/airflow/.local/lib/python3.8/site-packages/airflow/example_dags/tutorial.py
[2026-03-09T00:09:24.027+0000] {processor.py:830} INFO - Processing file /home/airflow/.local/lib/python3.8/site-packages/airflow/example_dags/tutorial.py for tasks to queue
[2026-03-09T00:09:24.033+0000] {logging_mixin.py:188} INFO - [2026-03-09T00:09:24.032+0000] {dagbag.py:540} INFO - Filling up the DagBag from /home/airflow/.local/lib/python3.8/site-packages/airflow/example_dags/tutorial.py
[2026-03-09T00:09:24.052+0000] {processor.py:840} INFO - DAG(s) 'tutorial' retrieved from /home/airflow/.local/lib/python3.8/site-packages/airflow/example_dags/tutorial.py
[2026-03-09T00:09:24.114+0000] {logging_mixin.py:188} INFO - [2026-03-09T00:09:24.113+0000] {dag.py:3047} INFO - Sync 1 DAGs
[2026-03-09T00:09:24.176+0000] {logging_mixin.py:188} INFO - [2026-03-09T00:09:24.176+0000] {dag.py:3834} INFO - Setting next_dagrun for tutorial to 2026-03-08 00:00:00+00:00, run_after=2026-03-09 00:00:00+00:00
[2026-03-09T00:09:24.244+0000] {processor.py:183} INFO - Processing /home/airflow/.local/lib/python3.8/site-packages/airflow/example_dags/tutorial.py took 0.238 seconds
[2026-03-09T00:09:55.623+0000] {processor.py:161} INFO - Started process (PID=1295) to work on /home/airflow/.local/lib/python3.8/site-packages/airflow/example_dags/tutorial.py
[2026-03-09T00:09:55.649+0000] {processor.py:830} INFO - Processing file /home/airflow/.local/lib/python3.8/site-packages/airflow/example_dags/tutorial.py for tasks to queue
[2026-03-09T00:09:55.686+0000] {logging_mixin.py:188} INFO - [2026-03-09T00:09:55.685+0000] {dagbag.py:540} INFO - Filling up the DagBag from /home/airflow/.local/lib/python3.8/site-packages/airflow/example_dags/tutorial.py
[2026-03-09T00:09:55.851+0000] {processor.py:840} INFO - DAG(s) 'tutorial' retrieved from /home/airflow/.local/lib/python3.8/site-packages/airflow/example_dags/tutorial.py
[2026-03-09T00:09:56.239+0000] {logging_mixin.py:188} INFO - [2026-03-09T00:09:56.238+0000] {dag.py:3047} INFO - Sync 1 DAGs
[2026-03-09T00:09:56.507+0000] {logging_mixin.py:188} INFO - [2026-03-09T00:09:56.494+0000] {dag.py:3834} INFO - Setting next_dagrun for tutorial to 2026-03-08 00:00:00+00:00, run_after=2026-03-09 00:00:00+00:00
[2026-03-09T00:09:56.731+0000] {processor.py:183} INFO - Processing /home/airflow/.local/lib/python3.8/site-packages/airflow/example_dags/tutorial.py took 1.166 seconds
[2026-03-09T00:10:27.387+0000] {processor.py:161} INFO - Started process (PID=1351) to work on /home/airflow/.local/lib/python3.8/site-packages/airflow/example_dags/tutorial.py
[2026-03-09T00:10:27.391+0000] {processor.py:830} INFO - Processing file /home/airflow/.local/lib/python3.8/site-packages/airflow/example_dags/tutorial.py for tasks to queue
[2026-03-09T00:10:27.400+0000] {logging_mixin.py:188} INFO - [2026-03-09T00:10:27.399+0000] {dagbag.py:540} INFO - Filling up the DagBag from /home/airflow/.local/lib/python3.8/site-packages/airflow/example_dags/tutorial.py
[2026-03-09T00:10:27.433+0000] {processor.py:840} INFO - DAG(s) 'tutorial' retrieved from /home/airflow/.local/lib/python3.8/site-packages/airflow/example_dags/tutorial.py
[2026-03-09T00:10:27.526+0000] {logging_mixin.py:188} INFO - [2026-03-09T00:10:27.525+0000] {dag.py:3047} INFO - Sync 1 DAGs
[2026-03-09T00:10:27.633+0000] {logging_mixin.py:188} INFO - [2026-03-09T00:10:27.632+0000] {dag.py:3834} INFO - Setting next_dagrun for tutorial to 2026-03-08 00:00:00+00:00, run_after=2026-03-09 00:00:00+00:00
[2026-03-09T00:10:27.709+0000] {processor.py:183} INFO - Processing /home/airflow/.local/lib/python3.8/site-packages/airflow/example_dags/tutorial.py took 0.350 seconds
[2026-03-09T00:10:58.057+0000] {processor.py:161} INFO - Started process (PID=1408) to work on /home/airflow/.local/lib/python3.8/site-packages/airflow/example_dags/tutorial.py
[2026-03-09T00:10:58.061+0000] {processor.py:830} INFO - Processing file /home/airflow/.local/lib/python3.8/site-packages/airflow/example_dags/tutorial.py for tasks to queue
[2026-03-09T00:10:58.069+0000] {logging_mixin.py:188} INFO - [2026-03-09T00:10:58.067+0000] {dagbag.py:540} INFO - Filling up the DagBag from /home/airflow/.local/lib/python3.8/site-packages/airflow/example_dags/tutorial.py
[2026-03-09T00:10:58.097+0000] {processor.py:840} INFO - DAG(s) 'tutorial' retrieved from /home/airflow/.local/lib/python3.8/site-packages/airflow/example_dags/tutorial.py
[2026-03-09T00:10:58.157+0000] {logging_mixin.py:188} INFO - [2026-03-09T00:10:58.156+0000] {dag.py:3047} INFO - Sync 1 DAGs
[2026-03-09T00:10:58.230+0000] {logging_mixin.py:188} INFO - [2026-03-09T00:10:58.229+0000] {dag.py:3834} INFO - Setting next_dagrun for tutorial to 2026-03-08 00:00:00+00:00, run_after=2026-03-09 00:00:00+00:00
[2026-03-09T00:10:58.334+0000] {processor.py:183} INFO - Processing /home/airflow/.local/lib/python3.8/site-packages/airflow/example_dags/tutorial.py took 0.300 seconds
[2026-03-09T00:11:29.230+0000] {processor.py:161} INFO - Started process (PID=1463) to work on /home/airflow/.local/lib/python3.8/site-packages/airflow/example_dags/tutorial.py
[2026-03-09T00:11:29.234+0000] {processor.py:830} INFO - Processing file /home/airflow/.local/lib/python3.8/site-packages/airflow/example_dags/tutorial.py for tasks to queue
[2026-03-09T00:11:29.241+0000] {logging_mixin.py:188} INFO - [2026-03-09T00:11:29.240+0000] {dagbag.py:540} INFO - Filling up the DagBag from /home/airflow/.local/lib/python3.8/site-packages/airflow/example_dags/tutorial.py
[2026-03-09T00:11:29.261+0000] {processor.py:840} INFO - DAG(s) 'tutorial' retrieved from /home/airflow/.local/lib/python3.8/site-packages/airflow/example_dags/tutorial.py
[2026-03-09T00:11:29.332+0000] {logging_mixin.py:188} INFO - [2026-03-09T00:11:29.332+0000] {dag.py:3047} INFO - Sync 1 DAGs
[2026-03-09T00:11:29.385+0000] {logging_mixin.py:188} INFO - [2026-03-09T00:11:29.385+0000] {dag.py:3834} INFO - Setting next_dagrun for tutorial to 2026-03-08 00:00:00+00:00, run_after=2026-03-09 00:00:00+00:00
[2026-03-09T00:11:29.445+0000] {processor.py:183} INFO - Processing /home/airflow/.local/lib/python3.8/site-packages/airflow/example_dags/tutorial.py took 0.228 seconds
[2026-03-09T00:12:00.659+0000] {processor.py:161} INFO - Started process (PID=1518) to work on /home/airflow/.local/lib/python3.8/site-packages/airflow/example_dags/tutorial.py
[2026-03-09T00:12:00.671+0000] {processor.py:830} INFO - Processing file /home/airflow/.local/lib/python3.8/site-packages/airflow/example_dags/tutorial.py for tasks to queue
[2026-03-09T00:12:00.697+0000] {logging_mixin.py:188} INFO - [2026-03-09T00:12:00.695+0000] {dagbag.py:540} INFO - Filling up the DagBag from /home/airflow/.local/lib/python3.8/site-packages/airflow/example_dags/tutorial.py
[2026-03-09T00:12:00.786+0000] {processor.py:840} INFO - DAG(s) 'tutorial' retrieved from /home/airflow/.local/lib/python3.8/site-packages/airflow/example_dags/tutorial.py
[2026-03-09T00:12:00.982+0000] {logging_mixin.py:188} INFO - [2026-03-09T00:12:00.981+0000] {dag.py:3047} INFO - Sync 1 DAGs
[2026-03-09T00:12:01.097+0000] {logging_mixin.py:188} INFO - [2026-03-09T00:12:01.097+0000] {dag.py:3834} INFO - Setting next_dagrun for tutorial to 2026-03-08 00:00:00+00:00, run_after=2026-03-09 00:00:00+00:00
[2026-03-09T00:12:01.269+0000] {processor.py:183} INFO - Processing /home/airflow/.local/lib/python3.8/site-packages/airflow/example_dags/tutorial.py took 0.647 seconds
[2026-03-09T00:12:31.849+0000] {processor.py:161} INFO - Started process (PID=1574) to work on /home/airflow/.local/lib/python3.8/site-packages/airflow/example_dags/tutorial.py
[2026-03-09T00:12:31.852+0000] {processor.py:830} INFO - Processing file /home/airflow/.local/lib/python3.8/site-packages/airflow/example_dags/tutorial.py for tasks to queue
[2026-03-09T00:12:31.856+0000] {logging_mixin.py:188} INFO - [2026-03-09T00:12:31.855+0000] {dagbag.py:540} INFO - Filling up the DagBag from /home/airflow/.local/lib/python3.8/site-packages/airflow/example_dags/tutorial.py
[2026-03-09T00:12:31.869+0000] {processor.py:840} INFO - DAG(s) 'tutorial' retrieved from /home/airflow/.local/lib/python3.8/site-packages/airflow/example_dags/tutorial.py
[2026-03-09T00:12:31.907+0000] {logging_mixin.py:188} INFO - [2026-03-09T00:12:31.907+0000] {dag.py:3047} INFO - Sync 1 DAGs
[2026-03-09T00:12:31.952+0000] {logging_mixin.py:188} INFO - [2026-03-09T00:12:31.952+0000] {dag.py:3834} INFO - Setting next_dagrun for tutorial to 2026-03-08 00:00:00+00:00, run_after=2026-03-09 00:00:00+00:00
[2026-03-09T00:12:32.003+0000] {processor.py:183} INFO - Processing /home/airflow/.local/lib/python3.8/site-packages/airflow/example_dags/tutorial.py took 0.160 seconds
[2026-03-09T00:13:02.862+0000] {processor.py:161} INFO - Started process (PID=1630) to work on /home/airflow/.local/lib/python3.8/site-packages/airflow/example_dags/tutorial.py
[2026-03-09T00:13:02.866+0000] {processor.py:830} INFO - Processing file /home/airflow/.local/lib/python3.8/site-packages/airflow/example_dags/tutorial.py for tasks to queue
[2026-03-09T00:13:02.870+0000] {logging_mixin.py:188} INFO - [2026-03-09T00:13:02.869+0000] {dagbag.py:540} INFO - Filling up the DagBag from /home/airflow/.local/lib/python3.8/site-packages/airflow/example_dags/tutorial.py
[2026-03-09T00:13:02.885+0000] {processor.py:840} INFO - DAG(s) 'tutorial' retrieved from /home/airflow/.local/lib/python3.8/site-packages/airflow/example_dags/tutorial.py
[2026-03-09T00:13:02.932+0000] {logging_mixin.py:188} INFO - [2026-03-09T00:13:02.932+0000] {dag.py:3047} INFO - Sync 1 DAGs
[2026-03-09T00:13:02.998+0000] {logging_mixin.py:188} INFO - [2026-03-09T00:13:02.997+0000] {dag.py:3834} INFO - Setting next_dagrun for tutorial to 2026-03-08 00:00:00+00:00, run_after=2026-03-09 00:00:00+00:00
[2026-03-09T00:13:03.041+0000] {processor.py:183} INFO - Processing /home/airflow/.local/lib/python3.8/site-packages/airflow/example_dags/tutorial.py took 0.188 seconds
[2026-03-09T00:13:33.505+0000] {processor.py:161} INFO - Started process (PID=1686) to work on /home/airflow/.local/lib/python3.8/site-packages/airflow/example_dags/tutorial.py
[2026-03-09T00:13:33.509+0000] {processor.py:830} INFO - Processing file /home/airflow/.local/lib/python3.8/site-packages/airflow/example_dags/tutorial.py for tasks to queue
[2026-03-09T00:13:33.517+0000] {logging_mixin.py:188} INFO - [2026-03-09T00:13:33.517+0000] {dagbag.py:540} INFO - Filling up the DagBag from /home/airflow/.local/lib/python3.8/site-packages/airflow/example_dags/tutorial.py
[2026-03-09T00:13:33.541+0000] {processor.py:840} INFO - DAG(s) 'tutorial' retrieved from /home/airflow/.local/lib/python3.8/site-packages/airflow/example_dags/tutorial.py
[2026-03-09T00:13:33.663+0000] {logging_mixin.py:188} INFO - [2026-03-09T00:13:33.662+0000] {dag.py:3047} INFO - Sync 1 DAGs
[2026-03-09T00:13:33.761+0000] {logging_mixin.py:188} INFO - [2026-03-09T00:13:33.761+0000] {dag.py:3834} INFO - Setting next_dagrun for tutorial to 2026-03-08 00:00:00+00:00, run_after=2026-03-09 00:00:00+00:00
[2026-03-09T00:13:33.817+0000] {processor.py:183} INFO - Processing /home/airflow/.local/lib/python3.8/site-packages/airflow/example_dags/tutorial.py took 0.329 seconds
[2026-03-09T00:14:05.478+0000] {processor.py:161} INFO - Started process (PID=1742) to work on /home/airflow/.local/lib/python3.8/site-packages/airflow/example_dags/tutorial.py
[2026-03-09T00:14:05.488+0000] {processor.py:830} INFO - Processing file /home/airflow/.local/lib/python3.8/site-packages/airflow/example_dags/tutorial.py for tasks to queue
[2026-03-09T00:14:05.509+0000] {logging_mixin.py:188} INFO - [2026-03-09T00:14:05.507+0000] {dagbag.py:540} INFO - Filling up the DagBag from /home/airflow/.local/lib/python3.8/site-packages/airflow/example_dags/tutorial.py
[2026-03-09T00:14:05.558+0000] {processor.py:840} INFO - DAG(s) 'tutorial' retrieved from /home/airflow/.local/lib/python3.8/site-packages/airflow/example_dags/tutorial.py
[2026-03-09T00:14:05.697+0000] {logging_mixin.py:188} INFO - [2026-03-09T00:14:05.697+0000] {dag.py:3047} INFO - Sync 1 DAGs
[2026-03-09T00:14:05.826+0000] {logging_mixin.py:188} INFO - [2026-03-09T00:14:05.826+0000] {dag.py:3834} INFO - Setting next_dagrun for tutorial to 2026-03-08 00:00:00+00:00, run_after=2026-03-09 00:00:00+00:00
[2026-03-09T00:14:05.944+0000] {processor.py:183} INFO - Processing /home/airflow/.local/lib/python3.8/site-packages/airflow/example_dags/tutorial.py took 0.496 seconds
[2026-03-09T00:14:36.480+0000] {processor.py:161} INFO - Started process (PID=1798) to work on /home/airflow/.local/lib/python3.8/site-packages/airflow/example_dags/tutorial.py
[2026-03-09T00:14:36.483+0000] {processor.py:830} INFO - Processing file /home/airflow/.local/lib/python3.8/site-packages/airflow/example_dags/tutorial.py for tasks to queue
[2026-03-09T00:14:36.487+0000] {logging_mixin.py:188} INFO - [2026-03-09T00:14:36.486+0000] {dagbag.py:540} INFO - Filling up the DagBag from /home/airflow/.local/lib/python3.8/site-packages/airflow/example_dags/tutorial.py
[2026-03-09T00:14:36.503+0000] {processor.py:840} INFO - DAG(s) 'tutorial' retrieved from /home/airflow/.local/lib/python3.8/site-packages/airflow/example_dags/tutorial.py
[2026-03-09T00:14:36.554+0000] {logging_mixin.py:188} INFO - [2026-03-09T00:14:36.554+0000] {dag.py:3047} INFO - Sync 1 DAGs
[2026-03-09T00:14:36.607+0000] {logging_mixin.py:188} INFO - [2026-03-09T00:14:36.606+0000] {dag.py:3834} INFO - Setting next_dagrun for tutorial to 2026-03-08 00:00:00+00:00, run_after=2026-03-09 00:00:00+00:00
[2026-03-09T00:14:36.653+0000] {processor.py:183} INFO - Processing /home/airflow/.local/lib/python3.8/site-packages/airflow/example_dags/tutorial.py took 0.185 seconds
[2026-03-09T00:15:07.280+0000] {processor.py:161} INFO - Started process (PID=1854) to work on /home/airflow/.local/lib/python3.8/site-packages/airflow/example_dags/tutorial.py
[2026-03-09T00:15:07.284+0000] {processor.py:830} INFO - Processing file /home/airflow/.local/lib/python3.8/site-packages/airflow/example_dags/tutorial.py for tasks to queue
[2026-03-09T00:15:07.291+0000] {logging_mixin.py:188} INFO - [2026-03-09T00:15:07.290+0000] {dagbag.py:540} INFO - Filling up the DagBag from /home/airflow/.local/lib/python3.8/site-packages/airflow/example_dags/tutorial.py
[2026-03-09T00:15:07.307+0000] {processor.py:840} INFO - DAG(s) 'tutorial' retrieved from /home/airflow/.local/lib/python3.8/site-packages/airflow/example_dags/tutorial.py
[2026-03-09T00:15:07.356+0000] {logging_mixin.py:188} INFO - [2026-03-09T00:15:07.356+0000] {dag.py:3047} INFO - Sync 1 DAGs
[2026-03-09T00:15:07.411+0000] {logging_mixin.py:188} INFO - [2026-03-09T00:15:07.410+0000] {dag.py:3834} INFO - Setting next_dagrun for tutorial to 2026-03-08 00:00:00+00:00, run_after=2026-03-09 00:00:00+00:00
[2026-03-09T00:15:07.451+0000] {processor.py:183} INFO - Processing /home/airflow/.local/lib/python3.8/site-packages/airflow/example_dags/tutorial.py took 0.193 seconds
[2026-03-09T00:15:37.657+0000] {processor.py:161} INFO - Started process (PID=1910) to work on /home/airflow/.local/lib/python3.8/site-packages/airflow/example_dags/tutorial.py
[2026-03-09T00:15:37.661+0000] {processor.py:830} INFO - Processing file /home/airflow/.local/lib/python3.8/site-packages/airflow/example_dags/tutorial.py for tasks to queue
[2026-03-09T00:15:37.668+0000] {logging_mixin.py:188} INFO - [2026-03-09T00:15:37.666+0000] {dagbag.py:540} INFO - Filling up the DagBag from /home/airflow/.local/lib/python3.8/site-packages/airflow/example_dags/tutorial.py
[2026-03-09T00:15:37.688+0000] {processor.py:840} INFO - DAG(s) 'tutorial' retrieved from /home/airflow/.local/lib/python3.8/site-packages/airflow/example_dags/tutorial.py
[2026-03-09T00:15:37.752+0000] {logging_mixin.py:188} INFO - [2026-03-09T00:15:37.752+0000] {dag.py:3047} INFO - Sync 1 DAGs
[2026-03-09T00:15:37.826+0000] {logging_mixin.py:188} INFO - [2026-03-09T00:15:37.825+0000] {dag.py:3834} INFO - Setting next_dagrun for tutorial to 2026-03-08 00:00:00+00:00, run_after=2026-03-09 00:00:00+00:00
[2026-03-09T00:15:37.888+0000] {processor.py:183} INFO - Processing /home/airflow/.local/lib/python3.8/site-packages/airflow/example_dags/tutorial.py took 0.243 seconds
[2026-03-09T00:16:09.368+0000] {processor.py:161} INFO - Started process (PID=1966) to work on /home/airflow/.local/lib/python3.8/site-packages/airflow/example_dags/tutorial.py
[2026-03-09T00:16:09.372+0000] {processor.py:830} INFO - Processing file /home/airflow/.local/lib/python3.8/site-packages/airflow/example_dags/tutorial.py for tasks to queue
[2026-03-09T00:16:09.381+0000] {logging_mixin.py:188} INFO - [2026-03-09T00:16:09.379+0000] {dagbag.py:540} INFO - Filling up the DagBag from /home/airflow/.local/lib/python3.8/site-packages/airflow/example_dags/tutorial.py
[2026-03-09T00:16:09.400+0000] {processor.py:840} INFO - DAG(s) 'tutorial' retrieved from /home/airflow/.local/lib/python3.8/site-packages/airflow/example_dags/tutorial.py
[2026-03-09T00:16:09.469+0000] {logging_mixin.py:188} INFO - [2026-03-09T00:16:09.469+0000] {dag.py:3047} INFO - Sync 1 DAGs
[2026-03-09T00:16:09.538+0000] {logging_mixin.py:188} INFO - [2026-03-09T00:16:09.538+0000] {dag.py:3834} INFO - Setting next_dagrun for tutorial to 2026-03-08 00:00:00+00:00, run_after=2026-03-09 00:00:00+00:00
[2026-03-09T00:16:09.589+0000] {processor.py:183} INFO - Processing /home/airflow/.local/lib/python3.8/site-packages/airflow/example_dags/tutorial.py took 0.232 seconds
[2026-03-09T00:16:39.993+0000] {processor.py:161} INFO - Started process (PID=2020) to work on /home/airflow/.local/lib/python3.8/site-packages/airflow/example_dags/tutorial.py
[2026-03-09T00:16:39.996+0000] {processor.py:830} INFO - Processing file /home/airflow/.local/lib/python3.8/site-packages/airflow/example_dags/tutorial.py for tasks to queue
[2026-03-09T00:16:40.003+0000] {logging_mixin.py:188} INFO - [2026-03-09T00:16:40.002+0000] {dagbag.py:540} INFO - Filling up the DagBag from /home/airflow/.local/lib/python3.8/site-packages/airflow/example_dags/tutorial.py
[2026-03-09T00:16:40.017+0000] {processor.py:840} INFO - DAG(s) 'tutorial' retrieved from /home/airflow/.local/lib/python3.8/site-packages/airflow/example_dags/tutorial.py
[2026-03-09T00:16:40.064+0000] {logging_mixin.py:188} INFO - [2026-03-09T00:16:40.063+0000] {dag.py:3047} INFO - Sync 1 DAGs
[2026-03-09T00:16:40.112+0000] {logging_mixin.py:188} INFO - [2026-03-09T00:16:40.111+0000] {dag.py:3834} INFO - Setting next_dagrun for tutorial to 2026-03-08 00:00:00+00:00, run_after=2026-03-09 00:00:00+00:00
[2026-03-09T00:16:40.166+0000] {processor.py:183} INFO - Processing /home/airflow/.local/lib/python3.8/site-packages/airflow/example_dags/tutorial.py took 0.181 seconds
[2026-03-09T00:17:10.971+0000] {processor.py:161} INFO - Started process (PID=2076) to work on /home/airflow/.local/lib/python3.8/site-packages/airflow/example_dags/tutorial.py
[2026-03-09T00:17:10.975+0000] {processor.py:830} INFO - Processing file /home/airflow/.local/lib/python3.8/site-packages/airflow/example_dags/tutorial.py for tasks to queue
[2026-03-09T00:17:10.981+0000] {logging_mixin.py:188} INFO - [2026-03-09T00:17:10.980+0000] {dagbag.py:540} INFO - Filling up the DagBag from /home/airflow/.local/lib/python3.8/site-packages/airflow/example_dags/tutorial.py
[2026-03-09T00:17:11.004+0000] {processor.py:840} INFO - DAG(s) 'tutorial' retrieved from /home/airflow/.local/lib/python3.8/site-packages/airflow/example_dags/tutorial.py
[2026-03-09T00:17:11.084+0000] {logging_mixin.py:188} INFO - [2026-03-09T00:17:11.083+0000] {dag.py:3047} INFO - Sync 1 DAGs
[2026-03-09T00:17:11.145+0000] {logging_mixin.py:188} INFO - [2026-03-09T00:17:11.144+0000] {dag.py:3834} INFO - Setting next_dagrun for tutorial to 2026-03-08 00:00:00+00:00, run_after=2026-03-09 00:00:00+00:00
[2026-03-09T00:17:11.207+0000] {processor.py:183} INFO - Processing /home/airflow/.local/lib/python3.8/site-packages/airflow/example_dags/tutorial.py took 0.254 seconds
[2026-03-09T00:17:41.636+0000] {processor.py:161} INFO - Started process (PID=2132) to work on /home/airflow/.local/lib/python3.8/site-packages/airflow/example_dags/tutorial.py
[2026-03-09T00:17:41.640+0000] {processor.py:830} INFO - Processing file /home/airflow/.local/lib/python3.8/site-packages/airflow/example_dags/tutorial.py for tasks to queue
[2026-03-09T00:17:41.646+0000] {logging_mixin.py:188} INFO - [2026-03-09T00:17:41.645+0000] {dagbag.py:540} INFO - Filling up the DagBag from /home/airflow/.local/lib/python3.8/site-packages/airflow/example_dags/tutorial.py
[2026-03-09T00:17:41.670+0000] {processor.py:840} INFO - DAG(s) 'tutorial' retrieved from /home/airflow/.local/lib/python3.8/site-packages/airflow/example_dags/tutorial.py
[2026-03-09T00:17:41.746+0000] {logging_mixin.py:188} INFO - [2026-03-09T00:17:41.744+0000] {dag.py:3047} INFO - Sync 1 DAGs
[2026-03-09T00:17:41.845+0000] {logging_mixin.py:188} INFO - [2026-03-09T00:17:41.844+0000] {dag.py:3834} INFO - Setting next_dagrun for tutorial to 2026-03-08 00:00:00+00:00, run_after=2026-03-09 00:00:00+00:00
[2026-03-09T00:17:41.979+0000] {processor.py:183} INFO - Processing /home/airflow/.local/lib/python3.8/site-packages/airflow/example_dags/tutorial.py took 0.360 seconds
[2026-03-09T00:18:12.255+0000] {processor.py:161} INFO - Started process (PID=2188) to work on /home/airflow/.local/lib/python3.8/site-packages/airflow/example_dags/tutorial.py
[2026-03-09T00:18:12.261+0000] {processor.py:830} INFO - Processing file /home/airflow/.local/lib/python3.8/site-packages/airflow/example_dags/tutorial.py for tasks to queue
[2026-03-09T00:18:12.266+0000] {logging_mixin.py:188} INFO - [2026-03-09T00:18:12.266+0000] {dagbag.py:540} INFO - Filling up the DagBag from /home/airflow/.local/lib/python3.8/site-packages/airflow/example_dags/tutorial.py
[2026-03-09T00:18:12.283+0000] {processor.py:840} INFO - DAG(s) 'tutorial' retrieved from /home/airflow/.local/lib/python3.8/site-packages/airflow/example_dags/tutorial.py
[2026-03-09T00:18:12.362+0000] {logging_mixin.py:188} INFO - [2026-03-09T00:18:12.361+0000] {dag.py:3047} INFO - Sync 1 DAGs
[2026-03-09T00:18:12.427+0000] {logging_mixin.py:188} INFO - [2026-03-09T00:18:12.427+0000] {dag.py:3834} INFO - Setting next_dagrun for tutorial to 2026-03-08 00:00:00+00:00, run_after=2026-03-09 00:00:00+00:00
[2026-03-09T00:18:12.484+0000] {processor.py:183} INFO - Processing /home/airflow/.local/lib/python3.8/site-packages/airflow/example_dags/tutorial.py took 0.247 seconds
[2026-03-09T00:18:43.035+0000] {processor.py:161} INFO - Started process (PID=2244) to work on /home/airflow/.local/lib/python3.8/site-packages/airflow/example_dags/tutorial.py
[2026-03-09T00:18:43.040+0000] {processor.py:830} INFO - Processing file /home/airflow/.local/lib/python3.8/site-packages/airflow/example_dags/tutorial.py for tasks to queue
[2026-03-09T00:18:43.051+0000] {logging_mixin.py:188} INFO - [2026-03-09T00:18:43.049+0000] {dagbag.py:540} INFO - Filling up the DagBag from /home/airflow/.local/lib/python3.8/site-packages/airflow/example_dags/tutorial.py
[2026-03-09T00:18:43.080+0000] {processor.py:840} INFO - DAG(s) 'tutorial' retrieved from /home/airflow/.local/lib/python3.8/site-packages/airflow/example_dags/tutorial.py
[2026-03-09T00:18:43.154+0000] {logging_mixin.py:188} INFO - [2026-03-09T00:18:43.154+0000] {dag.py:3047} INFO - Sync 1 DAGs
[2026-03-09T00:18:43.223+0000] {logging_mixin.py:188} INFO - [2026-03-09T00:18:43.222+0000] {dag.py:3834} INFO - Setting next_dagrun for tutorial to 2026-03-08 00:00:00+00:00, run_after=2026-03-09 00:00:00+00:00
[2026-03-09T00:18:43.285+0000] {processor.py:183} INFO - Processing /home/airflow/.local/lib/python3.8/site-packages/airflow/example_dags/tutorial.py took 0.264 seconds
[2026-03-09T00:19:14.120+0000] {processor.py:161} INFO - Started process (PID=2301) to work on /home/airflow/.local/lib/python3.8/site-packages/airflow/example_dags/tutorial.py
[2026-03-09T00:19:14.128+0000] {processor.py:830} INFO - Processing file /home/airflow/.local/lib/python3.8/site-packages/airflow/example_dags/tutorial.py for tasks to queue
[2026-03-09T00:19:14.153+0000] {logging_mixin.py:188} INFO - [2026-03-09T00:19:14.151+0000] {dagbag.py:540} INFO - Filling up the DagBag from /home/airflow/.local/lib/python3.8/site-packages/airflow/example_dags/tutorial.py
[2026-03-09T00:19:14.196+0000] {processor.py:840} INFO - DAG(s) 'tutorial' retrieved from /home/airflow/.local/lib/python3.8/site-packages/airflow/example_dags/tutorial.py
[2026-03-09T00:19:14.304+0000] {logging_mixin.py:188} INFO - [2026-03-09T00:19:14.302+0000] {dag.py:3047} INFO - Sync 1 DAGs
[2026-03-09T00:19:14.403+0000] {logging_mixin.py:188} INFO - [2026-03-09T00:19:14.402+0000] {dag.py:3834} INFO - Setting next_dagrun for tutorial to 2026-03-08 00:00:00+00:00, run_after=2026-03-09 00:00:00+00:00
[2026-03-09T00:19:14.475+0000] {processor.py:183} INFO - Processing /home/airflow/.local/lib/python3.8/site-packages/airflow/example_dags/tutorial.py took 0.375 seconds
[2026-03-09T00:19:45.397+0000] {processor.py:161} INFO - Started process (PID=2357) to work on /home/airflow/.local/lib/python3.8/site-packages/airflow/example_dags/tutorial.py
[2026-03-09T00:19:45.405+0000] {processor.py:830} INFO - Processing file /home/airflow/.local/lib/python3.8/site-packages/airflow/example_dags/tutorial.py for tasks to queue
[2026-03-09T00:19:45.418+0000] {logging_mixin.py:188} INFO - [2026-03-09T00:19:45.417+0000] {dagbag.py:540} INFO - Filling up the DagBag from /home/airflow/.local/lib/python3.8/site-packages/airflow/example_dags/tutorial.py
[2026-03-09T00:19:45.450+0000] {processor.py:840} INFO - DAG(s) 'tutorial' retrieved from /home/airflow/.local/lib/python3.8/site-packages/airflow/example_dags/tutorial.py
[2026-03-09T00:19:45.542+0000] {logging_mixin.py:188} INFO - [2026-03-09T00:19:45.542+0000] {dag.py:3047} INFO - Sync 1 DAGs
[2026-03-09T00:19:45.622+0000] {logging_mixin.py:188} INFO - [2026-03-09T00:19:45.621+0000] {dag.py:3834} INFO - Setting next_dagrun for tutorial to 2026-03-08 00:00:00+00:00, run_after=2026-03-09 00:00:00+00:00
[2026-03-09T00:19:45.683+0000] {processor.py:183} INFO - Processing /home/airflow/.local/lib/python3.8/site-packages/airflow/example_dags/tutorial.py took 0.306 seconds
[2026-03-09T00:20:16.313+0000] {processor.py:161} INFO - Started process (PID=2413) to work on /home/airflow/.local/lib/python3.8/site-packages/airflow/example_dags/tutorial.py
[2026-03-09T00:20:16.319+0000] {processor.py:830} INFO - Processing file /home/airflow/.local/lib/python3.8/site-packages/airflow/example_dags/tutorial.py for tasks to queue
[2026-03-09T00:20:16.329+0000] {logging_mixin.py:188} INFO - [2026-03-09T00:20:16.328+0000] {dagbag.py:540} INFO - Filling up the DagBag from /home/airflow/.local/lib/python3.8/site-packages/airflow/example_dags/tutorial.py
[2026-03-09T00:20:16.364+0000] {processor.py:840} INFO - DAG(s) 'tutorial' retrieved from /home/airflow/.local/lib/python3.8/site-packages/airflow/example_dags/tutorial.py
[2026-03-09T00:20:16.586+0000] {logging_mixin.py:188} INFO - [2026-03-09T00:20:16.585+0000] {dag.py:3047} INFO - Sync 1 DAGs
[2026-03-09T00:20:16.806+0000] {logging_mixin.py:188} INFO - [2026-03-09T00:20:16.806+0000] {dag.py:3834} INFO - Setting next_dagrun for tutorial to 2026-03-08 00:00:00+00:00, run_after=2026-03-09 00:00:00+00:00
[2026-03-09T00:20:16.966+0000] {processor.py:183} INFO - Processing /home/airflow/.local/lib/python3.8/site-packages/airflow/example_dags/tutorial.py took 0.680 seconds
[2026-03-09T00:20:47.344+0000] {processor.py:161} INFO - Started process (PID=2469) to work on /home/airflow/.local/lib/python3.8/site-packages/airflow/example_dags/tutorial.py
[2026-03-09T00:20:47.348+0000] {processor.py:830} INFO - Processing file /home/airflow/.local/lib/python3.8/site-packages/airflow/example_dags/tutorial.py for tasks to queue
[2026-03-09T00:20:47.353+0000] {logging_mixin.py:188} INFO - [2026-03-09T00:20:47.352+0000] {dagbag.py:540} INFO - Filling up the DagBag from /home/airflow/.local/lib/python3.8/site-packages/airflow/example_dags/tutorial.py
[2026-03-09T00:20:47.375+0000] {processor.py:840} INFO - DAG(s) 'tutorial' retrieved from /home/airflow/.local/lib/python3.8/site-packages/airflow/example_dags/tutorial.py
[2026-03-09T00:20:47.476+0000] {logging_mixin.py:188} INFO - [2026-03-09T00:20:47.475+0000] {dag.py:3047} INFO - Sync 1 DAGs
[2026-03-09T00:20:47.596+0000] {logging_mixin.py:188} INFO - [2026-03-09T00:20:47.595+0000] {dag.py:3834} INFO - Setting next_dagrun for tutorial to 2026-03-08 00:00:00+00:00, run_after=2026-03-09 00:00:00+00:00
[2026-03-09T00:20:47.658+0000] {processor.py:183} INFO - Processing /home/airflow/.local/lib/python3.8/site-packages/airflow/example_dags/tutorial.py took 0.327 seconds
[2026-03-09T00:21:18.122+0000] {processor.py:161} INFO - Started process (PID=2525) to work on /home/airflow/.local/lib/python3.8/site-packages/airflow/example_dags/tutorial.py
[2026-03-09T00:21:18.125+0000] {processor.py:830} INFO - Processing file /home/airflow/.local/lib/python3.8/site-packages/airflow/example_dags/tutorial.py for tasks to queue
[2026-03-09T00:21:18.130+0000] {logging_mixin.py:188} INFO - [2026-03-09T00:21:18.129+0000] {dagbag.py:540} INFO - Filling up the DagBag from /home/airflow/.local/lib/python3.8/site-packages/airflow/example_dags/tutorial.py
[2026-03-09T00:21:18.148+0000] {processor.py:840} INFO - DAG(s) 'tutorial' retrieved from /home/airflow/.local/lib/python3.8/site-packages/airflow/example_dags/tutorial.py
[2026-03-09T00:21:18.327+0000] {logging_mixin.py:188} INFO - [2026-03-09T00:21:18.316+0000] {dag.py:3047} INFO - Sync 1 DAGs
[2026-03-09T00:21:18.653+0000] {logging_mixin.py:188} INFO - [2026-03-09T00:21:18.653+0000] {dag.py:3834} INFO - Setting next_dagrun for tutorial to 2026-03-08 00:00:00+00:00, run_after=2026-03-09 00:00:00+00:00
[2026-03-09T00:21:18.856+0000] {processor.py:183} INFO - Processing /home/airflow/.local/lib/python3.8/site-packages/airflow/example_dags/tutorial.py took 0.746 seconds
[2026-03-09T00:21:49.318+0000] {processor.py:161} INFO - Started process (PID=2582) to work on /home/airflow/.local/lib/python3.8/site-packages/airflow/example_dags/tutorial.py
[2026-03-09T00:21:49.322+0000] {processor.py:830} INFO - Processing file /home/airflow/.local/lib/python3.8/site-packages/airflow/example_dags/tutorial.py for tasks to queue
[2026-03-09T00:21:49.328+0000] {logging_mixin.py:188} INFO - [2026-03-09T00:21:49.327+0000] {dagbag.py:540} INFO - Filling up the DagBag from /home/airflow/.local/lib/python3.8/site-packages/airflow/example_dags/tutorial.py
[2026-03-09T00:21:49.346+0000] {processor.py:840} INFO - DAG(s) 'tutorial' retrieved from /home/airflow/.local/lib/python3.8/site-packages/airflow/example_dags/tutorial.py
[2026-03-09T00:21:49.399+0000] {logging_mixin.py:188} INFO - [2026-03-09T00:21:49.398+0000] {dag.py:3047} INFO - Sync 1 DAGs
[2026-03-09T00:21:49.449+0000] {logging_mixin.py:188} INFO - [2026-03-09T00:21:49.449+0000] {dag.py:3834} INFO - Setting next_dagrun for tutorial to 2026-03-08 00:00:00+00:00, run_after=2026-03-09 00:00:00+00:00
[2026-03-09T00:21:49.498+0000] {processor.py:183} INFO - Processing /home/airflow/.local/lib/python3.8/site-packages/airflow/example_dags/tutorial.py took 0.192 seconds
[2026-03-09T00:22:24.183+0000] {processor.py:161} INFO - Started process (PID=2639) to work on /home/airflow/.local/lib/python3.8/site-packages/airflow/example_dags/tutorial.py
[2026-03-09T00:22:24.190+0000] {processor.py:830} INFO - Processing file /home/airflow/.local/lib/python3.8/site-packages/airflow/example_dags/tutorial.py for tasks to queue
[2026-03-09T00:22:24.199+0000] {logging_mixin.py:188} INFO - [2026-03-09T00:22:24.198+0000] {dagbag.py:540} INFO - Filling up the DagBag from /home/airflow/.local/lib/python3.8/site-packages/airflow/example_dags/tutorial.py
[2026-03-09T00:22:24.231+0000] {processor.py:840} INFO - DAG(s) 'tutorial' retrieved from /home/airflow/.local/lib/python3.8/site-packages/airflow/example_dags/tutorial.py
[2026-03-09T00:22:24.461+0000] {logging_mixin.py:188} INFO - [2026-03-09T00:22:24.460+0000] {dag.py:3047} INFO - Sync 1 DAGs
[2026-03-09T00:22:24.688+0000] {logging_mixin.py:188} INFO - [2026-03-09T00:22:24.687+0000] {dag.py:3834} INFO - Setting next_dagrun for tutorial to 2026-03-08 00:00:00+00:00, run_after=2026-03-09 00:00:00+00:00
[2026-03-09T00:22:24.798+0000] {processor.py:183} INFO - Processing /home/airflow/.local/lib/python3.8/site-packages/airflow/example_dags/tutorial.py took 0.637 seconds
[2026-03-09T00:22:55.425+0000] {processor.py:161} INFO - Started process (PID=2695) to work on /home/airflow/.local/lib/python3.8/site-packages/airflow/example_dags/tutorial.py
[2026-03-09T00:22:55.435+0000] {processor.py:830} INFO - Processing file /home/airflow/.local/lib/python3.8/site-packages/airflow/example_dags/tutorial.py for tasks to queue
[2026-03-09T00:22:55.448+0000] {logging_mixin.py:188} INFO - [2026-03-09T00:22:55.447+0000] {dagbag.py:540} INFO - Filling up the DagBag from /home/airflow/.local/lib/python3.8/site-packages/airflow/example_dags/tutorial.py
[2026-03-09T00:22:55.492+0000] {processor.py:840} INFO - DAG(s) 'tutorial' retrieved from /home/airflow/.local/lib/python3.8/site-packages/airflow/example_dags/tutorial.py
[2026-03-09T00:22:55.592+0000] {logging_mixin.py:188} INFO - [2026-03-09T00:22:55.591+0000] {dag.py:3047} INFO - Sync 1 DAGs
[2026-03-09T00:22:55.660+0000] {logging_mixin.py:188} INFO - [2026-03-09T00:22:55.659+0000] {dag.py:3834} INFO - Setting next_dagrun for tutorial to 2026-03-08 00:00:00+00:00, run_after=2026-03-09 00:00:00+00:00
[2026-03-09T00:22:55.734+0000] {processor.py:183} INFO - Processing /home/airflow/.local/lib/python3.8/site-packages/airflow/example_dags/tutorial.py took 0.326 seconds
[2026-03-09T00:23:26.253+0000] {processor.py:161} INFO - Started process (PID=2751) to work on /home/airflow/.local/lib/python3.8/site-packages/airflow/example_dags/tutorial.py
[2026-03-09T00:23:26.259+0000] {processor.py:830} INFO - Processing file /home/airflow/.local/lib/python3.8/site-packages/airflow/example_dags/tutorial.py for tasks to queue
[2026-03-09T00:23:26.285+0000] {logging_mixin.py:188} INFO - [2026-03-09T00:23:26.283+0000] {dagbag.py:540} INFO - Filling up the DagBag from /home/airflow/.local/lib/python3.8/site-packages/airflow/example_dags/tutorial.py
[2026-03-09T00:23:26.338+0000] {processor.py:840} INFO - DAG(s) 'tutorial' retrieved from /home/airflow/.local/lib/python3.8/site-packages/airflow/example_dags/tutorial.py
[2026-03-09T00:23:26.453+0000] {logging_mixin.py:188} INFO - [2026-03-09T00:23:26.451+0000] {dag.py:3047} INFO - Sync 1 DAGs
[2026-03-09T00:23:26.602+0000] {logging_mixin.py:188} INFO - [2026-03-09T00:23:26.600+0000] {dag.py:3834} INFO - Setting next_dagrun for tutorial to 2026-03-08 00:00:00+00:00, run_after=2026-03-09 00:00:00+00:00
[2026-03-09T00:23:26.679+0000] {processor.py:183} INFO - Processing /home/airflow/.local/lib/python3.8/site-packages/airflow/example_dags/tutorial.py took 0.456 seconds
[2026-03-09T00:23:57.560+0000] {processor.py:161} INFO - Started process (PID=2807) to work on /home/airflow/.local/lib/python3.8/site-packages/airflow/example_dags/tutorial.py
[2026-03-09T00:23:57.566+0000] {processor.py:830} INFO - Processing file /home/airflow/.local/lib/python3.8/site-packages/airflow/example_dags/tutorial.py for tasks to queue
[2026-03-09T00:23:57.576+0000] {logging_mixin.py:188} INFO - [2026-03-09T00:23:57.574+0000] {dagbag.py:540} INFO - Filling up the DagBag from /home/airflow/.local/lib/python3.8/site-packages/airflow/example_dags/tutorial.py
[2026-03-09T00:23:57.596+0000] {processor.py:840} INFO - DAG(s) 'tutorial' retrieved from /home/airflow/.local/lib/python3.8/site-packages/airflow/example_dags/tutorial.py
[2026-03-09T00:23:57.671+0000] {logging_mixin.py:188} INFO - [2026-03-09T00:23:57.670+0000] {dag.py:3047} INFO - Sync 1 DAGs
[2026-03-09T00:23:57.769+0000] {logging_mixin.py:188} INFO - [2026-03-09T00:23:57.768+0000] {dag.py:3834} INFO - Setting next_dagrun for tutorial to 2026-03-08 00:00:00+00:00, run_after=2026-03-09 00:00:00+00:00
[2026-03-09T00:23:57.844+0000] {processor.py:183} INFO - Processing /home/airflow/.local/lib/python3.8/site-packages/airflow/example_dags/tutorial.py took 0.297 seconds
[2026-03-09T00:24:28.455+0000] {processor.py:161} INFO - Started process (PID=2862) to work on /home/airflow/.local/lib/python3.8/site-packages/airflow/example_dags/tutorial.py
[2026-03-09T00:24:28.464+0000] {processor.py:830} INFO - Processing file /home/airflow/.local/lib/python3.8/site-packages/airflow/example_dags/tutorial.py for tasks to queue
[2026-03-09T00:24:28.480+0000] {logging_mixin.py:188} INFO - [2026-03-09T00:24:28.479+0000] {dagbag.py:540} INFO - Filling up the DagBag from /home/airflow/.local/lib/python3.8/site-packages/airflow/example_dags/tutorial.py
[2026-03-09T00:24:28.552+0000] {processor.py:840} INFO - DAG(s) 'tutorial' retrieved from /home/airflow/.local/lib/python3.8/site-packages/airflow/example_dags/tutorial.py
[2026-03-09T00:24:28.926+0000] {logging_mixin.py:188} INFO - [2026-03-09T00:24:28.925+0000] {dag.py:3047} INFO - Sync 1 DAGs
[2026-03-09T00:24:29.080+0000] {logging_mixin.py:188} INFO - [2026-03-09T00:24:29.079+0000] {dag.py:3834} INFO - Setting next_dagrun for tutorial to 2026-03-08 00:00:00+00:00, run_after=2026-03-09 00:00:00+00:00
[2026-03-09T00:24:29.244+0000] {processor.py:183} INFO - Processing /home/airflow/.local/lib/python3.8/site-packages/airflow/example_dags/tutorial.py took 0.832 seconds
[2026-03-09T00:24:59.653+0000] {processor.py:161} INFO - Started process (PID=2918) to work on /home/airflow/.local/lib/python3.8/site-packages/airflow/example_dags/tutorial.py
[2026-03-09T00:24:59.657+0000] {processor.py:830} INFO - Processing file /home/airflow/.local/lib/python3.8/site-packages/airflow/example_dags/tutorial.py for tasks to queue
[2026-03-09T00:24:59.665+0000] {logging_mixin.py:188} INFO - [2026-03-09T00:24:59.663+0000] {dagbag.py:540} INFO - Filling up the DagBag from /home/airflow/.local/lib/python3.8/site-packages/airflow/example_dags/tutorial.py
[2026-03-09T00:24:59.687+0000] {processor.py:840} INFO - DAG(s) 'tutorial' retrieved from /home/airflow/.local/lib/python3.8/site-packages/airflow/example_dags/tutorial.py
[2026-03-09T00:24:59.770+0000] {logging_mixin.py:188} INFO - [2026-03-09T00:24:59.770+0000] {dag.py:3047} INFO - Sync 1 DAGs
[2026-03-09T00:24:59.846+0000] {logging_mixin.py:188} INFO - [2026-03-09T00:24:59.845+0000] {dag.py:3834} INFO - Setting next_dagrun for tutorial to 2026-03-08 00:00:00+00:00, run_after=2026-03-09 00:00:00+00:00
[2026-03-09T00:24:59.899+0000] {processor.py:183} INFO - Processing /home/airflow/.local/lib/python3.8/site-packages/airflow/example_dags/tutorial.py took 0.261 seconds
[2026-03-09T00:25:31.511+0000] {processor.py:161} INFO - Started process (PID=2966) to work on /home/airflow/.local/lib/python3.8/site-packages/airflow/example_dags/tutorial.py
[2026-03-09T00:25:31.515+0000] {processor.py:830} INFO - Processing file /home/airflow/.local/lib/python3.8/site-packages/airflow/example_dags/tutorial.py for tasks to queue
[2026-03-09T00:25:31.535+0000] {logging_mixin.py:188} INFO - [2026-03-09T00:25:31.533+0000] {dagbag.py:540} INFO - Filling up the DagBag from /home/airflow/.local/lib/python3.8/site-packages/airflow/example_dags/tutorial.py
[2026-03-09T00:25:31.595+0000] {processor.py:840} INFO - DAG(s) 'tutorial' retrieved from /home/airflow/.local/lib/python3.8/site-packages/airflow/example_dags/tutorial.py
[2026-03-09T00:25:31.827+0000] {logging_mixin.py:188} INFO - [2026-03-09T00:25:31.826+0000] {dag.py:3047} INFO - Sync 1 DAGs
[2026-03-09T00:25:32.114+0000] {logging_mixin.py:188} INFO - [2026-03-09T00:25:32.113+0000] {dag.py:3834} INFO - Setting next_dagrun for tutorial to 2026-03-08 00:00:00+00:00, run_after=2026-03-09 00:00:00+00:00
[2026-03-09T00:25:32.341+0000] {processor.py:183} INFO - Processing /home/airflow/.local/lib/python3.8/site-packages/airflow/example_dags/tutorial.py took 0.851 seconds
[2026-03-09T00:26:04.464+0000] {processor.py:161} INFO - Started process (PID=3022) to work on /home/airflow/.local/lib/python3.8/site-packages/airflow/example_dags/tutorial.py
[2026-03-09T00:26:04.470+0000] {processor.py:830} INFO - Processing file /home/airflow/.local/lib/python3.8/site-packages/airflow/example_dags/tutorial.py for tasks to queue
[2026-03-09T00:26:04.478+0000] {logging_mixin.py:188} INFO - [2026-03-09T00:26:04.475+0000] {dagbag.py:540} INFO - Filling up the DagBag from /home/airflow/.local/lib/python3.8/site-packages/airflow/example_dags/tutorial.py
[2026-03-09T00:26:04.553+0000] {processor.py:840} INFO - DAG(s) 'tutorial' retrieved from /home/airflow/.local/lib/python3.8/site-packages/airflow/example_dags/tutorial.py
[2026-03-09T00:26:04.734+0000] {logging_mixin.py:188} INFO - [2026-03-09T00:26:04.733+0000] {dag.py:3047} INFO - Sync 1 DAGs
[2026-03-09T00:26:04.848+0000] {logging_mixin.py:188} INFO - [2026-03-09T00:26:04.845+0000] {dag.py:3834} INFO - Setting next_dagrun for tutorial to 2026-03-08 00:00:00+00:00, run_after=2026-03-09 00:00:00+00:00
[2026-03-09T00:26:04.964+0000] {processor.py:183} INFO - Processing /home/airflow/.local/lib/python3.8/site-packages/airflow/example_dags/tutorial.py took 0.567 seconds
[2026-03-09T00:26:35.534+0000] {processor.py:161} INFO - Started process (PID=3076) to work on /home/airflow/.local/lib/python3.8/site-packages/airflow/example_dags/tutorial.py
[2026-03-09T00:26:35.539+0000] {processor.py:830} INFO - Processing file /home/airflow/.local/lib/python3.8/site-packages/airflow/example_dags/tutorial.py for tasks to queue
[2026-03-09T00:26:35.548+0000] {logging_mixin.py:188} INFO - [2026-03-09T00:26:35.545+0000] {dagbag.py:540} INFO - Filling up the DagBag from /home/airflow/.local/lib/python3.8/site-packages/airflow/example_dags/tutorial.py
[2026-03-09T00:26:35.576+0000] {processor.py:840} INFO - DAG(s) 'tutorial' retrieved from /home/airflow/.local/lib/python3.8/site-packages/airflow/example_dags/tutorial.py
[2026-03-09T00:26:35.684+0000] {logging_mixin.py:188} INFO - [2026-03-09T00:26:35.683+0000] {dag.py:3047} INFO - Sync 1 DAGs
[2026-03-09T00:26:35.789+0000] {logging_mixin.py:188} INFO - [2026-03-09T00:26:35.788+0000] {dag.py:3834} INFO - Setting next_dagrun for tutorial to 2026-03-08 00:00:00+00:00, run_after=2026-03-09 00:00:00+00:00
[2026-03-09T00:26:35.875+0000] {processor.py:183} INFO - Processing /home/airflow/.local/lib/python3.8/site-packages/airflow/example_dags/tutorial.py took 0.355 seconds
[2026-03-09T00:27:06.227+0000] {processor.py:161} INFO - Started process (PID=3131) to work on /home/airflow/.local/lib/python3.8/site-packages/airflow/example_dags/tutorial.py
[2026-03-09T00:27:06.234+0000] {processor.py:830} INFO - Processing file /home/airflow/.local/lib/python3.8/site-packages/airflow/example_dags/tutorial.py for tasks to queue
[2026-03-09T00:27:06.244+0000] {logging_mixin.py:188} INFO - [2026-03-09T00:27:06.242+0000] {dagbag.py:540} INFO - Filling up the DagBag from /home/airflow/.local/lib/python3.8/site-packages/airflow/example_dags/tutorial.py
[2026-03-09T00:27:06.274+0000] {processor.py:840} INFO - DAG(s) 'tutorial' retrieved from /home/airflow/.local/lib/python3.8/site-packages/airflow/example_dags/tutorial.py
[2026-03-09T00:27:06.392+0000] {logging_mixin.py:188} INFO - [2026-03-09T00:27:06.391+0000] {dag.py:3047} INFO - Sync 1 DAGs
[2026-03-09T00:27:06.517+0000] {logging_mixin.py:188} INFO - [2026-03-09T00:27:06.516+0000] {dag.py:3834} INFO - Setting next_dagrun for tutorial to 2026-03-08 00:00:00+00:00, run_after=2026-03-09 00:00:00+00:00
[2026-03-09T00:27:06.559+0000] {processor.py:183} INFO - Processing /home/airflow/.local/lib/python3.8/site-packages/airflow/example_dags/tutorial.py took 0.348 seconds
[2026-03-09T00:27:36.832+0000] {processor.py:161} INFO - Started process (PID=3187) to work on /home/airflow/.local/lib/python3.8/site-packages/airflow/example_dags/tutorial.py
[2026-03-09T00:27:36.842+0000] {processor.py:830} INFO - Processing file /home/airflow/.local/lib/python3.8/site-packages/airflow/example_dags/tutorial.py for tasks to queue
[2026-03-09T00:27:36.863+0000] {logging_mixin.py:188} INFO - [2026-03-09T00:27:36.860+0000] {dagbag.py:540} INFO - Filling up the DagBag from /home/airflow/.local/lib/python3.8/site-packages/airflow/example_dags/tutorial.py
[2026-03-09T00:27:36.904+0000] {processor.py:840} INFO - DAG(s) 'tutorial' retrieved from /home/airflow/.local/lib/python3.8/site-packages/airflow/example_dags/tutorial.py
[2026-03-09T00:27:37.010+0000] {logging_mixin.py:188} INFO - [2026-03-09T00:27:37.009+0000] {dag.py:3047} INFO - Sync 1 DAGs
[2026-03-09T00:27:37.128+0000] {logging_mixin.py:188} INFO - [2026-03-09T00:27:37.128+0000] {dag.py:3834} INFO - Setting next_dagrun for tutorial to 2026-03-08 00:00:00+00:00, run_after=2026-03-09 00:00:00+00:00
[2026-03-09T00:27:37.174+0000] {processor.py:183} INFO - Processing /home/airflow/.local/lib/python3.8/site-packages/airflow/example_dags/tutorial.py took 0.365 seconds
[2026-03-09T00:28:07.380+0000] {processor.py:161} INFO - Started process (PID=3243) to work on /home/airflow/.local/lib/python3.8/site-packages/airflow/example_dags/tutorial.py
[2026-03-09T00:28:07.383+0000] {processor.py:830} INFO - Processing file /home/airflow/.local/lib/python3.8/site-packages/airflow/example_dags/tutorial.py for tasks to queue
[2026-03-09T00:28:07.390+0000] {logging_mixin.py:188} INFO - [2026-03-09T00:28:07.389+0000] {dagbag.py:540} INFO - Filling up the DagBag from /home/airflow/.local/lib/python3.8/site-packages/airflow/example_dags/tutorial.py
[2026-03-09T00:28:07.414+0000] {processor.py:840} INFO - DAG(s) 'tutorial' retrieved from /home/airflow/.local/lib/python3.8/site-packages/airflow/example_dags/tutorial.py
[2026-03-09T00:28:07.468+0000] {logging_mixin.py:188} INFO - [2026-03-09T00:28:07.467+0000] {dag.py:3047} INFO - Sync 1 DAGs
[2026-03-09T00:28:07.519+0000] {logging_mixin.py:188} INFO - [2026-03-09T00:28:07.519+0000] {dag.py:3834} INFO - Setting next_dagrun for tutorial to 2026-03-08 00:00:00+00:00, run_after=2026-03-09 00:00:00+00:00
[2026-03-09T00:28:07.565+0000] {processor.py:183} INFO - Processing /home/airflow/.local/lib/python3.8/site-packages/airflow/example_dags/tutorial.py took 0.196 seconds
[2026-03-09T00:28:38.041+0000] {processor.py:161} INFO - Started process (PID=3299) to work on /home/airflow/.local/lib/python3.8/site-packages/airflow/example_dags/tutorial.py
[2026-03-09T00:28:38.047+0000] {processor.py:830} INFO - Processing file /home/airflow/.local/lib/python3.8/site-packages/airflow/example_dags/tutorial.py for tasks to queue
[2026-03-09T00:28:38.057+0000] {logging_mixin.py:188} INFO - [2026-03-09T00:28:38.056+0000] {dagbag.py:540} INFO - Filling up the DagBag from /home/airflow/.local/lib/python3.8/site-packages/airflow/example_dags/tutorial.py
[2026-03-09T00:28:38.099+0000] {processor.py:840} INFO - DAG(s) 'tutorial' retrieved from /home/airflow/.local/lib/python3.8/site-packages/airflow/example_dags/tutorial.py
[2026-03-09T00:28:38.179+0000] {logging_mixin.py:188} INFO - [2026-03-09T00:28:38.178+0000] {dag.py:3047} INFO - Sync 1 DAGs
[2026-03-09T00:28:38.267+0000] {logging_mixin.py:188} INFO - [2026-03-09T00:28:38.266+0000] {dag.py:3834} INFO - Setting next_dagrun for tutorial to 2026-03-08 00:00:00+00:00, run_after=2026-03-09 00:00:00+00:00
[2026-03-09T00:28:38.332+0000] {processor.py:183} INFO - Processing /home/airflow/.local/lib/python3.8/site-packages/airflow/example_dags/tutorial.py took 0.306 seconds
[2026-03-09T00:29:08.654+0000] {processor.py:161} INFO - Started process (PID=3355) to work on /home/airflow/.local/lib/python3.8/site-packages/airflow/example_dags/tutorial.py
[2026-03-09T00:29:08.658+0000] {processor.py:830} INFO - Processing file /home/airflow/.local/lib/python3.8/site-packages/airflow/example_dags/tutorial.py for tasks to queue
[2026-03-09T00:29:08.670+0000] {logging_mixin.py:188} INFO - [2026-03-09T00:29:08.669+0000] {dagbag.py:540} INFO - Filling up the DagBag from /home/airflow/.local/lib/python3.8/site-packages/airflow/example_dags/tutorial.py
[2026-03-09T00:29:08.721+0000] {processor.py:840} INFO - DAG(s) 'tutorial' retrieved from /home/airflow/.local/lib/python3.8/site-packages/airflow/example_dags/tutorial.py
[2026-03-09T00:29:08.887+0000] {logging_mixin.py:188} INFO - [2026-03-09T00:29:08.881+0000] {dag.py:3047} INFO - Sync 1 DAGs
[2026-03-09T00:29:09.094+0000] {logging_mixin.py:188} INFO - [2026-03-09T00:29:09.093+0000] {dag.py:3834} INFO - Setting next_dagrun for tutorial to 2026-03-08 00:00:00+00:00, run_after=2026-03-09 00:00:00+00:00
[2026-03-09T00:29:09.215+0000] {processor.py:183} INFO - Processing /home/airflow/.local/lib/python3.8/site-packages/airflow/example_dags/tutorial.py took 0.585 seconds
[2026-03-09T00:29:39.962+0000] {processor.py:161} INFO - Started process (PID=3411) to work on /home/airflow/.local/lib/python3.8/site-packages/airflow/example_dags/tutorial.py
[2026-03-09T00:29:39.970+0000] {processor.py:830} INFO - Processing file /home/airflow/.local/lib/python3.8/site-packages/airflow/example_dags/tutorial.py for tasks to queue
[2026-03-09T00:29:39.987+0000] {logging_mixin.py:188} INFO - [2026-03-09T00:29:39.983+0000] {dagbag.py:540} INFO - Filling up the DagBag from /home/airflow/.local/lib/python3.8/site-packages/airflow/example_dags/tutorial.py
[2026-03-09T00:29:40.039+0000] {processor.py:840} INFO - DAG(s) 'tutorial' retrieved from /home/airflow/.local/lib/python3.8/site-packages/airflow/example_dags/tutorial.py
[2026-03-09T00:29:40.116+0000] {logging_mixin.py:188} INFO - [2026-03-09T00:29:40.116+0000] {dag.py:3047} INFO - Sync 1 DAGs
[2026-03-09T00:29:40.177+0000] {logging_mixin.py:188} INFO - [2026-03-09T00:29:40.177+0000] {dag.py:3834} INFO - Setting next_dagrun for tutorial to 2026-03-08 00:00:00+00:00, run_after=2026-03-09 00:00:00+00:00
[2026-03-09T00:29:40.236+0000] {processor.py:183} INFO - Processing /home/airflow/.local/lib/python3.8/site-packages/airflow/example_dags/tutorial.py took 0.300 seconds
[2026-03-09T00:30:10.500+0000] {processor.py:161} INFO - Started process (PID=3467) to work on /home/airflow/.local/lib/python3.8/site-packages/airflow/example_dags/tutorial.py
[2026-03-09T00:30:10.503+0000] {processor.py:830} INFO - Processing file /home/airflow/.local/lib/python3.8/site-packages/airflow/example_dags/tutorial.py for tasks to queue
[2026-03-09T00:30:10.508+0000] {logging_mixin.py:188} INFO - [2026-03-09T00:30:10.507+0000] {dagbag.py:540} INFO - Filling up the DagBag from /home/airflow/.local/lib/python3.8/site-packages/airflow/example_dags/tutorial.py
[2026-03-09T00:30:10.521+0000] {processor.py:840} INFO - DAG(s) 'tutorial' retrieved from /home/airflow/.local/lib/python3.8/site-packages/airflow/example_dags/tutorial.py
[2026-03-09T00:30:10.574+0000] {logging_mixin.py:188} INFO - [2026-03-09T00:30:10.573+0000] {dag.py:3047} INFO - Sync 1 DAGs
[2026-03-09T00:30:10.626+0000] {logging_mixin.py:188} INFO - [2026-03-09T00:30:10.625+0000] {dag.py:3834} INFO - Setting next_dagrun for tutorial to 2026-03-08 00:00:00+00:00, run_after=2026-03-09 00:00:00+00:00
[2026-03-09T00:30:10.685+0000] {processor.py:183} INFO - Processing /home/airflow/.local/lib/python3.8/site-packages/airflow/example_dags/tutorial.py took 0.192 seconds
[2026-03-09T00:30:42.304+0000] {processor.py:161} INFO - Started process (PID=3523) to work on /home/airflow/.local/lib/python3.8/site-packages/airflow/example_dags/tutorial.py
[2026-03-09T00:30:42.309+0000] {processor.py:830} INFO - Processing file /home/airflow/.local/lib/python3.8/site-packages/airflow/example_dags/tutorial.py for tasks to queue
[2026-03-09T00:30:42.318+0000] {logging_mixin.py:188} INFO - [2026-03-09T00:30:42.316+0000] {dagbag.py:540} INFO - Filling up the DagBag from /home/airflow/.local/lib/python3.8/site-packages/airflow/example_dags/tutorial.py
[2026-03-09T00:30:42.343+0000] {processor.py:840} INFO - DAG(s) 'tutorial' retrieved from /home/airflow/.local/lib/python3.8/site-packages/airflow/example_dags/tutorial.py
[2026-03-09T00:30:42.491+0000] {logging_mixin.py:188} INFO - [2026-03-09T00:30:42.490+0000] {dag.py:3047} INFO - Sync 1 DAGs
[2026-03-09T00:30:42.698+0000] {logging_mixin.py:188} INFO - [2026-03-09T00:30:42.697+0000] {dag.py:3834} INFO - Setting next_dagrun for tutorial to 2026-03-08 00:00:00+00:00, run_after=2026-03-09 00:00:00+00:00
[2026-03-09T00:30:42.846+0000] {processor.py:183} INFO - Processing /home/airflow/.local/lib/python3.8/site-packages/airflow/example_dags/tutorial.py took 0.557 seconds
[2026-03-09T00:31:13.131+0000] {processor.py:161} INFO - Started process (PID=3577) to work on /home/airflow/.local/lib/python3.8/site-packages/airflow/example_dags/tutorial.py
[2026-03-09T00:31:13.134+0000] {processor.py:830} INFO - Processing file /home/airflow/.local/lib/python3.8/site-packages/airflow/example_dags/tutorial.py for tasks to queue
[2026-03-09T00:31:13.140+0000] {logging_mixin.py:188} INFO - [2026-03-09T00:31:13.139+0000] {dagbag.py:540} INFO - Filling up the DagBag from /home/airflow/.local/lib/python3.8/site-packages/airflow/example_dags/tutorial.py
[2026-03-09T00:31:13.159+0000] {processor.py:840} INFO - DAG(s) 'tutorial' retrieved from /home/airflow/.local/lib/python3.8/site-packages/airflow/example_dags/tutorial.py
[2026-03-09T00:31:13.212+0000] {logging_mixin.py:188} INFO - [2026-03-09T00:31:13.211+0000] {dag.py:3047} INFO - Sync 1 DAGs
[2026-03-09T00:31:13.251+0000] {logging_mixin.py:188} INFO - [2026-03-09T00:31:13.250+0000] {dag.py:3834} INFO - Setting next_dagrun for tutorial to 2026-03-08 00:00:00+00:00, run_after=2026-03-09 00:00:00+00:00
[2026-03-09T00:31:13.581+0000] {processor.py:183} INFO - Processing /home/airflow/.local/lib/python3.8/site-packages/airflow/example_dags/tutorial.py took 0.461 seconds
[2026-03-09T00:31:44.272+0000] {processor.py:161} INFO - Started process (PID=3632) to work on /home/airflow/.local/lib/python3.8/site-packages/airflow/example_dags/tutorial.py
[2026-03-09T00:31:44.278+0000] {processor.py:830} INFO - Processing file /home/airflow/.local/lib/python3.8/site-packages/airflow/example_dags/tutorial.py for tasks to queue
[2026-03-09T00:31:44.293+0000] {logging_mixin.py:188} INFO - [2026-03-09T00:31:44.291+0000] {dagbag.py:540} INFO - Filling up the DagBag from /home/airflow/.local/lib/python3.8/site-packages/airflow/example_dags/tutorial.py
[2026-03-09T00:31:44.336+0000] {processor.py:840} INFO - DAG(s) 'tutorial' retrieved from /home/airflow/.local/lib/python3.8/site-packages/airflow/example_dags/tutorial.py
[2026-03-09T00:31:44.448+0000] {logging_mixin.py:188} INFO - [2026-03-09T00:31:44.446+0000] {dag.py:3047} INFO - Sync 1 DAGs
[2026-03-09T00:31:44.580+0000] {logging_mixin.py:188} INFO - [2026-03-09T00:31:44.579+0000] {dag.py:3834} INFO - Setting next_dagrun for tutorial to 2026-03-08 00:00:00+00:00, run_after=2026-03-09 00:00:00+00:00
[2026-03-09T00:31:44.691+0000] {processor.py:183} INFO - Processing /home/airflow/.local/lib/python3.8/site-packages/airflow/example_dags/tutorial.py took 0.441 seconds
[2026-03-09T00:32:14.951+0000] {processor.py:161} INFO - Started process (PID=3688) to work on /home/airflow/.local/lib/python3.8/site-packages/airflow/example_dags/tutorial.py
[2026-03-09T00:32:14.954+0000] {processor.py:830} INFO - Processing file /home/airflow/.local/lib/python3.8/site-packages/airflow/example_dags/tutorial.py for tasks to queue
[2026-03-09T00:32:14.961+0000] {logging_mixin.py:188} INFO - [2026-03-09T00:32:14.960+0000] {dagbag.py:540} INFO - Filling up the DagBag from /home/airflow/.local/lib/python3.8/site-packages/airflow/example_dags/tutorial.py
[2026-03-09T00:32:14.978+0000] {processor.py:840} INFO - DAG(s) 'tutorial' retrieved from /home/airflow/.local/lib/python3.8/site-packages/airflow/example_dags/tutorial.py
[2026-03-09T00:32:15.035+0000] {logging_mixin.py:188} INFO - [2026-03-09T00:32:15.034+0000] {dag.py:3047} INFO - Sync 1 DAGs
[2026-03-09T00:32:15.106+0000] {logging_mixin.py:188} INFO - [2026-03-09T00:32:15.105+0000] {dag.py:3834} INFO - Setting next_dagrun for tutorial to 2026-03-08 00:00:00+00:00, run_after=2026-03-09 00:00:00+00:00
[2026-03-09T00:32:15.161+0000] {processor.py:183} INFO - Processing /home/airflow/.local/lib/python3.8/site-packages/airflow/example_dags/tutorial.py took 0.220 seconds
[2026-03-09T00:32:45.638+0000] {processor.py:161} INFO - Started process (PID=3742) to work on /home/airflow/.local/lib/python3.8/site-packages/airflow/example_dags/tutorial.py
[2026-03-09T00:32:45.653+0000] {processor.py:830} INFO - Processing file /home/airflow/.local/lib/python3.8/site-packages/airflow/example_dags/tutorial.py for tasks to queue
[2026-03-09T00:32:45.669+0000] {logging_mixin.py:188} INFO - [2026-03-09T00:32:45.664+0000] {dagbag.py:540} INFO - Filling up the DagBag from /home/airflow/.local/lib/python3.8/site-packages/airflow/example_dags/tutorial.py
[2026-03-09T00:32:45.716+0000] {processor.py:840} INFO - DAG(s) 'tutorial' retrieved from /home/airflow/.local/lib/python3.8/site-packages/airflow/example_dags/tutorial.py
[2026-03-09T00:32:45.874+0000] {logging_mixin.py:188} INFO - [2026-03-09T00:32:45.871+0000] {dag.py:3047} INFO - Sync 1 DAGs
[2026-03-09T00:32:46.834+0000] {logging_mixin.py:188} INFO - [2026-03-09T00:32:46.829+0000] {dag.py:3834} INFO - Setting next_dagrun for tutorial to 2026-03-08 00:00:00+00:00, run_after=2026-03-09 00:00:00+00:00
[2026-03-09T00:32:46.976+0000] {processor.py:183} INFO - Processing /home/airflow/.local/lib/python3.8/site-packages/airflow/example_dags/tutorial.py took 1.361 seconds
[2026-03-09T00:33:17.479+0000] {processor.py:161} INFO - Started process (PID=3798) to work on /home/airflow/.local/lib/python3.8/site-packages/airflow/example_dags/tutorial.py
[2026-03-09T00:33:17.483+0000] {processor.py:830} INFO - Processing file /home/airflow/.local/lib/python3.8/site-packages/airflow/example_dags/tutorial.py for tasks to queue
[2026-03-09T00:33:17.489+0000] {logging_mixin.py:188} INFO - [2026-03-09T00:33:17.488+0000] {dagbag.py:540} INFO - Filling up the DagBag from /home/airflow/.local/lib/python3.8/site-packages/airflow/example_dags/tutorial.py
[2026-03-09T00:33:17.511+0000] {processor.py:840} INFO - DAG(s) 'tutorial' retrieved from /home/airflow/.local/lib/python3.8/site-packages/airflow/example_dags/tutorial.py
[2026-03-09T00:33:17.597+0000] {logging_mixin.py:188} INFO - [2026-03-09T00:33:17.596+0000] {dag.py:3047} INFO - Sync 1 DAGs
[2026-03-09T00:33:17.729+0000] {logging_mixin.py:188} INFO - [2026-03-09T00:33:17.726+0000] {dag.py:3834} INFO - Setting next_dagrun for tutorial to 2026-03-08 00:00:00+00:00, run_after=2026-03-09 00:00:00+00:00
[2026-03-09T00:33:17.848+0000] {processor.py:183} INFO - Processing /home/airflow/.local/lib/python3.8/site-packages/airflow/example_dags/tutorial.py took 0.382 seconds
[2026-03-09T00:33:48.230+0000] {processor.py:161} INFO - Started process (PID=3854) to work on /home/airflow/.local/lib/python3.8/site-packages/airflow/example_dags/tutorial.py
[2026-03-09T00:33:48.235+0000] {processor.py:830} INFO - Processing file /home/airflow/.local/lib/python3.8/site-packages/airflow/example_dags/tutorial.py for tasks to queue
[2026-03-09T00:33:48.244+0000] {logging_mixin.py:188} INFO - [2026-03-09T00:33:48.242+0000] {dagbag.py:540} INFO - Filling up the DagBag from /home/airflow/.local/lib/python3.8/site-packages/airflow/example_dags/tutorial.py
[2026-03-09T00:33:48.306+0000] {processor.py:840} INFO - DAG(s) 'tutorial' retrieved from /home/airflow/.local/lib/python3.8/site-packages/airflow/example_dags/tutorial.py
[2026-03-09T00:33:48.483+0000] {logging_mixin.py:188} INFO - [2026-03-09T00:33:48.482+0000] {dag.py:3047} INFO - Sync 1 DAGs
[2026-03-09T00:33:48.616+0000] {logging_mixin.py:188} INFO - [2026-03-09T00:33:48.615+0000] {dag.py:3834} INFO - Setting next_dagrun for tutorial to 2026-03-08 00:00:00+00:00, run_after=2026-03-09 00:00:00+00:00
[2026-03-09T00:33:48.750+0000] {processor.py:183} INFO - Processing /home/airflow/.local/lib/python3.8/site-packages/airflow/example_dags/tutorial.py took 0.534 seconds
[2026-03-09T00:34:21.041+0000] {processor.py:161} INFO - Started process (PID=3909) to work on /home/airflow/.local/lib/python3.8/site-packages/airflow/example_dags/tutorial.py
[2026-03-09T00:34:21.048+0000] {processor.py:830} INFO - Processing file /home/airflow/.local/lib/python3.8/site-packages/airflow/example_dags/tutorial.py for tasks to queue
[2026-03-09T00:34:21.056+0000] {logging_mixin.py:188} INFO - [2026-03-09T00:34:21.055+0000] {dagbag.py:540} INFO - Filling up the DagBag from /home/airflow/.local/lib/python3.8/site-packages/airflow/example_dags/tutorial.py
[2026-03-09T00:34:21.081+0000] {processor.py:840} INFO - DAG(s) 'tutorial' retrieved from /home/airflow/.local/lib/python3.8/site-packages/airflow/example_dags/tutorial.py
[2026-03-09T00:34:21.169+0000] {logging_mixin.py:188} INFO - [2026-03-09T00:34:21.168+0000] {dag.py:3047} INFO - Sync 1 DAGs
[2026-03-09T00:34:21.243+0000] {logging_mixin.py:188} INFO - [2026-03-09T00:34:21.242+0000] {dag.py:3834} INFO - Setting next_dagrun for tutorial to 2026-03-08 00:00:00+00:00, run_after=2026-03-09 00:00:00+00:00
[2026-03-09T00:34:21.343+0000] {processor.py:183} INFO - Processing /home/airflow/.local/lib/python3.8/site-packages/airflow/example_dags/tutorial.py took 0.316 seconds
[2026-03-09T00:34:54.161+0000] {processor.py:161} INFO - Started process (PID=3964) to work on /home/airflow/.local/lib/python3.8/site-packages/airflow/example_dags/tutorial.py
[2026-03-09T00:34:54.165+0000] {processor.py:830} INFO - Processing file /home/airflow/.local/lib/python3.8/site-packages/airflow/example_dags/tutorial.py for tasks to queue
[2026-03-09T00:34:54.173+0000] {logging_mixin.py:188} INFO - [2026-03-09T00:34:54.172+0000] {dagbag.py:540} INFO - Filling up the DagBag from /home/airflow/.local/lib/python3.8/site-packages/airflow/example_dags/tutorial.py
[2026-03-09T00:34:54.201+0000] {processor.py:840} INFO - DAG(s) 'tutorial' retrieved from /home/airflow/.local/lib/python3.8/site-packages/airflow/example_dags/tutorial.py
[2026-03-09T00:34:54.791+0000] {logging_mixin.py:188} INFO - [2026-03-09T00:34:54.789+0000] {dag.py:3047} INFO - Sync 1 DAGs
[2026-03-09T00:34:54.898+0000] {logging_mixin.py:188} INFO - [2026-03-09T00:34:54.897+0000] {dag.py:3834} INFO - Setting next_dagrun for tutorial to 2026-03-08 00:00:00+00:00, run_after=2026-03-09 00:00:00+00:00
[2026-03-09T00:34:55.000+0000] {processor.py:183} INFO - Processing /home/airflow/.local/lib/python3.8/site-packages/airflow/example_dags/tutorial.py took 0.857 seconds
[2026-03-09T00:35:25.180+0000] {processor.py:161} INFO - Started process (PID=4019) to work on /home/airflow/.local/lib/python3.8/site-packages/airflow/example_dags/tutorial.py
[2026-03-09T00:35:25.184+0000] {processor.py:830} INFO - Processing file /home/airflow/.local/lib/python3.8/site-packages/airflow/example_dags/tutorial.py for tasks to queue
[2026-03-09T00:35:25.191+0000] {logging_mixin.py:188} INFO - [2026-03-09T00:35:25.189+0000] {dagbag.py:540} INFO - Filling up the DagBag from /home/airflow/.local/lib/python3.8/site-packages/airflow/example_dags/tutorial.py
[2026-03-09T00:35:25.218+0000] {processor.py:840} INFO - DAG(s) 'tutorial' retrieved from /home/airflow/.local/lib/python3.8/site-packages/airflow/example_dags/tutorial.py
[2026-03-09T00:35:25.301+0000] {logging_mixin.py:188} INFO - [2026-03-09T00:35:25.300+0000] {dag.py:3047} INFO - Sync 1 DAGs
[2026-03-09T00:35:25.367+0000] {logging_mixin.py:188} INFO - [2026-03-09T00:35:25.364+0000] {dag.py:3834} INFO - Setting next_dagrun for tutorial to 2026-03-08 00:00:00+00:00, run_after=2026-03-09 00:00:00+00:00
[2026-03-09T00:35:25.444+0000] {processor.py:183} INFO - Processing /home/airflow/.local/lib/python3.8/site-packages/airflow/example_dags/tutorial.py took 0.274 seconds
[2026-03-09T00:35:55.844+0000] {processor.py:161} INFO - Started process (PID=4075) to work on /home/airflow/.local/lib/python3.8/site-packages/airflow/example_dags/tutorial.py
[2026-03-09T00:35:55.861+0000] {processor.py:830} INFO - Processing file /home/airflow/.local/lib/python3.8/site-packages/airflow/example_dags/tutorial.py for tasks to queue
[2026-03-09T00:35:55.878+0000] {logging_mixin.py:188} INFO - [2026-03-09T00:35:55.877+0000] {dagbag.py:540} INFO - Filling up the DagBag from /home/airflow/.local/lib/python3.8/site-packages/airflow/example_dags/tutorial.py
[2026-03-09T00:35:55.971+0000] {processor.py:840} INFO - DAG(s) 'tutorial' retrieved from /home/airflow/.local/lib/python3.8/site-packages/airflow/example_dags/tutorial.py
[2026-03-09T00:35:56.147+0000] {logging_mixin.py:188} INFO - [2026-03-09T00:35:56.146+0000] {dag.py:3047} INFO - Sync 1 DAGs
[2026-03-09T00:35:56.397+0000] {logging_mixin.py:188} INFO - [2026-03-09T00:35:56.396+0000] {dag.py:3834} INFO - Setting next_dagrun for tutorial to 2026-03-08 00:00:00+00:00, run_after=2026-03-09 00:00:00+00:00
[2026-03-09T00:35:56.620+0000] {processor.py:183} INFO - Processing /home/airflow/.local/lib/python3.8/site-packages/airflow/example_dags/tutorial.py took 0.822 seconds
[2026-03-09T00:36:27.072+0000] {processor.py:161} INFO - Started process (PID=4131) to work on /home/airflow/.local/lib/python3.8/site-packages/airflow/example_dags/tutorial.py
[2026-03-09T00:36:27.079+0000] {processor.py:830} INFO - Processing file /home/airflow/.local/lib/python3.8/site-packages/airflow/example_dags/tutorial.py for tasks to queue
[2026-03-09T00:36:27.093+0000] {logging_mixin.py:188} INFO - [2026-03-09T00:36:27.091+0000] {dagbag.py:540} INFO - Filling up the DagBag from /home/airflow/.local/lib/python3.8/site-packages/airflow/example_dags/tutorial.py
[2026-03-09T00:36:27.127+0000] {processor.py:840} INFO - DAG(s) 'tutorial' retrieved from /home/airflow/.local/lib/python3.8/site-packages/airflow/example_dags/tutorial.py
[2026-03-09T00:36:27.230+0000] {logging_mixin.py:188} INFO - [2026-03-09T00:36:27.229+0000] {dag.py:3047} INFO - Sync 1 DAGs
[2026-03-09T00:36:27.358+0000] {logging_mixin.py:188} INFO - [2026-03-09T00:36:27.357+0000] {dag.py:3834} INFO - Setting next_dagrun for tutorial to 2026-03-08 00:00:00+00:00, run_after=2026-03-09 00:00:00+00:00
[2026-03-09T00:36:27.435+0000] {processor.py:183} INFO - Processing /home/airflow/.local/lib/python3.8/site-packages/airflow/example_dags/tutorial.py took 0.384 seconds
[2026-03-09T00:36:57.929+0000] {processor.py:161} INFO - Started process (PID=4187) to work on /home/airflow/.local/lib/python3.8/site-packages/airflow/example_dags/tutorial.py
[2026-03-09T00:36:57.933+0000] {processor.py:830} INFO - Processing file /home/airflow/.local/lib/python3.8/site-packages/airflow/example_dags/tutorial.py for tasks to queue
[2026-03-09T00:36:57.937+0000] {logging_mixin.py:188} INFO - [2026-03-09T00:36:57.936+0000] {dagbag.py:540} INFO - Filling up the DagBag from /home/airflow/.local/lib/python3.8/site-packages/airflow/example_dags/tutorial.py
[2026-03-09T00:36:57.951+0000] {processor.py:840} INFO - DAG(s) 'tutorial' retrieved from /home/airflow/.local/lib/python3.8/site-packages/airflow/example_dags/tutorial.py
[2026-03-09T00:36:58.002+0000] {logging_mixin.py:188} INFO - [2026-03-09T00:36:58.001+0000] {dag.py:3047} INFO - Sync 1 DAGs
[2026-03-09T00:36:58.060+0000] {logging_mixin.py:188} INFO - [2026-03-09T00:36:58.059+0000] {dag.py:3834} INFO - Setting next_dagrun for tutorial to 2026-03-08 00:00:00+00:00, run_after=2026-03-09 00:00:00+00:00
[2026-03-09T00:36:58.128+0000] {processor.py:183} INFO - Processing /home/airflow/.local/lib/python3.8/site-packages/airflow/example_dags/tutorial.py took 0.209 seconds
[2026-03-09T00:37:28.834+0000] {processor.py:161} INFO - Started process (PID=4243) to work on /home/airflow/.local/lib/python3.8/site-packages/airflow/example_dags/tutorial.py
[2026-03-09T00:37:28.837+0000] {processor.py:830} INFO - Processing file /home/airflow/.local/lib/python3.8/site-packages/airflow/example_dags/tutorial.py for tasks to queue
[2026-03-09T00:37:28.842+0000] {logging_mixin.py:188} INFO - [2026-03-09T00:37:28.841+0000] {dagbag.py:540} INFO - Filling up the DagBag from /home/airflow/.local/lib/python3.8/site-packages/airflow/example_dags/tutorial.py
[2026-03-09T00:37:28.857+0000] {processor.py:840} INFO - DAG(s) 'tutorial' retrieved from /home/airflow/.local/lib/python3.8/site-packages/airflow/example_dags/tutorial.py
[2026-03-09T00:37:28.941+0000] {logging_mixin.py:188} INFO - [2026-03-09T00:37:28.941+0000] {dag.py:3047} INFO - Sync 1 DAGs
[2026-03-09T00:37:29.022+0000] {logging_mixin.py:188} INFO - [2026-03-09T00:37:29.021+0000] {dag.py:3834} INFO - Setting next_dagrun for tutorial to 2026-03-08 00:00:00+00:00, run_after=2026-03-09 00:00:00+00:00
[2026-03-09T00:37:29.085+0000] {processor.py:183} INFO - Processing /home/airflow/.local/lib/python3.8/site-packages/airflow/example_dags/tutorial.py took 0.259 seconds
[2026-03-09T00:37:59.963+0000] {processor.py:161} INFO - Started process (PID=4300) to work on /home/airflow/.local/lib/python3.8/site-packages/airflow/example_dags/tutorial.py
[2026-03-09T00:37:59.968+0000] {processor.py:830} INFO - Processing file /home/airflow/.local/lib/python3.8/site-packages/airflow/example_dags/tutorial.py for tasks to queue
[2026-03-09T00:37:59.976+0000] {logging_mixin.py:188} INFO - [2026-03-09T00:37:59.974+0000] {dagbag.py:540} INFO - Filling up the DagBag from /home/airflow/.local/lib/python3.8/site-packages/airflow/example_dags/tutorial.py
[2026-03-09T00:37:59.997+0000] {processor.py:840} INFO - DAG(s) 'tutorial' retrieved from /home/airflow/.local/lib/python3.8/site-packages/airflow/example_dags/tutorial.py
[2026-03-09T00:38:00.070+0000] {logging_mixin.py:188} INFO - [2026-03-09T00:38:00.069+0000] {dag.py:3047} INFO - Sync 1 DAGs
[2026-03-09T00:38:00.139+0000] {logging_mixin.py:188} INFO - [2026-03-09T00:38:00.139+0000] {dag.py:3834} INFO - Setting next_dagrun for tutorial to 2026-03-08 00:00:00+00:00, run_after=2026-03-09 00:00:00+00:00
[2026-03-09T00:38:00.204+0000] {processor.py:183} INFO - Processing /home/airflow/.local/lib/python3.8/site-packages/airflow/example_dags/tutorial.py took 0.256 seconds
[2026-03-09T00:38:30.962+0000] {processor.py:161} INFO - Started process (PID=4350) to work on /home/airflow/.local/lib/python3.8/site-packages/airflow/example_dags/tutorial.py
[2026-03-09T00:38:30.973+0000] {processor.py:830} INFO - Processing file /home/airflow/.local/lib/python3.8/site-packages/airflow/example_dags/tutorial.py for tasks to queue
[2026-03-09T00:38:30.982+0000] {logging_mixin.py:188} INFO - [2026-03-09T00:38:30.981+0000] {dagbag.py:540} INFO - Filling up the DagBag from /home/airflow/.local/lib/python3.8/site-packages/airflow/example_dags/tutorial.py
[2026-03-09T00:38:31.025+0000] {processor.py:840} INFO - DAG(s) 'tutorial' retrieved from /home/airflow/.local/lib/python3.8/site-packages/airflow/example_dags/tutorial.py
[2026-03-09T00:38:31.186+0000] {logging_mixin.py:188} INFO - [2026-03-09T00:38:31.185+0000] {dag.py:3047} INFO - Sync 1 DAGs
[2026-03-09T00:38:31.298+0000] {logging_mixin.py:188} INFO - [2026-03-09T00:38:31.297+0000] {dag.py:3834} INFO - Setting next_dagrun for tutorial to 2026-03-08 00:00:00+00:00, run_after=2026-03-09 00:00:00+00:00
[2026-03-09T00:38:31.366+0000] {processor.py:183} INFO - Processing /home/airflow/.local/lib/python3.8/site-packages/airflow/example_dags/tutorial.py took 0.426 seconds
