[2026-03-09T00:00:32.435+0000] {processor.py:161} INFO - Started process (PID=298) to work on /home/airflow/.local/lib/python3.8/site-packages/airflow/example_dags/tutorial_taskflow_api.py
[2026-03-09T00:00:32.439+0000] {processor.py:830} INFO - Processing file /home/airflow/.local/lib/python3.8/site-packages/airflow/example_dags/tutorial_taskflow_api.py for tasks to queue
[2026-03-09T00:00:32.446+0000] {logging_mixin.py:188} INFO - [2026-03-09T00:00:32.445+0000] {dagbag.py:540} INFO - Filling up the DagBag from /home/airflow/.local/lib/python3.8/site-packages/airflow/example_dags/tutorial_taskflow_api.py
[2026-03-09T00:00:32.472+0000] {processor.py:840} INFO - DAG(s) 'tutorial_taskflow_api' retrieved from /home/airflow/.local/lib/python3.8/site-packages/airflow/example_dags/tutorial_taskflow_api.py
[2026-03-09T00:00:32.548+0000] {logging_mixin.py:188} INFO - [2026-03-09T00:00:32.547+0000] {dag.py:3047} INFO - Sync 1 DAGs
[2026-03-09T00:00:32.595+0000] {logging_mixin.py:188} INFO - [2026-03-09T00:00:32.594+0000] {dag.py:3834} INFO - Setting next_dagrun for tutorial_taskflow_api to None, run_after=None
[2026-03-09T00:00:32.661+0000] {processor.py:183} INFO - Processing /home/airflow/.local/lib/python3.8/site-packages/airflow/example_dags/tutorial_taskflow_api.py took 0.239 seconds
[2026-03-09T00:01:06.187+0000] {processor.py:161} INFO - Started process (PID=353) to work on /home/airflow/.local/lib/python3.8/site-packages/airflow/example_dags/tutorial_taskflow_api.py
[2026-03-09T00:01:06.197+0000] {processor.py:830} INFO - Processing file /home/airflow/.local/lib/python3.8/site-packages/airflow/example_dags/tutorial_taskflow_api.py for tasks to queue
[2026-03-09T00:01:06.230+0000] {logging_mixin.py:188} INFO - [2026-03-09T00:01:06.228+0000] {dagbag.py:540} INFO - Filling up the DagBag from /home/airflow/.local/lib/python3.8/site-packages/airflow/example_dags/tutorial_taskflow_api.py
[2026-03-09T00:01:06.280+0000] {processor.py:840} INFO - DAG(s) 'tutorial_taskflow_api' retrieved from /home/airflow/.local/lib/python3.8/site-packages/airflow/example_dags/tutorial_taskflow_api.py
[2026-03-09T00:01:06.406+0000] {logging_mixin.py:188} INFO - [2026-03-09T00:01:06.405+0000] {dag.py:3047} INFO - Sync 1 DAGs
[2026-03-09T00:01:06.494+0000] {logging_mixin.py:188} INFO - [2026-03-09T00:01:06.493+0000] {dag.py:3834} INFO - Setting next_dagrun for tutorial_taskflow_api to None, run_after=None
[2026-03-09T00:01:06.607+0000] {processor.py:183} INFO - Processing /home/airflow/.local/lib/python3.8/site-packages/airflow/example_dags/tutorial_taskflow_api.py took 0.463 seconds
[2026-03-09T00:01:36.785+0000] {processor.py:161} INFO - Started process (PID=405) to work on /home/airflow/.local/lib/python3.8/site-packages/airflow/example_dags/tutorial_taskflow_api.py
[2026-03-09T00:01:36.794+0000] {processor.py:830} INFO - Processing file /home/airflow/.local/lib/python3.8/site-packages/airflow/example_dags/tutorial_taskflow_api.py for tasks to queue
[2026-03-09T00:01:36.804+0000] {logging_mixin.py:188} INFO - [2026-03-09T00:01:36.803+0000] {dagbag.py:540} INFO - Filling up the DagBag from /home/airflow/.local/lib/python3.8/site-packages/airflow/example_dags/tutorial_taskflow_api.py
[2026-03-09T00:01:36.833+0000] {processor.py:840} INFO - DAG(s) 'tutorial_taskflow_api' retrieved from /home/airflow/.local/lib/python3.8/site-packages/airflow/example_dags/tutorial_taskflow_api.py
[2026-03-09T00:01:36.935+0000] {logging_mixin.py:188} INFO - [2026-03-09T00:01:36.933+0000] {dag.py:3047} INFO - Sync 1 DAGs
[2026-03-09T00:01:36.997+0000] {logging_mixin.py:188} INFO - [2026-03-09T00:01:36.996+0000] {dag.py:3834} INFO - Setting next_dagrun for tutorial_taskflow_api to None, run_after=None
[2026-03-09T00:01:37.072+0000] {processor.py:183} INFO - Processing /home/airflow/.local/lib/python3.8/site-packages/airflow/example_dags/tutorial_taskflow_api.py took 0.306 seconds
[2026-03-09T00:02:07.356+0000] {processor.py:161} INFO - Started process (PID=460) to work on /home/airflow/.local/lib/python3.8/site-packages/airflow/example_dags/tutorial_taskflow_api.py
[2026-03-09T00:02:07.360+0000] {processor.py:830} INFO - Processing file /home/airflow/.local/lib/python3.8/site-packages/airflow/example_dags/tutorial_taskflow_api.py for tasks to queue
[2026-03-09T00:02:07.366+0000] {logging_mixin.py:188} INFO - [2026-03-09T00:02:07.365+0000] {dagbag.py:540} INFO - Filling up the DagBag from /home/airflow/.local/lib/python3.8/site-packages/airflow/example_dags/tutorial_taskflow_api.py
[2026-03-09T00:02:07.388+0000] {processor.py:840} INFO - DAG(s) 'tutorial_taskflow_api' retrieved from /home/airflow/.local/lib/python3.8/site-packages/airflow/example_dags/tutorial_taskflow_api.py
[2026-03-09T00:02:07.438+0000] {logging_mixin.py:188} INFO - [2026-03-09T00:02:07.438+0000] {dag.py:3047} INFO - Sync 1 DAGs
[2026-03-09T00:02:07.468+0000] {logging_mixin.py:188} INFO - [2026-03-09T00:02:07.468+0000] {dag.py:3834} INFO - Setting next_dagrun for tutorial_taskflow_api to None, run_after=None
[2026-03-09T00:02:07.519+0000] {processor.py:183} INFO - Processing /home/airflow/.local/lib/python3.8/site-packages/airflow/example_dags/tutorial_taskflow_api.py took 0.173 seconds
[2026-03-09T00:02:37.693+0000] {processor.py:161} INFO - Started process (PID=516) to work on /home/airflow/.local/lib/python3.8/site-packages/airflow/example_dags/tutorial_taskflow_api.py
[2026-03-09T00:02:37.699+0000] {processor.py:830} INFO - Processing file /home/airflow/.local/lib/python3.8/site-packages/airflow/example_dags/tutorial_taskflow_api.py for tasks to queue
[2026-03-09T00:02:37.706+0000] {logging_mixin.py:188} INFO - [2026-03-09T00:02:37.704+0000] {dagbag.py:540} INFO - Filling up the DagBag from /home/airflow/.local/lib/python3.8/site-packages/airflow/example_dags/tutorial_taskflow_api.py
[2026-03-09T00:02:37.735+0000] {processor.py:840} INFO - DAG(s) 'tutorial_taskflow_api' retrieved from /home/airflow/.local/lib/python3.8/site-packages/airflow/example_dags/tutorial_taskflow_api.py
[2026-03-09T00:02:37.819+0000] {logging_mixin.py:188} INFO - [2026-03-09T00:02:37.818+0000] {dag.py:3047} INFO - Sync 1 DAGs
[2026-03-09T00:02:37.855+0000] {logging_mixin.py:188} INFO - [2026-03-09T00:02:37.853+0000] {dag.py:3834} INFO - Setting next_dagrun for tutorial_taskflow_api to None, run_after=None
[2026-03-09T00:02:37.913+0000] {processor.py:183} INFO - Processing /home/airflow/.local/lib/python3.8/site-packages/airflow/example_dags/tutorial_taskflow_api.py took 0.235 seconds
[2026-03-09T00:03:08.387+0000] {processor.py:161} INFO - Started process (PID=571) to work on /home/airflow/.local/lib/python3.8/site-packages/airflow/example_dags/tutorial_taskflow_api.py
[2026-03-09T00:03:08.396+0000] {processor.py:830} INFO - Processing file /home/airflow/.local/lib/python3.8/site-packages/airflow/example_dags/tutorial_taskflow_api.py for tasks to queue
[2026-03-09T00:03:08.404+0000] {logging_mixin.py:188} INFO - [2026-03-09T00:03:08.403+0000] {dagbag.py:540} INFO - Filling up the DagBag from /home/airflow/.local/lib/python3.8/site-packages/airflow/example_dags/tutorial_taskflow_api.py
[2026-03-09T00:03:08.440+0000] {processor.py:840} INFO - DAG(s) 'tutorial_taskflow_api' retrieved from /home/airflow/.local/lib/python3.8/site-packages/airflow/example_dags/tutorial_taskflow_api.py
[2026-03-09T00:03:08.551+0000] {logging_mixin.py:188} INFO - [2026-03-09T00:03:08.550+0000] {dag.py:3047} INFO - Sync 1 DAGs
[2026-03-09T00:03:08.603+0000] {logging_mixin.py:188} INFO - [2026-03-09T00:03:08.602+0000] {dag.py:3834} INFO - Setting next_dagrun for tutorial_taskflow_api to None, run_after=None
[2026-03-09T00:03:08.685+0000] {processor.py:183} INFO - Processing /home/airflow/.local/lib/python3.8/site-packages/airflow/example_dags/tutorial_taskflow_api.py took 0.311 seconds
[2026-03-09T00:03:39.379+0000] {processor.py:161} INFO - Started process (PID=624) to work on /home/airflow/.local/lib/python3.8/site-packages/airflow/example_dags/tutorial_taskflow_api.py
[2026-03-09T00:03:39.384+0000] {processor.py:830} INFO - Processing file /home/airflow/.local/lib/python3.8/site-packages/airflow/example_dags/tutorial_taskflow_api.py for tasks to queue
[2026-03-09T00:03:39.395+0000] {logging_mixin.py:188} INFO - [2026-03-09T00:03:39.394+0000] {dagbag.py:540} INFO - Filling up the DagBag from /home/airflow/.local/lib/python3.8/site-packages/airflow/example_dags/tutorial_taskflow_api.py
[2026-03-09T00:03:39.418+0000] {processor.py:840} INFO - DAG(s) 'tutorial_taskflow_api' retrieved from /home/airflow/.local/lib/python3.8/site-packages/airflow/example_dags/tutorial_taskflow_api.py
[2026-03-09T00:03:39.487+0000] {logging_mixin.py:188} INFO - [2026-03-09T00:03:39.486+0000] {dag.py:3047} INFO - Sync 1 DAGs
[2026-03-09T00:03:39.534+0000] {logging_mixin.py:188} INFO - [2026-03-09T00:03:39.530+0000] {dag.py:3834} INFO - Setting next_dagrun for tutorial_taskflow_api to None, run_after=None
[2026-03-09T00:03:39.609+0000] {processor.py:183} INFO - Processing /home/airflow/.local/lib/python3.8/site-packages/airflow/example_dags/tutorial_taskflow_api.py took 0.243 seconds
[2026-03-09T00:04:10.505+0000] {processor.py:161} INFO - Started process (PID=679) to work on /home/airflow/.local/lib/python3.8/site-packages/airflow/example_dags/tutorial_taskflow_api.py
[2026-03-09T00:04:10.508+0000] {processor.py:830} INFO - Processing file /home/airflow/.local/lib/python3.8/site-packages/airflow/example_dags/tutorial_taskflow_api.py for tasks to queue
[2026-03-09T00:04:10.516+0000] {logging_mixin.py:188} INFO - [2026-03-09T00:04:10.514+0000] {dagbag.py:540} INFO - Filling up the DagBag from /home/airflow/.local/lib/python3.8/site-packages/airflow/example_dags/tutorial_taskflow_api.py
[2026-03-09T00:04:10.539+0000] {processor.py:840} INFO - DAG(s) 'tutorial_taskflow_api' retrieved from /home/airflow/.local/lib/python3.8/site-packages/airflow/example_dags/tutorial_taskflow_api.py
[2026-03-09T00:04:10.599+0000] {logging_mixin.py:188} INFO - [2026-03-09T00:04:10.599+0000] {dag.py:3047} INFO - Sync 1 DAGs
[2026-03-09T00:04:10.632+0000] {logging_mixin.py:188} INFO - [2026-03-09T00:04:10.631+0000] {dag.py:3834} INFO - Setting next_dagrun for tutorial_taskflow_api to None, run_after=None
[2026-03-09T00:04:10.686+0000] {processor.py:183} INFO - Processing /home/airflow/.local/lib/python3.8/site-packages/airflow/example_dags/tutorial_taskflow_api.py took 0.191 seconds
[2026-03-09T00:04:41.180+0000] {processor.py:161} INFO - Started process (PID=734) to work on /home/airflow/.local/lib/python3.8/site-packages/airflow/example_dags/tutorial_taskflow_api.py
[2026-03-09T00:04:41.183+0000] {processor.py:830} INFO - Processing file /home/airflow/.local/lib/python3.8/site-packages/airflow/example_dags/tutorial_taskflow_api.py for tasks to queue
[2026-03-09T00:04:41.193+0000] {logging_mixin.py:188} INFO - [2026-03-09T00:04:41.192+0000] {dagbag.py:540} INFO - Filling up the DagBag from /home/airflow/.local/lib/python3.8/site-packages/airflow/example_dags/tutorial_taskflow_api.py
[2026-03-09T00:04:41.218+0000] {processor.py:840} INFO - DAG(s) 'tutorial_taskflow_api' retrieved from /home/airflow/.local/lib/python3.8/site-packages/airflow/example_dags/tutorial_taskflow_api.py
[2026-03-09T00:04:41.276+0000] {logging_mixin.py:188} INFO - [2026-03-09T00:04:41.276+0000] {dag.py:3047} INFO - Sync 1 DAGs
[2026-03-09T00:04:41.304+0000] {logging_mixin.py:188} INFO - [2026-03-09T00:04:41.304+0000] {dag.py:3834} INFO - Setting next_dagrun for tutorial_taskflow_api to None, run_after=None
[2026-03-09T00:04:41.366+0000] {processor.py:183} INFO - Processing /home/airflow/.local/lib/python3.8/site-packages/airflow/example_dags/tutorial_taskflow_api.py took 0.211 seconds
[2026-03-09T00:05:12.179+0000] {processor.py:161} INFO - Started process (PID=789) to work on /home/airflow/.local/lib/python3.8/site-packages/airflow/example_dags/tutorial_taskflow_api.py
[2026-03-09T00:05:12.183+0000] {processor.py:830} INFO - Processing file /home/airflow/.local/lib/python3.8/site-packages/airflow/example_dags/tutorial_taskflow_api.py for tasks to queue
[2026-03-09T00:05:12.191+0000] {logging_mixin.py:188} INFO - [2026-03-09T00:05:12.190+0000] {dagbag.py:540} INFO - Filling up the DagBag from /home/airflow/.local/lib/python3.8/site-packages/airflow/example_dags/tutorial_taskflow_api.py
[2026-03-09T00:05:12.222+0000] {processor.py:840} INFO - DAG(s) 'tutorial_taskflow_api' retrieved from /home/airflow/.local/lib/python3.8/site-packages/airflow/example_dags/tutorial_taskflow_api.py
[2026-03-09T00:05:12.290+0000] {logging_mixin.py:188} INFO - [2026-03-09T00:05:12.290+0000] {dag.py:3047} INFO - Sync 1 DAGs
[2026-03-09T00:05:12.324+0000] {logging_mixin.py:188} INFO - [2026-03-09T00:05:12.323+0000] {dag.py:3834} INFO - Setting next_dagrun for tutorial_taskflow_api to None, run_after=None
[2026-03-09T00:05:12.389+0000] {processor.py:183} INFO - Processing /home/airflow/.local/lib/python3.8/site-packages/airflow/example_dags/tutorial_taskflow_api.py took 0.225 seconds
[2026-03-09T00:05:43.210+0000] {processor.py:161} INFO - Started process (PID=843) to work on /home/airflow/.local/lib/python3.8/site-packages/airflow/example_dags/tutorial_taskflow_api.py
[2026-03-09T00:05:43.273+0000] {processor.py:830} INFO - Processing file /home/airflow/.local/lib/python3.8/site-packages/airflow/example_dags/tutorial_taskflow_api.py for tasks to queue
[2026-03-09T00:05:43.383+0000] {logging_mixin.py:188} INFO - [2026-03-09T00:05:43.382+0000] {dagbag.py:540} INFO - Filling up the DagBag from /home/airflow/.local/lib/python3.8/site-packages/airflow/example_dags/tutorial_taskflow_api.py
[2026-03-09T00:05:43.550+0000] {processor.py:840} INFO - DAG(s) 'tutorial_taskflow_api' retrieved from /home/airflow/.local/lib/python3.8/site-packages/airflow/example_dags/tutorial_taskflow_api.py
[2026-03-09T00:05:43.686+0000] {logging_mixin.py:188} INFO - [2026-03-09T00:05:43.685+0000] {dag.py:3047} INFO - Sync 1 DAGs
[2026-03-09T00:05:43.777+0000] {logging_mixin.py:188} INFO - [2026-03-09T00:05:43.776+0000] {dag.py:3834} INFO - Setting next_dagrun for tutorial_taskflow_api to None, run_after=None
[2026-03-09T00:05:43.917+0000] {processor.py:183} INFO - Processing /home/airflow/.local/lib/python3.8/site-packages/airflow/example_dags/tutorial_taskflow_api.py took 0.864 seconds
[2026-03-09T00:06:15.009+0000] {processor.py:161} INFO - Started process (PID=898) to work on /home/airflow/.local/lib/python3.8/site-packages/airflow/example_dags/tutorial_taskflow_api.py
[2026-03-09T00:06:15.013+0000] {processor.py:830} INFO - Processing file /home/airflow/.local/lib/python3.8/site-packages/airflow/example_dags/tutorial_taskflow_api.py for tasks to queue
[2026-03-09T00:06:15.026+0000] {logging_mixin.py:188} INFO - [2026-03-09T00:06:15.022+0000] {dagbag.py:540} INFO - Filling up the DagBag from /home/airflow/.local/lib/python3.8/site-packages/airflow/example_dags/tutorial_taskflow_api.py
[2026-03-09T00:06:15.086+0000] {processor.py:840} INFO - DAG(s) 'tutorial_taskflow_api' retrieved from /home/airflow/.local/lib/python3.8/site-packages/airflow/example_dags/tutorial_taskflow_api.py
[2026-03-09T00:06:15.261+0000] {logging_mixin.py:188} INFO - [2026-03-09T00:06:15.261+0000] {dag.py:3047} INFO - Sync 1 DAGs
[2026-03-09T00:06:15.351+0000] {logging_mixin.py:188} INFO - [2026-03-09T00:06:15.349+0000] {dag.py:3834} INFO - Setting next_dagrun for tutorial_taskflow_api to None, run_after=None
[2026-03-09T00:06:15.442+0000] {processor.py:183} INFO - Processing /home/airflow/.local/lib/python3.8/site-packages/airflow/example_dags/tutorial_taskflow_api.py took 0.447 seconds
[2026-03-09T00:06:46.725+0000] {processor.py:161} INFO - Started process (PID=954) to work on /home/airflow/.local/lib/python3.8/site-packages/airflow/example_dags/tutorial_taskflow_api.py
[2026-03-09T00:06:46.734+0000] {processor.py:830} INFO - Processing file /home/airflow/.local/lib/python3.8/site-packages/airflow/example_dags/tutorial_taskflow_api.py for tasks to queue
[2026-03-09T00:06:46.743+0000] {logging_mixin.py:188} INFO - [2026-03-09T00:06:46.742+0000] {dagbag.py:540} INFO - Filling up the DagBag from /home/airflow/.local/lib/python3.8/site-packages/airflow/example_dags/tutorial_taskflow_api.py
[2026-03-09T00:06:46.795+0000] {processor.py:840} INFO - DAG(s) 'tutorial_taskflow_api' retrieved from /home/airflow/.local/lib/python3.8/site-packages/airflow/example_dags/tutorial_taskflow_api.py
[2026-03-09T00:06:46.969+0000] {logging_mixin.py:188} INFO - [2026-03-09T00:06:46.967+0000] {dag.py:3047} INFO - Sync 1 DAGs
[2026-03-09T00:06:47.090+0000] {logging_mixin.py:188} INFO - [2026-03-09T00:06:47.090+0000] {dag.py:3834} INFO - Setting next_dagrun for tutorial_taskflow_api to None, run_after=None
[2026-03-09T00:06:47.262+0000] {processor.py:183} INFO - Processing /home/airflow/.local/lib/python3.8/site-packages/airflow/example_dags/tutorial_taskflow_api.py took 0.559 seconds
[2026-03-09T00:07:18.083+0000] {processor.py:161} INFO - Started process (PID=1009) to work on /home/airflow/.local/lib/python3.8/site-packages/airflow/example_dags/tutorial_taskflow_api.py
[2026-03-09T00:07:18.087+0000] {processor.py:830} INFO - Processing file /home/airflow/.local/lib/python3.8/site-packages/airflow/example_dags/tutorial_taskflow_api.py for tasks to queue
[2026-03-09T00:07:18.096+0000] {logging_mixin.py:188} INFO - [2026-03-09T00:07:18.094+0000] {dagbag.py:540} INFO - Filling up the DagBag from /home/airflow/.local/lib/python3.8/site-packages/airflow/example_dags/tutorial_taskflow_api.py
[2026-03-09T00:07:18.123+0000] {processor.py:840} INFO - DAG(s) 'tutorial_taskflow_api' retrieved from /home/airflow/.local/lib/python3.8/site-packages/airflow/example_dags/tutorial_taskflow_api.py
[2026-03-09T00:07:18.204+0000] {logging_mixin.py:188} INFO - [2026-03-09T00:07:18.204+0000] {dag.py:3047} INFO - Sync 1 DAGs
[2026-03-09T00:07:18.246+0000] {logging_mixin.py:188} INFO - [2026-03-09T00:07:18.245+0000] {dag.py:3834} INFO - Setting next_dagrun for tutorial_taskflow_api to None, run_after=None
[2026-03-09T00:07:18.312+0000] {processor.py:183} INFO - Processing /home/airflow/.local/lib/python3.8/site-packages/airflow/example_dags/tutorial_taskflow_api.py took 0.242 seconds
[2026-03-09T00:07:48.793+0000] {processor.py:161} INFO - Started process (PID=1064) to work on /home/airflow/.local/lib/python3.8/site-packages/airflow/example_dags/tutorial_taskflow_api.py
[2026-03-09T00:07:48.808+0000] {processor.py:830} INFO - Processing file /home/airflow/.local/lib/python3.8/site-packages/airflow/example_dags/tutorial_taskflow_api.py for tasks to queue
[2026-03-09T00:07:48.836+0000] {logging_mixin.py:188} INFO - [2026-03-09T00:07:48.826+0000] {dagbag.py:540} INFO - Filling up the DagBag from /home/airflow/.local/lib/python3.8/site-packages/airflow/example_dags/tutorial_taskflow_api.py
[2026-03-09T00:07:48.868+0000] {processor.py:840} INFO - DAG(s) 'tutorial_taskflow_api' retrieved from /home/airflow/.local/lib/python3.8/site-packages/airflow/example_dags/tutorial_taskflow_api.py
[2026-03-09T00:07:48.944+0000] {logging_mixin.py:188} INFO - [2026-03-09T00:07:48.943+0000] {dag.py:3047} INFO - Sync 1 DAGs
[2026-03-09T00:07:48.997+0000] {logging_mixin.py:188} INFO - [2026-03-09T00:07:48.997+0000] {dag.py:3834} INFO - Setting next_dagrun for tutorial_taskflow_api to None, run_after=None
[2026-03-09T00:07:49.129+0000] {processor.py:183} INFO - Processing /home/airflow/.local/lib/python3.8/site-packages/airflow/example_dags/tutorial_taskflow_api.py took 0.395 seconds
[2026-03-09T00:08:19.709+0000] {processor.py:161} INFO - Started process (PID=1121) to work on /home/airflow/.local/lib/python3.8/site-packages/airflow/example_dags/tutorial_taskflow_api.py
[2026-03-09T00:08:19.712+0000] {processor.py:830} INFO - Processing file /home/airflow/.local/lib/python3.8/site-packages/airflow/example_dags/tutorial_taskflow_api.py for tasks to queue
[2026-03-09T00:08:19.717+0000] {logging_mixin.py:188} INFO - [2026-03-09T00:08:19.716+0000] {dagbag.py:540} INFO - Filling up the DagBag from /home/airflow/.local/lib/python3.8/site-packages/airflow/example_dags/tutorial_taskflow_api.py
[2026-03-09T00:08:19.737+0000] {processor.py:840} INFO - DAG(s) 'tutorial_taskflow_api' retrieved from /home/airflow/.local/lib/python3.8/site-packages/airflow/example_dags/tutorial_taskflow_api.py
[2026-03-09T00:08:19.795+0000] {logging_mixin.py:188} INFO - [2026-03-09T00:08:19.795+0000] {dag.py:3047} INFO - Sync 1 DAGs
[2026-03-09T00:08:19.821+0000] {logging_mixin.py:188} INFO - [2026-03-09T00:08:19.820+0000] {dag.py:3834} INFO - Setting next_dagrun for tutorial_taskflow_api to None, run_after=None
[2026-03-09T00:08:19.870+0000] {processor.py:183} INFO - Processing /home/airflow/.local/lib/python3.8/site-packages/airflow/example_dags/tutorial_taskflow_api.py took 0.175 seconds
[2026-03-09T00:08:50.238+0000] {processor.py:161} INFO - Started process (PID=1176) to work on /home/airflow/.local/lib/python3.8/site-packages/airflow/example_dags/tutorial_taskflow_api.py
[2026-03-09T00:08:50.240+0000] {processor.py:830} INFO - Processing file /home/airflow/.local/lib/python3.8/site-packages/airflow/example_dags/tutorial_taskflow_api.py for tasks to queue
[2026-03-09T00:08:50.245+0000] {logging_mixin.py:188} INFO - [2026-03-09T00:08:50.245+0000] {dagbag.py:540} INFO - Filling up the DagBag from /home/airflow/.local/lib/python3.8/site-packages/airflow/example_dags/tutorial_taskflow_api.py
[2026-03-09T00:08:50.263+0000] {processor.py:840} INFO - DAG(s) 'tutorial_taskflow_api' retrieved from /home/airflow/.local/lib/python3.8/site-packages/airflow/example_dags/tutorial_taskflow_api.py
[2026-03-09T00:08:50.312+0000] {logging_mixin.py:188} INFO - [2026-03-09T00:08:50.312+0000] {dag.py:3047} INFO - Sync 1 DAGs
[2026-03-09T00:08:50.347+0000] {logging_mixin.py:188} INFO - [2026-03-09T00:08:50.347+0000] {dag.py:3834} INFO - Setting next_dagrun for tutorial_taskflow_api to None, run_after=None
[2026-03-09T00:08:50.401+0000] {processor.py:183} INFO - Processing /home/airflow/.local/lib/python3.8/site-packages/airflow/example_dags/tutorial_taskflow_api.py took 0.173 seconds
[2026-03-09T00:09:21.232+0000] {processor.py:161} INFO - Started process (PID=1233) to work on /home/airflow/.local/lib/python3.8/site-packages/airflow/example_dags/tutorial_taskflow_api.py
[2026-03-09T00:09:21.236+0000] {processor.py:830} INFO - Processing file /home/airflow/.local/lib/python3.8/site-packages/airflow/example_dags/tutorial_taskflow_api.py for tasks to queue
[2026-03-09T00:09:21.242+0000] {logging_mixin.py:188} INFO - [2026-03-09T00:09:21.241+0000] {dagbag.py:540} INFO - Filling up the DagBag from /home/airflow/.local/lib/python3.8/site-packages/airflow/example_dags/tutorial_taskflow_api.py
[2026-03-09T00:09:21.266+0000] {processor.py:840} INFO - DAG(s) 'tutorial_taskflow_api' retrieved from /home/airflow/.local/lib/python3.8/site-packages/airflow/example_dags/tutorial_taskflow_api.py
[2026-03-09T00:09:21.340+0000] {logging_mixin.py:188} INFO - [2026-03-09T00:09:21.340+0000] {dag.py:3047} INFO - Sync 1 DAGs
[2026-03-09T00:09:21.374+0000] {logging_mixin.py:188} INFO - [2026-03-09T00:09:21.373+0000] {dag.py:3834} INFO - Setting next_dagrun for tutorial_taskflow_api to None, run_after=None
[2026-03-09T00:09:21.431+0000] {processor.py:183} INFO - Processing /home/airflow/.local/lib/python3.8/site-packages/airflow/example_dags/tutorial_taskflow_api.py took 0.214 seconds
[2026-03-09T00:09:53.205+0000] {processor.py:161} INFO - Started process (PID=1289) to work on /home/airflow/.local/lib/python3.8/site-packages/airflow/example_dags/tutorial_taskflow_api.py
[2026-03-09T00:09:53.213+0000] {processor.py:830} INFO - Processing file /home/airflow/.local/lib/python3.8/site-packages/airflow/example_dags/tutorial_taskflow_api.py for tasks to queue
[2026-03-09T00:09:53.244+0000] {logging_mixin.py:188} INFO - [2026-03-09T00:09:53.243+0000] {dagbag.py:540} INFO - Filling up the DagBag from /home/airflow/.local/lib/python3.8/site-packages/airflow/example_dags/tutorial_taskflow_api.py
[2026-03-09T00:09:53.326+0000] {processor.py:840} INFO - DAG(s) 'tutorial_taskflow_api' retrieved from /home/airflow/.local/lib/python3.8/site-packages/airflow/example_dags/tutorial_taskflow_api.py
[2026-03-09T00:09:53.417+0000] {logging_mixin.py:188} INFO - [2026-03-09T00:09:53.415+0000] {dag.py:3047} INFO - Sync 1 DAGs
[2026-03-09T00:09:53.478+0000] {logging_mixin.py:188} INFO - [2026-03-09T00:09:53.476+0000] {dag.py:3834} INFO - Setting next_dagrun for tutorial_taskflow_api to None, run_after=None
[2026-03-09T00:09:53.582+0000] {processor.py:183} INFO - Processing /home/airflow/.local/lib/python3.8/site-packages/airflow/example_dags/tutorial_taskflow_api.py took 0.412 seconds
[2026-03-09T00:10:23.989+0000] {processor.py:161} INFO - Started process (PID=1345) to work on /home/airflow/.local/lib/python3.8/site-packages/airflow/example_dags/tutorial_taskflow_api.py
[2026-03-09T00:10:23.995+0000] {processor.py:830} INFO - Processing file /home/airflow/.local/lib/python3.8/site-packages/airflow/example_dags/tutorial_taskflow_api.py for tasks to queue
[2026-03-09T00:10:24.003+0000] {logging_mixin.py:188} INFO - [2026-03-09T00:10:24.002+0000] {dagbag.py:540} INFO - Filling up the DagBag from /home/airflow/.local/lib/python3.8/site-packages/airflow/example_dags/tutorial_taskflow_api.py
[2026-03-09T00:10:24.051+0000] {processor.py:840} INFO - DAG(s) 'tutorial_taskflow_api' retrieved from /home/airflow/.local/lib/python3.8/site-packages/airflow/example_dags/tutorial_taskflow_api.py
[2026-03-09T00:10:24.166+0000] {logging_mixin.py:188} INFO - [2026-03-09T00:10:24.165+0000] {dag.py:3047} INFO - Sync 1 DAGs
[2026-03-09T00:10:24.250+0000] {logging_mixin.py:188} INFO - [2026-03-09T00:10:24.249+0000] {dag.py:3834} INFO - Setting next_dagrun for tutorial_taskflow_api to None, run_after=None
[2026-03-09T00:10:24.337+0000] {processor.py:183} INFO - Processing /home/airflow/.local/lib/python3.8/site-packages/airflow/example_dags/tutorial_taskflow_api.py took 0.364 seconds
[2026-03-09T00:10:54.620+0000] {processor.py:161} INFO - Started process (PID=1402) to work on /home/airflow/.local/lib/python3.8/site-packages/airflow/example_dags/tutorial_taskflow_api.py
[2026-03-09T00:10:54.624+0000] {processor.py:830} INFO - Processing file /home/airflow/.local/lib/python3.8/site-packages/airflow/example_dags/tutorial_taskflow_api.py for tasks to queue
[2026-03-09T00:10:54.635+0000] {logging_mixin.py:188} INFO - [2026-03-09T00:10:54.633+0000] {dagbag.py:540} INFO - Filling up the DagBag from /home/airflow/.local/lib/python3.8/site-packages/airflow/example_dags/tutorial_taskflow_api.py
[2026-03-09T00:10:54.668+0000] {processor.py:840} INFO - DAG(s) 'tutorial_taskflow_api' retrieved from /home/airflow/.local/lib/python3.8/site-packages/airflow/example_dags/tutorial_taskflow_api.py
[2026-03-09T00:10:54.741+0000] {logging_mixin.py:188} INFO - [2026-03-09T00:10:54.740+0000] {dag.py:3047} INFO - Sync 1 DAGs
[2026-03-09T00:10:54.779+0000] {logging_mixin.py:188} INFO - [2026-03-09T00:10:54.778+0000] {dag.py:3834} INFO - Setting next_dagrun for tutorial_taskflow_api to None, run_after=None
[2026-03-09T00:10:54.838+0000] {processor.py:183} INFO - Processing /home/airflow/.local/lib/python3.8/site-packages/airflow/example_dags/tutorial_taskflow_api.py took 0.238 seconds
[2026-03-09T00:11:26.440+0000] {processor.py:161} INFO - Started process (PID=1457) to work on /home/airflow/.local/lib/python3.8/site-packages/airflow/example_dags/tutorial_taskflow_api.py
[2026-03-09T00:11:26.442+0000] {processor.py:830} INFO - Processing file /home/airflow/.local/lib/python3.8/site-packages/airflow/example_dags/tutorial_taskflow_api.py for tasks to queue
[2026-03-09T00:11:26.447+0000] {logging_mixin.py:188} INFO - [2026-03-09T00:11:26.447+0000] {dagbag.py:540} INFO - Filling up the DagBag from /home/airflow/.local/lib/python3.8/site-packages/airflow/example_dags/tutorial_taskflow_api.py
[2026-03-09T00:11:26.468+0000] {processor.py:840} INFO - DAG(s) 'tutorial_taskflow_api' retrieved from /home/airflow/.local/lib/python3.8/site-packages/airflow/example_dags/tutorial_taskflow_api.py
[2026-03-09T00:11:26.535+0000] {logging_mixin.py:188} INFO - [2026-03-09T00:11:26.534+0000] {dag.py:3047} INFO - Sync 1 DAGs
[2026-03-09T00:11:26.575+0000] {logging_mixin.py:188} INFO - [2026-03-09T00:11:26.574+0000] {dag.py:3834} INFO - Setting next_dagrun for tutorial_taskflow_api to None, run_after=None
[2026-03-09T00:11:26.630+0000] {processor.py:183} INFO - Processing /home/airflow/.local/lib/python3.8/site-packages/airflow/example_dags/tutorial_taskflow_api.py took 0.201 seconds
[2026-03-09T00:11:57.065+0000] {processor.py:161} INFO - Started process (PID=1510) to work on /home/airflow/.local/lib/python3.8/site-packages/airflow/example_dags/tutorial_taskflow_api.py
[2026-03-09T00:11:57.075+0000] {processor.py:830} INFO - Processing file /home/airflow/.local/lib/python3.8/site-packages/airflow/example_dags/tutorial_taskflow_api.py for tasks to queue
[2026-03-09T00:11:57.083+0000] {logging_mixin.py:188} INFO - [2026-03-09T00:11:57.082+0000] {dagbag.py:540} INFO - Filling up the DagBag from /home/airflow/.local/lib/python3.8/site-packages/airflow/example_dags/tutorial_taskflow_api.py
[2026-03-09T00:11:57.123+0000] {processor.py:840} INFO - DAG(s) 'tutorial_taskflow_api' retrieved from /home/airflow/.local/lib/python3.8/site-packages/airflow/example_dags/tutorial_taskflow_api.py
[2026-03-09T00:11:57.229+0000] {logging_mixin.py:188} INFO - [2026-03-09T00:11:57.228+0000] {dag.py:3047} INFO - Sync 1 DAGs
[2026-03-09T00:11:57.313+0000] {logging_mixin.py:188} INFO - [2026-03-09T00:11:57.312+0000] {dag.py:3834} INFO - Setting next_dagrun for tutorial_taskflow_api to None, run_after=None
[2026-03-09T00:11:57.409+0000] {processor.py:183} INFO - Processing /home/airflow/.local/lib/python3.8/site-packages/airflow/example_dags/tutorial_taskflow_api.py took 0.367 seconds
[2026-03-09T00:12:27.686+0000] {processor.py:161} INFO - Started process (PID=1566) to work on /home/airflow/.local/lib/python3.8/site-packages/airflow/example_dags/tutorial_taskflow_api.py
[2026-03-09T00:12:27.689+0000] {processor.py:830} INFO - Processing file /home/airflow/.local/lib/python3.8/site-packages/airflow/example_dags/tutorial_taskflow_api.py for tasks to queue
[2026-03-09T00:12:27.698+0000] {logging_mixin.py:188} INFO - [2026-03-09T00:12:27.696+0000] {dagbag.py:540} INFO - Filling up the DagBag from /home/airflow/.local/lib/python3.8/site-packages/airflow/example_dags/tutorial_taskflow_api.py
[2026-03-09T00:12:27.725+0000] {processor.py:840} INFO - DAG(s) 'tutorial_taskflow_api' retrieved from /home/airflow/.local/lib/python3.8/site-packages/airflow/example_dags/tutorial_taskflow_api.py
[2026-03-09T00:12:27.804+0000] {logging_mixin.py:188} INFO - [2026-03-09T00:12:27.803+0000] {dag.py:3047} INFO - Sync 1 DAGs
[2026-03-09T00:12:27.842+0000] {logging_mixin.py:188} INFO - [2026-03-09T00:12:27.841+0000] {dag.py:3834} INFO - Setting next_dagrun for tutorial_taskflow_api to None, run_after=None
[2026-03-09T00:12:27.901+0000] {processor.py:183} INFO - Processing /home/airflow/.local/lib/python3.8/site-packages/airflow/example_dags/tutorial_taskflow_api.py took 0.228 seconds
[2026-03-09T00:12:58.036+0000] {processor.py:161} INFO - Started process (PID=1622) to work on /home/airflow/.local/lib/python3.8/site-packages/airflow/example_dags/tutorial_taskflow_api.py
[2026-03-09T00:12:58.038+0000] {processor.py:830} INFO - Processing file /home/airflow/.local/lib/python3.8/site-packages/airflow/example_dags/tutorial_taskflow_api.py for tasks to queue
[2026-03-09T00:12:58.044+0000] {logging_mixin.py:188} INFO - [2026-03-09T00:12:58.044+0000] {dagbag.py:540} INFO - Filling up the DagBag from /home/airflow/.local/lib/python3.8/site-packages/airflow/example_dags/tutorial_taskflow_api.py
[2026-03-09T00:12:58.061+0000] {processor.py:840} INFO - DAG(s) 'tutorial_taskflow_api' retrieved from /home/airflow/.local/lib/python3.8/site-packages/airflow/example_dags/tutorial_taskflow_api.py
[2026-03-09T00:12:58.107+0000] {logging_mixin.py:188} INFO - [2026-03-09T00:12:58.106+0000] {dag.py:3047} INFO - Sync 1 DAGs
[2026-03-09T00:12:58.136+0000] {logging_mixin.py:188} INFO - [2026-03-09T00:12:58.136+0000] {dag.py:3834} INFO - Setting next_dagrun for tutorial_taskflow_api to None, run_after=None
[2026-03-09T00:12:58.179+0000] {processor.py:183} INFO - Processing /home/airflow/.local/lib/python3.8/site-packages/airflow/example_dags/tutorial_taskflow_api.py took 0.153 seconds
[2026-03-09T00:13:29.189+0000] {processor.py:161} INFO - Started process (PID=1678) to work on /home/airflow/.local/lib/python3.8/site-packages/airflow/example_dags/tutorial_taskflow_api.py
[2026-03-09T00:13:29.192+0000] {processor.py:830} INFO - Processing file /home/airflow/.local/lib/python3.8/site-packages/airflow/example_dags/tutorial_taskflow_api.py for tasks to queue
[2026-03-09T00:13:29.197+0000] {logging_mixin.py:188} INFO - [2026-03-09T00:13:29.196+0000] {dagbag.py:540} INFO - Filling up the DagBag from /home/airflow/.local/lib/python3.8/site-packages/airflow/example_dags/tutorial_taskflow_api.py
[2026-03-09T00:13:29.218+0000] {processor.py:840} INFO - DAG(s) 'tutorial_taskflow_api' retrieved from /home/airflow/.local/lib/python3.8/site-packages/airflow/example_dags/tutorial_taskflow_api.py
[2026-03-09T00:13:29.284+0000] {logging_mixin.py:188} INFO - [2026-03-09T00:13:29.283+0000] {dag.py:3047} INFO - Sync 1 DAGs
[2026-03-09T00:13:29.329+0000] {logging_mixin.py:188} INFO - [2026-03-09T00:13:29.328+0000] {dag.py:3834} INFO - Setting next_dagrun for tutorial_taskflow_api to None, run_after=None
[2026-03-09T00:13:29.401+0000] {processor.py:183} INFO - Processing /home/airflow/.local/lib/python3.8/site-packages/airflow/example_dags/tutorial_taskflow_api.py took 0.220 seconds
[2026-03-09T00:14:02.611+0000] {processor.py:161} INFO - Started process (PID=1733) to work on /home/airflow/.local/lib/python3.8/site-packages/airflow/example_dags/tutorial_taskflow_api.py
[2026-03-09T00:14:02.614+0000] {processor.py:830} INFO - Processing file /home/airflow/.local/lib/python3.8/site-packages/airflow/example_dags/tutorial_taskflow_api.py for tasks to queue
[2026-03-09T00:14:02.619+0000] {logging_mixin.py:188} INFO - [2026-03-09T00:14:02.618+0000] {dagbag.py:540} INFO - Filling up the DagBag from /home/airflow/.local/lib/python3.8/site-packages/airflow/example_dags/tutorial_taskflow_api.py
[2026-03-09T00:14:02.650+0000] {processor.py:840} INFO - DAG(s) 'tutorial_taskflow_api' retrieved from /home/airflow/.local/lib/python3.8/site-packages/airflow/example_dags/tutorial_taskflow_api.py
[2026-03-09T00:14:02.758+0000] {logging_mixin.py:188} INFO - [2026-03-09T00:14:02.758+0000] {dag.py:3047} INFO - Sync 1 DAGs
[2026-03-09T00:14:02.879+0000] {logging_mixin.py:188} INFO - [2026-03-09T00:14:02.878+0000] {dag.py:3834} INFO - Setting next_dagrun for tutorial_taskflow_api to None, run_after=None
[2026-03-09T00:14:03.008+0000] {processor.py:183} INFO - Processing /home/airflow/.local/lib/python3.8/site-packages/airflow/example_dags/tutorial_taskflow_api.py took 0.411 seconds
[2026-03-09T00:14:33.410+0000] {processor.py:161} INFO - Started process (PID=1789) to work on /home/airflow/.local/lib/python3.8/site-packages/airflow/example_dags/tutorial_taskflow_api.py
[2026-03-09T00:14:33.413+0000] {processor.py:830} INFO - Processing file /home/airflow/.local/lib/python3.8/site-packages/airflow/example_dags/tutorial_taskflow_api.py for tasks to queue
[2026-03-09T00:14:33.418+0000] {logging_mixin.py:188} INFO - [2026-03-09T00:14:33.417+0000] {dagbag.py:540} INFO - Filling up the DagBag from /home/airflow/.local/lib/python3.8/site-packages/airflow/example_dags/tutorial_taskflow_api.py
[2026-03-09T00:14:33.441+0000] {processor.py:840} INFO - DAG(s) 'tutorial_taskflow_api' retrieved from /home/airflow/.local/lib/python3.8/site-packages/airflow/example_dags/tutorial_taskflow_api.py
[2026-03-09T00:14:33.488+0000] {logging_mixin.py:188} INFO - [2026-03-09T00:14:33.488+0000] {dag.py:3047} INFO - Sync 1 DAGs
[2026-03-09T00:14:33.530+0000] {logging_mixin.py:188} INFO - [2026-03-09T00:14:33.530+0000] {dag.py:3834} INFO - Setting next_dagrun for tutorial_taskflow_api to None, run_after=None
[2026-03-09T00:14:33.588+0000] {processor.py:183} INFO - Processing /home/airflow/.local/lib/python3.8/site-packages/airflow/example_dags/tutorial_taskflow_api.py took 0.189 seconds
[2026-03-09T00:15:03.970+0000] {processor.py:161} INFO - Started process (PID=1843) to work on /home/airflow/.local/lib/python3.8/site-packages/airflow/example_dags/tutorial_taskflow_api.py
[2026-03-09T00:15:03.986+0000] {processor.py:830} INFO - Processing file /home/airflow/.local/lib/python3.8/site-packages/airflow/example_dags/tutorial_taskflow_api.py for tasks to queue
[2026-03-09T00:15:04.010+0000] {logging_mixin.py:188} INFO - [2026-03-09T00:15:04.009+0000] {dagbag.py:540} INFO - Filling up the DagBag from /home/airflow/.local/lib/python3.8/site-packages/airflow/example_dags/tutorial_taskflow_api.py
[2026-03-09T00:15:04.050+0000] {processor.py:840} INFO - DAG(s) 'tutorial_taskflow_api' retrieved from /home/airflow/.local/lib/python3.8/site-packages/airflow/example_dags/tutorial_taskflow_api.py
[2026-03-09T00:15:04.138+0000] {logging_mixin.py:188} INFO - [2026-03-09T00:15:04.138+0000] {dag.py:3047} INFO - Sync 1 DAGs
[2026-03-09T00:15:04.181+0000] {logging_mixin.py:188} INFO - [2026-03-09T00:15:04.180+0000] {dag.py:3834} INFO - Setting next_dagrun for tutorial_taskflow_api to None, run_after=None
[2026-03-09T00:15:04.236+0000] {processor.py:183} INFO - Processing /home/airflow/.local/lib/python3.8/site-packages/airflow/example_dags/tutorial_taskflow_api.py took 0.323 seconds
[2026-03-09T00:15:34.657+0000] {processor.py:161} INFO - Started process (PID=1899) to work on /home/airflow/.local/lib/python3.8/site-packages/airflow/example_dags/tutorial_taskflow_api.py
[2026-03-09T00:15:34.662+0000] {processor.py:830} INFO - Processing file /home/airflow/.local/lib/python3.8/site-packages/airflow/example_dags/tutorial_taskflow_api.py for tasks to queue
[2026-03-09T00:15:34.667+0000] {logging_mixin.py:188} INFO - [2026-03-09T00:15:34.666+0000] {dagbag.py:540} INFO - Filling up the DagBag from /home/airflow/.local/lib/python3.8/site-packages/airflow/example_dags/tutorial_taskflow_api.py
[2026-03-09T00:15:34.698+0000] {processor.py:840} INFO - DAG(s) 'tutorial_taskflow_api' retrieved from /home/airflow/.local/lib/python3.8/site-packages/airflow/example_dags/tutorial_taskflow_api.py
[2026-03-09T00:15:34.782+0000] {logging_mixin.py:188} INFO - [2026-03-09T00:15:34.781+0000] {dag.py:3047} INFO - Sync 1 DAGs
[2026-03-09T00:15:34.847+0000] {logging_mixin.py:188} INFO - [2026-03-09T00:15:34.847+0000] {dag.py:3834} INFO - Setting next_dagrun for tutorial_taskflow_api to None, run_after=None
[2026-03-09T00:15:34.911+0000] {processor.py:183} INFO - Processing /home/airflow/.local/lib/python3.8/site-packages/airflow/example_dags/tutorial_taskflow_api.py took 0.263 seconds
[2026-03-09T00:16:05.227+0000] {processor.py:161} INFO - Started process (PID=1955) to work on /home/airflow/.local/lib/python3.8/site-packages/airflow/example_dags/tutorial_taskflow_api.py
[2026-03-09T00:16:05.230+0000] {processor.py:830} INFO - Processing file /home/airflow/.local/lib/python3.8/site-packages/airflow/example_dags/tutorial_taskflow_api.py for tasks to queue
[2026-03-09T00:16:05.234+0000] {logging_mixin.py:188} INFO - [2026-03-09T00:16:05.234+0000] {dagbag.py:540} INFO - Filling up the DagBag from /home/airflow/.local/lib/python3.8/site-packages/airflow/example_dags/tutorial_taskflow_api.py
[2026-03-09T00:16:05.258+0000] {processor.py:840} INFO - DAG(s) 'tutorial_taskflow_api' retrieved from /home/airflow/.local/lib/python3.8/site-packages/airflow/example_dags/tutorial_taskflow_api.py
[2026-03-09T00:16:05.315+0000] {logging_mixin.py:188} INFO - [2026-03-09T00:16:05.315+0000] {dag.py:3047} INFO - Sync 1 DAGs
[2026-03-09T00:16:05.346+0000] {logging_mixin.py:188} INFO - [2026-03-09T00:16:05.345+0000] {dag.py:3834} INFO - Setting next_dagrun for tutorial_taskflow_api to None, run_after=None
[2026-03-09T00:16:05.385+0000] {processor.py:183} INFO - Processing /home/airflow/.local/lib/python3.8/site-packages/airflow/example_dags/tutorial_taskflow_api.py took 0.167 seconds
[2026-03-09T00:16:35.856+0000] {processor.py:161} INFO - Started process (PID=2010) to work on /home/airflow/.local/lib/python3.8/site-packages/airflow/example_dags/tutorial_taskflow_api.py
[2026-03-09T00:16:35.859+0000] {processor.py:830} INFO - Processing file /home/airflow/.local/lib/python3.8/site-packages/airflow/example_dags/tutorial_taskflow_api.py for tasks to queue
[2026-03-09T00:16:35.867+0000] {logging_mixin.py:188} INFO - [2026-03-09T00:16:35.866+0000] {dagbag.py:540} INFO - Filling up the DagBag from /home/airflow/.local/lib/python3.8/site-packages/airflow/example_dags/tutorial_taskflow_api.py
[2026-03-09T00:16:35.889+0000] {processor.py:840} INFO - DAG(s) 'tutorial_taskflow_api' retrieved from /home/airflow/.local/lib/python3.8/site-packages/airflow/example_dags/tutorial_taskflow_api.py
[2026-03-09T00:16:35.937+0000] {logging_mixin.py:188} INFO - [2026-03-09T00:16:35.936+0000] {dag.py:3047} INFO - Sync 1 DAGs
[2026-03-09T00:16:35.964+0000] {logging_mixin.py:188} INFO - [2026-03-09T00:16:35.964+0000] {dag.py:3834} INFO - Setting next_dagrun for tutorial_taskflow_api to None, run_after=None
[2026-03-09T00:16:36.009+0000] {processor.py:183} INFO - Processing /home/airflow/.local/lib/python3.8/site-packages/airflow/example_dags/tutorial_taskflow_api.py took 0.160 seconds
[2026-03-09T00:17:06.617+0000] {processor.py:161} INFO - Started process (PID=2066) to work on /home/airflow/.local/lib/python3.8/site-packages/airflow/example_dags/tutorial_taskflow_api.py
[2026-03-09T00:17:06.620+0000] {processor.py:830} INFO - Processing file /home/airflow/.local/lib/python3.8/site-packages/airflow/example_dags/tutorial_taskflow_api.py for tasks to queue
[2026-03-09T00:17:06.626+0000] {logging_mixin.py:188} INFO - [2026-03-09T00:17:06.626+0000] {dagbag.py:540} INFO - Filling up the DagBag from /home/airflow/.local/lib/python3.8/site-packages/airflow/example_dags/tutorial_taskflow_api.py
[2026-03-09T00:17:06.646+0000] {processor.py:840} INFO - DAG(s) 'tutorial_taskflow_api' retrieved from /home/airflow/.local/lib/python3.8/site-packages/airflow/example_dags/tutorial_taskflow_api.py
[2026-03-09T00:17:06.700+0000] {logging_mixin.py:188} INFO - [2026-03-09T00:17:06.699+0000] {dag.py:3047} INFO - Sync 1 DAGs
[2026-03-09T00:17:06.735+0000] {logging_mixin.py:188} INFO - [2026-03-09T00:17:06.734+0000] {dag.py:3834} INFO - Setting next_dagrun for tutorial_taskflow_api to None, run_after=None
[2026-03-09T00:17:06.791+0000] {processor.py:183} INFO - Processing /home/airflow/.local/lib/python3.8/site-packages/airflow/example_dags/tutorial_taskflow_api.py took 0.185 seconds
[2026-03-09T00:17:37.534+0000] {processor.py:161} INFO - Started process (PID=2122) to work on /home/airflow/.local/lib/python3.8/site-packages/airflow/example_dags/tutorial_taskflow_api.py
[2026-03-09T00:17:37.538+0000] {processor.py:830} INFO - Processing file /home/airflow/.local/lib/python3.8/site-packages/airflow/example_dags/tutorial_taskflow_api.py for tasks to queue
[2026-03-09T00:17:37.549+0000] {logging_mixin.py:188} INFO - [2026-03-09T00:17:37.548+0000] {dagbag.py:540} INFO - Filling up the DagBag from /home/airflow/.local/lib/python3.8/site-packages/airflow/example_dags/tutorial_taskflow_api.py
[2026-03-09T00:17:37.574+0000] {processor.py:840} INFO - DAG(s) 'tutorial_taskflow_api' retrieved from /home/airflow/.local/lib/python3.8/site-packages/airflow/example_dags/tutorial_taskflow_api.py
[2026-03-09T00:17:37.643+0000] {logging_mixin.py:188} INFO - [2026-03-09T00:17:37.643+0000] {dag.py:3047} INFO - Sync 1 DAGs
[2026-03-09T00:17:37.679+0000] {logging_mixin.py:188} INFO - [2026-03-09T00:17:37.678+0000] {dag.py:3834} INFO - Setting next_dagrun for tutorial_taskflow_api to None, run_after=None
[2026-03-09T00:17:37.739+0000] {processor.py:183} INFO - Processing /home/airflow/.local/lib/python3.8/site-packages/airflow/example_dags/tutorial_taskflow_api.py took 0.221 seconds
[2026-03-09T00:18:08.368+0000] {processor.py:161} INFO - Started process (PID=2178) to work on /home/airflow/.local/lib/python3.8/site-packages/airflow/example_dags/tutorial_taskflow_api.py
[2026-03-09T00:18:08.373+0000] {processor.py:830} INFO - Processing file /home/airflow/.local/lib/python3.8/site-packages/airflow/example_dags/tutorial_taskflow_api.py for tasks to queue
[2026-03-09T00:18:08.380+0000] {logging_mixin.py:188} INFO - [2026-03-09T00:18:08.379+0000] {dagbag.py:540} INFO - Filling up the DagBag from /home/airflow/.local/lib/python3.8/site-packages/airflow/example_dags/tutorial_taskflow_api.py
[2026-03-09T00:18:08.409+0000] {processor.py:840} INFO - DAG(s) 'tutorial_taskflow_api' retrieved from /home/airflow/.local/lib/python3.8/site-packages/airflow/example_dags/tutorial_taskflow_api.py
[2026-03-09T00:18:08.501+0000] {logging_mixin.py:188} INFO - [2026-03-09T00:18:08.501+0000] {dag.py:3047} INFO - Sync 1 DAGs
[2026-03-09T00:18:08.543+0000] {logging_mixin.py:188} INFO - [2026-03-09T00:18:08.542+0000] {dag.py:3834} INFO - Setting next_dagrun for tutorial_taskflow_api to None, run_after=None
[2026-03-09T00:18:08.588+0000] {processor.py:183} INFO - Processing /home/airflow/.local/lib/python3.8/site-packages/airflow/example_dags/tutorial_taskflow_api.py took 0.233 seconds
[2026-03-09T00:18:39.104+0000] {processor.py:161} INFO - Started process (PID=2234) to work on /home/airflow/.local/lib/python3.8/site-packages/airflow/example_dags/tutorial_taskflow_api.py
[2026-03-09T00:18:39.108+0000] {processor.py:830} INFO - Processing file /home/airflow/.local/lib/python3.8/site-packages/airflow/example_dags/tutorial_taskflow_api.py for tasks to queue
[2026-03-09T00:18:39.116+0000] {logging_mixin.py:188} INFO - [2026-03-09T00:18:39.114+0000] {dagbag.py:540} INFO - Filling up the DagBag from /home/airflow/.local/lib/python3.8/site-packages/airflow/example_dags/tutorial_taskflow_api.py
[2026-03-09T00:18:39.157+0000] {processor.py:840} INFO - DAG(s) 'tutorial_taskflow_api' retrieved from /home/airflow/.local/lib/python3.8/site-packages/airflow/example_dags/tutorial_taskflow_api.py
[2026-03-09T00:18:39.278+0000] {logging_mixin.py:188} INFO - [2026-03-09T00:18:39.276+0000] {dag.py:3047} INFO - Sync 1 DAGs
[2026-03-09T00:18:39.354+0000] {logging_mixin.py:188} INFO - [2026-03-09T00:18:39.353+0000] {dag.py:3834} INFO - Setting next_dagrun for tutorial_taskflow_api to None, run_after=None
[2026-03-09T00:18:39.427+0000] {processor.py:183} INFO - Processing /home/airflow/.local/lib/python3.8/site-packages/airflow/example_dags/tutorial_taskflow_api.py took 0.335 seconds
[2026-03-09T00:19:10.711+0000] {processor.py:161} INFO - Started process (PID=2291) to work on /home/airflow/.local/lib/python3.8/site-packages/airflow/example_dags/tutorial_taskflow_api.py
[2026-03-09T00:19:10.719+0000] {processor.py:830} INFO - Processing file /home/airflow/.local/lib/python3.8/site-packages/airflow/example_dags/tutorial_taskflow_api.py for tasks to queue
[2026-03-09T00:19:10.732+0000] {logging_mixin.py:188} INFO - [2026-03-09T00:19:10.729+0000] {dagbag.py:540} INFO - Filling up the DagBag from /home/airflow/.local/lib/python3.8/site-packages/airflow/example_dags/tutorial_taskflow_api.py
[2026-03-09T00:19:10.800+0000] {processor.py:840} INFO - DAG(s) 'tutorial_taskflow_api' retrieved from /home/airflow/.local/lib/python3.8/site-packages/airflow/example_dags/tutorial_taskflow_api.py
[2026-03-09T00:19:11.105+0000] {logging_mixin.py:188} INFO - [2026-03-09T00:19:11.104+0000] {dag.py:3047} INFO - Sync 1 DAGs
[2026-03-09T00:19:11.168+0000] {logging_mixin.py:188} INFO - [2026-03-09T00:19:11.168+0000] {dag.py:3834} INFO - Setting next_dagrun for tutorial_taskflow_api to None, run_after=None
[2026-03-09T00:19:11.342+0000] {processor.py:183} INFO - Processing /home/airflow/.local/lib/python3.8/site-packages/airflow/example_dags/tutorial_taskflow_api.py took 0.664 seconds
[2026-03-09T00:19:41.520+0000] {processor.py:161} INFO - Started process (PID=2347) to work on /home/airflow/.local/lib/python3.8/site-packages/airflow/example_dags/tutorial_taskflow_api.py
[2026-03-09T00:19:41.523+0000] {processor.py:830} INFO - Processing file /home/airflow/.local/lib/python3.8/site-packages/airflow/example_dags/tutorial_taskflow_api.py for tasks to queue
[2026-03-09T00:19:41.531+0000] {logging_mixin.py:188} INFO - [2026-03-09T00:19:41.530+0000] {dagbag.py:540} INFO - Filling up the DagBag from /home/airflow/.local/lib/python3.8/site-packages/airflow/example_dags/tutorial_taskflow_api.py
[2026-03-09T00:19:41.555+0000] {processor.py:840} INFO - DAG(s) 'tutorial_taskflow_api' retrieved from /home/airflow/.local/lib/python3.8/site-packages/airflow/example_dags/tutorial_taskflow_api.py
[2026-03-09T00:19:41.635+0000] {logging_mixin.py:188} INFO - [2026-03-09T00:19:41.633+0000] {dag.py:3047} INFO - Sync 1 DAGs
[2026-03-09T00:19:41.699+0000] {logging_mixin.py:188} INFO - [2026-03-09T00:19:41.699+0000] {dag.py:3834} INFO - Setting next_dagrun for tutorial_taskflow_api to None, run_after=None
[2026-03-09T00:19:41.774+0000] {processor.py:183} INFO - Processing /home/airflow/.local/lib/python3.8/site-packages/airflow/example_dags/tutorial_taskflow_api.py took 0.264 seconds
[2026-03-09T00:20:12.546+0000] {processor.py:161} INFO - Started process (PID=2403) to work on /home/airflow/.local/lib/python3.8/site-packages/airflow/example_dags/tutorial_taskflow_api.py
[2026-03-09T00:20:12.551+0000] {processor.py:830} INFO - Processing file /home/airflow/.local/lib/python3.8/site-packages/airflow/example_dags/tutorial_taskflow_api.py for tasks to queue
[2026-03-09T00:20:12.563+0000] {logging_mixin.py:188} INFO - [2026-03-09T00:20:12.559+0000] {dagbag.py:540} INFO - Filling up the DagBag from /home/airflow/.local/lib/python3.8/site-packages/airflow/example_dags/tutorial_taskflow_api.py
[2026-03-09T00:20:12.608+0000] {processor.py:840} INFO - DAG(s) 'tutorial_taskflow_api' retrieved from /home/airflow/.local/lib/python3.8/site-packages/airflow/example_dags/tutorial_taskflow_api.py
[2026-03-09T00:20:12.743+0000] {logging_mixin.py:188} INFO - [2026-03-09T00:20:12.742+0000] {dag.py:3047} INFO - Sync 1 DAGs
[2026-03-09T00:20:12.838+0000] {logging_mixin.py:188} INFO - [2026-03-09T00:20:12.836+0000] {dag.py:3834} INFO - Setting next_dagrun for tutorial_taskflow_api to None, run_after=None
[2026-03-09T00:20:12.918+0000] {processor.py:183} INFO - Processing /home/airflow/.local/lib/python3.8/site-packages/airflow/example_dags/tutorial_taskflow_api.py took 0.393 seconds
[2026-03-09T00:20:43.256+0000] {processor.py:161} INFO - Started process (PID=2459) to work on /home/airflow/.local/lib/python3.8/site-packages/airflow/example_dags/tutorial_taskflow_api.py
[2026-03-09T00:20:43.259+0000] {processor.py:830} INFO - Processing file /home/airflow/.local/lib/python3.8/site-packages/airflow/example_dags/tutorial_taskflow_api.py for tasks to queue
[2026-03-09T00:20:43.264+0000] {logging_mixin.py:188} INFO - [2026-03-09T00:20:43.263+0000] {dagbag.py:540} INFO - Filling up the DagBag from /home/airflow/.local/lib/python3.8/site-packages/airflow/example_dags/tutorial_taskflow_api.py
[2026-03-09T00:20:43.283+0000] {processor.py:840} INFO - DAG(s) 'tutorial_taskflow_api' retrieved from /home/airflow/.local/lib/python3.8/site-packages/airflow/example_dags/tutorial_taskflow_api.py
[2026-03-09T00:20:43.335+0000] {logging_mixin.py:188} INFO - [2026-03-09T00:20:43.335+0000] {dag.py:3047} INFO - Sync 1 DAGs
[2026-03-09T00:20:43.367+0000] {logging_mixin.py:188} INFO - [2026-03-09T00:20:43.366+0000] {dag.py:3834} INFO - Setting next_dagrun for tutorial_taskflow_api to None, run_after=None
[2026-03-09T00:20:43.425+0000] {processor.py:183} INFO - Processing /home/airflow/.local/lib/python3.8/site-packages/airflow/example_dags/tutorial_taskflow_api.py took 0.187 seconds
[2026-03-09T00:21:13.895+0000] {processor.py:161} INFO - Started process (PID=2515) to work on /home/airflow/.local/lib/python3.8/site-packages/airflow/example_dags/tutorial_taskflow_api.py
[2026-03-09T00:21:13.900+0000] {processor.py:830} INFO - Processing file /home/airflow/.local/lib/python3.8/site-packages/airflow/example_dags/tutorial_taskflow_api.py for tasks to queue
[2026-03-09T00:21:13.905+0000] {logging_mixin.py:188} INFO - [2026-03-09T00:21:13.904+0000] {dagbag.py:540} INFO - Filling up the DagBag from /home/airflow/.local/lib/python3.8/site-packages/airflow/example_dags/tutorial_taskflow_api.py
[2026-03-09T00:21:13.918+0000] {processor.py:840} INFO - DAG(s) 'tutorial_taskflow_api' retrieved from /home/airflow/.local/lib/python3.8/site-packages/airflow/example_dags/tutorial_taskflow_api.py
[2026-03-09T00:21:13.971+0000] {logging_mixin.py:188} INFO - [2026-03-09T00:21:13.971+0000] {dag.py:3047} INFO - Sync 1 DAGs
[2026-03-09T00:21:13.998+0000] {logging_mixin.py:188} INFO - [2026-03-09T00:21:13.998+0000] {dag.py:3834} INFO - Setting next_dagrun for tutorial_taskflow_api to None, run_after=None
[2026-03-09T00:21:14.036+0000] {processor.py:183} INFO - Processing /home/airflow/.local/lib/python3.8/site-packages/airflow/example_dags/tutorial_taskflow_api.py took 0.149 seconds
[2026-03-09T00:21:45.415+0000] {processor.py:161} INFO - Started process (PID=2561) to work on /home/airflow/.local/lib/python3.8/site-packages/airflow/example_dags/tutorial_taskflow_api.py
[2026-03-09T00:21:45.419+0000] {processor.py:830} INFO - Processing file /home/airflow/.local/lib/python3.8/site-packages/airflow/example_dags/tutorial_taskflow_api.py for tasks to queue
[2026-03-09T00:21:45.433+0000] {logging_mixin.py:188} INFO - [2026-03-09T00:21:45.432+0000] {dagbag.py:540} INFO - Filling up the DagBag from /home/airflow/.local/lib/python3.8/site-packages/airflow/example_dags/tutorial_taskflow_api.py
[2026-03-09T00:21:45.467+0000] {processor.py:840} INFO - DAG(s) 'tutorial_taskflow_api' retrieved from /home/airflow/.local/lib/python3.8/site-packages/airflow/example_dags/tutorial_taskflow_api.py
[2026-03-09T00:21:45.585+0000] {logging_mixin.py:188} INFO - [2026-03-09T00:21:45.584+0000] {dag.py:3047} INFO - Sync 1 DAGs
[2026-03-09T00:21:45.646+0000] {logging_mixin.py:188} INFO - [2026-03-09T00:21:45.645+0000] {dag.py:3834} INFO - Setting next_dagrun for tutorial_taskflow_api to None, run_after=None
[2026-03-09T00:21:45.775+0000] {processor.py:183} INFO - Processing /home/airflow/.local/lib/python3.8/site-packages/airflow/example_dags/tutorial_taskflow_api.py took 0.383 seconds
[2026-03-09T00:22:16.538+0000] {processor.py:161} INFO - Started process (PID=2618) to work on /home/airflow/.local/lib/python3.8/site-packages/airflow/example_dags/tutorial_taskflow_api.py
[2026-03-09T00:22:16.547+0000] {processor.py:830} INFO - Processing file /home/airflow/.local/lib/python3.8/site-packages/airflow/example_dags/tutorial_taskflow_api.py for tasks to queue
[2026-03-09T00:22:16.563+0000] {logging_mixin.py:188} INFO - [2026-03-09T00:22:16.561+0000] {dagbag.py:540} INFO - Filling up the DagBag from /home/airflow/.local/lib/python3.8/site-packages/airflow/example_dags/tutorial_taskflow_api.py
[2026-03-09T00:22:16.657+0000] {processor.py:840} INFO - DAG(s) 'tutorial_taskflow_api' retrieved from /home/airflow/.local/lib/python3.8/site-packages/airflow/example_dags/tutorial_taskflow_api.py
[2026-03-09T00:22:16.834+0000] {logging_mixin.py:188} INFO - [2026-03-09T00:22:16.833+0000] {dag.py:3047} INFO - Sync 1 DAGs
[2026-03-09T00:22:16.933+0000] {logging_mixin.py:188} INFO - [2026-03-09T00:22:16.932+0000] {dag.py:3834} INFO - Setting next_dagrun for tutorial_taskflow_api to None, run_after=None
[2026-03-09T00:22:17.032+0000] {processor.py:183} INFO - Processing /home/airflow/.local/lib/python3.8/site-packages/airflow/example_dags/tutorial_taskflow_api.py took 0.592 seconds
[2026-03-09T00:22:47.624+0000] {processor.py:161} INFO - Started process (PID=2674) to work on /home/airflow/.local/lib/python3.8/site-packages/airflow/example_dags/tutorial_taskflow_api.py
[2026-03-09T00:22:47.629+0000] {processor.py:830} INFO - Processing file /home/airflow/.local/lib/python3.8/site-packages/airflow/example_dags/tutorial_taskflow_api.py for tasks to queue
[2026-03-09T00:22:47.656+0000] {logging_mixin.py:188} INFO - [2026-03-09T00:22:47.654+0000] {dagbag.py:540} INFO - Filling up the DagBag from /home/airflow/.local/lib/python3.8/site-packages/airflow/example_dags/tutorial_taskflow_api.py
[2026-03-09T00:22:47.744+0000] {processor.py:840} INFO - DAG(s) 'tutorial_taskflow_api' retrieved from /home/airflow/.local/lib/python3.8/site-packages/airflow/example_dags/tutorial_taskflow_api.py
[2026-03-09T00:22:47.887+0000] {logging_mixin.py:188} INFO - [2026-03-09T00:22:47.886+0000] {dag.py:3047} INFO - Sync 1 DAGs
[2026-03-09T00:22:47.958+0000] {logging_mixin.py:188} INFO - [2026-03-09T00:22:47.956+0000] {dag.py:3834} INFO - Setting next_dagrun for tutorial_taskflow_api to None, run_after=None
[2026-03-09T00:22:48.050+0000] {processor.py:183} INFO - Processing /home/airflow/.local/lib/python3.8/site-packages/airflow/example_dags/tutorial_taskflow_api.py took 0.451 seconds
[2026-03-09T00:23:18.379+0000] {processor.py:161} INFO - Started process (PID=2730) to work on /home/airflow/.local/lib/python3.8/site-packages/airflow/example_dags/tutorial_taskflow_api.py
[2026-03-09T00:23:18.385+0000] {processor.py:830} INFO - Processing file /home/airflow/.local/lib/python3.8/site-packages/airflow/example_dags/tutorial_taskflow_api.py for tasks to queue
[2026-03-09T00:23:18.398+0000] {logging_mixin.py:188} INFO - [2026-03-09T00:23:18.396+0000] {dagbag.py:540} INFO - Filling up the DagBag from /home/airflow/.local/lib/python3.8/site-packages/airflow/example_dags/tutorial_taskflow_api.py
[2026-03-09T00:23:18.433+0000] {processor.py:840} INFO - DAG(s) 'tutorial_taskflow_api' retrieved from /home/airflow/.local/lib/python3.8/site-packages/airflow/example_dags/tutorial_taskflow_api.py
[2026-03-09T00:23:18.522+0000] {logging_mixin.py:188} INFO - [2026-03-09T00:23:18.521+0000] {dag.py:3047} INFO - Sync 1 DAGs
[2026-03-09T00:23:18.553+0000] {logging_mixin.py:188} INFO - [2026-03-09T00:23:18.552+0000] {dag.py:3834} INFO - Setting next_dagrun for tutorial_taskflow_api to None, run_after=None
[2026-03-09T00:23:18.601+0000] {processor.py:183} INFO - Processing /home/airflow/.local/lib/python3.8/site-packages/airflow/example_dags/tutorial_taskflow_api.py took 0.246 seconds
[2026-03-09T00:23:48.974+0000] {processor.py:161} INFO - Started process (PID=2786) to work on /home/airflow/.local/lib/python3.8/site-packages/airflow/example_dags/tutorial_taskflow_api.py
[2026-03-09T00:23:48.979+0000] {processor.py:830} INFO - Processing file /home/airflow/.local/lib/python3.8/site-packages/airflow/example_dags/tutorial_taskflow_api.py for tasks to queue
[2026-03-09T00:23:48.987+0000] {logging_mixin.py:188} INFO - [2026-03-09T00:23:48.986+0000] {dagbag.py:540} INFO - Filling up the DagBag from /home/airflow/.local/lib/python3.8/site-packages/airflow/example_dags/tutorial_taskflow_api.py
[2026-03-09T00:23:49.024+0000] {processor.py:840} INFO - DAG(s) 'tutorial_taskflow_api' retrieved from /home/airflow/.local/lib/python3.8/site-packages/airflow/example_dags/tutorial_taskflow_api.py
[2026-03-09T00:23:49.182+0000] {logging_mixin.py:188} INFO - [2026-03-09T00:23:49.176+0000] {dag.py:3047} INFO - Sync 1 DAGs
[2026-03-09T00:23:49.279+0000] {logging_mixin.py:188} INFO - [2026-03-09T00:23:49.278+0000] {dag.py:3834} INFO - Setting next_dagrun for tutorial_taskflow_api to None, run_after=None
[2026-03-09T00:23:49.387+0000] {processor.py:183} INFO - Processing /home/airflow/.local/lib/python3.8/site-packages/airflow/example_dags/tutorial_taskflow_api.py took 0.429 seconds
[2026-03-09T00:24:20.315+0000] {processor.py:161} INFO - Started process (PID=2842) to work on /home/airflow/.local/lib/python3.8/site-packages/airflow/example_dags/tutorial_taskflow_api.py
[2026-03-09T00:24:20.318+0000] {processor.py:830} INFO - Processing file /home/airflow/.local/lib/python3.8/site-packages/airflow/example_dags/tutorial_taskflow_api.py for tasks to queue
[2026-03-09T00:24:20.329+0000] {logging_mixin.py:188} INFO - [2026-03-09T00:24:20.328+0000] {dagbag.py:540} INFO - Filling up the DagBag from /home/airflow/.local/lib/python3.8/site-packages/airflow/example_dags/tutorial_taskflow_api.py
[2026-03-09T00:24:20.355+0000] {processor.py:840} INFO - DAG(s) 'tutorial_taskflow_api' retrieved from /home/airflow/.local/lib/python3.8/site-packages/airflow/example_dags/tutorial_taskflow_api.py
[2026-03-09T00:24:20.427+0000] {logging_mixin.py:188} INFO - [2026-03-09T00:24:20.426+0000] {dag.py:3047} INFO - Sync 1 DAGs
[2026-03-09T00:24:20.483+0000] {logging_mixin.py:188} INFO - [2026-03-09T00:24:20.482+0000] {dag.py:3834} INFO - Setting next_dagrun for tutorial_taskflow_api to None, run_after=None
[2026-03-09T00:24:20.563+0000] {processor.py:183} INFO - Processing /home/airflow/.local/lib/python3.8/site-packages/airflow/example_dags/tutorial_taskflow_api.py took 0.261 seconds
[2026-03-09T00:24:51.258+0000] {processor.py:161} INFO - Started process (PID=2897) to work on /home/airflow/.local/lib/python3.8/site-packages/airflow/example_dags/tutorial_taskflow_api.py
[2026-03-09T00:24:51.262+0000] {processor.py:830} INFO - Processing file /home/airflow/.local/lib/python3.8/site-packages/airflow/example_dags/tutorial_taskflow_api.py for tasks to queue
[2026-03-09T00:24:51.267+0000] {logging_mixin.py:188} INFO - [2026-03-09T00:24:51.267+0000] {dagbag.py:540} INFO - Filling up the DagBag from /home/airflow/.local/lib/python3.8/site-packages/airflow/example_dags/tutorial_taskflow_api.py
[2026-03-09T00:24:51.290+0000] {processor.py:840} INFO - DAG(s) 'tutorial_taskflow_api' retrieved from /home/airflow/.local/lib/python3.8/site-packages/airflow/example_dags/tutorial_taskflow_api.py
[2026-03-09T00:24:51.352+0000] {logging_mixin.py:188} INFO - [2026-03-09T00:24:51.352+0000] {dag.py:3047} INFO - Sync 1 DAGs
[2026-03-09T00:24:51.393+0000] {logging_mixin.py:188} INFO - [2026-03-09T00:24:51.392+0000] {dag.py:3834} INFO - Setting next_dagrun for tutorial_taskflow_api to None, run_after=None
[2026-03-09T00:24:51.455+0000] {processor.py:183} INFO - Processing /home/airflow/.local/lib/python3.8/site-packages/airflow/example_dags/tutorial_taskflow_api.py took 0.206 seconds
[2026-03-09T00:25:27.942+0000] {processor.py:161} INFO - Started process (PID=2958) to work on /home/airflow/.local/lib/python3.8/site-packages/airflow/example_dags/tutorial_taskflow_api.py
[2026-03-09T00:25:27.945+0000] {processor.py:830} INFO - Processing file /home/airflow/.local/lib/python3.8/site-packages/airflow/example_dags/tutorial_taskflow_api.py for tasks to queue
[2026-03-09T00:25:27.959+0000] {logging_mixin.py:188} INFO - [2026-03-09T00:25:27.958+0000] {dagbag.py:540} INFO - Filling up the DagBag from /home/airflow/.local/lib/python3.8/site-packages/airflow/example_dags/tutorial_taskflow_api.py
[2026-03-09T00:25:27.992+0000] {processor.py:840} INFO - DAG(s) 'tutorial_taskflow_api' retrieved from /home/airflow/.local/lib/python3.8/site-packages/airflow/example_dags/tutorial_taskflow_api.py
[2026-03-09T00:25:28.111+0000] {logging_mixin.py:188} INFO - [2026-03-09T00:25:28.110+0000] {dag.py:3047} INFO - Sync 1 DAGs
[2026-03-09T00:25:28.252+0000] {logging_mixin.py:188} INFO - [2026-03-09T00:25:28.252+0000] {dag.py:3834} INFO - Setting next_dagrun for tutorial_taskflow_api to None, run_after=None
[2026-03-09T00:25:28.398+0000] {processor.py:183} INFO - Processing /home/airflow/.local/lib/python3.8/site-packages/airflow/example_dags/tutorial_taskflow_api.py took 0.473 seconds
[2026-03-09T00:25:59.902+0000] {processor.py:161} INFO - Started process (PID=3014) to work on /home/airflow/.local/lib/python3.8/site-packages/airflow/example_dags/tutorial_taskflow_api.py
[2026-03-09T00:25:59.916+0000] {processor.py:830} INFO - Processing file /home/airflow/.local/lib/python3.8/site-packages/airflow/example_dags/tutorial_taskflow_api.py for tasks to queue
[2026-03-09T00:25:59.924+0000] {logging_mixin.py:188} INFO - [2026-03-09T00:25:59.923+0000] {dagbag.py:540} INFO - Filling up the DagBag from /home/airflow/.local/lib/python3.8/site-packages/airflow/example_dags/tutorial_taskflow_api.py
[2026-03-09T00:25:59.967+0000] {processor.py:840} INFO - DAG(s) 'tutorial_taskflow_api' retrieved from /home/airflow/.local/lib/python3.8/site-packages/airflow/example_dags/tutorial_taskflow_api.py
[2026-03-09T00:26:00.120+0000] {logging_mixin.py:188} INFO - [2026-03-09T00:26:00.120+0000] {dag.py:3047} INFO - Sync 1 DAGs
[2026-03-09T00:26:00.235+0000] {logging_mixin.py:188} INFO - [2026-03-09T00:26:00.234+0000] {dag.py:3834} INFO - Setting next_dagrun for tutorial_taskflow_api to None, run_after=None
[2026-03-09T00:26:00.454+0000] {processor.py:183} INFO - Processing /home/airflow/.local/lib/python3.8/site-packages/airflow/example_dags/tutorial_taskflow_api.py took 0.593 seconds
[2026-03-09T00:26:30.885+0000] {processor.py:161} INFO - Started process (PID=3069) to work on /home/airflow/.local/lib/python3.8/site-packages/airflow/example_dags/tutorial_taskflow_api.py
[2026-03-09T00:26:30.889+0000] {processor.py:830} INFO - Processing file /home/airflow/.local/lib/python3.8/site-packages/airflow/example_dags/tutorial_taskflow_api.py for tasks to queue
[2026-03-09T00:26:30.894+0000] {logging_mixin.py:188} INFO - [2026-03-09T00:26:30.893+0000] {dagbag.py:540} INFO - Filling up the DagBag from /home/airflow/.local/lib/python3.8/site-packages/airflow/example_dags/tutorial_taskflow_api.py
[2026-03-09T00:26:30.915+0000] {processor.py:840} INFO - DAG(s) 'tutorial_taskflow_api' retrieved from /home/airflow/.local/lib/python3.8/site-packages/airflow/example_dags/tutorial_taskflow_api.py
[2026-03-09T00:26:30.962+0000] {logging_mixin.py:188} INFO - [2026-03-09T00:26:30.961+0000] {dag.py:3047} INFO - Sync 1 DAGs
[2026-03-09T00:26:30.993+0000] {logging_mixin.py:188} INFO - [2026-03-09T00:26:30.993+0000] {dag.py:3834} INFO - Setting next_dagrun for tutorial_taskflow_api to None, run_after=None
[2026-03-09T00:26:31.053+0000] {processor.py:183} INFO - Processing /home/airflow/.local/lib/python3.8/site-packages/airflow/example_dags/tutorial_taskflow_api.py took 0.178 seconds
[2026-03-09T00:27:01.209+0000] {processor.py:161} INFO - Started process (PID=3124) to work on /home/airflow/.local/lib/python3.8/site-packages/airflow/example_dags/tutorial_taskflow_api.py
[2026-03-09T00:27:01.212+0000] {processor.py:830} INFO - Processing file /home/airflow/.local/lib/python3.8/site-packages/airflow/example_dags/tutorial_taskflow_api.py for tasks to queue
[2026-03-09T00:27:01.218+0000] {logging_mixin.py:188} INFO - [2026-03-09T00:27:01.217+0000] {dagbag.py:540} INFO - Filling up the DagBag from /home/airflow/.local/lib/python3.8/site-packages/airflow/example_dags/tutorial_taskflow_api.py
[2026-03-09T00:27:01.235+0000] {processor.py:840} INFO - DAG(s) 'tutorial_taskflow_api' retrieved from /home/airflow/.local/lib/python3.8/site-packages/airflow/example_dags/tutorial_taskflow_api.py
[2026-03-09T00:27:01.280+0000] {logging_mixin.py:188} INFO - [2026-03-09T00:27:01.279+0000] {dag.py:3047} INFO - Sync 1 DAGs
[2026-03-09T00:27:01.319+0000] {logging_mixin.py:188} INFO - [2026-03-09T00:27:01.308+0000] {dag.py:3834} INFO - Setting next_dagrun for tutorial_taskflow_api to None, run_after=None
[2026-03-09T00:27:01.402+0000] {processor.py:183} INFO - Processing /home/airflow/.local/lib/python3.8/site-packages/airflow/example_dags/tutorial_taskflow_api.py took 0.202 seconds
[2026-03-09T00:27:31.644+0000] {processor.py:161} INFO - Started process (PID=3180) to work on /home/airflow/.local/lib/python3.8/site-packages/airflow/example_dags/tutorial_taskflow_api.py
[2026-03-09T00:27:31.647+0000] {processor.py:830} INFO - Processing file /home/airflow/.local/lib/python3.8/site-packages/airflow/example_dags/tutorial_taskflow_api.py for tasks to queue
[2026-03-09T00:27:31.654+0000] {logging_mixin.py:188} INFO - [2026-03-09T00:27:31.653+0000] {dagbag.py:540} INFO - Filling up the DagBag from /home/airflow/.local/lib/python3.8/site-packages/airflow/example_dags/tutorial_taskflow_api.py
[2026-03-09T00:27:31.674+0000] {processor.py:840} INFO - DAG(s) 'tutorial_taskflow_api' retrieved from /home/airflow/.local/lib/python3.8/site-packages/airflow/example_dags/tutorial_taskflow_api.py
[2026-03-09T00:27:31.737+0000] {logging_mixin.py:188} INFO - [2026-03-09T00:27:31.736+0000] {dag.py:3047} INFO - Sync 1 DAGs
[2026-03-09T00:27:31.768+0000] {logging_mixin.py:188} INFO - [2026-03-09T00:27:31.767+0000] {dag.py:3834} INFO - Setting next_dagrun for tutorial_taskflow_api to None, run_after=None
[2026-03-09T00:27:31.822+0000] {processor.py:183} INFO - Processing /home/airflow/.local/lib/python3.8/site-packages/airflow/example_dags/tutorial_taskflow_api.py took 0.189 seconds
[2026-03-09T00:28:03.128+0000] {processor.py:161} INFO - Started process (PID=3235) to work on /home/airflow/.local/lib/python3.8/site-packages/airflow/example_dags/tutorial_taskflow_api.py
[2026-03-09T00:28:03.131+0000] {processor.py:830} INFO - Processing file /home/airflow/.local/lib/python3.8/site-packages/airflow/example_dags/tutorial_taskflow_api.py for tasks to queue
[2026-03-09T00:28:03.137+0000] {logging_mixin.py:188} INFO - [2026-03-09T00:28:03.136+0000] {dagbag.py:540} INFO - Filling up the DagBag from /home/airflow/.local/lib/python3.8/site-packages/airflow/example_dags/tutorial_taskflow_api.py
[2026-03-09T00:28:03.157+0000] {processor.py:840} INFO - DAG(s) 'tutorial_taskflow_api' retrieved from /home/airflow/.local/lib/python3.8/site-packages/airflow/example_dags/tutorial_taskflow_api.py
[2026-03-09T00:28:03.212+0000] {logging_mixin.py:188} INFO - [2026-03-09T00:28:03.211+0000] {dag.py:3047} INFO - Sync 1 DAGs
[2026-03-09T00:28:03.247+0000] {logging_mixin.py:188} INFO - [2026-03-09T00:28:03.246+0000] {dag.py:3834} INFO - Setting next_dagrun for tutorial_taskflow_api to None, run_after=None
[2026-03-09T00:28:03.306+0000] {processor.py:183} INFO - Processing /home/airflow/.local/lib/python3.8/site-packages/airflow/example_dags/tutorial_taskflow_api.py took 0.188 seconds
[2026-03-09T00:28:34.730+0000] {processor.py:161} INFO - Started process (PID=3291) to work on /home/airflow/.local/lib/python3.8/site-packages/airflow/example_dags/tutorial_taskflow_api.py
[2026-03-09T00:28:34.746+0000] {processor.py:830} INFO - Processing file /home/airflow/.local/lib/python3.8/site-packages/airflow/example_dags/tutorial_taskflow_api.py for tasks to queue
[2026-03-09T00:28:34.778+0000] {logging_mixin.py:188} INFO - [2026-03-09T00:28:34.767+0000] {dagbag.py:540} INFO - Filling up the DagBag from /home/airflow/.local/lib/python3.8/site-packages/airflow/example_dags/tutorial_taskflow_api.py
[2026-03-09T00:28:34.880+0000] {processor.py:840} INFO - DAG(s) 'tutorial_taskflow_api' retrieved from /home/airflow/.local/lib/python3.8/site-packages/airflow/example_dags/tutorial_taskflow_api.py
[2026-03-09T00:28:35.149+0000] {logging_mixin.py:188} INFO - [2026-03-09T00:28:35.148+0000] {dag.py:3047} INFO - Sync 1 DAGs
[2026-03-09T00:28:35.283+0000] {logging_mixin.py:188} INFO - [2026-03-09T00:28:35.282+0000] {dag.py:3834} INFO - Setting next_dagrun for tutorial_taskflow_api to None, run_after=None
[2026-03-09T00:28:35.355+0000] {processor.py:183} INFO - Processing /home/airflow/.local/lib/python3.8/site-packages/airflow/example_dags/tutorial_taskflow_api.py took 0.677 seconds
[2026-03-09T00:29:05.672+0000] {processor.py:161} INFO - Started process (PID=3345) to work on /home/airflow/.local/lib/python3.8/site-packages/airflow/example_dags/tutorial_taskflow_api.py
[2026-03-09T00:29:05.675+0000] {processor.py:830} INFO - Processing file /home/airflow/.local/lib/python3.8/site-packages/airflow/example_dags/tutorial_taskflow_api.py for tasks to queue
[2026-03-09T00:29:05.679+0000] {logging_mixin.py:188} INFO - [2026-03-09T00:29:05.679+0000] {dagbag.py:540} INFO - Filling up the DagBag from /home/airflow/.local/lib/python3.8/site-packages/airflow/example_dags/tutorial_taskflow_api.py
[2026-03-09T00:29:05.698+0000] {processor.py:840} INFO - DAG(s) 'tutorial_taskflow_api' retrieved from /home/airflow/.local/lib/python3.8/site-packages/airflow/example_dags/tutorial_taskflow_api.py
[2026-03-09T00:29:05.750+0000] {logging_mixin.py:188} INFO - [2026-03-09T00:29:05.749+0000] {dag.py:3047} INFO - Sync 1 DAGs
[2026-03-09T00:29:05.789+0000] {logging_mixin.py:188} INFO - [2026-03-09T00:29:05.789+0000] {dag.py:3834} INFO - Setting next_dagrun for tutorial_taskflow_api to None, run_after=None
[2026-03-09T00:29:05.846+0000] {processor.py:183} INFO - Processing /home/airflow/.local/lib/python3.8/site-packages/airflow/example_dags/tutorial_taskflow_api.py took 0.183 seconds
[2026-03-09T00:29:36.271+0000] {processor.py:161} INFO - Started process (PID=3395) to work on /home/airflow/.local/lib/python3.8/site-packages/airflow/example_dags/tutorial_taskflow_api.py
[2026-03-09T00:29:36.275+0000] {processor.py:830} INFO - Processing file /home/airflow/.local/lib/python3.8/site-packages/airflow/example_dags/tutorial_taskflow_api.py for tasks to queue
[2026-03-09T00:29:36.286+0000] {logging_mixin.py:188} INFO - [2026-03-09T00:29:36.285+0000] {dagbag.py:540} INFO - Filling up the DagBag from /home/airflow/.local/lib/python3.8/site-packages/airflow/example_dags/tutorial_taskflow_api.py
[2026-03-09T00:29:36.325+0000] {processor.py:840} INFO - DAG(s) 'tutorial_taskflow_api' retrieved from /home/airflow/.local/lib/python3.8/site-packages/airflow/example_dags/tutorial_taskflow_api.py
[2026-03-09T00:29:36.376+0000] {logging_mixin.py:188} INFO - [2026-03-09T00:29:36.376+0000] {dag.py:3047} INFO - Sync 1 DAGs
[2026-03-09T00:29:36.399+0000] {logging_mixin.py:188} INFO - [2026-03-09T00:29:36.398+0000] {dag.py:3834} INFO - Setting next_dagrun for tutorial_taskflow_api to None, run_after=None
[2026-03-09T00:29:36.435+0000] {processor.py:183} INFO - Processing /home/airflow/.local/lib/python3.8/site-packages/airflow/example_dags/tutorial_taskflow_api.py took 0.178 seconds
[2026-03-09T00:30:06.680+0000] {processor.py:161} INFO - Started process (PID=3451) to work on /home/airflow/.local/lib/python3.8/site-packages/airflow/example_dags/tutorial_taskflow_api.py
[2026-03-09T00:30:06.683+0000] {processor.py:830} INFO - Processing file /home/airflow/.local/lib/python3.8/site-packages/airflow/example_dags/tutorial_taskflow_api.py for tasks to queue
[2026-03-09T00:30:06.689+0000] {logging_mixin.py:188} INFO - [2026-03-09T00:30:06.688+0000] {dagbag.py:540} INFO - Filling up the DagBag from /home/airflow/.local/lib/python3.8/site-packages/airflow/example_dags/tutorial_taskflow_api.py
[2026-03-09T00:30:06.709+0000] {processor.py:840} INFO - DAG(s) 'tutorial_taskflow_api' retrieved from /home/airflow/.local/lib/python3.8/site-packages/airflow/example_dags/tutorial_taskflow_api.py
[2026-03-09T00:30:06.763+0000] {logging_mixin.py:188} INFO - [2026-03-09T00:30:06.763+0000] {dag.py:3047} INFO - Sync 1 DAGs
[2026-03-09T00:30:06.799+0000] {logging_mixin.py:188} INFO - [2026-03-09T00:30:06.798+0000] {dag.py:3834} INFO - Setting next_dagrun for tutorial_taskflow_api to None, run_after=None
[2026-03-09T00:30:06.852+0000] {processor.py:183} INFO - Processing /home/airflow/.local/lib/python3.8/site-packages/airflow/example_dags/tutorial_taskflow_api.py took 0.184 seconds
[2026-03-09T00:30:37.214+0000] {processor.py:161} INFO - Started process (PID=3507) to work on /home/airflow/.local/lib/python3.8/site-packages/airflow/example_dags/tutorial_taskflow_api.py
[2026-03-09T00:30:37.230+0000] {processor.py:830} INFO - Processing file /home/airflow/.local/lib/python3.8/site-packages/airflow/example_dags/tutorial_taskflow_api.py for tasks to queue
[2026-03-09T00:30:37.258+0000] {logging_mixin.py:188} INFO - [2026-03-09T00:30:37.257+0000] {dagbag.py:540} INFO - Filling up the DagBag from /home/airflow/.local/lib/python3.8/site-packages/airflow/example_dags/tutorial_taskflow_api.py
[2026-03-09T00:30:37.287+0000] {processor.py:840} INFO - DAG(s) 'tutorial_taskflow_api' retrieved from /home/airflow/.local/lib/python3.8/site-packages/airflow/example_dags/tutorial_taskflow_api.py
[2026-03-09T00:30:37.380+0000] {logging_mixin.py:188} INFO - [2026-03-09T00:30:37.379+0000] {dag.py:3047} INFO - Sync 1 DAGs
[2026-03-09T00:30:37.422+0000] {logging_mixin.py:188} INFO - [2026-03-09T00:30:37.421+0000] {dag.py:3834} INFO - Setting next_dagrun for tutorial_taskflow_api to None, run_after=None
[2026-03-09T00:30:37.494+0000] {processor.py:183} INFO - Processing /home/airflow/.local/lib/python3.8/site-packages/airflow/example_dags/tutorial_taskflow_api.py took 0.300 seconds
[2026-03-09T00:31:07.754+0000] {processor.py:161} INFO - Started process (PID=3562) to work on /home/airflow/.local/lib/python3.8/site-packages/airflow/example_dags/tutorial_taskflow_api.py
[2026-03-09T00:31:07.757+0000] {processor.py:830} INFO - Processing file /home/airflow/.local/lib/python3.8/site-packages/airflow/example_dags/tutorial_taskflow_api.py for tasks to queue
[2026-03-09T00:31:07.762+0000] {logging_mixin.py:188} INFO - [2026-03-09T00:31:07.762+0000] {dagbag.py:540} INFO - Filling up the DagBag from /home/airflow/.local/lib/python3.8/site-packages/airflow/example_dags/tutorial_taskflow_api.py
[2026-03-09T00:31:07.780+0000] {processor.py:840} INFO - DAG(s) 'tutorial_taskflow_api' retrieved from /home/airflow/.local/lib/python3.8/site-packages/airflow/example_dags/tutorial_taskflow_api.py
[2026-03-09T00:31:07.830+0000] {logging_mixin.py:188} INFO - [2026-03-09T00:31:07.830+0000] {dag.py:3047} INFO - Sync 1 DAGs
[2026-03-09T00:31:07.858+0000] {logging_mixin.py:188} INFO - [2026-03-09T00:31:07.858+0000] {dag.py:3834} INFO - Setting next_dagrun for tutorial_taskflow_api to None, run_after=None
[2026-03-09T00:31:07.906+0000] {processor.py:183} INFO - Processing /home/airflow/.local/lib/python3.8/site-packages/airflow/example_dags/tutorial_taskflow_api.py took 0.160 seconds
[2026-03-09T00:31:38.714+0000] {processor.py:161} INFO - Started process (PID=3619) to work on /home/airflow/.local/lib/python3.8/site-packages/airflow/example_dags/tutorial_taskflow_api.py
[2026-03-09T00:31:38.716+0000] {processor.py:830} INFO - Processing file /home/airflow/.local/lib/python3.8/site-packages/airflow/example_dags/tutorial_taskflow_api.py for tasks to queue
[2026-03-09T00:31:38.721+0000] {logging_mixin.py:188} INFO - [2026-03-09T00:31:38.720+0000] {dagbag.py:540} INFO - Filling up the DagBag from /home/airflow/.local/lib/python3.8/site-packages/airflow/example_dags/tutorial_taskflow_api.py
[2026-03-09T00:31:38.737+0000] {processor.py:840} INFO - DAG(s) 'tutorial_taskflow_api' retrieved from /home/airflow/.local/lib/python3.8/site-packages/airflow/example_dags/tutorial_taskflow_api.py
[2026-03-09T00:31:38.788+0000] {logging_mixin.py:188} INFO - [2026-03-09T00:31:38.788+0000] {dag.py:3047} INFO - Sync 1 DAGs
[2026-03-09T00:31:38.812+0000] {logging_mixin.py:188} INFO - [2026-03-09T00:31:38.811+0000] {dag.py:3834} INFO - Setting next_dagrun for tutorial_taskflow_api to None, run_after=None
[2026-03-09T00:31:38.868+0000] {processor.py:183} INFO - Processing /home/airflow/.local/lib/python3.8/site-packages/airflow/example_dags/tutorial_taskflow_api.py took 0.166 seconds
[2026-03-09T00:32:09.481+0000] {processor.py:161} INFO - Started process (PID=3674) to work on /home/airflow/.local/lib/python3.8/site-packages/airflow/example_dags/tutorial_taskflow_api.py
[2026-03-09T00:32:09.484+0000] {processor.py:830} INFO - Processing file /home/airflow/.local/lib/python3.8/site-packages/airflow/example_dags/tutorial_taskflow_api.py for tasks to queue
[2026-03-09T00:32:09.491+0000] {logging_mixin.py:188} INFO - [2026-03-09T00:32:09.490+0000] {dagbag.py:540} INFO - Filling up the DagBag from /home/airflow/.local/lib/python3.8/site-packages/airflow/example_dags/tutorial_taskflow_api.py
[2026-03-09T00:32:09.517+0000] {processor.py:840} INFO - DAG(s) 'tutorial_taskflow_api' retrieved from /home/airflow/.local/lib/python3.8/site-packages/airflow/example_dags/tutorial_taskflow_api.py
[2026-03-09T00:32:09.633+0000] {logging_mixin.py:188} INFO - [2026-03-09T00:32:09.632+0000] {dag.py:3047} INFO - Sync 1 DAGs
[2026-03-09T00:32:09.766+0000] {logging_mixin.py:188} INFO - [2026-03-09T00:32:09.764+0000] {dag.py:3834} INFO - Setting next_dagrun for tutorial_taskflow_api to None, run_after=None
[2026-03-09T00:32:09.864+0000] {processor.py:183} INFO - Processing /home/airflow/.local/lib/python3.8/site-packages/airflow/example_dags/tutorial_taskflow_api.py took 0.397 seconds
[2026-03-09T00:32:39.972+0000] {processor.py:161} INFO - Started process (PID=3729) to work on /home/airflow/.local/lib/python3.8/site-packages/airflow/example_dags/tutorial_taskflow_api.py
[2026-03-09T00:32:39.974+0000] {processor.py:830} INFO - Processing file /home/airflow/.local/lib/python3.8/site-packages/airflow/example_dags/tutorial_taskflow_api.py for tasks to queue
[2026-03-09T00:32:39.979+0000] {logging_mixin.py:188} INFO - [2026-03-09T00:32:39.978+0000] {dagbag.py:540} INFO - Filling up the DagBag from /home/airflow/.local/lib/python3.8/site-packages/airflow/example_dags/tutorial_taskflow_api.py
[2026-03-09T00:32:39.991+0000] {processor.py:840} INFO - DAG(s) 'tutorial_taskflow_api' retrieved from /home/airflow/.local/lib/python3.8/site-packages/airflow/example_dags/tutorial_taskflow_api.py
[2026-03-09T00:32:40.029+0000] {logging_mixin.py:188} INFO - [2026-03-09T00:32:40.029+0000] {dag.py:3047} INFO - Sync 1 DAGs
[2026-03-09T00:32:40.057+0000] {logging_mixin.py:188} INFO - [2026-03-09T00:32:40.056+0000] {dag.py:3834} INFO - Setting next_dagrun for tutorial_taskflow_api to None, run_after=None
[2026-03-09T00:32:40.112+0000] {processor.py:183} INFO - Processing /home/airflow/.local/lib/python3.8/site-packages/airflow/example_dags/tutorial_taskflow_api.py took 0.147 seconds
[2026-03-09T00:33:10.778+0000] {processor.py:161} INFO - Started process (PID=3785) to work on /home/airflow/.local/lib/python3.8/site-packages/airflow/example_dags/tutorial_taskflow_api.py
[2026-03-09T00:33:10.781+0000] {processor.py:830} INFO - Processing file /home/airflow/.local/lib/python3.8/site-packages/airflow/example_dags/tutorial_taskflow_api.py for tasks to queue
[2026-03-09T00:33:10.787+0000] {logging_mixin.py:188} INFO - [2026-03-09T00:33:10.786+0000] {dagbag.py:540} INFO - Filling up the DagBag from /home/airflow/.local/lib/python3.8/site-packages/airflow/example_dags/tutorial_taskflow_api.py
[2026-03-09T00:33:10.806+0000] {processor.py:840} INFO - DAG(s) 'tutorial_taskflow_api' retrieved from /home/airflow/.local/lib/python3.8/site-packages/airflow/example_dags/tutorial_taskflow_api.py
[2026-03-09T00:33:10.864+0000] {logging_mixin.py:188} INFO - [2026-03-09T00:33:10.863+0000] {dag.py:3047} INFO - Sync 1 DAGs
[2026-03-09T00:33:10.898+0000] {logging_mixin.py:188} INFO - [2026-03-09T00:33:10.898+0000] {dag.py:3834} INFO - Setting next_dagrun for tutorial_taskflow_api to None, run_after=None
[2026-03-09T00:33:10.951+0000] {processor.py:183} INFO - Processing /home/airflow/.local/lib/python3.8/site-packages/airflow/example_dags/tutorial_taskflow_api.py took 0.184 seconds
[2026-03-09T00:33:41.206+0000] {processor.py:161} INFO - Started process (PID=3841) to work on /home/airflow/.local/lib/python3.8/site-packages/airflow/example_dags/tutorial_taskflow_api.py
[2026-03-09T00:33:41.209+0000] {processor.py:830} INFO - Processing file /home/airflow/.local/lib/python3.8/site-packages/airflow/example_dags/tutorial_taskflow_api.py for tasks to queue
[2026-03-09T00:33:41.216+0000] {logging_mixin.py:188} INFO - [2026-03-09T00:33:41.215+0000] {dagbag.py:540} INFO - Filling up the DagBag from /home/airflow/.local/lib/python3.8/site-packages/airflow/example_dags/tutorial_taskflow_api.py
[2026-03-09T00:33:41.236+0000] {processor.py:840} INFO - DAG(s) 'tutorial_taskflow_api' retrieved from /home/airflow/.local/lib/python3.8/site-packages/airflow/example_dags/tutorial_taskflow_api.py
[2026-03-09T00:33:41.327+0000] {logging_mixin.py:188} INFO - [2026-03-09T00:33:41.327+0000] {dag.py:3047} INFO - Sync 1 DAGs
[2026-03-09T00:33:41.440+0000] {logging_mixin.py:188} INFO - [2026-03-09T00:33:41.440+0000] {dag.py:3834} INFO - Setting next_dagrun for tutorial_taskflow_api to None, run_after=None
[2026-03-09T00:33:41.588+0000] {processor.py:183} INFO - Processing /home/airflow/.local/lib/python3.8/site-packages/airflow/example_dags/tutorial_taskflow_api.py took 0.393 seconds
[2026-03-09T00:34:15.210+0000] {processor.py:161} INFO - Started process (PID=3894) to work on /home/airflow/.local/lib/python3.8/site-packages/airflow/example_dags/tutorial_taskflow_api.py
[2026-03-09T00:34:15.214+0000] {processor.py:830} INFO - Processing file /home/airflow/.local/lib/python3.8/site-packages/airflow/example_dags/tutorial_taskflow_api.py for tasks to queue
[2026-03-09T00:34:15.221+0000] {logging_mixin.py:188} INFO - [2026-03-09T00:34:15.220+0000] {dagbag.py:540} INFO - Filling up the DagBag from /home/airflow/.local/lib/python3.8/site-packages/airflow/example_dags/tutorial_taskflow_api.py
[2026-03-09T00:34:15.254+0000] {processor.py:840} INFO - DAG(s) 'tutorial_taskflow_api' retrieved from /home/airflow/.local/lib/python3.8/site-packages/airflow/example_dags/tutorial_taskflow_api.py
[2026-03-09T00:34:15.873+0000] {logging_mixin.py:188} INFO - [2026-03-09T00:34:15.872+0000] {dag.py:3047} INFO - Sync 1 DAGs
[2026-03-09T00:34:15.927+0000] {logging_mixin.py:188} INFO - [2026-03-09T00:34:15.926+0000] {dag.py:3834} INFO - Setting next_dagrun for tutorial_taskflow_api to None, run_after=None
[2026-03-09T00:34:16.012+0000] {processor.py:183} INFO - Processing /home/airflow/.local/lib/python3.8/site-packages/airflow/example_dags/tutorial_taskflow_api.py took 0.814 seconds
[2026-03-09T00:34:46.759+0000] {processor.py:161} INFO - Started process (PID=3949) to work on /home/airflow/.local/lib/python3.8/site-packages/airflow/example_dags/tutorial_taskflow_api.py
[2026-03-09T00:34:46.764+0000] {processor.py:830} INFO - Processing file /home/airflow/.local/lib/python3.8/site-packages/airflow/example_dags/tutorial_taskflow_api.py for tasks to queue
[2026-03-09T00:34:46.774+0000] {logging_mixin.py:188} INFO - [2026-03-09T00:34:46.773+0000] {dagbag.py:540} INFO - Filling up the DagBag from /home/airflow/.local/lib/python3.8/site-packages/airflow/example_dags/tutorial_taskflow_api.py
[2026-03-09T00:34:46.814+0000] {processor.py:840} INFO - DAG(s) 'tutorial_taskflow_api' retrieved from /home/airflow/.local/lib/python3.8/site-packages/airflow/example_dags/tutorial_taskflow_api.py
[2026-03-09T00:34:46.937+0000] {logging_mixin.py:188} INFO - [2026-03-09T00:34:46.936+0000] {dag.py:3047} INFO - Sync 1 DAGs
[2026-03-09T00:34:47.588+0000] {logging_mixin.py:188} INFO - [2026-03-09T00:34:47.588+0000] {dag.py:3834} INFO - Setting next_dagrun for tutorial_taskflow_api to None, run_after=None
[2026-03-09T00:34:47.750+0000] {processor.py:183} INFO - Processing /home/airflow/.local/lib/python3.8/site-packages/airflow/example_dags/tutorial_taskflow_api.py took 1.006 seconds
[2026-03-09T00:35:18.654+0000] {processor.py:161} INFO - Started process (PID=4004) to work on /home/airflow/.local/lib/python3.8/site-packages/airflow/example_dags/tutorial_taskflow_api.py
[2026-03-09T00:35:18.662+0000] {processor.py:830} INFO - Processing file /home/airflow/.local/lib/python3.8/site-packages/airflow/example_dags/tutorial_taskflow_api.py for tasks to queue
[2026-03-09T00:35:18.676+0000] {logging_mixin.py:188} INFO - [2026-03-09T00:35:18.674+0000] {dagbag.py:540} INFO - Filling up the DagBag from /home/airflow/.local/lib/python3.8/site-packages/airflow/example_dags/tutorial_taskflow_api.py
[2026-03-09T00:35:18.730+0000] {processor.py:840} INFO - DAG(s) 'tutorial_taskflow_api' retrieved from /home/airflow/.local/lib/python3.8/site-packages/airflow/example_dags/tutorial_taskflow_api.py
[2026-03-09T00:35:18.803+0000] {logging_mixin.py:188} INFO - [2026-03-09T00:35:18.803+0000] {dag.py:3047} INFO - Sync 1 DAGs
[2026-03-09T00:35:18.834+0000] {logging_mixin.py:188} INFO - [2026-03-09T00:35:18.833+0000] {dag.py:3834} INFO - Setting next_dagrun for tutorial_taskflow_api to None, run_after=None
[2026-03-09T00:35:18.871+0000] {processor.py:183} INFO - Processing /home/airflow/.local/lib/python3.8/site-packages/airflow/example_dags/tutorial_taskflow_api.py took 0.243 seconds
[2026-03-09T00:35:49.169+0000] {processor.py:161} INFO - Started process (PID=4060) to work on /home/airflow/.local/lib/python3.8/site-packages/airflow/example_dags/tutorial_taskflow_api.py
[2026-03-09T00:35:49.179+0000] {processor.py:830} INFO - Processing file /home/airflow/.local/lib/python3.8/site-packages/airflow/example_dags/tutorial_taskflow_api.py for tasks to queue
[2026-03-09T00:35:49.202+0000] {logging_mixin.py:188} INFO - [2026-03-09T00:35:49.192+0000] {dagbag.py:540} INFO - Filling up the DagBag from /home/airflow/.local/lib/python3.8/site-packages/airflow/example_dags/tutorial_taskflow_api.py
[2026-03-09T00:35:49.290+0000] {processor.py:840} INFO - DAG(s) 'tutorial_taskflow_api' retrieved from /home/airflow/.local/lib/python3.8/site-packages/airflow/example_dags/tutorial_taskflow_api.py
[2026-03-09T00:35:49.433+0000] {logging_mixin.py:188} INFO - [2026-03-09T00:35:49.432+0000] {dag.py:3047} INFO - Sync 1 DAGs
[2026-03-09T00:35:49.514+0000] {logging_mixin.py:188} INFO - [2026-03-09T00:35:49.513+0000] {dag.py:3834} INFO - Setting next_dagrun for tutorial_taskflow_api to None, run_after=None
[2026-03-09T00:35:49.665+0000] {processor.py:183} INFO - Processing /home/airflow/.local/lib/python3.8/site-packages/airflow/example_dags/tutorial_taskflow_api.py took 0.532 seconds
[2026-03-09T00:36:20.353+0000] {processor.py:161} INFO - Started process (PID=4116) to work on /home/airflow/.local/lib/python3.8/site-packages/airflow/example_dags/tutorial_taskflow_api.py
[2026-03-09T00:36:20.356+0000] {processor.py:830} INFO - Processing file /home/airflow/.local/lib/python3.8/site-packages/airflow/example_dags/tutorial_taskflow_api.py for tasks to queue
[2026-03-09T00:36:20.362+0000] {logging_mixin.py:188} INFO - [2026-03-09T00:36:20.361+0000] {dagbag.py:540} INFO - Filling up the DagBag from /home/airflow/.local/lib/python3.8/site-packages/airflow/example_dags/tutorial_taskflow_api.py
[2026-03-09T00:36:20.384+0000] {processor.py:840} INFO - DAG(s) 'tutorial_taskflow_api' retrieved from /home/airflow/.local/lib/python3.8/site-packages/airflow/example_dags/tutorial_taskflow_api.py
[2026-03-09T00:36:20.448+0000] {logging_mixin.py:188} INFO - [2026-03-09T00:36:20.448+0000] {dag.py:3047} INFO - Sync 1 DAGs
[2026-03-09T00:36:20.472+0000] {logging_mixin.py:188} INFO - [2026-03-09T00:36:20.471+0000] {dag.py:3834} INFO - Setting next_dagrun for tutorial_taskflow_api to None, run_after=None
[2026-03-09T00:36:20.513+0000] {processor.py:183} INFO - Processing /home/airflow/.local/lib/python3.8/site-packages/airflow/example_dags/tutorial_taskflow_api.py took 0.169 seconds
[2026-03-09T00:36:50.825+0000] {processor.py:161} INFO - Started process (PID=4172) to work on /home/airflow/.local/lib/python3.8/site-packages/airflow/example_dags/tutorial_taskflow_api.py
[2026-03-09T00:36:50.828+0000] {processor.py:830} INFO - Processing file /home/airflow/.local/lib/python3.8/site-packages/airflow/example_dags/tutorial_taskflow_api.py for tasks to queue
[2026-03-09T00:36:50.834+0000] {logging_mixin.py:188} INFO - [2026-03-09T00:36:50.833+0000] {dagbag.py:540} INFO - Filling up the DagBag from /home/airflow/.local/lib/python3.8/site-packages/airflow/example_dags/tutorial_taskflow_api.py
[2026-03-09T00:36:50.855+0000] {processor.py:840} INFO - DAG(s) 'tutorial_taskflow_api' retrieved from /home/airflow/.local/lib/python3.8/site-packages/airflow/example_dags/tutorial_taskflow_api.py
[2026-03-09T00:36:50.912+0000] {logging_mixin.py:188} INFO - [2026-03-09T00:36:50.912+0000] {dag.py:3047} INFO - Sync 1 DAGs
[2026-03-09T00:36:50.943+0000] {logging_mixin.py:188} INFO - [2026-03-09T00:36:50.942+0000] {dag.py:3834} INFO - Setting next_dagrun for tutorial_taskflow_api to None, run_after=None
[2026-03-09T00:36:50.989+0000] {processor.py:183} INFO - Processing /home/airflow/.local/lib/python3.8/site-packages/airflow/example_dags/tutorial_taskflow_api.py took 0.172 seconds
[2026-03-09T00:37:21.224+0000] {processor.py:161} INFO - Started process (PID=4228) to work on /home/airflow/.local/lib/python3.8/site-packages/airflow/example_dags/tutorial_taskflow_api.py
[2026-03-09T00:37:21.228+0000] {processor.py:830} INFO - Processing file /home/airflow/.local/lib/python3.8/site-packages/airflow/example_dags/tutorial_taskflow_api.py for tasks to queue
[2026-03-09T00:37:21.234+0000] {logging_mixin.py:188} INFO - [2026-03-09T00:37:21.234+0000] {dagbag.py:540} INFO - Filling up the DagBag from /home/airflow/.local/lib/python3.8/site-packages/airflow/example_dags/tutorial_taskflow_api.py
[2026-03-09T00:37:21.257+0000] {processor.py:840} INFO - DAG(s) 'tutorial_taskflow_api' retrieved from /home/airflow/.local/lib/python3.8/site-packages/airflow/example_dags/tutorial_taskflow_api.py
[2026-03-09T00:37:21.331+0000] {logging_mixin.py:188} INFO - [2026-03-09T00:37:21.330+0000] {dag.py:3047} INFO - Sync 1 DAGs
[2026-03-09T00:37:21.383+0000] {logging_mixin.py:188} INFO - [2026-03-09T00:37:21.383+0000] {dag.py:3834} INFO - Setting next_dagrun for tutorial_taskflow_api to None, run_after=None
[2026-03-09T00:37:21.431+0000] {processor.py:183} INFO - Processing /home/airflow/.local/lib/python3.8/site-packages/airflow/example_dags/tutorial_taskflow_api.py took 0.219 seconds
[2026-03-09T00:37:51.569+0000] {processor.py:161} INFO - Started process (PID=4284) to work on /home/airflow/.local/lib/python3.8/site-packages/airflow/example_dags/tutorial_taskflow_api.py
[2026-03-09T00:37:51.573+0000] {processor.py:830} INFO - Processing file /home/airflow/.local/lib/python3.8/site-packages/airflow/example_dags/tutorial_taskflow_api.py for tasks to queue
[2026-03-09T00:37:51.579+0000] {logging_mixin.py:188} INFO - [2026-03-09T00:37:51.578+0000] {dagbag.py:540} INFO - Filling up the DagBag from /home/airflow/.local/lib/python3.8/site-packages/airflow/example_dags/tutorial_taskflow_api.py
[2026-03-09T00:37:51.600+0000] {processor.py:840} INFO - DAG(s) 'tutorial_taskflow_api' retrieved from /home/airflow/.local/lib/python3.8/site-packages/airflow/example_dags/tutorial_taskflow_api.py
[2026-03-09T00:37:51.652+0000] {logging_mixin.py:188} INFO - [2026-03-09T00:37:51.651+0000] {dag.py:3047} INFO - Sync 1 DAGs
[2026-03-09T00:37:51.692+0000] {logging_mixin.py:188} INFO - [2026-03-09T00:37:51.691+0000] {dag.py:3834} INFO - Setting next_dagrun for tutorial_taskflow_api to None, run_after=None
[2026-03-09T00:37:51.744+0000] {processor.py:183} INFO - Processing /home/airflow/.local/lib/python3.8/site-packages/airflow/example_dags/tutorial_taskflow_api.py took 0.186 seconds
[2026-03-09T00:38:22.455+0000] {processor.py:161} INFO - Started process (PID=4341) to work on /home/airflow/.local/lib/python3.8/site-packages/airflow/example_dags/tutorial_taskflow_api.py
[2026-03-09T00:38:22.469+0000] {processor.py:830} INFO - Processing file /home/airflow/.local/lib/python3.8/site-packages/airflow/example_dags/tutorial_taskflow_api.py for tasks to queue
[2026-03-09T00:38:22.486+0000] {logging_mixin.py:188} INFO - [2026-03-09T00:38:22.484+0000] {dagbag.py:540} INFO - Filling up the DagBag from /home/airflow/.local/lib/python3.8/site-packages/airflow/example_dags/tutorial_taskflow_api.py
[2026-03-09T00:38:22.535+0000] {processor.py:840} INFO - DAG(s) 'tutorial_taskflow_api' retrieved from /home/airflow/.local/lib/python3.8/site-packages/airflow/example_dags/tutorial_taskflow_api.py
[2026-03-09T00:38:22.615+0000] {logging_mixin.py:188} INFO - [2026-03-09T00:38:22.614+0000] {dag.py:3047} INFO - Sync 1 DAGs
[2026-03-09T00:38:22.702+0000] {logging_mixin.py:188} INFO - [2026-03-09T00:38:22.701+0000] {dag.py:3834} INFO - Setting next_dagrun for tutorial_taskflow_api to None, run_after=None
[2026-03-09T00:38:22.811+0000] {processor.py:183} INFO - Processing /home/airflow/.local/lib/python3.8/site-packages/airflow/example_dags/tutorial_taskflow_api.py took 0.391 seconds
[2026-03-09T00:38:53.570+0000] {processor.py:161} INFO - Started process (PID=4396) to work on /home/airflow/.local/lib/python3.8/site-packages/airflow/example_dags/tutorial_taskflow_api.py
[2026-03-09T00:38:53.575+0000] {processor.py:830} INFO - Processing file /home/airflow/.local/lib/python3.8/site-packages/airflow/example_dags/tutorial_taskflow_api.py for tasks to queue
[2026-03-09T00:38:53.585+0000] {logging_mixin.py:188} INFO - [2026-03-09T00:38:53.583+0000] {dagbag.py:540} INFO - Filling up the DagBag from /home/airflow/.local/lib/python3.8/site-packages/airflow/example_dags/tutorial_taskflow_api.py
[2026-03-09T00:38:53.614+0000] {processor.py:840} INFO - DAG(s) 'tutorial_taskflow_api' retrieved from /home/airflow/.local/lib/python3.8/site-packages/airflow/example_dags/tutorial_taskflow_api.py
[2026-03-09T00:38:53.709+0000] {logging_mixin.py:188} INFO - [2026-03-09T00:38:53.708+0000] {dag.py:3047} INFO - Sync 1 DAGs
[2026-03-09T00:38:53.790+0000] {logging_mixin.py:188} INFO - [2026-03-09T00:38:53.789+0000] {dag.py:3834} INFO - Setting next_dagrun for tutorial_taskflow_api to None, run_after=None
[2026-03-09T00:38:53.897+0000] {processor.py:183} INFO - Processing /home/airflow/.local/lib/python3.8/site-packages/airflow/example_dags/tutorial_taskflow_api.py took 0.342 seconds
