[2026-03-09T00:00:13.921+0000] {processor.py:161} INFO - Started process (PID=258) to work on /home/airflow/.local/lib/python3.8/site-packages/airflow/example_dags/tutorial_dag.py
[2026-03-09T00:00:13.934+0000] {processor.py:830} INFO - Processing file /home/airflow/.local/lib/python3.8/site-packages/airflow/example_dags/tutorial_dag.py for tasks to queue
[2026-03-09T00:00:13.947+0000] {logging_mixin.py:188} INFO - [2026-03-09T00:00:13.946+0000] {dagbag.py:540} INFO - Filling up the DagBag from /home/airflow/.local/lib/python3.8/site-packages/airflow/example_dags/tutorial_dag.py
[2026-03-09T00:00:13.984+0000] {processor.py:840} INFO - DAG(s) 'tutorial_dag' retrieved from /home/airflow/.local/lib/python3.8/site-packages/airflow/example_dags/tutorial_dag.py
[2026-03-09T00:00:14.809+0000] {logging_mixin.py:188} INFO - [2026-03-09T00:00:14.807+0000] {dag.py:3047} INFO - Sync 1 DAGs
[2026-03-09T00:00:14.904+0000] {logging_mixin.py:188} INFO - [2026-03-09T00:00:14.903+0000] {dag.py:3834} INFO - Setting next_dagrun for tutorial_dag to None, run_after=None
[2026-03-09T00:00:15.048+0000] {processor.py:183} INFO - Processing /home/airflow/.local/lib/python3.8/site-packages/airflow/example_dags/tutorial_dag.py took 1.160 seconds
[2026-03-09T00:00:45.930+0000] {processor.py:161} INFO - Started process (PID=313) to work on /home/airflow/.local/lib/python3.8/site-packages/airflow/example_dags/tutorial_dag.py
[2026-03-09T00:00:45.941+0000] {processor.py:830} INFO - Processing file /home/airflow/.local/lib/python3.8/site-packages/airflow/example_dags/tutorial_dag.py for tasks to queue
[2026-03-09T00:00:45.951+0000] {logging_mixin.py:188} INFO - [2026-03-09T00:00:45.950+0000] {dagbag.py:540} INFO - Filling up the DagBag from /home/airflow/.local/lib/python3.8/site-packages/airflow/example_dags/tutorial_dag.py
[2026-03-09T00:00:45.979+0000] {processor.py:840} INFO - DAG(s) 'tutorial_dag' retrieved from /home/airflow/.local/lib/python3.8/site-packages/airflow/example_dags/tutorial_dag.py
[2026-03-09T00:00:46.062+0000] {logging_mixin.py:188} INFO - [2026-03-09T00:00:46.061+0000] {dag.py:3047} INFO - Sync 1 DAGs
[2026-03-09T00:00:46.101+0000] {logging_mixin.py:188} INFO - [2026-03-09T00:00:46.100+0000] {dag.py:3834} INFO - Setting next_dagrun for tutorial_dag to None, run_after=None
[2026-03-09T00:00:46.182+0000] {processor.py:183} INFO - Processing /home/airflow/.local/lib/python3.8/site-packages/airflow/example_dags/tutorial_dag.py took 0.274 seconds
[2026-03-09T00:01:16.663+0000] {processor.py:161} INFO - Started process (PID=368) to work on /home/airflow/.local/lib/python3.8/site-packages/airflow/example_dags/tutorial_dag.py
[2026-03-09T00:01:16.669+0000] {processor.py:830} INFO - Processing file /home/airflow/.local/lib/python3.8/site-packages/airflow/example_dags/tutorial_dag.py for tasks to queue
[2026-03-09T00:01:16.679+0000] {logging_mixin.py:188} INFO - [2026-03-09T00:01:16.678+0000] {dagbag.py:540} INFO - Filling up the DagBag from /home/airflow/.local/lib/python3.8/site-packages/airflow/example_dags/tutorial_dag.py
[2026-03-09T00:01:16.713+0000] {processor.py:840} INFO - DAG(s) 'tutorial_dag' retrieved from /home/airflow/.local/lib/python3.8/site-packages/airflow/example_dags/tutorial_dag.py
[2026-03-09T00:01:16.827+0000] {logging_mixin.py:188} INFO - [2026-03-09T00:01:16.826+0000] {dag.py:3047} INFO - Sync 1 DAGs
[2026-03-09T00:01:16.925+0000] {logging_mixin.py:188} INFO - [2026-03-09T00:01:16.925+0000] {dag.py:3834} INFO - Setting next_dagrun for tutorial_dag to None, run_after=None
[2026-03-09T00:01:17.006+0000] {processor.py:183} INFO - Processing /home/airflow/.local/lib/python3.8/site-packages/airflow/example_dags/tutorial_dag.py took 0.362 seconds
[2026-03-09T00:01:47.922+0000] {processor.py:161} INFO - Started process (PID=422) to work on /home/airflow/.local/lib/python3.8/site-packages/airflow/example_dags/tutorial_dag.py
[2026-03-09T00:01:47.928+0000] {processor.py:830} INFO - Processing file /home/airflow/.local/lib/python3.8/site-packages/airflow/example_dags/tutorial_dag.py for tasks to queue
[2026-03-09T00:01:47.942+0000] {logging_mixin.py:188} INFO - [2026-03-09T00:01:47.940+0000] {dagbag.py:540} INFO - Filling up the DagBag from /home/airflow/.local/lib/python3.8/site-packages/airflow/example_dags/tutorial_dag.py
[2026-03-09T00:01:47.986+0000] {processor.py:840} INFO - DAG(s) 'tutorial_dag' retrieved from /home/airflow/.local/lib/python3.8/site-packages/airflow/example_dags/tutorial_dag.py
[2026-03-09T00:01:48.161+0000] {logging_mixin.py:188} INFO - [2026-03-09T00:01:48.159+0000] {dag.py:3047} INFO - Sync 1 DAGs
[2026-03-09T00:01:48.245+0000] {logging_mixin.py:188} INFO - [2026-03-09T00:01:48.244+0000] {dag.py:3834} INFO - Setting next_dagrun for tutorial_dag to None, run_after=None
[2026-03-09T00:01:49.473+0000] {processor.py:183} INFO - Processing /home/airflow/.local/lib/python3.8/site-packages/airflow/example_dags/tutorial_dag.py took 0.656 seconds
[2026-03-09T00:02:20.576+0000] {processor.py:161} INFO - Started process (PID=477) to work on /home/airflow/.local/lib/python3.8/site-packages/airflow/example_dags/tutorial_dag.py
[2026-03-09T00:02:20.580+0000] {processor.py:830} INFO - Processing file /home/airflow/.local/lib/python3.8/site-packages/airflow/example_dags/tutorial_dag.py for tasks to queue
[2026-03-09T00:02:20.590+0000] {logging_mixin.py:188} INFO - [2026-03-09T00:02:20.588+0000] {dagbag.py:540} INFO - Filling up the DagBag from /home/airflow/.local/lib/python3.8/site-packages/airflow/example_dags/tutorial_dag.py
[2026-03-09T00:02:20.617+0000] {processor.py:840} INFO - DAG(s) 'tutorial_dag' retrieved from /home/airflow/.local/lib/python3.8/site-packages/airflow/example_dags/tutorial_dag.py
[2026-03-09T00:02:20.849+0000] {logging_mixin.py:188} INFO - [2026-03-09T00:02:20.848+0000] {dag.py:3047} INFO - Sync 1 DAGs
[2026-03-09T00:02:20.941+0000] {logging_mixin.py:188} INFO - [2026-03-09T00:02:20.939+0000] {dag.py:3834} INFO - Setting next_dagrun for tutorial_dag to None, run_after=None
[2026-03-09T00:02:21.109+0000] {processor.py:183} INFO - Processing /home/airflow/.local/lib/python3.8/site-packages/airflow/example_dags/tutorial_dag.py took 0.573 seconds
[2026-03-09T00:02:52.426+0000] {processor.py:161} INFO - Started process (PID=533) to work on /home/airflow/.local/lib/python3.8/site-packages/airflow/example_dags/tutorial_dag.py
[2026-03-09T00:02:52.430+0000] {processor.py:830} INFO - Processing file /home/airflow/.local/lib/python3.8/site-packages/airflow/example_dags/tutorial_dag.py for tasks to queue
[2026-03-09T00:02:52.439+0000] {logging_mixin.py:188} INFO - [2026-03-09T00:02:52.437+0000] {dagbag.py:540} INFO - Filling up the DagBag from /home/airflow/.local/lib/python3.8/site-packages/airflow/example_dags/tutorial_dag.py
[2026-03-09T00:02:52.465+0000] {processor.py:840} INFO - DAG(s) 'tutorial_dag' retrieved from /home/airflow/.local/lib/python3.8/site-packages/airflow/example_dags/tutorial_dag.py
[2026-03-09T00:02:52.544+0000] {logging_mixin.py:188} INFO - [2026-03-09T00:02:52.543+0000] {dag.py:3047} INFO - Sync 1 DAGs
[2026-03-09T00:02:52.600+0000] {logging_mixin.py:188} INFO - [2026-03-09T00:02:52.599+0000] {dag.py:3834} INFO - Setting next_dagrun for tutorial_dag to None, run_after=None
[2026-03-09T00:02:52.702+0000] {processor.py:183} INFO - Processing /home/airflow/.local/lib/python3.8/site-packages/airflow/example_dags/tutorial_dag.py took 0.290 seconds
[2026-03-09T00:03:23.447+0000] {processor.py:161} INFO - Started process (PID=588) to work on /home/airflow/.local/lib/python3.8/site-packages/airflow/example_dags/tutorial_dag.py
[2026-03-09T00:03:23.450+0000] {processor.py:830} INFO - Processing file /home/airflow/.local/lib/python3.8/site-packages/airflow/example_dags/tutorial_dag.py for tasks to queue
[2026-03-09T00:03:23.457+0000] {logging_mixin.py:188} INFO - [2026-03-09T00:03:23.456+0000] {dagbag.py:540} INFO - Filling up the DagBag from /home/airflow/.local/lib/python3.8/site-packages/airflow/example_dags/tutorial_dag.py
[2026-03-09T00:03:23.474+0000] {processor.py:840} INFO - DAG(s) 'tutorial_dag' retrieved from /home/airflow/.local/lib/python3.8/site-packages/airflow/example_dags/tutorial_dag.py
[2026-03-09T00:03:23.527+0000] {logging_mixin.py:188} INFO - [2026-03-09T00:03:23.527+0000] {dag.py:3047} INFO - Sync 1 DAGs
[2026-03-09T00:03:23.554+0000] {logging_mixin.py:188} INFO - [2026-03-09T00:03:23.554+0000] {dag.py:3834} INFO - Setting next_dagrun for tutorial_dag to None, run_after=None
[2026-03-09T00:03:23.607+0000] {processor.py:183} INFO - Processing /home/airflow/.local/lib/python3.8/site-packages/airflow/example_dags/tutorial_dag.py took 0.172 seconds
[2026-03-09T00:03:53.813+0000] {processor.py:161} INFO - Started process (PID=643) to work on /home/airflow/.local/lib/python3.8/site-packages/airflow/example_dags/tutorial_dag.py
[2026-03-09T00:03:53.816+0000] {processor.py:830} INFO - Processing file /home/airflow/.local/lib/python3.8/site-packages/airflow/example_dags/tutorial_dag.py for tasks to queue
[2026-03-09T00:03:53.823+0000] {logging_mixin.py:188} INFO - [2026-03-09T00:03:53.821+0000] {dagbag.py:540} INFO - Filling up the DagBag from /home/airflow/.local/lib/python3.8/site-packages/airflow/example_dags/tutorial_dag.py
[2026-03-09T00:03:53.855+0000] {processor.py:840} INFO - DAG(s) 'tutorial_dag' retrieved from /home/airflow/.local/lib/python3.8/site-packages/airflow/example_dags/tutorial_dag.py
[2026-03-09T00:03:53.978+0000] {logging_mixin.py:188} INFO - [2026-03-09T00:03:53.977+0000] {dag.py:3047} INFO - Sync 1 DAGs
[2026-03-09T00:03:54.080+0000] {logging_mixin.py:188} INFO - [2026-03-09T00:03:54.079+0000] {dag.py:3834} INFO - Setting next_dagrun for tutorial_dag to None, run_after=None
[2026-03-09T00:03:54.184+0000] {processor.py:183} INFO - Processing /home/airflow/.local/lib/python3.8/site-packages/airflow/example_dags/tutorial_dag.py took 0.383 seconds
[2026-03-09T00:04:25.104+0000] {processor.py:161} INFO - Started process (PID=698) to work on /home/airflow/.local/lib/python3.8/site-packages/airflow/example_dags/tutorial_dag.py
[2026-03-09T00:04:25.108+0000] {processor.py:830} INFO - Processing file /home/airflow/.local/lib/python3.8/site-packages/airflow/example_dags/tutorial_dag.py for tasks to queue
[2026-03-09T00:04:25.122+0000] {logging_mixin.py:188} INFO - [2026-03-09T00:04:25.121+0000] {dagbag.py:540} INFO - Filling up the DagBag from /home/airflow/.local/lib/python3.8/site-packages/airflow/example_dags/tutorial_dag.py
[2026-03-09T00:04:25.158+0000] {processor.py:840} INFO - DAG(s) 'tutorial_dag' retrieved from /home/airflow/.local/lib/python3.8/site-packages/airflow/example_dags/tutorial_dag.py
[2026-03-09T00:04:25.272+0000] {logging_mixin.py:188} INFO - [2026-03-09T00:04:25.270+0000] {dag.py:3047} INFO - Sync 1 DAGs
[2026-03-09T00:04:25.339+0000] {logging_mixin.py:188} INFO - [2026-03-09T00:04:25.338+0000] {dag.py:3834} INFO - Setting next_dagrun for tutorial_dag to None, run_after=None
[2026-03-09T00:04:25.468+0000] {processor.py:183} INFO - Processing /home/airflow/.local/lib/python3.8/site-packages/airflow/example_dags/tutorial_dag.py took 0.386 seconds
[2026-03-09T00:04:56.729+0000] {processor.py:161} INFO - Started process (PID=753) to work on /home/airflow/.local/lib/python3.8/site-packages/airflow/example_dags/tutorial_dag.py
[2026-03-09T00:04:56.732+0000] {processor.py:830} INFO - Processing file /home/airflow/.local/lib/python3.8/site-packages/airflow/example_dags/tutorial_dag.py for tasks to queue
[2026-03-09T00:04:56.738+0000] {logging_mixin.py:188} INFO - [2026-03-09T00:04:56.737+0000] {dagbag.py:540} INFO - Filling up the DagBag from /home/airflow/.local/lib/python3.8/site-packages/airflow/example_dags/tutorial_dag.py
[2026-03-09T00:04:56.757+0000] {processor.py:840} INFO - DAG(s) 'tutorial_dag' retrieved from /home/airflow/.local/lib/python3.8/site-packages/airflow/example_dags/tutorial_dag.py
[2026-03-09T00:04:56.838+0000] {logging_mixin.py:188} INFO - [2026-03-09T00:04:56.837+0000] {dag.py:3047} INFO - Sync 1 DAGs
[2026-03-09T00:04:56.896+0000] {logging_mixin.py:188} INFO - [2026-03-09T00:04:56.895+0000] {dag.py:3834} INFO - Setting next_dagrun for tutorial_dag to None, run_after=None
[2026-03-09T00:04:56.979+0000] {processor.py:183} INFO - Processing /home/airflow/.local/lib/python3.8/site-packages/airflow/example_dags/tutorial_dag.py took 0.264 seconds
[2026-03-09T00:05:27.736+0000] {processor.py:161} INFO - Started process (PID=808) to work on /home/airflow/.local/lib/python3.8/site-packages/airflow/example_dags/tutorial_dag.py
[2026-03-09T00:05:27.739+0000] {processor.py:830} INFO - Processing file /home/airflow/.local/lib/python3.8/site-packages/airflow/example_dags/tutorial_dag.py for tasks to queue
[2026-03-09T00:05:27.744+0000] {logging_mixin.py:188} INFO - [2026-03-09T00:05:27.743+0000] {dagbag.py:540} INFO - Filling up the DagBag from /home/airflow/.local/lib/python3.8/site-packages/airflow/example_dags/tutorial_dag.py
[2026-03-09T00:05:27.769+0000] {processor.py:840} INFO - DAG(s) 'tutorial_dag' retrieved from /home/airflow/.local/lib/python3.8/site-packages/airflow/example_dags/tutorial_dag.py
[2026-03-09T00:05:27.885+0000] {logging_mixin.py:188} INFO - [2026-03-09T00:05:27.884+0000] {dag.py:3047} INFO - Sync 1 DAGs
[2026-03-09T00:05:27.943+0000] {logging_mixin.py:188} INFO - [2026-03-09T00:05:27.942+0000] {dag.py:3834} INFO - Setting next_dagrun for tutorial_dag to None, run_after=None
[2026-03-09T00:05:28.043+0000] {processor.py:183} INFO - Processing /home/airflow/.local/lib/python3.8/site-packages/airflow/example_dags/tutorial_dag.py took 0.321 seconds
[2026-03-09T00:05:59.536+0000] {processor.py:161} INFO - Started process (PID=864) to work on /home/airflow/.local/lib/python3.8/site-packages/airflow/example_dags/tutorial_dag.py
[2026-03-09T00:05:59.549+0000] {processor.py:830} INFO - Processing file /home/airflow/.local/lib/python3.8/site-packages/airflow/example_dags/tutorial_dag.py for tasks to queue
[2026-03-09T00:05:59.572+0000] {logging_mixin.py:188} INFO - [2026-03-09T00:05:59.565+0000] {dagbag.py:540} INFO - Filling up the DagBag from /home/airflow/.local/lib/python3.8/site-packages/airflow/example_dags/tutorial_dag.py
[2026-03-09T00:05:59.615+0000] {processor.py:840} INFO - DAG(s) 'tutorial_dag' retrieved from /home/airflow/.local/lib/python3.8/site-packages/airflow/example_dags/tutorial_dag.py
[2026-03-09T00:05:59.742+0000] {logging_mixin.py:188} INFO - [2026-03-09T00:05:59.741+0000] {dag.py:3047} INFO - Sync 1 DAGs
[2026-03-09T00:05:59.820+0000] {logging_mixin.py:188} INFO - [2026-03-09T00:05:59.820+0000] {dag.py:3834} INFO - Setting next_dagrun for tutorial_dag to None, run_after=None
[2026-03-09T00:05:59.908+0000] {processor.py:183} INFO - Processing /home/airflow/.local/lib/python3.8/site-packages/airflow/example_dags/tutorial_dag.py took 0.438 seconds
[2026-03-09T00:06:32.447+0000] {processor.py:161} INFO - Started process (PID=919) to work on /home/airflow/.local/lib/python3.8/site-packages/airflow/example_dags/tutorial_dag.py
[2026-03-09T00:06:32.464+0000] {processor.py:830} INFO - Processing file /home/airflow/.local/lib/python3.8/site-packages/airflow/example_dags/tutorial_dag.py for tasks to queue
[2026-03-09T00:06:32.497+0000] {logging_mixin.py:188} INFO - [2026-03-09T00:06:32.495+0000] {dagbag.py:540} INFO - Filling up the DagBag from /home/airflow/.local/lib/python3.8/site-packages/airflow/example_dags/tutorial_dag.py
[2026-03-09T00:06:32.545+0000] {processor.py:840} INFO - DAG(s) 'tutorial_dag' retrieved from /home/airflow/.local/lib/python3.8/site-packages/airflow/example_dags/tutorial_dag.py
[2026-03-09T00:06:32.679+0000] {logging_mixin.py:188} INFO - [2026-03-09T00:06:32.678+0000] {dag.py:3047} INFO - Sync 1 DAGs
[2026-03-09T00:06:32.830+0000] {logging_mixin.py:188} INFO - [2026-03-09T00:06:32.829+0000] {dag.py:3834} INFO - Setting next_dagrun for tutorial_dag to None, run_after=None
[2026-03-09T00:06:33.074+0000] {processor.py:183} INFO - Processing /home/airflow/.local/lib/python3.8/site-packages/airflow/example_dags/tutorial_dag.py took 0.677 seconds
[2026-03-09T00:07:03.461+0000] {processor.py:161} INFO - Started process (PID=975) to work on /home/airflow/.local/lib/python3.8/site-packages/airflow/example_dags/tutorial_dag.py
[2026-03-09T00:07:03.465+0000] {processor.py:830} INFO - Processing file /home/airflow/.local/lib/python3.8/site-packages/airflow/example_dags/tutorial_dag.py for tasks to queue
[2026-03-09T00:07:03.481+0000] {logging_mixin.py:188} INFO - [2026-03-09T00:07:03.480+0000] {dagbag.py:540} INFO - Filling up the DagBag from /home/airflow/.local/lib/python3.8/site-packages/airflow/example_dags/tutorial_dag.py
[2026-03-09T00:07:03.519+0000] {processor.py:840} INFO - DAG(s) 'tutorial_dag' retrieved from /home/airflow/.local/lib/python3.8/site-packages/airflow/example_dags/tutorial_dag.py
[2026-03-09T00:07:03.614+0000] {logging_mixin.py:188} INFO - [2026-03-09T00:07:03.613+0000] {dag.py:3047} INFO - Sync 1 DAGs
[2026-03-09T00:07:03.652+0000] {logging_mixin.py:188} INFO - [2026-03-09T00:07:03.652+0000] {dag.py:3834} INFO - Setting next_dagrun for tutorial_dag to None, run_after=None
[2026-03-09T00:07:03.703+0000] {processor.py:183} INFO - Processing /home/airflow/.local/lib/python3.8/site-packages/airflow/example_dags/tutorial_dag.py took 0.260 seconds
[2026-03-09T00:07:34.065+0000] {processor.py:161} INFO - Started process (PID=1030) to work on /home/airflow/.local/lib/python3.8/site-packages/airflow/example_dags/tutorial_dag.py
[2026-03-09T00:07:34.068+0000] {processor.py:830} INFO - Processing file /home/airflow/.local/lib/python3.8/site-packages/airflow/example_dags/tutorial_dag.py for tasks to queue
[2026-03-09T00:07:34.074+0000] {logging_mixin.py:188} INFO - [2026-03-09T00:07:34.073+0000] {dagbag.py:540} INFO - Filling up the DagBag from /home/airflow/.local/lib/python3.8/site-packages/airflow/example_dags/tutorial_dag.py
[2026-03-09T00:07:34.090+0000] {processor.py:840} INFO - DAG(s) 'tutorial_dag' retrieved from /home/airflow/.local/lib/python3.8/site-packages/airflow/example_dags/tutorial_dag.py
[2026-03-09T00:07:34.140+0000] {logging_mixin.py:188} INFO - [2026-03-09T00:07:34.139+0000] {dag.py:3047} INFO - Sync 1 DAGs
[2026-03-09T00:07:34.166+0000] {logging_mixin.py:188} INFO - [2026-03-09T00:07:34.165+0000] {dag.py:3834} INFO - Setting next_dagrun for tutorial_dag to None, run_after=None
[2026-03-09T00:07:34.208+0000] {processor.py:183} INFO - Processing /home/airflow/.local/lib/python3.8/site-packages/airflow/example_dags/tutorial_dag.py took 0.152 seconds
[2026-03-09T00:08:04.490+0000] {processor.py:161} INFO - Started process (PID=1084) to work on /home/airflow/.local/lib/python3.8/site-packages/airflow/example_dags/tutorial_dag.py
[2026-03-09T00:08:04.494+0000] {processor.py:830} INFO - Processing file /home/airflow/.local/lib/python3.8/site-packages/airflow/example_dags/tutorial_dag.py for tasks to queue
[2026-03-09T00:08:04.505+0000] {logging_mixin.py:188} INFO - [2026-03-09T00:08:04.502+0000] {dagbag.py:540} INFO - Filling up the DagBag from /home/airflow/.local/lib/python3.8/site-packages/airflow/example_dags/tutorial_dag.py
[2026-03-09T00:08:04.528+0000] {processor.py:840} INFO - DAG(s) 'tutorial_dag' retrieved from /home/airflow/.local/lib/python3.8/site-packages/airflow/example_dags/tutorial_dag.py
[2026-03-09T00:08:04.596+0000] {logging_mixin.py:188} INFO - [2026-03-09T00:08:04.595+0000] {dag.py:3047} INFO - Sync 1 DAGs
[2026-03-09T00:08:04.639+0000] {logging_mixin.py:188} INFO - [2026-03-09T00:08:04.639+0000] {dag.py:3834} INFO - Setting next_dagrun for tutorial_dag to None, run_after=None
[2026-03-09T00:08:04.692+0000] {processor.py:183} INFO - Processing /home/airflow/.local/lib/python3.8/site-packages/airflow/example_dags/tutorial_dag.py took 0.213 seconds
[2026-03-09T00:08:35.013+0000] {processor.py:161} INFO - Started process (PID=1138) to work on /home/airflow/.local/lib/python3.8/site-packages/airflow/example_dags/tutorial_dag.py
[2026-03-09T00:08:35.018+0000] {processor.py:830} INFO - Processing file /home/airflow/.local/lib/python3.8/site-packages/airflow/example_dags/tutorial_dag.py for tasks to queue
[2026-03-09T00:08:35.025+0000] {logging_mixin.py:188} INFO - [2026-03-09T00:08:35.023+0000] {dagbag.py:540} INFO - Filling up the DagBag from /home/airflow/.local/lib/python3.8/site-packages/airflow/example_dags/tutorial_dag.py
[2026-03-09T00:08:35.044+0000] {processor.py:840} INFO - DAG(s) 'tutorial_dag' retrieved from /home/airflow/.local/lib/python3.8/site-packages/airflow/example_dags/tutorial_dag.py
[2026-03-09T00:08:35.121+0000] {logging_mixin.py:188} INFO - [2026-03-09T00:08:35.120+0000] {dag.py:3047} INFO - Sync 1 DAGs
[2026-03-09T00:08:35.177+0000] {logging_mixin.py:188} INFO - [2026-03-09T00:08:35.176+0000] {dag.py:3834} INFO - Setting next_dagrun for tutorial_dag to None, run_after=None
[2026-03-09T00:08:35.256+0000] {processor.py:183} INFO - Processing /home/airflow/.local/lib/python3.8/site-packages/airflow/example_dags/tutorial_dag.py took 0.257 seconds
[2026-03-09T00:09:06.204+0000] {processor.py:161} INFO - Started process (PID=1194) to work on /home/airflow/.local/lib/python3.8/site-packages/airflow/example_dags/tutorial_dag.py
[2026-03-09T00:09:06.208+0000] {processor.py:830} INFO - Processing file /home/airflow/.local/lib/python3.8/site-packages/airflow/example_dags/tutorial_dag.py for tasks to queue
[2026-03-09T00:09:06.221+0000] {logging_mixin.py:188} INFO - [2026-03-09T00:09:06.220+0000] {dagbag.py:540} INFO - Filling up the DagBag from /home/airflow/.local/lib/python3.8/site-packages/airflow/example_dags/tutorial_dag.py
[2026-03-09T00:09:06.256+0000] {processor.py:840} INFO - DAG(s) 'tutorial_dag' retrieved from /home/airflow/.local/lib/python3.8/site-packages/airflow/example_dags/tutorial_dag.py
[2026-03-09T00:09:06.369+0000] {logging_mixin.py:188} INFO - [2026-03-09T00:09:06.367+0000] {dag.py:3047} INFO - Sync 1 DAGs
[2026-03-09T00:09:06.450+0000] {logging_mixin.py:188} INFO - [2026-03-09T00:09:06.449+0000] {dag.py:3834} INFO - Setting next_dagrun for tutorial_dag to None, run_after=None
[2026-03-09T00:09:06.569+0000] {processor.py:183} INFO - Processing /home/airflow/.local/lib/python3.8/site-packages/airflow/example_dags/tutorial_dag.py took 0.381 seconds
[2026-03-09T00:09:37.159+0000] {processor.py:161} INFO - Started process (PID=1250) to work on /home/airflow/.local/lib/python3.8/site-packages/airflow/example_dags/tutorial_dag.py
[2026-03-09T00:09:37.165+0000] {processor.py:830} INFO - Processing file /home/airflow/.local/lib/python3.8/site-packages/airflow/example_dags/tutorial_dag.py for tasks to queue
[2026-03-09T00:09:37.172+0000] {logging_mixin.py:188} INFO - [2026-03-09T00:09:37.171+0000] {dagbag.py:540} INFO - Filling up the DagBag from /home/airflow/.local/lib/python3.8/site-packages/airflow/example_dags/tutorial_dag.py
[2026-03-09T00:09:37.193+0000] {processor.py:840} INFO - DAG(s) 'tutorial_dag' retrieved from /home/airflow/.local/lib/python3.8/site-packages/airflow/example_dags/tutorial_dag.py
[2026-03-09T00:09:37.275+0000] {logging_mixin.py:188} INFO - [2026-03-09T00:09:37.274+0000] {dag.py:3047} INFO - Sync 1 DAGs
[2026-03-09T00:09:37.339+0000] {logging_mixin.py:188} INFO - [2026-03-09T00:09:37.338+0000] {dag.py:3834} INFO - Setting next_dagrun for tutorial_dag to None, run_after=None
[2026-03-09T00:09:37.436+0000] {processor.py:183} INFO - Processing /home/airflow/.local/lib/python3.8/site-packages/airflow/example_dags/tutorial_dag.py took 0.299 seconds
[2026-03-09T00:10:07.954+0000] {processor.py:161} INFO - Started process (PID=1307) to work on /home/airflow/.local/lib/python3.8/site-packages/airflow/example_dags/tutorial_dag.py
[2026-03-09T00:10:07.957+0000] {processor.py:830} INFO - Processing file /home/airflow/.local/lib/python3.8/site-packages/airflow/example_dags/tutorial_dag.py for tasks to queue
[2026-03-09T00:10:07.965+0000] {logging_mixin.py:188} INFO - [2026-03-09T00:10:07.964+0000] {dagbag.py:540} INFO - Filling up the DagBag from /home/airflow/.local/lib/python3.8/site-packages/airflow/example_dags/tutorial_dag.py
[2026-03-09T00:10:07.997+0000] {processor.py:840} INFO - DAG(s) 'tutorial_dag' retrieved from /home/airflow/.local/lib/python3.8/site-packages/airflow/example_dags/tutorial_dag.py
[2026-03-09T00:10:08.080+0000] {logging_mixin.py:188} INFO - [2026-03-09T00:10:08.079+0000] {dag.py:3047} INFO - Sync 1 DAGs
[2026-03-09T00:10:08.130+0000] {logging_mixin.py:188} INFO - [2026-03-09T00:10:08.130+0000] {dag.py:3834} INFO - Setting next_dagrun for tutorial_dag to None, run_after=None
[2026-03-09T00:10:08.174+0000] {processor.py:183} INFO - Processing /home/airflow/.local/lib/python3.8/site-packages/airflow/example_dags/tutorial_dag.py took 0.231 seconds
[2026-03-09T00:10:39.729+0000] {processor.py:161} INFO - Started process (PID=1363) to work on /home/airflow/.local/lib/python3.8/site-packages/airflow/example_dags/tutorial_dag.py
[2026-03-09T00:10:39.737+0000] {processor.py:830} INFO - Processing file /home/airflow/.local/lib/python3.8/site-packages/airflow/example_dags/tutorial_dag.py for tasks to queue
[2026-03-09T00:10:39.751+0000] {logging_mixin.py:188} INFO - [2026-03-09T00:10:39.747+0000] {dagbag.py:540} INFO - Filling up the DagBag from /home/airflow/.local/lib/python3.8/site-packages/airflow/example_dags/tutorial_dag.py
[2026-03-09T00:10:39.785+0000] {processor.py:840} INFO - DAG(s) 'tutorial_dag' retrieved from /home/airflow/.local/lib/python3.8/site-packages/airflow/example_dags/tutorial_dag.py
[2026-03-09T00:10:39.963+0000] {logging_mixin.py:188} INFO - [2026-03-09T00:10:39.962+0000] {dag.py:3047} INFO - Sync 1 DAGs
[2026-03-09T00:10:40.073+0000] {logging_mixin.py:188} INFO - [2026-03-09T00:10:40.072+0000] {dag.py:3834} INFO - Setting next_dagrun for tutorial_dag to None, run_after=None
[2026-03-09T00:10:40.229+0000] {processor.py:183} INFO - Processing /home/airflow/.local/lib/python3.8/site-packages/airflow/example_dags/tutorial_dag.py took 0.519 seconds
[2026-03-09T00:11:11.263+0000] {processor.py:161} INFO - Started process (PID=1420) to work on /home/airflow/.local/lib/python3.8/site-packages/airflow/example_dags/tutorial_dag.py
[2026-03-09T00:11:11.266+0000] {processor.py:830} INFO - Processing file /home/airflow/.local/lib/python3.8/site-packages/airflow/example_dags/tutorial_dag.py for tasks to queue
[2026-03-09T00:11:11.272+0000] {logging_mixin.py:188} INFO - [2026-03-09T00:11:11.271+0000] {dagbag.py:540} INFO - Filling up the DagBag from /home/airflow/.local/lib/python3.8/site-packages/airflow/example_dags/tutorial_dag.py
[2026-03-09T00:11:11.288+0000] {processor.py:840} INFO - DAG(s) 'tutorial_dag' retrieved from /home/airflow/.local/lib/python3.8/site-packages/airflow/example_dags/tutorial_dag.py
[2026-03-09T00:11:11.358+0000] {logging_mixin.py:188} INFO - [2026-03-09T00:11:11.357+0000] {dag.py:3047} INFO - Sync 1 DAGs
[2026-03-09T00:11:11.409+0000] {logging_mixin.py:188} INFO - [2026-03-09T00:11:11.408+0000] {dag.py:3834} INFO - Setting next_dagrun for tutorial_dag to None, run_after=None
[2026-03-09T00:11:11.500+0000] {processor.py:183} INFO - Processing /home/airflow/.local/lib/python3.8/site-packages/airflow/example_dags/tutorial_dag.py took 0.247 seconds
[2026-03-09T00:11:41.811+0000] {processor.py:161} INFO - Started process (PID=1475) to work on /home/airflow/.local/lib/python3.8/site-packages/airflow/example_dags/tutorial_dag.py
[2026-03-09T00:11:41.815+0000] {processor.py:830} INFO - Processing file /home/airflow/.local/lib/python3.8/site-packages/airflow/example_dags/tutorial_dag.py for tasks to queue
[2026-03-09T00:11:41.827+0000] {logging_mixin.py:188} INFO - [2026-03-09T00:11:41.826+0000] {dagbag.py:540} INFO - Filling up the DagBag from /home/airflow/.local/lib/python3.8/site-packages/airflow/example_dags/tutorial_dag.py
[2026-03-09T00:11:41.841+0000] {processor.py:840} INFO - DAG(s) 'tutorial_dag' retrieved from /home/airflow/.local/lib/python3.8/site-packages/airflow/example_dags/tutorial_dag.py
[2026-03-09T00:11:41.925+0000] {logging_mixin.py:188} INFO - [2026-03-09T00:11:41.925+0000] {dag.py:3047} INFO - Sync 1 DAGs
[2026-03-09T00:11:41.999+0000] {logging_mixin.py:188} INFO - [2026-03-09T00:11:41.998+0000] {dag.py:3834} INFO - Setting next_dagrun for tutorial_dag to None, run_after=None
[2026-03-09T00:11:42.118+0000] {processor.py:183} INFO - Processing /home/airflow/.local/lib/python3.8/site-packages/airflow/example_dags/tutorial_dag.py took 0.324 seconds
[2026-03-09T00:12:12.925+0000] {processor.py:161} INFO - Started process (PID=1530) to work on /home/airflow/.local/lib/python3.8/site-packages/airflow/example_dags/tutorial_dag.py
[2026-03-09T00:12:12.929+0000] {processor.py:830} INFO - Processing file /home/airflow/.local/lib/python3.8/site-packages/airflow/example_dags/tutorial_dag.py for tasks to queue
[2026-03-09T00:12:12.936+0000] {logging_mixin.py:188} INFO - [2026-03-09T00:12:12.935+0000] {dagbag.py:540} INFO - Filling up the DagBag from /home/airflow/.local/lib/python3.8/site-packages/airflow/example_dags/tutorial_dag.py
[2026-03-09T00:12:12.955+0000] {processor.py:840} INFO - DAG(s) 'tutorial_dag' retrieved from /home/airflow/.local/lib/python3.8/site-packages/airflow/example_dags/tutorial_dag.py
[2026-03-09T00:12:13.025+0000] {logging_mixin.py:188} INFO - [2026-03-09T00:12:13.024+0000] {dag.py:3047} INFO - Sync 1 DAGs
[2026-03-09T00:12:13.082+0000] {logging_mixin.py:188} INFO - [2026-03-09T00:12:13.082+0000] {dag.py:3834} INFO - Setting next_dagrun for tutorial_dag to None, run_after=None
[2026-03-09T00:12:13.130+0000] {processor.py:183} INFO - Processing /home/airflow/.local/lib/python3.8/site-packages/airflow/example_dags/tutorial_dag.py took 0.214 seconds
[2026-03-09T00:12:43.358+0000] {processor.py:161} INFO - Started process (PID=1586) to work on /home/airflow/.local/lib/python3.8/site-packages/airflow/example_dags/tutorial_dag.py
[2026-03-09T00:12:43.362+0000] {processor.py:830} INFO - Processing file /home/airflow/.local/lib/python3.8/site-packages/airflow/example_dags/tutorial_dag.py for tasks to queue
[2026-03-09T00:12:43.370+0000] {logging_mixin.py:188} INFO - [2026-03-09T00:12:43.369+0000] {dagbag.py:540} INFO - Filling up the DagBag from /home/airflow/.local/lib/python3.8/site-packages/airflow/example_dags/tutorial_dag.py
[2026-03-09T00:12:43.391+0000] {processor.py:840} INFO - DAG(s) 'tutorial_dag' retrieved from /home/airflow/.local/lib/python3.8/site-packages/airflow/example_dags/tutorial_dag.py
[2026-03-09T00:12:43.486+0000] {logging_mixin.py:188} INFO - [2026-03-09T00:12:43.485+0000] {dag.py:3047} INFO - Sync 1 DAGs
[2026-03-09T00:12:43.536+0000] {logging_mixin.py:188} INFO - [2026-03-09T00:12:43.535+0000] {dag.py:3834} INFO - Setting next_dagrun for tutorial_dag to None, run_after=None
[2026-03-09T00:12:43.638+0000] {processor.py:183} INFO - Processing /home/airflow/.local/lib/python3.8/site-packages/airflow/example_dags/tutorial_dag.py took 0.294 seconds
[2026-03-09T00:13:13.808+0000] {processor.py:161} INFO - Started process (PID=1642) to work on /home/airflow/.local/lib/python3.8/site-packages/airflow/example_dags/tutorial_dag.py
[2026-03-09T00:13:13.812+0000] {processor.py:830} INFO - Processing file /home/airflow/.local/lib/python3.8/site-packages/airflow/example_dags/tutorial_dag.py for tasks to queue
[2026-03-09T00:13:13.817+0000] {logging_mixin.py:188} INFO - [2026-03-09T00:13:13.817+0000] {dagbag.py:540} INFO - Filling up the DagBag from /home/airflow/.local/lib/python3.8/site-packages/airflow/example_dags/tutorial_dag.py
[2026-03-09T00:13:13.835+0000] {processor.py:840} INFO - DAG(s) 'tutorial_dag' retrieved from /home/airflow/.local/lib/python3.8/site-packages/airflow/example_dags/tutorial_dag.py
[2026-03-09T00:13:13.963+0000] {logging_mixin.py:188} INFO - [2026-03-09T00:13:13.962+0000] {dag.py:3047} INFO - Sync 1 DAGs
[2026-03-09T00:13:14.081+0000] {logging_mixin.py:188} INFO - [2026-03-09T00:13:14.080+0000] {dag.py:3834} INFO - Setting next_dagrun for tutorial_dag to None, run_after=None
[2026-03-09T00:13:14.175+0000] {processor.py:183} INFO - Processing /home/airflow/.local/lib/python3.8/site-packages/airflow/example_dags/tutorial_dag.py took 0.373 seconds
[2026-03-09T00:13:44.408+0000] {processor.py:161} INFO - Started process (PID=1698) to work on /home/airflow/.local/lib/python3.8/site-packages/airflow/example_dags/tutorial_dag.py
[2026-03-09T00:13:44.411+0000] {processor.py:830} INFO - Processing file /home/airflow/.local/lib/python3.8/site-packages/airflow/example_dags/tutorial_dag.py for tasks to queue
[2026-03-09T00:13:44.416+0000] {logging_mixin.py:188} INFO - [2026-03-09T00:13:44.415+0000] {dagbag.py:540} INFO - Filling up the DagBag from /home/airflow/.local/lib/python3.8/site-packages/airflow/example_dags/tutorial_dag.py
[2026-03-09T00:13:44.432+0000] {processor.py:840} INFO - DAG(s) 'tutorial_dag' retrieved from /home/airflow/.local/lib/python3.8/site-packages/airflow/example_dags/tutorial_dag.py
[2026-03-09T00:13:44.490+0000] {logging_mixin.py:188} INFO - [2026-03-09T00:13:44.489+0000] {dag.py:3047} INFO - Sync 1 DAGs
[2026-03-09T00:13:44.519+0000] {logging_mixin.py:188} INFO - [2026-03-09T00:13:44.519+0000] {dag.py:3834} INFO - Setting next_dagrun for tutorial_dag to None, run_after=None
[2026-03-09T00:13:44.563+0000] {processor.py:183} INFO - Processing /home/airflow/.local/lib/python3.8/site-packages/airflow/example_dags/tutorial_dag.py took 0.166 seconds
[2026-03-09T00:14:14.930+0000] {processor.py:161} INFO - Started process (PID=1754) to work on /home/airflow/.local/lib/python3.8/site-packages/airflow/example_dags/tutorial_dag.py
[2026-03-09T00:14:14.935+0000] {processor.py:830} INFO - Processing file /home/airflow/.local/lib/python3.8/site-packages/airflow/example_dags/tutorial_dag.py for tasks to queue
[2026-03-09T00:14:14.943+0000] {logging_mixin.py:188} INFO - [2026-03-09T00:14:14.942+0000] {dagbag.py:540} INFO - Filling up the DagBag from /home/airflow/.local/lib/python3.8/site-packages/airflow/example_dags/tutorial_dag.py
[2026-03-09T00:14:14.967+0000] {processor.py:840} INFO - DAG(s) 'tutorial_dag' retrieved from /home/airflow/.local/lib/python3.8/site-packages/airflow/example_dags/tutorial_dag.py
[2026-03-09T00:14:15.066+0000] {logging_mixin.py:188} INFO - [2026-03-09T00:14:15.065+0000] {dag.py:3047} INFO - Sync 1 DAGs
[2026-03-09T00:14:15.125+0000] {logging_mixin.py:188} INFO - [2026-03-09T00:14:15.124+0000] {dag.py:3834} INFO - Setting next_dagrun for tutorial_dag to None, run_after=None
[2026-03-09T00:14:15.193+0000] {processor.py:183} INFO - Processing /home/airflow/.local/lib/python3.8/site-packages/airflow/example_dags/tutorial_dag.py took 0.279 seconds
[2026-03-09T00:14:45.363+0000] {processor.py:161} INFO - Started process (PID=1810) to work on /home/airflow/.local/lib/python3.8/site-packages/airflow/example_dags/tutorial_dag.py
[2026-03-09T00:14:45.366+0000] {processor.py:830} INFO - Processing file /home/airflow/.local/lib/python3.8/site-packages/airflow/example_dags/tutorial_dag.py for tasks to queue
[2026-03-09T00:14:45.373+0000] {logging_mixin.py:188} INFO - [2026-03-09T00:14:45.372+0000] {dagbag.py:540} INFO - Filling up the DagBag from /home/airflow/.local/lib/python3.8/site-packages/airflow/example_dags/tutorial_dag.py
[2026-03-09T00:14:45.395+0000] {processor.py:840} INFO - DAG(s) 'tutorial_dag' retrieved from /home/airflow/.local/lib/python3.8/site-packages/airflow/example_dags/tutorial_dag.py
[2026-03-09T00:14:45.457+0000] {logging_mixin.py:188} INFO - [2026-03-09T00:14:45.456+0000] {dag.py:3047} INFO - Sync 1 DAGs
[2026-03-09T00:14:45.500+0000] {logging_mixin.py:188} INFO - [2026-03-09T00:14:45.499+0000] {dag.py:3834} INFO - Setting next_dagrun for tutorial_dag to None, run_after=None
[2026-03-09T00:14:45.559+0000] {processor.py:183} INFO - Processing /home/airflow/.local/lib/python3.8/site-packages/airflow/example_dags/tutorial_dag.py took 0.209 seconds
[2026-03-09T00:15:16.654+0000] {processor.py:161} INFO - Started process (PID=1866) to work on /home/airflow/.local/lib/python3.8/site-packages/airflow/example_dags/tutorial_dag.py
[2026-03-09T00:15:16.658+0000] {processor.py:830} INFO - Processing file /home/airflow/.local/lib/python3.8/site-packages/airflow/example_dags/tutorial_dag.py for tasks to queue
[2026-03-09T00:15:16.674+0000] {logging_mixin.py:188} INFO - [2026-03-09T00:15:16.673+0000] {dagbag.py:540} INFO - Filling up the DagBag from /home/airflow/.local/lib/python3.8/site-packages/airflow/example_dags/tutorial_dag.py
[2026-03-09T00:15:16.698+0000] {processor.py:840} INFO - DAG(s) 'tutorial_dag' retrieved from /home/airflow/.local/lib/python3.8/site-packages/airflow/example_dags/tutorial_dag.py
[2026-03-09T00:15:16.802+0000] {logging_mixin.py:188} INFO - [2026-03-09T00:15:16.802+0000] {dag.py:3047} INFO - Sync 1 DAGs
[2026-03-09T00:15:16.920+0000] {logging_mixin.py:188} INFO - [2026-03-09T00:15:16.920+0000] {dag.py:3834} INFO - Setting next_dagrun for tutorial_dag to None, run_after=None
[2026-03-09T00:15:17.039+0000] {processor.py:183} INFO - Processing /home/airflow/.local/lib/python3.8/site-packages/airflow/example_dags/tutorial_dag.py took 0.404 seconds
[2026-03-09T00:15:49.093+0000] {processor.py:161} INFO - Started process (PID=1922) to work on /home/airflow/.local/lib/python3.8/site-packages/airflow/example_dags/tutorial_dag.py
[2026-03-09T00:15:49.098+0000] {processor.py:830} INFO - Processing file /home/airflow/.local/lib/python3.8/site-packages/airflow/example_dags/tutorial_dag.py for tasks to queue
[2026-03-09T00:15:49.105+0000] {logging_mixin.py:188} INFO - [2026-03-09T00:15:49.104+0000] {dagbag.py:540} INFO - Filling up the DagBag from /home/airflow/.local/lib/python3.8/site-packages/airflow/example_dags/tutorial_dag.py
[2026-03-09T00:15:49.136+0000] {processor.py:840} INFO - DAG(s) 'tutorial_dag' retrieved from /home/airflow/.local/lib/python3.8/site-packages/airflow/example_dags/tutorial_dag.py
[2026-03-09T00:15:49.210+0000] {logging_mixin.py:188} INFO - [2026-03-09T00:15:49.210+0000] {dag.py:3047} INFO - Sync 1 DAGs
[2026-03-09T00:15:49.267+0000] {logging_mixin.py:188} INFO - [2026-03-09T00:15:49.266+0000] {dag.py:3834} INFO - Setting next_dagrun for tutorial_dag to None, run_after=None
[2026-03-09T00:15:49.337+0000] {processor.py:183} INFO - Processing /home/airflow/.local/lib/python3.8/site-packages/airflow/example_dags/tutorial_dag.py took 0.268 seconds
[2026-03-09T00:16:20.100+0000] {processor.py:161} INFO - Started process (PID=1978) to work on /home/airflow/.local/lib/python3.8/site-packages/airflow/example_dags/tutorial_dag.py
[2026-03-09T00:16:20.109+0000] {processor.py:830} INFO - Processing file /home/airflow/.local/lib/python3.8/site-packages/airflow/example_dags/tutorial_dag.py for tasks to queue
[2026-03-09T00:16:20.123+0000] {logging_mixin.py:188} INFO - [2026-03-09T00:16:20.121+0000] {dagbag.py:540} INFO - Filling up the DagBag from /home/airflow/.local/lib/python3.8/site-packages/airflow/example_dags/tutorial_dag.py
[2026-03-09T00:16:20.150+0000] {processor.py:840} INFO - DAG(s) 'tutorial_dag' retrieved from /home/airflow/.local/lib/python3.8/site-packages/airflow/example_dags/tutorial_dag.py
[2026-03-09T00:16:20.205+0000] {logging_mixin.py:188} INFO - [2026-03-09T00:16:20.205+0000] {dag.py:3047} INFO - Sync 1 DAGs
[2026-03-09T00:16:20.232+0000] {logging_mixin.py:188} INFO - [2026-03-09T00:16:20.232+0000] {dag.py:3834} INFO - Setting next_dagrun for tutorial_dag to None, run_after=None
[2026-03-09T00:16:20.273+0000] {processor.py:183} INFO - Processing /home/airflow/.local/lib/python3.8/site-packages/airflow/example_dags/tutorial_dag.py took 0.200 seconds
[2026-03-09T00:16:50.816+0000] {processor.py:161} INFO - Started process (PID=2034) to work on /home/airflow/.local/lib/python3.8/site-packages/airflow/example_dags/tutorial_dag.py
[2026-03-09T00:16:50.822+0000] {processor.py:830} INFO - Processing file /home/airflow/.local/lib/python3.8/site-packages/airflow/example_dags/tutorial_dag.py for tasks to queue
[2026-03-09T00:16:50.828+0000] {logging_mixin.py:188} INFO - [2026-03-09T00:16:50.828+0000] {dagbag.py:540} INFO - Filling up the DagBag from /home/airflow/.local/lib/python3.8/site-packages/airflow/example_dags/tutorial_dag.py
[2026-03-09T00:16:50.849+0000] {processor.py:840} INFO - DAG(s) 'tutorial_dag' retrieved from /home/airflow/.local/lib/python3.8/site-packages/airflow/example_dags/tutorial_dag.py
[2026-03-09T00:16:50.945+0000] {logging_mixin.py:188} INFO - [2026-03-09T00:16:50.945+0000] {dag.py:3047} INFO - Sync 1 DAGs
[2026-03-09T00:16:51.010+0000] {logging_mixin.py:188} INFO - [2026-03-09T00:16:51.009+0000] {dag.py:3834} INFO - Setting next_dagrun for tutorial_dag to None, run_after=None
[2026-03-09T00:16:51.115+0000] {processor.py:183} INFO - Processing /home/airflow/.local/lib/python3.8/site-packages/airflow/example_dags/tutorial_dag.py took 0.311 seconds
[2026-03-09T00:17:21.672+0000] {processor.py:161} INFO - Started process (PID=2090) to work on /home/airflow/.local/lib/python3.8/site-packages/airflow/example_dags/tutorial_dag.py
[2026-03-09T00:17:21.678+0000] {processor.py:830} INFO - Processing file /home/airflow/.local/lib/python3.8/site-packages/airflow/example_dags/tutorial_dag.py for tasks to queue
[2026-03-09T00:17:21.686+0000] {logging_mixin.py:188} INFO - [2026-03-09T00:17:21.685+0000] {dagbag.py:540} INFO - Filling up the DagBag from /home/airflow/.local/lib/python3.8/site-packages/airflow/example_dags/tutorial_dag.py
[2026-03-09T00:17:21.713+0000] {processor.py:840} INFO - DAG(s) 'tutorial_dag' retrieved from /home/airflow/.local/lib/python3.8/site-packages/airflow/example_dags/tutorial_dag.py
[2026-03-09T00:17:21.780+0000] {logging_mixin.py:188} INFO - [2026-03-09T00:17:21.779+0000] {dag.py:3047} INFO - Sync 1 DAGs
[2026-03-09T00:17:21.823+0000] {logging_mixin.py:188} INFO - [2026-03-09T00:17:21.822+0000] {dag.py:3834} INFO - Setting next_dagrun for tutorial_dag to None, run_after=None
[2026-03-09T00:17:21.899+0000] {processor.py:183} INFO - Processing /home/airflow/.local/lib/python3.8/site-packages/airflow/example_dags/tutorial_dag.py took 0.245 seconds
[2026-03-09T00:17:52.397+0000] {processor.py:161} INFO - Started process (PID=2146) to work on /home/airflow/.local/lib/python3.8/site-packages/airflow/example_dags/tutorial_dag.py
[2026-03-09T00:17:52.400+0000] {processor.py:830} INFO - Processing file /home/airflow/.local/lib/python3.8/site-packages/airflow/example_dags/tutorial_dag.py for tasks to queue
[2026-03-09T00:17:52.405+0000] {logging_mixin.py:188} INFO - [2026-03-09T00:17:52.404+0000] {dagbag.py:540} INFO - Filling up the DagBag from /home/airflow/.local/lib/python3.8/site-packages/airflow/example_dags/tutorial_dag.py
[2026-03-09T00:17:52.417+0000] {processor.py:840} INFO - DAG(s) 'tutorial_dag' retrieved from /home/airflow/.local/lib/python3.8/site-packages/airflow/example_dags/tutorial_dag.py
[2026-03-09T00:17:52.464+0000] {logging_mixin.py:188} INFO - [2026-03-09T00:17:52.463+0000] {dag.py:3047} INFO - Sync 1 DAGs
[2026-03-09T00:17:52.486+0000] {logging_mixin.py:188} INFO - [2026-03-09T00:17:52.485+0000] {dag.py:3834} INFO - Setting next_dagrun for tutorial_dag to None, run_after=None
[2026-03-09T00:17:52.527+0000] {processor.py:183} INFO - Processing /home/airflow/.local/lib/python3.8/site-packages/airflow/example_dags/tutorial_dag.py took 0.141 seconds
[2026-03-09T00:18:24.203+0000] {processor.py:161} INFO - Started process (PID=2202) to work on /home/airflow/.local/lib/python3.8/site-packages/airflow/example_dags/tutorial_dag.py
[2026-03-09T00:18:24.206+0000] {processor.py:830} INFO - Processing file /home/airflow/.local/lib/python3.8/site-packages/airflow/example_dags/tutorial_dag.py for tasks to queue
[2026-03-09T00:18:24.212+0000] {logging_mixin.py:188} INFO - [2026-03-09T00:18:24.211+0000] {dagbag.py:540} INFO - Filling up the DagBag from /home/airflow/.local/lib/python3.8/site-packages/airflow/example_dags/tutorial_dag.py
[2026-03-09T00:18:24.234+0000] {processor.py:840} INFO - DAG(s) 'tutorial_dag' retrieved from /home/airflow/.local/lib/python3.8/site-packages/airflow/example_dags/tutorial_dag.py
[2026-03-09T00:18:24.302+0000] {logging_mixin.py:188} INFO - [2026-03-09T00:18:24.302+0000] {dag.py:3047} INFO - Sync 1 DAGs
[2026-03-09T00:18:24.330+0000] {logging_mixin.py:188} INFO - [2026-03-09T00:18:24.329+0000] {dag.py:3834} INFO - Setting next_dagrun for tutorial_dag to None, run_after=None
[2026-03-09T00:18:24.370+0000] {processor.py:183} INFO - Processing /home/airflow/.local/lib/python3.8/site-packages/airflow/example_dags/tutorial_dag.py took 0.178 seconds
[2026-03-09T00:18:55.063+0000] {processor.py:161} INFO - Started process (PID=2258) to work on /home/airflow/.local/lib/python3.8/site-packages/airflow/example_dags/tutorial_dag.py
[2026-03-09T00:18:55.065+0000] {processor.py:830} INFO - Processing file /home/airflow/.local/lib/python3.8/site-packages/airflow/example_dags/tutorial_dag.py for tasks to queue
[2026-03-09T00:18:55.070+0000] {logging_mixin.py:188} INFO - [2026-03-09T00:18:55.069+0000] {dagbag.py:540} INFO - Filling up the DagBag from /home/airflow/.local/lib/python3.8/site-packages/airflow/example_dags/tutorial_dag.py
[2026-03-09T00:18:55.082+0000] {processor.py:840} INFO - DAG(s) 'tutorial_dag' retrieved from /home/airflow/.local/lib/python3.8/site-packages/airflow/example_dags/tutorial_dag.py
[2026-03-09T00:18:55.140+0000] {logging_mixin.py:188} INFO - [2026-03-09T00:18:55.139+0000] {dag.py:3047} INFO - Sync 1 DAGs
[2026-03-09T00:18:55.176+0000] {logging_mixin.py:188} INFO - [2026-03-09T00:18:55.176+0000] {dag.py:3834} INFO - Setting next_dagrun for tutorial_dag to None, run_after=None
[2026-03-09T00:18:55.255+0000] {processor.py:183} INFO - Processing /home/airflow/.local/lib/python3.8/site-packages/airflow/example_dags/tutorial_dag.py took 0.203 seconds
[2026-03-09T00:19:25.493+0000] {processor.py:161} INFO - Started process (PID=2315) to work on /home/airflow/.local/lib/python3.8/site-packages/airflow/example_dags/tutorial_dag.py
[2026-03-09T00:19:25.497+0000] {processor.py:830} INFO - Processing file /home/airflow/.local/lib/python3.8/site-packages/airflow/example_dags/tutorial_dag.py for tasks to queue
[2026-03-09T00:19:25.506+0000] {logging_mixin.py:188} INFO - [2026-03-09T00:19:25.504+0000] {dagbag.py:540} INFO - Filling up the DagBag from /home/airflow/.local/lib/python3.8/site-packages/airflow/example_dags/tutorial_dag.py
[2026-03-09T00:19:25.524+0000] {processor.py:840} INFO - DAG(s) 'tutorial_dag' retrieved from /home/airflow/.local/lib/python3.8/site-packages/airflow/example_dags/tutorial_dag.py
[2026-03-09T00:19:25.586+0000] {logging_mixin.py:188} INFO - [2026-03-09T00:19:25.586+0000] {dag.py:3047} INFO - Sync 1 DAGs
[2026-03-09T00:19:25.621+0000] {logging_mixin.py:188} INFO - [2026-03-09T00:19:25.620+0000] {dag.py:3834} INFO - Setting next_dagrun for tutorial_dag to None, run_after=None
[2026-03-09T00:19:25.670+0000] {processor.py:183} INFO - Processing /home/airflow/.local/lib/python3.8/site-packages/airflow/example_dags/tutorial_dag.py took 0.191 seconds
[2026-03-09T00:19:56.902+0000] {processor.py:161} INFO - Started process (PID=2371) to work on /home/airflow/.local/lib/python3.8/site-packages/airflow/example_dags/tutorial_dag.py
[2026-03-09T00:19:56.906+0000] {processor.py:830} INFO - Processing file /home/airflow/.local/lib/python3.8/site-packages/airflow/example_dags/tutorial_dag.py for tasks to queue
[2026-03-09T00:19:56.914+0000] {logging_mixin.py:188} INFO - [2026-03-09T00:19:56.913+0000] {dagbag.py:540} INFO - Filling up the DagBag from /home/airflow/.local/lib/python3.8/site-packages/airflow/example_dags/tutorial_dag.py
[2026-03-09T00:19:56.936+0000] {processor.py:840} INFO - DAG(s) 'tutorial_dag' retrieved from /home/airflow/.local/lib/python3.8/site-packages/airflow/example_dags/tutorial_dag.py
[2026-03-09T00:19:57.010+0000] {logging_mixin.py:188} INFO - [2026-03-09T00:19:57.009+0000] {dag.py:3047} INFO - Sync 1 DAGs
[2026-03-09T00:19:57.044+0000] {logging_mixin.py:188} INFO - [2026-03-09T00:19:57.044+0000] {dag.py:3834} INFO - Setting next_dagrun for tutorial_dag to None, run_after=None
[2026-03-09T00:19:57.121+0000] {processor.py:183} INFO - Processing /home/airflow/.local/lib/python3.8/site-packages/airflow/example_dags/tutorial_dag.py took 0.233 seconds
[2026-03-09T00:20:28.004+0000] {processor.py:161} INFO - Started process (PID=2427) to work on /home/airflow/.local/lib/python3.8/site-packages/airflow/example_dags/tutorial_dag.py
[2026-03-09T00:20:28.008+0000] {processor.py:830} INFO - Processing file /home/airflow/.local/lib/python3.8/site-packages/airflow/example_dags/tutorial_dag.py for tasks to queue
[2026-03-09T00:20:28.016+0000] {logging_mixin.py:188} INFO - [2026-03-09T00:20:28.014+0000] {dagbag.py:540} INFO - Filling up the DagBag from /home/airflow/.local/lib/python3.8/site-packages/airflow/example_dags/tutorial_dag.py
[2026-03-09T00:20:28.040+0000] {processor.py:840} INFO - DAG(s) 'tutorial_dag' retrieved from /home/airflow/.local/lib/python3.8/site-packages/airflow/example_dags/tutorial_dag.py
[2026-03-09T00:20:28.126+0000] {logging_mixin.py:188} INFO - [2026-03-09T00:20:28.125+0000] {dag.py:3047} INFO - Sync 1 DAGs
[2026-03-09T00:20:28.188+0000] {logging_mixin.py:188} INFO - [2026-03-09T00:20:28.187+0000] {dag.py:3834} INFO - Setting next_dagrun for tutorial_dag to None, run_after=None
[2026-03-09T00:20:28.253+0000] {processor.py:183} INFO - Processing /home/airflow/.local/lib/python3.8/site-packages/airflow/example_dags/tutorial_dag.py took 0.264 seconds
[2026-03-09T00:20:58.810+0000] {processor.py:161} INFO - Started process (PID=2483) to work on /home/airflow/.local/lib/python3.8/site-packages/airflow/example_dags/tutorial_dag.py
[2026-03-09T00:20:58.813+0000] {processor.py:830} INFO - Processing file /home/airflow/.local/lib/python3.8/site-packages/airflow/example_dags/tutorial_dag.py for tasks to queue
[2026-03-09T00:20:58.820+0000] {logging_mixin.py:188} INFO - [2026-03-09T00:20:58.819+0000] {dagbag.py:540} INFO - Filling up the DagBag from /home/airflow/.local/lib/python3.8/site-packages/airflow/example_dags/tutorial_dag.py
[2026-03-09T00:20:58.834+0000] {processor.py:840} INFO - DAG(s) 'tutorial_dag' retrieved from /home/airflow/.local/lib/python3.8/site-packages/airflow/example_dags/tutorial_dag.py
[2026-03-09T00:20:58.881+0000] {logging_mixin.py:188} INFO - [2026-03-09T00:20:58.881+0000] {dag.py:3047} INFO - Sync 1 DAGs
[2026-03-09T00:20:58.908+0000] {logging_mixin.py:188} INFO - [2026-03-09T00:20:58.907+0000] {dag.py:3834} INFO - Setting next_dagrun for tutorial_dag to None, run_after=None
[2026-03-09T00:20:58.948+0000] {processor.py:183} INFO - Processing /home/airflow/.local/lib/python3.8/site-packages/airflow/example_dags/tutorial_dag.py took 0.147 seconds
[2026-03-09T00:21:29.664+0000] {processor.py:161} INFO - Started process (PID=2539) to work on /home/airflow/.local/lib/python3.8/site-packages/airflow/example_dags/tutorial_dag.py
[2026-03-09T00:21:29.667+0000] {processor.py:830} INFO - Processing file /home/airflow/.local/lib/python3.8/site-packages/airflow/example_dags/tutorial_dag.py for tasks to queue
[2026-03-09T00:21:29.673+0000] {logging_mixin.py:188} INFO - [2026-03-09T00:21:29.672+0000] {dagbag.py:540} INFO - Filling up the DagBag from /home/airflow/.local/lib/python3.8/site-packages/airflow/example_dags/tutorial_dag.py
[2026-03-09T00:21:29.687+0000] {processor.py:840} INFO - DAG(s) 'tutorial_dag' retrieved from /home/airflow/.local/lib/python3.8/site-packages/airflow/example_dags/tutorial_dag.py
[2026-03-09T00:21:29.765+0000] {logging_mixin.py:188} INFO - [2026-03-09T00:21:29.763+0000] {dag.py:3047} INFO - Sync 1 DAGs
[2026-03-09T00:21:29.840+0000] {logging_mixin.py:188} INFO - [2026-03-09T00:21:29.839+0000] {dag.py:3834} INFO - Setting next_dagrun for tutorial_dag to None, run_after=None
[2026-03-09T00:21:29.928+0000] {processor.py:183} INFO - Processing /home/airflow/.local/lib/python3.8/site-packages/airflow/example_dags/tutorial_dag.py took 0.274 seconds
[2026-03-09T00:22:00.814+0000] {processor.py:161} INFO - Started process (PID=2596) to work on /home/airflow/.local/lib/python3.8/site-packages/airflow/example_dags/tutorial_dag.py
[2026-03-09T00:22:00.817+0000] {processor.py:830} INFO - Processing file /home/airflow/.local/lib/python3.8/site-packages/airflow/example_dags/tutorial_dag.py for tasks to queue
[2026-03-09T00:22:00.823+0000] {logging_mixin.py:188} INFO - [2026-03-09T00:22:00.822+0000] {dagbag.py:540} INFO - Filling up the DagBag from /home/airflow/.local/lib/python3.8/site-packages/airflow/example_dags/tutorial_dag.py
[2026-03-09T00:22:00.840+0000] {processor.py:840} INFO - DAG(s) 'tutorial_dag' retrieved from /home/airflow/.local/lib/python3.8/site-packages/airflow/example_dags/tutorial_dag.py
[2026-03-09T00:22:00.889+0000] {logging_mixin.py:188} INFO - [2026-03-09T00:22:00.888+0000] {dag.py:3047} INFO - Sync 1 DAGs
[2026-03-09T00:22:00.915+0000] {logging_mixin.py:188} INFO - [2026-03-09T00:22:00.915+0000] {dag.py:3834} INFO - Setting next_dagrun for tutorial_dag to None, run_after=None
[2026-03-09T00:22:00.964+0000] {processor.py:183} INFO - Processing /home/airflow/.local/lib/python3.8/site-packages/airflow/example_dags/tutorial_dag.py took 0.158 seconds
[2026-03-09T00:22:35.303+0000] {processor.py:161} INFO - Started process (PID=2652) to work on /home/airflow/.local/lib/python3.8/site-packages/airflow/example_dags/tutorial_dag.py
[2026-03-09T00:22:35.339+0000] {processor.py:830} INFO - Processing file /home/airflow/.local/lib/python3.8/site-packages/airflow/example_dags/tutorial_dag.py for tasks to queue
[2026-03-09T00:22:35.370+0000] {logging_mixin.py:188} INFO - [2026-03-09T00:22:35.369+0000] {dagbag.py:540} INFO - Filling up the DagBag from /home/airflow/.local/lib/python3.8/site-packages/airflow/example_dags/tutorial_dag.py
[2026-03-09T00:22:35.488+0000] {processor.py:840} INFO - DAG(s) 'tutorial_dag' retrieved from /home/airflow/.local/lib/python3.8/site-packages/airflow/example_dags/tutorial_dag.py
[2026-03-09T00:22:35.781+0000] {logging_mixin.py:188} INFO - [2026-03-09T00:22:35.780+0000] {dag.py:3047} INFO - Sync 1 DAGs
[2026-03-09T00:22:35.918+0000] {logging_mixin.py:188} INFO - [2026-03-09T00:22:35.913+0000] {dag.py:3834} INFO - Setting next_dagrun for tutorial_dag to None, run_after=None
[2026-03-09T00:22:36.027+0000] {processor.py:183} INFO - Processing /home/airflow/.local/lib/python3.8/site-packages/airflow/example_dags/tutorial_dag.py took 0.789 seconds
[2026-03-09T00:23:06.426+0000] {processor.py:161} INFO - Started process (PID=2708) to work on /home/airflow/.local/lib/python3.8/site-packages/airflow/example_dags/tutorial_dag.py
[2026-03-09T00:23:06.430+0000] {processor.py:830} INFO - Processing file /home/airflow/.local/lib/python3.8/site-packages/airflow/example_dags/tutorial_dag.py for tasks to queue
[2026-03-09T00:23:06.438+0000] {logging_mixin.py:188} INFO - [2026-03-09T00:23:06.437+0000] {dagbag.py:540} INFO - Filling up the DagBag from /home/airflow/.local/lib/python3.8/site-packages/airflow/example_dags/tutorial_dag.py
[2026-03-09T00:23:06.469+0000] {processor.py:840} INFO - DAG(s) 'tutorial_dag' retrieved from /home/airflow/.local/lib/python3.8/site-packages/airflow/example_dags/tutorial_dag.py
[2026-03-09T00:23:06.575+0000] {logging_mixin.py:188} INFO - [2026-03-09T00:23:06.574+0000] {dag.py:3047} INFO - Sync 1 DAGs
[2026-03-09T00:23:06.625+0000] {logging_mixin.py:188} INFO - [2026-03-09T00:23:06.624+0000] {dag.py:3834} INFO - Setting next_dagrun for tutorial_dag to None, run_after=None
[2026-03-09T00:23:06.729+0000] {processor.py:183} INFO - Processing /home/airflow/.local/lib/python3.8/site-packages/airflow/example_dags/tutorial_dag.py took 0.319 seconds
[2026-03-09T00:23:37.119+0000] {processor.py:161} INFO - Started process (PID=2762) to work on /home/airflow/.local/lib/python3.8/site-packages/airflow/example_dags/tutorial_dag.py
[2026-03-09T00:23:37.122+0000] {processor.py:830} INFO - Processing file /home/airflow/.local/lib/python3.8/site-packages/airflow/example_dags/tutorial_dag.py for tasks to queue
[2026-03-09T00:23:37.126+0000] {logging_mixin.py:188} INFO - [2026-03-09T00:23:37.125+0000] {dagbag.py:540} INFO - Filling up the DagBag from /home/airflow/.local/lib/python3.8/site-packages/airflow/example_dags/tutorial_dag.py
[2026-03-09T00:23:37.139+0000] {processor.py:840} INFO - DAG(s) 'tutorial_dag' retrieved from /home/airflow/.local/lib/python3.8/site-packages/airflow/example_dags/tutorial_dag.py
[2026-03-09T00:23:37.190+0000] {logging_mixin.py:188} INFO - [2026-03-09T00:23:37.189+0000] {dag.py:3047} INFO - Sync 1 DAGs
[2026-03-09T00:23:37.224+0000] {logging_mixin.py:188} INFO - [2026-03-09T00:23:37.223+0000] {dag.py:3834} INFO - Setting next_dagrun for tutorial_dag to None, run_after=None
[2026-03-09T00:23:37.282+0000] {processor.py:183} INFO - Processing /home/airflow/.local/lib/python3.8/site-packages/airflow/example_dags/tutorial_dag.py took 0.171 seconds
[2026-03-09T00:24:07.555+0000] {processor.py:161} INFO - Started process (PID=2818) to work on /home/airflow/.local/lib/python3.8/site-packages/airflow/example_dags/tutorial_dag.py
[2026-03-09T00:24:07.560+0000] {processor.py:830} INFO - Processing file /home/airflow/.local/lib/python3.8/site-packages/airflow/example_dags/tutorial_dag.py for tasks to queue
[2026-03-09T00:24:07.567+0000] {logging_mixin.py:188} INFO - [2026-03-09T00:24:07.566+0000] {dagbag.py:540} INFO - Filling up the DagBag from /home/airflow/.local/lib/python3.8/site-packages/airflow/example_dags/tutorial_dag.py
[2026-03-09T00:24:07.588+0000] {processor.py:840} INFO - DAG(s) 'tutorial_dag' retrieved from /home/airflow/.local/lib/python3.8/site-packages/airflow/example_dags/tutorial_dag.py
[2026-03-09T00:24:07.651+0000] {logging_mixin.py:188} INFO - [2026-03-09T00:24:07.650+0000] {dag.py:3047} INFO - Sync 1 DAGs
[2026-03-09T00:24:07.687+0000] {logging_mixin.py:188} INFO - [2026-03-09T00:24:07.686+0000] {dag.py:3834} INFO - Setting next_dagrun for tutorial_dag to None, run_after=None
[2026-03-09T00:24:07.754+0000] {processor.py:183} INFO - Processing /home/airflow/.local/lib/python3.8/site-packages/airflow/example_dags/tutorial_dag.py took 0.212 seconds
[2026-03-09T00:24:38.450+0000] {processor.py:161} INFO - Started process (PID=2873) to work on /home/airflow/.local/lib/python3.8/site-packages/airflow/example_dags/tutorial_dag.py
[2026-03-09T00:24:38.453+0000] {processor.py:830} INFO - Processing file /home/airflow/.local/lib/python3.8/site-packages/airflow/example_dags/tutorial_dag.py for tasks to queue
[2026-03-09T00:24:38.461+0000] {logging_mixin.py:188} INFO - [2026-03-09T00:24:38.459+0000] {dagbag.py:540} INFO - Filling up the DagBag from /home/airflow/.local/lib/python3.8/site-packages/airflow/example_dags/tutorial_dag.py
[2026-03-09T00:24:38.482+0000] {processor.py:840} INFO - DAG(s) 'tutorial_dag' retrieved from /home/airflow/.local/lib/python3.8/site-packages/airflow/example_dags/tutorial_dag.py
[2026-03-09T00:24:38.541+0000] {logging_mixin.py:188} INFO - [2026-03-09T00:24:38.540+0000] {dag.py:3047} INFO - Sync 1 DAGs
[2026-03-09T00:24:38.572+0000] {logging_mixin.py:188} INFO - [2026-03-09T00:24:38.571+0000] {dag.py:3834} INFO - Setting next_dagrun for tutorial_dag to None, run_after=None
[2026-03-09T00:24:38.630+0000] {processor.py:183} INFO - Processing /home/airflow/.local/lib/python3.8/site-packages/airflow/example_dags/tutorial_dag.py took 0.198 seconds
[2026-03-09T00:25:09.850+0000] {processor.py:161} INFO - Started process (PID=2929) to work on /home/airflow/.local/lib/python3.8/site-packages/airflow/example_dags/tutorial_dag.py
[2026-03-09T00:25:09.856+0000] {processor.py:830} INFO - Processing file /home/airflow/.local/lib/python3.8/site-packages/airflow/example_dags/tutorial_dag.py for tasks to queue
[2026-03-09T00:25:09.866+0000] {logging_mixin.py:188} INFO - [2026-03-09T00:25:09.864+0000] {dagbag.py:540} INFO - Filling up the DagBag from /home/airflow/.local/lib/python3.8/site-packages/airflow/example_dags/tutorial_dag.py
[2026-03-09T00:25:09.897+0000] {processor.py:840} INFO - DAG(s) 'tutorial_dag' retrieved from /home/airflow/.local/lib/python3.8/site-packages/airflow/example_dags/tutorial_dag.py
[2026-03-09T00:25:10.109+0000] {logging_mixin.py:188} INFO - [2026-03-09T00:25:10.109+0000] {dag.py:3047} INFO - Sync 1 DAGs
[2026-03-09T00:25:10.191+0000] {logging_mixin.py:188} INFO - [2026-03-09T00:25:10.191+0000] {dag.py:3834} INFO - Setting next_dagrun for tutorial_dag to None, run_after=None
[2026-03-09T00:25:10.281+0000] {processor.py:183} INFO - Processing /home/airflow/.local/lib/python3.8/site-packages/airflow/example_dags/tutorial_dag.py took 0.454 seconds
[2026-03-09T00:25:41.651+0000] {processor.py:161} INFO - Started process (PID=2985) to work on /home/airflow/.local/lib/python3.8/site-packages/airflow/example_dags/tutorial_dag.py
[2026-03-09T00:25:41.655+0000] {processor.py:830} INFO - Processing file /home/airflow/.local/lib/python3.8/site-packages/airflow/example_dags/tutorial_dag.py for tasks to queue
[2026-03-09T00:25:41.665+0000] {logging_mixin.py:188} INFO - [2026-03-09T00:25:41.664+0000] {dagbag.py:540} INFO - Filling up the DagBag from /home/airflow/.local/lib/python3.8/site-packages/airflow/example_dags/tutorial_dag.py
[2026-03-09T00:25:41.693+0000] {processor.py:840} INFO - DAG(s) 'tutorial_dag' retrieved from /home/airflow/.local/lib/python3.8/site-packages/airflow/example_dags/tutorial_dag.py
[2026-03-09T00:25:41.792+0000] {logging_mixin.py:188} INFO - [2026-03-09T00:25:41.791+0000] {dag.py:3047} INFO - Sync 1 DAGs
[2026-03-09T00:25:41.843+0000] {logging_mixin.py:188} INFO - [2026-03-09T00:25:41.842+0000] {dag.py:3834} INFO - Setting next_dagrun for tutorial_dag to None, run_after=None
[2026-03-09T00:25:41.958+0000] {processor.py:183} INFO - Processing /home/airflow/.local/lib/python3.8/site-packages/airflow/example_dags/tutorial_dag.py took 0.324 seconds
[2026-03-09T00:26:12.072+0000] {processor.py:161} INFO - Started process (PID=3040) to work on /home/airflow/.local/lib/python3.8/site-packages/airflow/example_dags/tutorial_dag.py
[2026-03-09T00:26:12.075+0000] {processor.py:830} INFO - Processing file /home/airflow/.local/lib/python3.8/site-packages/airflow/example_dags/tutorial_dag.py for tasks to queue
[2026-03-09T00:26:12.081+0000] {logging_mixin.py:188} INFO - [2026-03-09T00:26:12.080+0000] {dagbag.py:540} INFO - Filling up the DagBag from /home/airflow/.local/lib/python3.8/site-packages/airflow/example_dags/tutorial_dag.py
[2026-03-09T00:26:12.102+0000] {processor.py:840} INFO - DAG(s) 'tutorial_dag' retrieved from /home/airflow/.local/lib/python3.8/site-packages/airflow/example_dags/tutorial_dag.py
[2026-03-09T00:26:12.175+0000] {logging_mixin.py:188} INFO - [2026-03-09T00:26:12.174+0000] {dag.py:3047} INFO - Sync 1 DAGs
[2026-03-09T00:26:12.202+0000] {logging_mixin.py:188} INFO - [2026-03-09T00:26:12.201+0000] {dag.py:3834} INFO - Setting next_dagrun for tutorial_dag to None, run_after=None
[2026-03-09T00:26:12.247+0000] {processor.py:183} INFO - Processing /home/airflow/.local/lib/python3.8/site-packages/airflow/example_dags/tutorial_dag.py took 0.187 seconds
[2026-03-09T00:26:43.460+0000] {processor.py:161} INFO - Started process (PID=3095) to work on /home/airflow/.local/lib/python3.8/site-packages/airflow/example_dags/tutorial_dag.py
[2026-03-09T00:26:43.466+0000] {processor.py:830} INFO - Processing file /home/airflow/.local/lib/python3.8/site-packages/airflow/example_dags/tutorial_dag.py for tasks to queue
[2026-03-09T00:26:43.476+0000] {logging_mixin.py:188} INFO - [2026-03-09T00:26:43.475+0000] {dagbag.py:540} INFO - Filling up the DagBag from /home/airflow/.local/lib/python3.8/site-packages/airflow/example_dags/tutorial_dag.py
[2026-03-09T00:26:43.495+0000] {processor.py:840} INFO - DAG(s) 'tutorial_dag' retrieved from /home/airflow/.local/lib/python3.8/site-packages/airflow/example_dags/tutorial_dag.py
[2026-03-09T00:26:43.567+0000] {logging_mixin.py:188} INFO - [2026-03-09T00:26:43.566+0000] {dag.py:3047} INFO - Sync 1 DAGs
[2026-03-09T00:26:43.611+0000] {logging_mixin.py:188} INFO - [2026-03-09T00:26:43.610+0000] {dag.py:3834} INFO - Setting next_dagrun for tutorial_dag to None, run_after=None
[2026-03-09T00:26:43.663+0000] {processor.py:183} INFO - Processing /home/airflow/.local/lib/python3.8/site-packages/airflow/example_dags/tutorial_dag.py took 0.215 seconds
[2026-03-09T00:27:16.093+0000] {processor.py:161} INFO - Started process (PID=3151) to work on /home/airflow/.local/lib/python3.8/site-packages/airflow/example_dags/tutorial_dag.py
[2026-03-09T00:27:16.102+0000] {processor.py:830} INFO - Processing file /home/airflow/.local/lib/python3.8/site-packages/airflow/example_dags/tutorial_dag.py for tasks to queue
[2026-03-09T00:27:16.120+0000] {logging_mixin.py:188} INFO - [2026-03-09T00:27:16.117+0000] {dagbag.py:540} INFO - Filling up the DagBag from /home/airflow/.local/lib/python3.8/site-packages/airflow/example_dags/tutorial_dag.py
[2026-03-09T00:27:16.149+0000] {processor.py:840} INFO - DAG(s) 'tutorial_dag' retrieved from /home/airflow/.local/lib/python3.8/site-packages/airflow/example_dags/tutorial_dag.py
[2026-03-09T00:27:16.255+0000] {logging_mixin.py:188} INFO - [2026-03-09T00:27:16.254+0000] {dag.py:3047} INFO - Sync 1 DAGs
[2026-03-09T00:27:16.339+0000] {logging_mixin.py:188} INFO - [2026-03-09T00:27:16.338+0000] {dag.py:3834} INFO - Setting next_dagrun for tutorial_dag to None, run_after=None
[2026-03-09T00:27:16.424+0000] {processor.py:183} INFO - Processing /home/airflow/.local/lib/python3.8/site-packages/airflow/example_dags/tutorial_dag.py took 0.364 seconds
[2026-03-09T00:27:46.784+0000] {processor.py:161} INFO - Started process (PID=3207) to work on /home/airflow/.local/lib/python3.8/site-packages/airflow/example_dags/tutorial_dag.py
[2026-03-09T00:27:46.791+0000] {processor.py:830} INFO - Processing file /home/airflow/.local/lib/python3.8/site-packages/airflow/example_dags/tutorial_dag.py for tasks to queue
[2026-03-09T00:27:46.803+0000] {logging_mixin.py:188} INFO - [2026-03-09T00:27:46.802+0000] {dagbag.py:540} INFO - Filling up the DagBag from /home/airflow/.local/lib/python3.8/site-packages/airflow/example_dags/tutorial_dag.py
[2026-03-09T00:27:46.837+0000] {processor.py:840} INFO - DAG(s) 'tutorial_dag' retrieved from /home/airflow/.local/lib/python3.8/site-packages/airflow/example_dags/tutorial_dag.py
[2026-03-09T00:27:46.958+0000] {logging_mixin.py:188} INFO - [2026-03-09T00:27:46.956+0000] {dag.py:3047} INFO - Sync 1 DAGs
[2026-03-09T00:27:47.042+0000] {logging_mixin.py:188} INFO - [2026-03-09T00:27:47.041+0000] {dag.py:3834} INFO - Setting next_dagrun for tutorial_dag to None, run_after=None
[2026-03-09T00:27:47.177+0000] {processor.py:183} INFO - Processing /home/airflow/.local/lib/python3.8/site-packages/airflow/example_dags/tutorial_dag.py took 0.411 seconds
[2026-03-09T00:28:17.390+0000] {processor.py:161} INFO - Started process (PID=3262) to work on /home/airflow/.local/lib/python3.8/site-packages/airflow/example_dags/tutorial_dag.py
[2026-03-09T00:28:17.393+0000] {processor.py:830} INFO - Processing file /home/airflow/.local/lib/python3.8/site-packages/airflow/example_dags/tutorial_dag.py for tasks to queue
[2026-03-09T00:28:17.399+0000] {logging_mixin.py:188} INFO - [2026-03-09T00:28:17.398+0000] {dagbag.py:540} INFO - Filling up the DagBag from /home/airflow/.local/lib/python3.8/site-packages/airflow/example_dags/tutorial_dag.py
[2026-03-09T00:28:17.413+0000] {processor.py:840} INFO - DAG(s) 'tutorial_dag' retrieved from /home/airflow/.local/lib/python3.8/site-packages/airflow/example_dags/tutorial_dag.py
[2026-03-09T00:28:17.460+0000] {logging_mixin.py:188} INFO - [2026-03-09T00:28:17.460+0000] {dag.py:3047} INFO - Sync 1 DAGs
[2026-03-09T00:28:17.491+0000] {logging_mixin.py:188} INFO - [2026-03-09T00:28:17.490+0000] {dag.py:3834} INFO - Setting next_dagrun for tutorial_dag to None, run_after=None
[2026-03-09T00:28:17.540+0000] {processor.py:183} INFO - Processing /home/airflow/.local/lib/python3.8/site-packages/airflow/example_dags/tutorial_dag.py took 0.163 seconds
[2026-03-09T00:28:48.786+0000] {processor.py:161} INFO - Started process (PID=3319) to work on /home/airflow/.local/lib/python3.8/site-packages/airflow/example_dags/tutorial_dag.py
[2026-03-09T00:28:48.790+0000] {processor.py:830} INFO - Processing file /home/airflow/.local/lib/python3.8/site-packages/airflow/example_dags/tutorial_dag.py for tasks to queue
[2026-03-09T00:28:48.795+0000] {logging_mixin.py:188} INFO - [2026-03-09T00:28:48.794+0000] {dagbag.py:540} INFO - Filling up the DagBag from /home/airflow/.local/lib/python3.8/site-packages/airflow/example_dags/tutorial_dag.py
[2026-03-09T00:28:48.809+0000] {processor.py:840} INFO - DAG(s) 'tutorial_dag' retrieved from /home/airflow/.local/lib/python3.8/site-packages/airflow/example_dags/tutorial_dag.py
[2026-03-09T00:28:48.875+0000] {logging_mixin.py:188} INFO - [2026-03-09T00:28:48.874+0000] {dag.py:3047} INFO - Sync 1 DAGs
[2026-03-09T00:28:48.917+0000] {logging_mixin.py:188} INFO - [2026-03-09T00:28:48.916+0000] {dag.py:3834} INFO - Setting next_dagrun for tutorial_dag to None, run_after=None
[2026-03-09T00:28:49.007+0000] {processor.py:183} INFO - Processing /home/airflow/.local/lib/python3.8/site-packages/airflow/example_dags/tutorial_dag.py took 0.233 seconds
[2026-03-09T00:29:21.352+0000] {processor.py:161} INFO - Started process (PID=3375) to work on /home/airflow/.local/lib/python3.8/site-packages/airflow/example_dags/tutorial_dag.py
[2026-03-09T00:29:21.359+0000] {processor.py:830} INFO - Processing file /home/airflow/.local/lib/python3.8/site-packages/airflow/example_dags/tutorial_dag.py for tasks to queue
[2026-03-09T00:29:21.383+0000] {logging_mixin.py:188} INFO - [2026-03-09T00:29:21.380+0000] {dagbag.py:540} INFO - Filling up the DagBag from /home/airflow/.local/lib/python3.8/site-packages/airflow/example_dags/tutorial_dag.py
[2026-03-09T00:29:21.430+0000] {processor.py:840} INFO - DAG(s) 'tutorial_dag' retrieved from /home/airflow/.local/lib/python3.8/site-packages/airflow/example_dags/tutorial_dag.py
[2026-03-09T00:29:21.570+0000] {logging_mixin.py:188} INFO - [2026-03-09T00:29:21.570+0000] {dag.py:3047} INFO - Sync 1 DAGs
[2026-03-09T00:29:21.660+0000] {logging_mixin.py:188} INFO - [2026-03-09T00:29:21.659+0000] {dag.py:3834} INFO - Setting next_dagrun for tutorial_dag to None, run_after=None
[2026-03-09T00:29:21.794+0000] {processor.py:183} INFO - Processing /home/airflow/.local/lib/python3.8/site-packages/airflow/example_dags/tutorial_dag.py took 0.468 seconds
[2026-03-09T00:29:52.081+0000] {processor.py:161} INFO - Started process (PID=3431) to work on /home/airflow/.local/lib/python3.8/site-packages/airflow/example_dags/tutorial_dag.py
[2026-03-09T00:29:52.084+0000] {processor.py:830} INFO - Processing file /home/airflow/.local/lib/python3.8/site-packages/airflow/example_dags/tutorial_dag.py for tasks to queue
[2026-03-09T00:29:52.089+0000] {logging_mixin.py:188} INFO - [2026-03-09T00:29:52.089+0000] {dagbag.py:540} INFO - Filling up the DagBag from /home/airflow/.local/lib/python3.8/site-packages/airflow/example_dags/tutorial_dag.py
[2026-03-09T00:29:52.102+0000] {processor.py:840} INFO - DAG(s) 'tutorial_dag' retrieved from /home/airflow/.local/lib/python3.8/site-packages/airflow/example_dags/tutorial_dag.py
[2026-03-09T00:29:52.155+0000] {logging_mixin.py:188} INFO - [2026-03-09T00:29:52.155+0000] {dag.py:3047} INFO - Sync 1 DAGs
[2026-03-09T00:29:52.182+0000] {logging_mixin.py:188} INFO - [2026-03-09T00:29:52.182+0000] {dag.py:3834} INFO - Setting next_dagrun for tutorial_dag to None, run_after=None
[2026-03-09T00:29:52.233+0000] {processor.py:183} INFO - Processing /home/airflow/.local/lib/python3.8/site-packages/airflow/example_dags/tutorial_dag.py took 0.165 seconds
[2026-03-09T00:30:22.640+0000] {processor.py:161} INFO - Started process (PID=3487) to work on /home/airflow/.local/lib/python3.8/site-packages/airflow/example_dags/tutorial_dag.py
[2026-03-09T00:30:22.643+0000] {processor.py:830} INFO - Processing file /home/airflow/.local/lib/python3.8/site-packages/airflow/example_dags/tutorial_dag.py for tasks to queue
[2026-03-09T00:30:22.651+0000] {logging_mixin.py:188} INFO - [2026-03-09T00:30:22.650+0000] {dagbag.py:540} INFO - Filling up the DagBag from /home/airflow/.local/lib/python3.8/site-packages/airflow/example_dags/tutorial_dag.py
[2026-03-09T00:30:22.672+0000] {processor.py:840} INFO - DAG(s) 'tutorial_dag' retrieved from /home/airflow/.local/lib/python3.8/site-packages/airflow/example_dags/tutorial_dag.py
[2026-03-09T00:30:22.735+0000] {logging_mixin.py:188} INFO - [2026-03-09T00:30:22.734+0000] {dag.py:3047} INFO - Sync 1 DAGs
[2026-03-09T00:30:22.768+0000] {logging_mixin.py:188} INFO - [2026-03-09T00:30:22.768+0000] {dag.py:3834} INFO - Setting next_dagrun for tutorial_dag to None, run_after=None
[2026-03-09T00:30:22.826+0000] {processor.py:183} INFO - Processing /home/airflow/.local/lib/python3.8/site-packages/airflow/example_dags/tutorial_dag.py took 0.198 seconds
[2026-03-09T00:30:53.410+0000] {processor.py:161} INFO - Started process (PID=3543) to work on /home/airflow/.local/lib/python3.8/site-packages/airflow/example_dags/tutorial_dag.py
[2026-03-09T00:30:53.414+0000] {processor.py:830} INFO - Processing file /home/airflow/.local/lib/python3.8/site-packages/airflow/example_dags/tutorial_dag.py for tasks to queue
[2026-03-09T00:30:53.419+0000] {logging_mixin.py:188} INFO - [2026-03-09T00:30:53.419+0000] {dagbag.py:540} INFO - Filling up the DagBag from /home/airflow/.local/lib/python3.8/site-packages/airflow/example_dags/tutorial_dag.py
[2026-03-09T00:30:53.437+0000] {processor.py:840} INFO - DAG(s) 'tutorial_dag' retrieved from /home/airflow/.local/lib/python3.8/site-packages/airflow/example_dags/tutorial_dag.py
[2026-03-09T00:30:53.495+0000] {logging_mixin.py:188} INFO - [2026-03-09T00:30:53.495+0000] {dag.py:3047} INFO - Sync 1 DAGs
[2026-03-09T00:30:53.527+0000] {logging_mixin.py:188} INFO - [2026-03-09T00:30:53.526+0000] {dag.py:3834} INFO - Setting next_dagrun for tutorial_dag to None, run_after=None
[2026-03-09T00:30:53.574+0000] {processor.py:183} INFO - Processing /home/airflow/.local/lib/python3.8/site-packages/airflow/example_dags/tutorial_dag.py took 0.177 seconds
[2026-03-09T00:31:24.795+0000] {processor.py:161} INFO - Started process (PID=3598) to work on /home/airflow/.local/lib/python3.8/site-packages/airflow/example_dags/tutorial_dag.py
[2026-03-09T00:31:24.800+0000] {processor.py:830} INFO - Processing file /home/airflow/.local/lib/python3.8/site-packages/airflow/example_dags/tutorial_dag.py for tasks to queue
[2026-03-09T00:31:24.807+0000] {logging_mixin.py:188} INFO - [2026-03-09T00:31:24.806+0000] {dagbag.py:540} INFO - Filling up the DagBag from /home/airflow/.local/lib/python3.8/site-packages/airflow/example_dags/tutorial_dag.py
[2026-03-09T00:31:24.829+0000] {processor.py:840} INFO - DAG(s) 'tutorial_dag' retrieved from /home/airflow/.local/lib/python3.8/site-packages/airflow/example_dags/tutorial_dag.py
[2026-03-09T00:31:24.898+0000] {logging_mixin.py:188} INFO - [2026-03-09T00:31:24.897+0000] {dag.py:3047} INFO - Sync 1 DAGs
[2026-03-09T00:31:24.939+0000] {logging_mixin.py:188} INFO - [2026-03-09T00:31:24.939+0000] {dag.py:3834} INFO - Setting next_dagrun for tutorial_dag to None, run_after=None
[2026-03-09T00:31:25.003+0000] {processor.py:183} INFO - Processing /home/airflow/.local/lib/python3.8/site-packages/airflow/example_dags/tutorial_dag.py took 0.220 seconds
[2026-03-09T00:31:56.120+0000] {processor.py:161} INFO - Started process (PID=3653) to work on /home/airflow/.local/lib/python3.8/site-packages/airflow/example_dags/tutorial_dag.py
[2026-03-09T00:31:56.124+0000] {processor.py:830} INFO - Processing file /home/airflow/.local/lib/python3.8/site-packages/airflow/example_dags/tutorial_dag.py for tasks to queue
[2026-03-09T00:31:56.131+0000] {logging_mixin.py:188} INFO - [2026-03-09T00:31:56.130+0000] {dagbag.py:540} INFO - Filling up the DagBag from /home/airflow/.local/lib/python3.8/site-packages/airflow/example_dags/tutorial_dag.py
[2026-03-09T00:31:56.164+0000] {processor.py:840} INFO - DAG(s) 'tutorial_dag' retrieved from /home/airflow/.local/lib/python3.8/site-packages/airflow/example_dags/tutorial_dag.py
[2026-03-09T00:31:56.250+0000] {logging_mixin.py:188} INFO - [2026-03-09T00:31:56.249+0000] {dag.py:3047} INFO - Sync 1 DAGs
[2026-03-09T00:31:56.311+0000] {logging_mixin.py:188} INFO - [2026-03-09T00:31:56.310+0000] {dag.py:3834} INFO - Setting next_dagrun for tutorial_dag to None, run_after=None
[2026-03-09T00:31:56.371+0000] {processor.py:183} INFO - Processing /home/airflow/.local/lib/python3.8/site-packages/airflow/example_dags/tutorial_dag.py took 0.265 seconds
[2026-03-09T00:32:27.727+0000] {processor.py:161} INFO - Started process (PID=3709) to work on /home/airflow/.local/lib/python3.8/site-packages/airflow/example_dags/tutorial_dag.py
[2026-03-09T00:32:27.731+0000] {processor.py:830} INFO - Processing file /home/airflow/.local/lib/python3.8/site-packages/airflow/example_dags/tutorial_dag.py for tasks to queue
[2026-03-09T00:32:27.738+0000] {logging_mixin.py:188} INFO - [2026-03-09T00:32:27.737+0000] {dagbag.py:540} INFO - Filling up the DagBag from /home/airflow/.local/lib/python3.8/site-packages/airflow/example_dags/tutorial_dag.py
[2026-03-09T00:32:27.766+0000] {processor.py:840} INFO - DAG(s) 'tutorial_dag' retrieved from /home/airflow/.local/lib/python3.8/site-packages/airflow/example_dags/tutorial_dag.py
[2026-03-09T00:32:27.831+0000] {logging_mixin.py:188} INFO - [2026-03-09T00:32:27.831+0000] {dag.py:3047} INFO - Sync 1 DAGs
[2026-03-09T00:32:27.859+0000] {logging_mixin.py:188} INFO - [2026-03-09T00:32:27.858+0000] {dag.py:3834} INFO - Setting next_dagrun for tutorial_dag to None, run_after=None
[2026-03-09T00:32:27.909+0000] {processor.py:183} INFO - Processing /home/airflow/.local/lib/python3.8/site-packages/airflow/example_dags/tutorial_dag.py took 0.200 seconds
[2026-03-09T00:32:58.932+0000] {processor.py:161} INFO - Started process (PID=3765) to work on /home/airflow/.local/lib/python3.8/site-packages/airflow/example_dags/tutorial_dag.py
[2026-03-09T00:32:58.936+0000] {processor.py:830} INFO - Processing file /home/airflow/.local/lib/python3.8/site-packages/airflow/example_dags/tutorial_dag.py for tasks to queue
[2026-03-09T00:32:58.955+0000] {logging_mixin.py:188} INFO - [2026-03-09T00:32:58.954+0000] {dagbag.py:540} INFO - Filling up the DagBag from /home/airflow/.local/lib/python3.8/site-packages/airflow/example_dags/tutorial_dag.py
[2026-03-09T00:32:58.979+0000] {processor.py:840} INFO - DAG(s) 'tutorial_dag' retrieved from /home/airflow/.local/lib/python3.8/site-packages/airflow/example_dags/tutorial_dag.py
[2026-03-09T00:32:59.054+0000] {logging_mixin.py:188} INFO - [2026-03-09T00:32:59.054+0000] {dag.py:3047} INFO - Sync 1 DAGs
[2026-03-09T00:32:59.096+0000] {logging_mixin.py:188} INFO - [2026-03-09T00:32:59.095+0000] {dag.py:3834} INFO - Setting next_dagrun for tutorial_dag to None, run_after=None
[2026-03-09T00:32:59.209+0000] {processor.py:183} INFO - Processing /home/airflow/.local/lib/python3.8/site-packages/airflow/example_dags/tutorial_dag.py took 0.295 seconds
[2026-03-09T00:33:31.211+0000] {processor.py:161} INFO - Started process (PID=3821) to work on /home/airflow/.local/lib/python3.8/site-packages/airflow/example_dags/tutorial_dag.py
[2026-03-09T00:33:31.216+0000] {processor.py:830} INFO - Processing file /home/airflow/.local/lib/python3.8/site-packages/airflow/example_dags/tutorial_dag.py for tasks to queue
[2026-03-09T00:33:31.232+0000] {logging_mixin.py:188} INFO - [2026-03-09T00:33:31.226+0000] {dagbag.py:540} INFO - Filling up the DagBag from /home/airflow/.local/lib/python3.8/site-packages/airflow/example_dags/tutorial_dag.py
[2026-03-09T00:33:31.253+0000] {processor.py:840} INFO - DAG(s) 'tutorial_dag' retrieved from /home/airflow/.local/lib/python3.8/site-packages/airflow/example_dags/tutorial_dag.py
[2026-03-09T00:33:31.319+0000] {logging_mixin.py:188} INFO - [2026-03-09T00:33:31.319+0000] {dag.py:3047} INFO - Sync 1 DAGs
[2026-03-09T00:33:31.784+0000] {logging_mixin.py:188} INFO - [2026-03-09T00:33:31.784+0000] {dag.py:3834} INFO - Setting next_dagrun for tutorial_dag to None, run_after=None
[2026-03-09T00:33:31.937+0000] {processor.py:183} INFO - Processing /home/airflow/.local/lib/python3.8/site-packages/airflow/example_dags/tutorial_dag.py took 0.737 seconds
[2026-03-09T00:34:05.513+0000] {processor.py:161} INFO - Started process (PID=3878) to work on /home/airflow/.local/lib/python3.8/site-packages/airflow/example_dags/tutorial_dag.py
[2026-03-09T00:34:05.527+0000] {processor.py:830} INFO - Processing file /home/airflow/.local/lib/python3.8/site-packages/airflow/example_dags/tutorial_dag.py for tasks to queue
[2026-03-09T00:34:05.539+0000] {logging_mixin.py:188} INFO - [2026-03-09T00:34:05.538+0000] {dagbag.py:540} INFO - Filling up the DagBag from /home/airflow/.local/lib/python3.8/site-packages/airflow/example_dags/tutorial_dag.py
[2026-03-09T00:34:05.561+0000] {processor.py:840} INFO - DAG(s) 'tutorial_dag' retrieved from /home/airflow/.local/lib/python3.8/site-packages/airflow/example_dags/tutorial_dag.py
[2026-03-09T00:34:05.638+0000] {logging_mixin.py:188} INFO - [2026-03-09T00:34:05.637+0000] {dag.py:3047} INFO - Sync 1 DAGs
[2026-03-09T00:34:05.683+0000] {logging_mixin.py:188} INFO - [2026-03-09T00:34:05.682+0000] {dag.py:3834} INFO - Setting next_dagrun for tutorial_dag to None, run_after=None
[2026-03-09T00:34:06.211+0000] {processor.py:183} INFO - Processing /home/airflow/.local/lib/python3.8/site-packages/airflow/example_dags/tutorial_dag.py took 0.716 seconds
[2026-03-09T00:34:37.529+0000] {processor.py:161} INFO - Started process (PID=3933) to work on /home/airflow/.local/lib/python3.8/site-packages/airflow/example_dags/tutorial_dag.py
[2026-03-09T00:34:37.534+0000] {processor.py:830} INFO - Processing file /home/airflow/.local/lib/python3.8/site-packages/airflow/example_dags/tutorial_dag.py for tasks to queue
[2026-03-09T00:34:37.544+0000] {logging_mixin.py:188} INFO - [2026-03-09T00:34:37.542+0000] {dagbag.py:540} INFO - Filling up the DagBag from /home/airflow/.local/lib/python3.8/site-packages/airflow/example_dags/tutorial_dag.py
[2026-03-09T00:34:37.567+0000] {processor.py:840} INFO - DAG(s) 'tutorial_dag' retrieved from /home/airflow/.local/lib/python3.8/site-packages/airflow/example_dags/tutorial_dag.py
[2026-03-09T00:34:37.649+0000] {logging_mixin.py:188} INFO - [2026-03-09T00:34:37.648+0000] {dag.py:3047} INFO - Sync 1 DAGs
[2026-03-09T00:34:37.691+0000] {logging_mixin.py:188} INFO - [2026-03-09T00:34:37.690+0000] {dag.py:3834} INFO - Setting next_dagrun for tutorial_dag to None, run_after=None
[2026-03-09T00:34:37.769+0000] {processor.py:183} INFO - Processing /home/airflow/.local/lib/python3.8/site-packages/airflow/example_dags/tutorial_dag.py took 0.257 seconds
[2026-03-09T00:35:08.488+0000] {processor.py:161} INFO - Started process (PID=3988) to work on /home/airflow/.local/lib/python3.8/site-packages/airflow/example_dags/tutorial_dag.py
[2026-03-09T00:35:08.491+0000] {processor.py:830} INFO - Processing file /home/airflow/.local/lib/python3.8/site-packages/airflow/example_dags/tutorial_dag.py for tasks to queue
[2026-03-09T00:35:08.500+0000] {logging_mixin.py:188} INFO - [2026-03-09T00:35:08.499+0000] {dagbag.py:540} INFO - Filling up the DagBag from /home/airflow/.local/lib/python3.8/site-packages/airflow/example_dags/tutorial_dag.py
[2026-03-09T00:35:08.525+0000] {processor.py:840} INFO - DAG(s) 'tutorial_dag' retrieved from /home/airflow/.local/lib/python3.8/site-packages/airflow/example_dags/tutorial_dag.py
[2026-03-09T00:35:08.623+0000] {logging_mixin.py:188} INFO - [2026-03-09T00:35:08.622+0000] {dag.py:3047} INFO - Sync 1 DAGs
[2026-03-09T00:35:08.684+0000] {logging_mixin.py:188} INFO - [2026-03-09T00:35:08.683+0000] {dag.py:3834} INFO - Setting next_dagrun for tutorial_dag to None, run_after=None
[2026-03-09T00:35:08.785+0000] {processor.py:183} INFO - Processing /home/airflow/.local/lib/python3.8/site-packages/airflow/example_dags/tutorial_dag.py took 0.314 seconds
[2026-03-09T00:35:39.216+0000] {processor.py:161} INFO - Started process (PID=4043) to work on /home/airflow/.local/lib/python3.8/site-packages/airflow/example_dags/tutorial_dag.py
[2026-03-09T00:35:39.220+0000] {processor.py:830} INFO - Processing file /home/airflow/.local/lib/python3.8/site-packages/airflow/example_dags/tutorial_dag.py for tasks to queue
[2026-03-09T00:35:39.225+0000] {logging_mixin.py:188} INFO - [2026-03-09T00:35:39.224+0000] {dagbag.py:540} INFO - Filling up the DagBag from /home/airflow/.local/lib/python3.8/site-packages/airflow/example_dags/tutorial_dag.py
[2026-03-09T00:35:39.243+0000] {processor.py:840} INFO - DAG(s) 'tutorial_dag' retrieved from /home/airflow/.local/lib/python3.8/site-packages/airflow/example_dags/tutorial_dag.py
[2026-03-09T00:35:39.308+0000] {logging_mixin.py:188} INFO - [2026-03-09T00:35:39.307+0000] {dag.py:3047} INFO - Sync 1 DAGs
[2026-03-09T00:35:39.341+0000] {logging_mixin.py:188} INFO - [2026-03-09T00:35:39.341+0000] {dag.py:3834} INFO - Setting next_dagrun for tutorial_dag to None, run_after=None
[2026-03-09T00:35:39.428+0000] {processor.py:183} INFO - Processing /home/airflow/.local/lib/python3.8/site-packages/airflow/example_dags/tutorial_dag.py took 0.224 seconds
[2026-03-09T00:36:09.749+0000] {processor.py:161} INFO - Started process (PID=4099) to work on /home/airflow/.local/lib/python3.8/site-packages/airflow/example_dags/tutorial_dag.py
[2026-03-09T00:36:09.755+0000] {processor.py:830} INFO - Processing file /home/airflow/.local/lib/python3.8/site-packages/airflow/example_dags/tutorial_dag.py for tasks to queue
[2026-03-09T00:36:09.761+0000] {logging_mixin.py:188} INFO - [2026-03-09T00:36:09.760+0000] {dagbag.py:540} INFO - Filling up the DagBag from /home/airflow/.local/lib/python3.8/site-packages/airflow/example_dags/tutorial_dag.py
[2026-03-09T00:36:09.779+0000] {processor.py:840} INFO - DAG(s) 'tutorial_dag' retrieved from /home/airflow/.local/lib/python3.8/site-packages/airflow/example_dags/tutorial_dag.py
[2026-03-09T00:36:09.836+0000] {logging_mixin.py:188} INFO - [2026-03-09T00:36:09.836+0000] {dag.py:3047} INFO - Sync 1 DAGs
[2026-03-09T00:36:09.875+0000] {logging_mixin.py:188} INFO - [2026-03-09T00:36:09.874+0000] {dag.py:3834} INFO - Setting next_dagrun for tutorial_dag to None, run_after=None
[2026-03-09T00:36:09.948+0000] {processor.py:183} INFO - Processing /home/airflow/.local/lib/python3.8/site-packages/airflow/example_dags/tutorial_dag.py took 0.210 seconds
[2026-03-09T00:36:40.178+0000] {processor.py:161} INFO - Started process (PID=4154) to work on /home/airflow/.local/lib/python3.8/site-packages/airflow/example_dags/tutorial_dag.py
[2026-03-09T00:36:40.182+0000] {processor.py:830} INFO - Processing file /home/airflow/.local/lib/python3.8/site-packages/airflow/example_dags/tutorial_dag.py for tasks to queue
[2026-03-09T00:36:40.190+0000] {logging_mixin.py:188} INFO - [2026-03-09T00:36:40.189+0000] {dagbag.py:540} INFO - Filling up the DagBag from /home/airflow/.local/lib/python3.8/site-packages/airflow/example_dags/tutorial_dag.py
[2026-03-09T00:36:40.212+0000] {processor.py:840} INFO - DAG(s) 'tutorial_dag' retrieved from /home/airflow/.local/lib/python3.8/site-packages/airflow/example_dags/tutorial_dag.py
[2026-03-09T00:36:40.274+0000] {logging_mixin.py:188} INFO - [2026-03-09T00:36:40.274+0000] {dag.py:3047} INFO - Sync 1 DAGs
[2026-03-09T00:36:40.312+0000] {logging_mixin.py:188} INFO - [2026-03-09T00:36:40.311+0000] {dag.py:3834} INFO - Setting next_dagrun for tutorial_dag to None, run_after=None
[2026-03-09T00:36:40.356+0000] {processor.py:183} INFO - Processing /home/airflow/.local/lib/python3.8/site-packages/airflow/example_dags/tutorial_dag.py took 0.192 seconds
[2026-03-09T00:37:10.683+0000] {processor.py:161} INFO - Started process (PID=4210) to work on /home/airflow/.local/lib/python3.8/site-packages/airflow/example_dags/tutorial_dag.py
[2026-03-09T00:37:10.688+0000] {processor.py:830} INFO - Processing file /home/airflow/.local/lib/python3.8/site-packages/airflow/example_dags/tutorial_dag.py for tasks to queue
[2026-03-09T00:37:10.696+0000] {logging_mixin.py:188} INFO - [2026-03-09T00:37:10.695+0000] {dagbag.py:540} INFO - Filling up the DagBag from /home/airflow/.local/lib/python3.8/site-packages/airflow/example_dags/tutorial_dag.py
[2026-03-09T00:37:10.732+0000] {processor.py:840} INFO - DAG(s) 'tutorial_dag' retrieved from /home/airflow/.local/lib/python3.8/site-packages/airflow/example_dags/tutorial_dag.py
[2026-03-09T00:37:10.844+0000] {logging_mixin.py:188} INFO - [2026-03-09T00:37:10.843+0000] {dag.py:3047} INFO - Sync 1 DAGs
[2026-03-09T00:37:10.912+0000] {logging_mixin.py:188} INFO - [2026-03-09T00:37:10.911+0000] {dag.py:3834} INFO - Setting next_dagrun for tutorial_dag to None, run_after=None
[2026-03-09T00:37:11.013+0000] {processor.py:183} INFO - Processing /home/airflow/.local/lib/python3.8/site-packages/airflow/example_dags/tutorial_dag.py took 0.346 seconds
[2026-03-09T00:37:41.650+0000] {processor.py:161} INFO - Started process (PID=4264) to work on /home/airflow/.local/lib/python3.8/site-packages/airflow/example_dags/tutorial_dag.py
[2026-03-09T00:37:41.653+0000] {processor.py:830} INFO - Processing file /home/airflow/.local/lib/python3.8/site-packages/airflow/example_dags/tutorial_dag.py for tasks to queue
[2026-03-09T00:37:41.659+0000] {logging_mixin.py:188} INFO - [2026-03-09T00:37:41.658+0000] {dagbag.py:540} INFO - Filling up the DagBag from /home/airflow/.local/lib/python3.8/site-packages/airflow/example_dags/tutorial_dag.py
[2026-03-09T00:37:41.674+0000] {processor.py:840} INFO - DAG(s) 'tutorial_dag' retrieved from /home/airflow/.local/lib/python3.8/site-packages/airflow/example_dags/tutorial_dag.py
[2026-03-09T00:37:41.731+0000] {logging_mixin.py:188} INFO - [2026-03-09T00:37:41.730+0000] {dag.py:3047} INFO - Sync 1 DAGs
[2026-03-09T00:37:41.759+0000] {logging_mixin.py:188} INFO - [2026-03-09T00:37:41.759+0000] {dag.py:3834} INFO - Setting next_dagrun for tutorial_dag to None, run_after=None
[2026-03-09T00:37:41.813+0000] {processor.py:183} INFO - Processing /home/airflow/.local/lib/python3.8/site-packages/airflow/example_dags/tutorial_dag.py took 0.173 seconds
[2026-03-09T00:38:11.966+0000] {processor.py:161} INFO - Started process (PID=4321) to work on /home/airflow/.local/lib/python3.8/site-packages/airflow/example_dags/tutorial_dag.py
[2026-03-09T00:38:11.971+0000] {processor.py:830} INFO - Processing file /home/airflow/.local/lib/python3.8/site-packages/airflow/example_dags/tutorial_dag.py for tasks to queue
[2026-03-09T00:38:11.980+0000] {logging_mixin.py:188} INFO - [2026-03-09T00:38:11.978+0000] {dagbag.py:540} INFO - Filling up the DagBag from /home/airflow/.local/lib/python3.8/site-packages/airflow/example_dags/tutorial_dag.py
[2026-03-09T00:38:12.003+0000] {processor.py:840} INFO - DAG(s) 'tutorial_dag' retrieved from /home/airflow/.local/lib/python3.8/site-packages/airflow/example_dags/tutorial_dag.py
[2026-03-09T00:38:12.073+0000] {logging_mixin.py:188} INFO - [2026-03-09T00:38:12.072+0000] {dag.py:3047} INFO - Sync 1 DAGs
[2026-03-09T00:38:12.128+0000] {logging_mixin.py:188} INFO - [2026-03-09T00:38:12.127+0000] {dag.py:3834} INFO - Setting next_dagrun for tutorial_dag to None, run_after=None
[2026-03-09T00:38:12.186+0000] {processor.py:183} INFO - Processing /home/airflow/.local/lib/python3.8/site-packages/airflow/example_dags/tutorial_dag.py took 0.229 seconds
[2026-03-09T00:38:42.992+0000] {processor.py:161} INFO - Started process (PID=4377) to work on /home/airflow/.local/lib/python3.8/site-packages/airflow/example_dags/tutorial_dag.py
[2026-03-09T00:38:42.997+0000] {processor.py:830} INFO - Processing file /home/airflow/.local/lib/python3.8/site-packages/airflow/example_dags/tutorial_dag.py for tasks to queue
[2026-03-09T00:38:43.006+0000] {logging_mixin.py:188} INFO - [2026-03-09T00:38:43.005+0000] {dagbag.py:540} INFO - Filling up the DagBag from /home/airflow/.local/lib/python3.8/site-packages/airflow/example_dags/tutorial_dag.py
[2026-03-09T00:38:43.051+0000] {processor.py:840} INFO - DAG(s) 'tutorial_dag' retrieved from /home/airflow/.local/lib/python3.8/site-packages/airflow/example_dags/tutorial_dag.py
[2026-03-09T00:38:43.157+0000] {logging_mixin.py:188} INFO - [2026-03-09T00:38:43.156+0000] {dag.py:3047} INFO - Sync 1 DAGs
[2026-03-09T00:38:43.212+0000] {logging_mixin.py:188} INFO - [2026-03-09T00:38:43.212+0000] {dag.py:3834} INFO - Setting next_dagrun for tutorial_dag to None, run_after=None
[2026-03-09T00:38:43.273+0000] {processor.py:183} INFO - Processing /home/airflow/.local/lib/python3.8/site-packages/airflow/example_dags/tutorial_dag.py took 0.318 seconds
