[2026-03-09T00:08:19.689+0000] {processor.py:161} INFO - Started process (PID=1120) to work on /opt/airflow/dags/process_web_log.py
[2026-03-09T00:08:19.692+0000] {processor.py:830} INFO - Processing file /opt/airflow/dags/process_web_log.py for tasks to queue
[2026-03-09T00:08:19.698+0000] {logging_mixin.py:188} INFO - [2026-03-09T00:08:19.697+0000] {dagbag.py:540} INFO - Filling up the DagBag from /opt/airflow/dags/process_web_log.py
[2026-03-09T00:08:19.763+0000] {processor.py:840} INFO - DAG(s) 'process_web_log' retrieved from /opt/airflow/dags/process_web_log.py
[2026-03-09T00:08:20.031+0000] {logging_mixin.py:188} INFO - [2026-03-09T00:08:20.030+0000] {override.py:1769} INFO - Created Permission View: can edit on DAG:process_web_log
[2026-03-09T00:08:20.063+0000] {logging_mixin.py:188} INFO - [2026-03-09T00:08:20.062+0000] {override.py:1769} INFO - Created Permission View: can delete on DAG:process_web_log
[2026-03-09T00:08:20.080+0000] {logging_mixin.py:188} INFO - [2026-03-09T00:08:20.080+0000] {override.py:1769} INFO - Created Permission View: can read on DAG:process_web_log
[2026-03-09T00:08:20.083+0000] {logging_mixin.py:188} INFO - [2026-03-09T00:08:20.082+0000] {dag.py:3047} INFO - Sync 1 DAGs
[2026-03-09T00:08:20.114+0000] {logging_mixin.py:188} INFO - [2026-03-09T00:08:20.114+0000] {dag.py:3069} INFO - Creating ORM DAG for process_web_log
[2026-03-09T00:08:20.158+0000] {logging_mixin.py:188} INFO - [2026-03-09T00:08:20.158+0000] {dag.py:3834} INFO - Setting next_dagrun for process_web_log to 2026-03-09 00:00:00+00:00, run_after=2026-03-10 00:00:00+00:00
[2026-03-09T00:08:20.201+0000] {processor.py:183} INFO - Processing /opt/airflow/dags/process_web_log.py took 0.523 seconds
[2026-03-09T00:08:50.397+0000] {processor.py:161} INFO - Started process (PID=1178) to work on /opt/airflow/dags/process_web_log.py
[2026-03-09T00:08:50.401+0000] {processor.py:830} INFO - Processing file /opt/airflow/dags/process_web_log.py for tasks to queue
[2026-03-09T00:08:50.405+0000] {logging_mixin.py:188} INFO - [2026-03-09T00:08:50.405+0000] {dagbag.py:540} INFO - Filling up the DagBag from /opt/airflow/dags/process_web_log.py
[2026-03-09T00:08:50.447+0000] {processor.py:840} INFO - DAG(s) 'process_web_log' retrieved from /opt/airflow/dags/process_web_log.py
[2026-03-09T00:08:50.498+0000] {logging_mixin.py:188} INFO - [2026-03-09T00:08:50.498+0000] {dag.py:3047} INFO - Sync 1 DAGs
[2026-03-09T00:08:50.541+0000] {logging_mixin.py:188} INFO - [2026-03-09T00:08:50.541+0000] {dag.py:3834} INFO - Setting next_dagrun for process_web_log to 2026-03-09 00:00:00+00:00, run_after=2026-03-10 00:00:00+00:00
[2026-03-09T00:08:50.592+0000] {processor.py:183} INFO - Processing /opt/airflow/dags/process_web_log.py took 0.204 seconds
[2026-03-09T00:09:20.907+0000] {processor.py:161} INFO - Started process (PID=1232) to work on /opt/airflow/dags/process_web_log.py
[2026-03-09T00:09:20.910+0000] {processor.py:830} INFO - Processing file /opt/airflow/dags/process_web_log.py for tasks to queue
[2026-03-09T00:09:20.917+0000] {logging_mixin.py:188} INFO - [2026-03-09T00:09:20.916+0000] {dagbag.py:540} INFO - Filling up the DagBag from /opt/airflow/dags/process_web_log.py
[2026-03-09T00:09:20.953+0000] {processor.py:840} INFO - DAG(s) 'process_web_log' retrieved from /opt/airflow/dags/process_web_log.py
[2026-03-09T00:09:21.007+0000] {logging_mixin.py:188} INFO - [2026-03-09T00:09:21.006+0000] {dag.py:3047} INFO - Sync 1 DAGs
[2026-03-09T00:09:21.075+0000] {logging_mixin.py:188} INFO - [2026-03-09T00:09:21.074+0000] {dag.py:3834} INFO - Setting next_dagrun for process_web_log to 2026-03-09 00:00:00+00:00, run_after=2026-03-10 00:00:00+00:00
[2026-03-09T00:09:21.122+0000] {processor.py:183} INFO - Processing /opt/airflow/dags/process_web_log.py took 0.225 seconds
[2026-03-09T00:09:51.384+0000] {processor.py:161} INFO - Started process (PID=1285) to work on /opt/airflow/dags/process_web_log.py
[2026-03-09T00:09:51.406+0000] {processor.py:830} INFO - Processing file /opt/airflow/dags/process_web_log.py for tasks to queue
[2026-03-09T00:09:51.415+0000] {logging_mixin.py:188} INFO - [2026-03-09T00:09:51.414+0000] {dagbag.py:540} INFO - Filling up the DagBag from /opt/airflow/dags/process_web_log.py
[2026-03-09T00:09:51.626+0000] {processor.py:840} INFO - DAG(s) 'process_web_log' retrieved from /opt/airflow/dags/process_web_log.py
[2026-03-09T00:09:51.810+0000] {logging_mixin.py:188} INFO - [2026-03-09T00:09:51.809+0000] {dag.py:3047} INFO - Sync 1 DAGs
[2026-03-09T00:09:51.978+0000] {logging_mixin.py:188} INFO - [2026-03-09T00:09:51.977+0000] {dag.py:3834} INFO - Setting next_dagrun for process_web_log to 2026-03-09 00:00:00+00:00, run_after=2026-03-10 00:00:00+00:00
[2026-03-09T00:09:52.095+0000] {processor.py:183} INFO - Processing /opt/airflow/dags/process_web_log.py took 0.744 seconds
[2026-03-09T00:09:58.710+0000] {processor.py:161} INFO - Started process (PID=1300) to work on /opt/airflow/dags/process_web_log.py
[2026-03-09T00:09:58.720+0000] {processor.py:830} INFO - Processing file /opt/airflow/dags/process_web_log.py for tasks to queue
[2026-03-09T00:09:58.738+0000] {logging_mixin.py:188} INFO - [2026-03-09T00:09:58.736+0000] {dagbag.py:540} INFO - Filling up the DagBag from /opt/airflow/dags/process_web_log.py
[2026-03-09T00:09:58.894+0000] {processor.py:840} INFO - DAG(s) 'process_web_log' retrieved from /opt/airflow/dags/process_web_log.py
[2026-03-09T00:09:59.792+0000] {logging_mixin.py:188} INFO - [2026-03-09T00:09:59.792+0000] {dag.py:3047} INFO - Sync 1 DAGs
[2026-03-09T00:10:00.144+0000] {logging_mixin.py:188} INFO - [2026-03-09T00:10:00.143+0000] {dag.py:3834} INFO - Setting next_dagrun for process_web_log to 2026-03-09 00:00:00+00:00, run_after=2026-03-10 00:00:00+00:00
[2026-03-09T00:10:00.313+0000] {processor.py:183} INFO - Processing /opt/airflow/dags/process_web_log.py took 1.629 seconds
[2026-03-09T00:10:30.691+0000] {processor.py:161} INFO - Started process (PID=1357) to work on /opt/airflow/dags/process_web_log.py
[2026-03-09T00:10:30.695+0000] {processor.py:830} INFO - Processing file /opt/airflow/dags/process_web_log.py for tasks to queue
[2026-03-09T00:10:30.700+0000] {logging_mixin.py:188} INFO - [2026-03-09T00:10:30.699+0000] {dagbag.py:540} INFO - Filling up the DagBag from /opt/airflow/dags/process_web_log.py
[2026-03-09T00:10:30.758+0000] {processor.py:840} INFO - DAG(s) 'process_web_log' retrieved from /opt/airflow/dags/process_web_log.py
[2026-03-09T00:10:30.876+0000] {logging_mixin.py:188} INFO - [2026-03-09T00:10:30.875+0000] {dag.py:3047} INFO - Sync 1 DAGs
[2026-03-09T00:10:30.984+0000] {logging_mixin.py:188} INFO - [2026-03-09T00:10:30.978+0000] {dag.py:3834} INFO - Setting next_dagrun for process_web_log to 2026-03-09 00:00:00+00:00, run_after=2026-03-10 00:00:00+00:00
[2026-03-09T00:10:31.091+0000] {processor.py:183} INFO - Processing /opt/airflow/dags/process_web_log.py took 0.415 seconds
[2026-03-09T00:11:01.417+0000] {processor.py:161} INFO - Started process (PID=1414) to work on /opt/airflow/dags/process_web_log.py
[2026-03-09T00:11:01.421+0000] {processor.py:830} INFO - Processing file /opt/airflow/dags/process_web_log.py for tasks to queue
[2026-03-09T00:11:01.429+0000] {logging_mixin.py:188} INFO - [2026-03-09T00:11:01.428+0000] {dagbag.py:540} INFO - Filling up the DagBag from /opt/airflow/dags/process_web_log.py
[2026-03-09T00:11:01.475+0000] {processor.py:840} INFO - DAG(s) 'process_web_log' retrieved from /opt/airflow/dags/process_web_log.py
[2026-03-09T00:11:01.531+0000] {logging_mixin.py:188} INFO - [2026-03-09T00:11:01.531+0000] {dag.py:3047} INFO - Sync 1 DAGs
[2026-03-09T00:11:01.628+0000] {logging_mixin.py:188} INFO - [2026-03-09T00:11:01.627+0000] {dag.py:3834} INFO - Setting next_dagrun for process_web_log to 2026-03-09 00:00:00+00:00, run_after=2026-03-10 00:00:00+00:00
[2026-03-09T00:11:01.701+0000] {processor.py:183} INFO - Processing /opt/airflow/dags/process_web_log.py took 0.301 seconds
[2026-03-09T00:11:32.128+0000] {processor.py:161} INFO - Started process (PID=1468) to work on /opt/airflow/dags/process_web_log.py
[2026-03-09T00:11:32.135+0000] {processor.py:830} INFO - Processing file /opt/airflow/dags/process_web_log.py for tasks to queue
[2026-03-09T00:11:32.148+0000] {logging_mixin.py:188} INFO - [2026-03-09T00:11:32.146+0000] {dagbag.py:540} INFO - Filling up the DagBag from /opt/airflow/dags/process_web_log.py
[2026-03-09T00:11:32.206+0000] {processor.py:840} INFO - DAG(s) 'process_web_log' retrieved from /opt/airflow/dags/process_web_log.py
[2026-03-09T00:11:32.246+0000] {logging_mixin.py:188} INFO - [2026-03-09T00:11:32.246+0000] {dag.py:3047} INFO - Sync 1 DAGs
[2026-03-09T00:11:32.296+0000] {logging_mixin.py:188} INFO - [2026-03-09T00:11:32.296+0000] {dag.py:3834} INFO - Setting next_dagrun for process_web_log to 2026-03-09 00:00:00+00:00, run_after=2026-03-10 00:00:00+00:00
[2026-03-09T00:11:32.340+0000] {processor.py:183} INFO - Processing /opt/airflow/dags/process_web_log.py took 0.235 seconds
[2026-03-09T00:12:03.508+0000] {processor.py:161} INFO - Started process (PID=1523) to work on /opt/airflow/dags/process_web_log.py
[2026-03-09T00:12:03.516+0000] {processor.py:830} INFO - Processing file /opt/airflow/dags/process_web_log.py for tasks to queue
[2026-03-09T00:12:03.538+0000] {logging_mixin.py:188} INFO - [2026-03-09T00:12:03.537+0000] {dagbag.py:540} INFO - Filling up the DagBag from /opt/airflow/dags/process_web_log.py
[2026-03-09T00:12:03.705+0000] {processor.py:840} INFO - DAG(s) 'process_web_log' retrieved from /opt/airflow/dags/process_web_log.py
[2026-03-09T00:12:03.842+0000] {logging_mixin.py:188} INFO - [2026-03-09T00:12:03.841+0000] {dag.py:3047} INFO - Sync 1 DAGs
[2026-03-09T00:12:04.068+0000] {logging_mixin.py:188} INFO - [2026-03-09T00:12:04.067+0000] {dag.py:3834} INFO - Setting next_dagrun for process_web_log to 2026-03-09 00:00:00+00:00, run_after=2026-03-10 00:00:00+00:00
[2026-03-09T00:12:04.186+0000] {processor.py:183} INFO - Processing /opt/airflow/dags/process_web_log.py took 0.706 seconds
[2026-03-09T00:12:34.394+0000] {processor.py:161} INFO - Started process (PID=1578) to work on /opt/airflow/dags/process_web_log.py
[2026-03-09T00:12:34.397+0000] {processor.py:830} INFO - Processing file /opt/airflow/dags/process_web_log.py for tasks to queue
[2026-03-09T00:12:34.404+0000] {logging_mixin.py:188} INFO - [2026-03-09T00:12:34.403+0000] {dagbag.py:540} INFO - Filling up the DagBag from /opt/airflow/dags/process_web_log.py
[2026-03-09T00:12:34.487+0000] {processor.py:840} INFO - DAG(s) 'process_web_log' retrieved from /opt/airflow/dags/process_web_log.py
[2026-03-09T00:12:34.546+0000] {logging_mixin.py:188} INFO - [2026-03-09T00:12:34.545+0000] {dag.py:3047} INFO - Sync 1 DAGs
[2026-03-09T00:12:34.609+0000] {logging_mixin.py:188} INFO - [2026-03-09T00:12:34.608+0000] {dag.py:3834} INFO - Setting next_dagrun for process_web_log to 2026-03-09 00:00:00+00:00, run_after=2026-03-10 00:00:00+00:00
[2026-03-09T00:12:34.672+0000] {processor.py:183} INFO - Processing /opt/airflow/dags/process_web_log.py took 0.292 seconds
[2026-03-09T00:13:05.343+0000] {processor.py:161} INFO - Started process (PID=1634) to work on /opt/airflow/dags/process_web_log.py
[2026-03-09T00:13:05.349+0000] {processor.py:830} INFO - Processing file /opt/airflow/dags/process_web_log.py for tasks to queue
[2026-03-09T00:13:05.361+0000] {logging_mixin.py:188} INFO - [2026-03-09T00:13:05.359+0000] {dagbag.py:540} INFO - Filling up the DagBag from /opt/airflow/dags/process_web_log.py
[2026-03-09T00:13:05.450+0000] {processor.py:840} INFO - DAG(s) 'process_web_log' retrieved from /opt/airflow/dags/process_web_log.py
[2026-03-09T00:13:05.524+0000] {logging_mixin.py:188} INFO - [2026-03-09T00:13:05.523+0000] {dag.py:3047} INFO - Sync 1 DAGs
[2026-03-09T00:13:05.597+0000] {logging_mixin.py:188} INFO - [2026-03-09T00:13:05.596+0000] {dag.py:3834} INFO - Setting next_dagrun for process_web_log to 2026-03-09 00:00:00+00:00, run_after=2026-03-10 00:00:00+00:00
[2026-03-09T00:13:05.655+0000] {processor.py:183} INFO - Processing /opt/airflow/dags/process_web_log.py took 0.334 seconds
[2026-03-09T00:13:36.417+0000] {processor.py:161} INFO - Started process (PID=1690) to work on /opt/airflow/dags/process_web_log.py
[2026-03-09T00:13:36.429+0000] {processor.py:830} INFO - Processing file /opt/airflow/dags/process_web_log.py for tasks to queue
[2026-03-09T00:13:36.438+0000] {logging_mixin.py:188} INFO - [2026-03-09T00:13:36.436+0000] {dagbag.py:540} INFO - Filling up the DagBag from /opt/airflow/dags/process_web_log.py
[2026-03-09T00:13:36.482+0000] {processor.py:840} INFO - DAG(s) 'process_web_log' retrieved from /opt/airflow/dags/process_web_log.py
[2026-03-09T00:13:36.539+0000] {logging_mixin.py:188} INFO - [2026-03-09T00:13:36.539+0000] {dag.py:3047} INFO - Sync 1 DAGs
[2026-03-09T00:13:36.603+0000] {logging_mixin.py:188} INFO - [2026-03-09T00:13:36.602+0000] {dag.py:3834} INFO - Setting next_dagrun for process_web_log to 2026-03-09 00:00:00+00:00, run_after=2026-03-10 00:00:00+00:00
[2026-03-09T00:13:36.655+0000] {processor.py:183} INFO - Processing /opt/airflow/dags/process_web_log.py took 0.264 seconds
[2026-03-09T00:14:07.134+0000] {processor.py:161} INFO - Started process (PID=1746) to work on /opt/airflow/dags/process_web_log.py
[2026-03-09T00:14:07.139+0000] {processor.py:830} INFO - Processing file /opt/airflow/dags/process_web_log.py for tasks to queue
[2026-03-09T00:14:07.166+0000] {logging_mixin.py:188} INFO - [2026-03-09T00:14:07.164+0000] {dagbag.py:540} INFO - Filling up the DagBag from /opt/airflow/dags/process_web_log.py
[2026-03-09T00:14:07.306+0000] {processor.py:840} INFO - DAG(s) 'process_web_log' retrieved from /opt/airflow/dags/process_web_log.py
[2026-03-09T00:14:07.427+0000] {logging_mixin.py:188} INFO - [2026-03-09T00:14:07.426+0000] {dag.py:3047} INFO - Sync 1 DAGs
[2026-03-09T00:14:07.590+0000] {logging_mixin.py:188} INFO - [2026-03-09T00:14:07.589+0000] {dag.py:3834} INFO - Setting next_dagrun for process_web_log to 2026-03-09 00:00:00+00:00, run_after=2026-03-10 00:00:00+00:00
[2026-03-09T00:14:07.713+0000] {processor.py:183} INFO - Processing /opt/airflow/dags/process_web_log.py took 0.650 seconds
[2026-03-09T00:14:37.982+0000] {processor.py:161} INFO - Started process (PID=1802) to work on /opt/airflow/dags/process_web_log.py
[2026-03-09T00:14:37.990+0000] {processor.py:830} INFO - Processing file /opt/airflow/dags/process_web_log.py for tasks to queue
[2026-03-09T00:14:38.000+0000] {logging_mixin.py:188} INFO - [2026-03-09T00:14:37.999+0000] {dagbag.py:540} INFO - Filling up the DagBag from /opt/airflow/dags/process_web_log.py
[2026-03-09T00:14:38.090+0000] {processor.py:840} INFO - DAG(s) 'process_web_log' retrieved from /opt/airflow/dags/process_web_log.py
[2026-03-09T00:14:38.172+0000] {logging_mixin.py:188} INFO - [2026-03-09T00:14:38.171+0000] {dag.py:3047} INFO - Sync 1 DAGs
[2026-03-09T00:14:38.262+0000] {logging_mixin.py:188} INFO - [2026-03-09T00:14:38.261+0000] {dag.py:3834} INFO - Setting next_dagrun for process_web_log to 2026-03-09 00:00:00+00:00, run_after=2026-03-10 00:00:00+00:00
[2026-03-09T00:14:38.384+0000] {processor.py:183} INFO - Processing /opt/airflow/dags/process_web_log.py took 0.425 seconds
[2026-03-09T00:15:09.042+0000] {processor.py:161} INFO - Started process (PID=1858) to work on /opt/airflow/dags/process_web_log.py
[2026-03-09T00:15:09.045+0000] {processor.py:830} INFO - Processing file /opt/airflow/dags/process_web_log.py for tasks to queue
[2026-03-09T00:15:09.049+0000] {logging_mixin.py:188} INFO - [2026-03-09T00:15:09.048+0000] {dagbag.py:540} INFO - Filling up the DagBag from /opt/airflow/dags/process_web_log.py
[2026-03-09T00:15:09.096+0000] {processor.py:840} INFO - DAG(s) 'process_web_log' retrieved from /opt/airflow/dags/process_web_log.py
[2026-03-09T00:15:09.168+0000] {logging_mixin.py:188} INFO - [2026-03-09T00:15:09.167+0000] {dag.py:3047} INFO - Sync 1 DAGs
[2026-03-09T00:15:09.242+0000] {logging_mixin.py:188} INFO - [2026-03-09T00:15:09.241+0000] {dag.py:3834} INFO - Setting next_dagrun for process_web_log to 2026-03-09 00:00:00+00:00, run_after=2026-03-10 00:00:00+00:00
[2026-03-09T00:15:09.294+0000] {processor.py:183} INFO - Processing /opt/airflow/dags/process_web_log.py took 0.260 seconds
[2026-03-09T00:15:39.571+0000] {processor.py:161} INFO - Started process (PID=1914) to work on /opt/airflow/dags/process_web_log.py
[2026-03-09T00:15:39.575+0000] {processor.py:830} INFO - Processing file /opt/airflow/dags/process_web_log.py for tasks to queue
[2026-03-09T00:15:39.581+0000] {logging_mixin.py:188} INFO - [2026-03-09T00:15:39.580+0000] {dagbag.py:540} INFO - Filling up the DagBag from /opt/airflow/dags/process_web_log.py
[2026-03-09T00:15:39.639+0000] {processor.py:840} INFO - DAG(s) 'process_web_log' retrieved from /opt/airflow/dags/process_web_log.py
[2026-03-09T00:15:39.709+0000] {logging_mixin.py:188} INFO - [2026-03-09T00:15:39.709+0000] {dag.py:3047} INFO - Sync 1 DAGs
[2026-03-09T00:15:39.775+0000] {logging_mixin.py:188} INFO - [2026-03-09T00:15:39.775+0000] {dag.py:3834} INFO - Setting next_dagrun for process_web_log to 2026-03-09 00:00:00+00:00, run_after=2026-03-10 00:00:00+00:00
[2026-03-09T00:15:39.840+0000] {processor.py:183} INFO - Processing /opt/airflow/dags/process_web_log.py took 0.281 seconds
[2026-03-09T00:16:09.944+0000] {processor.py:161} INFO - Started process (PID=1970) to work on /opt/airflow/dags/process_web_log.py
[2026-03-09T00:16:09.947+0000] {processor.py:830} INFO - Processing file /opt/airflow/dags/process_web_log.py for tasks to queue
[2026-03-09T00:16:09.953+0000] {logging_mixin.py:188} INFO - [2026-03-09T00:16:09.952+0000] {dagbag.py:540} INFO - Filling up the DagBag from /opt/airflow/dags/process_web_log.py
[2026-03-09T00:16:09.989+0000] {processor.py:840} INFO - DAG(s) 'process_web_log' retrieved from /opt/airflow/dags/process_web_log.py
[2026-03-09T00:16:10.036+0000] {logging_mixin.py:188} INFO - [2026-03-09T00:16:10.035+0000] {dag.py:3047} INFO - Sync 1 DAGs
[2026-03-09T00:16:10.093+0000] {logging_mixin.py:188} INFO - [2026-03-09T00:16:10.093+0000] {dag.py:3834} INFO - Setting next_dagrun for process_web_log to 2026-03-09 00:00:00+00:00, run_after=2026-03-10 00:00:00+00:00
[2026-03-09T00:16:10.138+0000] {processor.py:183} INFO - Processing /opt/airflow/dags/process_web_log.py took 0.204 seconds
[2026-03-09T00:16:41.038+0000] {processor.py:161} INFO - Started process (PID=2026) to work on /opt/airflow/dags/process_web_log.py
[2026-03-09T00:16:41.041+0000] {processor.py:830} INFO - Processing file /opt/airflow/dags/process_web_log.py for tasks to queue
[2026-03-09T00:16:41.048+0000] {logging_mixin.py:188} INFO - [2026-03-09T00:16:41.046+0000] {dagbag.py:540} INFO - Filling up the DagBag from /opt/airflow/dags/process_web_log.py
[2026-03-09T00:16:41.097+0000] {processor.py:840} INFO - DAG(s) 'process_web_log' retrieved from /opt/airflow/dags/process_web_log.py
[2026-03-09T00:16:41.154+0000] {logging_mixin.py:188} INFO - [2026-03-09T00:16:41.154+0000] {dag.py:3047} INFO - Sync 1 DAGs
[2026-03-09T00:16:41.202+0000] {logging_mixin.py:188} INFO - [2026-03-09T00:16:41.202+0000] {dag.py:3834} INFO - Setting next_dagrun for process_web_log to 2026-03-09 00:00:00+00:00, run_after=2026-03-10 00:00:00+00:00
[2026-03-09T00:16:41.243+0000] {processor.py:183} INFO - Processing /opt/airflow/dags/process_web_log.py took 0.216 seconds
[2026-03-09T00:17:11.687+0000] {processor.py:161} INFO - Started process (PID=2079) to work on /opt/airflow/dags/process_web_log.py
[2026-03-09T00:17:11.697+0000] {processor.py:830} INFO - Processing file /opt/airflow/dags/process_web_log.py for tasks to queue
[2026-03-09T00:17:11.703+0000] {logging_mixin.py:188} INFO - [2026-03-09T00:17:11.703+0000] {dagbag.py:540} INFO - Filling up the DagBag from /opt/airflow/dags/process_web_log.py
[2026-03-09T00:17:11.746+0000] {processor.py:840} INFO - DAG(s) 'process_web_log' retrieved from /opt/airflow/dags/process_web_log.py
[2026-03-09T00:17:11.806+0000] {logging_mixin.py:188} INFO - [2026-03-09T00:17:11.806+0000] {dag.py:3047} INFO - Sync 1 DAGs
[2026-03-09T00:17:11.866+0000] {logging_mixin.py:188} INFO - [2026-03-09T00:17:11.866+0000] {dag.py:3834} INFO - Setting next_dagrun for process_web_log to 2026-03-09 00:00:00+00:00, run_after=2026-03-10 00:00:00+00:00
[2026-03-09T00:17:11.923+0000] {processor.py:183} INFO - Processing /opt/airflow/dags/process_web_log.py took 0.259 seconds
[2026-03-09T00:17:43.677+0000] {processor.py:161} INFO - Started process (PID=2135) to work on /opt/airflow/dags/process_web_log.py
[2026-03-09T00:17:43.691+0000] {processor.py:830} INFO - Processing file /opt/airflow/dags/process_web_log.py for tasks to queue
[2026-03-09T00:17:43.702+0000] {logging_mixin.py:188} INFO - [2026-03-09T00:17:43.697+0000] {dagbag.py:540} INFO - Filling up the DagBag from /opt/airflow/dags/process_web_log.py
[2026-03-09T00:17:43.798+0000] {processor.py:840} INFO - DAG(s) 'process_web_log' retrieved from /opt/airflow/dags/process_web_log.py
[2026-03-09T00:17:43.887+0000] {logging_mixin.py:188} INFO - [2026-03-09T00:17:43.887+0000] {dag.py:3047} INFO - Sync 1 DAGs
[2026-03-09T00:17:44.025+0000] {logging_mixin.py:188} INFO - [2026-03-09T00:17:44.024+0000] {dag.py:3834} INFO - Setting next_dagrun for process_web_log to 2026-03-09 00:00:00+00:00, run_after=2026-03-10 00:00:00+00:00
[2026-03-09T00:17:44.157+0000] {processor.py:183} INFO - Processing /opt/airflow/dags/process_web_log.py took 0.502 seconds
[2026-03-09T00:18:14.657+0000] {processor.py:161} INFO - Started process (PID=2190) to work on /opt/airflow/dags/process_web_log.py
[2026-03-09T00:18:14.666+0000] {processor.py:830} INFO - Processing file /opt/airflow/dags/process_web_log.py for tasks to queue
[2026-03-09T00:18:14.674+0000] {logging_mixin.py:188} INFO - [2026-03-09T00:18:14.673+0000] {dagbag.py:540} INFO - Filling up the DagBag from /opt/airflow/dags/process_web_log.py
[2026-03-09T00:18:14.749+0000] {processor.py:840} INFO - DAG(s) 'process_web_log' retrieved from /opt/airflow/dags/process_web_log.py
[2026-03-09T00:18:14.890+0000] {logging_mixin.py:188} INFO - [2026-03-09T00:18:14.889+0000] {dag.py:3047} INFO - Sync 1 DAGs
[2026-03-09T00:18:14.961+0000] {logging_mixin.py:188} INFO - [2026-03-09T00:18:14.960+0000] {dag.py:3834} INFO - Setting next_dagrun for process_web_log to 2026-03-09 00:00:00+00:00, run_after=2026-03-10 00:00:00+00:00
[2026-03-09T00:18:15.021+0000] {processor.py:183} INFO - Processing /opt/airflow/dags/process_web_log.py took 0.375 seconds
[2026-03-09T00:18:45.557+0000] {processor.py:161} INFO - Started process (PID=2246) to work on /opt/airflow/dags/process_web_log.py
[2026-03-09T00:18:45.562+0000] {processor.py:830} INFO - Processing file /opt/airflow/dags/process_web_log.py for tasks to queue
[2026-03-09T00:18:45.571+0000] {logging_mixin.py:188} INFO - [2026-03-09T00:18:45.569+0000] {dagbag.py:540} INFO - Filling up the DagBag from /opt/airflow/dags/process_web_log.py
[2026-03-09T00:18:45.782+0000] {processor.py:840} INFO - DAG(s) 'process_web_log' retrieved from /opt/airflow/dags/process_web_log.py
[2026-03-09T00:18:45.871+0000] {logging_mixin.py:188} INFO - [2026-03-09T00:18:45.870+0000] {dag.py:3047} INFO - Sync 1 DAGs
[2026-03-09T00:18:45.937+0000] {logging_mixin.py:188} INFO - [2026-03-09T00:18:45.937+0000] {dag.py:3834} INFO - Setting next_dagrun for process_web_log to 2026-03-09 00:00:00+00:00, run_after=2026-03-10 00:00:00+00:00
[2026-03-09T00:18:46.002+0000] {processor.py:183} INFO - Processing /opt/airflow/dags/process_web_log.py took 0.461 seconds
[2026-03-09T00:19:16.273+0000] {processor.py:161} INFO - Started process (PID=2303) to work on /opt/airflow/dags/process_web_log.py
[2026-03-09T00:19:16.281+0000] {processor.py:830} INFO - Processing file /opt/airflow/dags/process_web_log.py for tasks to queue
[2026-03-09T00:19:16.294+0000] {logging_mixin.py:188} INFO - [2026-03-09T00:19:16.292+0000] {dagbag.py:540} INFO - Filling up the DagBag from /opt/airflow/dags/process_web_log.py
[2026-03-09T00:19:16.361+0000] {processor.py:840} INFO - DAG(s) 'process_web_log' retrieved from /opt/airflow/dags/process_web_log.py
[2026-03-09T00:19:16.428+0000] {logging_mixin.py:188} INFO - [2026-03-09T00:19:16.427+0000] {dag.py:3047} INFO - Sync 1 DAGs
[2026-03-09T00:19:16.491+0000] {logging_mixin.py:188} INFO - [2026-03-09T00:19:16.490+0000] {dag.py:3834} INFO - Setting next_dagrun for process_web_log to 2026-03-09 00:00:00+00:00, run_after=2026-03-10 00:00:00+00:00
[2026-03-09T00:19:16.539+0000] {processor.py:183} INFO - Processing /opt/airflow/dags/process_web_log.py took 0.299 seconds
[2026-03-09T00:19:46.906+0000] {processor.py:161} INFO - Started process (PID=2359) to work on /opt/airflow/dags/process_web_log.py
[2026-03-09T00:19:46.911+0000] {processor.py:830} INFO - Processing file /opt/airflow/dags/process_web_log.py for tasks to queue
[2026-03-09T00:19:46.917+0000] {logging_mixin.py:188} INFO - [2026-03-09T00:19:46.916+0000] {dagbag.py:540} INFO - Filling up the DagBag from /opt/airflow/dags/process_web_log.py
[2026-03-09T00:19:46.966+0000] {processor.py:840} INFO - DAG(s) 'process_web_log' retrieved from /opt/airflow/dags/process_web_log.py
[2026-03-09T00:19:47.033+0000] {logging_mixin.py:188} INFO - [2026-03-09T00:19:47.032+0000] {dag.py:3047} INFO - Sync 1 DAGs
[2026-03-09T00:19:47.109+0000] {logging_mixin.py:188} INFO - [2026-03-09T00:19:47.108+0000] {dag.py:3834} INFO - Setting next_dagrun for process_web_log to 2026-03-09 00:00:00+00:00, run_after=2026-03-10 00:00:00+00:00
[2026-03-09T00:19:47.185+0000] {processor.py:183} INFO - Processing /opt/airflow/dags/process_web_log.py took 0.292 seconds
[2026-03-09T00:20:17.670+0000] {processor.py:161} INFO - Started process (PID=2415) to work on /opt/airflow/dags/process_web_log.py
[2026-03-09T00:20:17.684+0000] {processor.py:830} INFO - Processing file /opt/airflow/dags/process_web_log.py for tasks to queue
[2026-03-09T00:20:17.712+0000] {logging_mixin.py:188} INFO - [2026-03-09T00:20:17.710+0000] {dagbag.py:540} INFO - Filling up the DagBag from /opt/airflow/dags/process_web_log.py
[2026-03-09T00:20:17.812+0000] {processor.py:840} INFO - DAG(s) 'process_web_log' retrieved from /opt/airflow/dags/process_web_log.py
[2026-03-09T00:20:17.900+0000] {logging_mixin.py:188} INFO - [2026-03-09T00:20:17.899+0000] {dag.py:3047} INFO - Sync 1 DAGs
[2026-03-09T00:20:17.988+0000] {logging_mixin.py:188} INFO - [2026-03-09T00:20:17.987+0000] {dag.py:3834} INFO - Setting next_dagrun for process_web_log to 2026-03-09 00:00:00+00:00, run_after=2026-03-10 00:00:00+00:00
[2026-03-09T00:20:18.100+0000] {processor.py:183} INFO - Processing /opt/airflow/dags/process_web_log.py took 0.466 seconds
[2026-03-09T00:20:48.636+0000] {processor.py:161} INFO - Started process (PID=2470) to work on /opt/airflow/dags/process_web_log.py
[2026-03-09T00:20:48.640+0000] {processor.py:830} INFO - Processing file /opt/airflow/dags/process_web_log.py for tasks to queue
[2026-03-09T00:20:48.647+0000] {logging_mixin.py:188} INFO - [2026-03-09T00:20:48.646+0000] {dagbag.py:540} INFO - Filling up the DagBag from /opt/airflow/dags/process_web_log.py
[2026-03-09T00:20:48.690+0000] {processor.py:840} INFO - DAG(s) 'process_web_log' retrieved from /opt/airflow/dags/process_web_log.py
[2026-03-09T00:20:48.744+0000] {logging_mixin.py:188} INFO - [2026-03-09T00:20:48.743+0000] {dag.py:3047} INFO - Sync 1 DAGs
[2026-03-09T00:20:48.807+0000] {logging_mixin.py:188} INFO - [2026-03-09T00:20:48.806+0000] {dag.py:3834} INFO - Setting next_dagrun for process_web_log to 2026-03-09 00:00:00+00:00, run_after=2026-03-10 00:00:00+00:00
[2026-03-09T00:20:48.892+0000] {processor.py:183} INFO - Processing /opt/airflow/dags/process_web_log.py took 0.278 seconds
[2026-03-09T00:21:19.216+0000] {processor.py:161} INFO - Started process (PID=2526) to work on /opt/airflow/dags/process_web_log.py
[2026-03-09T00:21:19.220+0000] {processor.py:830} INFO - Processing file /opt/airflow/dags/process_web_log.py for tasks to queue
[2026-03-09T00:21:19.229+0000] {logging_mixin.py:188} INFO - [2026-03-09T00:21:19.228+0000] {dagbag.py:540} INFO - Filling up the DagBag from /opt/airflow/dags/process_web_log.py
[2026-03-09T00:21:19.334+0000] {processor.py:840} INFO - DAG(s) 'process_web_log' retrieved from /opt/airflow/dags/process_web_log.py
[2026-03-09T00:21:19.413+0000] {logging_mixin.py:188} INFO - [2026-03-09T00:21:19.413+0000] {dag.py:3047} INFO - Sync 1 DAGs
[2026-03-09T00:21:19.479+0000] {logging_mixin.py:188} INFO - [2026-03-09T00:21:19.478+0000] {dag.py:3834} INFO - Setting next_dagrun for process_web_log to 2026-03-09 00:00:00+00:00, run_after=2026-03-10 00:00:00+00:00
[2026-03-09T00:21:19.562+0000] {processor.py:183} INFO - Processing /opt/airflow/dags/process_web_log.py took 0.362 seconds
[2026-03-09T00:21:50.520+0000] {processor.py:161} INFO - Started process (PID=2583) to work on /opt/airflow/dags/process_web_log.py
[2026-03-09T00:21:50.524+0000] {processor.py:830} INFO - Processing file /opt/airflow/dags/process_web_log.py for tasks to queue
[2026-03-09T00:21:50.529+0000] {logging_mixin.py:188} INFO - [2026-03-09T00:21:50.528+0000] {dagbag.py:540} INFO - Filling up the DagBag from /opt/airflow/dags/process_web_log.py
[2026-03-09T00:21:50.580+0000] {processor.py:840} INFO - DAG(s) 'process_web_log' retrieved from /opt/airflow/dags/process_web_log.py
[2026-03-09T00:21:50.626+0000] {logging_mixin.py:188} INFO - [2026-03-09T00:21:50.626+0000] {dag.py:3047} INFO - Sync 1 DAGs
[2026-03-09T00:21:50.675+0000] {logging_mixin.py:188} INFO - [2026-03-09T00:21:50.674+0000] {dag.py:3834} INFO - Setting next_dagrun for process_web_log to 2026-03-09 00:00:00+00:00, run_after=2026-03-10 00:00:00+00:00
[2026-03-09T00:21:50.733+0000] {processor.py:183} INFO - Processing /opt/airflow/dags/process_web_log.py took 0.223 seconds
[2026-03-09T00:22:23.532+0000] {processor.py:161} INFO - Started process (PID=2637) to work on /opt/airflow/dags/process_web_log.py
[2026-03-09T00:22:23.539+0000] {processor.py:830} INFO - Processing file /opt/airflow/dags/process_web_log.py for tasks to queue
[2026-03-09T00:22:23.558+0000] {logging_mixin.py:188} INFO - [2026-03-09T00:22:23.557+0000] {dagbag.py:540} INFO - Filling up the DagBag from /opt/airflow/dags/process_web_log.py
[2026-03-09T00:22:23.634+0000] {processor.py:840} INFO - DAG(s) 'process_web_log' retrieved from /opt/airflow/dags/process_web_log.py
[2026-03-09T00:22:23.776+0000] {logging_mixin.py:188} INFO - [2026-03-09T00:22:23.775+0000] {dag.py:3047} INFO - Sync 1 DAGs
[2026-03-09T00:22:23.977+0000] {logging_mixin.py:188} INFO - [2026-03-09T00:22:23.976+0000] {dag.py:3834} INFO - Setting next_dagrun for process_web_log to 2026-03-09 00:00:00+00:00, run_after=2026-03-10 00:00:00+00:00
[2026-03-09T00:22:24.082+0000] {processor.py:183} INFO - Processing /opt/airflow/dags/process_web_log.py took 0.571 seconds
[2026-03-09T00:22:54.347+0000] {processor.py:161} INFO - Started process (PID=2693) to work on /opt/airflow/dags/process_web_log.py
[2026-03-09T00:22:54.350+0000] {processor.py:830} INFO - Processing file /opt/airflow/dags/process_web_log.py for tasks to queue
[2026-03-09T00:22:54.356+0000] {logging_mixin.py:188} INFO - [2026-03-09T00:22:54.355+0000] {dagbag.py:540} INFO - Filling up the DagBag from /opt/airflow/dags/process_web_log.py
[2026-03-09T00:22:54.412+0000] {processor.py:840} INFO - DAG(s) 'process_web_log' retrieved from /opt/airflow/dags/process_web_log.py
[2026-03-09T00:22:54.477+0000] {logging_mixin.py:188} INFO - [2026-03-09T00:22:54.477+0000] {dag.py:3047} INFO - Sync 1 DAGs
[2026-03-09T00:22:54.536+0000] {logging_mixin.py:188} INFO - [2026-03-09T00:22:54.536+0000] {dag.py:3834} INFO - Setting next_dagrun for process_web_log to 2026-03-09 00:00:00+00:00, run_after=2026-03-10 00:00:00+00:00
[2026-03-09T00:22:54.597+0000] {processor.py:183} INFO - Processing /opt/airflow/dags/process_web_log.py took 0.265 seconds
[2026-03-09T00:23:24.742+0000] {processor.py:161} INFO - Started process (PID=2749) to work on /opt/airflow/dags/process_web_log.py
[2026-03-09T00:23:24.747+0000] {processor.py:830} INFO - Processing file /opt/airflow/dags/process_web_log.py for tasks to queue
[2026-03-09T00:23:24.757+0000] {logging_mixin.py:188} INFO - [2026-03-09T00:23:24.756+0000] {dagbag.py:540} INFO - Filling up the DagBag from /opt/airflow/dags/process_web_log.py
[2026-03-09T00:23:24.830+0000] {processor.py:840} INFO - DAG(s) 'process_web_log' retrieved from /opt/airflow/dags/process_web_log.py
[2026-03-09T00:23:24.899+0000] {logging_mixin.py:188} INFO - [2026-03-09T00:23:24.898+0000] {dag.py:3047} INFO - Sync 1 DAGs
[2026-03-09T00:23:24.958+0000] {logging_mixin.py:188} INFO - [2026-03-09T00:23:24.958+0000] {dag.py:3834} INFO - Setting next_dagrun for process_web_log to 2026-03-09 00:00:00+00:00, run_after=2026-03-10 00:00:00+00:00
[2026-03-09T00:23:25.011+0000] {processor.py:183} INFO - Processing /opt/airflow/dags/process_web_log.py took 0.288 seconds
[2026-03-09T00:23:55.125+0000] {processor.py:161} INFO - Started process (PID=2804) to work on /opt/airflow/dags/process_web_log.py
[2026-03-09T00:23:55.128+0000] {processor.py:830} INFO - Processing file /opt/airflow/dags/process_web_log.py for tasks to queue
[2026-03-09T00:23:55.136+0000] {logging_mixin.py:188} INFO - [2026-03-09T00:23:55.135+0000] {dagbag.py:540} INFO - Filling up the DagBag from /opt/airflow/dags/process_web_log.py
[2026-03-09T00:23:55.214+0000] {processor.py:840} INFO - DAG(s) 'process_web_log' retrieved from /opt/airflow/dags/process_web_log.py
[2026-03-09T00:23:55.292+0000] {logging_mixin.py:188} INFO - [2026-03-09T00:23:55.291+0000] {dag.py:3047} INFO - Sync 1 DAGs
[2026-03-09T00:23:55.344+0000] {logging_mixin.py:188} INFO - [2026-03-09T00:23:55.343+0000] {dag.py:3834} INFO - Setting next_dagrun for process_web_log to 2026-03-09 00:00:00+00:00, run_after=2026-03-10 00:00:00+00:00
[2026-03-09T00:23:55.388+0000] {processor.py:183} INFO - Processing /opt/airflow/dags/process_web_log.py took 0.274 seconds
[2026-03-09T00:24:26.151+0000] {processor.py:161} INFO - Started process (PID=2858) to work on /opt/airflow/dags/process_web_log.py
[2026-03-09T00:24:26.170+0000] {processor.py:830} INFO - Processing file /opt/airflow/dags/process_web_log.py for tasks to queue
[2026-03-09T00:24:26.190+0000] {logging_mixin.py:188} INFO - [2026-03-09T00:24:26.188+0000] {dagbag.py:540} INFO - Filling up the DagBag from /opt/airflow/dags/process_web_log.py
[2026-03-09T00:24:26.341+0000] {processor.py:840} INFO - DAG(s) 'process_web_log' retrieved from /opt/airflow/dags/process_web_log.py
[2026-03-09T00:24:26.488+0000] {logging_mixin.py:188} INFO - [2026-03-09T00:24:26.486+0000] {dag.py:3047} INFO - Sync 1 DAGs
[2026-03-09T00:24:26.648+0000] {logging_mixin.py:188} INFO - [2026-03-09T00:24:26.640+0000] {dag.py:3834} INFO - Setting next_dagrun for process_web_log to 2026-03-09 00:00:00+00:00, run_after=2026-03-10 00:00:00+00:00
[2026-03-09T00:24:26.724+0000] {processor.py:183} INFO - Processing /opt/airflow/dags/process_web_log.py took 0.590 seconds
[2026-03-09T00:24:57.547+0000] {processor.py:161} INFO - Started process (PID=2914) to work on /opt/airflow/dags/process_web_log.py
[2026-03-09T00:24:57.550+0000] {processor.py:830} INFO - Processing file /opt/airflow/dags/process_web_log.py for tasks to queue
[2026-03-09T00:24:57.558+0000] {logging_mixin.py:188} INFO - [2026-03-09T00:24:57.557+0000] {dagbag.py:540} INFO - Filling up the DagBag from /opt/airflow/dags/process_web_log.py
[2026-03-09T00:24:57.631+0000] {processor.py:840} INFO - DAG(s) 'process_web_log' retrieved from /opt/airflow/dags/process_web_log.py
[2026-03-09T00:24:57.697+0000] {logging_mixin.py:188} INFO - [2026-03-09T00:24:57.697+0000] {dag.py:3047} INFO - Sync 1 DAGs
[2026-03-09T00:24:57.760+0000] {logging_mixin.py:188} INFO - [2026-03-09T00:24:57.760+0000] {dag.py:3834} INFO - Setting next_dagrun for process_web_log to 2026-03-09 00:00:00+00:00, run_after=2026-03-10 00:00:00+00:00
[2026-03-09T00:24:57.814+0000] {processor.py:183} INFO - Processing /opt/airflow/dags/process_web_log.py took 0.279 seconds
[2026-03-09T00:25:30.211+0000] {processor.py:161} INFO - Started process (PID=2963) to work on /opt/airflow/dags/process_web_log.py
[2026-03-09T00:25:30.219+0000] {processor.py:830} INFO - Processing file /opt/airflow/dags/process_web_log.py for tasks to queue
[2026-03-09T00:25:30.227+0000] {logging_mixin.py:188} INFO - [2026-03-09T00:25:30.226+0000] {dagbag.py:540} INFO - Filling up the DagBag from /opt/airflow/dags/process_web_log.py
[2026-03-09T00:25:30.363+0000] {processor.py:840} INFO - DAG(s) 'process_web_log' retrieved from /opt/airflow/dags/process_web_log.py
[2026-03-09T00:25:30.455+0000] {logging_mixin.py:188} INFO - [2026-03-09T00:25:30.454+0000] {dag.py:3047} INFO - Sync 1 DAGs
[2026-03-09T00:25:30.581+0000] {logging_mixin.py:188} INFO - [2026-03-09T00:25:30.581+0000] {dag.py:3834} INFO - Setting next_dagrun for process_web_log to 2026-03-09 00:00:00+00:00, run_after=2026-03-10 00:00:00+00:00
[2026-03-09T00:25:30.671+0000] {processor.py:183} INFO - Processing /opt/airflow/dags/process_web_log.py took 0.481 seconds
[2026-03-09T00:26:03.392+0000] {processor.py:161} INFO - Started process (PID=3019) to work on /opt/airflow/dags/process_web_log.py
[2026-03-09T00:26:03.399+0000] {processor.py:830} INFO - Processing file /opt/airflow/dags/process_web_log.py for tasks to queue
[2026-03-09T00:26:03.415+0000] {logging_mixin.py:188} INFO - [2026-03-09T00:26:03.414+0000] {dagbag.py:540} INFO - Filling up the DagBag from /opt/airflow/dags/process_web_log.py
[2026-03-09T00:26:03.599+0000] {processor.py:840} INFO - DAG(s) 'process_web_log' retrieved from /opt/airflow/dags/process_web_log.py
[2026-03-09T00:26:03.760+0000] {logging_mixin.py:188} INFO - [2026-03-09T00:26:03.759+0000] {dag.py:3047} INFO - Sync 1 DAGs
[2026-03-09T00:26:03.869+0000] {logging_mixin.py:188} INFO - [2026-03-09T00:26:03.868+0000] {dag.py:3834} INFO - Setting next_dagrun for process_web_log to 2026-03-09 00:00:00+00:00, run_after=2026-03-10 00:00:00+00:00
[2026-03-09T00:26:03.960+0000] {processor.py:183} INFO - Processing /opt/airflow/dags/process_web_log.py took 0.622 seconds
[2026-03-09T00:26:34.091+0000] {processor.py:161} INFO - Started process (PID=3074) to work on /opt/airflow/dags/process_web_log.py
[2026-03-09T00:26:34.094+0000] {processor.py:830} INFO - Processing file /opt/airflow/dags/process_web_log.py for tasks to queue
[2026-03-09T00:26:34.100+0000] {logging_mixin.py:188} INFO - [2026-03-09T00:26:34.099+0000] {dagbag.py:540} INFO - Filling up the DagBag from /opt/airflow/dags/process_web_log.py
[2026-03-09T00:26:34.137+0000] {processor.py:840} INFO - DAG(s) 'process_web_log' retrieved from /opt/airflow/dags/process_web_log.py
[2026-03-09T00:26:34.196+0000] {logging_mixin.py:188} INFO - [2026-03-09T00:26:34.195+0000] {dag.py:3047} INFO - Sync 1 DAGs
[2026-03-09T00:26:34.275+0000] {logging_mixin.py:188} INFO - [2026-03-09T00:26:34.274+0000] {dag.py:3834} INFO - Setting next_dagrun for process_web_log to 2026-03-09 00:00:00+00:00, run_after=2026-03-10 00:00:00+00:00
[2026-03-09T00:26:34.352+0000] {processor.py:183} INFO - Processing /opt/airflow/dags/process_web_log.py took 0.272 seconds
[2026-03-09T00:27:04.567+0000] {processor.py:161} INFO - Started process (PID=3129) to work on /opt/airflow/dags/process_web_log.py
[2026-03-09T00:27:04.570+0000] {processor.py:830} INFO - Processing file /opt/airflow/dags/process_web_log.py for tasks to queue
[2026-03-09T00:27:04.574+0000] {logging_mixin.py:188} INFO - [2026-03-09T00:27:04.574+0000] {dagbag.py:540} INFO - Filling up the DagBag from /opt/airflow/dags/process_web_log.py
[2026-03-09T00:27:04.624+0000] {processor.py:840} INFO - DAG(s) 'process_web_log' retrieved from /opt/airflow/dags/process_web_log.py
[2026-03-09T00:27:04.679+0000] {logging_mixin.py:188} INFO - [2026-03-09T00:27:04.678+0000] {dag.py:3047} INFO - Sync 1 DAGs
[2026-03-09T00:27:04.726+0000] {logging_mixin.py:188} INFO - [2026-03-09T00:27:04.725+0000] {dag.py:3834} INFO - Setting next_dagrun for process_web_log to 2026-03-09 00:00:00+00:00, run_after=2026-03-10 00:00:00+00:00
[2026-03-09T00:27:04.771+0000] {processor.py:183} INFO - Processing /opt/airflow/dags/process_web_log.py took 0.214 seconds
[2026-03-09T00:27:35.181+0000] {processor.py:161} INFO - Started process (PID=3185) to work on /opt/airflow/dags/process_web_log.py
[2026-03-09T00:27:35.184+0000] {processor.py:830} INFO - Processing file /opt/airflow/dags/process_web_log.py for tasks to queue
[2026-03-09T00:27:35.188+0000] {logging_mixin.py:188} INFO - [2026-03-09T00:27:35.187+0000] {dagbag.py:540} INFO - Filling up the DagBag from /opt/airflow/dags/process_web_log.py
[2026-03-09T00:27:35.268+0000] {processor.py:840} INFO - DAG(s) 'process_web_log' retrieved from /opt/airflow/dags/process_web_log.py
[2026-03-09T00:27:35.369+0000] {logging_mixin.py:188} INFO - [2026-03-09T00:27:35.368+0000] {dag.py:3047} INFO - Sync 1 DAGs
[2026-03-09T00:27:35.468+0000] {logging_mixin.py:188} INFO - [2026-03-09T00:27:35.467+0000] {dag.py:3834} INFO - Setting next_dagrun for process_web_log to 2026-03-09 00:00:00+00:00, run_after=2026-03-10 00:00:00+00:00
[2026-03-09T00:27:35.575+0000] {processor.py:183} INFO - Processing /opt/airflow/dags/process_web_log.py took 0.401 seconds
[2026-03-09T00:28:06.363+0000] {processor.py:161} INFO - Started process (PID=3241) to work on /opt/airflow/dags/process_web_log.py
[2026-03-09T00:28:06.368+0000] {processor.py:830} INFO - Processing file /opt/airflow/dags/process_web_log.py for tasks to queue
[2026-03-09T00:28:06.375+0000] {logging_mixin.py:188} INFO - [2026-03-09T00:28:06.374+0000] {dagbag.py:540} INFO - Filling up the DagBag from /opt/airflow/dags/process_web_log.py
[2026-03-09T00:28:06.439+0000] {processor.py:840} INFO - DAG(s) 'process_web_log' retrieved from /opt/airflow/dags/process_web_log.py
[2026-03-09T00:28:06.531+0000] {logging_mixin.py:188} INFO - [2026-03-09T00:28:06.531+0000] {dag.py:3047} INFO - Sync 1 DAGs
[2026-03-09T00:28:06.617+0000] {logging_mixin.py:188} INFO - [2026-03-09T00:28:06.616+0000] {dag.py:3834} INFO - Setting next_dagrun for process_web_log to 2026-03-09 00:00:00+00:00, run_after=2026-03-10 00:00:00+00:00
[2026-03-09T00:28:06.691+0000] {processor.py:183} INFO - Processing /opt/airflow/dags/process_web_log.py took 0.341 seconds
[2026-03-09T00:28:37.056+0000] {processor.py:161} INFO - Started process (PID=3297) to work on /opt/airflow/dags/process_web_log.py
[2026-03-09T00:28:37.061+0000] {processor.py:830} INFO - Processing file /opt/airflow/dags/process_web_log.py for tasks to queue
[2026-03-09T00:28:37.069+0000] {logging_mixin.py:188} INFO - [2026-03-09T00:28:37.067+0000] {dagbag.py:540} INFO - Filling up the DagBag from /opt/airflow/dags/process_web_log.py
[2026-03-09T00:28:37.132+0000] {processor.py:840} INFO - DAG(s) 'process_web_log' retrieved from /opt/airflow/dags/process_web_log.py
[2026-03-09T00:28:37.219+0000] {logging_mixin.py:188} INFO - [2026-03-09T00:28:37.219+0000] {dag.py:3047} INFO - Sync 1 DAGs
[2026-03-09T00:28:37.347+0000] {logging_mixin.py:188} INFO - [2026-03-09T00:28:37.346+0000] {dag.py:3834} INFO - Setting next_dagrun for process_web_log to 2026-03-09 00:00:00+00:00, run_after=2026-03-10 00:00:00+00:00
[2026-03-09T00:28:37.480+0000] {processor.py:183} INFO - Processing /opt/airflow/dags/process_web_log.py took 0.445 seconds
[2026-03-09T00:29:07.938+0000] {processor.py:161} INFO - Started process (PID=3353) to work on /opt/airflow/dags/process_web_log.py
[2026-03-09T00:29:07.942+0000] {processor.py:830} INFO - Processing file /opt/airflow/dags/process_web_log.py for tasks to queue
[2026-03-09T00:29:07.949+0000] {logging_mixin.py:188} INFO - [2026-03-09T00:29:07.948+0000] {dagbag.py:540} INFO - Filling up the DagBag from /opt/airflow/dags/process_web_log.py
[2026-03-09T00:29:08.046+0000] {processor.py:840} INFO - DAG(s) 'process_web_log' retrieved from /opt/airflow/dags/process_web_log.py
[2026-03-09T00:29:08.141+0000] {logging_mixin.py:188} INFO - [2026-03-09T00:29:08.141+0000] {dag.py:3047} INFO - Sync 1 DAGs
[2026-03-09T00:29:08.358+0000] {logging_mixin.py:188} INFO - [2026-03-09T00:29:08.357+0000] {dag.py:3834} INFO - Setting next_dagrun for process_web_log to 2026-03-09 00:00:00+00:00, run_after=2026-03-10 00:00:00+00:00
[2026-03-09T00:29:08.437+0000] {processor.py:183} INFO - Processing /opt/airflow/dags/process_web_log.py took 0.512 seconds
[2026-03-09T00:29:38.596+0000] {processor.py:161} INFO - Started process (PID=3409) to work on /opt/airflow/dags/process_web_log.py
[2026-03-09T00:29:38.598+0000] {processor.py:830} INFO - Processing file /opt/airflow/dags/process_web_log.py for tasks to queue
[2026-03-09T00:29:38.602+0000] {logging_mixin.py:188} INFO - [2026-03-09T00:29:38.602+0000] {dagbag.py:540} INFO - Filling up the DagBag from /opt/airflow/dags/process_web_log.py
[2026-03-09T00:29:38.636+0000] {processor.py:840} INFO - DAG(s) 'process_web_log' retrieved from /opt/airflow/dags/process_web_log.py
[2026-03-09T00:29:38.677+0000] {logging_mixin.py:188} INFO - [2026-03-09T00:29:38.676+0000] {dag.py:3047} INFO - Sync 1 DAGs
[2026-03-09T00:29:38.726+0000] {logging_mixin.py:188} INFO - [2026-03-09T00:29:38.726+0000] {dag.py:3834} INFO - Setting next_dagrun for process_web_log to 2026-03-09 00:00:00+00:00, run_after=2026-03-10 00:00:00+00:00
[2026-03-09T00:29:38.767+0000] {processor.py:183} INFO - Processing /opt/airflow/dags/process_web_log.py took 0.182 seconds
[2026-03-09T00:30:08.878+0000] {processor.py:161} INFO - Started process (PID=3461) to work on /opt/airflow/dags/process_web_log.py
[2026-03-09T00:30:08.885+0000] {processor.py:830} INFO - Processing file /opt/airflow/dags/process_web_log.py for tasks to queue
[2026-03-09T00:30:08.892+0000] {logging_mixin.py:188} INFO - [2026-03-09T00:30:08.891+0000] {dagbag.py:540} INFO - Filling up the DagBag from /opt/airflow/dags/process_web_log.py
[2026-03-09T00:30:08.941+0000] {processor.py:840} INFO - DAG(s) 'process_web_log' retrieved from /opt/airflow/dags/process_web_log.py
[2026-03-09T00:30:08.985+0000] {logging_mixin.py:188} INFO - [2026-03-09T00:30:08.985+0000] {dag.py:3047} INFO - Sync 1 DAGs
[2026-03-09T00:30:09.023+0000] {logging_mixin.py:188} INFO - [2026-03-09T00:30:09.023+0000] {dag.py:3834} INFO - Setting next_dagrun for process_web_log to 2026-03-09 00:00:00+00:00, run_after=2026-03-10 00:00:00+00:00
[2026-03-09T00:30:09.061+0000] {processor.py:183} INFO - Processing /opt/airflow/dags/process_web_log.py took 0.196 seconds
[2026-03-09T00:30:39.444+0000] {processor.py:161} INFO - Started process (PID=3510) to work on /opt/airflow/dags/process_web_log.py
[2026-03-09T00:30:39.449+0000] {processor.py:830} INFO - Processing file /opt/airflow/dags/process_web_log.py for tasks to queue
[2026-03-09T00:30:39.463+0000] {logging_mixin.py:188} INFO - [2026-03-09T00:30:39.461+0000] {dagbag.py:540} INFO - Filling up the DagBag from /opt/airflow/dags/process_web_log.py
[2026-03-09T00:30:39.573+0000] {processor.py:840} INFO - DAG(s) 'process_web_log' retrieved from /opt/airflow/dags/process_web_log.py
[2026-03-09T00:30:39.716+0000] {logging_mixin.py:188} INFO - [2026-03-09T00:30:39.715+0000] {dag.py:3047} INFO - Sync 1 DAGs
[2026-03-09T00:30:39.871+0000] {logging_mixin.py:188} INFO - [2026-03-09T00:30:39.870+0000] {dag.py:3834} INFO - Setting next_dagrun for process_web_log to 2026-03-09 00:00:00+00:00, run_after=2026-03-10 00:00:00+00:00
[2026-03-09T00:30:40.637+0000] {processor.py:183} INFO - Processing /opt/airflow/dags/process_web_log.py took 1.211 seconds
[2026-03-09T00:31:11.158+0000] {processor.py:161} INFO - Started process (PID=3572) to work on /opt/airflow/dags/process_web_log.py
[2026-03-09T00:31:11.162+0000] {processor.py:830} INFO - Processing file /opt/airflow/dags/process_web_log.py for tasks to queue
[2026-03-09T00:31:11.171+0000] {logging_mixin.py:188} INFO - [2026-03-09T00:31:11.170+0000] {dagbag.py:540} INFO - Filling up the DagBag from /opt/airflow/dags/process_web_log.py
[2026-03-09T00:31:11.232+0000] {processor.py:840} INFO - DAG(s) 'process_web_log' retrieved from /opt/airflow/dags/process_web_log.py
[2026-03-09T00:31:11.292+0000] {logging_mixin.py:188} INFO - [2026-03-09T00:31:11.291+0000] {dag.py:3047} INFO - Sync 1 DAGs
[2026-03-09T00:31:11.345+0000] {logging_mixin.py:188} INFO - [2026-03-09T00:31:11.345+0000] {dag.py:3834} INFO - Setting next_dagrun for process_web_log to 2026-03-09 00:00:00+00:00, run_after=2026-03-10 00:00:00+00:00
[2026-03-09T00:31:11.390+0000] {processor.py:183} INFO - Processing /opt/airflow/dags/process_web_log.py took 0.242 seconds
[2026-03-09T00:31:42.158+0000] {processor.py:161} INFO - Started process (PID=3622) to work on /opt/airflow/dags/process_web_log.py
[2026-03-09T00:31:42.161+0000] {processor.py:830} INFO - Processing file /opt/airflow/dags/process_web_log.py for tasks to queue
[2026-03-09T00:31:42.167+0000] {logging_mixin.py:188} INFO - [2026-03-09T00:31:42.167+0000] {dagbag.py:540} INFO - Filling up the DagBag from /opt/airflow/dags/process_web_log.py
[2026-03-09T00:31:42.222+0000] {processor.py:840} INFO - DAG(s) 'process_web_log' retrieved from /opt/airflow/dags/process_web_log.py
[2026-03-09T00:31:42.298+0000] {logging_mixin.py:188} INFO - [2026-03-09T00:31:42.297+0000] {dag.py:3047} INFO - Sync 1 DAGs
[2026-03-09T00:31:42.392+0000] {logging_mixin.py:188} INFO - [2026-03-09T00:31:42.391+0000] {dag.py:3834} INFO - Setting next_dagrun for process_web_log to 2026-03-09 00:00:00+00:00, run_after=2026-03-10 00:00:00+00:00
[2026-03-09T00:31:42.466+0000] {processor.py:183} INFO - Processing /opt/airflow/dags/process_web_log.py took 0.317 seconds
[2026-03-09T00:32:13.148+0000] {processor.py:161} INFO - Started process (PID=3677) to work on /opt/airflow/dags/process_web_log.py
[2026-03-09T00:32:13.153+0000] {processor.py:830} INFO - Processing file /opt/airflow/dags/process_web_log.py for tasks to queue
[2026-03-09T00:32:13.164+0000] {logging_mixin.py:188} INFO - [2026-03-09T00:32:13.163+0000] {dagbag.py:540} INFO - Filling up the DagBag from /opt/airflow/dags/process_web_log.py
[2026-03-09T00:32:13.239+0000] {processor.py:840} INFO - DAG(s) 'process_web_log' retrieved from /opt/airflow/dags/process_web_log.py
[2026-03-09T00:32:13.305+0000] {logging_mixin.py:188} INFO - [2026-03-09T00:32:13.304+0000] {dag.py:3047} INFO - Sync 1 DAGs
[2026-03-09T00:32:13.420+0000] {logging_mixin.py:188} INFO - [2026-03-09T00:32:13.419+0000] {dag.py:3834} INFO - Setting next_dagrun for process_web_log to 2026-03-09 00:00:00+00:00, run_after=2026-03-10 00:00:00+00:00
[2026-03-09T00:32:13.519+0000] {processor.py:183} INFO - Processing /opt/airflow/dags/process_web_log.py took 0.388 seconds
[2026-03-09T00:32:44.286+0000] {processor.py:161} INFO - Started process (PID=3733) to work on /opt/airflow/dags/process_web_log.py
[2026-03-09T00:32:44.290+0000] {processor.py:830} INFO - Processing file /opt/airflow/dags/process_web_log.py for tasks to queue
[2026-03-09T00:32:44.296+0000] {logging_mixin.py:188} INFO - [2026-03-09T00:32:44.295+0000] {dagbag.py:540} INFO - Filling up the DagBag from /opt/airflow/dags/process_web_log.py
[2026-03-09T00:32:44.355+0000] {processor.py:840} INFO - DAG(s) 'process_web_log' retrieved from /opt/airflow/dags/process_web_log.py
[2026-03-09T00:32:44.416+0000] {logging_mixin.py:188} INFO - [2026-03-09T00:32:44.416+0000] {dag.py:3047} INFO - Sync 1 DAGs
[2026-03-09T00:32:44.487+0000] {logging_mixin.py:188} INFO - [2026-03-09T00:32:44.483+0000] {dag.py:3834} INFO - Setting next_dagrun for process_web_log to 2026-03-09 00:00:00+00:00, run_after=2026-03-10 00:00:00+00:00
[2026-03-09T00:32:44.855+0000] {processor.py:183} INFO - Processing /opt/airflow/dags/process_web_log.py took 0.580 seconds
[2026-03-09T00:33:15.137+0000] {processor.py:161} INFO - Started process (PID=3789) to work on /opt/airflow/dags/process_web_log.py
[2026-03-09T00:33:15.141+0000] {processor.py:830} INFO - Processing file /opt/airflow/dags/process_web_log.py for tasks to queue
[2026-03-09T00:33:15.146+0000] {logging_mixin.py:188} INFO - [2026-03-09T00:33:15.145+0000] {dagbag.py:540} INFO - Filling up the DagBag from /opt/airflow/dags/process_web_log.py
[2026-03-09T00:33:15.190+0000] {processor.py:840} INFO - DAG(s) 'process_web_log' retrieved from /opt/airflow/dags/process_web_log.py
[2026-03-09T00:33:15.234+0000] {logging_mixin.py:188} INFO - [2026-03-09T00:33:15.234+0000] {dag.py:3047} INFO - Sync 1 DAGs
[2026-03-09T00:33:15.277+0000] {logging_mixin.py:188} INFO - [2026-03-09T00:33:15.276+0000] {dag.py:3834} INFO - Setting next_dagrun for process_web_log to 2026-03-09 00:00:00+00:00, run_after=2026-03-10 00:00:00+00:00
[2026-03-09T00:33:15.320+0000] {processor.py:183} INFO - Processing /opt/airflow/dags/process_web_log.py took 0.194 seconds
[2026-03-09T00:33:45.522+0000] {processor.py:161} INFO - Started process (PID=3845) to work on /opt/airflow/dags/process_web_log.py
[2026-03-09T00:33:45.527+0000] {processor.py:830} INFO - Processing file /opt/airflow/dags/process_web_log.py for tasks to queue
[2026-03-09T00:33:45.534+0000] {logging_mixin.py:188} INFO - [2026-03-09T00:33:45.533+0000] {dagbag.py:540} INFO - Filling up the DagBag from /opt/airflow/dags/process_web_log.py
[2026-03-09T00:33:45.617+0000] {processor.py:840} INFO - DAG(s) 'process_web_log' retrieved from /opt/airflow/dags/process_web_log.py
[2026-03-09T00:33:45.726+0000] {logging_mixin.py:188} INFO - [2026-03-09T00:33:45.726+0000] {dag.py:3047} INFO - Sync 1 DAGs
[2026-03-09T00:33:45.818+0000] {logging_mixin.py:188} INFO - [2026-03-09T00:33:45.817+0000] {dag.py:3834} INFO - Setting next_dagrun for process_web_log to 2026-03-09 00:00:00+00:00, run_after=2026-03-10 00:00:00+00:00
[2026-03-09T00:33:45.922+0000] {processor.py:183} INFO - Processing /opt/airflow/dags/process_web_log.py took 0.417 seconds
[2026-03-09T00:34:17.931+0000] {processor.py:161} INFO - Started process (PID=3898) to work on /opt/airflow/dags/process_web_log.py
[2026-03-09T00:34:17.953+0000] {processor.py:830} INFO - Processing file /opt/airflow/dags/process_web_log.py for tasks to queue
[2026-03-09T00:34:17.983+0000] {logging_mixin.py:188} INFO - [2026-03-09T00:34:17.981+0000] {dagbag.py:540} INFO - Filling up the DagBag from /opt/airflow/dags/process_web_log.py
[2026-03-09T00:34:18.186+0000] {processor.py:840} INFO - DAG(s) 'process_web_log' retrieved from /opt/airflow/dags/process_web_log.py
[2026-03-09T00:34:18.747+0000] {logging_mixin.py:188} INFO - [2026-03-09T00:34:18.746+0000] {dag.py:3047} INFO - Sync 1 DAGs
[2026-03-09T00:34:18.832+0000] {logging_mixin.py:188} INFO - [2026-03-09T00:34:18.831+0000] {dag.py:3834} INFO - Setting next_dagrun for process_web_log to 2026-03-09 00:00:00+00:00, run_after=2026-03-10 00:00:00+00:00
[2026-03-09T00:34:18.933+0000] {processor.py:183} INFO - Processing /opt/airflow/dags/process_web_log.py took 1.039 seconds
[2026-03-09T00:34:49.637+0000] {processor.py:161} INFO - Started process (PID=3953) to work on /opt/airflow/dags/process_web_log.py
[2026-03-09T00:34:49.643+0000] {processor.py:830} INFO - Processing file /opt/airflow/dags/process_web_log.py for tasks to queue
[2026-03-09T00:34:49.675+0000] {logging_mixin.py:188} INFO - [2026-03-09T00:34:49.673+0000] {dagbag.py:540} INFO - Filling up the DagBag from /opt/airflow/dags/process_web_log.py
[2026-03-09T00:34:49.801+0000] {processor.py:840} INFO - DAG(s) 'process_web_log' retrieved from /opt/airflow/dags/process_web_log.py
[2026-03-09T00:34:49.982+0000] {logging_mixin.py:188} INFO - [2026-03-09T00:34:49.980+0000] {dag.py:3047} INFO - Sync 1 DAGs
[2026-03-09T00:34:51.077+0000] {logging_mixin.py:188} INFO - [2026-03-09T00:34:51.077+0000] {dag.py:3834} INFO - Setting next_dagrun for process_web_log to 2026-03-09 00:00:00+00:00, run_after=2026-03-10 00:00:00+00:00
[2026-03-09T00:34:51.231+0000] {processor.py:183} INFO - Processing /opt/airflow/dags/process_web_log.py took 1.624 seconds
[2026-03-09T00:35:21.659+0000] {processor.py:161} INFO - Started process (PID=4008) to work on /opt/airflow/dags/process_web_log.py
[2026-03-09T00:35:21.663+0000] {processor.py:830} INFO - Processing file /opt/airflow/dags/process_web_log.py for tasks to queue
[2026-03-09T00:35:21.668+0000] {logging_mixin.py:188} INFO - [2026-03-09T00:35:21.667+0000] {dagbag.py:540} INFO - Filling up the DagBag from /opt/airflow/dags/process_web_log.py
[2026-03-09T00:35:21.715+0000] {processor.py:840} INFO - DAG(s) 'process_web_log' retrieved from /opt/airflow/dags/process_web_log.py
[2026-03-09T00:35:21.773+0000] {logging_mixin.py:188} INFO - [2026-03-09T00:35:21.773+0000] {dag.py:3047} INFO - Sync 1 DAGs
[2026-03-09T00:35:21.837+0000] {logging_mixin.py:188} INFO - [2026-03-09T00:35:21.837+0000] {dag.py:3834} INFO - Setting next_dagrun for process_web_log to 2026-03-09 00:00:00+00:00, run_after=2026-03-10 00:00:00+00:00
[2026-03-09T00:35:21.895+0000] {processor.py:183} INFO - Processing /opt/airflow/dags/process_web_log.py took 0.248 seconds
[2026-03-09T00:35:52.487+0000] {processor.py:161} INFO - Started process (PID=4063) to work on /opt/airflow/dags/process_web_log.py
[2026-03-09T00:35:52.491+0000] {processor.py:830} INFO - Processing file /opt/airflow/dags/process_web_log.py for tasks to queue
[2026-03-09T00:35:52.497+0000] {logging_mixin.py:188} INFO - [2026-03-09T00:35:52.497+0000] {dagbag.py:540} INFO - Filling up the DagBag from /opt/airflow/dags/process_web_log.py
[2026-03-09T00:35:52.614+0000] {processor.py:840} INFO - DAG(s) 'process_web_log' retrieved from /opt/airflow/dags/process_web_log.py
[2026-03-09T00:35:52.728+0000] {logging_mixin.py:188} INFO - [2026-03-09T00:35:52.728+0000] {dag.py:3047} INFO - Sync 1 DAGs
[2026-03-09T00:35:52.858+0000] {logging_mixin.py:188} INFO - [2026-03-09T00:35:52.857+0000] {dag.py:3834} INFO - Setting next_dagrun for process_web_log to 2026-03-09 00:00:00+00:00, run_after=2026-03-10 00:00:00+00:00
[2026-03-09T00:35:52.967+0000] {processor.py:183} INFO - Processing /opt/airflow/dags/process_web_log.py took 0.500 seconds
[2026-03-09T00:36:23.461+0000] {processor.py:161} INFO - Started process (PID=4120) to work on /opt/airflow/dags/process_web_log.py
[2026-03-09T00:36:23.465+0000] {processor.py:830} INFO - Processing file /opt/airflow/dags/process_web_log.py for tasks to queue
[2026-03-09T00:36:23.473+0000] {logging_mixin.py:188} INFO - [2026-03-09T00:36:23.472+0000] {dagbag.py:540} INFO - Filling up the DagBag from /opt/airflow/dags/process_web_log.py
[2026-03-09T00:36:23.524+0000] {processor.py:840} INFO - DAG(s) 'process_web_log' retrieved from /opt/airflow/dags/process_web_log.py
[2026-03-09T00:36:23.594+0000] {logging_mixin.py:188} INFO - [2026-03-09T00:36:23.593+0000] {dag.py:3047} INFO - Sync 1 DAGs
[2026-03-09T00:36:23.668+0000] {logging_mixin.py:188} INFO - [2026-03-09T00:36:23.666+0000] {dag.py:3834} INFO - Setting next_dagrun for process_web_log to 2026-03-09 00:00:00+00:00, run_after=2026-03-10 00:00:00+00:00
[2026-03-09T00:36:23.725+0000] {processor.py:183} INFO - Processing /opt/airflow/dags/process_web_log.py took 0.275 seconds
[2026-03-09T00:36:54.606+0000] {processor.py:161} INFO - Started process (PID=4176) to work on /opt/airflow/dags/process_web_log.py
[2026-03-09T00:36:54.610+0000] {processor.py:830} INFO - Processing file /opt/airflow/dags/process_web_log.py for tasks to queue
[2026-03-09T00:36:54.622+0000] {logging_mixin.py:188} INFO - [2026-03-09T00:36:54.621+0000] {dagbag.py:540} INFO - Filling up the DagBag from /opt/airflow/dags/process_web_log.py
[2026-03-09T00:36:54.665+0000] {processor.py:840} INFO - DAG(s) 'process_web_log' retrieved from /opt/airflow/dags/process_web_log.py
[2026-03-09T00:36:54.734+0000] {logging_mixin.py:188} INFO - [2026-03-09T00:36:54.734+0000] {dag.py:3047} INFO - Sync 1 DAGs
[2026-03-09T00:36:54.804+0000] {logging_mixin.py:188} INFO - [2026-03-09T00:36:54.803+0000] {dag.py:3834} INFO - Setting next_dagrun for process_web_log to 2026-03-09 00:00:00+00:00, run_after=2026-03-10 00:00:00+00:00
[2026-03-09T00:36:54.869+0000] {processor.py:183} INFO - Processing /opt/airflow/dags/process_web_log.py took 0.277 seconds
[2026-03-09T00:37:25.197+0000] {processor.py:161} INFO - Started process (PID=4232) to work on /opt/airflow/dags/process_web_log.py
[2026-03-09T00:37:25.199+0000] {processor.py:830} INFO - Processing file /opt/airflow/dags/process_web_log.py for tasks to queue
[2026-03-09T00:37:25.203+0000] {logging_mixin.py:188} INFO - [2026-03-09T00:37:25.203+0000] {dagbag.py:540} INFO - Filling up the DagBag from /opt/airflow/dags/process_web_log.py
[2026-03-09T00:37:25.243+0000] {processor.py:840} INFO - DAG(s) 'process_web_log' retrieved from /opt/airflow/dags/process_web_log.py
[2026-03-09T00:37:25.289+0000] {logging_mixin.py:188} INFO - [2026-03-09T00:37:25.288+0000] {dag.py:3047} INFO - Sync 1 DAGs
[2026-03-09T00:37:25.337+0000] {logging_mixin.py:188} INFO - [2026-03-09T00:37:25.337+0000] {dag.py:3834} INFO - Setting next_dagrun for process_web_log to 2026-03-09 00:00:00+00:00, run_after=2026-03-10 00:00:00+00:00
[2026-03-09T00:37:25.387+0000] {processor.py:183} INFO - Processing /opt/airflow/dags/process_web_log.py took 0.198 seconds
[2026-03-09T00:37:56.100+0000] {processor.py:161} INFO - Started process (PID=4288) to work on /opt/airflow/dags/process_web_log.py
[2026-03-09T00:37:56.103+0000] {processor.py:830} INFO - Processing file /opt/airflow/dags/process_web_log.py for tasks to queue
[2026-03-09T00:37:56.109+0000] {logging_mixin.py:188} INFO - [2026-03-09T00:37:56.108+0000] {dagbag.py:540} INFO - Filling up the DagBag from /opt/airflow/dags/process_web_log.py
[2026-03-09T00:37:56.147+0000] {processor.py:840} INFO - DAG(s) 'process_web_log' retrieved from /opt/airflow/dags/process_web_log.py
[2026-03-09T00:37:56.210+0000] {logging_mixin.py:188} INFO - [2026-03-09T00:37:56.209+0000] {dag.py:3047} INFO - Sync 1 DAGs
[2026-03-09T00:37:56.280+0000] {logging_mixin.py:188} INFO - [2026-03-09T00:37:56.280+0000] {dag.py:3834} INFO - Setting next_dagrun for process_web_log to 2026-03-09 00:00:00+00:00, run_after=2026-03-10 00:00:00+00:00
[2026-03-09T00:37:56.348+0000] {processor.py:183} INFO - Processing /opt/airflow/dags/process_web_log.py took 0.262 seconds
[2026-03-09T00:38:26.993+0000] {processor.py:161} INFO - Started process (PID=4345) to work on /opt/airflow/dags/process_web_log.py
[2026-03-09T00:38:27.008+0000] {processor.py:830} INFO - Processing file /opt/airflow/dags/process_web_log.py for tasks to queue
[2026-03-09T00:38:27.026+0000] {logging_mixin.py:188} INFO - [2026-03-09T00:38:27.025+0000] {dagbag.py:540} INFO - Filling up the DagBag from /opt/airflow/dags/process_web_log.py
[2026-03-09T00:38:27.151+0000] {processor.py:840} INFO - DAG(s) 'process_web_log' retrieved from /opt/airflow/dags/process_web_log.py
[2026-03-09T00:38:27.269+0000] {logging_mixin.py:188} INFO - [2026-03-09T00:38:27.267+0000] {dag.py:3047} INFO - Sync 1 DAGs
[2026-03-09T00:38:27.413+0000] {logging_mixin.py:188} INFO - [2026-03-09T00:38:27.411+0000] {dag.py:3834} INFO - Setting next_dagrun for process_web_log to 2026-03-09 00:00:00+00:00, run_after=2026-03-10 00:00:00+00:00
[2026-03-09T00:38:27.506+0000] {processor.py:183} INFO - Processing /opt/airflow/dags/process_web_log.py took 0.563 seconds
[2026-03-09T00:38:57.626+0000] {processor.py:161} INFO - Started process (PID=4401) to work on /opt/airflow/dags/process_web_log.py
[2026-03-09T00:38:57.630+0000] {processor.py:830} INFO - Processing file /opt/airflow/dags/process_web_log.py for tasks to queue
[2026-03-09T00:38:57.639+0000] {logging_mixin.py:188} INFO - [2026-03-09T00:38:57.638+0000] {dagbag.py:540} INFO - Filling up the DagBag from /opt/airflow/dags/process_web_log.py
[2026-03-09T00:38:57.686+0000] {processor.py:840} INFO - DAG(s) 'process_web_log' retrieved from /opt/airflow/dags/process_web_log.py
[2026-03-09T00:38:57.734+0000] {logging_mixin.py:188} INFO - [2026-03-09T00:38:57.734+0000] {dag.py:3047} INFO - Sync 1 DAGs
[2026-03-09T00:38:57.782+0000] {logging_mixin.py:188} INFO - [2026-03-09T00:38:57.782+0000] {dag.py:3834} INFO - Setting next_dagrun for process_web_log to 2026-03-09 00:00:00+00:00, run_after=2026-03-10 00:00:00+00:00
[2026-03-09T00:38:57.832+0000] {processor.py:183} INFO - Processing /opt/airflow/dags/process_web_log.py took 0.217 seconds
