[2026-03-08T23:58:33.786+0000] {processor.py:161} INFO - Started process (PID=103) to work on /home/airflow/.local/lib/python3.8/site-packages/airflow/example_dags/example_nested_branch_dag.py
[2026-03-08T23:58:33.791+0000] {processor.py:830} INFO - Processing file /home/airflow/.local/lib/python3.8/site-packages/airflow/example_dags/example_nested_branch_dag.py for tasks to queue
[2026-03-08T23:58:33.796+0000] {logging_mixin.py:188} INFO - [2026-03-08T23:58:33.796+0000] {dagbag.py:540} INFO - Filling up the DagBag from /home/airflow/.local/lib/python3.8/site-packages/airflow/example_dags/example_nested_branch_dag.py
[2026-03-08T23:58:33.827+0000] {processor.py:840} INFO - DAG(s) 'example_nested_branch_dag' retrieved from /home/airflow/.local/lib/python3.8/site-packages/airflow/example_dags/example_nested_branch_dag.py
[2026-03-08T23:58:34.110+0000] {logging_mixin.py:188} INFO - [2026-03-08T23:58:34.109+0000] {dag.py:3047} INFO - Sync 1 DAGs
[2026-03-08T23:58:34.188+0000] {logging_mixin.py:188} INFO - [2026-03-08T23:58:34.187+0000] {dag.py:3834} INFO - Setting next_dagrun for example_nested_branch_dag to 2026-03-07 00:00:00+00:00, run_after=2026-03-08 00:00:00+00:00
[2026-03-08T23:58:34.248+0000] {processor.py:183} INFO - Processing /home/airflow/.local/lib/python3.8/site-packages/airflow/example_dags/example_nested_branch_dag.py took 0.471 seconds
[2026-03-08T23:59:11.602+0000] {processor.py:161} INFO - Started process (PID=158) to work on /home/airflow/.local/lib/python3.8/site-packages/airflow/example_dags/example_nested_branch_dag.py
[2026-03-08T23:59:11.626+0000] {processor.py:830} INFO - Processing file /home/airflow/.local/lib/python3.8/site-packages/airflow/example_dags/example_nested_branch_dag.py for tasks to queue
[2026-03-08T23:59:11.660+0000] {logging_mixin.py:188} INFO - [2026-03-08T23:59:11.659+0000] {dagbag.py:540} INFO - Filling up the DagBag from /home/airflow/.local/lib/python3.8/site-packages/airflow/example_dags/example_nested_branch_dag.py
[2026-03-08T23:59:11.835+0000] {processor.py:840} INFO - DAG(s) 'example_nested_branch_dag' retrieved from /home/airflow/.local/lib/python3.8/site-packages/airflow/example_dags/example_nested_branch_dag.py
[2026-03-08T23:59:12.066+0000] {logging_mixin.py:188} INFO - [2026-03-08T23:59:12.065+0000] {dag.py:3047} INFO - Sync 1 DAGs
[2026-03-08T23:59:12.366+0000] {logging_mixin.py:188} INFO - [2026-03-08T23:59:12.364+0000] {dag.py:3834} INFO - Setting next_dagrun for example_nested_branch_dag to 2026-03-07 00:00:00+00:00, run_after=2026-03-08 00:00:00+00:00
[2026-03-08T23:59:12.524+0000] {processor.py:183} INFO - Processing /home/airflow/.local/lib/python3.8/site-packages/airflow/example_dags/example_nested_branch_dag.py took 0.996 seconds
[2026-03-08T23:59:47.272+0000] {processor.py:161} INFO - Started process (PID=213) to work on /home/airflow/.local/lib/python3.8/site-packages/airflow/example_dags/example_nested_branch_dag.py
[2026-03-08T23:59:47.276+0000] {processor.py:830} INFO - Processing file /home/airflow/.local/lib/python3.8/site-packages/airflow/example_dags/example_nested_branch_dag.py for tasks to queue
[2026-03-08T23:59:47.284+0000] {logging_mixin.py:188} INFO - [2026-03-08T23:59:47.283+0000] {dagbag.py:540} INFO - Filling up the DagBag from /home/airflow/.local/lib/python3.8/site-packages/airflow/example_dags/example_nested_branch_dag.py
[2026-03-08T23:59:47.339+0000] {processor.py:840} INFO - DAG(s) 'example_nested_branch_dag' retrieved from /home/airflow/.local/lib/python3.8/site-packages/airflow/example_dags/example_nested_branch_dag.py
[2026-03-08T23:59:47.383+0000] {logging_mixin.py:188} INFO - [2026-03-08T23:59:47.383+0000] {dag.py:3047} INFO - Sync 1 DAGs
[2026-03-08T23:59:47.532+0000] {logging_mixin.py:188} INFO - [2026-03-08T23:59:47.531+0000] {dag.py:3834} INFO - Setting next_dagrun for example_nested_branch_dag to 2026-03-07 00:00:00+00:00, run_after=2026-03-08 00:00:00+00:00
[2026-03-08T23:59:47.641+0000] {processor.py:183} INFO - Processing /home/airflow/.local/lib/python3.8/site-packages/airflow/example_dags/example_nested_branch_dag.py took 0.385 seconds
