[2026-03-08T23:58:20.947+0000] {processor.py:161} INFO - Started process (PID=77) to work on /home/airflow/.local/lib/python3.8/site-packages/airflow/example_dags/example_latest_only_with_trigger.py
[2026-03-08T23:58:20.952+0000] {processor.py:830} INFO - Processing file /home/airflow/.local/lib/python3.8/site-packages/airflow/example_dags/example_latest_only_with_trigger.py for tasks to queue
[2026-03-08T23:58:20.974+0000] {logging_mixin.py:188} INFO - [2026-03-08T23:58:20.960+0000] {dagbag.py:540} INFO - Filling up the DagBag from /home/airflow/.local/lib/python3.8/site-packages/airflow/example_dags/example_latest_only_with_trigger.py
[2026-03-08T23:58:21.003+0000] {processor.py:840} INFO - DAG(s) 'latest_only_with_trigger' retrieved from /home/airflow/.local/lib/python3.8/site-packages/airflow/example_dags/example_latest_only_with_trigger.py
[2026-03-08T23:58:21.409+0000] {logging_mixin.py:188} INFO - [2026-03-08T23:58:21.408+0000] {dag.py:3047} INFO - Sync 1 DAGs
[2026-03-08T23:58:21.480+0000] {logging_mixin.py:188} INFO - [2026-03-08T23:58:21.479+0000] {dag.py:3834} INFO - Setting next_dagrun for latest_only_with_trigger to 2026-03-08 16:00:00+00:00, run_after=2026-03-08 20:00:00+00:00
[2026-03-08T23:58:21.540+0000] {processor.py:183} INFO - Processing /home/airflow/.local/lib/python3.8/site-packages/airflow/example_dags/example_latest_only_with_trigger.py took 0.607 seconds
[2026-03-08T23:58:53.774+0000] {processor.py:161} INFO - Started process (PID=132) to work on /home/airflow/.local/lib/python3.8/site-packages/airflow/example_dags/example_latest_only_with_trigger.py
[2026-03-08T23:58:53.810+0000] {processor.py:830} INFO - Processing file /home/airflow/.local/lib/python3.8/site-packages/airflow/example_dags/example_latest_only_with_trigger.py for tasks to queue
[2026-03-08T23:58:53.828+0000] {logging_mixin.py:188} INFO - [2026-03-08T23:58:53.827+0000] {dagbag.py:540} INFO - Filling up the DagBag from /home/airflow/.local/lib/python3.8/site-packages/airflow/example_dags/example_latest_only_with_trigger.py
[2026-03-08T23:58:53.858+0000] {processor.py:840} INFO - DAG(s) 'latest_only_with_trigger' retrieved from /home/airflow/.local/lib/python3.8/site-packages/airflow/example_dags/example_latest_only_with_trigger.py
[2026-03-08T23:58:54.061+0000] {logging_mixin.py:188} INFO - [2026-03-08T23:58:54.060+0000] {dag.py:3047} INFO - Sync 1 DAGs
[2026-03-08T23:58:54.366+0000] {logging_mixin.py:188} INFO - [2026-03-08T23:58:54.365+0000] {dag.py:3834} INFO - Setting next_dagrun for latest_only_with_trigger to 2026-03-08 16:00:00+00:00, run_after=2026-03-08 20:00:00+00:00
[2026-03-08T23:58:54.554+0000] {processor.py:183} INFO - Processing /home/airflow/.local/lib/python3.8/site-packages/airflow/example_dags/example_latest_only_with_trigger.py took 0.859 seconds
[2026-03-08T23:59:25.241+0000] {processor.py:161} INFO - Started process (PID=187) to work on /home/airflow/.local/lib/python3.8/site-packages/airflow/example_dags/example_latest_only_with_trigger.py
[2026-03-08T23:59:25.254+0000] {processor.py:830} INFO - Processing file /home/airflow/.local/lib/python3.8/site-packages/airflow/example_dags/example_latest_only_with_trigger.py for tasks to queue
[2026-03-08T23:59:25.263+0000] {logging_mixin.py:188} INFO - [2026-03-08T23:59:25.262+0000] {dagbag.py:540} INFO - Filling up the DagBag from /home/airflow/.local/lib/python3.8/site-packages/airflow/example_dags/example_latest_only_with_trigger.py
[2026-03-08T23:59:25.290+0000] {processor.py:840} INFO - DAG(s) 'latest_only_with_trigger' retrieved from /home/airflow/.local/lib/python3.8/site-packages/airflow/example_dags/example_latest_only_with_trigger.py
[2026-03-08T23:59:25.452+0000] {logging_mixin.py:188} INFO - [2026-03-08T23:59:25.451+0000] {dag.py:3047} INFO - Sync 1 DAGs
[2026-03-08T23:59:25.615+0000] {logging_mixin.py:188} INFO - [2026-03-08T23:59:25.614+0000] {dag.py:3834} INFO - Setting next_dagrun for latest_only_with_trigger to 2026-03-08 16:00:00+00:00, run_after=2026-03-08 20:00:00+00:00
[2026-03-08T23:59:25.748+0000] {processor.py:183} INFO - Processing /home/airflow/.local/lib/python3.8/site-packages/airflow/example_dags/example_latest_only_with_trigger.py took 0.532 seconds
[2026-03-08T23:59:59.825+0000] {processor.py:161} INFO - Started process (PID=242) to work on /home/airflow/.local/lib/python3.8/site-packages/airflow/example_dags/example_latest_only_with_trigger.py
[2026-03-08T23:59:59.832+0000] {processor.py:830} INFO - Processing file /home/airflow/.local/lib/python3.8/site-packages/airflow/example_dags/example_latest_only_with_trigger.py for tasks to queue
[2026-03-08T23:59:59.838+0000] {logging_mixin.py:188} INFO - [2026-03-08T23:59:59.838+0000] {dagbag.py:540} INFO - Filling up the DagBag from /home/airflow/.local/lib/python3.8/site-packages/airflow/example_dags/example_latest_only_with_trigger.py
[2026-03-08T23:59:59.864+0000] {processor.py:840} INFO - DAG(s) 'latest_only_with_trigger' retrieved from /home/airflow/.local/lib/python3.8/site-packages/airflow/example_dags/example_latest_only_with_trigger.py
[2026-03-09T00:00:00.533+0000] {logging_mixin.py:188} INFO - [2026-03-09T00:00:00.531+0000] {dag.py:3047} INFO - Sync 1 DAGs
[2026-03-09T00:00:00.676+0000] {logging_mixin.py:188} INFO - [2026-03-09T00:00:00.675+0000] {dag.py:3834} INFO - Setting next_dagrun for latest_only_with_trigger to 2026-03-08 20:00:00+00:00, run_after=2026-03-09 00:00:00+00:00
[2026-03-09T00:00:00.792+0000] {processor.py:183} INFO - Processing /home/airflow/.local/lib/python3.8/site-packages/airflow/example_dags/example_latest_only_with_trigger.py took 0.992 seconds
