[2026-03-08T23:58:34.617+0000] {processor.py:161} INFO - Started process (PID=106) to work on /home/airflow/.local/lib/python3.8/site-packages/airflow/example_dags/example_params_trigger_ui.py
[2026-03-08T23:58:34.621+0000] {processor.py:830} INFO - Processing file /home/airflow/.local/lib/python3.8/site-packages/airflow/example_dags/example_params_trigger_ui.py for tasks to queue
[2026-03-08T23:58:34.633+0000] {logging_mixin.py:188} INFO - [2026-03-08T23:58:34.631+0000] {dagbag.py:540} INFO - Filling up the DagBag from /home/airflow/.local/lib/python3.8/site-packages/airflow/example_dags/example_params_trigger_ui.py
[2026-03-08T23:58:34.716+0000] {processor.py:840} INFO - DAG(s) 'example_params_trigger_ui' retrieved from /home/airflow/.local/lib/python3.8/site-packages/airflow/example_dags/example_params_trigger_ui.py
[2026-03-08T23:58:35.182+0000] {logging_mixin.py:188} INFO - [2026-03-08T23:58:35.180+0000] {dag.py:3047} INFO - Sync 1 DAGs
[2026-03-08T23:58:35.227+0000] {logging_mixin.py:188} INFO - [2026-03-08T23:58:35.227+0000] {dag.py:3834} INFO - Setting next_dagrun for example_params_trigger_ui to None, run_after=None
[2026-03-08T23:58:35.318+0000] {processor.py:183} INFO - Processing /home/airflow/.local/lib/python3.8/site-packages/airflow/example_dags/example_params_trigger_ui.py took 0.719 seconds
[2026-03-08T23:59:12.798+0000] {processor.py:161} INFO - Started process (PID=161) to work on /home/airflow/.local/lib/python3.8/site-packages/airflow/example_dags/example_params_trigger_ui.py
[2026-03-08T23:59:12.804+0000] {processor.py:830} INFO - Processing file /home/airflow/.local/lib/python3.8/site-packages/airflow/example_dags/example_params_trigger_ui.py for tasks to queue
[2026-03-08T23:59:12.819+0000] {logging_mixin.py:188} INFO - [2026-03-08T23:59:12.816+0000] {dagbag.py:540} INFO - Filling up the DagBag from /home/airflow/.local/lib/python3.8/site-packages/airflow/example_dags/example_params_trigger_ui.py
[2026-03-08T23:59:12.905+0000] {processor.py:840} INFO - DAG(s) 'example_params_trigger_ui' retrieved from /home/airflow/.local/lib/python3.8/site-packages/airflow/example_dags/example_params_trigger_ui.py
[2026-03-08T23:59:13.217+0000] {logging_mixin.py:188} INFO - [2026-03-08T23:59:13.216+0000] {dag.py:3047} INFO - Sync 1 DAGs
[2026-03-08T23:59:13.284+0000] {logging_mixin.py:188} INFO - [2026-03-08T23:59:13.284+0000] {dag.py:3834} INFO - Setting next_dagrun for example_params_trigger_ui to None, run_after=None
[2026-03-08T23:59:13.367+0000] {processor.py:183} INFO - Processing /home/airflow/.local/lib/python3.8/site-packages/airflow/example_dags/example_params_trigger_ui.py took 0.624 seconds
[2026-03-08T23:59:48.357+0000] {processor.py:161} INFO - Started process (PID=216) to work on /home/airflow/.local/lib/python3.8/site-packages/airflow/example_dags/example_params_trigger_ui.py
[2026-03-08T23:59:48.362+0000] {processor.py:830} INFO - Processing file /home/airflow/.local/lib/python3.8/site-packages/airflow/example_dags/example_params_trigger_ui.py for tasks to queue
[2026-03-08T23:59:48.390+0000] {logging_mixin.py:188} INFO - [2026-03-08T23:59:48.389+0000] {dagbag.py:540} INFO - Filling up the DagBag from /home/airflow/.local/lib/python3.8/site-packages/airflow/example_dags/example_params_trigger_ui.py
[2026-03-08T23:59:48.583+0000] {processor.py:840} INFO - DAG(s) 'example_params_trigger_ui' retrieved from /home/airflow/.local/lib/python3.8/site-packages/airflow/example_dags/example_params_trigger_ui.py
[2026-03-08T23:59:48.824+0000] {logging_mixin.py:188} INFO - [2026-03-08T23:59:48.790+0000] {dag.py:3047} INFO - Sync 1 DAGs
[2026-03-08T23:59:48.964+0000] {logging_mixin.py:188} INFO - [2026-03-08T23:59:48.951+0000] {dag.py:3834} INFO - Setting next_dagrun for example_params_trigger_ui to None, run_after=None
[2026-03-08T23:59:49.263+0000] {processor.py:183} INFO - Processing /home/airflow/.local/lib/python3.8/site-packages/airflow/example_dags/example_params_trigger_ui.py took 0.944 seconds
