[2026-03-08T23:58:38.208+0000] {processor.py:161} INFO - Started process (PID=115) to work on /home/airflow/.local/lib/python3.8/site-packages/airflow/example_dags/example_task_group.py
[2026-03-08T23:58:38.212+0000] {processor.py:830} INFO - Processing file /home/airflow/.local/lib/python3.8/site-packages/airflow/example_dags/example_task_group.py for tasks to queue
[2026-03-08T23:58:38.219+0000] {logging_mixin.py:188} INFO - [2026-03-08T23:58:38.218+0000] {dagbag.py:540} INFO - Filling up the DagBag from /home/airflow/.local/lib/python3.8/site-packages/airflow/example_dags/example_task_group.py
[2026-03-08T23:58:38.247+0000] {processor.py:840} INFO - DAG(s) 'example_task_group' retrieved from /home/airflow/.local/lib/python3.8/site-packages/airflow/example_dags/example_task_group.py
[2026-03-08T23:58:38.583+0000] {logging_mixin.py:188} INFO - [2026-03-08T23:58:38.582+0000] {dag.py:3047} INFO - Sync 1 DAGs
[2026-03-08T23:58:38.679+0000] {logging_mixin.py:188} INFO - [2026-03-08T23:58:38.678+0000] {dag.py:3834} INFO - Setting next_dagrun for example_task_group to 2026-03-07 00:00:00+00:00, run_after=2026-03-08 00:00:00+00:00
[2026-03-08T23:58:38.760+0000] {processor.py:183} INFO - Processing /home/airflow/.local/lib/python3.8/site-packages/airflow/example_dags/example_task_group.py took 0.567 seconds
[2026-03-08T23:59:16.548+0000] {processor.py:161} INFO - Started process (PID=170) to work on /home/airflow/.local/lib/python3.8/site-packages/airflow/example_dags/example_task_group.py
[2026-03-08T23:59:16.553+0000] {processor.py:830} INFO - Processing file /home/airflow/.local/lib/python3.8/site-packages/airflow/example_dags/example_task_group.py for tasks to queue
[2026-03-08T23:59:16.562+0000] {logging_mixin.py:188} INFO - [2026-03-08T23:59:16.560+0000] {dagbag.py:540} INFO - Filling up the DagBag from /home/airflow/.local/lib/python3.8/site-packages/airflow/example_dags/example_task_group.py
[2026-03-08T23:59:16.609+0000] {processor.py:840} INFO - DAG(s) 'example_task_group' retrieved from /home/airflow/.local/lib/python3.8/site-packages/airflow/example_dags/example_task_group.py
[2026-03-08T23:59:16.714+0000] {logging_mixin.py:188} INFO - [2026-03-08T23:59:16.713+0000] {dag.py:3047} INFO - Sync 1 DAGs
[2026-03-08T23:59:16.793+0000] {logging_mixin.py:188} INFO - [2026-03-08T23:59:16.792+0000] {dag.py:3834} INFO - Setting next_dagrun for example_task_group to 2026-03-07 00:00:00+00:00, run_after=2026-03-08 00:00:00+00:00
[2026-03-08T23:59:16.908+0000] {processor.py:183} INFO - Processing /home/airflow/.local/lib/python3.8/site-packages/airflow/example_dags/example_task_group.py took 0.384 seconds
[2026-03-08T23:59:52.292+0000] {processor.py:161} INFO - Started process (PID=231) to work on /home/airflow/.local/lib/python3.8/site-packages/airflow/example_dags/example_task_group.py
[2026-03-08T23:59:52.297+0000] {processor.py:830} INFO - Processing file /home/airflow/.local/lib/python3.8/site-packages/airflow/example_dags/example_task_group.py for tasks to queue
[2026-03-08T23:59:52.306+0000] {logging_mixin.py:188} INFO - [2026-03-08T23:59:52.305+0000] {dagbag.py:540} INFO - Filling up the DagBag from /home/airflow/.local/lib/python3.8/site-packages/airflow/example_dags/example_task_group.py
[2026-03-08T23:59:52.354+0000] {processor.py:840} INFO - DAG(s) 'example_task_group' retrieved from /home/airflow/.local/lib/python3.8/site-packages/airflow/example_dags/example_task_group.py
[2026-03-08T23:59:52.442+0000] {logging_mixin.py:188} INFO - [2026-03-08T23:59:52.440+0000] {dag.py:3047} INFO - Sync 1 DAGs
[2026-03-08T23:59:52.606+0000] {logging_mixin.py:188} INFO - [2026-03-08T23:59:52.604+0000] {dag.py:3834} INFO - Setting next_dagrun for example_task_group to 2026-03-07 00:00:00+00:00, run_after=2026-03-08 00:00:00+00:00
[2026-03-08T23:59:52.698+0000] {processor.py:183} INFO - Processing /home/airflow/.local/lib/python3.8/site-packages/airflow/example_dags/example_task_group.py took 0.455 seconds
