[2026-03-08T23:58:22.324+0000] {processor.py:161} INFO - Started process (PID=80) to work on /home/airflow/.local/lib/python3.8/site-packages/airflow/example_dags/example_dag_decorator.py
[2026-03-08T23:58:22.327+0000] {processor.py:830} INFO - Processing file /home/airflow/.local/lib/python3.8/site-packages/airflow/example_dags/example_dag_decorator.py for tasks to queue
[2026-03-08T23:58:22.332+0000] {logging_mixin.py:188} INFO - [2026-03-08T23:58:22.331+0000] {dagbag.py:540} INFO - Filling up the DagBag from /home/airflow/.local/lib/python3.8/site-packages/airflow/example_dags/example_dag_decorator.py
[2026-03-08T23:58:22.790+0000] {processor.py:840} INFO - DAG(s) 'example_dag_decorator' retrieved from /home/airflow/.local/lib/python3.8/site-packages/airflow/example_dags/example_dag_decorator.py
[2026-03-08T23:58:23.182+0000] {logging_mixin.py:188} INFO - [2026-03-08T23:58:23.181+0000] {dag.py:3047} INFO - Sync 1 DAGs
[2026-03-08T23:58:23.229+0000] {logging_mixin.py:188} INFO - [2026-03-08T23:58:23.228+0000] {dag.py:3834} INFO - Setting next_dagrun for example_dag_decorator to None, run_after=None
[2026-03-08T23:58:23.275+0000] {processor.py:183} INFO - Processing /home/airflow/.local/lib/python3.8/site-packages/airflow/example_dags/example_dag_decorator.py took 0.959 seconds
[2026-03-08T23:58:55.824+0000] {processor.py:161} INFO - Started process (PID=135) to work on /home/airflow/.local/lib/python3.8/site-packages/airflow/example_dags/example_dag_decorator.py
[2026-03-08T23:58:55.843+0000] {processor.py:830} INFO - Processing file /home/airflow/.local/lib/python3.8/site-packages/airflow/example_dags/example_dag_decorator.py for tasks to queue
[2026-03-08T23:58:55.852+0000] {logging_mixin.py:188} INFO - [2026-03-08T23:58:55.850+0000] {dagbag.py:540} INFO - Filling up the DagBag from /home/airflow/.local/lib/python3.8/site-packages/airflow/example_dags/example_dag_decorator.py
[2026-03-08T23:58:56.604+0000] {processor.py:840} INFO - DAG(s) 'example_dag_decorator' retrieved from /home/airflow/.local/lib/python3.8/site-packages/airflow/example_dags/example_dag_decorator.py
[2026-03-08T23:58:57.500+0000] {logging_mixin.py:188} INFO - [2026-03-08T23:58:57.499+0000] {dag.py:3047} INFO - Sync 1 DAGs
[2026-03-08T23:58:57.607+0000] {logging_mixin.py:188} INFO - [2026-03-08T23:58:57.607+0000] {dag.py:3834} INFO - Setting next_dagrun for example_dag_decorator to None, run_after=None
[2026-03-08T23:58:57.825+0000] {processor.py:183} INFO - Processing /home/airflow/.local/lib/python3.8/site-packages/airflow/example_dags/example_dag_decorator.py took 2.049 seconds
[2026-03-08T23:59:28.655+0000] {processor.py:161} INFO - Started process (PID=192) to work on /home/airflow/.local/lib/python3.8/site-packages/airflow/example_dags/example_dag_decorator.py
[2026-03-08T23:59:28.673+0000] {processor.py:830} INFO - Processing file /home/airflow/.local/lib/python3.8/site-packages/airflow/example_dags/example_dag_decorator.py for tasks to queue
[2026-03-08T23:59:28.689+0000] {logging_mixin.py:188} INFO - [2026-03-08T23:59:28.688+0000] {dagbag.py:540} INFO - Filling up the DagBag from /home/airflow/.local/lib/python3.8/site-packages/airflow/example_dags/example_dag_decorator.py
[2026-03-08T23:59:31.349+0000] {processor.py:840} INFO - DAG(s) 'example_dag_decorator' retrieved from /home/airflow/.local/lib/python3.8/site-packages/airflow/example_dags/example_dag_decorator.py
[2026-03-08T23:59:33.007+0000] {logging_mixin.py:188} INFO - [2026-03-08T23:59:33.006+0000] {dag.py:3047} INFO - Sync 1 DAGs
[2026-03-08T23:59:33.305+0000] {logging_mixin.py:188} INFO - [2026-03-08T23:59:33.291+0000] {dag.py:3834} INFO - Setting next_dagrun for example_dag_decorator to None, run_after=None
[2026-03-08T23:59:34.944+0000] {logging_mixin.py:188} INFO - [2026-03-08T23:59:34.943+0000] {dag.py:3047} INFO - Sync 1 DAGs
[2026-03-08T23:59:36.059+0000] {logging_mixin.py:188} INFO - [2026-03-08T23:59:36.053+0000] {dag.py:3834} INFO - Setting next_dagrun for example_dag_decorator to None, run_after=None
[2026-03-08T23:59:36.157+0000] {processor.py:183} INFO - Processing /home/airflow/.local/lib/python3.8/site-packages/airflow/example_dags/example_dag_decorator.py took 6.523 seconds
