[2026-03-08T23:58:31.833+0000] {processor.py:161} INFO - Started process (PID=99) to work on /home/airflow/.local/lib/python3.8/site-packages/airflow/example_dags/example_complex.py
[2026-03-08T23:58:31.840+0000] {processor.py:830} INFO - Processing file /home/airflow/.local/lib/python3.8/site-packages/airflow/example_dags/example_complex.py for tasks to queue
[2026-03-08T23:58:31.863+0000] {logging_mixin.py:188} INFO - [2026-03-08T23:58:31.862+0000] {dagbag.py:540} INFO - Filling up the DagBag from /home/airflow/.local/lib/python3.8/site-packages/airflow/example_dags/example_complex.py
[2026-03-08T23:58:31.962+0000] {processor.py:840} INFO - DAG(s) 'example_complex' retrieved from /home/airflow/.local/lib/python3.8/site-packages/airflow/example_dags/example_complex.py
[2026-03-08T23:58:32.519+0000] {logging_mixin.py:188} INFO - [2026-03-08T23:58:32.519+0000] {dag.py:3047} INFO - Sync 1 DAGs
[2026-03-08T23:58:32.565+0000] {logging_mixin.py:188} INFO - [2026-03-08T23:58:32.565+0000] {dag.py:3834} INFO - Setting next_dagrun for example_complex to None, run_after=None
[2026-03-08T23:58:32.649+0000] {processor.py:183} INFO - Processing /home/airflow/.local/lib/python3.8/site-packages/airflow/example_dags/example_complex.py took 0.843 seconds
[2026-03-08T23:59:08.301+0000] {processor.py:161} INFO - Started process (PID=154) to work on /home/airflow/.local/lib/python3.8/site-packages/airflow/example_dags/example_complex.py
[2026-03-08T23:59:08.354+0000] {processor.py:830} INFO - Processing file /home/airflow/.local/lib/python3.8/site-packages/airflow/example_dags/example_complex.py for tasks to queue
[2026-03-08T23:59:08.386+0000] {logging_mixin.py:188} INFO - [2026-03-08T23:59:08.384+0000] {dagbag.py:540} INFO - Filling up the DagBag from /home/airflow/.local/lib/python3.8/site-packages/airflow/example_dags/example_complex.py
[2026-03-08T23:59:08.554+0000] {processor.py:840} INFO - DAG(s) 'example_complex' retrieved from /home/airflow/.local/lib/python3.8/site-packages/airflow/example_dags/example_complex.py
[2026-03-08T23:59:08.865+0000] {logging_mixin.py:188} INFO - [2026-03-08T23:59:08.864+0000] {dag.py:3047} INFO - Sync 1 DAGs
[2026-03-08T23:59:08.985+0000] {logging_mixin.py:188} INFO - [2026-03-08T23:59:08.984+0000] {dag.py:3834} INFO - Setting next_dagrun for example_complex to None, run_after=None
[2026-03-08T23:59:09.122+0000] {processor.py:183} INFO - Processing /home/airflow/.local/lib/python3.8/site-packages/airflow/example_dags/example_complex.py took 0.891 seconds
[2026-03-08T23:59:44.874+0000] {processor.py:161} INFO - Started process (PID=209) to work on /home/airflow/.local/lib/python3.8/site-packages/airflow/example_dags/example_complex.py
[2026-03-08T23:59:44.903+0000] {processor.py:830} INFO - Processing file /home/airflow/.local/lib/python3.8/site-packages/airflow/example_dags/example_complex.py for tasks to queue
[2026-03-08T23:59:44.925+0000] {logging_mixin.py:188} INFO - [2026-03-08T23:59:44.922+0000] {dagbag.py:540} INFO - Filling up the DagBag from /home/airflow/.local/lib/python3.8/site-packages/airflow/example_dags/example_complex.py
[2026-03-08T23:59:45.035+0000] {processor.py:840} INFO - DAG(s) 'example_complex' retrieved from /home/airflow/.local/lib/python3.8/site-packages/airflow/example_dags/example_complex.py
[2026-03-08T23:59:45.873+0000] {logging_mixin.py:188} INFO - [2026-03-08T23:59:45.872+0000] {dag.py:3047} INFO - Sync 1 DAGs
[2026-03-08T23:59:46.005+0000] {logging_mixin.py:188} INFO - [2026-03-08T23:59:46.003+0000] {dag.py:3834} INFO - Setting next_dagrun for example_complex to None, run_after=None
[2026-03-08T23:59:46.187+0000] {processor.py:183} INFO - Processing /home/airflow/.local/lib/python3.8/site-packages/airflow/example_dags/example_complex.py took 0.736 seconds
