[2026-03-08T23:58:21.681+0000] {processor.py:161} INFO - Started process (PID=79) to work on /home/airflow/.local/lib/python3.8/site-packages/airflow/example_dags/example_python_operator.py
[2026-03-08T23:58:21.691+0000] {processor.py:830} INFO - Processing file /home/airflow/.local/lib/python3.8/site-packages/airflow/example_dags/example_python_operator.py for tasks to queue
[2026-03-08T23:58:21.704+0000] {logging_mixin.py:188} INFO - [2026-03-08T23:58:21.703+0000] {dagbag.py:540} INFO - Filling up the DagBag from /home/airflow/.local/lib/python3.8/site-packages/airflow/example_dags/example_python_operator.py
[2026-03-08T23:58:21.778+0000] {processor.py:840} INFO - DAG(s) 'example_python_operator' retrieved from /home/airflow/.local/lib/python3.8/site-packages/airflow/example_dags/example_python_operator.py
[2026-03-08T23:58:22.255+0000] {logging_mixin.py:188} INFO - [2026-03-08T23:58:22.254+0000] {dag.py:3047} INFO - Sync 1 DAGs
[2026-03-08T23:58:22.296+0000] {logging_mixin.py:188} INFO - [2026-03-08T23:58:22.295+0000] {dag.py:3834} INFO - Setting next_dagrun for example_python_operator to None, run_after=None
[2026-03-08T23:58:22.355+0000] {processor.py:183} INFO - Processing /home/airflow/.local/lib/python3.8/site-packages/airflow/example_dags/example_python_operator.py took 0.691 seconds
[2026-03-08T23:58:55.089+0000] {processor.py:161} INFO - Started process (PID=134) to work on /home/airflow/.local/lib/python3.8/site-packages/airflow/example_dags/example_python_operator.py
[2026-03-08T23:58:55.108+0000] {processor.py:830} INFO - Processing file /home/airflow/.local/lib/python3.8/site-packages/airflow/example_dags/example_python_operator.py for tasks to queue
[2026-03-08T23:58:55.141+0000] {logging_mixin.py:188} INFO - [2026-03-08T23:58:55.131+0000] {dagbag.py:540} INFO - Filling up the DagBag from /home/airflow/.local/lib/python3.8/site-packages/airflow/example_dags/example_python_operator.py
[2026-03-08T23:58:55.269+0000] {processor.py:840} INFO - DAG(s) 'example_python_operator' retrieved from /home/airflow/.local/lib/python3.8/site-packages/airflow/example_dags/example_python_operator.py
[2026-03-08T23:58:55.520+0000] {logging_mixin.py:188} INFO - [2026-03-08T23:58:55.519+0000] {dag.py:3047} INFO - Sync 1 DAGs
[2026-03-08T23:58:55.684+0000] {logging_mixin.py:188} INFO - [2026-03-08T23:58:55.683+0000] {dag.py:3834} INFO - Setting next_dagrun for example_python_operator to None, run_after=None
[2026-03-08T23:58:55.851+0000] {processor.py:183} INFO - Processing /home/airflow/.local/lib/python3.8/site-packages/airflow/example_dags/example_python_operator.py took 0.905 seconds
[2026-03-08T23:59:26.566+0000] {processor.py:161} INFO - Started process (PID=189) to work on /home/airflow/.local/lib/python3.8/site-packages/airflow/example_dags/example_python_operator.py
[2026-03-08T23:59:26.571+0000] {processor.py:830} INFO - Processing file /home/airflow/.local/lib/python3.8/site-packages/airflow/example_dags/example_python_operator.py for tasks to queue
[2026-03-08T23:59:26.578+0000] {logging_mixin.py:188} INFO - [2026-03-08T23:59:26.577+0000] {dagbag.py:540} INFO - Filling up the DagBag from /home/airflow/.local/lib/python3.8/site-packages/airflow/example_dags/example_python_operator.py
[2026-03-08T23:59:26.693+0000] {processor.py:840} INFO - DAG(s) 'example_python_operator' retrieved from /home/airflow/.local/lib/python3.8/site-packages/airflow/example_dags/example_python_operator.py
[2026-03-08T23:59:26.870+0000] {logging_mixin.py:188} INFO - [2026-03-08T23:59:26.869+0000] {dag.py:3047} INFO - Sync 1 DAGs
[2026-03-08T23:59:27.031+0000] {logging_mixin.py:188} INFO - [2026-03-08T23:59:27.030+0000] {dag.py:3834} INFO - Setting next_dagrun for example_python_operator to None, run_after=None
[2026-03-08T23:59:27.305+0000] {processor.py:183} INFO - Processing /home/airflow/.local/lib/python3.8/site-packages/airflow/example_dags/example_python_operator.py took 0.771 seconds
