[2026-03-08T23:58:38.138+0000] {processor.py:161} INFO - Started process (PID=114) to work on /home/airflow/.local/lib/python3.8/site-packages/airflow/example_dags/example_dynamic_task_mapping_with_no_taskflow_operators.py
[2026-03-08T23:58:38.143+0000] {processor.py:830} INFO - Processing file /home/airflow/.local/lib/python3.8/site-packages/airflow/example_dags/example_dynamic_task_mapping_with_no_taskflow_operators.py for tasks to queue
[2026-03-08T23:58:38.151+0000] {logging_mixin.py:188} INFO - [2026-03-08T23:58:38.149+0000] {dagbag.py:540} INFO - Filling up the DagBag from /home/airflow/.local/lib/python3.8/site-packages/airflow/example_dags/example_dynamic_task_mapping_with_no_taskflow_operators.py
[2026-03-08T23:58:38.186+0000] {processor.py:840} INFO - DAG(s) 'example_dynamic_task_mapping_with_no_taskflow_operators' retrieved from /home/airflow/.local/lib/python3.8/site-packages/airflow/example_dags/example_dynamic_task_mapping_with_no_taskflow_operators.py
[2026-03-08T23:58:38.510+0000] {logging_mixin.py:188} INFO - [2026-03-08T23:58:38.509+0000] {dag.py:3047} INFO - Sync 1 DAGs
[2026-03-08T23:58:38.569+0000] {logging_mixin.py:188} INFO - [2026-03-08T23:58:38.568+0000] {dag.py:3834} INFO - Setting next_dagrun for example_dynamic_task_mapping_with_no_taskflow_operators to 2026-03-07 00:00:00+00:00, run_after=2026-03-08 00:00:00+00:00
[2026-03-08T23:58:38.654+0000] {processor.py:183} INFO - Processing /home/airflow/.local/lib/python3.8/site-packages/airflow/example_dags/example_dynamic_task_mapping_with_no_taskflow_operators.py took 0.530 seconds
[2026-03-08T23:59:15.995+0000] {processor.py:161} INFO - Started process (PID=169) to work on /home/airflow/.local/lib/python3.8/site-packages/airflow/example_dags/example_dynamic_task_mapping_with_no_taskflow_operators.py
[2026-03-08T23:59:15.999+0000] {processor.py:830} INFO - Processing file /home/airflow/.local/lib/python3.8/site-packages/airflow/example_dags/example_dynamic_task_mapping_with_no_taskflow_operators.py for tasks to queue
[2026-03-08T23:59:16.013+0000] {logging_mixin.py:188} INFO - [2026-03-08T23:59:16.012+0000] {dagbag.py:540} INFO - Filling up the DagBag from /home/airflow/.local/lib/python3.8/site-packages/airflow/example_dags/example_dynamic_task_mapping_with_no_taskflow_operators.py
[2026-03-08T23:59:16.084+0000] {processor.py:840} INFO - DAG(s) 'example_dynamic_task_mapping_with_no_taskflow_operators' retrieved from /home/airflow/.local/lib/python3.8/site-packages/airflow/example_dags/example_dynamic_task_mapping_with_no_taskflow_operators.py
[2026-03-08T23:59:16.240+0000] {logging_mixin.py:188} INFO - [2026-03-08T23:59:16.240+0000] {dag.py:3047} INFO - Sync 1 DAGs
[2026-03-08T23:59:16.384+0000] {logging_mixin.py:188} INFO - [2026-03-08T23:59:16.384+0000] {dag.py:3834} INFO - Setting next_dagrun for example_dynamic_task_mapping_with_no_taskflow_operators to 2026-03-07 00:00:00+00:00, run_after=2026-03-08 00:00:00+00:00
[2026-03-08T23:59:16.536+0000] {processor.py:183} INFO - Processing /home/airflow/.local/lib/python3.8/site-packages/airflow/example_dags/example_dynamic_task_mapping_with_no_taskflow_operators.py took 0.554 seconds
[2026-03-08T23:59:51.866+0000] {processor.py:161} INFO - Started process (PID=230) to work on /home/airflow/.local/lib/python3.8/site-packages/airflow/example_dags/example_dynamic_task_mapping_with_no_taskflow_operators.py
[2026-03-08T23:59:51.872+0000] {processor.py:830} INFO - Processing file /home/airflow/.local/lib/python3.8/site-packages/airflow/example_dags/example_dynamic_task_mapping_with_no_taskflow_operators.py for tasks to queue
[2026-03-08T23:59:51.907+0000] {logging_mixin.py:188} INFO - [2026-03-08T23:59:51.906+0000] {dagbag.py:540} INFO - Filling up the DagBag from /home/airflow/.local/lib/python3.8/site-packages/airflow/example_dags/example_dynamic_task_mapping_with_no_taskflow_operators.py
[2026-03-08T23:59:51.957+0000] {processor.py:840} INFO - DAG(s) 'example_dynamic_task_mapping_with_no_taskflow_operators' retrieved from /home/airflow/.local/lib/python3.8/site-packages/airflow/example_dags/example_dynamic_task_mapping_with_no_taskflow_operators.py
[2026-03-08T23:59:52.076+0000] {logging_mixin.py:188} INFO - [2026-03-08T23:59:52.075+0000] {dag.py:3047} INFO - Sync 1 DAGs
[2026-03-08T23:59:52.277+0000] {logging_mixin.py:188} INFO - [2026-03-08T23:59:52.276+0000] {dag.py:3834} INFO - Setting next_dagrun for example_dynamic_task_mapping_with_no_taskflow_operators to 2026-03-07 00:00:00+00:00, run_after=2026-03-08 00:00:00+00:00
[2026-03-08T23:59:52.414+0000] {processor.py:183} INFO - Processing /home/airflow/.local/lib/python3.8/site-packages/airflow/example_dags/example_dynamic_task_mapping_with_no_taskflow_operators.py took 0.570 seconds
