[2026-03-08T23:58:30.544+0000] {processor.py:161} INFO - Started process (PID=97) to work on /home/airflow/.local/lib/python3.8/site-packages/airflow/example_dags/example_xcomargs.py
[2026-03-08T23:58:30.550+0000] {processor.py:830} INFO - Processing file /home/airflow/.local/lib/python3.8/site-packages/airflow/example_dags/example_xcomargs.py for tasks to queue
[2026-03-08T23:58:30.567+0000] {logging_mixin.py:188} INFO - [2026-03-08T23:58:30.566+0000] {dagbag.py:540} INFO - Filling up the DagBag from /home/airflow/.local/lib/python3.8/site-packages/airflow/example_dags/example_xcomargs.py
[2026-03-08T23:58:30.636+0000] {processor.py:840} INFO - DAG(s) 'example_xcom_args_with_operators', 'example_xcom_args' retrieved from /home/airflow/.local/lib/python3.8/site-packages/airflow/example_dags/example_xcomargs.py
[2026-03-08T23:58:31.271+0000] {logging_mixin.py:188} INFO - [2026-03-08T23:58:31.263+0000] {dag.py:3047} INFO - Sync 2 DAGs
[2026-03-08T23:58:31.353+0000] {logging_mixin.py:188} INFO - [2026-03-08T23:58:31.353+0000] {dag.py:3834} INFO - Setting next_dagrun for example_xcom_args to None, run_after=None
[2026-03-08T23:58:31.372+0000] {logging_mixin.py:188} INFO - [2026-03-08T23:58:31.372+0000] {dag.py:3834} INFO - Setting next_dagrun for example_xcom_args_with_operators to None, run_after=None
[2026-03-08T23:58:31.459+0000] {processor.py:183} INFO - Processing /home/airflow/.local/lib/python3.8/site-packages/airflow/example_dags/example_xcomargs.py took 0.933 seconds
[2026-03-08T23:59:07.323+0000] {processor.py:161} INFO - Started process (PID=152) to work on /home/airflow/.local/lib/python3.8/site-packages/airflow/example_dags/example_xcomargs.py
[2026-03-08T23:59:07.339+0000] {processor.py:830} INFO - Processing file /home/airflow/.local/lib/python3.8/site-packages/airflow/example_dags/example_xcomargs.py for tasks to queue
[2026-03-08T23:59:07.371+0000] {logging_mixin.py:188} INFO - [2026-03-08T23:59:07.367+0000] {dagbag.py:540} INFO - Filling up the DagBag from /home/airflow/.local/lib/python3.8/site-packages/airflow/example_dags/example_xcomargs.py
[2026-03-08T23:59:07.438+0000] {processor.py:840} INFO - DAG(s) 'example_xcom_args_with_operators', 'example_xcom_args' retrieved from /home/airflow/.local/lib/python3.8/site-packages/airflow/example_dags/example_xcomargs.py
[2026-03-08T23:59:07.595+0000] {logging_mixin.py:188} INFO - [2026-03-08T23:59:07.594+0000] {dag.py:3047} INFO - Sync 2 DAGs
[2026-03-08T23:59:07.680+0000] {logging_mixin.py:188} INFO - [2026-03-08T23:59:07.680+0000] {dag.py:3834} INFO - Setting next_dagrun for example_xcom_args to None, run_after=None
[2026-03-08T23:59:07.706+0000] {logging_mixin.py:188} INFO - [2026-03-08T23:59:07.698+0000] {dag.py:3834} INFO - Setting next_dagrun for example_xcom_args_with_operators to None, run_after=None
[2026-03-08T23:59:07.953+0000] {processor.py:183} INFO - Processing /home/airflow/.local/lib/python3.8/site-packages/airflow/example_dags/example_xcomargs.py took 0.660 seconds
[2026-03-08T23:59:43.180+0000] {processor.py:161} INFO - Started process (PID=207) to work on /home/airflow/.local/lib/python3.8/site-packages/airflow/example_dags/example_xcomargs.py
[2026-03-08T23:59:43.198+0000] {processor.py:830} INFO - Processing file /home/airflow/.local/lib/python3.8/site-packages/airflow/example_dags/example_xcomargs.py for tasks to queue
[2026-03-08T23:59:43.239+0000] {logging_mixin.py:188} INFO - [2026-03-08T23:59:43.233+0000] {dagbag.py:540} INFO - Filling up the DagBag from /home/airflow/.local/lib/python3.8/site-packages/airflow/example_dags/example_xcomargs.py
[2026-03-08T23:59:43.352+0000] {processor.py:840} INFO - DAG(s) 'example_xcom_args', 'example_xcom_args_with_operators' retrieved from /home/airflow/.local/lib/python3.8/site-packages/airflow/example_dags/example_xcomargs.py
[2026-03-08T23:59:43.457+0000] {logging_mixin.py:188} INFO - [2026-03-08T23:59:43.454+0000] {dag.py:3047} INFO - Sync 2 DAGs
[2026-03-08T23:59:43.648+0000] {logging_mixin.py:188} INFO - [2026-03-08T23:59:43.647+0000] {dag.py:3834} INFO - Setting next_dagrun for example_xcom_args to None, run_after=None
[2026-03-08T23:59:43.880+0000] {logging_mixin.py:188} INFO - [2026-03-08T23:59:43.879+0000] {dag.py:3834} INFO - Setting next_dagrun for example_xcom_args_with_operators to None, run_after=None
[2026-03-08T23:59:44.282+0000] {processor.py:183} INFO - Processing /home/airflow/.local/lib/python3.8/site-packages/airflow/example_dags/example_xcomargs.py took 1.141 seconds
