[2026-03-08T23:58:34.386+0000] {processor.py:161} INFO - Started process (PID=105) to work on /home/airflow/.local/lib/python3.8/site-packages/airflow/example_dags/example_branch_datetime_operator.py
[2026-03-08T23:58:34.392+0000] {processor.py:830} INFO - Processing file /home/airflow/.local/lib/python3.8/site-packages/airflow/example_dags/example_branch_datetime_operator.py for tasks to queue
[2026-03-08T23:58:34.403+0000] {logging_mixin.py:188} INFO - [2026-03-08T23:58:34.401+0000] {dagbag.py:540} INFO - Filling up the DagBag from /home/airflow/.local/lib/python3.8/site-packages/airflow/example_dags/example_branch_datetime_operator.py
[2026-03-08T23:58:34.460+0000] {processor.py:840} INFO - DAG(s) 'example_branch_datetime_operator', 'example_branch_datetime_operator_3', 'example_branch_datetime_operator_2' retrieved from /home/airflow/.local/lib/python3.8/site-packages/airflow/example_dags/example_branch_datetime_operator.py
[2026-03-08T23:58:34.944+0000] {logging_mixin.py:188} INFO - [2026-03-08T23:58:34.944+0000] {dag.py:3047} INFO - Sync 3 DAGs
[2026-03-08T23:58:35.025+0000] {logging_mixin.py:188} INFO - [2026-03-08T23:58:35.024+0000] {dag.py:3834} INFO - Setting next_dagrun for example_branch_datetime_operator to 2026-03-07 00:00:00+00:00, run_after=2026-03-08 00:00:00+00:00
[2026-03-08T23:58:35.040+0000] {logging_mixin.py:188} INFO - [2026-03-08T23:58:35.040+0000] {dag.py:3834} INFO - Setting next_dagrun for example_branch_datetime_operator_2 to 2026-03-07 00:00:00+00:00, run_after=2026-03-08 00:00:00+00:00
[2026-03-08T23:58:35.052+0000] {logging_mixin.py:188} INFO - [2026-03-08T23:58:35.052+0000] {dag.py:3834} INFO - Setting next_dagrun for example_branch_datetime_operator_3 to 2026-03-07 00:00:00+00:00, run_after=2026-03-08 00:00:00+00:00
[2026-03-08T23:58:35.138+0000] {processor.py:183} INFO - Processing /home/airflow/.local/lib/python3.8/site-packages/airflow/example_dags/example_branch_datetime_operator.py took 0.765 seconds
[2026-03-08T23:59:12.411+0000] {processor.py:161} INFO - Started process (PID=160) to work on /home/airflow/.local/lib/python3.8/site-packages/airflow/example_dags/example_branch_datetime_operator.py
[2026-03-08T23:59:12.417+0000] {processor.py:830} INFO - Processing file /home/airflow/.local/lib/python3.8/site-packages/airflow/example_dags/example_branch_datetime_operator.py for tasks to queue
[2026-03-08T23:59:12.429+0000] {logging_mixin.py:188} INFO - [2026-03-08T23:59:12.428+0000] {dagbag.py:540} INFO - Filling up the DagBag from /home/airflow/.local/lib/python3.8/site-packages/airflow/example_dags/example_branch_datetime_operator.py
[2026-03-08T23:59:12.528+0000] {processor.py:840} INFO - DAG(s) 'example_branch_datetime_operator', 'example_branch_datetime_operator_3', 'example_branch_datetime_operator_2' retrieved from /home/airflow/.local/lib/python3.8/site-packages/airflow/example_dags/example_branch_datetime_operator.py
[2026-03-08T23:59:12.742+0000] {logging_mixin.py:188} INFO - [2026-03-08T23:59:12.741+0000] {dag.py:3047} INFO - Sync 3 DAGs
[2026-03-08T23:59:12.918+0000] {logging_mixin.py:188} INFO - [2026-03-08T23:59:12.917+0000] {dag.py:3834} INFO - Setting next_dagrun for example_branch_datetime_operator to 2026-03-07 00:00:00+00:00, run_after=2026-03-08 00:00:00+00:00
[2026-03-08T23:59:12.941+0000] {logging_mixin.py:188} INFO - [2026-03-08T23:59:12.940+0000] {dag.py:3834} INFO - Setting next_dagrun for example_branch_datetime_operator_2 to 2026-03-07 00:00:00+00:00, run_after=2026-03-08 00:00:00+00:00
[2026-03-08T23:59:12.961+0000] {logging_mixin.py:188} INFO - [2026-03-08T23:59:12.960+0000] {dag.py:3834} INFO - Setting next_dagrun for example_branch_datetime_operator_3 to 2026-03-07 00:00:00+00:00, run_after=2026-03-08 00:00:00+00:00
[2026-03-08T23:59:13.041+0000] {processor.py:183} INFO - Processing /home/airflow/.local/lib/python3.8/site-packages/airflow/example_dags/example_branch_datetime_operator.py took 0.666 seconds
[2026-03-08T23:59:47.892+0000] {processor.py:161} INFO - Started process (PID=215) to work on /home/airflow/.local/lib/python3.8/site-packages/airflow/example_dags/example_branch_datetime_operator.py
[2026-03-08T23:59:47.897+0000] {processor.py:830} INFO - Processing file /home/airflow/.local/lib/python3.8/site-packages/airflow/example_dags/example_branch_datetime_operator.py for tasks to queue
[2026-03-08T23:59:47.910+0000] {logging_mixin.py:188} INFO - [2026-03-08T23:59:47.909+0000] {dagbag.py:540} INFO - Filling up the DagBag from /home/airflow/.local/lib/python3.8/site-packages/airflow/example_dags/example_branch_datetime_operator.py
[2026-03-08T23:59:47.985+0000] {processor.py:840} INFO - DAG(s) 'example_branch_datetime_operator', 'example_branch_datetime_operator_3', 'example_branch_datetime_operator_2' retrieved from /home/airflow/.local/lib/python3.8/site-packages/airflow/example_dags/example_branch_datetime_operator.py
[2026-03-08T23:59:48.098+0000] {logging_mixin.py:188} INFO - [2026-03-08T23:59:48.097+0000] {dag.py:3047} INFO - Sync 3 DAGs
[2026-03-08T23:59:48.285+0000] {logging_mixin.py:188} INFO - [2026-03-08T23:59:48.284+0000] {dag.py:3834} INFO - Setting next_dagrun for example_branch_datetime_operator to 2026-03-07 00:00:00+00:00, run_after=2026-03-08 00:00:00+00:00
[2026-03-08T23:59:48.308+0000] {logging_mixin.py:188} INFO - [2026-03-08T23:59:48.307+0000] {dag.py:3834} INFO - Setting next_dagrun for example_branch_datetime_operator_2 to 2026-03-07 00:00:00+00:00, run_after=2026-03-08 00:00:00+00:00
[2026-03-08T23:59:48.333+0000] {logging_mixin.py:188} INFO - [2026-03-08T23:59:48.332+0000] {dag.py:3834} INFO - Setting next_dagrun for example_branch_datetime_operator_3 to 2026-03-07 00:00:00+00:00, run_after=2026-03-08 00:00:00+00:00
[2026-03-08T23:59:48.445+0000] {processor.py:183} INFO - Processing /home/airflow/.local/lib/python3.8/site-packages/airflow/example_dags/example_branch_datetime_operator.py took 0.590 seconds
