[2026-03-08T23:58:24.848+0000] {processor.py:161} INFO - Started process (PID=87) to work on /home/airflow/.local/lib/python3.8/site-packages/airflow/example_dags/example_bash_operator.py
[2026-03-08T23:58:24.863+0000] {processor.py:830} INFO - Processing file /home/airflow/.local/lib/python3.8/site-packages/airflow/example_dags/example_bash_operator.py for tasks to queue
[2026-03-08T23:58:24.880+0000] {logging_mixin.py:188} INFO - [2026-03-08T23:58:24.872+0000] {dagbag.py:540} INFO - Filling up the DagBag from /home/airflow/.local/lib/python3.8/site-packages/airflow/example_dags/example_bash_operator.py
[2026-03-08T23:58:25.025+0000] {processor.py:840} INFO - DAG(s) 'example_bash_operator' retrieved from /home/airflow/.local/lib/python3.8/site-packages/airflow/example_dags/example_bash_operator.py
[2026-03-08T23:58:25.915+0000] {logging_mixin.py:188} INFO - [2026-03-08T23:58:25.914+0000] {dag.py:3047} INFO - Sync 1 DAGs
[2026-03-08T23:58:26.048+0000] {logging_mixin.py:188} INFO - [2026-03-08T23:58:26.047+0000] {dag.py:3834} INFO - Setting next_dagrun for example_bash_operator to 2026-03-07 00:00:00+00:00, run_after=2026-03-08 00:00:00+00:00
[2026-03-08T23:58:26.133+0000] {processor.py:183} INFO - Processing /home/airflow/.local/lib/python3.8/site-packages/airflow/example_dags/example_bash_operator.py took 1.306 seconds
[2026-03-08T23:59:00.213+0000] {processor.py:161} INFO - Started process (PID=142) to work on /home/airflow/.local/lib/python3.8/site-packages/airflow/example_dags/example_bash_operator.py
[2026-03-08T23:59:00.226+0000] {processor.py:830} INFO - Processing file /home/airflow/.local/lib/python3.8/site-packages/airflow/example_dags/example_bash_operator.py for tasks to queue
[2026-03-08T23:59:00.270+0000] {logging_mixin.py:188} INFO - [2026-03-08T23:59:00.259+0000] {dagbag.py:540} INFO - Filling up the DagBag from /home/airflow/.local/lib/python3.8/site-packages/airflow/example_dags/example_bash_operator.py
[2026-03-08T23:59:00.446+0000] {processor.py:840} INFO - DAG(s) 'example_bash_operator' retrieved from /home/airflow/.local/lib/python3.8/site-packages/airflow/example_dags/example_bash_operator.py
[2026-03-08T23:59:00.761+0000] {logging_mixin.py:188} INFO - [2026-03-08T23:59:00.760+0000] {dag.py:3047} INFO - Sync 1 DAGs
[2026-03-08T23:59:01.101+0000] {logging_mixin.py:188} INFO - [2026-03-08T23:59:01.100+0000] {dag.py:3834} INFO - Setting next_dagrun for example_bash_operator to 2026-03-07 00:00:00+00:00, run_after=2026-03-08 00:00:00+00:00
[2026-03-08T23:59:01.233+0000] {processor.py:183} INFO - Processing /home/airflow/.local/lib/python3.8/site-packages/airflow/example_dags/example_bash_operator.py took 1.039 seconds
[2026-03-08T23:59:36.709+0000] {processor.py:161} INFO - Started process (PID=197) to work on /home/airflow/.local/lib/python3.8/site-packages/airflow/example_dags/example_bash_operator.py
[2026-03-08T23:59:36.722+0000] {processor.py:830} INFO - Processing file /home/airflow/.local/lib/python3.8/site-packages/airflow/example_dags/example_bash_operator.py for tasks to queue
[2026-03-08T23:59:36.741+0000] {logging_mixin.py:188} INFO - [2026-03-08T23:59:36.739+0000] {dagbag.py:540} INFO - Filling up the DagBag from /home/airflow/.local/lib/python3.8/site-packages/airflow/example_dags/example_bash_operator.py
[2026-03-08T23:59:36.984+0000] {processor.py:840} INFO - DAG(s) 'example_bash_operator' retrieved from /home/airflow/.local/lib/python3.8/site-packages/airflow/example_dags/example_bash_operator.py
[2026-03-08T23:59:37.218+0000] {logging_mixin.py:188} INFO - [2026-03-08T23:59:37.217+0000] {dag.py:3047} INFO - Sync 1 DAGs
[2026-03-08T23:59:37.689+0000] {logging_mixin.py:188} INFO - [2026-03-08T23:59:37.688+0000] {dag.py:3834} INFO - Setting next_dagrun for example_bash_operator to 2026-03-07 00:00:00+00:00, run_after=2026-03-08 00:00:00+00:00
[2026-03-08T23:59:37.805+0000] {processor.py:183} INFO - Processing /home/airflow/.local/lib/python3.8/site-packages/airflow/example_dags/example_bash_operator.py took 1.157 seconds
