[2026-03-08T23:58:27.215+0000] {processor.py:161} INFO - Started process (PID=91) to work on /home/airflow/.local/lib/python3.8/site-packages/airflow/example_dags/example_xcom.py
[2026-03-08T23:58:27.221+0000] {processor.py:830} INFO - Processing file /home/airflow/.local/lib/python3.8/site-packages/airflow/example_dags/example_xcom.py for tasks to queue
[2026-03-08T23:58:27.230+0000] {logging_mixin.py:188} INFO - [2026-03-08T23:58:27.229+0000] {dagbag.py:540} INFO - Filling up the DagBag from /home/airflow/.local/lib/python3.8/site-packages/airflow/example_dags/example_xcom.py
[2026-03-08T23:58:27.291+0000] {processor.py:840} INFO - DAG(s) 'example_xcom' retrieved from /home/airflow/.local/lib/python3.8/site-packages/airflow/example_dags/example_xcom.py
[2026-03-08T23:58:28.039+0000] {logging_mixin.py:188} INFO - [2026-03-08T23:58:28.038+0000] {dag.py:3047} INFO - Sync 1 DAGs
[2026-03-08T23:58:28.122+0000] {logging_mixin.py:188} INFO - [2026-03-08T23:58:28.121+0000] {dag.py:3834} INFO - Setting next_dagrun for example_xcom to 2021-01-01 00:00:00+00:00, run_after=2021-01-01 00:00:00+00:00
[2026-03-08T23:58:28.274+0000] {processor.py:183} INFO - Processing /home/airflow/.local/lib/python3.8/site-packages/airflow/example_dags/example_xcom.py took 1.081 seconds
[2026-03-08T23:59:03.284+0000] {processor.py:161} INFO - Started process (PID=146) to work on /home/airflow/.local/lib/python3.8/site-packages/airflow/example_dags/example_xcom.py
[2026-03-08T23:59:03.293+0000] {processor.py:830} INFO - Processing file /home/airflow/.local/lib/python3.8/site-packages/airflow/example_dags/example_xcom.py for tasks to queue
[2026-03-08T23:59:03.303+0000] {logging_mixin.py:188} INFO - [2026-03-08T23:59:03.302+0000] {dagbag.py:540} INFO - Filling up the DagBag from /home/airflow/.local/lib/python3.8/site-packages/airflow/example_dags/example_xcom.py
[2026-03-08T23:59:03.355+0000] {processor.py:840} INFO - DAG(s) 'example_xcom' retrieved from /home/airflow/.local/lib/python3.8/site-packages/airflow/example_dags/example_xcom.py
[2026-03-08T23:59:03.556+0000] {logging_mixin.py:188} INFO - [2026-03-08T23:59:03.555+0000] {dag.py:3047} INFO - Sync 1 DAGs
[2026-03-08T23:59:03.695+0000] {logging_mixin.py:188} INFO - [2026-03-08T23:59:03.694+0000] {dag.py:3834} INFO - Setting next_dagrun for example_xcom to 2021-01-01 00:00:00+00:00, run_after=2021-01-01 00:00:00+00:00
[2026-03-08T23:59:03.930+0000] {processor.py:183} INFO - Processing /home/airflow/.local/lib/python3.8/site-packages/airflow/example_dags/example_xcom.py took 0.665 seconds
[2026-03-08T23:59:39.028+0000] {processor.py:161} INFO - Started process (PID=201) to work on /home/airflow/.local/lib/python3.8/site-packages/airflow/example_dags/example_xcom.py
[2026-03-08T23:59:39.038+0000] {processor.py:830} INFO - Processing file /home/airflow/.local/lib/python3.8/site-packages/airflow/example_dags/example_xcom.py for tasks to queue
[2026-03-08T23:59:39.068+0000] {logging_mixin.py:188} INFO - [2026-03-08T23:59:39.067+0000] {dagbag.py:540} INFO - Filling up the DagBag from /home/airflow/.local/lib/python3.8/site-packages/airflow/example_dags/example_xcom.py
[2026-03-08T23:59:39.132+0000] {processor.py:840} INFO - DAG(s) 'example_xcom' retrieved from /home/airflow/.local/lib/python3.8/site-packages/airflow/example_dags/example_xcom.py
[2026-03-08T23:59:39.211+0000] {logging_mixin.py:188} INFO - [2026-03-08T23:59:39.210+0000] {dag.py:3047} INFO - Sync 1 DAGs
[2026-03-08T23:59:39.415+0000] {logging_mixin.py:188} INFO - [2026-03-08T23:59:39.414+0000] {dag.py:3834} INFO - Setting next_dagrun for example_xcom to 2021-01-01 00:00:00+00:00, run_after=2021-01-01 00:00:00+00:00
[2026-03-08T23:59:39.550+0000] {processor.py:183} INFO - Processing /home/airflow/.local/lib/python3.8/site-packages/airflow/example_dags/example_xcom.py took 0.560 seconds
