[2026-03-08T23:58:29.355+0000] {processor.py:161} INFO - Started process (PID=94) to work on /home/airflow/.local/lib/python3.8/site-packages/airflow/example_dags/example_task_group_decorator.py
[2026-03-08T23:58:29.364+0000] {processor.py:830} INFO - Processing file /home/airflow/.local/lib/python3.8/site-packages/airflow/example_dags/example_task_group_decorator.py for tasks to queue
[2026-03-08T23:58:29.381+0000] {logging_mixin.py:188} INFO - [2026-03-08T23:58:29.376+0000] {dagbag.py:540} INFO - Filling up the DagBag from /home/airflow/.local/lib/python3.8/site-packages/airflow/example_dags/example_task_group_decorator.py
[2026-03-08T23:58:29.484+0000] {processor.py:840} INFO - DAG(s) 'example_task_group_decorator' retrieved from /home/airflow/.local/lib/python3.8/site-packages/airflow/example_dags/example_task_group_decorator.py
[2026-03-08T23:58:30.132+0000] {logging_mixin.py:188} INFO - [2026-03-08T23:58:30.131+0000] {dag.py:3047} INFO - Sync 1 DAGs
[2026-03-08T23:58:30.228+0000] {logging_mixin.py:188} INFO - [2026-03-08T23:58:30.227+0000] {dag.py:3834} INFO - Setting next_dagrun for example_task_group_decorator to 2026-03-07 00:00:00+00:00, run_after=2026-03-08 00:00:00+00:00
[2026-03-08T23:58:30.327+0000] {processor.py:183} INFO - Processing /home/airflow/.local/lib/python3.8/site-packages/airflow/example_dags/example_task_group_decorator.py took 0.992 seconds
[2026-03-08T23:59:05.568+0000] {processor.py:161} INFO - Started process (PID=149) to work on /home/airflow/.local/lib/python3.8/site-packages/airflow/example_dags/example_task_group_decorator.py
[2026-03-08T23:59:05.598+0000] {processor.py:830} INFO - Processing file /home/airflow/.local/lib/python3.8/site-packages/airflow/example_dags/example_task_group_decorator.py for tasks to queue
[2026-03-08T23:59:05.641+0000] {logging_mixin.py:188} INFO - [2026-03-08T23:59:05.633+0000] {dagbag.py:540} INFO - Filling up the DagBag from /home/airflow/.local/lib/python3.8/site-packages/airflow/example_dags/example_task_group_decorator.py
[2026-03-08T23:59:05.749+0000] {processor.py:840} INFO - DAG(s) 'example_task_group_decorator' retrieved from /home/airflow/.local/lib/python3.8/site-packages/airflow/example_dags/example_task_group_decorator.py
[2026-03-08T23:59:05.948+0000] {logging_mixin.py:188} INFO - [2026-03-08T23:59:05.947+0000] {dag.py:3047} INFO - Sync 1 DAGs
[2026-03-08T23:59:06.127+0000] {logging_mixin.py:188} INFO - [2026-03-08T23:59:06.125+0000] {dag.py:3834} INFO - Setting next_dagrun for example_task_group_decorator to 2026-03-07 00:00:00+00:00, run_after=2026-03-08 00:00:00+00:00
[2026-03-08T23:59:06.235+0000] {processor.py:183} INFO - Processing /home/airflow/.local/lib/python3.8/site-packages/airflow/example_dags/example_task_group_decorator.py took 0.690 seconds
[2026-03-08T23:59:40.808+0000] {processor.py:161} INFO - Started process (PID=204) to work on /home/airflow/.local/lib/python3.8/site-packages/airflow/example_dags/example_task_group_decorator.py
[2026-03-08T23:59:40.827+0000] {processor.py:830} INFO - Processing file /home/airflow/.local/lib/python3.8/site-packages/airflow/example_dags/example_task_group_decorator.py for tasks to queue
[2026-03-08T23:59:40.860+0000] {logging_mixin.py:188} INFO - [2026-03-08T23:59:40.859+0000] {dagbag.py:540} INFO - Filling up the DagBag from /home/airflow/.local/lib/python3.8/site-packages/airflow/example_dags/example_task_group_decorator.py
[2026-03-08T23:59:40.993+0000] {processor.py:840} INFO - DAG(s) 'example_task_group_decorator' retrieved from /home/airflow/.local/lib/python3.8/site-packages/airflow/example_dags/example_task_group_decorator.py
[2026-03-08T23:59:41.090+0000] {logging_mixin.py:188} INFO - [2026-03-08T23:59:41.089+0000] {dag.py:3047} INFO - Sync 1 DAGs
[2026-03-08T23:59:41.311+0000] {logging_mixin.py:188} INFO - [2026-03-08T23:59:41.299+0000] {dag.py:3834} INFO - Setting next_dagrun for example_task_group_decorator to 2026-03-07 00:00:00+00:00, run_after=2026-03-08 00:00:00+00:00
[2026-03-08T23:59:41.608+0000] {processor.py:183} INFO - Processing /home/airflow/.local/lib/python3.8/site-packages/airflow/example_dags/example_task_group_decorator.py took 0.847 seconds
