[2026-03-08T23:58:23.913+0000] {processor.py:161} INFO - Started process (PID=85) to work on /home/airflow/.local/lib/python3.8/site-packages/airflow/example_dags/example_branch_python_dop_operator_3.py
[2026-03-08T23:58:23.916+0000] {processor.py:830} INFO - Processing file /home/airflow/.local/lib/python3.8/site-packages/airflow/example_dags/example_branch_python_dop_operator_3.py for tasks to queue
[2026-03-08T23:58:23.921+0000] {logging_mixin.py:188} INFO - [2026-03-08T23:58:23.920+0000] {dagbag.py:540} INFO - Filling up the DagBag from /home/airflow/.local/lib/python3.8/site-packages/airflow/example_dags/example_branch_python_dop_operator_3.py
[2026-03-08T23:58:23.949+0000] {processor.py:840} INFO - DAG(s) 'example_branch_dop_operator_v3' retrieved from /home/airflow/.local/lib/python3.8/site-packages/airflow/example_dags/example_branch_python_dop_operator_3.py
[2026-03-08T23:58:24.359+0000] {logging_mixin.py:188} INFO - [2026-03-08T23:58:24.358+0000] {dag.py:3047} INFO - Sync 1 DAGs
[2026-03-08T23:58:24.531+0000] {logging_mixin.py:188} INFO - [2026-03-08T23:58:24.531+0000] {dag.py:3834} INFO - Setting next_dagrun for example_branch_dop_operator_v3 to 2026-03-08 23:57:00+00:00, run_after=2026-03-08 23:58:00+00:00
[2026-03-08T23:58:24.652+0000] {processor.py:183} INFO - Processing /home/airflow/.local/lib/python3.8/site-packages/airflow/example_dags/example_branch_python_dop_operator_3.py took 0.748 seconds
[2026-03-08T23:58:59.210+0000] {processor.py:161} INFO - Started process (PID=140) to work on /home/airflow/.local/lib/python3.8/site-packages/airflow/example_dags/example_branch_python_dop_operator_3.py
[2026-03-08T23:58:59.230+0000] {processor.py:830} INFO - Processing file /home/airflow/.local/lib/python3.8/site-packages/airflow/example_dags/example_branch_python_dop_operator_3.py for tasks to queue
[2026-03-08T23:58:59.239+0000] {logging_mixin.py:188} INFO - [2026-03-08T23:58:59.238+0000] {dagbag.py:540} INFO - Filling up the DagBag from /home/airflow/.local/lib/python3.8/site-packages/airflow/example_dags/example_branch_python_dop_operator_3.py
[2026-03-08T23:58:59.359+0000] {processor.py:840} INFO - DAG(s) 'example_branch_dop_operator_v3' retrieved from /home/airflow/.local/lib/python3.8/site-packages/airflow/example_dags/example_branch_python_dop_operator_3.py
[2026-03-08T23:58:59.523+0000] {logging_mixin.py:188} INFO - [2026-03-08T23:58:59.522+0000] {dag.py:3047} INFO - Sync 1 DAGs
[2026-03-08T23:58:59.726+0000] {logging_mixin.py:188} INFO - [2026-03-08T23:58:59.725+0000] {dag.py:3834} INFO - Setting next_dagrun for example_branch_dop_operator_v3 to 2026-03-08 23:57:00+00:00, run_after=2026-03-08 23:58:00+00:00
[2026-03-08T23:58:59.846+0000] {processor.py:183} INFO - Processing /home/airflow/.local/lib/python3.8/site-packages/airflow/example_dags/example_branch_python_dop_operator_3.py took 0.675 seconds
[2026-03-08T23:59:33.806+0000] {processor.py:161} INFO - Started process (PID=195) to work on /home/airflow/.local/lib/python3.8/site-packages/airflow/example_dags/example_branch_python_dop_operator_3.py
[2026-03-08T23:59:33.814+0000] {processor.py:830} INFO - Processing file /home/airflow/.local/lib/python3.8/site-packages/airflow/example_dags/example_branch_python_dop_operator_3.py for tasks to queue
[2026-03-08T23:59:33.823+0000] {logging_mixin.py:188} INFO - [2026-03-08T23:59:33.822+0000] {dagbag.py:540} INFO - Filling up the DagBag from /home/airflow/.local/lib/python3.8/site-packages/airflow/example_dags/example_branch_python_dop_operator_3.py
[2026-03-08T23:59:33.901+0000] {processor.py:840} INFO - DAG(s) 'example_branch_dop_operator_v3' retrieved from /home/airflow/.local/lib/python3.8/site-packages/airflow/example_dags/example_branch_python_dop_operator_3.py
[2026-03-08T23:59:34.036+0000] {logging_mixin.py:188} INFO - [2026-03-08T23:59:34.035+0000] {dag.py:3047} INFO - Sync 1 DAGs
[2026-03-08T23:59:36.226+0000] {logging_mixin.py:188} INFO - [2026-03-08T23:59:36.225+0000] {dag.py:3834} INFO - Setting next_dagrun for example_branch_dop_operator_v3 to 2026-03-08 23:58:00+00:00, run_after=2026-03-08 23:59:00+00:00
[2026-03-08T23:59:36.376+0000] {processor.py:183} INFO - Processing /home/airflow/.local/lib/python3.8/site-packages/airflow/example_dags/example_branch_python_dop_operator_3.py took 2.593 seconds
