[2026-03-08T23:58:25.912+0000] {processor.py:161} INFO - Started process (PID=88) to work on /home/airflow/.local/lib/python3.8/site-packages/airflow/example_dags/example_datasets.py
[2026-03-08T23:58:25.925+0000] {processor.py:830} INFO - Processing file /home/airflow/.local/lib/python3.8/site-packages/airflow/example_dags/example_datasets.py for tasks to queue
[2026-03-08T23:58:25.942+0000] {logging_mixin.py:188} INFO - [2026-03-08T23:58:25.940+0000] {dagbag.py:540} INFO - Filling up the DagBag from /home/airflow/.local/lib/python3.8/site-packages/airflow/example_dags/example_datasets.py
[2026-03-08T23:58:26.039+0000] {processor.py:840} INFO - DAG(s) 'dataset_consumes_unknown_never_scheduled', 'dataset_produces_1', 'dataset_consumes_1', 'dataset_consumes_1_and_2', 'dataset_produces_2', 'dataset_consumes_1_never_scheduled' retrieved from /home/airflow/.local/lib/python3.8/site-packages/airflow/example_dags/example_datasets.py
[2026-03-08T23:58:26.738+0000] {logging_mixin.py:188} INFO - [2026-03-08T23:58:26.737+0000] {dag.py:3047} INFO - Sync 6 DAGs
[2026-03-08T23:58:26.796+0000] {logging_mixin.py:188} INFO - [2026-03-08T23:58:26.796+0000] {dag.py:3834} INFO - Setting next_dagrun for dataset_consumes_1 to None, run_after=None
[2026-03-08T23:58:26.807+0000] {logging_mixin.py:188} INFO - [2026-03-08T23:58:26.807+0000] {dag.py:3834} INFO - Setting next_dagrun for dataset_consumes_1_and_2 to None, run_after=None
[2026-03-08T23:58:26.814+0000] {logging_mixin.py:188} INFO - [2026-03-08T23:58:26.813+0000] {dag.py:3834} INFO - Setting next_dagrun for dataset_consumes_1_never_scheduled to None, run_after=None
[2026-03-08T23:58:26.828+0000] {logging_mixin.py:188} INFO - [2026-03-08T23:58:26.828+0000] {dag.py:3834} INFO - Setting next_dagrun for dataset_consumes_unknown_never_scheduled to None, run_after=None
[2026-03-08T23:58:26.850+0000] {logging_mixin.py:188} INFO - [2026-03-08T23:58:26.849+0000] {dag.py:3834} INFO - Setting next_dagrun for dataset_produces_1 to 2026-03-07 00:00:00+00:00, run_after=2026-03-08 00:00:00+00:00
[2026-03-08T23:58:26.856+0000] {logging_mixin.py:188} INFO - [2026-03-08T23:58:26.855+0000] {dag.py:3834} INFO - Setting next_dagrun for dataset_produces_2 to None, run_after=None
[2026-03-08T23:58:27.048+0000] {processor.py:183} INFO - Processing /home/airflow/.local/lib/python3.8/site-packages/airflow/example_dags/example_datasets.py took 1.158 seconds
[2026-03-08T23:59:01.214+0000] {processor.py:161} INFO - Started process (PID=143) to work on /home/airflow/.local/lib/python3.8/site-packages/airflow/example_dags/example_datasets.py
[2026-03-08T23:59:01.231+0000] {processor.py:830} INFO - Processing file /home/airflow/.local/lib/python3.8/site-packages/airflow/example_dags/example_datasets.py for tasks to queue
[2026-03-08T23:59:01.300+0000] {logging_mixin.py:188} INFO - [2026-03-08T23:59:01.295+0000] {dagbag.py:540} INFO - Filling up the DagBag from /home/airflow/.local/lib/python3.8/site-packages/airflow/example_dags/example_datasets.py
[2026-03-08T23:59:01.436+0000] {processor.py:840} INFO - DAG(s) 'dataset_consumes_1', 'dataset_consumes_1_and_2', 'dataset_produces_2', 'dataset_produces_1', 'dataset_consumes_unknown_never_scheduled', 'dataset_consumes_1_never_scheduled' retrieved from /home/airflow/.local/lib/python3.8/site-packages/airflow/example_dags/example_datasets.py
[2026-03-08T23:59:01.935+0000] {logging_mixin.py:188} INFO - [2026-03-08T23:59:01.933+0000] {dag.py:3047} INFO - Sync 6 DAGs
[2026-03-08T23:59:02.393+0000] {logging_mixin.py:188} INFO - [2026-03-08T23:59:02.392+0000] {dag.py:3834} INFO - Setting next_dagrun for dataset_consumes_1 to None, run_after=None
[2026-03-08T23:59:02.438+0000] {logging_mixin.py:188} INFO - [2026-03-08T23:59:02.437+0000] {dag.py:3834} INFO - Setting next_dagrun for dataset_consumes_1_and_2 to None, run_after=None
[2026-03-08T23:59:02.478+0000] {logging_mixin.py:188} INFO - [2026-03-08T23:59:02.477+0000] {dag.py:3834} INFO - Setting next_dagrun for dataset_consumes_1_never_scheduled to None, run_after=None
[2026-03-08T23:59:02.498+0000] {logging_mixin.py:188} INFO - [2026-03-08T23:59:02.497+0000] {dag.py:3834} INFO - Setting next_dagrun for dataset_consumes_unknown_never_scheduled to None, run_after=None
[2026-03-08T23:59:02.533+0000] {logging_mixin.py:188} INFO - [2026-03-08T23:59:02.532+0000] {dag.py:3834} INFO - Setting next_dagrun for dataset_produces_1 to 2026-03-07 00:00:00+00:00, run_after=2026-03-08 00:00:00+00:00
[2026-03-08T23:59:02.557+0000] {logging_mixin.py:188} INFO - [2026-03-08T23:59:02.556+0000] {dag.py:3834} INFO - Setting next_dagrun for dataset_produces_2 to None, run_after=None
[2026-03-08T23:59:02.874+0000] {processor.py:183} INFO - Processing /home/airflow/.local/lib/python3.8/site-packages/airflow/example_dags/example_datasets.py took 1.695 seconds
[2026-03-08T23:59:37.569+0000] {processor.py:161} INFO - Started process (PID=198) to work on /home/airflow/.local/lib/python3.8/site-packages/airflow/example_dags/example_datasets.py
[2026-03-08T23:59:37.585+0000] {processor.py:830} INFO - Processing file /home/airflow/.local/lib/python3.8/site-packages/airflow/example_dags/example_datasets.py for tasks to queue
[2026-03-08T23:59:37.601+0000] {logging_mixin.py:188} INFO - [2026-03-08T23:59:37.600+0000] {dagbag.py:540} INFO - Filling up the DagBag from /home/airflow/.local/lib/python3.8/site-packages/airflow/example_dags/example_datasets.py
[2026-03-08T23:59:37.809+0000] {processor.py:840} INFO - DAG(s) 'dataset_consumes_unknown_never_scheduled', 'dataset_consumes_1_never_scheduled', 'dataset_consumes_1_and_2', 'dataset_produces_2', 'dataset_consumes_1', 'dataset_produces_1' retrieved from /home/airflow/.local/lib/python3.8/site-packages/airflow/example_dags/example_datasets.py
[2026-03-08T23:59:38.004+0000] {logging_mixin.py:188} INFO - [2026-03-08T23:59:38.004+0000] {dag.py:3047} INFO - Sync 6 DAGs
[2026-03-08T23:59:38.239+0000] {logging_mixin.py:188} INFO - [2026-03-08T23:59:38.238+0000] {dag.py:3834} INFO - Setting next_dagrun for dataset_consumes_1 to None, run_after=None
[2026-03-08T23:59:38.273+0000] {logging_mixin.py:188} INFO - [2026-03-08T23:59:38.272+0000] {dag.py:3834} INFO - Setting next_dagrun for dataset_consumes_1_and_2 to None, run_after=None
[2026-03-08T23:59:38.288+0000] {logging_mixin.py:188} INFO - [2026-03-08T23:59:38.287+0000] {dag.py:3834} INFO - Setting next_dagrun for dataset_consumes_1_never_scheduled to None, run_after=None
[2026-03-08T23:59:38.348+0000] {logging_mixin.py:188} INFO - [2026-03-08T23:59:38.338+0000] {dag.py:3834} INFO - Setting next_dagrun for dataset_consumes_unknown_never_scheduled to None, run_after=None
[2026-03-08T23:59:38.386+0000] {logging_mixin.py:188} INFO - [2026-03-08T23:59:38.376+0000] {dag.py:3834} INFO - Setting next_dagrun for dataset_produces_1 to 2026-03-07 00:00:00+00:00, run_after=2026-03-08 00:00:00+00:00
[2026-03-08T23:59:38.398+0000] {logging_mixin.py:188} INFO - [2026-03-08T23:59:38.393+0000] {dag.py:3834} INFO - Setting next_dagrun for dataset_produces_2 to None, run_after=None
[2026-03-08T23:59:38.716+0000] {processor.py:183} INFO - Processing /home/airflow/.local/lib/python3.8/site-packages/airflow/example_dags/example_datasets.py took 1.195 seconds
