[2026-03-08T23:58:35.948+0000] {processor.py:161} INFO - Started process (PID=109) to work on /home/airflow/.local/lib/python3.8/site-packages/airflow/example_dags/example_params_ui_tutorial.py
[2026-03-08T23:58:35.955+0000] {processor.py:830} INFO - Processing file /home/airflow/.local/lib/python3.8/site-packages/airflow/example_dags/example_params_ui_tutorial.py for tasks to queue
[2026-03-08T23:58:35.961+0000] {logging_mixin.py:188} INFO - [2026-03-08T23:58:35.959+0000] {dagbag.py:540} INFO - Filling up the DagBag from /home/airflow/.local/lib/python3.8/site-packages/airflow/example_dags/example_params_ui_tutorial.py
[2026-03-08T23:58:36.000+0000] {processor.py:840} INFO - DAG(s) 'example_params_ui_tutorial' retrieved from /home/airflow/.local/lib/python3.8/site-packages/airflow/example_dags/example_params_ui_tutorial.py
[2026-03-08T23:58:36.756+0000] {logging_mixin.py:188} INFO - [2026-03-08T23:58:36.756+0000] {dag.py:3047} INFO - Sync 1 DAGs
[2026-03-08T23:58:36.814+0000] {logging_mixin.py:188} INFO - [2026-03-08T23:58:36.813+0000] {dag.py:3834} INFO - Setting next_dagrun for example_params_ui_tutorial to None, run_after=None
[2026-03-08T23:58:36.913+0000] {processor.py:183} INFO - Processing /home/airflow/.local/lib/python3.8/site-packages/airflow/example_dags/example_params_ui_tutorial.py took 0.979 seconds
[2026-03-08T23:59:13.997+0000] {processor.py:161} INFO - Started process (PID=164) to work on /home/airflow/.local/lib/python3.8/site-packages/airflow/example_dags/example_params_ui_tutorial.py
[2026-03-08T23:59:14.012+0000] {processor.py:830} INFO - Processing file /home/airflow/.local/lib/python3.8/site-packages/airflow/example_dags/example_params_ui_tutorial.py for tasks to queue
[2026-03-08T23:59:14.029+0000] {logging_mixin.py:188} INFO - [2026-03-08T23:59:14.028+0000] {dagbag.py:540} INFO - Filling up the DagBag from /home/airflow/.local/lib/python3.8/site-packages/airflow/example_dags/example_params_ui_tutorial.py
[2026-03-08T23:59:14.123+0000] {processor.py:840} INFO - DAG(s) 'example_params_ui_tutorial' retrieved from /home/airflow/.local/lib/python3.8/site-packages/airflow/example_dags/example_params_ui_tutorial.py
[2026-03-08T23:59:14.572+0000] {logging_mixin.py:188} INFO - [2026-03-08T23:59:14.571+0000] {dag.py:3047} INFO - Sync 1 DAGs
[2026-03-08T23:59:14.670+0000] {logging_mixin.py:188} INFO - [2026-03-08T23:59:14.669+0000] {dag.py:3834} INFO - Setting next_dagrun for example_params_ui_tutorial to None, run_after=None
[2026-03-08T23:59:14.905+0000] {processor.py:183} INFO - Processing /home/airflow/.local/lib/python3.8/site-packages/airflow/example_dags/example_params_ui_tutorial.py took 0.932 seconds
[2026-03-08T23:59:49.848+0000] {processor.py:161} INFO - Started process (PID=219) to work on /home/airflow/.local/lib/python3.8/site-packages/airflow/example_dags/example_params_ui_tutorial.py
[2026-03-08T23:59:49.866+0000] {processor.py:830} INFO - Processing file /home/airflow/.local/lib/python3.8/site-packages/airflow/example_dags/example_params_ui_tutorial.py for tasks to queue
[2026-03-08T23:59:49.888+0000] {logging_mixin.py:188} INFO - [2026-03-08T23:59:49.882+0000] {dagbag.py:540} INFO - Filling up the DagBag from /home/airflow/.local/lib/python3.8/site-packages/airflow/example_dags/example_params_ui_tutorial.py
[2026-03-08T23:59:50.079+0000] {processor.py:840} INFO - DAG(s) 'example_params_ui_tutorial' retrieved from /home/airflow/.local/lib/python3.8/site-packages/airflow/example_dags/example_params_ui_tutorial.py
[2026-03-08T23:59:50.242+0000] {logging_mixin.py:188} INFO - [2026-03-08T23:59:50.241+0000] {dag.py:3047} INFO - Sync 1 DAGs
[2026-03-08T23:59:50.316+0000] {logging_mixin.py:188} INFO - [2026-03-08T23:59:50.315+0000] {dag.py:3834} INFO - Setting next_dagrun for example_params_ui_tutorial to None, run_after=None
[2026-03-08T23:59:50.398+0000] {processor.py:183} INFO - Processing /home/airflow/.local/lib/python3.8/site-packages/airflow/example_dags/example_params_ui_tutorial.py took 0.612 seconds
