[2026-03-08T23:58:37.043+0000] {processor.py:161} INFO - Started process (PID=111) to work on /home/airflow/.local/lib/python3.8/site-packages/airflow/example_dags/example_short_circuit_decorator.py
[2026-03-08T23:58:37.046+0000] {processor.py:830} INFO - Processing file /home/airflow/.local/lib/python3.8/site-packages/airflow/example_dags/example_short_circuit_decorator.py for tasks to queue
[2026-03-08T23:58:37.051+0000] {logging_mixin.py:188} INFO - [2026-03-08T23:58:37.050+0000] {dagbag.py:540} INFO - Filling up the DagBag from /home/airflow/.local/lib/python3.8/site-packages/airflow/example_dags/example_short_circuit_decorator.py
[2026-03-08T23:58:37.074+0000] {processor.py:840} INFO - DAG(s) 'example_short_circuit_decorator' retrieved from /home/airflow/.local/lib/python3.8/site-packages/airflow/example_dags/example_short_circuit_decorator.py
[2026-03-08T23:58:37.352+0000] {logging_mixin.py:188} INFO - [2026-03-08T23:58:37.352+0000] {dag.py:3047} INFO - Sync 1 DAGs
[2026-03-08T23:58:37.417+0000] {logging_mixin.py:188} INFO - [2026-03-08T23:58:37.417+0000] {dag.py:3834} INFO - Setting next_dagrun for example_short_circuit_decorator to 2026-03-07 00:00:00+00:00, run_after=2026-03-08 00:00:00+00:00
[2026-03-08T23:58:37.467+0000] {processor.py:183} INFO - Processing /home/airflow/.local/lib/python3.8/site-packages/airflow/example_dags/example_short_circuit_decorator.py took 0.433 seconds
[2026-03-08T23:59:15.305+0000] {processor.py:161} INFO - Started process (PID=166) to work on /home/airflow/.local/lib/python3.8/site-packages/airflow/example_dags/example_short_circuit_decorator.py
[2026-03-08T23:59:15.318+0000] {processor.py:830} INFO - Processing file /home/airflow/.local/lib/python3.8/site-packages/airflow/example_dags/example_short_circuit_decorator.py for tasks to queue
[2026-03-08T23:59:15.342+0000] {logging_mixin.py:188} INFO - [2026-03-08T23:59:15.340+0000] {dagbag.py:540} INFO - Filling up the DagBag from /home/airflow/.local/lib/python3.8/site-packages/airflow/example_dags/example_short_circuit_decorator.py
[2026-03-08T23:59:15.413+0000] {processor.py:840} INFO - DAG(s) 'example_short_circuit_decorator' retrieved from /home/airflow/.local/lib/python3.8/site-packages/airflow/example_dags/example_short_circuit_decorator.py
[2026-03-08T23:59:15.551+0000] {logging_mixin.py:188} INFO - [2026-03-08T23:59:15.550+0000] {dag.py:3047} INFO - Sync 1 DAGs
[2026-03-08T23:59:15.673+0000] {logging_mixin.py:188} INFO - [2026-03-08T23:59:15.672+0000] {dag.py:3834} INFO - Setting next_dagrun for example_short_circuit_decorator to 2026-03-07 00:00:00+00:00, run_after=2026-03-08 00:00:00+00:00
[2026-03-08T23:59:15.777+0000] {processor.py:183} INFO - Processing /home/airflow/.local/lib/python3.8/site-packages/airflow/example_dags/example_short_circuit_decorator.py took 0.492 seconds
[2026-03-08T23:59:51.038+0000] {processor.py:161} INFO - Started process (PID=228) to work on /home/airflow/.local/lib/python3.8/site-packages/airflow/example_dags/example_short_circuit_decorator.py
[2026-03-08T23:59:51.047+0000] {processor.py:830} INFO - Processing file /home/airflow/.local/lib/python3.8/site-packages/airflow/example_dags/example_short_circuit_decorator.py for tasks to queue
[2026-03-08T23:59:51.061+0000] {logging_mixin.py:188} INFO - [2026-03-08T23:59:51.060+0000] {dagbag.py:540} INFO - Filling up the DagBag from /home/airflow/.local/lib/python3.8/site-packages/airflow/example_dags/example_short_circuit_decorator.py
[2026-03-08T23:59:51.173+0000] {processor.py:840} INFO - DAG(s) 'example_short_circuit_decorator' retrieved from /home/airflow/.local/lib/python3.8/site-packages/airflow/example_dags/example_short_circuit_decorator.py
[2026-03-08T23:59:51.300+0000] {logging_mixin.py:188} INFO - [2026-03-08T23:59:51.298+0000] {dag.py:3047} INFO - Sync 1 DAGs
[2026-03-08T23:59:51.593+0000] {logging_mixin.py:188} INFO - [2026-03-08T23:59:51.592+0000] {dag.py:3834} INFO - Setting next_dagrun for example_short_circuit_decorator to 2026-03-07 00:00:00+00:00, run_after=2026-03-08 00:00:00+00:00
[2026-03-08T23:59:51.706+0000] {processor.py:183} INFO - Processing /home/airflow/.local/lib/python3.8/site-packages/airflow/example_dags/example_short_circuit_decorator.py took 0.708 seconds
