[2026-03-08T23:57:33.348+0000] {processor.py:161} INFO - Started process (PID=70) to work on /home/airflow/.local/lib/python3.8/site-packages/airflow/example_dags/example_kubernetes_executor.py
[2026-03-08T23:57:33.353+0000] {processor.py:830} INFO - Processing file /home/airflow/.local/lib/python3.8/site-packages/airflow/example_dags/example_kubernetes_executor.py for tasks to queue
[2026-03-08T23:57:33.359+0000] {logging_mixin.py:188} INFO - [2026-03-08T23:57:33.358+0000] {dagbag.py:540} INFO - Filling up the DagBag from /home/airflow/.local/lib/python3.8/site-packages/airflow/example_dags/example_kubernetes_executor.py
[2026-03-08T23:57:33.414+0000] {processor.py:840} INFO - DAG(s) 'example_kubernetes_executor' retrieved from /home/airflow/.local/lib/python3.8/site-packages/airflow/example_dags/example_kubernetes_executor.py
[2026-03-08T23:57:34.234+0000] {logging_mixin.py:188} INFO - [2026-03-08T23:57:34.233+0000] {dag.py:3047} INFO - Sync 1 DAGs
[2026-03-08T23:57:34.309+0000] {logging_mixin.py:188} INFO - [2026-03-08T23:57:34.308+0000] {dag.py:3834} INFO - Setting next_dagrun for example_kubernetes_executor to None, run_after=None
[2026-03-08T23:57:34.465+0000] {processor.py:183} INFO - Processing /home/airflow/.local/lib/python3.8/site-packages/airflow/example_dags/example_kubernetes_executor.py took 1.128 seconds
[2026-03-08T23:58:19.343+0000] {processor.py:161} INFO - Started process (PID=73) to work on /home/airflow/.local/lib/python3.8/site-packages/airflow/example_dags/example_kubernetes_executor.py
[2026-03-08T23:58:19.355+0000] {processor.py:830} INFO - Processing file /home/airflow/.local/lib/python3.8/site-packages/airflow/example_dags/example_kubernetes_executor.py for tasks to queue
[2026-03-08T23:58:19.368+0000] {logging_mixin.py:188} INFO - [2026-03-08T23:58:19.364+0000] {dagbag.py:540} INFO - Filling up the DagBag from /home/airflow/.local/lib/python3.8/site-packages/airflow/example_dags/example_kubernetes_executor.py
[2026-03-08T23:58:19.468+0000] {processor.py:840} INFO - DAG(s) 'example_kubernetes_executor' retrieved from /home/airflow/.local/lib/python3.8/site-packages/airflow/example_dags/example_kubernetes_executor.py
[2026-03-08T23:58:19.718+0000] {logging_mixin.py:188} INFO - [2026-03-08T23:58:19.718+0000] {dag.py:3047} INFO - Sync 1 DAGs
[2026-03-08T23:58:19.750+0000] {logging_mixin.py:188} INFO - [2026-03-08T23:58:19.750+0000] {dag.py:3834} INFO - Setting next_dagrun for example_kubernetes_executor to None, run_after=None
[2026-03-08T23:58:19.822+0000] {processor.py:183} INFO - Processing /home/airflow/.local/lib/python3.8/site-packages/airflow/example_dags/example_kubernetes_executor.py took 0.501 seconds
[2026-03-08T23:58:50.665+0000] {processor.py:161} INFO - Started process (PID=128) to work on /home/airflow/.local/lib/python3.8/site-packages/airflow/example_dags/example_kubernetes_executor.py
[2026-03-08T23:58:50.677+0000] {processor.py:830} INFO - Processing file /home/airflow/.local/lib/python3.8/site-packages/airflow/example_dags/example_kubernetes_executor.py for tasks to queue
[2026-03-08T23:58:50.738+0000] {logging_mixin.py:188} INFO - [2026-03-08T23:58:50.717+0000] {dagbag.py:540} INFO - Filling up the DagBag from /home/airflow/.local/lib/python3.8/site-packages/airflow/example_dags/example_kubernetes_executor.py
[2026-03-08T23:58:51.049+0000] {processor.py:840} INFO - DAG(s) 'example_kubernetes_executor' retrieved from /home/airflow/.local/lib/python3.8/site-packages/airflow/example_dags/example_kubernetes_executor.py
[2026-03-08T23:58:51.441+0000] {logging_mixin.py:188} INFO - [2026-03-08T23:58:51.441+0000] {dag.py:3047} INFO - Sync 1 DAGs
[2026-03-08T23:58:51.632+0000] {logging_mixin.py:188} INFO - [2026-03-08T23:58:51.631+0000] {dag.py:3834} INFO - Setting next_dagrun for example_kubernetes_executor to None, run_after=None
[2026-03-08T23:58:51.762+0000] {processor.py:183} INFO - Processing /home/airflow/.local/lib/python3.8/site-packages/airflow/example_dags/example_kubernetes_executor.py took 1.144 seconds
[2026-03-08T23:59:22.466+0000] {processor.py:161} INFO - Started process (PID=183) to work on /home/airflow/.local/lib/python3.8/site-packages/airflow/example_dags/example_kubernetes_executor.py
[2026-03-08T23:59:22.471+0000] {processor.py:830} INFO - Processing file /home/airflow/.local/lib/python3.8/site-packages/airflow/example_dags/example_kubernetes_executor.py for tasks to queue
[2026-03-08T23:59:22.486+0000] {logging_mixin.py:188} INFO - [2026-03-08T23:59:22.483+0000] {dagbag.py:540} INFO - Filling up the DagBag from /home/airflow/.local/lib/python3.8/site-packages/airflow/example_dags/example_kubernetes_executor.py
[2026-03-08T23:59:22.552+0000] {processor.py:840} INFO - DAG(s) 'example_kubernetes_executor' retrieved from /home/airflow/.local/lib/python3.8/site-packages/airflow/example_dags/example_kubernetes_executor.py
[2026-03-08T23:59:22.744+0000] {logging_mixin.py:188} INFO - [2026-03-08T23:59:22.743+0000] {dag.py:3047} INFO - Sync 1 DAGs
[2026-03-08T23:59:22.845+0000] {logging_mixin.py:188} INFO - [2026-03-08T23:59:22.843+0000] {dag.py:3834} INFO - Setting next_dagrun for example_kubernetes_executor to None, run_after=None
[2026-03-08T23:59:22.958+0000] {processor.py:183} INFO - Processing /home/airflow/.local/lib/python3.8/site-packages/airflow/example_dags/example_kubernetes_executor.py took 0.511 seconds
[2026-03-08T23:59:55.906+0000] {processor.py:161} INFO - Started process (PID=238) to work on /home/airflow/.local/lib/python3.8/site-packages/airflow/example_dags/example_kubernetes_executor.py
[2026-03-08T23:59:55.921+0000] {processor.py:830} INFO - Processing file /home/airflow/.local/lib/python3.8/site-packages/airflow/example_dags/example_kubernetes_executor.py for tasks to queue
[2026-03-08T23:59:55.973+0000] {logging_mixin.py:188} INFO - [2026-03-08T23:59:55.972+0000] {dagbag.py:540} INFO - Filling up the DagBag from /home/airflow/.local/lib/python3.8/site-packages/airflow/example_dags/example_kubernetes_executor.py
[2026-03-08T23:59:56.220+0000] {processor.py:840} INFO - DAG(s) 'example_kubernetes_executor' retrieved from /home/airflow/.local/lib/python3.8/site-packages/airflow/example_dags/example_kubernetes_executor.py
[2026-03-08T23:59:57.578+0000] {logging_mixin.py:188} INFO - [2026-03-08T23:59:57.577+0000] {dag.py:3047} INFO - Sync 1 DAGs
[2026-03-08T23:59:57.676+0000] {logging_mixin.py:188} INFO - [2026-03-08T23:59:57.676+0000] {dag.py:3834} INFO - Setting next_dagrun for example_kubernetes_executor to None, run_after=None
[2026-03-08T23:59:57.939+0000] {processor.py:183} INFO - Processing /home/airflow/.local/lib/python3.8/site-packages/airflow/example_dags/example_kubernetes_executor.py took 2.115 seconds
