[2026-03-08T23:58:23.572+0000] {processor.py:161} INFO - Started process (PID=84) to work on /home/airflow/.local/lib/python3.8/site-packages/airflow/example_dags/example_local_kubernetes_executor.py
[2026-03-08T23:58:23.575+0000] {processor.py:830} INFO - Processing file /home/airflow/.local/lib/python3.8/site-packages/airflow/example_dags/example_local_kubernetes_executor.py for tasks to queue
[2026-03-08T23:58:23.582+0000] {logging_mixin.py:188} INFO - [2026-03-08T23:58:23.581+0000] {dagbag.py:540} INFO - Filling up the DagBag from /home/airflow/.local/lib/python3.8/site-packages/airflow/example_dags/example_local_kubernetes_executor.py
[2026-03-08T23:58:23.613+0000] {processor.py:840} INFO - DAG(s) 'example_local_kubernetes_executor' retrieved from /home/airflow/.local/lib/python3.8/site-packages/airflow/example_dags/example_local_kubernetes_executor.py
[2026-03-08T23:58:23.918+0000] {logging_mixin.py:188} INFO - [2026-03-08T23:58:23.917+0000] {dag.py:3047} INFO - Sync 1 DAGs
[2026-03-08T23:58:23.941+0000] {logging_mixin.py:188} INFO - [2026-03-08T23:58:23.940+0000] {dag.py:3834} INFO - Setting next_dagrun for example_local_kubernetes_executor to None, run_after=None
[2026-03-08T23:58:23.984+0000] {processor.py:183} INFO - Processing /home/airflow/.local/lib/python3.8/site-packages/airflow/example_dags/example_local_kubernetes_executor.py took 0.422 seconds
[2026-03-08T23:58:58.026+0000] {processor.py:161} INFO - Started process (PID=139) to work on /home/airflow/.local/lib/python3.8/site-packages/airflow/example_dags/example_local_kubernetes_executor.py
[2026-03-08T23:58:58.055+0000] {processor.py:830} INFO - Processing file /home/airflow/.local/lib/python3.8/site-packages/airflow/example_dags/example_local_kubernetes_executor.py for tasks to queue
[2026-03-08T23:58:58.077+0000] {logging_mixin.py:188} INFO - [2026-03-08T23:58:58.075+0000] {dagbag.py:540} INFO - Filling up the DagBag from /home/airflow/.local/lib/python3.8/site-packages/airflow/example_dags/example_local_kubernetes_executor.py
[2026-03-08T23:58:58.129+0000] {processor.py:840} INFO - DAG(s) 'example_local_kubernetes_executor' retrieved from /home/airflow/.local/lib/python3.8/site-packages/airflow/example_dags/example_local_kubernetes_executor.py
[2026-03-08T23:58:58.629+0000] {logging_mixin.py:188} INFO - [2026-03-08T23:58:58.628+0000] {dag.py:3047} INFO - Sync 1 DAGs
[2026-03-08T23:58:58.798+0000] {logging_mixin.py:188} INFO - [2026-03-08T23:58:58.797+0000] {dag.py:3834} INFO - Setting next_dagrun for example_local_kubernetes_executor to None, run_after=None
[2026-03-08T23:58:58.927+0000] {processor.py:183} INFO - Processing /home/airflow/.local/lib/python3.8/site-packages/airflow/example_dags/example_local_kubernetes_executor.py took 0.937 seconds
[2026-03-08T23:59:32.429+0000] {processor.py:161} INFO - Started process (PID=194) to work on /home/airflow/.local/lib/python3.8/site-packages/airflow/example_dags/example_local_kubernetes_executor.py
[2026-03-08T23:59:32.461+0000] {processor.py:830} INFO - Processing file /home/airflow/.local/lib/python3.8/site-packages/airflow/example_dags/example_local_kubernetes_executor.py for tasks to queue
[2026-03-08T23:59:32.483+0000] {logging_mixin.py:188} INFO - [2026-03-08T23:59:32.482+0000] {dagbag.py:540} INFO - Filling up the DagBag from /home/airflow/.local/lib/python3.8/site-packages/airflow/example_dags/example_local_kubernetes_executor.py
[2026-03-08T23:59:32.538+0000] {processor.py:840} INFO - DAG(s) 'example_local_kubernetes_executor' retrieved from /home/airflow/.local/lib/python3.8/site-packages/airflow/example_dags/example_local_kubernetes_executor.py
[2026-03-08T23:59:33.043+0000] {logging_mixin.py:188} INFO - [2026-03-08T23:59:33.042+0000] {dag.py:3047} INFO - Sync 1 DAGs
[2026-03-08T23:59:33.218+0000] {logging_mixin.py:188} INFO - [2026-03-08T23:59:33.218+0000] {dag.py:3834} INFO - Setting next_dagrun for example_local_kubernetes_executor to None, run_after=None
[2026-03-08T23:59:33.598+0000] {processor.py:183} INFO - Processing /home/airflow/.local/lib/python3.8/site-packages/airflow/example_dags/example_local_kubernetes_executor.py took 1.225 seconds
