[2026-03-08T23:58:37.583+0000] {processor.py:161} INFO - Started process (PID=113) to work on /home/airflow/.local/lib/python3.8/site-packages/airflow/example_dags/example_skip_dag.py
[2026-03-08T23:58:37.586+0000] {processor.py:830} INFO - Processing file /home/airflow/.local/lib/python3.8/site-packages/airflow/example_dags/example_skip_dag.py for tasks to queue
[2026-03-08T23:58:37.592+0000] {logging_mixin.py:188} INFO - [2026-03-08T23:58:37.591+0000] {dagbag.py:540} INFO - Filling up the DagBag from /home/airflow/.local/lib/python3.8/site-packages/airflow/example_dags/example_skip_dag.py
[2026-03-08T23:58:37.619+0000] {processor.py:840} INFO - DAG(s) 'example_skip_dag' retrieved from /home/airflow/.local/lib/python3.8/site-packages/airflow/example_dags/example_skip_dag.py
[2026-03-08T23:58:37.937+0000] {logging_mixin.py:188} INFO - [2026-03-08T23:58:37.937+0000] {dag.py:3047} INFO - Sync 1 DAGs
[2026-03-08T23:58:37.989+0000] {logging_mixin.py:188} INFO - [2026-03-08T23:58:37.988+0000] {dag.py:3834} INFO - Setting next_dagrun for example_skip_dag to 2026-03-07 00:00:00+00:00, run_after=2026-03-08 00:00:00+00:00
[2026-03-08T23:58:38.060+0000] {processor.py:183} INFO - Processing /home/airflow/.local/lib/python3.8/site-packages/airflow/example_dags/example_skip_dag.py took 0.487 seconds
[2026-03-08T23:59:15.800+0000] {processor.py:161} INFO - Started process (PID=168) to work on /home/airflow/.local/lib/python3.8/site-packages/airflow/example_dags/example_skip_dag.py
[2026-03-08T23:59:15.830+0000] {processor.py:830} INFO - Processing file /home/airflow/.local/lib/python3.8/site-packages/airflow/example_dags/example_skip_dag.py for tasks to queue
[2026-03-08T23:59:15.846+0000] {logging_mixin.py:188} INFO - [2026-03-08T23:59:15.841+0000] {dagbag.py:540} INFO - Filling up the DagBag from /home/airflow/.local/lib/python3.8/site-packages/airflow/example_dags/example_skip_dag.py
[2026-03-08T23:59:15.892+0000] {processor.py:840} INFO - DAG(s) 'example_skip_dag' retrieved from /home/airflow/.local/lib/python3.8/site-packages/airflow/example_dags/example_skip_dag.py
[2026-03-08T23:59:16.065+0000] {logging_mixin.py:188} INFO - [2026-03-08T23:59:16.064+0000] {dag.py:3047} INFO - Sync 1 DAGs
[2026-03-08T23:59:16.247+0000] {logging_mixin.py:188} INFO - [2026-03-08T23:59:16.243+0000] {dag.py:3834} INFO - Setting next_dagrun for example_skip_dag to 2026-03-07 00:00:00+00:00, run_after=2026-03-08 00:00:00+00:00
[2026-03-08T23:59:16.373+0000] {processor.py:183} INFO - Processing /home/airflow/.local/lib/python3.8/site-packages/airflow/example_dags/example_skip_dag.py took 0.596 seconds
[2026-03-08T23:59:51.443+0000] {processor.py:161} INFO - Started process (PID=229) to work on /home/airflow/.local/lib/python3.8/site-packages/airflow/example_dags/example_skip_dag.py
[2026-03-08T23:59:51.452+0000] {processor.py:830} INFO - Processing file /home/airflow/.local/lib/python3.8/site-packages/airflow/example_dags/example_skip_dag.py for tasks to queue
[2026-03-08T23:59:51.465+0000] {logging_mixin.py:188} INFO - [2026-03-08T23:59:51.463+0000] {dagbag.py:540} INFO - Filling up the DagBag from /home/airflow/.local/lib/python3.8/site-packages/airflow/example_dags/example_skip_dag.py
[2026-03-08T23:59:51.534+0000] {processor.py:840} INFO - DAG(s) 'example_skip_dag' retrieved from /home/airflow/.local/lib/python3.8/site-packages/airflow/example_dags/example_skip_dag.py
[2026-03-08T23:59:51.627+0000] {logging_mixin.py:188} INFO - [2026-03-08T23:59:51.626+0000] {dag.py:3047} INFO - Sync 1 DAGs
[2026-03-08T23:59:51.791+0000] {logging_mixin.py:188} INFO - [2026-03-08T23:59:51.791+0000] {dag.py:3834} INFO - Setting next_dagrun for example_skip_dag to 2026-03-07 00:00:00+00:00, run_after=2026-03-08 00:00:00+00:00
[2026-03-08T23:59:51.942+0000] {processor.py:183} INFO - Processing /home/airflow/.local/lib/python3.8/site-packages/airflow/example_dags/example_skip_dag.py took 0.571 seconds
