[2026-03-08T23:58:26.263+0000] {processor.py:161} INFO - Started process (PID=89) to work on /home/airflow/.local/lib/python3.8/site-packages/airflow/example_dags/example_branch_day_of_week_operator.py
[2026-03-08T23:58:26.268+0000] {processor.py:830} INFO - Processing file /home/airflow/.local/lib/python3.8/site-packages/airflow/example_dags/example_branch_day_of_week_operator.py for tasks to queue
[2026-03-08T23:58:26.281+0000] {logging_mixin.py:188} INFO - [2026-03-08T23:58:26.279+0000] {dagbag.py:540} INFO - Filling up the DagBag from /home/airflow/.local/lib/python3.8/site-packages/airflow/example_dags/example_branch_day_of_week_operator.py
[2026-03-08T23:58:26.336+0000] {processor.py:840} INFO - DAG(s) 'example_weekday_branch_operator' retrieved from /home/airflow/.local/lib/python3.8/site-packages/airflow/example_dags/example_branch_day_of_week_operator.py
[2026-03-08T23:58:26.760+0000] {logging_mixin.py:188} INFO - [2026-03-08T23:58:26.759+0000] {dag.py:3047} INFO - Sync 1 DAGs
[2026-03-08T23:58:26.831+0000] {logging_mixin.py:188} INFO - [2026-03-08T23:58:26.829+0000] {dag.py:3834} INFO - Setting next_dagrun for example_weekday_branch_operator to 2026-03-07 00:00:00+00:00, run_after=2026-03-08 00:00:00+00:00
[2026-03-08T23:58:26.931+0000] {processor.py:183} INFO - Processing /home/airflow/.local/lib/python3.8/site-packages/airflow/example_dags/example_branch_day_of_week_operator.py took 0.679 seconds
[2026-03-08T23:59:01.647+0000] {processor.py:161} INFO - Started process (PID=144) to work on /home/airflow/.local/lib/python3.8/site-packages/airflow/example_dags/example_branch_day_of_week_operator.py
[2026-03-08T23:59:01.664+0000] {processor.py:830} INFO - Processing file /home/airflow/.local/lib/python3.8/site-packages/airflow/example_dags/example_branch_day_of_week_operator.py for tasks to queue
[2026-03-08T23:59:01.712+0000] {logging_mixin.py:188} INFO - [2026-03-08T23:59:01.710+0000] {dagbag.py:540} INFO - Filling up the DagBag from /home/airflow/.local/lib/python3.8/site-packages/airflow/example_dags/example_branch_day_of_week_operator.py
[2026-03-08T23:59:01.830+0000] {processor.py:840} INFO - DAG(s) 'example_weekday_branch_operator' retrieved from /home/airflow/.local/lib/python3.8/site-packages/airflow/example_dags/example_branch_day_of_week_operator.py
[2026-03-08T23:59:02.140+0000] {logging_mixin.py:188} INFO - [2026-03-08T23:59:02.139+0000] {dag.py:3047} INFO - Sync 1 DAGs
[2026-03-08T23:59:02.365+0000] {logging_mixin.py:188} INFO - [2026-03-08T23:59:02.364+0000] {dag.py:3834} INFO - Setting next_dagrun for example_weekday_branch_operator to 2026-03-07 00:00:00+00:00, run_after=2026-03-08 00:00:00+00:00
[2026-03-08T23:59:02.565+0000] {processor.py:183} INFO - Processing /home/airflow/.local/lib/python3.8/site-packages/airflow/example_dags/example_branch_day_of_week_operator.py took 0.963 seconds
[2026-03-08T23:59:38.300+0000] {processor.py:161} INFO - Started process (PID=199) to work on /home/airflow/.local/lib/python3.8/site-packages/airflow/example_dags/example_branch_day_of_week_operator.py
[2026-03-08T23:59:38.316+0000] {processor.py:830} INFO - Processing file /home/airflow/.local/lib/python3.8/site-packages/airflow/example_dags/example_branch_day_of_week_operator.py for tasks to queue
[2026-03-08T23:59:38.346+0000] {logging_mixin.py:188} INFO - [2026-03-08T23:59:38.341+0000] {dagbag.py:540} INFO - Filling up the DagBag from /home/airflow/.local/lib/python3.8/site-packages/airflow/example_dags/example_branch_day_of_week_operator.py
[2026-03-08T23:59:38.406+0000] {processor.py:840} INFO - DAG(s) 'example_weekday_branch_operator' retrieved from /home/airflow/.local/lib/python3.8/site-packages/airflow/example_dags/example_branch_day_of_week_operator.py
[2026-03-08T23:59:38.497+0000] {logging_mixin.py:188} INFO - [2026-03-08T23:59:38.497+0000] {dag.py:3047} INFO - Sync 1 DAGs
[2026-03-08T23:59:38.606+0000] {logging_mixin.py:188} INFO - [2026-03-08T23:59:38.605+0000] {dag.py:3834} INFO - Setting next_dagrun for example_weekday_branch_operator to 2026-03-07 00:00:00+00:00, run_after=2026-03-08 00:00:00+00:00
[2026-03-08T23:59:38.727+0000] {processor.py:183} INFO - Processing /home/airflow/.local/lib/python3.8/site-packages/airflow/example_dags/example_branch_day_of_week_operator.py took 0.468 seconds
