[2026-03-08T23:58:33.913+0000] {processor.py:161} INFO - Started process (PID=104) to work on /home/airflow/.local/lib/python3.8/site-packages/airflow/example_dags/example_external_task_marker_dag.py
[2026-03-08T23:58:33.918+0000] {processor.py:830} INFO - Processing file /home/airflow/.local/lib/python3.8/site-packages/airflow/example_dags/example_external_task_marker_dag.py for tasks to queue
[2026-03-08T23:58:33.923+0000] {logging_mixin.py:188} INFO - [2026-03-08T23:58:33.923+0000] {dagbag.py:540} INFO - Filling up the DagBag from /home/airflow/.local/lib/python3.8/site-packages/airflow/example_dags/example_external_task_marker_dag.py
[2026-03-08T23:58:33.947+0000] {processor.py:840} INFO - DAG(s) 'example_external_task_marker_child', 'example_external_task_marker_parent' retrieved from /home/airflow/.local/lib/python3.8/site-packages/airflow/example_dags/example_external_task_marker_dag.py
[2026-03-08T23:58:34.289+0000] {logging_mixin.py:188} INFO - [2026-03-08T23:58:34.288+0000] {dag.py:3047} INFO - Sync 2 DAGs
[2026-03-08T23:58:34.346+0000] {logging_mixin.py:188} INFO - [2026-03-08T23:58:34.346+0000] {dag.py:3834} INFO - Setting next_dagrun for example_external_task_marker_child to None, run_after=None
[2026-03-08T23:58:34.359+0000] {logging_mixin.py:188} INFO - [2026-03-08T23:58:34.358+0000] {dag.py:3834} INFO - Setting next_dagrun for example_external_task_marker_parent to None, run_after=None
[2026-03-08T23:58:34.435+0000] {processor.py:183} INFO - Processing /home/airflow/.local/lib/python3.8/site-packages/airflow/example_dags/example_external_task_marker_dag.py took 0.535 seconds
[2026-03-08T23:59:11.595+0000] {processor.py:161} INFO - Started process (PID=159) to work on /home/airflow/.local/lib/python3.8/site-packages/airflow/example_dags/example_external_task_marker_dag.py
[2026-03-08T23:59:11.608+0000] {processor.py:830} INFO - Processing file /home/airflow/.local/lib/python3.8/site-packages/airflow/example_dags/example_external_task_marker_dag.py for tasks to queue
[2026-03-08T23:59:11.644+0000] {logging_mixin.py:188} INFO - [2026-03-08T23:59:11.641+0000] {dagbag.py:540} INFO - Filling up the DagBag from /home/airflow/.local/lib/python3.8/site-packages/airflow/example_dags/example_external_task_marker_dag.py
[2026-03-08T23:59:11.717+0000] {processor.py:840} INFO - DAG(s) 'example_external_task_marker_parent', 'example_external_task_marker_child' retrieved from /home/airflow/.local/lib/python3.8/site-packages/airflow/example_dags/example_external_task_marker_dag.py
[2026-03-08T23:59:11.930+0000] {logging_mixin.py:188} INFO - [2026-03-08T23:59:11.930+0000] {dag.py:3047} INFO - Sync 2 DAGs
[2026-03-08T23:59:12.005+0000] {logging_mixin.py:188} INFO - [2026-03-08T23:59:12.004+0000] {dag.py:3834} INFO - Setting next_dagrun for example_external_task_marker_child to None, run_after=None
[2026-03-08T23:59:12.031+0000] {logging_mixin.py:188} INFO - [2026-03-08T23:59:12.030+0000] {dag.py:3834} INFO - Setting next_dagrun for example_external_task_marker_parent to None, run_after=None
[2026-03-08T23:59:12.139+0000] {processor.py:183} INFO - Processing /home/airflow/.local/lib/python3.8/site-packages/airflow/example_dags/example_external_task_marker_dag.py took 0.584 seconds
[2026-03-08T23:59:47.762+0000] {processor.py:161} INFO - Started process (PID=214) to work on /home/airflow/.local/lib/python3.8/site-packages/airflow/example_dags/example_external_task_marker_dag.py
[2026-03-08T23:59:47.770+0000] {processor.py:830} INFO - Processing file /home/airflow/.local/lib/python3.8/site-packages/airflow/example_dags/example_external_task_marker_dag.py for tasks to queue
[2026-03-08T23:59:47.781+0000] {logging_mixin.py:188} INFO - [2026-03-08T23:59:47.780+0000] {dagbag.py:540} INFO - Filling up the DagBag from /home/airflow/.local/lib/python3.8/site-packages/airflow/example_dags/example_external_task_marker_dag.py
[2026-03-08T23:59:47.829+0000] {processor.py:840} INFO - DAG(s) 'example_external_task_marker_child', 'example_external_task_marker_parent' retrieved from /home/airflow/.local/lib/python3.8/site-packages/airflow/example_dags/example_external_task_marker_dag.py
[2026-03-08T23:59:47.902+0000] {logging_mixin.py:188} INFO - [2026-03-08T23:59:47.901+0000] {dag.py:3047} INFO - Sync 2 DAGs
[2026-03-08T23:59:47.972+0000] {logging_mixin.py:188} INFO - [2026-03-08T23:59:47.971+0000] {dag.py:3834} INFO - Setting next_dagrun for example_external_task_marker_child to None, run_after=None
[2026-03-08T23:59:47.995+0000] {logging_mixin.py:188} INFO - [2026-03-08T23:59:47.994+0000] {dag.py:3834} INFO - Setting next_dagrun for example_external_task_marker_parent to None, run_after=None
[2026-03-08T23:59:48.082+0000] {processor.py:183} INFO - Processing /home/airflow/.local/lib/python3.8/site-packages/airflow/example_dags/example_external_task_marker_dag.py took 0.347 seconds
