[2026-03-08T23:58:37.582+0000] {processor.py:161} INFO - Started process (PID=112) to work on /home/airflow/.local/lib/python3.8/site-packages/airflow/example_dags/example_trigger_target_dag.py
[2026-03-08T23:58:37.586+0000] {processor.py:830} INFO - Processing file /home/airflow/.local/lib/python3.8/site-packages/airflow/example_dags/example_trigger_target_dag.py for tasks to queue
[2026-03-08T23:58:37.592+0000] {logging_mixin.py:188} INFO - [2026-03-08T23:58:37.591+0000] {dagbag.py:540} INFO - Filling up the DagBag from /home/airflow/.local/lib/python3.8/site-packages/airflow/example_dags/example_trigger_target_dag.py
[2026-03-08T23:58:37.615+0000] {processor.py:840} INFO - DAG(s) 'example_trigger_target_dag' retrieved from /home/airflow/.local/lib/python3.8/site-packages/airflow/example_dags/example_trigger_target_dag.py
[2026-03-08T23:58:37.926+0000] {logging_mixin.py:188} INFO - [2026-03-08T23:58:37.925+0000] {dag.py:3047} INFO - Sync 1 DAGs
[2026-03-08T23:58:37.950+0000] {logging_mixin.py:188} INFO - [2026-03-08T23:58:37.949+0000] {dag.py:3834} INFO - Setting next_dagrun for example_trigger_target_dag to None, run_after=None
[2026-03-08T23:58:38.003+0000] {processor.py:183} INFO - Processing /home/airflow/.local/lib/python3.8/site-packages/airflow/example_dags/example_trigger_target_dag.py took 0.432 seconds
[2026-03-08T23:59:15.328+0000] {processor.py:161} INFO - Started process (PID=167) to work on /home/airflow/.local/lib/python3.8/site-packages/airflow/example_dags/example_trigger_target_dag.py
[2026-03-08T23:59:15.344+0000] {processor.py:830} INFO - Processing file /home/airflow/.local/lib/python3.8/site-packages/airflow/example_dags/example_trigger_target_dag.py for tasks to queue
[2026-03-08T23:59:15.356+0000] {logging_mixin.py:188} INFO - [2026-03-08T23:59:15.353+0000] {dagbag.py:540} INFO - Filling up the DagBag from /home/airflow/.local/lib/python3.8/site-packages/airflow/example_dags/example_trigger_target_dag.py
[2026-03-08T23:59:15.397+0000] {processor.py:840} INFO - DAG(s) 'example_trigger_target_dag' retrieved from /home/airflow/.local/lib/python3.8/site-packages/airflow/example_dags/example_trigger_target_dag.py
[2026-03-08T23:59:15.507+0000] {logging_mixin.py:188} INFO - [2026-03-08T23:59:15.506+0000] {dag.py:3047} INFO - Sync 1 DAGs
[2026-03-08T23:59:15.576+0000] {logging_mixin.py:188} INFO - [2026-03-08T23:59:15.575+0000] {dag.py:3834} INFO - Setting next_dagrun for example_trigger_target_dag to None, run_after=None
[2026-03-08T23:59:15.661+0000] {processor.py:183} INFO - Processing /home/airflow/.local/lib/python3.8/site-packages/airflow/example_dags/example_trigger_target_dag.py took 0.363 seconds
[2026-03-08T23:59:50.642+0000] {processor.py:161} INFO - Started process (PID=227) to work on /home/airflow/.local/lib/python3.8/site-packages/airflow/example_dags/example_trigger_target_dag.py
[2026-03-08T23:59:50.657+0000] {processor.py:830} INFO - Processing file /home/airflow/.local/lib/python3.8/site-packages/airflow/example_dags/example_trigger_target_dag.py for tasks to queue
[2026-03-08T23:59:50.694+0000] {logging_mixin.py:188} INFO - [2026-03-08T23:59:50.681+0000] {dagbag.py:540} INFO - Filling up the DagBag from /home/airflow/.local/lib/python3.8/site-packages/airflow/example_dags/example_trigger_target_dag.py
[2026-03-08T23:59:50.763+0000] {processor.py:840} INFO - DAG(s) 'example_trigger_target_dag' retrieved from /home/airflow/.local/lib/python3.8/site-packages/airflow/example_dags/example_trigger_target_dag.py
[2026-03-08T23:59:50.834+0000] {logging_mixin.py:188} INFO - [2026-03-08T23:59:50.833+0000] {dag.py:3047} INFO - Sync 1 DAGs
[2026-03-08T23:59:50.957+0000] {logging_mixin.py:188} INFO - [2026-03-08T23:59:50.955+0000] {dag.py:3834} INFO - Setting next_dagrun for example_trigger_target_dag to None, run_after=None
[2026-03-08T23:59:51.074+0000] {processor.py:183} INFO - Processing /home/airflow/.local/lib/python3.8/site-packages/airflow/example_dags/example_trigger_target_dag.py took 0.469 seconds
