[2026-03-08T23:58:22.443+0000] {processor.py:161} INFO - Started process (PID=81) to work on /home/airflow/.local/lib/python3.8/site-packages/airflow/example_dags/example_python_decorator.py
[2026-03-08T23:58:22.446+0000] {processor.py:830} INFO - Processing file /home/airflow/.local/lib/python3.8/site-packages/airflow/example_dags/example_python_decorator.py for tasks to queue
[2026-03-08T23:58:22.451+0000] {logging_mixin.py:188} INFO - [2026-03-08T23:58:22.450+0000] {dagbag.py:540} INFO - Filling up the DagBag from /home/airflow/.local/lib/python3.8/site-packages/airflow/example_dags/example_python_decorator.py
[2026-03-08T23:58:22.515+0000] {processor.py:840} INFO - DAG(s) 'example_python_decorator' retrieved from /home/airflow/.local/lib/python3.8/site-packages/airflow/example_dags/example_python_decorator.py
[2026-03-08T23:58:22.721+0000] {logging_mixin.py:188} INFO - [2026-03-08T23:58:22.721+0000] {dag.py:3047} INFO - Sync 1 DAGs
[2026-03-08T23:58:22.747+0000] {logging_mixin.py:188} INFO - [2026-03-08T23:58:22.746+0000] {dag.py:3834} INFO - Setting next_dagrun for example_python_decorator to None, run_after=None
[2026-03-08T23:58:22.808+0000] {processor.py:183} INFO - Processing /home/airflow/.local/lib/python3.8/site-packages/airflow/example_dags/example_python_decorator.py took 0.374 seconds
[2026-03-08T23:58:56.129+0000] {processor.py:161} INFO - Started process (PID=136) to work on /home/airflow/.local/lib/python3.8/site-packages/airflow/example_dags/example_python_decorator.py
[2026-03-08T23:58:56.147+0000] {processor.py:830} INFO - Processing file /home/airflow/.local/lib/python3.8/site-packages/airflow/example_dags/example_python_decorator.py for tasks to queue
[2026-03-08T23:58:56.157+0000] {logging_mixin.py:188} INFO - [2026-03-08T23:58:56.154+0000] {dagbag.py:540} INFO - Filling up the DagBag from /home/airflow/.local/lib/python3.8/site-packages/airflow/example_dags/example_python_decorator.py
[2026-03-08T23:58:56.253+0000] {processor.py:840} INFO - DAG(s) 'example_python_decorator' retrieved from /home/airflow/.local/lib/python3.8/site-packages/airflow/example_dags/example_python_decorator.py
[2026-03-08T23:58:56.380+0000] {logging_mixin.py:188} INFO - [2026-03-08T23:58:56.379+0000] {dag.py:3047} INFO - Sync 1 DAGs
[2026-03-08T23:58:56.444+0000] {logging_mixin.py:188} INFO - [2026-03-08T23:58:56.443+0000] {dag.py:3834} INFO - Setting next_dagrun for example_python_decorator to None, run_after=None
[2026-03-08T23:58:56.605+0000] {processor.py:183} INFO - Processing /home/airflow/.local/lib/python3.8/site-packages/airflow/example_dags/example_python_decorator.py took 0.514 seconds
[2026-03-08T23:59:27.229+0000] {processor.py:161} INFO - Started process (PID=190) to work on /home/airflow/.local/lib/python3.8/site-packages/airflow/example_dags/example_python_decorator.py
[2026-03-08T23:59:27.250+0000] {processor.py:830} INFO - Processing file /home/airflow/.local/lib/python3.8/site-packages/airflow/example_dags/example_python_decorator.py for tasks to queue
[2026-03-08T23:59:27.267+0000] {logging_mixin.py:188} INFO - [2026-03-08T23:59:27.266+0000] {dagbag.py:540} INFO - Filling up the DagBag from /home/airflow/.local/lib/python3.8/site-packages/airflow/example_dags/example_python_decorator.py
[2026-03-08T23:59:27.394+0000] {processor.py:840} INFO - DAG(s) 'example_python_decorator' retrieved from /home/airflow/.local/lib/python3.8/site-packages/airflow/example_dags/example_python_decorator.py
[2026-03-08T23:59:27.537+0000] {logging_mixin.py:188} INFO - [2026-03-08T23:59:27.537+0000] {dag.py:3047} INFO - Sync 1 DAGs
[2026-03-08T23:59:27.669+0000] {logging_mixin.py:188} INFO - [2026-03-08T23:59:27.668+0000] {dag.py:3834} INFO - Setting next_dagrun for example_python_decorator to None, run_after=None
[2026-03-08T23:59:27.767+0000] {processor.py:183} INFO - Processing /home/airflow/.local/lib/python3.8/site-packages/airflow/example_dags/example_python_decorator.py took 0.601 seconds
