[2026-03-08T23:58:31.817+0000] {processor.py:161} INFO - Started process (PID=98) to work on /home/airflow/.local/lib/python3.8/site-packages/airflow/example_dags/example_sensors.py
[2026-03-08T23:58:31.827+0000] {processor.py:830} INFO - Processing file /home/airflow/.local/lib/python3.8/site-packages/airflow/example_dags/example_sensors.py for tasks to queue
[2026-03-08T23:58:31.839+0000] {logging_mixin.py:188} INFO - [2026-03-08T23:58:31.838+0000] {dagbag.py:540} INFO - Filling up the DagBag from /home/airflow/.local/lib/python3.8/site-packages/airflow/example_dags/example_sensors.py
[2026-03-08T23:58:31.929+0000] {processor.py:840} INFO - DAG(s) 'example_sensors' retrieved from /home/airflow/.local/lib/python3.8/site-packages/airflow/example_dags/example_sensors.py
[2026-03-08T23:58:32.418+0000] {logging_mixin.py:188} INFO - [2026-03-08T23:58:32.417+0000] {dag.py:3047} INFO - Sync 1 DAGs
[2026-03-08T23:58:32.482+0000] {logging_mixin.py:188} INFO - [2026-03-08T23:58:32.482+0000] {dag.py:3834} INFO - Setting next_dagrun for example_sensors to None, run_after=None
[2026-03-08T23:58:32.560+0000] {processor.py:183} INFO - Processing /home/airflow/.local/lib/python3.8/site-packages/airflow/example_dags/example_sensors.py took 0.765 seconds
[2026-03-08T23:59:07.955+0000] {processor.py:161} INFO - Started process (PID=153) to work on /home/airflow/.local/lib/python3.8/site-packages/airflow/example_dags/example_sensors.py
[2026-03-08T23:59:07.968+0000] {processor.py:830} INFO - Processing file /home/airflow/.local/lib/python3.8/site-packages/airflow/example_dags/example_sensors.py for tasks to queue
[2026-03-08T23:59:07.997+0000] {logging_mixin.py:188} INFO - [2026-03-08T23:59:07.995+0000] {dagbag.py:540} INFO - Filling up the DagBag from /home/airflow/.local/lib/python3.8/site-packages/airflow/example_dags/example_sensors.py
[2026-03-08T23:59:08.102+0000] {processor.py:840} INFO - DAG(s) 'example_sensors' retrieved from /home/airflow/.local/lib/python3.8/site-packages/airflow/example_dags/example_sensors.py
[2026-03-08T23:59:08.431+0000] {logging_mixin.py:188} INFO - [2026-03-08T23:59:08.425+0000] {dag.py:3047} INFO - Sync 1 DAGs
[2026-03-08T23:59:08.652+0000] {logging_mixin.py:188} INFO - [2026-03-08T23:59:08.651+0000] {dag.py:3834} INFO - Setting next_dagrun for example_sensors to None, run_after=None
[2026-03-08T23:59:08.947+0000] {processor.py:183} INFO - Processing /home/airflow/.local/lib/python3.8/site-packages/airflow/example_dags/example_sensors.py took 1.017 seconds
[2026-03-08T23:59:43.426+0000] {processor.py:161} INFO - Started process (PID=208) to work on /home/airflow/.local/lib/python3.8/site-packages/airflow/example_dags/example_sensors.py
[2026-03-08T23:59:43.432+0000] {processor.py:830} INFO - Processing file /home/airflow/.local/lib/python3.8/site-packages/airflow/example_dags/example_sensors.py for tasks to queue
[2026-03-08T23:59:43.443+0000] {logging_mixin.py:188} INFO - [2026-03-08T23:59:43.441+0000] {dagbag.py:540} INFO - Filling up the DagBag from /home/airflow/.local/lib/python3.8/site-packages/airflow/example_dags/example_sensors.py
[2026-03-08T23:59:43.663+0000] {processor.py:840} INFO - DAG(s) 'example_sensors' retrieved from /home/airflow/.local/lib/python3.8/site-packages/airflow/example_dags/example_sensors.py
[2026-03-08T23:59:43.794+0000] {logging_mixin.py:188} INFO - [2026-03-08T23:59:43.793+0000] {dag.py:3047} INFO - Sync 1 DAGs
[2026-03-08T23:59:43.947+0000] {logging_mixin.py:188} INFO - [2026-03-08T23:59:43.945+0000] {dag.py:3834} INFO - Setting next_dagrun for example_sensors to None, run_after=None
[2026-03-08T23:59:44.272+0000] {processor.py:183} INFO - Processing /home/airflow/.local/lib/python3.8/site-packages/airflow/example_dags/example_sensors.py took 0.875 seconds
