[2026-03-08T23:57:33.149+0000] {processor.py:161} INFO - Started process (PID=69) to work on /home/airflow/.local/lib/python3.8/site-packages/airflow/example_dags/example_setup_teardown.py
[2026-03-08T23:57:33.153+0000] {processor.py:830} INFO - Processing file /home/airflow/.local/lib/python3.8/site-packages/airflow/example_dags/example_setup_teardown.py for tasks to queue
[2026-03-08T23:57:33.160+0000] {logging_mixin.py:188} INFO - [2026-03-08T23:57:33.159+0000] {dagbag.py:540} INFO - Filling up the DagBag from /home/airflow/.local/lib/python3.8/site-packages/airflow/example_dags/example_setup_teardown.py
[2026-03-08T23:57:33.215+0000] {processor.py:840} INFO - DAG(s) 'example_setup_teardown' retrieved from /home/airflow/.local/lib/python3.8/site-packages/airflow/example_dags/example_setup_teardown.py
[2026-03-08T23:57:34.364+0000] {logging_mixin.py:188} INFO - [2026-03-08T23:57:34.363+0000] {dag.py:3047} INFO - Sync 1 DAGs
[2026-03-08T23:57:34.455+0000] {logging_mixin.py:188} INFO - [2026-03-08T23:57:34.454+0000] {dag.py:3834} INFO - Setting next_dagrun for example_setup_teardown to 2026-03-07 00:00:00+00:00, run_after=2026-03-08 00:00:00+00:00
[2026-03-08T23:57:34.552+0000] {processor.py:183} INFO - Processing /home/airflow/.local/lib/python3.8/site-packages/airflow/example_dags/example_setup_teardown.py took 1.418 seconds
[2026-03-08T23:58:19.241+0000] {processor.py:161} INFO - Started process (PID=72) to work on /home/airflow/.local/lib/python3.8/site-packages/airflow/example_dags/example_setup_teardown.py
[2026-03-08T23:58:19.244+0000] {processor.py:830} INFO - Processing file /home/airflow/.local/lib/python3.8/site-packages/airflow/example_dags/example_setup_teardown.py for tasks to queue
[2026-03-08T23:58:19.249+0000] {logging_mixin.py:188} INFO - [2026-03-08T23:58:19.248+0000] {dagbag.py:540} INFO - Filling up the DagBag from /home/airflow/.local/lib/python3.8/site-packages/airflow/example_dags/example_setup_teardown.py
[2026-03-08T23:58:19.294+0000] {processor.py:840} INFO - DAG(s) 'example_setup_teardown' retrieved from /home/airflow/.local/lib/python3.8/site-packages/airflow/example_dags/example_setup_teardown.py
[2026-03-08T23:58:19.522+0000] {logging_mixin.py:188} INFO - [2026-03-08T23:58:19.521+0000] {dag.py:3047} INFO - Sync 1 DAGs
[2026-03-08T23:58:19.624+0000] {logging_mixin.py:188} INFO - [2026-03-08T23:58:19.623+0000] {dag.py:3834} INFO - Setting next_dagrun for example_setup_teardown to 2026-03-07 00:00:00+00:00, run_after=2026-03-08 00:00:00+00:00
[2026-03-08T23:58:19.699+0000] {processor.py:183} INFO - Processing /home/airflow/.local/lib/python3.8/site-packages/airflow/example_dags/example_setup_teardown.py took 0.469 seconds
[2026-03-08T23:58:50.617+0000] {processor.py:161} INFO - Started process (PID=127) to work on /home/airflow/.local/lib/python3.8/site-packages/airflow/example_dags/example_setup_teardown.py
[2026-03-08T23:58:50.662+0000] {processor.py:830} INFO - Processing file /home/airflow/.local/lib/python3.8/site-packages/airflow/example_dags/example_setup_teardown.py for tasks to queue
[2026-03-08T23:58:50.689+0000] {logging_mixin.py:188} INFO - [2026-03-08T23:58:50.687+0000] {dagbag.py:540} INFO - Filling up the DagBag from /home/airflow/.local/lib/python3.8/site-packages/airflow/example_dags/example_setup_teardown.py
[2026-03-08T23:58:50.754+0000] {processor.py:840} INFO - DAG(s) 'example_setup_teardown' retrieved from /home/airflow/.local/lib/python3.8/site-packages/airflow/example_dags/example_setup_teardown.py
[2026-03-08T23:58:51.089+0000] {logging_mixin.py:188} INFO - [2026-03-08T23:58:51.089+0000] {dag.py:3047} INFO - Sync 1 DAGs
[2026-03-08T23:58:51.309+0000] {logging_mixin.py:188} INFO - [2026-03-08T23:58:51.308+0000] {dag.py:3834} INFO - Setting next_dagrun for example_setup_teardown to 2026-03-07 00:00:00+00:00, run_after=2026-03-08 00:00:00+00:00
[2026-03-08T23:58:51.445+0000] {processor.py:183} INFO - Processing /home/airflow/.local/lib/python3.8/site-packages/airflow/example_dags/example_setup_teardown.py took 0.869 seconds
[2026-03-08T23:59:22.437+0000] {processor.py:161} INFO - Started process (PID=182) to work on /home/airflow/.local/lib/python3.8/site-packages/airflow/example_dags/example_setup_teardown.py
[2026-03-08T23:59:22.451+0000] {processor.py:830} INFO - Processing file /home/airflow/.local/lib/python3.8/site-packages/airflow/example_dags/example_setup_teardown.py for tasks to queue
[2026-03-08T23:59:22.462+0000] {logging_mixin.py:188} INFO - [2026-03-08T23:59:22.458+0000] {dagbag.py:540} INFO - Filling up the DagBag from /home/airflow/.local/lib/python3.8/site-packages/airflow/example_dags/example_setup_teardown.py
[2026-03-08T23:59:22.489+0000] {processor.py:840} INFO - DAG(s) 'example_setup_teardown' retrieved from /home/airflow/.local/lib/python3.8/site-packages/airflow/example_dags/example_setup_teardown.py
[2026-03-08T23:59:22.573+0000] {logging_mixin.py:188} INFO - [2026-03-08T23:59:22.572+0000] {dag.py:3047} INFO - Sync 1 DAGs
[2026-03-08T23:59:22.676+0000] {logging_mixin.py:188} INFO - [2026-03-08T23:59:22.675+0000] {dag.py:3834} INFO - Setting next_dagrun for example_setup_teardown to 2026-03-07 00:00:00+00:00, run_after=2026-03-08 00:00:00+00:00
[2026-03-08T23:59:22.801+0000] {processor.py:183} INFO - Processing /home/airflow/.local/lib/python3.8/site-packages/airflow/example_dags/example_setup_teardown.py took 0.385 seconds
[2026-03-08T23:59:55.141+0000] {processor.py:161} INFO - Started process (PID=237) to work on /home/airflow/.local/lib/python3.8/site-packages/airflow/example_dags/example_setup_teardown.py
[2026-03-08T23:59:55.152+0000] {processor.py:830} INFO - Processing file /home/airflow/.local/lib/python3.8/site-packages/airflow/example_dags/example_setup_teardown.py for tasks to queue
[2026-03-08T23:59:55.166+0000] {logging_mixin.py:188} INFO - [2026-03-08T23:59:55.164+0000] {dagbag.py:540} INFO - Filling up the DagBag from /home/airflow/.local/lib/python3.8/site-packages/airflow/example_dags/example_setup_teardown.py
[2026-03-08T23:59:55.234+0000] {processor.py:840} INFO - DAG(s) 'example_setup_teardown' retrieved from /home/airflow/.local/lib/python3.8/site-packages/airflow/example_dags/example_setup_teardown.py
[2026-03-08T23:59:56.194+0000] {logging_mixin.py:188} INFO - [2026-03-08T23:59:56.193+0000] {dag.py:3047} INFO - Sync 1 DAGs
[2026-03-08T23:59:56.397+0000] {logging_mixin.py:188} INFO - [2026-03-08T23:59:56.396+0000] {dag.py:3834} INFO - Setting next_dagrun for example_setup_teardown to 2026-03-07 00:00:00+00:00, run_after=2026-03-08 00:00:00+00:00
[2026-03-08T23:59:56.537+0000] {processor.py:183} INFO - Processing /home/airflow/.local/lib/python3.8/site-packages/airflow/example_dags/example_setup_teardown.py took 1.428 seconds
