[2026-03-08T23:58:33.387+0000] {processor.py:161} INFO - Started process (PID=102) to work on /home/airflow/.local/lib/python3.8/site-packages/airflow/example_dags/example_branch_labels.py
[2026-03-08T23:58:33.389+0000] {processor.py:830} INFO - Processing file /home/airflow/.local/lib/python3.8/site-packages/airflow/example_dags/example_branch_labels.py for tasks to queue
[2026-03-08T23:58:33.394+0000] {logging_mixin.py:188} INFO - [2026-03-08T23:58:33.393+0000] {dagbag.py:540} INFO - Filling up the DagBag from /home/airflow/.local/lib/python3.8/site-packages/airflow/example_dags/example_branch_labels.py
[2026-03-08T23:58:33.414+0000] {processor.py:840} INFO - DAG(s) 'example_branch_labels' retrieved from /home/airflow/.local/lib/python3.8/site-packages/airflow/example_dags/example_branch_labels.py
[2026-03-08T23:58:33.677+0000] {logging_mixin.py:188} INFO - [2026-03-08T23:58:33.676+0000] {dag.py:3047} INFO - Sync 1 DAGs
[2026-03-08T23:58:33.750+0000] {logging_mixin.py:188} INFO - [2026-03-08T23:58:33.749+0000] {dag.py:3834} INFO - Setting next_dagrun for example_branch_labels to 2026-03-07 00:00:00+00:00, run_after=2026-03-08 00:00:00+00:00
[2026-03-08T23:58:33.805+0000] {processor.py:183} INFO - Processing /home/airflow/.local/lib/python3.8/site-packages/airflow/example_dags/example_branch_labels.py took 0.426 seconds
[2026-03-08T23:59:10.768+0000] {processor.py:161} INFO - Started process (PID=157) to work on /home/airflow/.local/lib/python3.8/site-packages/airflow/example_dags/example_branch_labels.py
[2026-03-08T23:59:10.773+0000] {processor.py:830} INFO - Processing file /home/airflow/.local/lib/python3.8/site-packages/airflow/example_dags/example_branch_labels.py for tasks to queue
[2026-03-08T23:59:10.780+0000] {logging_mixin.py:188} INFO - [2026-03-08T23:59:10.779+0000] {dagbag.py:540} INFO - Filling up the DagBag from /home/airflow/.local/lib/python3.8/site-packages/airflow/example_dags/example_branch_labels.py
[2026-03-08T23:59:10.819+0000] {processor.py:840} INFO - DAG(s) 'example_branch_labels' retrieved from /home/airflow/.local/lib/python3.8/site-packages/airflow/example_dags/example_branch_labels.py
[2026-03-08T23:59:10.939+0000] {logging_mixin.py:188} INFO - [2026-03-08T23:59:10.939+0000] {dag.py:3047} INFO - Sync 1 DAGs
[2026-03-08T23:59:11.112+0000] {logging_mixin.py:188} INFO - [2026-03-08T23:59:11.106+0000] {dag.py:3834} INFO - Setting next_dagrun for example_branch_labels to 2026-03-07 00:00:00+00:00, run_after=2026-03-08 00:00:00+00:00
[2026-03-08T23:59:11.222+0000] {processor.py:183} INFO - Processing /home/airflow/.local/lib/python3.8/site-packages/airflow/example_dags/example_branch_labels.py took 0.475 seconds
[2026-03-08T23:59:47.187+0000] {processor.py:161} INFO - Started process (PID=212) to work on /home/airflow/.local/lib/python3.8/site-packages/airflow/example_dags/example_branch_labels.py
[2026-03-08T23:59:47.190+0000] {processor.py:830} INFO - Processing file /home/airflow/.local/lib/python3.8/site-packages/airflow/example_dags/example_branch_labels.py for tasks to queue
[2026-03-08T23:59:47.200+0000] {logging_mixin.py:188} INFO - [2026-03-08T23:59:47.199+0000] {dagbag.py:540} INFO - Filling up the DagBag from /home/airflow/.local/lib/python3.8/site-packages/airflow/example_dags/example_branch_labels.py
[2026-03-08T23:59:47.254+0000] {processor.py:840} INFO - DAG(s) 'example_branch_labels' retrieved from /home/airflow/.local/lib/python3.8/site-packages/airflow/example_dags/example_branch_labels.py
[2026-03-08T23:59:47.309+0000] {logging_mixin.py:188} INFO - [2026-03-08T23:59:47.308+0000] {dag.py:3047} INFO - Sync 1 DAGs
[2026-03-08T23:59:47.412+0000] {logging_mixin.py:188} INFO - [2026-03-08T23:59:47.411+0000] {dag.py:3834} INFO - Setting next_dagrun for example_branch_labels to 2026-03-07 00:00:00+00:00, run_after=2026-03-08 00:00:00+00:00
[2026-03-08T23:59:47.544+0000] {processor.py:183} INFO - Processing /home/airflow/.local/lib/python3.8/site-packages/airflow/example_dags/example_branch_labels.py took 0.378 seconds
