[2026-03-08T23:58:35.457+0000] {processor.py:161} INFO - Started process (PID=108) to work on /home/airflow/.local/lib/python3.8/site-packages/airflow/example_dags/example_short_circuit_operator.py
[2026-03-08T23:58:35.464+0000] {processor.py:830} INFO - Processing file /home/airflow/.local/lib/python3.8/site-packages/airflow/example_dags/example_short_circuit_operator.py for tasks to queue
[2026-03-08T23:58:35.473+0000] {logging_mixin.py:188} INFO - [2026-03-08T23:58:35.472+0000] {dagbag.py:540} INFO - Filling up the DagBag from /home/airflow/.local/lib/python3.8/site-packages/airflow/example_dags/example_short_circuit_operator.py
[2026-03-08T23:58:35.502+0000] {processor.py:840} INFO - DAG(s) 'example_short_circuit_operator' retrieved from /home/airflow/.local/lib/python3.8/site-packages/airflow/example_dags/example_short_circuit_operator.py
[2026-03-08T23:58:35.879+0000] {logging_mixin.py:188} INFO - [2026-03-08T23:58:35.878+0000] {dag.py:3047} INFO - Sync 1 DAGs
[2026-03-08T23:58:35.955+0000] {logging_mixin.py:188} INFO - [2026-03-08T23:58:35.955+0000] {dag.py:3834} INFO - Setting next_dagrun for example_short_circuit_operator to 2026-03-07 00:00:00+00:00, run_after=2026-03-08 00:00:00+00:00
[2026-03-08T23:58:36.018+0000] {processor.py:183} INFO - Processing /home/airflow/.local/lib/python3.8/site-packages/airflow/example_dags/example_short_circuit_operator.py took 0.575 seconds
[2026-03-08T23:59:13.848+0000] {processor.py:161} INFO - Started process (PID=163) to work on /home/airflow/.local/lib/python3.8/site-packages/airflow/example_dags/example_short_circuit_operator.py
[2026-03-08T23:59:13.851+0000] {processor.py:830} INFO - Processing file /home/airflow/.local/lib/python3.8/site-packages/airflow/example_dags/example_short_circuit_operator.py for tasks to queue
[2026-03-08T23:59:13.859+0000] {logging_mixin.py:188} INFO - [2026-03-08T23:59:13.858+0000] {dagbag.py:540} INFO - Filling up the DagBag from /home/airflow/.local/lib/python3.8/site-packages/airflow/example_dags/example_short_circuit_operator.py
[2026-03-08T23:59:13.909+0000] {processor.py:840} INFO - DAG(s) 'example_short_circuit_operator' retrieved from /home/airflow/.local/lib/python3.8/site-packages/airflow/example_dags/example_short_circuit_operator.py
[2026-03-08T23:59:14.028+0000] {logging_mixin.py:188} INFO - [2026-03-08T23:59:14.028+0000] {dag.py:3047} INFO - Sync 1 DAGs
[2026-03-08T23:59:14.155+0000] {logging_mixin.py:188} INFO - [2026-03-08T23:59:14.155+0000] {dag.py:3834} INFO - Setting next_dagrun for example_short_circuit_operator to 2026-03-07 00:00:00+00:00, run_after=2026-03-08 00:00:00+00:00
[2026-03-08T23:59:14.271+0000] {processor.py:183} INFO - Processing /home/airflow/.local/lib/python3.8/site-packages/airflow/example_dags/example_short_circuit_operator.py took 0.440 seconds
[2026-03-08T23:59:49.548+0000] {processor.py:161} INFO - Started process (PID=218) to work on /home/airflow/.local/lib/python3.8/site-packages/airflow/example_dags/example_short_circuit_operator.py
[2026-03-08T23:59:49.566+0000] {processor.py:830} INFO - Processing file /home/airflow/.local/lib/python3.8/site-packages/airflow/example_dags/example_short_circuit_operator.py for tasks to queue
[2026-03-08T23:59:49.593+0000] {logging_mixin.py:188} INFO - [2026-03-08T23:59:49.592+0000] {dagbag.py:540} INFO - Filling up the DagBag from /home/airflow/.local/lib/python3.8/site-packages/airflow/example_dags/example_short_circuit_operator.py
[2026-03-08T23:59:49.655+0000] {processor.py:840} INFO - DAG(s) 'example_short_circuit_operator' retrieved from /home/airflow/.local/lib/python3.8/site-packages/airflow/example_dags/example_short_circuit_operator.py
[2026-03-08T23:59:49.718+0000] {logging_mixin.py:188} INFO - [2026-03-08T23:59:49.717+0000] {dag.py:3047} INFO - Sync 1 DAGs
[2026-03-08T23:59:49.977+0000] {logging_mixin.py:188} INFO - [2026-03-08T23:59:49.977+0000] {dag.py:3834} INFO - Setting next_dagrun for example_short_circuit_operator to 2026-03-07 00:00:00+00:00, run_after=2026-03-08 00:00:00+00:00
[2026-03-08T23:59:50.078+0000] {processor.py:183} INFO - Processing /home/airflow/.local/lib/python3.8/site-packages/airflow/example_dags/example_short_circuit_operator.py took 0.588 seconds
