[2026-03-08T23:58:24.651+0000] {processor.py:161} INFO - Started process (PID=86) to work on /home/airflow/.local/lib/python3.8/site-packages/airflow/example_dags/tutorial_objectstorage.py
[2026-03-08T23:58:24.657+0000] {processor.py:830} INFO - Processing file /home/airflow/.local/lib/python3.8/site-packages/airflow/example_dags/tutorial_objectstorage.py for tasks to queue
[2026-03-08T23:58:24.665+0000] {logging_mixin.py:188} INFO - [2026-03-08T23:58:24.663+0000] {dagbag.py:540} INFO - Filling up the DagBag from /home/airflow/.local/lib/python3.8/site-packages/airflow/example_dags/tutorial_objectstorage.py
[2026-03-08T23:58:24.721+0000] {processor.py:840} INFO - DAG(s) 'tutorial_objectstorage' retrieved from /home/airflow/.local/lib/python3.8/site-packages/airflow/example_dags/tutorial_objectstorage.py
[2026-03-08T23:58:25.535+0000] {logging_mixin.py:188} INFO - [2026-03-08T23:58:25.534+0000] {dag.py:3047} INFO - Sync 1 DAGs
[2026-03-08T23:58:25.613+0000] {logging_mixin.py:188} INFO - [2026-03-08T23:58:25.612+0000] {dag.py:3834} INFO - Setting next_dagrun for tutorial_objectstorage to None, run_after=None
[2026-03-08T23:58:25.680+0000] {processor.py:183} INFO - Processing /home/airflow/.local/lib/python3.8/site-packages/airflow/example_dags/tutorial_objectstorage.py took 1.043 seconds
[2026-03-08T23:59:00.180+0000] {processor.py:161} INFO - Started process (PID=141) to work on /home/airflow/.local/lib/python3.8/site-packages/airflow/example_dags/tutorial_objectstorage.py
[2026-03-08T23:59:00.197+0000] {processor.py:830} INFO - Processing file /home/airflow/.local/lib/python3.8/site-packages/airflow/example_dags/tutorial_objectstorage.py for tasks to queue
[2026-03-08T23:59:00.209+0000] {logging_mixin.py:188} INFO - [2026-03-08T23:59:00.208+0000] {dagbag.py:540} INFO - Filling up the DagBag from /home/airflow/.local/lib/python3.8/site-packages/airflow/example_dags/tutorial_objectstorage.py
[2026-03-08T23:59:00.271+0000] {processor.py:840} INFO - DAG(s) 'tutorial_objectstorage' retrieved from /home/airflow/.local/lib/python3.8/site-packages/airflow/example_dags/tutorial_objectstorage.py
[2026-03-08T23:59:00.428+0000] {logging_mixin.py:188} INFO - [2026-03-08T23:59:00.428+0000] {dag.py:3047} INFO - Sync 1 DAGs
[2026-03-08T23:59:00.515+0000] {logging_mixin.py:188} INFO - [2026-03-08T23:59:00.514+0000] {dag.py:3834} INFO - Setting next_dagrun for tutorial_objectstorage to None, run_after=None
[2026-03-08T23:59:00.784+0000] {processor.py:183} INFO - Processing /home/airflow/.local/lib/python3.8/site-packages/airflow/example_dags/tutorial_objectstorage.py took 0.649 seconds
[2026-03-08T23:59:36.582+0000] {processor.py:161} INFO - Started process (PID=196) to work on /home/airflow/.local/lib/python3.8/site-packages/airflow/example_dags/tutorial_objectstorage.py
[2026-03-08T23:59:36.603+0000] {processor.py:830} INFO - Processing file /home/airflow/.local/lib/python3.8/site-packages/airflow/example_dags/tutorial_objectstorage.py for tasks to queue
[2026-03-08T23:59:36.630+0000] {logging_mixin.py:188} INFO - [2026-03-08T23:59:36.628+0000] {dagbag.py:540} INFO - Filling up the DagBag from /home/airflow/.local/lib/python3.8/site-packages/airflow/example_dags/tutorial_objectstorage.py
[2026-03-08T23:59:36.694+0000] {processor.py:840} INFO - DAG(s) 'tutorial_objectstorage' retrieved from /home/airflow/.local/lib/python3.8/site-packages/airflow/example_dags/tutorial_objectstorage.py
[2026-03-08T23:59:36.748+0000] {logging_mixin.py:188} INFO - [2026-03-08T23:59:36.747+0000] {dag.py:3047} INFO - Sync 1 DAGs
[2026-03-08T23:59:36.925+0000] {logging_mixin.py:188} INFO - [2026-03-08T23:59:36.924+0000] {dag.py:3834} INFO - Setting next_dagrun for tutorial_objectstorage to None, run_after=None
[2026-03-08T23:59:37.192+0000] {processor.py:183} INFO - Processing /home/airflow/.local/lib/python3.8/site-packages/airflow/example_dags/tutorial_objectstorage.py took 0.685 seconds
