[2026-03-08T23:58:28.481+0000] {processor.py:161} INFO - Started process (PID=93) to work on /home/airflow/.local/lib/python3.8/site-packages/airflow/example_dags/tutorial_dag.py
[2026-03-08T23:58:28.486+0000] {processor.py:830} INFO - Processing file /home/airflow/.local/lib/python3.8/site-packages/airflow/example_dags/tutorial_dag.py for tasks to queue
[2026-03-08T23:58:28.497+0000] {logging_mixin.py:188} INFO - [2026-03-08T23:58:28.493+0000] {dagbag.py:540} INFO - Filling up the DagBag from /home/airflow/.local/lib/python3.8/site-packages/airflow/example_dags/tutorial_dag.py
[2026-03-08T23:58:28.541+0000] {processor.py:840} INFO - DAG(s) 'tutorial_dag' retrieved from /home/airflow/.local/lib/python3.8/site-packages/airflow/example_dags/tutorial_dag.py
[2026-03-08T23:58:29.066+0000] {logging_mixin.py:188} INFO - [2026-03-08T23:58:29.065+0000] {dag.py:3047} INFO - Sync 1 DAGs
[2026-03-08T23:58:29.163+0000] {logging_mixin.py:188} INFO - [2026-03-08T23:58:29.160+0000] {dag.py:3834} INFO - Setting next_dagrun for tutorial_dag to None, run_after=None
[2026-03-08T23:58:29.300+0000] {processor.py:183} INFO - Processing /home/airflow/.local/lib/python3.8/site-packages/airflow/example_dags/tutorial_dag.py took 0.832 seconds
[2026-03-08T23:59:04.415+0000] {processor.py:161} INFO - Started process (PID=148) to work on /home/airflow/.local/lib/python3.8/site-packages/airflow/example_dags/tutorial_dag.py
[2026-03-08T23:59:04.424+0000] {processor.py:830} INFO - Processing file /home/airflow/.local/lib/python3.8/site-packages/airflow/example_dags/tutorial_dag.py for tasks to queue
[2026-03-08T23:59:04.456+0000] {logging_mixin.py:188} INFO - [2026-03-08T23:59:04.454+0000] {dagbag.py:540} INFO - Filling up the DagBag from /home/airflow/.local/lib/python3.8/site-packages/airflow/example_dags/tutorial_dag.py
[2026-03-08T23:59:04.511+0000] {processor.py:840} INFO - DAG(s) 'tutorial_dag' retrieved from /home/airflow/.local/lib/python3.8/site-packages/airflow/example_dags/tutorial_dag.py
[2026-03-08T23:59:04.855+0000] {logging_mixin.py:188} INFO - [2026-03-08T23:59:04.854+0000] {dag.py:3047} INFO - Sync 1 DAGs
[2026-03-08T23:59:05.046+0000] {logging_mixin.py:188} INFO - [2026-03-08T23:59:05.045+0000] {dag.py:3834} INFO - Setting next_dagrun for tutorial_dag to None, run_after=None
[2026-03-08T23:59:05.247+0000] {processor.py:183} INFO - Processing /home/airflow/.local/lib/python3.8/site-packages/airflow/example_dags/tutorial_dag.py took 0.884 seconds
[2026-03-08T23:59:39.914+0000] {processor.py:161} INFO - Started process (PID=203) to work on /home/airflow/.local/lib/python3.8/site-packages/airflow/example_dags/tutorial_dag.py
[2026-03-08T23:59:39.924+0000] {processor.py:830} INFO - Processing file /home/airflow/.local/lib/python3.8/site-packages/airflow/example_dags/tutorial_dag.py for tasks to queue
[2026-03-08T23:59:39.951+0000] {logging_mixin.py:188} INFO - [2026-03-08T23:59:39.946+0000] {dagbag.py:540} INFO - Filling up the DagBag from /home/airflow/.local/lib/python3.8/site-packages/airflow/example_dags/tutorial_dag.py
[2026-03-08T23:59:40.049+0000] {processor.py:840} INFO - DAG(s) 'tutorial_dag' retrieved from /home/airflow/.local/lib/python3.8/site-packages/airflow/example_dags/tutorial_dag.py
[2026-03-08T23:59:40.282+0000] {logging_mixin.py:188} INFO - [2026-03-08T23:59:40.281+0000] {dag.py:3047} INFO - Sync 1 DAGs
[2026-03-08T23:59:40.418+0000] {logging_mixin.py:188} INFO - [2026-03-08T23:59:40.417+0000] {dag.py:3834} INFO - Setting next_dagrun for tutorial_dag to None, run_after=None
[2026-03-08T23:59:40.547+0000] {processor.py:183} INFO - Processing /home/airflow/.local/lib/python3.8/site-packages/airflow/example_dags/tutorial_dag.py took 0.661 seconds
