[2026-03-08T23:58:21.531+0000] {processor.py:161} INFO - Started process (PID=78) to work on /home/airflow/.local/lib/python3.8/site-packages/airflow/example_dags/tutorial_taskflow_api.py
[2026-03-08T23:58:21.535+0000] {processor.py:830} INFO - Processing file /home/airflow/.local/lib/python3.8/site-packages/airflow/example_dags/tutorial_taskflow_api.py for tasks to queue
[2026-03-08T23:58:21.549+0000] {logging_mixin.py:188} INFO - [2026-03-08T23:58:21.548+0000] {dagbag.py:540} INFO - Filling up the DagBag from /home/airflow/.local/lib/python3.8/site-packages/airflow/example_dags/tutorial_taskflow_api.py
[2026-03-08T23:58:21.580+0000] {processor.py:840} INFO - DAG(s) 'tutorial_taskflow_api' retrieved from /home/airflow/.local/lib/python3.8/site-packages/airflow/example_dags/tutorial_taskflow_api.py
[2026-03-08T23:58:22.061+0000] {logging_mixin.py:188} INFO - [2026-03-08T23:58:22.060+0000] {dag.py:3047} INFO - Sync 1 DAGs
[2026-03-08T23:58:22.117+0000] {logging_mixin.py:188} INFO - [2026-03-08T23:58:22.117+0000] {dag.py:3834} INFO - Setting next_dagrun for tutorial_taskflow_api to None, run_after=None
[2026-03-08T23:58:22.193+0000] {processor.py:183} INFO - Processing /home/airflow/.local/lib/python3.8/site-packages/airflow/example_dags/tutorial_taskflow_api.py took 0.671 seconds
[2026-03-08T23:58:54.566+0000] {processor.py:161} INFO - Started process (PID=133) to work on /home/airflow/.local/lib/python3.8/site-packages/airflow/example_dags/tutorial_taskflow_api.py
[2026-03-08T23:58:54.575+0000] {processor.py:830} INFO - Processing file /home/airflow/.local/lib/python3.8/site-packages/airflow/example_dags/tutorial_taskflow_api.py for tasks to queue
[2026-03-08T23:58:54.606+0000] {logging_mixin.py:188} INFO - [2026-03-08T23:58:54.604+0000] {dagbag.py:540} INFO - Filling up the DagBag from /home/airflow/.local/lib/python3.8/site-packages/airflow/example_dags/tutorial_taskflow_api.py
[2026-03-08T23:58:54.678+0000] {processor.py:840} INFO - DAG(s) 'tutorial_taskflow_api' retrieved from /home/airflow/.local/lib/python3.8/site-packages/airflow/example_dags/tutorial_taskflow_api.py
[2026-03-08T23:58:54.945+0000] {logging_mixin.py:188} INFO - [2026-03-08T23:58:54.944+0000] {dag.py:3047} INFO - Sync 1 DAGs
[2026-03-08T23:58:55.277+0000] {logging_mixin.py:188} INFO - [2026-03-08T23:58:55.276+0000] {dag.py:3834} INFO - Setting next_dagrun for tutorial_taskflow_api to None, run_after=None
[2026-03-08T23:58:55.426+0000] {processor.py:183} INFO - Processing /home/airflow/.local/lib/python3.8/site-packages/airflow/example_dags/tutorial_taskflow_api.py took 0.905 seconds
[2026-03-08T23:59:25.924+0000] {processor.py:161} INFO - Started process (PID=188) to work on /home/airflow/.local/lib/python3.8/site-packages/airflow/example_dags/tutorial_taskflow_api.py
[2026-03-08T23:59:25.934+0000] {processor.py:830} INFO - Processing file /home/airflow/.local/lib/python3.8/site-packages/airflow/example_dags/tutorial_taskflow_api.py for tasks to queue
[2026-03-08T23:59:25.950+0000] {logging_mixin.py:188} INFO - [2026-03-08T23:59:25.949+0000] {dagbag.py:540} INFO - Filling up the DagBag from /home/airflow/.local/lib/python3.8/site-packages/airflow/example_dags/tutorial_taskflow_api.py
[2026-03-08T23:59:25.987+0000] {processor.py:840} INFO - DAG(s) 'tutorial_taskflow_api' retrieved from /home/airflow/.local/lib/python3.8/site-packages/airflow/example_dags/tutorial_taskflow_api.py
[2026-03-08T23:59:26.143+0000] {logging_mixin.py:188} INFO - [2026-03-08T23:59:26.142+0000] {dag.py:3047} INFO - Sync 1 DAGs
[2026-03-08T23:59:26.229+0000] {logging_mixin.py:188} INFO - [2026-03-08T23:59:26.228+0000] {dag.py:3834} INFO - Setting next_dagrun for tutorial_taskflow_api to None, run_after=None
[2026-03-08T23:59:26.355+0000] {processor.py:183} INFO - Processing /home/airflow/.local/lib/python3.8/site-packages/airflow/example_dags/tutorial_taskflow_api.py took 0.455 seconds
[2026-03-08T23:59:59.828+0000] {processor.py:161} INFO - Started process (PID=243) to work on /home/airflow/.local/lib/python3.8/site-packages/airflow/example_dags/tutorial_taskflow_api.py
[2026-03-08T23:59:59.834+0000] {processor.py:830} INFO - Processing file /home/airflow/.local/lib/python3.8/site-packages/airflow/example_dags/tutorial_taskflow_api.py for tasks to queue
[2026-03-08T23:59:59.840+0000] {logging_mixin.py:188} INFO - [2026-03-08T23:59:59.839+0000] {dagbag.py:540} INFO - Filling up the DagBag from /home/airflow/.local/lib/python3.8/site-packages/airflow/example_dags/tutorial_taskflow_api.py
[2026-03-08T23:59:59.866+0000] {processor.py:840} INFO - DAG(s) 'tutorial_taskflow_api' retrieved from /home/airflow/.local/lib/python3.8/site-packages/airflow/example_dags/tutorial_taskflow_api.py
[2026-03-09T00:00:00.480+0000] {logging_mixin.py:188} INFO - [2026-03-09T00:00:00.480+0000] {dag.py:3047} INFO - Sync 1 DAGs
[2026-03-09T00:00:00.536+0000] {logging_mixin.py:188} INFO - [2026-03-09T00:00:00.536+0000] {dag.py:3834} INFO - Setting next_dagrun for tutorial_taskflow_api to None, run_after=None
[2026-03-09T00:00:00.676+0000] {processor.py:183} INFO - Processing /home/airflow/.local/lib/python3.8/site-packages/airflow/example_dags/tutorial_taskflow_api.py took 0.871 seconds
